03:40:15 **** Clean-only build of configuration Debug for project software_prj ****
make clean 
rm -rf  ./src/AXI_Exerciser.o ./src/AXI_monitor.o ./src/axi_interrupt.o ./src/cf_hdmi.o ./src/hw_config.o ./src/img_filters.o ./src/main.o ./src/sw_functions.o ./src/transmitter.o  ./inc/xgray_scale.o ./inc/ximage_filter.o ./inc/xsobel_filter.o  ./src/AXI_Exerciser.d ./src/AXI_monitor.d ./src/axi_interrupt.d ./src/cf_hdmi.d ./src/hw_config.d ./src/img_filters.d ./src/main.d ./src/sw_functions.d ./src/transmitter.d  ./inc/xgray_scale.d ./inc/ximage_filter.d ./inc/xsobel_filter.d  software_prj.elf.size  software_prj.elf
 
03:40:16 **** Clean-only build of project standalone_bsp_0 ****
make -k clean 
rm -rf ps7_cortexa9_0
03:40:17 **** Build of project standalone_bsp_0 ****
make -k all 
libgen -hw ../1IP_GR_hw_platform/system.xml\
	       \
	       -pe ps7_cortexa9_0 \
	       -log libgen.log \
	       system.mss
libgen
Xilinx EDK 14.7 Build EDK_P.20131013
Copyright (c) 1995-2012 Xilinx, Inc.  All rights reserved.

Command Line: libgen -hw ../1IP_GR_hw_platform/system.xml -pe ps7_cortexa9_0
-log libgen.log system.mss 


Staging source files.
Running DRCs.
Running generate.
Running post_generate.
Running include - 'gmake -s include "COMPILER=arm-xilinx-eabi-gcc"
"ARCHIVER=arm-xilinx-eabi-ar" "COMPILER_FLAGS= -O2 -c"
"EXTRA_COMPILER_FLAGS=-g"'.

Running libs - 'gmake -s libs "COMPILER=arm-xilinx-eabi-gcc"
"ARCHIVER=arm-xilinx-eabi-ar" "COMPILER_FLAGS= -O2 -c"
"EXTRA_COMPILER_FLAGS=-g"'.
Compiling common
arm-xilinx-eabi-ar: creating ../../../lib/libxil.a
Compiling standalone
Compiling axidma
Compiling iic
Compiling axipmon
Compiling axivdma
Compiling devcfg
Compiling dmaps
Compiling emacps
Compiling gpiops
Compiling iicps
Compiling qspips
Compiling scugic
Compiling scutimer
Compiling scuwdt
Compiling ttcps
Compiling uartps
Compiling usbps
Compiling xadcps
Compiling cpu_cortexa9
Running execs_generate.
Finished building libraries
03:40:48 **** Build of configuration Debug for project software_prj ****
make all 
make: Warning: File `objects.mk' has modification time 0.8 s in the future
Building file: ../src/AXI_Exerciser.c
Invoking: ARM gcc compiler
arm-xilinx-eabi-gcc -Wall -O0 -g3 -I/home/ga46sam/zync_work/Performances/opencv_install -I"/nfs/TUEIEDAprojects/SystemDesign/work/zynq/mamatha/uzair_sharif/EDA_Munish/work_dir/benjamin/1IP/1IP_GR/SDK/SDK_Workspace/software_prj/inc" -c -fmessage-length=0 -I../../standalone_bsp_0/ps7_cortexa9_0/include -MMD -MP -MF"src/AXI_Exerciser.d" -MT"src/AXI_Exerciser.d" -o "src/AXI_Exerciser.o" "../src/AXI_Exerciser.c"
cc1: error: /home/ga46sam/zync_work/Performances/opencv_install: Permission denied
make: *** [src/AXI_Exerciser.o] Error 1
