Release 14.7 Xflow P.20131013 (lin64)
Copyright (c) 1995-2013 Xilinx, Inc.  All rights reserved.
xflow -wd implementation -p xc7z020clg484-1 -implement xflow.opt system.ngc  
PMSPEC -- Overriding Xilinx file
</home/vivric/Documents/xilinx/14.7/ISE_DS/EDK/zynq/data/zynq.acd> with local
file </home/vivric/Documents/xilinx/14.7/ISE_DS/ISE/zynq/data/zynq.acd>
.... Copying flowfile
/home/vivric/Documents/xilinx/14.7/ISE_DS/ISE/xilinx/data/fpga.flw into working
directory
/home/vivric/Documents/intern/tutorial_redo/new_ref_des/fpgahdl_xilinx/cf_adv751
1_zed/implementation 

Using Flow File:
/home/vivric/Documents/intern/tutorial_redo/new_ref_des/fpgahdl_xilinx/cf_adv751
1_zed/implementation/fpga.flw 
Using Option File(s): 
 /home/vivric/Documents/intern/tutorial_redo/new_ref_des/fpgahdl_xilinx/cf_adv75
11_zed/implementation/xflow.opt 

Creating Script File ... 

#----------------------------------------------#
# Starting program ngdbuild
# ngdbuild -p xc7z020clg484-1 -nt timestamp -bm system.bmm
"/home/vivric/Documents/intern/tutorial_redo/new_ref_des/fpgahdl_xilinx/cf_adv75
11_zed/implementation/system.ngc" -uc system.ucf system.ngd 
#----------------------------------------------#
Release 14.7 - ngdbuild P.20131013 (lin64)
Copyright (c) 1995-2013 Xilinx, Inc.  All rights reserved.
PMSPEC -- Overriding Xilinx file
</home/vivric/Documents/xilinx/14.7/ISE_DS/EDK/zynq/data/zynq.acd> with local
file </home/vivric/Documents/xilinx/14.7/ISE_DS/ISE/zynq/data/zynq.acd>

Command Line:
/home/vivric/Documents/xilinx/14.7/ISE_DS/ISE/bin/lin64/unwrapped/ngdbuild -p
xc7z020clg484-1 -nt timestamp -bm system.bmm
/home/vivric/Documents/intern/tutorial_redo/new_ref_des/fpgahdl_xilinx/cf_adv751
1_zed/implementation/system.ngc -uc system.ucf system.ngd

Reading NGO file
"/home/vivric/Documents/intern/tutorial_redo/new_ref_des/fpgahdl_xilinx/cf_adv75
11_zed/implementation/system.ngc" ...
Loading design module
"/home/vivric/Documents/intern/tutorial_redo/new_ref_des/fpgahdl_xilinx/cf_adv75
11_zed/implementation/system_processing_system7_0_wrapper.ngc"...
Loading design module
"/home/vivric/Documents/intern/tutorial_redo/new_ref_des/fpgahdl_xilinx/cf_adv75
11_zed/implementation/system_util_vector_logic_0_wrapper.ngc"...
Loading design module
"/home/vivric/Documents/intern/tutorial_redo/new_ref_des/fpgahdl_xilinx/cf_adv75
11_zed/implementation/system_axi_i2s_adi_0_wrapper.ngc"...
Loading design module
"/home/vivric/Documents/intern/tutorial_redo/new_ref_des/fpgahdl_xilinx/cf_adv75
11_zed/implementation/system_axi_interconnect_1_wrapper.ngc"...
Loading design module
"/home/vivric/Documents/intern/tutorial_redo/new_ref_des/fpgahdl_xilinx/cf_adv75
11_zed/implementation/system_axi_interconnect_2_wrapper.ngc"...
Loading design module
"/home/vivric/Documents/intern/tutorial_redo/new_ref_des/fpgahdl_xilinx/cf_adv75
11_zed/implementation/system_axi_filter_wrapper.ngc"...
Loading design module
"/home/vivric/Documents/intern/tutorial_redo/new_ref_des/fpgahdl_xilinx/cf_adv75
11_zed/implementation/system_axi_spdif_tx_0_wrapper.ngc"...
Loading design module
"/home/vivric/Documents/intern/tutorial_redo/new_ref_des/fpgahdl_xilinx/cf_adv75
11_zed/implementation/system_axi_clkgen_0_wrapper.ngc"...
Loading design module
"/home/vivric/Documents/intern/tutorial_redo/new_ref_des/fpgahdl_xilinx/cf_adv75
11_zed/implementation/system_clock_generator_0_wrapper.ngc"...
Loading design module
"/home/vivric/Documents/intern/tutorial_redo/new_ref_des/fpgahdl_xilinx/cf_adv75
11_zed/implementation/system_sobel_filter_top_0_wrapper.ngc"...
Loading design module
"/home/vivric/Documents/intern/tutorial_redo/new_ref_des/fpgahdl_xilinx/cf_adv75
11_zed/implementation/system_axi_vdma_0_wrapper.ngc"...
Loading design module
"/home/vivric/Documents/intern/tutorial_redo/new_ref_des/fpgahdl_xilinx/cf_adv75
11_zed/implementation/system_axi_hdmi_tx_0_wrapper.ngc"...
Loading design module
"/home/vivric/Documents/intern/tutorial_redo/new_ref_des/fpgahdl_xilinx/cf_adv75
11_zed/implementation/system_axi_iic_0_wrapper.ngc"...
Loading design module
"/home/vivric/Documents/intern/tutorial_redo/new_ref_des/fpgahdl_xilinx/cf_adv75
11_zed/implementation/system_axi_iic_1_wrapper.ngc"...
Loading design module
"/home/vivric/Documents/intern/tutorial_redo/new_ref_des/fpgahdl_xilinx/cf_adv75
11_zed/implementation/system_filter_vdma_wrapper.ngc"...
Loading design module
"/home/vivric/Documents/intern/tutorial_redo/new_ref_des/fpgahdl_xilinx/cf_adv75
11_zed/implementation/system_util_i2c_mixer_0_wrapper.ngc"...
Applying constraints in
"/home/vivric/Documents/intern/tutorial_redo/new_ref_des/fpgahdl_xilinx/cf_adv75
11_zed/implementation/system_processing_system7_0_wrapper.ncf" to module
"processing_system7_0"...
Checking Constraint Associations...
Applying constraints in
"/home/vivric/Documents/intern/tutorial_redo/new_ref_des/fpgahdl_xilinx/cf_adv75
11_zed/implementation/system_axi_interconnect_1_wrapper.ncf" to module
"axi_interconnect_1"...
Checking Constraint Associations...
Applying constraints in
"/home/vivric/Documents/intern/tutorial_redo/new_ref_des/fpgahdl_xilinx/cf_adv75
11_zed/implementation/system_axi_interconnect_2_wrapper.ncf" to module
"axi_interconnect_2"...
Checking Constraint Associations...
Applying constraints in
"/home/vivric/Documents/intern/tutorial_redo/new_ref_des/fpgahdl_xilinx/cf_adv75
11_zed/implementation/system_axi_filter_wrapper.ncf" to module "axi_filter"...
Checking Constraint Associations...
Applying constraints in
"/home/vivric/Documents/intern/tutorial_redo/new_ref_des/fpgahdl_xilinx/cf_adv75
11_zed/implementation/system_axi_vdma_0_wrapper.ncf" to module "axi_vdma_0"...
Checking Constraint Associations...
Applying constraints in
"/home/vivric/Documents/intern/tutorial_redo/new_ref_des/fpgahdl_xilinx/cf_adv75
11_zed/implementation/system_filter_vdma_wrapper.ncf" to module "FILTER_VDMA"...
Checking Constraint Associations...
Gathering constraint information from source properties...
Done.
INFO:NgdBuild:649 - Removing redundant 'IBUF' symbol
   'processing_system7_0_PS_PORB_IBUF'.  All constraints associated with this
   symbol will be ignored.
INFO:NgdBuild:649 - Removing redundant 'IBUF' symbol
   'processing_system7_0_PS_CLK_IBUF'.  All constraints associated with this
   symbol will be ignored.
INFO:NgdBuild:649 - Removing redundant 'IBUF' symbol
   'processing_system7_0_PS_SRSTB_IBUF'.  All constraints associated with this
   symbol will be ignored.

Annotating constraints to design from ucf file "system.ucf" ...
Resolving constraint associations...
Checking Constraint Associations...
WARNING:ConstraintSystem:135 - Constraint <INST
   /system/EXPANDED/system/axi_filter/axi_filter\/si_converter_bank\/gen_conv_sl
   ot[0].clock_conv_inst\/interconnect_aresetn_resync<2>_inv1_INV_0 TNM =
   FFS:axi_filter_reset_resync>: No instances of type FFS were found under block
   "axi_filter/axi_filter/si_converter_bank/gen_conv_slot[0].clock_conv_inst/int
   erconnect_aresetn_resync<2>_inv1_INV_0" (type=INV).

WARNING:ConstraintSystem:135 - Constraint <INST
   /system/EXPANDED/system/axi_interconnect_2/axi_interconnect_2\/si_converter_b
   ank\/gen_conv_slot[0].clock_conv_inst\/interconnect_aresetn_resync<2>_inv1_IN
   V_0 TNM = FFS:axi_interconnect_2_reset...>: No instances of type FFS were
   found under block
   "axi_interconnect_2/axi_interconnect_2/si_converter_bank/gen_conv_slot[0].clo
   ck_conv_inst/interconnect_aresetn_resync<2>_inv1_INV_0" (type=INV).

WARNING:ConstraintSystem:135 - Constraint <INST
   /system/EXPANDED/system/axi_interconnect_1/axi_interconnect_1\/si_converter_b
   ank\/gen_conv_slot[0].clock_conv_inst\/interconnect_aresetn_resync<2>_inv1_IN
   V_0 TNM = FFS:axi_interconnect_1_reset...>: No instances of type FFS were
   found under block
   "axi_interconnect_1/axi_interconnect_1/si_converter_bank/gen_conv_slot[0].clo
   ck_conv_inst/interconnect_aresetn_resync<2>_inv1_INV_0" (type=INV).

WARNING:ConstraintSystem - A target design object for the Locate constraint
   '<NET "processing_system7_0_PS_PORB_IBUF" LOC = B5>' could not be found and
   so the Locate constraint will be removed.

WARNING:ConstraintSystem - A target design object for the Locate constraint
   '<NET "processing_system7_0_PS_CLK_IBUF" LOC = F7>' could not be found and so
   the Locate constraint will be removed.

WARNING:ConstraintSystem - A target design object for the Locate constraint
   '<NET "processing_system7_0_PS_SRSTB_IBUF" LOC = C9>' could not be found and
   so the Locate constraint will be removed.

WARNING:ConstraintSystem:58 - Constraint <TIMEGRP
   axi_interconnect_1_reset_source = FFS PADS CPUS;>: CPUS "*" does not match
   any design objects.

WARNING:ConstraintSystem:58 - Constraint <TIMEGRP
   axi_interconnect_2_reset_source = FFS PADS CPUS;>: CPUS "*" does not match
   any design objects.

WARNING:ConstraintSystem:58 - Constraint <TIMEGRP axi_filter_reset_source = FFS
   PADS CPUS;>: CPUS "*" does not match any design objects.

WARNING:ConstraintSystem:194 - The TNM 'axi_filter_reset_resync', does not
   directly or indirectly drive any flip-flops, latches and/or RAMs and is not
   actively used by any referencing constraint.

WARNING:ConstraintSystem:194 - The TNM 'axi_interconnect_2_reset_resync', does
   not directly or indirectly drive any flip-flops, latches and/or RAMs and is
   not actively used by any referencing constraint.

WARNING:ConstraintSystem:194 - The TNM 'axi_interconnect_1_reset_resync', does
   not directly or indirectly drive any flip-flops, latches and/or RAMs and is
   not actively used by any referencing constraint.

INFO:ConstraintSystem:178 - TNM 'clk_fpga_1', used in period specification
   'TS_clk_fpga_1', was traced into MMCME2_ADV instance
   axi_clkgen_0/i_mmcm_drp/i_mmcm. The following new TNM groups and period
   specifications were generated at the MMCME2_ADV output(s): 
   CLKOUT0: <TIMESPEC TS_axi_clkgen_0_axi_clkgen_0_i_mmcm_drp_mmcm_clk_0_s =
   PERIOD "axi_clkgen_0_axi_clkgen_0_i_mmcm_drp_mmcm_clk_0_s" TS_clk_fpga_1 *
   0.742424242 HIGH 50%>

INFO:ConstraintSystem:178 - TNM 'clk_fpga_1', used in period specification
   'TS_clk_fpga_1', was traced into MMCME2_ADV instance
   clock_generator_0/MMCM1_INST/MMCM_ADV_inst. The following new TNM groups and
   period specifications were generated at the MMCME2_ADV output(s): 
   CLKOUT0: <TIMESPEC TS_clock_generator_0_clock_generator_0_SIG_MMCM1_CLKOUT0 =
   PERIOD "clock_generator_0_clock_generator_0_SIG_MMCM1_CLKOUT0" TS_clk_fpga_1
   * 0.061440678 HIGH 50%>

Done...

Processing BMM file "system.bmm" ...

WARNING::53 - File 'system.bmm' is empty or has no BMM content.


Checking expanded design ...
WARNING:NgdBuild:486 - Attribute "CLOCK_HOLD" is not allowed on symbol
   "clock_generator_0/MMCM1_INST/MMCM_ADV_inst" of type "MMCME2_ADV".  This
   attribute will be ignored.
WARNING:NgdBuild:443 - SFF primitive
   'axi_iic_0/axi_iic_0/X_IIC/X_AXI_IPIF_SSP1/X_SOFT_RESET/FF_WRACK' has
   unconnected output pin
WARNING:NgdBuild:443 - SFF primitive
   'axi_iic_1/axi_iic_1/X_IIC/X_AXI_IPIF_SSP1/X_SOFT_RESET/FF_WRACK' has
   unconnected output pin
WARNING:NgdBuild:452 - logical net 'N166' has no driver
WARNING:NgdBuild:452 - logical net 'N167' has no driver
WARNING:NgdBuild:452 - logical net 'N168' has no driver
WARNING:NgdBuild:452 - logical net 'N169' has no driver
WARNING:NgdBuild:452 - logical net 'N170' has no driver
WARNING:NgdBuild:452 - logical net 'N171' has no driver
WARNING:NgdBuild:452 - logical net 'N172' has no driver
WARNING:NgdBuild:452 - logical net 'N173' has no driver
WARNING:NgdBuild:452 - logical net 'N174' has no driver
WARNING:NgdBuild:452 - logical net 'N175' has no driver
WARNING:NgdBuild:452 - logical net 'N176' has no driver
WARNING:NgdBuild:452 - logical net 'N177' has no driver
WARNING:NgdBuild:452 - logical net 'N178' has no driver
WARNING:NgdBuild:452 - logical net 'N179' has no driver
WARNING:NgdBuild:452 - logical net 'N180' has no driver
WARNING:NgdBuild:452 - logical net 'N181' has no driver
WARNING:NgdBuild:452 - logical net 'N182' has no driver
WARNING:NgdBuild:452 - logical net 'N183' has no driver
WARNING:NgdBuild:452 - logical net 'N184' has no driver
WARNING:NgdBuild:452 - logical net 'N185' has no driver
WARNING:NgdBuild:452 - logical net 'N186' has no driver
WARNING:NgdBuild:452 - logical net 'N187' has no driver
WARNING:NgdBuild:452 - logical net 'N188' has no driver
WARNING:NgdBuild:452 - logical net 'N189' has no driver
WARNING:NgdBuild:452 - logical net 'N190' has no driver
WARNING:NgdBuild:452 - logical net 'N191' has no driver
WARNING:NgdBuild:452 - logical net 'N192' has no driver
WARNING:NgdBuild:452 - logical net 'N193' has no driver
WARNING:NgdBuild:452 - logical net 'N194' has no driver
WARNING:NgdBuild:452 - logical net 'N195' has no driver
WARNING:NgdBuild:452 - logical net 'N196' has no driver
WARNING:NgdBuild:452 - logical net 'N197' has no driver
WARNING:NgdBuild:452 - logical net 'N198' has no driver
WARNING:NgdBuild:452 - logical net 'N199' has no driver
WARNING:NgdBuild:452 - logical net 'N200' has no driver
WARNING:NgdBuild:452 - logical net 'N201' has no driver
WARNING:NgdBuild:452 - logical net 'N202' has no driver
WARNING:NgdBuild:452 - logical net 'N203' has no driver
WARNING:NgdBuild:452 - logical net 'N204' has no driver
WARNING:NgdBuild:452 - logical net 'N205' has no driver
WARNING:NgdBuild:452 - logical net 'N206' has no driver
WARNING:NgdBuild:452 - logical net 'N207' has no driver
WARNING:NgdBuild:452 - logical net 'N208' has no driver
WARNING:NgdBuild:452 - logical net 'N209' has no driver
WARNING:NgdBuild:452 - logical net 'N210' has no driver
WARNING:NgdBuild:452 - logical net 'N211' has no driver
WARNING:NgdBuild:452 - logical net 'N212' has no driver
WARNING:NgdBuild:452 - logical net 'N213' has no driver
WARNING:NgdBuild:452 - logical net 'N214' has no driver
WARNING:NgdBuild:452 - logical net 'N215' has no driver
WARNING:NgdBuild:452 - logical net 'N216' has no driver
WARNING:NgdBuild:452 - logical net 'N217' has no driver
WARNING:NgdBuild:452 - logical net 'N218' has no driver
WARNING:NgdBuild:452 - logical net 'N219' has no driver
WARNING:NgdBuild:452 - logical net 'N220' has no driver
WARNING:NgdBuild:452 - logical net 'N221' has no driver
WARNING:NgdBuild:452 - logical net 'N222' has no driver
WARNING:NgdBuild:452 - logical net 'N223' has no driver
WARNING:NgdBuild:452 - logical net 'N224' has no driver
WARNING:NgdBuild:452 - logical net 'N225' has no driver
WARNING:NgdBuild:452 - logical net 'N226' has no driver
WARNING:NgdBuild:452 - logical net 'N227' has no driver
WARNING:NgdBuild:452 - logical net 'N228' has no driver
WARNING:NgdBuild:452 - logical net 'N229' has no driver
WARNING:NgdBuild:452 - logical net 'N230' has no driver
WARNING:NgdBuild:452 - logical net 'N231' has no driver
WARNING:NgdBuild:452 - logical net 'N232' has no driver
WARNING:NgdBuild:452 - logical net 'N233' has no driver
WARNING:NgdBuild:452 - logical net 'N234' has no driver
WARNING:NgdBuild:452 - logical net 'N235' has no driver
WARNING:NgdBuild:452 - logical net 'N236' has no driver
WARNING:NgdBuild:452 - logical net 'N237' has no driver
WARNING:NgdBuild:452 - logical net 'N238' has no driver
WARNING:NgdBuild:452 - logical net 'N239' has no driver
WARNING:NgdBuild:452 - logical net 'N240' has no driver
WARNING:NgdBuild:452 - logical net 'N241' has no driver
WARNING:NgdBuild:452 - logical net 'N242' has no driver
WARNING:NgdBuild:452 - logical net 'N243' has no driver
WARNING:NgdBuild:452 - logical net 'N244' has no driver
WARNING:NgdBuild:452 - logical net 'N245' has no driver
WARNING:NgdBuild:452 - logical net 'N246' has no driver
WARNING:NgdBuild:452 - logical net 'N247' has no driver
WARNING:NgdBuild:452 - logical net 'N248' has no driver
WARNING:NgdBuild:452 - logical net 'N249' has no driver
WARNING:NgdBuild:452 - logical net 'N250' has no driver
WARNING:NgdBuild:452 - logical net 'N251' has no driver
WARNING:NgdBuild:452 - logical net 'N252' has no driver
WARNING:NgdBuild:452 - logical net 'N253' has no driver
WARNING:NgdBuild:452 - logical net 'N254' has no driver
WARNING:NgdBuild:452 - logical net 'N255' has no driver
WARNING:NgdBuild:452 - logical net 'N256' has no driver
WARNING:NgdBuild:452 - logical net 'N257' has no driver
WARNING:NgdBuild:452 - logical net 'N258' has no driver
WARNING:NgdBuild:452 - logical net 'N259' has no driver
WARNING:NgdBuild:452 - logical net 'N260' has no driver
WARNING:NgdBuild:452 - logical net 'N261' has no driver
WARNING:NgdBuild:452 - logical net 'N262' has no driver
WARNING:NgdBuild:452 - logical net 'N263' has no driver
WARNING:NgdBuild:452 - logical net 'N264' has no driver
WARNING:NgdBuild:452 - logical net 'N265' has no driver
WARNING:NgdBuild:452 - logical net 'N266' has no driver
WARNING:NgdBuild:452 - logical net 'N267' has no driver
WARNING:NgdBuild:452 - logical net 'N268' has no driver
WARNING:NgdBuild:452 - logical net 'N269' has no driver
WARNING:NgdBuild:452 - logical net 'N270' has no driver
WARNING:NgdBuild:452 - logical net 'N271' has no driver
WARNING:NgdBuild:452 - logical net 'N272' has no driver
WARNING:NgdBuild:452 - logical net 'N273' has no driver
WARNING:NgdBuild:452 - logical net 'N274' has no driver
WARNING:NgdBuild:452 - logical net 'N275' has no driver
WARNING:NgdBuild:452 - logical net 'N276' has no driver
WARNING:NgdBuild:452 - logical net 'N277' has no driver
WARNING:NgdBuild:452 - logical net 'N278' has no driver
WARNING:NgdBuild:452 - logical net 'N279' has no driver
WARNING:NgdBuild:452 - logical net 'N280' has no driver
WARNING:NgdBuild:452 - logical net 'N281' has no driver
WARNING:NgdBuild:452 - logical net 'N318' has no driver
WARNING:NgdBuild:452 - logical net 'N319' has no driver
WARNING:NgdBuild:452 - logical net 'N320' has no driver
WARNING:NgdBuild:452 - logical net 'N321' has no driver
WARNING:NgdBuild:452 - logical net 'N322' has no driver
WARNING:NgdBuild:452 - logical net 'N323' has no driver
WARNING:NgdBuild:452 - logical net 'N324' has no driver
WARNING:NgdBuild:452 - logical net 'N325' has no driver
WARNING:NgdBuild:452 - logical net 'N326' has no driver
WARNING:NgdBuild:452 - logical net 'N327' has no driver
WARNING:NgdBuild:478 - clock net axi_clkgen_0/clk_1 with clock driver
   axi_clkgen_0/axi_clkgen_0/i_mmcm_drp/i_clk_1_bufg drives no clock pins
WARNING:NgdBuild:452 - logical net 'axi_filter/axi_filter/sf_cb_awuser<1>' has
   no driver

Partition Implementation Status
-------------------------------

  No Partitions were found in this design.

-------------------------------

NGDBUILD Design Results Summary:
  Number of errors:     0
  Number of warnings: 143

Writing NGD file "system.ngd" ...
Total REAL time to NGDBUILD completion: 1 min  28 sec
Total CPU time to NGDBUILD completion:  1 min  27 sec

Writing NGDBUILD log file "system.bld"...

NGDBUILD done.



#----------------------------------------------#
# Starting program map
# map -o system_map.ncd -w -pr b -ol high -timing -detail system.ngd system.pcf 
#----------------------------------------------#
Release 14.7 - Map P.20131013 (lin64)
Copyright (c) 1995-2013 Xilinx, Inc.  All rights reserved.
PMSPEC -- Overriding Xilinx file
</home/vivric/Documents/xilinx/14.7/ISE_DS/EDK/data/Xdh_PrimTypeLib.xda> with
local file
</home/vivric/Documents/xilinx/14.7/ISE_DS/ISE/data/Xdh_PrimTypeLib.xda>
Using target part "7z020clg484-1".
WARNING:LIT:701 - PAD symbol "processing_system7_0_PS_SRSTB" has an undefined
   IOSTANDARD.
WARNING:LIT:702 - PAD symbol "processing_system7_0_PS_SRSTB" is not constrained
   (LOC) to a specific location.
WARNING:LIT:701 - PAD symbol "processing_system7_0_PS_CLK" has an undefined
   IOSTANDARD.
WARNING:LIT:702 - PAD symbol "processing_system7_0_PS_CLK" is not constrained
   (LOC) to a specific location.
WARNING:LIT:701 - PAD symbol "processing_system7_0_PS_PORB" has an undefined
   IOSTANDARD.
WARNING:LIT:702 - PAD symbol "processing_system7_0_PS_PORB" is not constrained
   (LOC) to a specific location.
Mapping design into LUTs...
Writing file system_map.ngm...
Running directed packing...
Running delay-based LUT packing...
Updating timing models...
INFO:Map:215 - The Interim Design Summary has been generated in the MAP Report
   (.mrp).
Running timing-driven placement...
Total REAL time at the beginning of Placer: 1 mins 30 secs 
Total CPU  time at the beginning of Placer: 1 mins 20 secs 

Phase 1.1  Initial Placement Analysis
Phase 1.1  Initial Placement Analysis (Checksum:568d583d) REAL time: 1 mins 40 secs 

Phase 2.7  Design Feasibility Check
WARNING:Place:838 - An IO Bus with more than one IO standard is found.
   Components associated with this bus are as follows: 
   	 Comp: processing_system7_0_GPIO_pin<0>   IOSTANDARD = LVCMOS25
   	 Comp: processing_system7_0_GPIO_pin<1>   IOSTANDARD = LVCMOS25
   	 Comp: processing_system7_0_GPIO_pin<2>   IOSTANDARD = LVCMOS25
   	 Comp: processing_system7_0_GPIO_pin<3>   IOSTANDARD = LVCMOS25
   	 Comp: processing_system7_0_GPIO_pin<4>   IOSTANDARD = LVCMOS25
   	 Comp: processing_system7_0_GPIO_pin<5>   IOSTANDARD = LVCMOS33
   	 Comp: processing_system7_0_GPIO_pin<6>   IOSTANDARD = LVCMOS33
   	 Comp: processing_system7_0_GPIO_pin<7>   IOSTANDARD = LVCMOS33
   	 Comp: processing_system7_0_GPIO_pin<8>   IOSTANDARD = LVCMOS33
   	 Comp: processing_system7_0_GPIO_pin<9>   IOSTANDARD = LVCMOS33
   	 Comp: processing_system7_0_GPIO_pin<10>   IOSTANDARD = LVCMOS33
   	 Comp: processing_system7_0_GPIO_pin<11>   IOSTANDARD = LVCMOS25
   	 Comp: processing_system7_0_GPIO_pin<12>   IOSTANDARD = LVCMOS25
   	 Comp: processing_system7_0_GPIO_pin<13>   IOSTANDARD = LVCMOS25
   	 Comp: processing_system7_0_GPIO_pin<14>   IOSTANDARD = LVCMOS25
   	 Comp: processing_system7_0_GPIO_pin<15>   IOSTANDARD = LVCMOS25
   	 Comp: processing_system7_0_GPIO_pin<16>   IOSTANDARD = LVCMOS25
   	 Comp: processing_system7_0_GPIO_pin<17>   IOSTANDARD = LVCMOS25
   	 Comp: processing_system7_0_GPIO_pin<18>   IOSTANDARD = LVCMOS25
   	 Comp: processing_system7_0_GPIO_pin<19>   IOSTANDARD = LVCMOS33
   	 Comp: processing_system7_0_GPIO_pin<20>   IOSTANDARD = LVCMOS33
   	 Comp: processing_system7_0_GPIO_pin<21>   IOSTANDARD = LVCMOS33
   	 Comp: processing_system7_0_GPIO_pin<22>   IOSTANDARD = LVCMOS33
   	 Comp: processing_system7_0_GPIO_pin<23>   IOSTANDARD = LVCMOS33
   	 Comp: processing_system7_0_GPIO_pin<24>   IOSTANDARD = LVCMOS33
   	 Comp: processing_system7_0_GPIO_pin<25>   IOSTANDARD = LVCMOS33
   	 Comp: processing_system7_0_GPIO_pin<26>   IOSTANDARD = LVCMOS33
   	 Comp: processing_system7_0_GPIO_pin<27>   IOSTANDARD = LVCMOS25
   	 Comp: processing_system7_0_GPIO_pin<28>   IOSTANDARD = LVCMOS25
   	 Comp: processing_system7_0_GPIO_pin<29>   IOSTANDARD = LVCMOS25
   	 Comp: processing_system7_0_GPIO_pin<30>   IOSTANDARD = LVCMOS25
   	 Comp: processing_system7_0_GPIO_pin<31>   IOSTANDARD = LVCMOS25


Phase 2.7  Design Feasibility Check (Checksum:568d583d) REAL time: 1 mins 42 secs 

Phase 3.31  Local Placement Optimization
Phase 3.31  Local Placement Optimization (Checksum:568d583d) REAL time: 1 mins 42 secs 

Phase 4.2  Initial Placement for Architecture Specific Features

Phase 4.2  Initial Placement for Architecture Specific Features
(Checksum:bab7edfa) REAL time: 2 mins 

Phase 5.30  Global Clock Region Assignment
Phase 5.30  Global Clock Region Assignment (Checksum:bab7edfa) REAL time: 2 mins 

Phase 6.3  Local Placement Optimization
Phase 6.3  Local Placement Optimization (Checksum:bab7edfa) REAL time: 2 mins 1 secs 

Phase 7.5  Local Placement Optimization
Phase 7.5  Local Placement Optimization (Checksum:bab7edfa) REAL time: 2 mins 1 secs 

Phase 8.8  Global Placement
..................................
................................................................................................................
.....................................................................................................................................
..........................................................................................................................................................
Phase 8.8  Global Placement (Checksum:c64cc4e7) REAL time: 6 mins 56 secs 

Phase 9.5  Local Placement Optimization
Phase 9.5  Local Placement Optimization (Checksum:c64cc4e7) REAL time: 6 mins 58 secs 

Phase 10.18  Placement Optimization
Phase 10.18  Placement Optimization (Checksum:3bf3cc2a) REAL time: 7 mins 32 secs 

Phase 11.5  Local Placement Optimization
Phase 11.5  Local Placement Optimization (Checksum:3bf3cc2a) REAL time: 7 mins 33 secs 

Phase 12.34  Placement Validation
Phase 12.34  Placement Validation (Checksum:3bf3cc2a) REAL time: 7 mins 33 secs 

Total REAL time to Placer completion: 7 mins 35 secs 
Total CPU  time to Placer completion: 7 mins 21 secs 
Running post-placement packing...
Writing output files...

Design Summary:
Number of errors:      0
Number of warnings:   29
Slice Logic Utilization:
  Number of Slice Registers:                10,726 out of 106,400   10%
    Number used as Flip Flops:              10,700
    Number used as Latches:                      0
    Number used as Latch-thrus:                  0
    Number used as AND/OR logics:               26
  Number of Slice LUTs:                      9,465 out of  53,200   17%
    Number used as logic:                    8,243 out of  53,200   15%
      Number using O6 output only:           5,265
      Number using O5 output only:             305
      Number using O5 and O6:                2,673
      Number used as ROM:                        0
    Number used as Memory:                     813 out of  17,400    4%
      Number used as Dual Port RAM:             92
        Number using O6 output only:             8
        Number using O5 output only:             9
        Number using O5 and O6:                 75
      Number used as Single Port RAM:            0
      Number used as Shift Register:           721
        Number using O6 output only:           698
        Number using O5 output only:             0
        Number using O5 and O6:                 23
    Number used exclusively as route-thrus:    409
      Number with same-slice register load:    263
      Number with same-slice carry load:       145
      Number with other load:                    1

Slice Logic Distribution:
  Number of occupied Slices:                 4,589 out of  13,300   34%
  Number of LUT Flip Flop pairs used:       13,060
    Number with an unused Flip Flop:         3,497 out of  13,060   26%
    Number with an unused LUT:               3,595 out of  13,060   27%
    Number of fully used LUT-FF pairs:       5,968 out of  13,060   45%
    Number of unique control sets:             600
    Number of slice register sites lost
      to control set restrictions:           2,245 out of 106,400    2%

  A LUT Flip Flop pair for this architecture represents one LUT paired with
  one Flip Flop within a slice.  A control set is a unique combination of
  clock, reset, set, and enable signals for a registered element.
  The Slice Logic Distribution report is not meaningful if the design is
  over-mapped for a non-slice resource or if Placement fails.
  OVERMAPPING of BRAM resources should be ignored if the design is
  over-mapped for a non-BRAM resource or if placement fails.

IO Utilization:
  Number of bonded IOBs:                        74 out of     200   37%
    Number of LOCed IOBs:                       74 out of      74  100%
  Number of bonded IOPAD:                      130 out of     130  100%
    IOB Flip Flops:                             25

Specific Feature Utilization:
  Number of RAMB36E1/FIFO36E1s:                  8 out of     140    5%
    Number using RAMB36E1 only:                  8
    Number using FIFO36E1 only:                  0
  Number of RAMB18E1/FIFO18E1s:                  7 out of     280    2%
    Number using RAMB18E1 only:                  7
    Number using FIFO18E1 only:                  0
  Number of BUFG/BUFGCTRLs:                      5 out of      32   15%
    Number used as BUFGs:                        5
    Number used as BUFGCTRLs:                    0
  Number of IDELAYE2/IDELAYE2_FINEDELAYs:        0 out of     200    0%
  Number of ILOGICE2/ILOGICE3/ISERDESE2s:        1 out of     200    1%
    Number used as ILOGICE2s:                    1
  Number used as  ILOGICE3s:                     0
    Number used as ISERDESE2s:                   0
  Number of ODELAYE2/ODELAYE2_FINEDELAYs:        0
  Number of OLOGICE2/OLOGICE3/OSERDESE2s:       56 out of     200   28%
    Number used as OLOGICE2s:                   56
    Number used as OLOGICE3s:                    0
    Number used as OSERDESE2s:                   0
  Number of PHASER_IN/PHASER_IN_PHYs:            0 out of      16    0%
  Number of PHASER_OUT/PHASER_OUT_PHYs:          0 out of      16    0%
  Number of BSCANs:                              0 out of       4    0%
  Number of BUFHCEs:                             0 out of      72    0%
  Number of BUFRs:                               0 out of      16    0%
  Number of CAPTUREs:                            0 out of       1    0%
  Number of DNA_PORTs:                           0 out of       1    0%
  Number of DSP48E1s:                            6 out of     220    2%
  Number of EFUSE_USRs:                          0 out of       1    0%
  Number of FRAME_ECCs:                          0 out of       1    0%
  Number of ICAPs:                               0 out of       2    0%
  Number of IDELAYCTRLs:                         0 out of       4    0%
  Number of IN_FIFOs:                            0 out of      16    0%
  Number of MMCME2_ADVs:                         2 out of       4   50%
  Number of OUT_FIFOs:                           0 out of      16    0%
  Number of PHASER_REFs:                         0 out of       4    0%
  Number of PHY_CONTROLs:                        0 out of       4    0%
  Number of PLLE2_ADVs:                          0 out of       4    0%
  Number of PS7s:                                1 out of       1  100%
  Number of STARTUPs:                            0 out of       1    0%
  Number of XADCs:                               0 out of       1    0%

Average Fanout of Non-Clock Nets:                3.44

Peak Memory Usage:  1588 MB
Total REAL time to MAP completion:  7 mins 54 secs 
Total CPU time to MAP completion:   7 mins 37 secs 

Mapping completed.
See MAP report file "system_map.mrp" for details.



#----------------------------------------------#
# Starting program par
# par -w -ol high system_map.ncd system.ncd system.pcf 
#----------------------------------------------#
Release 14.7 - par P.20131013 (lin64)
Copyright (c) 1995-2013 Xilinx, Inc.  All rights reserved.
PMSPEC -- Overriding Xilinx file </home/vivric/Documents/xilinx/14.7/ISE_DS/EDK/data/parBmgr.acd> with local file
</home/vivric/Documents/xilinx/14.7/ISE_DS/ISE/data/parBmgr.acd>



Constraints file: system.pcf.
Loading device for application Rf_Device from file '7z020.nph' in environment
/home/vivric/Documents/xilinx/14.7/ISE_DS/ISE/:/home/vivric/Documents/xilinx/14.7/ISE_DS/EDK.
   "system" is an NCD, version 3.2, device xc7z020, package clg484, speed -1

Initializing temperature to 85.000 Celsius. (default - Range: 0.000 to 85.000 Celsius)
Initializing voltage to 0.950 Volts. (default - Range: 0.950 to 1.050 Volts)


Device speed data version:  "PRODUCTION 1.08 2013-10-13".



Device Utilization Summary:

   Number of BUFGs                           5 out of 32     15%
   Number of DSP48E1s                        6 out of 220     2%
   Number of ILOGICE2s                       1 out of 200     1%
   Number of External IOB33s                74 out of 200    37%
      Number of LOCed IOB33s                74 out of 74    100%

   Number of External IOPADs               130 out of 130   100%
      Number of LOCed IOPADs               127 out of 130    97%

   Number of MMCME2_ADVs                     2 out of 4      50%
   Number of OLOGICE2s                      56 out of 200    28%
   Number of PS7s                            1 out of 1     100%
   Number of RAMB18E1s                       7 out of 280     2%
   Number of RAMB36E1s                       8 out of 140     5%
   Number of Slices                       4589 out of 13300  34%
   Number of Slice Registers             10726 out of 106400 10%
      Number used as Flip Flops          10726
      Number used as Latches                 0
      Number used as LatchThrus              0

   Number of Slice LUTS                   9465 out of 53200  17%
   Number of Slice LUT-Flip Flop pairs   12745 out of 53200  23%


Overall effort level (-ol):   High 
Router effort level (-rl):    High 

INFO:Timing:3386 - Intersecting Constraints found and resolved.  For more information, see the TSI report.  Please consult the Xilinx
   Command Line Tools User Guide for information on generating a TSI report.
Starting initial Timing Analysis.  REAL time: 41 secs 
Finished initial Timing Analysis.  REAL time: 41 secs 

WARNING:Par:288 - The signal hdmi_int_IBUF has no load.  PAR will not attempt to route this signal.
WARNING:Par:288 - The signal axi_i2s_adi_0/axi_i2s_adi_0/ctrl/rx_sync_fifo_in<3> has no load.  PAR will not attempt to route this signal.
WARNING:Par:288 - The signal axi_i2s_adi_0/axi_i2s_adi_0/ctrl/tx_sync/Mram_fifo_RAMD_D1_O has no load.  PAR will not attempt to route this
   signal.
WARNING:Par:288 - The signal axi_i2s_adi_0/axi_i2s_adi_0/ctrl/rx_gen.rx_sync/Mram_fifo_RAMD_D1_O has no load.  PAR will not attempt to route
   this signal.
WARNING:Par:288 - The signal axi_i2s_adi_0/axi_i2s_adi_0/pl330_dma_rx_gen.rx_fifo/fifo/Mram_data_fifo4_RAMD_D1_O has no load.  PAR will not
   attempt to route this signal.
WARNING:Par:288 - The signal axi_i2s_adi_0/axi_i2s_adi_0/pl330_dma_rx_gen.rx_fifo/fifo/Mram_data_fifo2_RAMD_D1_O has no load.  PAR will not
   attempt to route this signal.
WARNING:Par:288 - The signal axi_i2s_adi_0/axi_i2s_adi_0/pl330_dma_rx_gen.rx_fifo/fifo/Mram_data_fifo1_RAMD_D1_O has no load.  PAR will not
   attempt to route this signal.
WARNING:Par:288 - The signal axi_i2s_adi_0/axi_i2s_adi_0/pl330_dma_rx_gen.rx_fifo/fifo/Mram_data_fifo3_RAMD_D1_O has no load.  PAR will not
   attempt to route this signal.
WARNING:Par:288 - The signal axi_i2s_adi_0/axi_i2s_adi_0/pl330_dma_tx_gen.tx_fifo/fifo/Mram_data_fifo1_RAMD_D1_O has no load.  PAR will not
   attempt to route this signal.
WARNING:Par:288 - The signal axi_i2s_adi_0/axi_i2s_adi_0/pl330_dma_tx_gen.tx_fifo/fifo/Mram_data_fifo2_RAMD_D1_O has no load.  PAR will not
   attempt to route this signal.
WARNING:Par:288 - The signal axi_i2s_adi_0/axi_i2s_adi_0/pl330_dma_tx_gen.tx_fifo/fifo/Mram_data_fifo3_RAMD_D1_O has no load.  PAR will not
   attempt to route this signal.
WARNING:Par:288 - The signal axi_i2s_adi_0/axi_i2s_adi_0/pl330_dma_tx_gen.tx_fifo/fifo/Mram_data_fifo4_RAMD_D1_O has no load.  PAR will not
   attempt to route this signal.
WARNING:Par:288 - The signal
   axi_interconnect_2/axi_interconnect_2/mi_protocol_conv_bank/gen_protocol_slot[0].gen_prot_conv.conv_inst/gen_axi3.axi3_conv_inst/USE_WRIT
   E.write_addr_inst/USE_B_CHANNEL.cmd_b_queue/inst/fifo_gen_inst/U0/xst_fifo_generator/gconvfifo.rf/grf.rf/gntv_or_sync_fifo.mem/gdm.dm/Mra
   m_RAM_RAMD_D1_O has no load.  PAR will not attempt to route this signal.
WARNING:Par:288 - The signal
   axi_interconnect_2/axi_interconnect_2/mi_protocol_conv_bank/gen_protocol_slot[0].gen_prot_conv.conv_inst/gen_axi3.axi3_conv_inst/USE_WRIT
   E.write_addr_inst/USE_BURSTS.cmd_queue/inst/fifo_gen_inst/U0/xst_fifo_generator/gconvfifo.rf/grf.rf/gntv_or_sync_fifo.mem/gdm.dm/Mram_RAM
   _RAMD_D1_O has no load.  PAR will not attempt to route this signal.
WARNING:Par:288 - The signal axi_spdif_tx_0/axi_spdif_tx_0/pl330_dma_gen.fifo/fifo/Mram_data_fifo4_RAMD_D1_O has no load.  PAR will not
   attempt to route this signal.
WARNING:Par:288 - The signal axi_spdif_tx_0/axi_spdif_tx_0/pl330_dma_gen.fifo/fifo/Mram_data_fifo5_RAMD_D1_O has no load.  PAR will not
   attempt to route this signal.
WARNING:Par:288 - The signal
   axi_filter/axi_filter/mi_protocol_conv_bank/gen_protocol_slot[0].gen_prot_conv.conv_inst/gen_axi3.axi3_conv_inst/USE_WRITE.write_addr_ins
   t/USE_BURSTS.cmd_queue/inst/fifo_gen_inst/U0/xst_fifo_generator/gconvfifo.rf/grf.rf/gntv_or_sync_fifo.mem/gdm.dm/Mram_RAM_RAMD_D1_O has
   no load.  PAR will not attempt to route this signal.
WARNING:Par:288 - The signal axi_spdif_tx_0/axi_spdif_tx_0/pl330_dma_gen.fifo/fifo/Mram_data_fifo1_RAMD_D1_O has no load.  PAR will not
   attempt to route this signal.
WARNING:Par:288 - The signal axi_spdif_tx_0/axi_spdif_tx_0/pl330_dma_gen.fifo/fifo/Mram_data_fifo2_RAMD_D1_O has no load.  PAR will not
   attempt to route this signal.
WARNING:Par:288 - The signal axi_spdif_tx_0/axi_spdif_tx_0/pl330_dma_gen.fifo/fifo/Mram_data_fifo3_RAMD_D1_O has no load.  PAR will not
   attempt to route this signal.
WARNING:Par:288 - The signal
   axi_filter/axi_filter/mi_protocol_conv_bank/gen_protocol_slot[0].gen_prot_conv.conv_inst/gen_axi3.axi3_conv_inst/USE_WRITE.write_addr_ins
   t/USE_B_CHANNEL.cmd_b_queue/inst/fifo_gen_inst/U0/xst_fifo_generator/gconvfifo.rf/grf.rf/gntv_or_sync_fifo.mem/gdm.dm/Mram_RAM_RAMD_D1_O
   has no load.  PAR will not attempt to route this signal.
WARNING:Par:288 - The signal
   FILTER_VDMA/FILTER_VDMA/I_PRMRY_DATAMOVER/GEN_S2MM_FULL.I_S2MM_FULL_WRAPPER/GEN_ENABLE_INDET_BTT_SF.I_INDET_BTT/I_XD_FIFO/S6.I_SYNC_FIFOG
   EN_FIFO/V6_S6_AND_LATER.I_SYNC_FIFO_BRAM/U0/xst_fifo_generator/gconvfifo.rf/grf.rf/gntv_or_sync_fifo.mem/gdm.dm/Mram_RAM1_RAMD_D1_O has
   no load.  PAR will not attempt to route this signal.
Starting Router


Phase  1  : 63232 unrouted;      REAL time: 44 secs 

Phase  2  : 49865 unrouted;      REAL time: 48 secs 

Phase  3  : 16326 unrouted;      REAL time: 1 mins 12 secs 

Phase  4  : 16326 unrouted; (Setup:0, Hold:114604, Component Switching Limit:0)     REAL time: 1 mins 17 secs 

Updating file: system.ncd with current fully routed design.

Phase  5  : 0 unrouted; (Setup:0, Hold:93045, Component Switching Limit:0)     REAL time: 1 mins 42 secs 

Phase  6  : 0 unrouted; (Setup:0, Hold:93045, Component Switching Limit:0)     REAL time: 1 mins 42 secs 

Phase  7  : 0 unrouted; (Setup:0, Hold:93045, Component Switching Limit:0)     REAL time: 1 mins 42 secs 

Phase  8  : 0 unrouted; (Setup:0, Hold:93045, Component Switching Limit:0)     REAL time: 1 mins 42 secs 

Phase  9  : 0 unrouted; (Setup:0, Hold:0, Component Switching Limit:0)     REAL time: 1 mins 52 secs 
Total REAL time to Router completion: 1 mins 52 secs 
Total CPU time to Router completion: 1 mins 54 secs 

Partition Implementation Status
-------------------------------

  No Partitions were found in this design.

-------------------------------

Generating "PAR" statistics.

**************************
Generating Clock Report
**************************

+---------------------+--------------+------+------+------------+-------------+
|        Clock Net    |   Resource   |Locked|Fanout|Net Skew(ns)|Max Delay(ns)|
+---------------------+--------------+------+------+------------+-------------+
|axi_hdmi_tx_0_hdmi_c |              |      |      |            |             |
|                  lk | BUFGCTRL_X0Y1| No   |  385 |  0.266     |  1.902      |
+---------------------+--------------+------+------+------------+-------------+
|processing_system7_0 |              |      |      |            |             |
|          _FCLK_CLK0 |BUFGCTRL_X0Y31| No   | 3260 |  0.438     |  2.057      |
+---------------------+--------------+------+------+------------+-------------+
|axi_i2s_adi_0_MCLK_p |              |      |      |            |             |
|             in_OBUF |BUFGCTRL_X0Y29| No   |   15 |  0.251     |  1.890      |
+---------------------+--------------+------+------+------------+-------------+
|axi_clkgen_0/axi_clk |              |      |      |            |             |
|gen_0/i_mmcm_drp/buf |              |      |      |            |             |
|          g_fb_clk_s | BUFGCTRL_X0Y0| No   |    1 |  0.000     |  1.759      |
+---------------------+--------------+------+------+------------+-------------+
|processing_system7_0 |              |      |      |            |             |
|          _FCLK_CLK1 |BUFGCTRL_X0Y30| No   |    2 |  0.218     |  1.980      |
+---------------------+--------------+------+------+------------+-------------+
|clock_generator_0/cl |              |      |      |            |             |
|ock_generator_0/SIG_ |              |      |      |            |             |
|      MMCM1_CLKFBOUT |         Local|      |    1 |  0.000     |  0.014      |
+---------------------+--------------+------+------+------------+-------------+

* Net Skew is the difference between the minimum and maximum routing
only delays for the net. Note this is different from Clock Skew which
is reported in TRCE timing report. Clock Skew is the difference between
the minimum and maximum path delays which includes logic delays.

* The fanout is the number of component pins not the individual BEL loads,
for example SLICE loads not FF loads.

Timing Score: 0 (Setup: 0, Hold: 0, Component Switching Limit: 0)

Number of Timing Constraints that were not applied: 1

Asterisk (*) preceding a constraint indicates it was not met.
   This may be due to a setup or hold violation.

----------------------------------------------------------------------------------------------------------
  Constraint                                |    Check    | Worst Case |  Best Case | Timing |   Timing   
                                            |             |    Slack   | Achievable | Errors |    Score   
----------------------------------------------------------------------------------------------------------
  TS_clk_fpga_0 = PERIOD TIMEGRP "clk_fpga_ | SETUP       |     0.460ns|     9.540ns|       0|           0
  0" 100 MHz HIGH 50%                       | HOLD        |     0.004ns|            |       0|           0
----------------------------------------------------------------------------------------------------------
  TS_axi_clkgen_0_axi_clkgen_0_i_mmcm_drp_m | SETUP       |     0.609ns|     6.125ns|       0|           0
  mcm_clk_0_s = PERIOD TIMEGRP         "axi | HOLD        |     0.003ns|            |       0|           0
  _clkgen_0_axi_clkgen_0_i_mmcm_drp_mmcm_cl |             |            |            |        |            
  k_0_s" TS_clk_fpga_1 *         0.74242424 |             |            |            |        |            
  2 HIGH 50%                                |             |            |            |        |            
----------------------------------------------------------------------------------------------------------
  TS_clk_fpga_1 = PERIOD TIMEGRP "clk_fpga_ | MINLOWPULSE |     2.200ns|     2.800ns|       0|           0
  1" 200 MHz HIGH 50%                       |             |            |            |        |            
----------------------------------------------------------------------------------------------------------
  TS_clock_generator_0_clock_generator_0_SI | SETUP       |    78.142ns|     3.237ns|       0|           0
  G_MMCM1_CLKOUT0 = PERIOD TIMEGRP          | HOLD        |     0.075ns|            |       0|           0
  "clock_generator_0_clock_generator_0_SIG_ |             |            |            |        |            
  MMCM1_CLKOUT0" TS_clk_fpga_1         * 0. |             |            |            |        |            
  061440678 HIGH 50%                        |             |            |            |        |            
----------------------------------------------------------------------------------------------------------
  PATH "TS_axi_filter_reset_resync_path" TI | SETUP       |         N/A|     1.118ns|     N/A|           0
  G                                         |             |            |            |        |            
----------------------------------------------------------------------------------------------------------
  PATH "TS_axi_interconnect_2_reset_resync_ | SETUP       |         N/A|     1.100ns|     N/A|           0
  path" TIG                                 |             |            |            |        |            
----------------------------------------------------------------------------------------------------------
  PATH "TS_axi_interconnect_1_reset_resync_ | SETUP       |         N/A|     1.081ns|     N/A|           0
  path" TIG                                 |             |            |            |        |            
----------------------------------------------------------------------------------------------------------


Derived Constraint Report
Review Timing Report for more details on the following derived constraints.
To create a Timing Report, run "trce -v 12 -fastpaths -o design_timing_report design.ncd design.pcf"
or "Run Timing Analysis" from Timing Analyzer (timingan).
Derived Constraints for TS_clk_fpga_1
+-------------------------------+-------------+-------------+-------------+-------------+-------------+-------------+-------------+
|                               |   Period    |       Actual Period       |      Timing Errors        |      Paths Analyzed       |
|           Constraint          | Requirement |-------------+-------------|-------------+-------------|-------------+-------------|
|                               |             |   Direct    | Derivative  |   Direct    | Derivative  |   Direct    | Derivative  |
+-------------------------------+-------------+-------------+-------------+-------------+-------------+-------------+-------------+
|TS_clk_fpga_1                  |      5.000ns|      2.800ns|      4.547ns|            0|            0|            0|        40122|
| TS_axi_clkgen_0_axi_clkgen_0_i|      6.735ns|      6.125ns|          N/A|            0|            0|        40065|            0|
| _mmcm_drp_mmcm_clk_0_s        |             |             |             |             |             |             |             |
| TS_clock_generator_0_clock_gen|     81.379ns|      3.237ns|          N/A|            0|            0|           57|            0|
| erator_0_SIG_MMCM1_CLKOUT0    |             |             |             |             |             |             |             |
+-------------------------------+-------------+-------------+-------------+-------------+-------------+-------------+-------------+

All constraints were met.
INFO:Timing:2761 - N/A entries in the Constraints List may indicate that the 
   constraint is not analyzed due to the following: No paths covered by this 
   constraint; Other constraints intersect with this constraint; or This 
   constraint was disabled by a Path Tracing Control. Please run the Timespec 
   Interaction Report (TSI) via command line (trce tsi) or Timing Analyzer GUI.


Generating Pad Report.

All signals are completely routed.

WARNING:Par:283 - There are 22 loadless signals in this design. This design will cause Bitgen to issue DRC warnings.

Total REAL time to PAR completion: 1 mins 57 secs 
Total CPU time to PAR completion: 2 mins 

Peak Memory Usage:  1281 MB

Placer: Placement generated during map.
Routing: Completed - No errors found.
Timing: Completed - No errors found.

Number of error messages: 0
Number of warning messages: 24
Number of info messages: 1

Writing design to file system.ncd



PAR done!



#----------------------------------------------#
# Starting program post_par_trce
# trce -e 3 -xml system.twx system.ncd system.pcf 
#----------------------------------------------#
Release 14.7 - Trace  (lin64)
Copyright (c) 1995-2013 Xilinx, Inc.  All rights reserved.


PMSPEC -- Overriding Xilinx file
</home/vivric/Documents/xilinx/14.7/ISE_DS/EDK/zynq/data/zynq.acd> with local
file </home/vivric/Documents/xilinx/14.7/ISE_DS/ISE/zynq/data/zynq.acd>
Loading device for application Rf_Device from file '7z020.nph' in environment
/home/vivric/Documents/xilinx/14.7/ISE_DS/ISE/:/home/vivric/Documents/xilinx/14.
7/ISE_DS/EDK.
   "system" is an NCD, version 3.2, device xc7z020, package clg484, speed -1
INFO:Timing:3386 - Intersecting Constraints found and resolved.  For more
   information, see the TSI report.  Please consult the Xilinx Command Line
   Tools User Guide for information on generating a TSI report.
--------------------------------------------------------------------------------
Release 14.7 Trace  (lin64)
Copyright (c) 1995-2013 Xilinx, Inc.  All rights reserved.

/home/vivric/Documents/xilinx/14.7/ISE_DS/ISE/bin/lin64/unwrapped/trce -e 3
-xml system.twx system.ncd system.pcf


Design file:              system.ncd
Physical constraint file: system.pcf
Device,speed:             xc7z020,-1 (PRODUCTION 1.08 2013-10-13)
Report level:             error report
--------------------------------------------------------------------------------

INFO:Timing:3412 - To improve timing, see the Timing Closure User Guide (UG612).
INFO:Timing:2752 - To get complete path coverage, use the unconstrained paths option. All paths that are not constrained will be reported in
   the unconstrained paths section(s) of the report.
INFO:Timing:3339 - The clock-to-out numbers in this timing report are based on a 50 Ohm transmission line loading model.  For the details of
   this model, and for more information on accounting for different loading conditions, please see the device datasheet.


Timing summary:
---------------

Timing errors: 0  Score: 0 (Setup/Max: 0, Hold: 0)

Constraints cover 321901 paths, 0 nets, and 53376 connections

Design statistics:
   Minimum period:   9.540ns (Maximum frequency: 104.822MHz)


Analysis completed Tue Aug 12 16:29:16 2014
--------------------------------------------------------------------------------

Generating Report ...

Number of warnings: 0
Number of info messages: 4
Total time: 44 secs 


