/nfs/TUEIEDAprojects/SystemDesign/work/ipxact/benjamin-bordes/DSE/1IP/1IP_ER/implementation/system.ngc 1412534080
/nfs/TUEIEDAprojects/SystemDesign/work/ipxact/benjamin-bordes/DSE/1IP/1IP_ER/implementation/system_cam_mem_0_wrapper.ngc 1412532538
/nfs/TUEIEDAprojects/SystemDesign/work/ipxact/benjamin-bordes/DSE/1IP/1IP_ER/implementation/system_util_vector_logic_0_wrapper.ngc 1412532468
/nfs/TUEIEDAprojects/SystemDesign/work/ipxact/benjamin-bordes/DSE/1IP/1IP_ER/implementation/system_axi_i2s_adi_0_wrapper.ngc 1412532725
/nfs/TUEIEDAprojects/SystemDesign/work/ipxact/benjamin-bordes/DSE/1IP/1IP_ER/implementation/system_processing_system7_0_wrapper.ngc 1412532469
/nfs/TUEIEDAprojects/SystemDesign/work/ipxact/benjamin-bordes/DSE/1IP/1IP_ER/implementation/system_axi_dma_i2s_wrapper.ngc 1412532476
/nfs/TUEIEDAprojects/SystemDesign/work/ipxact/benjamin-bordes/DSE/1IP/1IP_ER/implementation/system_axi_interconnect_1_wrapper.ngc 1412532472
/nfs/TUEIEDAprojects/SystemDesign/work/ipxact/benjamin-bordes/DSE/1IP/1IP_ER/implementation/system_axi_interconnect_2_wrapper.ngc 1412532471
/nfs/TUEIEDAprojects/SystemDesign/work/ipxact/benjamin-bordes/DSE/1IP/1IP_ER/implementation/system_axi_interconnect_0_wrapper.ngc 1412532473
/nfs/TUEIEDAprojects/SystemDesign/work/ipxact/benjamin-bordes/DSE/1IP/1IP_ER/implementation/system_axi_interconnect_3_wrapper.ngc 1412532477
/nfs/TUEIEDAprojects/SystemDesign/work/ipxact/benjamin-bordes/DSE/1IP/1IP_ER/implementation/system_axi_perf_mon_0_wrapper.ngc 1412532477
/nfs/TUEIEDAprojects/SystemDesign/work/ipxact/benjamin-bordes/DSE/1IP/1IP_ER/implementation/system_clock_generator_0_wrapper.ngc 1412533780
/nfs/TUEIEDAprojects/SystemDesign/work/ipxact/benjamin-bordes/DSE/1IP/1IP_ER/implementation/system_axi_clkgen_0_wrapper.ngc 1412532780
/nfs/TUEIEDAprojects/SystemDesign/work/ipxact/benjamin-bordes/DSE/1IP/1IP_ER/implementation/system_axi_vdma_0_wrapper.ngc 1412532471
/nfs/TUEIEDAprojects/SystemDesign/work/ipxact/benjamin-bordes/DSE/1IP/1IP_ER/implementation/system_axi_hdmi_tx_16b_0_wrapper.ngc 1412532757
/nfs/TUEIEDAprojects/SystemDesign/work/ipxact/benjamin-bordes/DSE/1IP/1IP_ER/implementation/system_axi_vdma_2_wrapper.ngc 1412533815
/nfs/TUEIEDAprojects/SystemDesign/work/ipxact/benjamin-bordes/DSE/1IP/1IP_ER/implementation/system_image_filter_top_0_wrapper.ngc 1412533751
/nfs/TUEIEDAprojects/SystemDesign/work/ipxact/benjamin-bordes/DSE/1IP/1IP_ER/implementation/system_axi_spdif_tx_0_wrapper.ngc 1412532559
/nfs/TUEIEDAprojects/SystemDesign/work/ipxact/benjamin-bordes/DSE/1IP/1IP_ER/implementation/system_axi_iic_0_wrapper.ngc 1412532474
/nfs/TUEIEDAprojects/SystemDesign/work/ipxact/benjamin-bordes/DSE/1IP/1IP_ER/implementation/system_axi_dma_spdif_wrapper.ngc 1412532475
/nfs/TUEIEDAprojects/SystemDesign/work/ipxact/benjamin-bordes/DSE/1IP/1IP_ER/implementation/system_util_i2c_mixer_0_wrapper.ngc 1412532499
OK
