#-----------------------------------------------------------
# xsim v2013.3 (64-bit)
# SW Build 329390 on Wed Oct 16 18:26:55 MDT 2013
# IP Build 192953 on Wed Oct 16 08:44:02 MDT 2013
# Start of session at: Fri Mar 13 22:22:14 2015
# Process ID: 14293
# Log file: /home/ga38qoh/EDA_Munish/SDSlabWork/work_dir/LabB/DCT_HLS_Project/solution5/sim/vhdl/xsim.log
# Journal file: /home/ga38qoh/EDA_Munish/SDSlabWork/work_dir/LabB/DCT_HLS_Project/solution5/sim/vhdl/xsim.jou
#-----------------------------------------------------------
source xsim.dir/dct/xsim_script.tcl
# xsim {dct} -maxdeltaid 10000 -tclbatch {dct.tcl}
Vivado Simulator 2013.3
Time resolution is 1 ps
source dct.tcl
## run all
Warning: There is an 'U'|'X'|'W'|'Z'|'-' in an arithmetic operand, the result will be 'X'(es).
Time: 0 ps  Iteration: 0  Process: /apatb_dct_top/AESL_inst_dct/buf_2d_out_U/dct_row_outbuf_memcore_U/dct_row_outbuf_memcore_ram_U/memory_access_guard_1  File: /home/ga38qoh/EDA_Munish/SDSlabWork/work_dir/LabB/DCT_HLS_Project/solution5/sim/vhdl/dct_row_outbuf_memcore.vhd
Warning: CONV_INTEGER: There is an 'U'|'X'|'W'|'Z'|'-' in an arithmetic operand, and it has been converted to 0.
Time: 0 ps  Iteration: 0  Process: /apatb_dct_top/AESL_inst_dct/buf_2d_out_U/dct_row_outbuf_memcore_U/dct_row_outbuf_memcore_ram_U/memory_access_guard_1  File: /home/ga38qoh/EDA_Munish/SDSlabWork/work_dir/LabB/DCT_HLS_Project/solution5/sim/vhdl/dct_row_outbuf_memcore.vhd
Warning: CONV_INTEGER: There is an 'U'|'X'|'W'|'Z'|'-' in an arithmetic operand, and it has been converted to 0.
Time: 0 ps  Iteration: 0  Process: /apatb_dct_top/AESL_inst_dct/buf_2d_out_U/dct_row_outbuf_memcore_U/dct_row_outbuf_memcore_ram_U/memory_access_guard_0  File: /home/ga38qoh/EDA_Munish/SDSlabWork/work_dir/LabB/DCT_HLS_Project/solution5/sim/vhdl/dct_row_outbuf_memcore.vhd
Warning: CONV_INTEGER: There is an 'U'|'X'|'W'|'Z'|'-' in an arithmetic operand, and it has been converted to 0.
Time: 0 ps  Iteration: 0  Process: /apatb_dct_top/AESL_inst_dct/col_outbuf_U/dct_row_outbuf_memcore_U/dct_row_outbuf_memcore_ram_U/memory_access_guard_1  File: /home/ga38qoh/EDA_Munish/SDSlabWork/work_dir/LabB/DCT_HLS_Project/solution5/sim/vhdl/dct_row_outbuf_memcore.vhd
Warning: CONV_INTEGER: There is an 'U'|'X'|'W'|'Z'|'-' in an arithmetic operand, and it has been converted to 0.
Time: 0 ps  Iteration: 0  Process: /apatb_dct_top/AESL_inst_dct/col_outbuf_U/dct_row_outbuf_memcore_U/dct_row_outbuf_memcore_ram_U/memory_access_guard_0  File: /home/ga38qoh/EDA_Munish/SDSlabWork/work_dir/LabB/DCT_HLS_Project/solution5/sim/vhdl/dct_row_outbuf_memcore.vhd
Warning: CONV_INTEGER: There is an 'U'|'X'|'W'|'Z'|'-' in an arithmetic operand, and it has been converted to 0.
Time: 0 ps  Iteration: 0  Process: /apatb_dct_top/AESL_inst_dct/col_inbuf_U/\gen_buffer(1)\/dct_buf_2d_in_memcore_U/dct_buf_2d_in_memcore_ram_U/memory_access_guard_1  File: /home/ga38qoh/EDA_Munish/SDSlabWork/work_dir/LabB/DCT_HLS_Project/solution5/sim/vhdl/dct_buf_2d_in_memcore.vhd
Warning: CONV_INTEGER: There is an 'U'|'X'|'W'|'Z'|'-' in an arithmetic operand, and it has been converted to 0.
Time: 0 ps  Iteration: 0  Process: /apatb_dct_top/AESL_inst_dct/col_inbuf_U/\gen_buffer(1)\/dct_buf_2d_in_memcore_U/dct_buf_2d_in_memcore_ram_U/memory_access_guard_0  File: /home/ga38qoh/EDA_Munish/SDSlabWork/work_dir/LabB/DCT_HLS_Project/solution5/sim/vhdl/dct_buf_2d_in_memcore.vhd
Warning: CONV_INTEGER: There is an 'U'|'X'|'W'|'Z'|'-' in an arithmetic operand, and it has been converted to 0.
Time: 0 ps  Iteration: 0  Process: /apatb_dct_top/AESL_inst_dct/col_inbuf_U/\gen_buffer(0)\/dct_buf_2d_in_memcore_U/dct_buf_2d_in_memcore_ram_U/memory_access_guard_1  File: /home/ga38qoh/EDA_Munish/SDSlabWork/work_dir/LabB/DCT_HLS_Project/solution5/sim/vhdl/dct_buf_2d_in_memcore.vhd
Warning: CONV_INTEGER: There is an 'U'|'X'|'W'|'Z'|'-' in an arithmetic operand, and it has been converted to 0.
Time: 0 ps  Iteration: 0  Process: /apatb_dct_top/AESL_inst_dct/col_inbuf_U/\gen_buffer(0)\/dct_buf_2d_in_memcore_U/dct_buf_2d_in_memcore_ram_U/memory_access_guard_0  File: /home/ga38qoh/EDA_Munish/SDSlabWork/work_dir/LabB/DCT_HLS_Project/solution5/sim/vhdl/dct_buf_2d_in_memcore.vhd
Warning: CONV_INTEGER: There is an 'U'|'X'|'W'|'Z'|'-' in an arithmetic operand, and it has been converted to 0.
Time: 0 ps  Iteration: 0  Process: /apatb_dct_top/AESL_inst_dct/row_outbuf_U/dct_row_outbuf_memcore_U/dct_row_outbuf_memcore_ram_U/memory_access_guard_1  File: /home/ga38qoh/EDA_Munish/SDSlabWork/work_dir/LabB/DCT_HLS_Project/solution5/sim/vhdl/dct_row_outbuf_memcore.vhd
Warning: CONV_INTEGER: There is an 'U'|'X'|'W'|'Z'|'-' in an arithmetic operand, and it has been converted to 0.
Time: 0 ps  Iteration: 0  Process: /apatb_dct_top/AESL_inst_dct/row_outbuf_U/dct_row_outbuf_memcore_U/dct_row_outbuf_memcore_ram_U/memory_access_guard_0  File: /home/ga38qoh/EDA_Munish/SDSlabWork/work_dir/LabB/DCT_HLS_Project/solution5/sim/vhdl/dct_row_outbuf_memcore.vhd
Warning: CONV_INTEGER: There is an 'U'|'X'|'W'|'Z'|'-' in an arithmetic operand, and it has been converted to 0.
Time: 0 ps  Iteration: 0  Process: /apatb_dct_top/AESL_inst_dct/buf_2d_in_U/\gen_buffer(1)\/dct_buf_2d_in_memcore_U/dct_buf_2d_in_memcore_ram_U/memory_access_guard_1  File: /home/ga38qoh/EDA_Munish/SDSlabWork/work_dir/LabB/DCT_HLS_Project/solution5/sim/vhdl/dct_buf_2d_in_memcore.vhd
Warning: CONV_INTEGER: There is an 'U'|'X'|'W'|'Z'|'-' in an arithmetic operand, and it has been converted to 0.
Time: 0 ps  Iteration: 0  Process: /apatb_dct_top/AESL_inst_dct/buf_2d_in_U/\gen_buffer(1)\/dct_buf_2d_in_memcore_U/dct_buf_2d_in_memcore_ram_U/memory_access_guard_0  File: /home/ga38qoh/EDA_Munish/SDSlabWork/work_dir/LabB/DCT_HLS_Project/solution5/sim/vhdl/dct_buf_2d_in_memcore.vhd
Warning: CONV_INTEGER: There is an 'U'|'X'|'W'|'Z'|'-' in an arithmetic operand, and it has been converted to 0.
Time: 0 ps  Iteration: 0  Process: /apatb_dct_top/AESL_inst_dct/buf_2d_in_U/\gen_buffer(0)\/dct_buf_2d_in_memcore_U/dct_buf_2d_in_memcore_ram_U/memory_access_guard_1  File: /home/ga38qoh/EDA_Munish/SDSlabWork/work_dir/LabB/DCT_HLS_Project/solution5/sim/vhdl/dct_buf_2d_in_memcore.vhd
Warning: CONV_INTEGER: There is an 'U'|'X'|'W'|'Z'|'-' in an arithmetic operand, and it has been converted to 0.
Time: 0 ps  Iteration: 0  Process: /apatb_dct_top/AESL_inst_dct/buf_2d_in_U/\gen_buffer(0)\/dct_buf_2d_in_memcore_U/dct_buf_2d_in_memcore_ram_U/memory_access_guard_0  File: /home/ga38qoh/EDA_Munish/SDSlabWork/work_dir/LabB/DCT_HLS_Project/solution5/sim/vhdl/dct_buf_2d_in_memcore.vhd
Warning: CONV_INTEGER: There is an 'U'|'X'|'W'|'Z'|'-' in an arithmetic operand, and it has been converted to 0.
Time: 0 ps  Iteration: 0  Process: /apatb_dct_top/AESL_inst_dct/dct_Loop_Col_DCT_Loop_proc_U0/dct_coeff_table_7_U/dct_Loop_Row_DCT_Loop_proc_dct_coeff_table_7_rom_U/memory_access_guard_0  File: /home/ga38qoh/EDA_Munish/SDSlabWork/work_dir/LabB/DCT_HLS_Project/solution5/sim/vhdl/dct_Loop_Row_DCT_Loop_proc_dct_coeff_table_7.vhd
Warning: CONV_INTEGER: There is an 'U'|'X'|'W'|'Z'|'-' in an arithmetic operand, and it has been converted to 0.
Time: 0 ps  Iteration: 0  Process: /apatb_dct_top/AESL_inst_dct/dct_Loop_Col_DCT_Loop_proc_U0/dct_coeff_table_6_U/dct_Loop_Row_DCT_Loop_proc_dct_coeff_table_6_rom_U/memory_access_guard_0  File: /home/ga38qoh/EDA_Munish/SDSlabWork/work_dir/LabB/DCT_HLS_Project/solution5/sim/vhdl/dct_Loop_Row_DCT_Loop_proc_dct_coeff_table_6.vhd
Warning: CONV_INTEGER: There is an 'U'|'X'|'W'|'Z'|'-' in an arithmetic operand, and it has been converted to 0.
Time: 0 ps  Iteration: 0  Process: /apatb_dct_top/AESL_inst_dct/dct_Loop_Col_DCT_Loop_proc_U0/dct_coeff_table_5_U/dct_Loop_Row_DCT_Loop_proc_dct_coeff_table_5_rom_U/memory_access_guard_0  File: /home/ga38qoh/EDA_Munish/SDSlabWork/work_dir/LabB/DCT_HLS_Project/solution5/sim/vhdl/dct_Loop_Row_DCT_Loop_proc_dct_coeff_table_5.vhd
Warning: CONV_INTEGER: There is an 'U'|'X'|'W'|'Z'|'-' in an arithmetic operand, and it has been converted to 0.
Time: 0 ps  Iteration: 0  Process: /apatb_dct_top/AESL_inst_dct/dct_Loop_Col_DCT_Loop_proc_U0/dct_coeff_table_4_U/dct_Loop_Row_DCT_Loop_proc_dct_coeff_table_4_rom_U/memory_access_guard_0  File: /home/ga38qoh/EDA_Munish/SDSlabWork/work_dir/LabB/DCT_HLS_Project/solution5/sim/vhdl/dct_Loop_Row_DCT_Loop_proc_dct_coeff_table_4.vhd
Warning: CONV_INTEGER: There is an 'U'|'X'|'W'|'Z'|'-' in an arithmetic operand, and it has been converted to 0.
Time: 0 ps  Iteration: 0  Process: /apatb_dct_top/AESL_inst_dct/dct_Loop_Col_DCT_Loop_proc_U0/dct_coeff_table_3_U/dct_Loop_Row_DCT_Loop_proc_dct_coeff_table_3_rom_U/memory_access_guard_0  File: /home/ga38qoh/EDA_Munish/SDSlabWork/work_dir/LabB/DCT_HLS_Project/solution5/sim/vhdl/dct_Loop_Row_DCT_Loop_proc_dct_coeff_table_3.vhd
Warning: CONV_INTEGER: There is an 'U'|'X'|'W'|'Z'|'-' in an arithmetic operand, and it has been converted to 0.
Time: 0 ps  Iteration: 0  Process: /apatb_dct_top/AESL_inst_dct/dct_Loop_Col_DCT_Loop_proc_U0/dct_coeff_table_2_U/dct_Loop_Row_DCT_Loop_proc_dct_coeff_table_2_rom_U/memory_access_guard_0  File: /home/ga38qoh/EDA_Munish/SDSlabWork/work_dir/LabB/DCT_HLS_Project/solution5/sim/vhdl/dct_Loop_Row_DCT_Loop_proc_dct_coeff_table_2.vhd
Warning: CONV_INTEGER: There is an 'U'|'X'|'W'|'Z'|'-' in an arithmetic operand, and it has been converted to 0.
Time: 0 ps  Iteration: 0  Process: /apatb_dct_top/AESL_inst_dct/dct_Loop_Col_DCT_Loop_proc_U0/dct_coeff_table_1_U/dct_Loop_Row_DCT_Loop_proc_dct_coeff_table_1_rom_U/memory_access_guard_0  File: /home/ga38qoh/EDA_Munish/SDSlabWork/work_dir/LabB/DCT_HLS_Project/solution5/sim/vhdl/dct_Loop_Row_DCT_Loop_proc_dct_coeff_table_1.vhd
Warning: CONV_INTEGER: There is an 'U'|'X'|'W'|'Z'|'-' in an arithmetic operand, and it has been converted to 0.
Time: 0 ps  Iteration: 0  Process: /apatb_dct_top/AESL_inst_dct/dct_Loop_Col_DCT_Loop_proc_U0/dct_coeff_table_0_U/dct_Loop_Row_DCT_Loop_proc_dct_coeff_table_0_rom_U/memory_access_guard_0  File: /home/ga38qoh/EDA_Munish/SDSlabWork/work_dir/LabB/DCT_HLS_Project/solution5/sim/vhdl/dct_Loop_Row_DCT_Loop_proc_dct_coeff_table_0.vhd
Warning: CONV_INTEGER: There is an 'U'|'X'|'W'|'Z'|'-' in an arithmetic operand, and it has been converted to 0.
Time: 0 ps  Iteration: 0  Process: /apatb_dct_top/AESL_inst_dct/dct_Loop_Row_DCT_Loop_proc_U0/dct_coeff_table_7_U/dct_Loop_Row_DCT_Loop_proc_dct_coeff_table_7_rom_U/memory_access_guard_0  File: /home/ga38qoh/EDA_Munish/SDSlabWork/work_dir/LabB/DCT_HLS_Project/solution5/sim/vhdl/dct_Loop_Row_DCT_Loop_proc_dct_coeff_table_7.vhd
Warning: CONV_INTEGER: There is an 'U'|'X'|'W'|'Z'|'-' in an arithmetic operand, and it has been converted to 0.
Time: 0 ps  Iteration: 0  Process: /apatb_dct_top/AESL_inst_dct/dct_Loop_Row_DCT_Loop_proc_U0/dct_coeff_table_6_U/dct_Loop_Row_DCT_Loop_proc_dct_coeff_table_6_rom_U/memory_access_guard_0  File: /home/ga38qoh/EDA_Munish/SDSlabWork/work_dir/LabB/DCT_HLS_Project/solution5/sim/vhdl/dct_Loop_Row_DCT_Loop_proc_dct_coeff_table_6.vhd
Warning: CONV_INTEGER: There is an 'U'|'X'|'W'|'Z'|'-' in an arithmetic operand, and it has been converted to 0.
Time: 0 ps  Iteration: 0  Process: /apatb_dct_top/AESL_inst_dct/dct_Loop_Row_DCT_Loop_proc_U0/dct_coeff_table_5_U/dct_Loop_Row_DCT_Loop_proc_dct_coeff_table_5_rom_U/memory_access_guard_0  File: /home/ga38qoh/EDA_Munish/SDSlabWork/work_dir/LabB/DCT_HLS_Project/solution5/sim/vhdl/dct_Loop_Row_DCT_Loop_proc_dct_coeff_table_5.vhd
Warning: CONV_INTEGER: There is an 'U'|'X'|'W'|'Z'|'-' in an arithmetic operand, and it has been converted to 0.
Time: 0 ps  Iteration: 0  Process: /apatb_dct_top/AESL_inst_dct/dct_Loop_Row_DCT_Loop_proc_U0/dct_coeff_table_4_U/dct_Loop_Row_DCT_Loop_proc_dct_coeff_table_4_rom_U/memory_access_guard_0  File: /home/ga38qoh/EDA_Munish/SDSlabWork/work_dir/LabB/DCT_HLS_Project/solution5/sim/vhdl/dct_Loop_Row_DCT_Loop_proc_dct_coeff_table_4.vhd
Warning: CONV_INTEGER: There is an 'U'|'X'|'W'|'Z'|'-' in an arithmetic operand, and it has been converted to 0.
Time: 0 ps  Iteration: 0  Process: /apatb_dct_top/AESL_inst_dct/dct_Loop_Row_DCT_Loop_proc_U0/dct_coeff_table_3_U/dct_Loop_Row_DCT_Loop_proc_dct_coeff_table_3_rom_U/memory_access_guard_0  File: /home/ga38qoh/EDA_Munish/SDSlabWork/work_dir/LabB/DCT_HLS_Project/solution5/sim/vhdl/dct_Loop_Row_DCT_Loop_proc_dct_coeff_table_3.vhd
Warning: CONV_INTEGER: There is an 'U'|'X'|'W'|'Z'|'-' in an arithmetic operand, and it has been converted to 0.
Time: 0 ps  Iteration: 0  Process: /apatb_dct_top/AESL_inst_dct/dct_Loop_Row_DCT_Loop_proc_U0/dct_coeff_table_2_U/dct_Loop_Row_DCT_Loop_proc_dct_coeff_table_2_rom_U/memory_access_guard_0  File: /home/ga38qoh/EDA_Munish/SDSlabWork/work_dir/LabB/DCT_HLS_Project/solution5/sim/vhdl/dct_Loop_Row_DCT_Loop_proc_dct_coeff_table_2.vhd
Warning: CONV_INTEGER: There is an 'U'|'X'|'W'|'Z'|'-' in an arithmetic operand, and it has been converted to 0.
Time: 0 ps  Iteration: 0  Process: /apatb_dct_top/AESL_inst_dct/dct_Loop_Row_DCT_Loop_proc_U0/dct_coeff_table_1_U/dct_Loop_Row_DCT_Loop_proc_dct_coeff_table_1_rom_U/memory_access_guard_0  File: /home/ga38qoh/EDA_Munish/SDSlabWork/work_dir/LabB/DCT_HLS_Project/solution5/sim/vhdl/dct_Loop_Row_DCT_Loop_proc_dct_coeff_table_1.vhd
Warning: CONV_INTEGER: There is an 'U'|'X'|'W'|'Z'|'-' in an arithmetic operand, and it has been converted to 0.
Time: 0 ps  Iteration: 0  Process: /apatb_dct_top/AESL_inst_dct/dct_Loop_Row_DCT_Loop_proc_U0/dct_coeff_table_0_U/dct_Loop_Row_DCT_Loop_proc_dct_coeff_table_0_rom_U/memory_access_guard_0  File: /home/ga38qoh/EDA_Munish/SDSlabWork/work_dir/LabB/DCT_HLS_Project/solution5/sim/vhdl/dct_Loop_Row_DCT_Loop_proc_dct_coeff_table_0.vhd
Warning: CONV_INTEGER: There is an 'U'|'X'|'W'|'Z'|'-' in an arithmetic operand, and it has been converted to 0.
Time: 0 ps  Iteration: 1  Process: /apatb_dct_top/AESL_inst_dct/buf_2d_out_U/dct_row_outbuf_memcore_U/dct_row_outbuf_memcore_ram_U/memory_access_guard_1  File: /home/ga38qoh/EDA_Munish/SDSlabWork/work_dir/LabB/DCT_HLS_Project/solution5/sim/vhdl/dct_row_outbuf_memcore.vhd
Warning: CONV_INTEGER: There is an 'U'|'X'|'W'|'Z'|'-' in an arithmetic operand, and it has been converted to 0.
Time: 0 ps  Iteration: 1  Process: /apatb_dct_top/AESL_inst_dct/buf_2d_out_U/dct_row_outbuf_memcore_U/dct_row_outbuf_memcore_ram_U/memory_access_guard_0  File: /home/ga38qoh/EDA_Munish/SDSlabWork/work_dir/LabB/DCT_HLS_Project/solution5/sim/vhdl/dct_row_outbuf_memcore.vhd
Warning: CONV_INTEGER: There is an 'U'|'X'|'W'|'Z'|'-' in an arithmetic operand, and it has been converted to 0.
Time: 0 ps  Iteration: 1  Process: /apatb_dct_top/AESL_inst_dct/col_outbuf_U/dct_row_outbuf_memcore_U/dct_row_outbuf_memcore_ram_U/memory_access_guard_1  File: /home/ga38qoh/EDA_Munish/SDSlabWork/work_dir/LabB/DCT_HLS_Project/solution5/sim/vhdl/dct_row_outbuf_memcore.vhd
Warning: CONV_INTEGER: There is an 'U'|'X'|'W'|'Z'|'-' in an arithmetic operand, and it has been converted to 0.
Time: 0 ps  Iteration: 1  Process: /apatb_dct_top/AESL_inst_dct/col_outbuf_U/dct_row_outbuf_memcore_U/dct_row_outbuf_memcore_ram_U/memory_access_guard_0  File: /home/ga38qoh/EDA_Munish/SDSlabWork/work_dir/LabB/DCT_HLS_Project/solution5/sim/vhdl/dct_row_outbuf_memcore.vhd
Warning: CONV_INTEGER: There is an 'U'|'X'|'W'|'Z'|'-' in an arithmetic operand, and it has been converted to 0.
Time: 0 ps  Iteration: 1  Process: /apatb_dct_top/AESL_inst_dct/row_outbuf_U/dct_row_outbuf_memcore_U/dct_row_outbuf_memcore_ram_U/memory_access_guard_1  File: /home/ga38qoh/EDA_Munish/SDSlabWork/work_dir/LabB/DCT_HLS_Project/solution5/sim/vhdl/dct_row_outbuf_memcore.vhd
Warning: CONV_INTEGER: There is an 'U'|'X'|'W'|'Z'|'-' in an arithmetic operand, and it has been converted to 0.
Time: 0 ps  Iteration: 1  Process: /apatb_dct_top/AESL_inst_dct/row_outbuf_U/dct_row_outbuf_memcore_U/dct_row_outbuf_memcore_ram_U/memory_access_guard_0  File: /home/ga38qoh/EDA_Munish/SDSlabWork/work_dir/LabB/DCT_HLS_Project/solution5/sim/vhdl/dct_row_outbuf_memcore.vhd
Warning: CONV_INTEGER: There is an 'U'|'X'|'W'|'Z'|'-' in an arithmetic operand, and it has been converted to 0.
Time: 0 ps  Iteration: 3  Process: /apatb_dct_top/AESL_inst_dct/col_inbuf_U/\gen_buffer(1)\/dct_buf_2d_in_memcore_U/dct_buf_2d_in_memcore_ram_U/memory_access_guard_1  File: /home/ga38qoh/EDA_Munish/SDSlabWork/work_dir/LabB/DCT_HLS_Project/solution5/sim/vhdl/dct_buf_2d_in_memcore.vhd
Warning: CONV_INTEGER: There is an 'U'|'X'|'W'|'Z'|'-' in an arithmetic operand, and it has been converted to 0.
Time: 0 ps  Iteration: 3  Process: /apatb_dct_top/AESL_inst_dct/col_inbuf_U/\gen_buffer(1)\/dct_buf_2d_in_memcore_U/dct_buf_2d_in_memcore_ram_U/memory_access_guard_0  File: /home/ga38qoh/EDA_Munish/SDSlabWork/work_dir/LabB/DCT_HLS_Project/solution5/sim/vhdl/dct_buf_2d_in_memcore.vhd
Warning: CONV_INTEGER: There is an 'U'|'X'|'W'|'Z'|'-' in an arithmetic operand, and it has been converted to 0.
Time: 0 ps  Iteration: 3  Process: /apatb_dct_top/AESL_inst_dct/buf_2d_in_U/\gen_buffer(1)\/dct_buf_2d_in_memcore_U/dct_buf_2d_in_memcore_ram_U/memory_access_guard_1  File: /home/ga38qoh/EDA_Munish/SDSlabWork/work_dir/LabB/DCT_HLS_Project/solution5/sim/vhdl/dct_buf_2d_in_memcore.vhd
Warning: CONV_INTEGER: There is an 'U'|'X'|'W'|'Z'|'-' in an arithmetic operand, and it has been converted to 0.
Time: 0 ps  Iteration: 3  Process: /apatb_dct_top/AESL_inst_dct/buf_2d_in_U/\gen_buffer(1)\/dct_buf_2d_in_memcore_U/dct_buf_2d_in_memcore_ram_U/memory_access_guard_0  File: /home/ga38qoh/EDA_Munish/SDSlabWork/work_dir/LabB/DCT_HLS_Project/solution5/sim/vhdl/dct_buf_2d_in_memcore.vhd
Warning: CONV_INTEGER: There is an 'U'|'X'|'W'|'Z'|'-' in an arithmetic operand, and it has been converted to 0.
Time: 0 ps  Iteration: 5  Process: /apatb_dct_top/AESL_inst_dct/buf_2d_out_U/dct_row_outbuf_memcore_U/dct_row_outbuf_memcore_ram_U/memory_access_guard_1  File: /home/ga38qoh/EDA_Munish/SDSlabWork/work_dir/LabB/DCT_HLS_Project/solution5/sim/vhdl/dct_row_outbuf_memcore.vhd
Warning: CONV_INTEGER: There is an 'U'|'X'|'W'|'Z'|'-' in an arithmetic operand, and it has been converted to 0.
Time: 0 ps  Iteration: 5  Process: /apatb_dct_top/AESL_inst_dct/buf_2d_out_U/dct_row_outbuf_memcore_U/dct_row_outbuf_memcore_ram_U/memory_access_guard_0  File: /home/ga38qoh/EDA_Munish/SDSlabWork/work_dir/LabB/DCT_HLS_Project/solution5/sim/vhdl/dct_row_outbuf_memcore.vhd
Warning: CONV_INTEGER: There is an 'U'|'X'|'W'|'Z'|'-' in an arithmetic operand, and it has been converted to 0.
Time: 0 ps  Iteration: 5  Process: /apatb_dct_top/AESL_inst_dct/col_outbuf_U/dct_row_outbuf_memcore_U/dct_row_outbuf_memcore_ram_U/memory_access_guard_1  File: /home/ga38qoh/EDA_Munish/SDSlabWork/work_dir/LabB/DCT_HLS_Project/solution5/sim/vhdl/dct_row_outbuf_memcore.vhd
Warning: CONV_INTEGER: There is an 'U'|'X'|'W'|'Z'|'-' in an arithmetic operand, and it has been converted to 0.
Time: 0 ps  Iteration: 5  Process: /apatb_dct_top/AESL_inst_dct/col_inbuf_U/\gen_buffer(0)\/dct_buf_2d_in_memcore_U/dct_buf_2d_in_memcore_ram_U/memory_access_guard_0  File: /home/ga38qoh/EDA_Munish/SDSlabWork/work_dir/LabB/DCT_HLS_Project/solution5/sim/vhdl/dct_buf_2d_in_memcore.vhd
Warning: CONV_INTEGER: There is an 'U'|'X'|'W'|'Z'|'-' in an arithmetic operand, and it has been converted to 0.
Time: 0 ps  Iteration: 5  Process: /apatb_dct_top/AESL_inst_dct/row_outbuf_U/dct_row_outbuf_memcore_U/dct_row_outbuf_memcore_ram_U/memory_access_guard_1  File: /home/ga38qoh/EDA_Munish/SDSlabWork/work_dir/LabB/DCT_HLS_Project/solution5/sim/vhdl/dct_row_outbuf_memcore.vhd
Warning: CONV_INTEGER: There is an 'U'|'X'|'W'|'Z'|'-' in an arithmetic operand, and it has been converted to 0.
Time: 0 ps  Iteration: 5  Process: /apatb_dct_top/AESL_inst_dct/buf_2d_in_U/\gen_buffer(0)\/dct_buf_2d_in_memcore_U/dct_buf_2d_in_memcore_ram_U/memory_access_guard_0  File: /home/ga38qoh/EDA_Munish/SDSlabWork/work_dir/LabB/DCT_HLS_Project/solution5/sim/vhdl/dct_buf_2d_in_memcore.vhd
Warning: CONV_INTEGER: There is an 'U'|'X'|'W'|'Z'|'-' in an arithmetic operand, and it has been converted to 0.
Time: 668 ns  Iteration: 4  Process: /apatb_dct_top/AESL_inst_dct/buf_2d_in_U/\gen_buffer(0)\/dct_buf_2d_in_memcore_U/dct_buf_2d_in_memcore_ram_U/memory_access_guard_0  File: /home/ga38qoh/EDA_Munish/SDSlabWork/work_dir/LabB/DCT_HLS_Project/solution5/sim/vhdl/dct_buf_2d_in_memcore.vhd
Warning: CONV_INTEGER: There is an 'U'|'X'|'W'|'Z'|'-' in an arithmetic operand, and it has been converted to 0.
Time: 668 ns  Iteration: 4  Process: /apatb_dct_top/AESL_inst_dct/buf_2d_in_U/\gen_buffer(0)\/dct_buf_2d_in_memcore_U/dct_buf_2d_in_memcore_ram_U/memory_access_guard_1  File: /home/ga38qoh/EDA_Munish/SDSlabWork/work_dir/LabB/DCT_HLS_Project/solution5/sim/vhdl/dct_buf_2d_in_memcore.vhd
Warning: CONV_INTEGER: There is an 'U'|'X'|'W'|'Z'|'-' in an arithmetic operand, and it has been converted to 0.
Time: 668 ns  Iteration: 4  Process: /apatb_dct_top/AESL_inst_dct/buf_2d_in_U/\gen_buffer(1)\/dct_buf_2d_in_memcore_U/dct_buf_2d_in_memcore_ram_U/memory_access_guard_1  File: /home/ga38qoh/EDA_Munish/SDSlabWork/work_dir/LabB/DCT_HLS_Project/solution5/sim/vhdl/dct_buf_2d_in_memcore.vhd
Warning: CONV_INTEGER: There is an 'U'|'X'|'W'|'Z'|'-' in an arithmetic operand, and it has been converted to 0.
Time: 676 ns  Iteration: 6  Process: /apatb_dct_top/AESL_inst_dct/buf_2d_in_U/\gen_buffer(0)\/dct_buf_2d_in_memcore_U/dct_buf_2d_in_memcore_ram_U/memory_access_guard_0  File: /home/ga38qoh/EDA_Munish/SDSlabWork/work_dir/LabB/DCT_HLS_Project/solution5/sim/vhdl/dct_buf_2d_in_memcore.vhd
Warning: CONV_INTEGER: There is an 'U'|'X'|'W'|'Z'|'-' in an arithmetic operand, and it has been converted to 0.
Time: 676 ns  Iteration: 6  Process: /apatb_dct_top/AESL_inst_dct/buf_2d_in_U/\gen_buffer(0)\/dct_buf_2d_in_memcore_U/dct_buf_2d_in_memcore_ram_U/memory_access_guard_1  File: /home/ga38qoh/EDA_Munish/SDSlabWork/work_dir/LabB/DCT_HLS_Project/solution5/sim/vhdl/dct_buf_2d_in_memcore.vhd
Warning: CONV_INTEGER: There is an 'U'|'X'|'W'|'Z'|'-' in an arithmetic operand, and it has been converted to 0.
Time: 684 ns  Iteration: 6  Process: /apatb_dct_top/AESL_inst_dct/buf_2d_in_U/\gen_buffer(0)\/dct_buf_2d_in_memcore_U/dct_buf_2d_in_memcore_ram_U/memory_access_guard_0  File: /home/ga38qoh/EDA_Munish/SDSlabWork/work_dir/LabB/DCT_HLS_Project/solution5/sim/vhdl/dct_buf_2d_in_memcore.vhd
Warning: CONV_INTEGER: There is an 'U'|'X'|'W'|'Z'|'-' in an arithmetic operand, and it has been converted to 0.
Time: 684 ns  Iteration: 6  Process: /apatb_dct_top/AESL_inst_dct/buf_2d_in_U/\gen_buffer(0)\/dct_buf_2d_in_memcore_U/dct_buf_2d_in_memcore_ram_U/memory_access_guard_1  File: /home/ga38qoh/EDA_Munish/SDSlabWork/work_dir/LabB/DCT_HLS_Project/solution5/sim/vhdl/dct_buf_2d_in_memcore.vhd
Warning: CONV_INTEGER: There is an 'U'|'X'|'W'|'Z'|'-' in an arithmetic operand, and it has been converted to 0.
Time: 2732 ns  Iteration: 6  Process: /apatb_dct_top/AESL_inst_dct/buf_2d_in_U/\gen_buffer(0)\/dct_buf_2d_in_memcore_U/dct_buf_2d_in_memcore_ram_U/memory_access_guard_0  File: /home/ga38qoh/EDA_Munish/SDSlabWork/work_dir/LabB/DCT_HLS_Project/solution5/sim/vhdl/dct_buf_2d_in_memcore.vhd
Warning: CONV_INTEGER: There is an 'U'|'X'|'W'|'Z'|'-' in an arithmetic operand, and it has been converted to 0.
Time: 2732 ns  Iteration: 6  Process: /apatb_dct_top/AESL_inst_dct/buf_2d_in_U/\gen_buffer(0)\/dct_buf_2d_in_memcore_U/dct_buf_2d_in_memcore_ram_U/memory_access_guard_1  File: /home/ga38qoh/EDA_Munish/SDSlabWork/work_dir/LabB/DCT_HLS_Project/solution5/sim/vhdl/dct_buf_2d_in_memcore.vhd
Warning: CONV_INTEGER: There is an 'U'|'X'|'W'|'Z'|'-' in an arithmetic operand, and it has been converted to 0.
Time: 2772 ns  Iteration: 4  Process: /apatb_dct_top/AESL_inst_dct/buf_2d_in_U/\gen_buffer(0)\/dct_buf_2d_in_memcore_U/dct_buf_2d_in_memcore_ram_U/memory_access_guard_1  File: /home/ga38qoh/EDA_Munish/SDSlabWork/work_dir/LabB/DCT_HLS_Project/solution5/sim/vhdl/dct_buf_2d_in_memcore.vhd
Warning: CONV_INTEGER: There is an 'U'|'X'|'W'|'Z'|'-' in an arithmetic operand, and it has been converted to 0.
Time: 2772 ns  Iteration: 4  Process: /apatb_dct_top/AESL_inst_dct/buf_2d_in_U/\gen_buffer(1)\/dct_buf_2d_in_memcore_U/dct_buf_2d_in_memcore_ram_U/memory_access_guard_0  File: /home/ga38qoh/EDA_Munish/SDSlabWork/work_dir/LabB/DCT_HLS_Project/solution5/sim/vhdl/dct_buf_2d_in_memcore.vhd
Warning: CONV_INTEGER: There is an 'U'|'X'|'W'|'Z'|'-' in an arithmetic operand, and it has been converted to 0.
Time: 2772 ns  Iteration: 4  Process: /apatb_dct_top/AESL_inst_dct/buf_2d_in_U/\gen_buffer(1)\/dct_buf_2d_in_memcore_U/dct_buf_2d_in_memcore_ram_U/memory_access_guard_1  File: /home/ga38qoh/EDA_Munish/SDSlabWork/work_dir/LabB/DCT_HLS_Project/solution5/sim/vhdl/dct_buf_2d_in_memcore.vhd
Warning: CONV_INTEGER: There is an 'U'|'X'|'W'|'Z'|'-' in an arithmetic operand, and it has been converted to 0.
Time: 3308 ns  Iteration: 4  Process: /apatb_dct_top/AESL_inst_dct/col_inbuf_U/\gen_buffer(0)\/dct_buf_2d_in_memcore_U/dct_buf_2d_in_memcore_ram_U/memory_access_guard_0  File: /home/ga38qoh/EDA_Munish/SDSlabWork/work_dir/LabB/DCT_HLS_Project/solution5/sim/vhdl/dct_buf_2d_in_memcore.vhd
Warning: CONV_INTEGER: There is an 'U'|'X'|'W'|'Z'|'-' in an arithmetic operand, and it has been converted to 0.
Time: 3308 ns  Iteration: 4  Process: /apatb_dct_top/AESL_inst_dct/col_inbuf_U/\gen_buffer(0)\/dct_buf_2d_in_memcore_U/dct_buf_2d_in_memcore_ram_U/memory_access_guard_1  File: /home/ga38qoh/EDA_Munish/SDSlabWork/work_dir/LabB/DCT_HLS_Project/solution5/sim/vhdl/dct_buf_2d_in_memcore.vhd
Warning: CONV_INTEGER: There is an 'U'|'X'|'W'|'Z'|'-' in an arithmetic operand, and it has been converted to 0.
Time: 3308 ns  Iteration: 4  Process: /apatb_dct_top/AESL_inst_dct/col_inbuf_U/\gen_buffer(1)\/dct_buf_2d_in_memcore_U/dct_buf_2d_in_memcore_ram_U/memory_access_guard_1  File: /home/ga38qoh/EDA_Munish/SDSlabWork/work_dir/LabB/DCT_HLS_Project/solution5/sim/vhdl/dct_buf_2d_in_memcore.vhd
Warning: CONV_INTEGER: There is an 'U'|'X'|'W'|'Z'|'-' in an arithmetic operand, and it has been converted to 0.
Time: 3316 ns  Iteration: 6  Process: /apatb_dct_top/AESL_inst_dct/col_inbuf_U/\gen_buffer(0)\/dct_buf_2d_in_memcore_U/dct_buf_2d_in_memcore_ram_U/memory_access_guard_0  File: /home/ga38qoh/EDA_Munish/SDSlabWork/work_dir/LabB/DCT_HLS_Project/solution5/sim/vhdl/dct_buf_2d_in_memcore.vhd
Warning: CONV_INTEGER: There is an 'U'|'X'|'W'|'Z'|'-' in an arithmetic operand, and it has been converted to 0.
Time: 3316 ns  Iteration: 6  Process: /apatb_dct_top/AESL_inst_dct/col_inbuf_U/\gen_buffer(0)\/dct_buf_2d_in_memcore_U/dct_buf_2d_in_memcore_ram_U/memory_access_guard_1  File: /home/ga38qoh/EDA_Munish/SDSlabWork/work_dir/LabB/DCT_HLS_Project/solution5/sim/vhdl/dct_buf_2d_in_memcore.vhd
Warning: CONV_INTEGER: There is an 'U'|'X'|'W'|'Z'|'-' in an arithmetic operand, and it has been converted to 0.
Time: 3324 ns  Iteration: 6  Process: /apatb_dct_top/AESL_inst_dct/col_inbuf_U/\gen_buffer(0)\/dct_buf_2d_in_memcore_U/dct_buf_2d_in_memcore_ram_U/memory_access_guard_0  File: /home/ga38qoh/EDA_Munish/SDSlabWork/work_dir/LabB/DCT_HLS_Project/solution5/sim/vhdl/dct_buf_2d_in_memcore.vhd
Warning: CONV_INTEGER: There is an 'U'|'X'|'W'|'Z'|'-' in an arithmetic operand, and it has been converted to 0.
Time: 3324 ns  Iteration: 6  Process: /apatb_dct_top/AESL_inst_dct/col_inbuf_U/\gen_buffer(0)\/dct_buf_2d_in_memcore_U/dct_buf_2d_in_memcore_ram_U/memory_access_guard_1  File: /home/ga38qoh/EDA_Munish/SDSlabWork/work_dir/LabB/DCT_HLS_Project/solution5/sim/vhdl/dct_buf_2d_in_memcore.vhd
Warning: CONV_INTEGER: There is an 'U'|'X'|'W'|'Z'|'-' in an arithmetic operand, and it has been converted to 0.
Time: 4836 ns  Iteration: 6  Process: /apatb_dct_top/AESL_inst_dct/buf_2d_in_U/\gen_buffer(1)\/dct_buf_2d_in_memcore_U/dct_buf_2d_in_memcore_ram_U/memory_access_guard_0  File: /home/ga38qoh/EDA_Munish/SDSlabWork/work_dir/LabB/DCT_HLS_Project/solution5/sim/vhdl/dct_buf_2d_in_memcore.vhd
Warning: CONV_INTEGER: There is an 'U'|'X'|'W'|'Z'|'-' in an arithmetic operand, and it has been converted to 0.
Time: 4836 ns  Iteration: 6  Process: /apatb_dct_top/AESL_inst_dct/buf_2d_in_U/\gen_buffer(1)\/dct_buf_2d_in_memcore_U/dct_buf_2d_in_memcore_ram_U/memory_access_guard_1  File: /home/ga38qoh/EDA_Munish/SDSlabWork/work_dir/LabB/DCT_HLS_Project/solution5/sim/vhdl/dct_buf_2d_in_memcore.vhd
Warning: CONV_INTEGER: There is an 'U'|'X'|'W'|'Z'|'-' in an arithmetic operand, and it has been converted to 0.
Time: 4876 ns  Iteration: 4  Process: /apatb_dct_top/AESL_inst_dct/buf_2d_in_U/\gen_buffer(0)\/dct_buf_2d_in_memcore_U/dct_buf_2d_in_memcore_ram_U/memory_access_guard_0  File: /home/ga38qoh/EDA_Munish/SDSlabWork/work_dir/LabB/DCT_HLS_Project/solution5/sim/vhdl/dct_buf_2d_in_memcore.vhd
Warning: CONV_INTEGER: There is an 'U'|'X'|'W'|'Z'|'-' in an arithmetic operand, and it has been converted to 0.
Time: 4876 ns  Iteration: 4  Process: /apatb_dct_top/AESL_inst_dct/buf_2d_in_U/\gen_buffer(0)\/dct_buf_2d_in_memcore_U/dct_buf_2d_in_memcore_ram_U/memory_access_guard_1  File: /home/ga38qoh/EDA_Munish/SDSlabWork/work_dir/LabB/DCT_HLS_Project/solution5/sim/vhdl/dct_buf_2d_in_memcore.vhd
Warning: CONV_INTEGER: There is an 'U'|'X'|'W'|'Z'|'-' in an arithmetic operand, and it has been converted to 0.
Time: 4876 ns  Iteration: 4  Process: /apatb_dct_top/AESL_inst_dct/buf_2d_in_U/\gen_buffer(1)\/dct_buf_2d_in_memcore_U/dct_buf_2d_in_memcore_ram_U/memory_access_guard_1  File: /home/ga38qoh/EDA_Munish/SDSlabWork/work_dir/LabB/DCT_HLS_Project/solution5/sim/vhdl/dct_buf_2d_in_memcore.vhd
Warning: CONV_INTEGER: There is an 'U'|'X'|'W'|'Z'|'-' in an arithmetic operand, and it has been converted to 0.
Time: 5372 ns  Iteration: 6  Process: /apatb_dct_top/AESL_inst_dct/col_inbuf_U/\gen_buffer(0)\/dct_buf_2d_in_memcore_U/dct_buf_2d_in_memcore_ram_U/memory_access_guard_0  File: /home/ga38qoh/EDA_Munish/SDSlabWork/work_dir/LabB/DCT_HLS_Project/solution5/sim/vhdl/dct_buf_2d_in_memcore.vhd
Warning: CONV_INTEGER: There is an 'U'|'X'|'W'|'Z'|'-' in an arithmetic operand, and it has been converted to 0.
Time: 5372 ns  Iteration: 6  Process: /apatb_dct_top/AESL_inst_dct/col_inbuf_U/\gen_buffer(0)\/dct_buf_2d_in_memcore_U/dct_buf_2d_in_memcore_ram_U/memory_access_guard_1  File: /home/ga38qoh/EDA_Munish/SDSlabWork/work_dir/LabB/DCT_HLS_Project/solution5/sim/vhdl/dct_buf_2d_in_memcore.vhd
Warning: CONV_INTEGER: There is an 'U'|'X'|'W'|'Z'|'-' in an arithmetic operand, and it has been converted to 0.
Time: 5412 ns  Iteration: 4  Process: /apatb_dct_top/AESL_inst_dct/col_inbuf_U/\gen_buffer(0)\/dct_buf_2d_in_memcore_U/dct_buf_2d_in_memcore_ram_U/memory_access_guard_1  File: /home/ga38qoh/EDA_Munish/SDSlabWork/work_dir/LabB/DCT_HLS_Project/solution5/sim/vhdl/dct_buf_2d_in_memcore.vhd
Warning: CONV_INTEGER: There is an 'U'|'X'|'W'|'Z'|'-' in an arithmetic operand, and it has been converted to 0.
Time: 5412 ns  Iteration: 4  Process: /apatb_dct_top/AESL_inst_dct/col_inbuf_U/\gen_buffer(1)\/dct_buf_2d_in_memcore_U/dct_buf_2d_in_memcore_ram_U/memory_access_guard_0  File: /home/ga38qoh/EDA_Munish/SDSlabWork/work_dir/LabB/DCT_HLS_Project/solution5/sim/vhdl/dct_buf_2d_in_memcore.vhd
Warning: CONV_INTEGER: There is an 'U'|'X'|'W'|'Z'|'-' in an arithmetic operand, and it has been converted to 0.
Time: 5412 ns  Iteration: 4  Process: /apatb_dct_top/AESL_inst_dct/col_inbuf_U/\gen_buffer(1)\/dct_buf_2d_in_memcore_U/dct_buf_2d_in_memcore_ram_U/memory_access_guard_1  File: /home/ga38qoh/EDA_Munish/SDSlabWork/work_dir/LabB/DCT_HLS_Project/solution5/sim/vhdl/dct_buf_2d_in_memcore.vhd
Failure: simulation done!
Time: 6500400 ps  Iteration: 0  Process: /apatb_dct_top/generate_done_cnt_proc  File: /home/ga38qoh/EDA_Munish/SDSlabWork/work_dir/LabB/DCT_HLS_Project/solution5/sim/vhdl/dct.autotb.vhd
$finish called at time : 6500400 ps
## quit
INFO: [Common 17-206] Exiting xsim at Fri Mar 13 22:22:18 2015...
