03:28:30.969 INFO  - Processing command line option -hwspec /nfs/TUEIEDAprojects/SystemDesign/work/zynq/mamatha/uzair_sharif/EDA_Munish/work_dir/dualCore_SOGRER/videoProcessing_prj/SDK/SDK_Export/hw/system.xml. 
03:28:43.883 INFO  - Restoring local repository preferences: 
		 /home/ga38qoh/EDA_Munish/zedboard_training/ZynqSW/2013_3/Support_documents/sdk_repo 
03:36:44.093 INFO  - System reset is completed. 
03:36:48.661 INFO  - FPGA configured successfully with bitstream "/nfs/TUEIEDAprojects/SystemDesign/work/zynq/mamatha/uzair_sharif/EDA_Munish/work_dir/DSE/systems/SDK/SDK_Workspace/systems_hw_platform/system.bit" 
03:36:49.215 INFO  - ps7_init is completed. 
03:36:49.315 INFO  - ps7_post_config is completed. 
03:36:49.964 INFO  - Application is downloaded for ps7_cortexa9_0. (/nfs/TUEIEDAprojects/SystemDesign/work/zynq/mamatha/uzair_sharif/EDA_Munish/work_dir/DSE/systems/SDK/SDK_Workspace/SOERGR_sw/Debug/SOERGR_sw.elf) 
03:37:09.304 INFO  - System reset is completed. 
03:37:13.492 INFO  - FPGA configured successfully with bitstream "/nfs/TUEIEDAprojects/SystemDesign/work/zynq/mamatha/uzair_sharif/EDA_Munish/work_dir/DSE/systems/SDK/SDK_Workspace/systems_hw_platform/system.bit" 
03:37:14.045 INFO  - ps7_init is completed. 
03:37:14.145 INFO  - ps7_post_config is completed. 
03:37:14.741 INFO  - Application is downloaded for ps7_cortexa9_0. (/nfs/TUEIEDAprojects/SystemDesign/work/zynq/mamatha/uzair_sharif/EDA_Munish/work_dir/DSE/systems/SDK/SDK_Workspace/SOERGR_sw/Debug/SOERGR_sw.elf) 
03:38:04.991 INFO  - System reset is completed. 
03:38:09.272 INFO  - FPGA configured successfully with bitstream "/nfs/TUEIEDAprojects/SystemDesign/work/zynq/mamatha/uzair_sharif/EDA_Munish/work_dir/DSE/systems/SDK/SDK_Workspace/systems_hw_platform/system.bit" 
03:38:09.824 INFO  - ps7_init is completed. 
03:38:09.924 INFO  - ps7_post_config is completed. 
03:38:10.552 INFO  - Application is downloaded for ps7_cortexa9_0. (/nfs/TUEIEDAprojects/SystemDesign/work/zynq/mamatha/uzair_sharif/EDA_Munish/work_dir/DSE/systems/SDK/SDK_Workspace/SOERGR_sw/Debug/SOERGR_sw.elf) 
03:42:00.026 INFO  - System reset is completed. 
03:42:04.440 INFO  - FPGA configured successfully with bitstream "/nfs/TUEIEDAprojects/SystemDesign/work/zynq/mamatha/uzair_sharif/EDA_Munish/work_dir/DSE/systems/SDK/SDK_Workspace/systems_hw_platform/system.bit" 
03:42:04.988 INFO  - ps7_init is completed. 
03:42:05.088 INFO  - ps7_post_config is completed. 
03:42:05.737 INFO  - Application is downloaded for ps7_cortexa9_0. (/nfs/TUEIEDAprojects/SystemDesign/work/zynq/mamatha/uzair_sharif/EDA_Munish/work_dir/DSE/systems/SDK/SDK_Workspace/SOERGR_sw/Debug/SOERGR_sw.elf) 
