/home/ga73koz/thesis/xapp1167/sw/erode/xps_proj/implementation/system.ngc 1368804506
/home/ga73koz/thesis/xapp1167/sw/erode/xps_proj/implementation/system_hdmi_in_wrapper.ngc 1368802574
/home/ga73koz/thesis/xapp1167/sw/erode/xps_proj/implementation/system_video_mux_0_wrapper.ngc 1368802460
/home/ga73koz/thesis/xapp1167/sw/erode/xps_proj/implementation/system_ps7_0_wrapper.ngc 1368800978
/home/ga73koz/thesis/xapp1167/sw/erode/xps_proj/implementation/system_vid_in_axi4s_wrapper.ngc 1368802636
/home/ga73koz/thesis/xapp1167/sw/erode/xps_proj/implementation/system_clk_detect_0_wrapper.ngc 1368802482
/home/ga73koz/thesis/xapp1167/sw/erode/xps_proj/implementation/system_vtc_0_wrapper.ngc 1368802557
/home/ga73koz/thesis/xapp1167/sw/erode/xps_proj/implementation/system_logicvc_0_wrapper.ngc 1368804367
/home/ga73koz/thesis/xapp1167/sw/erode/xps_proj/implementation/system_axi4_lite_wrapper.ngc 1368804309
/home/ga73koz/thesis/xapp1167/sw/erode/xps_proj/implementation/system_axi4_0_wrapper.ngc 1368804290
/home/ga73koz/thesis/xapp1167/sw/erode/xps_proj/implementation/system_perf_mon_hp0_hp2_wrapper.ngc 1368804377
/home/ga73koz/thesis/xapp1167/sw/erode/xps_proj/implementation/system_axi4_1_wrapper.ngc 1368804300
/home/ga73koz/thesis/xapp1167/sw/erode/xps_proj/implementation/system_clock_generator_0_wrapper.ngc 1368804319
/home/ga73koz/thesis/xapp1167/sw/erode/xps_proj/implementation/system_proc_sys_reset_1_wrapper.ngc 1368802380
/home/ga73koz/thesis/xapp1167/sw/erode/xps_proj/implementation/system_tpg_0_wrapper.ngc 1368802619
/home/ga73koz/thesis/xapp1167/sw/erode/xps_proj/implementation/system_cresample_0_wrapper.ngc 1368804329
/home/ga73koz/thesis/xapp1167/sw/erode/xps_proj/implementation/system_yuv2rgb_0_wrapper.ngc 1368804338
/home/ga73koz/thesis/xapp1167/sw/erode/xps_proj/implementation/system_tpg_swrst_wrapper.ngc 1368802413
/home/ga73koz/thesis/xapp1167/sw/erode/xps_proj/implementation/system_filter_swrst_wrapper.ngc 1368802444
/home/ga73koz/thesis/xapp1167/sw/erode/xps_proj/implementation/system_tpg_vdma_wrapper.ngc 1368804348
/home/ga73koz/thesis/xapp1167/sw/erode/xps_proj/implementation/system_filter_vdma_wrapper.ngc 1368804358
/home/ga73koz/thesis/xapp1167/sw/erode/xps_proj/implementation/system_filter_engine_wrapper.ngc 1368803200
/home/ga73koz/thesis/xapp1167/sw/erode/xps_proj/implementation/system_tpg_swrst_ff_wrapper.ngc 1368802397
/home/ga73koz/thesis/xapp1167/sw/erode/xps_proj/implementation/system_filter_swrst_ff_wrapper.ngc 1368802428
OK
