13:47:19.470 INFO  - Processing command line option -hwspec /nfs/TUEIEDAprojects/SystemDesign/work/zynq/mamatha/uzair_sharif/EDA_Munish/work_dir/dualCore_SOGRER_slow/videoProcessing_prj/SDK/SDK_Export/hw/system.xml. 
13:51:55.991 INFO  - System reset is completed. 
13:52:00.516 INFO  - FPGA configured successfully with bitstream "/nfs/TUEIEDAprojects/SystemDesign/work/zynq/mamatha/uzair_sharif/EDA_Munish/work_dir/dualCore_SOGRER_slow/videoProcessing_prj/SDK/SDK_Workspace/videoProcessing_prj_hw_platform/system.bit" 
13:52:01.092 INFO  - ps7_init is completed. 
13:52:01.192 INFO  - ps7_post_config is completed. 
13:52:01.761 INFO  - Application is downloaded for ps7_cortexa9_0. (/nfs/TUEIEDAprojects/SystemDesign/work/zynq/mamatha/uzair_sharif/EDA_Munish/work_dir/dualCore_SOGRER_slow/videoProcessing_prj/SDK/SDK_Workspace/SOERGR_sw/Debug/SOERGR_sw.elf) 
13:52:24.806 ERROR - Unexpected error while parsing XMD response ￿: com.google.gson.JsonSyntaxException: com.google.gson.stream.MalformedJsonException: invalid number or unquoted string near  
14:14:17.751 INFO  - Processing command line option -hwspec /nfs/TUEIEDAprojects/SystemDesign/work/zynq/mamatha/uzair_sharif/EDA_Munish/work_dir/dualCore_SOGRER_slow/videoProcessing_prj/SDK/SDK_Export/hw/system.xml. 
14:14:19.268 INFO  - The hardware specification for project 'videoProcessing_prj_hw_platform' is different from /nfs/TUEIEDAprojects/SystemDesign/work/zynq/mamatha/uzair_sharif/EDA_Munish/work_dir/dualCore_SOGRER_slow/videoProcessing_prj/SDK/SDK_Export/hw/system.xml. 
14:14:19.522 INFO  - Copied contents of /nfs/TUEIEDAprojects/SystemDesign/work/zynq/mamatha/uzair_sharif/EDA_Munish/work_dir/dualCore_SOGRER_slow/videoProcessing_prj/SDK/SDK_Export/hw/system.xml into /videoProcessing_prj_hw_platform/system.xml. 
14:14:19.649 INFO  - Copied contents of /nfs/TUEIEDAprojects/SystemDesign/work/zynq/mamatha/uzair_sharif/EDA_Munish/work_dir/dualCore_SOGRER_slow/videoProcessing_prj/SDK/SDK_Export/hw/system.bit into /videoProcessing_prj_hw_platform/system.bit. 
14:14:19.709 INFO  - Copied contents of /nfs/TUEIEDAprojects/SystemDesign/work/zynq/mamatha/uzair_sharif/EDA_Munish/work_dir/dualCore_SOGRER_slow/videoProcessing_prj/SDK/SDK_Export/hw/ps7_init.c into /videoProcessing_prj_hw_platform/ps7_init.c. 
14:14:19.727 INFO  - Copied contents of /nfs/TUEIEDAprojects/SystemDesign/work/zynq/mamatha/uzair_sharif/EDA_Munish/work_dir/dualCore_SOGRER_slow/videoProcessing_prj/SDK/SDK_Export/hw/ps7_init.h into /videoProcessing_prj_hw_platform/ps7_init.h. 
14:14:19.774 INFO  - Copied contents of /nfs/TUEIEDAprojects/SystemDesign/work/zynq/mamatha/uzair_sharif/EDA_Munish/work_dir/dualCore_SOGRER_slow/videoProcessing_prj/SDK/SDK_Export/hw/ps7_init.html into /videoProcessing_prj_hw_platform/ps7_init.html. 
14:14:19.796 INFO  - Copied contents of /nfs/TUEIEDAprojects/SystemDesign/work/zynq/mamatha/uzair_sharif/EDA_Munish/work_dir/dualCore_SOGRER_slow/videoProcessing_prj/SDK/SDK_Export/hw/ps7_init.tcl into /videoProcessing_prj_hw_platform/ps7_init.tcl. 
14:14:20.199 INFO  - Synchronizing projects in the workspace with the hardware platform specification changes. 
14:14:22.568 INFO  - Updating hardware inferred compiler options for SOERGR_sw. 
14:14:22.579 INFO  - Clearing existing target manager status. 
14:14:28.087 ERROR - Unexpected error while parsing XMD response ￿: com.google.gson.JsonSyntaxException: com.google.gson.stream.MalformedJsonException: invalid number or unquoted string near  
14:14:50.629 INFO  - Project standalone_bsp_0 was a BSP project. Please update references. 
14:14:50.641 ERROR - SDK has detected that project standalone_bsp_0 has been deleted (or renamed).
If this project was a BSP referenced by other C/C++ applications, then those applications will fail to build now. Please right click on those applications and click 'Change Referenced BSP' to update those projects' BSP references. 
14:16:05.047 INFO  - System reset is completed. 
14:16:09.429 INFO  - FPGA configured successfully with bitstream "/nfs/TUEIEDAprojects/SystemDesign/work/zynq/mamatha/uzair_sharif/EDA_Munish/work_dir/dualCore_SOGRER_slow/videoProcessing_prj/SDK/SDK_Workspace/videoProcessing_prj_hw_platform/system.bit" 
14:16:09.975 INFO  - ps7_init is completed. 
14:16:09.980 INFO  - ps7_post_config is completed. 
14:16:10.599 INFO  - Application is downloaded for ps7_cortexa9_0. (/nfs/TUEIEDAprojects/SystemDesign/work/zynq/mamatha/uzair_sharif/EDA_Munish/work_dir/dualCore_SOGRER_slow/videoProcessing_prj/SDK/SDK_Workspace/SOERGR_sw/Debug/SOERGR_sw.elf) 
14:17:00.415 ERROR - Unexpected error while parsing XMD response ￿: com.google.gson.JsonSyntaxException: com.google.gson.stream.MalformedJsonException: invalid number or unquoted string near  
14:40:36.777 INFO  - Processing command line option -hwspec /nfs/TUEIEDAprojects/SystemDesign/work/zynq/mamatha/uzair_sharif/EDA_Munish/work_dir/dualCore_SOGRER_slow/videoProcessing_prj/SDK/SDK_Export/hw/system.xml. 
14:40:38.299 INFO  - The hardware specification for project 'videoProcessing_prj_hw_platform' is different from /nfs/TUEIEDAprojects/SystemDesign/work/zynq/mamatha/uzair_sharif/EDA_Munish/work_dir/dualCore_SOGRER_slow/videoProcessing_prj/SDK/SDK_Export/hw/system.xml. 
14:40:38.570 INFO  - Copied contents of /nfs/TUEIEDAprojects/SystemDesign/work/zynq/mamatha/uzair_sharif/EDA_Munish/work_dir/dualCore_SOGRER_slow/videoProcessing_prj/SDK/SDK_Export/hw/system.xml into /videoProcessing_prj_hw_platform/system.xml. 
14:40:38.667 INFO  - Copied contents of /nfs/TUEIEDAprojects/SystemDesign/work/zynq/mamatha/uzair_sharif/EDA_Munish/work_dir/dualCore_SOGRER_slow/videoProcessing_prj/SDK/SDK_Export/hw/system.bit into /videoProcessing_prj_hw_platform/system.bit. 
14:40:38.708 INFO  - Copied contents of /nfs/TUEIEDAprojects/SystemDesign/work/zynq/mamatha/uzair_sharif/EDA_Munish/work_dir/dualCore_SOGRER_slow/videoProcessing_prj/SDK/SDK_Export/hw/ps7_init.c into /videoProcessing_prj_hw_platform/ps7_init.c. 
14:40:38.719 INFO  - Copied contents of /nfs/TUEIEDAprojects/SystemDesign/work/zynq/mamatha/uzair_sharif/EDA_Munish/work_dir/dualCore_SOGRER_slow/videoProcessing_prj/SDK/SDK_Export/hw/ps7_init.h into /videoProcessing_prj_hw_platform/ps7_init.h. 
14:40:38.751 INFO  - Copied contents of /nfs/TUEIEDAprojects/SystemDesign/work/zynq/mamatha/uzair_sharif/EDA_Munish/work_dir/dualCore_SOGRER_slow/videoProcessing_prj/SDK/SDK_Export/hw/ps7_init.html into /videoProcessing_prj_hw_platform/ps7_init.html. 
14:40:38.764 INFO  - Copied contents of /nfs/TUEIEDAprojects/SystemDesign/work/zynq/mamatha/uzair_sharif/EDA_Munish/work_dir/dualCore_SOGRER_slow/videoProcessing_prj/SDK/SDK_Export/hw/ps7_init.tcl into /videoProcessing_prj_hw_platform/ps7_init.tcl. 
14:40:39.214 INFO  - Synchronizing projects in the workspace with the hardware platform specification changes. 
14:40:41.313 INFO  - Updating hardware inferred compiler options for SOERGR_sw. 
14:40:41.319 INFO  - Clearing existing target manager status. 
14:40:49.825 ERROR - Unexpected error while parsing XMD response ￿: com.google.gson.JsonSyntaxException: com.google.gson.stream.MalformedJsonException: invalid number or unquoted string near  
14:41:44.466 INFO  - Project standalone_bsp_0 was a BSP project. Please update references. 
14:41:44.487 ERROR - SDK has detected that project standalone_bsp_0 has been deleted (or renamed).
If this project was a BSP referenced by other C/C++ applications, then those applications will fail to build now. Please right click on those applications and click 'Change Referenced BSP' to update those projects' BSP references. 
14:43:41.476 INFO  - System reset is completed. 
14:43:45.843 INFO  - FPGA configured successfully with bitstream "/nfs/TUEIEDAprojects/SystemDesign/work/zynq/mamatha/uzair_sharif/EDA_Munish/work_dir/dualCore_SOGRER_slow/videoProcessing_prj/SDK/SDK_Workspace/videoProcessing_prj_hw_platform/system.bit" 
14:43:46.401 INFO  - ps7_init is completed. 
14:43:46.501 INFO  - ps7_post_config is completed. 
14:43:46.929 INFO  - Application is downloaded for ps7_cortexa9_0. (/nfs/TUEIEDAprojects/SystemDesign/work/zynq/mamatha/uzair_sharif/EDA_Munish/work_dir/dualCore_SOGRER_slow/videoProcessing_prj/SDK/SDK_Workspace/SOERGR_sw/Debug/SOERGR_sw.elf) 
14:44:43.293 INFO  - System reset is completed. 
14:44:47.634 INFO  - FPGA configured successfully with bitstream "/nfs/TUEIEDAprojects/SystemDesign/work/zynq/mamatha/uzair_sharif/EDA_Munish/work_dir/dualCore_SOGRER_slow/videoProcessing_prj/SDK/SDK_Workspace/videoProcessing_prj_hw_platform/system.bit" 
14:44:48.245 INFO  - ps7_init is completed. 
14:44:48.345 INFO  - ps7_post_config is completed. 
14:44:48.969 INFO  - Application is downloaded for ps7_cortexa9_0. (/nfs/TUEIEDAprojects/SystemDesign/work/zynq/mamatha/uzair_sharif/EDA_Munish/work_dir/dualCore_SOGRER_slow/videoProcessing_prj/SDK/SDK_Workspace/SOERGR_sw/Debug/SOERGR_sw.elf) 
14:45:06.725 ERROR - Unexpected error while parsing XMD response ￿: com.google.gson.JsonSyntaxException: com.google.gson.stream.MalformedJsonException: invalid number or unquoted string near  
15:22:36.085 INFO  - Processing command line option -hwspec /nfs/TUEIEDAprojects/SystemDesign/work/zynq/mamatha/uzair_sharif/EDA_Munish/work_dir/dualCore_SOGRER_slow/videoProcessing_prj/SDK/SDK_Export/hw/system.xml. 
15:22:37.565 INFO  - The hardware specification for project 'videoProcessing_prj_hw_platform' is different from /nfs/TUEIEDAprojects/SystemDesign/work/zynq/mamatha/uzair_sharif/EDA_Munish/work_dir/dualCore_SOGRER_slow/videoProcessing_prj/SDK/SDK_Export/hw/system.xml. 
15:22:37.972 INFO  - Copied contents of /nfs/TUEIEDAprojects/SystemDesign/work/zynq/mamatha/uzair_sharif/EDA_Munish/work_dir/dualCore_SOGRER_slow/videoProcessing_prj/SDK/SDK_Export/hw/system.xml into /videoProcessing_prj_hw_platform/system.xml. 
15:22:38.105 INFO  - Copied contents of /nfs/TUEIEDAprojects/SystemDesign/work/zynq/mamatha/uzair_sharif/EDA_Munish/work_dir/dualCore_SOGRER_slow/videoProcessing_prj/SDK/SDK_Export/hw/system.bit into /videoProcessing_prj_hw_platform/system.bit. 
15:22:38.502 INFO  - Copied contents of /nfs/TUEIEDAprojects/SystemDesign/work/zynq/mamatha/uzair_sharif/EDA_Munish/work_dir/dualCore_SOGRER_slow/videoProcessing_prj/SDK/SDK_Export/hw/ps7_init.c into /videoProcessing_prj_hw_platform/ps7_init.c. 
15:22:38.506 INFO  - Copied contents of /nfs/TUEIEDAprojects/SystemDesign/work/zynq/mamatha/uzair_sharif/EDA_Munish/work_dir/dualCore_SOGRER_slow/videoProcessing_prj/SDK/SDK_Export/hw/ps7_init.h into /videoProcessing_prj_hw_platform/ps7_init.h. 
15:22:38.543 INFO  - Copied contents of /nfs/TUEIEDAprojects/SystemDesign/work/zynq/mamatha/uzair_sharif/EDA_Munish/work_dir/dualCore_SOGRER_slow/videoProcessing_prj/SDK/SDK_Export/hw/ps7_init.html into /videoProcessing_prj_hw_platform/ps7_init.html. 
15:22:38.548 INFO  - Copied contents of /nfs/TUEIEDAprojects/SystemDesign/work/zynq/mamatha/uzair_sharif/EDA_Munish/work_dir/dualCore_SOGRER_slow/videoProcessing_prj/SDK/SDK_Export/hw/ps7_init.tcl into /videoProcessing_prj_hw_platform/ps7_init.tcl. 
15:22:38.786 INFO  - Synchronizing projects in the workspace with the hardware platform specification changes. 
15:22:40.951 INFO  - Updating hardware inferred compiler options for SOERGR_sw. 
15:22:40.968 INFO  - Clearing existing target manager status. 
15:22:50.068 INFO  - Project standalone_bsp_0 was a BSP project. Please update references. 
15:22:50.069 ERROR - SDK has detected that project standalone_bsp_0 has been deleted (or renamed).
If this project was a BSP referenced by other C/C++ applications, then those applications will fail to build now. Please right click on those applications and click 'Change Referenced BSP' to update those projects' BSP references. 
15:22:55.362 ERROR - Unexpected error while parsing XMD response ￿: com.google.gson.JsonSyntaxException: com.google.gson.stream.MalformedJsonException: invalid number or unquoted string near  
15:26:30.992 INFO  - System reset is completed. 
15:26:35.574 INFO  - FPGA configured successfully with bitstream "/nfs/TUEIEDAprojects/SystemDesign/work/zynq/mamatha/uzair_sharif/EDA_Munish/work_dir/dualCore_SOGRER_slow/videoProcessing_prj/SDK/SDK_Workspace/videoProcessing_prj_hw_platform/system.bit" 
15:26:36.129 INFO  - ps7_init is completed. 
15:26:36.229 INFO  - ps7_post_config is completed. 
15:26:36.851 INFO  - Application is downloaded for ps7_cortexa9_0. (/nfs/TUEIEDAprojects/SystemDesign/work/zynq/mamatha/uzair_sharif/EDA_Munish/work_dir/dualCore_SOGRER_slow/videoProcessing_prj/SDK/SDK_Workspace/SOERGR_sw/Debug/SOERGR_sw.elf) 
15:28:07.313 INFO  - System reset is completed. 
15:28:11.693 INFO  - FPGA configured successfully with bitstream "/nfs/TUEIEDAprojects/SystemDesign/work/zynq/mamatha/uzair_sharif/EDA_Munish/work_dir/dualCore_SOGRER_slow/videoProcessing_prj/SDK/SDK_Workspace/videoProcessing_prj_hw_platform/system.bit" 
15:28:12.249 INFO  - ps7_init is completed. 
15:28:12.349 INFO  - ps7_post_config is completed. 
15:28:12.942 INFO  - Application is downloaded for ps7_cortexa9_0. (/nfs/TUEIEDAprojects/SystemDesign/work/zynq/mamatha/uzair_sharif/EDA_Munish/work_dir/dualCore_SOGRER_slow/videoProcessing_prj/SDK/SDK_Workspace/SOERGR_sw/Debug/SOERGR_sw.elf) 
15:35:22.760 INFO  - System reset is completed. 
15:35:26.954 INFO  - FPGA configured successfully with bitstream "/nfs/TUEIEDAprojects/SystemDesign/work/zynq/mamatha/uzair_sharif/EDA_Munish/work_dir/dualCore_SOGRER_slow/videoProcessing_prj/SDK/SDK_Workspace/videoProcessing_prj_hw_platform/system.bit" 
15:35:27.521 INFO  - ps7_init is completed. 
15:35:27.621 INFO  - ps7_post_config is completed. 
15:35:28.213 INFO  - Application is downloaded for ps7_cortexa9_0. (/nfs/TUEIEDAprojects/SystemDesign/work/zynq/mamatha/uzair_sharif/EDA_Munish/work_dir/dualCore_SOGRER_slow/videoProcessing_prj/SDK/SDK_Workspace/SOERGR_sw/Debug/SOERGR_sw.elf) 
15:36:41.685 INFO  - System reset is completed. 
15:36:46.098 INFO  - FPGA configured successfully with bitstream "/nfs/TUEIEDAprojects/SystemDesign/work/zynq/mamatha/uzair_sharif/EDA_Munish/work_dir/dualCore_SOGRER_slow/videoProcessing_prj/SDK/SDK_Workspace/videoProcessing_prj_hw_platform/system.bit" 
15:36:46.653 INFO  - ps7_init is completed. 
15:36:46.753 INFO  - ps7_post_config is completed. 
15:36:47.140 INFO  - Application is downloaded for ps7_cortexa9_0. (/nfs/TUEIEDAprojects/SystemDesign/work/zynq/mamatha/uzair_sharif/EDA_Munish/work_dir/dualCore_SOGRER_slow/videoProcessing_prj/SDK/SDK_Workspace/SOERGR_sw/Debug/SOERGR_sw.elf) 
15:38:52.478 INFO  - System reset is completed. 
15:38:56.777 INFO  - FPGA configured successfully with bitstream "/nfs/TUEIEDAprojects/SystemDesign/work/zynq/mamatha/uzair_sharif/EDA_Munish/work_dir/dualCore_SOGRER_slow/videoProcessing_prj/SDK/SDK_Workspace/videoProcessing_prj_hw_platform/system.bit" 
15:38:57.226 INFO  - ps7_init is completed. 
15:38:57.326 INFO  - ps7_post_config is completed. 
15:38:57.961 INFO  - Application is downloaded for ps7_cortexa9_0. (/nfs/TUEIEDAprojects/SystemDesign/work/zynq/mamatha/uzair_sharif/EDA_Munish/work_dir/dualCore_SOGRER_slow/videoProcessing_prj/SDK/SDK_Workspace/SOERGR_sw/Debug/SOERGR_sw.elf) 
15:39:58.873 INFO  - System reset is completed. 
15:40:03.325 INFO  - FPGA configured successfully with bitstream "/nfs/TUEIEDAprojects/SystemDesign/work/zynq/mamatha/uzair_sharif/EDA_Munish/work_dir/dualCore_SOGRER_slow/videoProcessing_prj/SDK/SDK_Workspace/videoProcessing_prj_hw_platform/system.bit" 
15:40:03.873 INFO  - ps7_init is completed. 
15:40:03.973 INFO  - ps7_post_config is completed. 
15:40:04.604 INFO  - Application is downloaded for ps7_cortexa9_0. (/nfs/TUEIEDAprojects/SystemDesign/work/zynq/mamatha/uzair_sharif/EDA_Munish/work_dir/dualCore_SOGRER_slow/videoProcessing_prj/SDK/SDK_Workspace/SOERGR_sw/Debug/SOERGR_sw.elf) 
16:00:34.201 ERROR - Unexpected error while parsing XMD response ￿: com.google.gson.JsonSyntaxException: com.google.gson.stream.MalformedJsonException: invalid number or unquoted string near  
16:41:51.870 INFO  - Processing command line option -hwspec /nfs/TUEIEDAprojects/SystemDesign/work/zynq/mamatha/uzair_sharif/EDA_Munish/work_dir/dualCore_SOGRER_slow/videoProcessing_prj/SDK/SDK_Export/hw/system.xml. 
16:41:53.493 INFO  - The hardware specification for project 'videoProcessing_prj_hw_platform' is different from /nfs/TUEIEDAprojects/SystemDesign/work/zynq/mamatha/uzair_sharif/EDA_Munish/work_dir/dualCore_SOGRER_slow/videoProcessing_prj/SDK/SDK_Export/hw/system.xml. 
16:41:53.731 INFO  - Copied contents of /nfs/TUEIEDAprojects/SystemDesign/work/zynq/mamatha/uzair_sharif/EDA_Munish/work_dir/dualCore_SOGRER_slow/videoProcessing_prj/SDK/SDK_Export/hw/system.xml into /videoProcessing_prj_hw_platform/system.xml. 
16:41:53.865 INFO  - Copied contents of /nfs/TUEIEDAprojects/SystemDesign/work/zynq/mamatha/uzair_sharif/EDA_Munish/work_dir/dualCore_SOGRER_slow/videoProcessing_prj/SDK/SDK_Export/hw/system.bit into /videoProcessing_prj_hw_platform/system.bit. 
16:41:53.914 INFO  - Copied contents of /nfs/TUEIEDAprojects/SystemDesign/work/zynq/mamatha/uzair_sharif/EDA_Munish/work_dir/dualCore_SOGRER_slow/videoProcessing_prj/SDK/SDK_Export/hw/ps7_init.c into /videoProcessing_prj_hw_platform/ps7_init.c. 
16:41:53.923 INFO  - Copied contents of /nfs/TUEIEDAprojects/SystemDesign/work/zynq/mamatha/uzair_sharif/EDA_Munish/work_dir/dualCore_SOGRER_slow/videoProcessing_prj/SDK/SDK_Export/hw/ps7_init.h into /videoProcessing_prj_hw_platform/ps7_init.h. 
16:41:53.945 INFO  - Copied contents of /nfs/TUEIEDAprojects/SystemDesign/work/zynq/mamatha/uzair_sharif/EDA_Munish/work_dir/dualCore_SOGRER_slow/videoProcessing_prj/SDK/SDK_Export/hw/ps7_init.html into /videoProcessing_prj_hw_platform/ps7_init.html. 
16:41:53.951 INFO  - Copied contents of /nfs/TUEIEDAprojects/SystemDesign/work/zynq/mamatha/uzair_sharif/EDA_Munish/work_dir/dualCore_SOGRER_slow/videoProcessing_prj/SDK/SDK_Export/hw/ps7_init.tcl into /videoProcessing_prj_hw_platform/ps7_init.tcl. 
16:41:54.394 INFO  - Synchronizing projects in the workspace with the hardware platform specification changes. 
16:41:56.697 INFO  - Updating hardware inferred compiler options for SOERGR_sw. 
16:41:56.708 INFO  - Clearing existing target manager status. 
16:42:06.608 INFO  - Project standalone_bsp_0 was a BSP project. Please update references. 
16:42:06.610 ERROR - SDK has detected that project standalone_bsp_0 has been deleted (or renamed).
If this project was a BSP referenced by other C/C++ applications, then those applications will fail to build now. Please right click on those applications and click 'Change Referenced BSP' to update those projects' BSP references. 
16:42:23.531 ERROR - Unexpected error while parsing XMD response ￿: com.google.gson.JsonSyntaxException: com.google.gson.stream.MalformedJsonException: invalid number or unquoted string near  
16:46:44.281 INFO  - System reset is completed. 
16:46:48.906 INFO  - FPGA configured successfully with bitstream "/nfs/TUEIEDAprojects/SystemDesign/work/zynq/mamatha/uzair_sharif/EDA_Munish/work_dir/dualCore_SOGRER_slow/videoProcessing_prj/SDK/SDK_Workspace/videoProcessing_prj_hw_platform/system.bit" 
16:46:49.500 INFO  - ps7_init is completed. 
16:46:49.600 INFO  - ps7_post_config is completed. 
16:46:50.178 INFO  - Application is downloaded for ps7_cortexa9_0. (/nfs/TUEIEDAprojects/SystemDesign/work/zynq/mamatha/uzair_sharif/EDA_Munish/work_dir/dualCore_SOGRER_slow/videoProcessing_prj/SDK/SDK_Workspace/SOERGR_sw/Debug/SOERGR_sw.elf) 
16:47:57.198 INFO  - System reset is completed. 
16:48:01.590 INFO  - FPGA configured successfully with bitstream "/nfs/TUEIEDAprojects/SystemDesign/work/zynq/mamatha/uzair_sharif/EDA_Munish/work_dir/dualCore_SOGRER_slow/videoProcessing_prj/SDK/SDK_Workspace/videoProcessing_prj_hw_platform/system.bit" 
16:48:02.178 INFO  - ps7_init is completed. 
16:48:02.278 INFO  - ps7_post_config is completed. 
16:48:02.716 INFO  - Application is downloaded for ps7_cortexa9_0. (/nfs/TUEIEDAprojects/SystemDesign/work/zynq/mamatha/uzair_sharif/EDA_Munish/work_dir/dualCore_SOGRER_slow/videoProcessing_prj/SDK/SDK_Workspace/SOERGR_sw/Debug/SOERGR_sw.elf) 
16:48:45.044 INFO  - System reset is completed. 
16:48:49.492 INFO  - FPGA configured successfully with bitstream "/nfs/TUEIEDAprojects/SystemDesign/work/zynq/mamatha/uzair_sharif/EDA_Munish/work_dir/dualCore_SOGRER_slow/videoProcessing_prj/SDK/SDK_Workspace/videoProcessing_prj_hw_platform/system.bit" 
16:48:49.966 INFO  - ps7_init is completed. 
16:48:50.066 INFO  - ps7_post_config is completed. 
16:48:50.609 INFO  - Application is downloaded for ps7_cortexa9_0. (/nfs/TUEIEDAprojects/SystemDesign/work/zynq/mamatha/uzair_sharif/EDA_Munish/work_dir/dualCore_SOGRER_slow/videoProcessing_prj/SDK/SDK_Workspace/SOERGR_sw/Debug/SOERGR_sw.elf) 
16:55:45.212 INFO  - System reset is completed. 
16:55:49.496 INFO  - FPGA configured successfully with bitstream "/nfs/TUEIEDAprojects/SystemDesign/work/zynq/mamatha/uzair_sharif/EDA_Munish/work_dir/dualCore_SOGRER_slow/videoProcessing_prj/SDK/SDK_Workspace/videoProcessing_prj_hw_platform/system.bit" 
16:55:50.048 INFO  - ps7_init is completed. 
16:55:50.148 INFO  - ps7_post_config is completed. 
16:55:50.779 INFO  - Application is downloaded for ps7_cortexa9_0. (/nfs/TUEIEDAprojects/SystemDesign/work/zynq/mamatha/uzair_sharif/EDA_Munish/work_dir/dualCore_SOGRER_slow/videoProcessing_prj/SDK/SDK_Workspace/SOERGR_sw/Debug/SOERGR_sw.elf) 
16:56:24.763 ERROR - Unexpected error while parsing XMD response ￿: com.google.gson.JsonSyntaxException: com.google.gson.stream.MalformedJsonException: invalid number or unquoted string near  
17:14:13.434 INFO  - System reset is completed. 
17:14:18.129 INFO  - FPGA configured successfully with bitstream "/nfs/TUEIEDAprojects/SystemDesign/work/zynq/mamatha/uzair_sharif/EDA_Munish/work_dir/dualCore_SOGRER_slow/videoProcessing_prj/SDK/SDK_Workspace/videoProcessing_prj_hw_platform/system.bit" 
17:14:18.727 INFO  - ps7_init is completed. 
17:14:18.827 INFO  - ps7_post_config is completed. 
17:14:19.499 INFO  - Application is downloaded for ps7_cortexa9_0. (/nfs/TUEIEDAprojects/SystemDesign/work/zynq/mamatha/uzair_sharif/EDA_Munish/work_dir/dualCore_SOGRER_slow/videoProcessing_prj/SDK/SDK_Workspace/SOERGR_sw/Debug/SOERGR_sw.elf) 
17:14:53.451 ERROR - Unexpected error while parsing XMD response ￿: com.google.gson.JsonSyntaxException: com.google.gson.stream.MalformedJsonException: invalid number or unquoted string near  
14:54:13.677 INFO  - Processing command line option -hwspec /nfs/TUEIEDAprojects/SystemDesign/work/zynq/mamatha/uzair_sharif/EDA_Munish/work_dir/dualCore_SOGRER_slow/videoProcessing_prj/SDK/SDK_Export/hw/system.xml. 
14:54:15.308 INFO  - The hardware specification for project 'videoProcessing_prj_hw_platform' is different from /nfs/TUEIEDAprojects/SystemDesign/work/zynq/mamatha/uzair_sharif/EDA_Munish/work_dir/dualCore_SOGRER_slow/videoProcessing_prj/SDK/SDK_Export/hw/system.xml. 
14:54:15.756 INFO  - Copied contents of /nfs/TUEIEDAprojects/SystemDesign/work/zynq/mamatha/uzair_sharif/EDA_Munish/work_dir/dualCore_SOGRER_slow/videoProcessing_prj/SDK/SDK_Export/hw/system.xml into /videoProcessing_prj_hw_platform/system.xml. 
14:54:15.895 INFO  - Copied contents of /nfs/TUEIEDAprojects/SystemDesign/work/zynq/mamatha/uzair_sharif/EDA_Munish/work_dir/dualCore_SOGRER_slow/videoProcessing_prj/SDK/SDK_Export/hw/system.bit into /videoProcessing_prj_hw_platform/system.bit. 
14:54:15.954 INFO  - Copied contents of /nfs/TUEIEDAprojects/SystemDesign/work/zynq/mamatha/uzair_sharif/EDA_Munish/work_dir/dualCore_SOGRER_slow/videoProcessing_prj/SDK/SDK_Export/hw/ps7_init.c into /videoProcessing_prj_hw_platform/ps7_init.c. 
14:54:15.962 INFO  - Copied contents of /nfs/TUEIEDAprojects/SystemDesign/work/zynq/mamatha/uzair_sharif/EDA_Munish/work_dir/dualCore_SOGRER_slow/videoProcessing_prj/SDK/SDK_Export/hw/ps7_init.h into /videoProcessing_prj_hw_platform/ps7_init.h. 
14:54:15.998 INFO  - Copied contents of /nfs/TUEIEDAprojects/SystemDesign/work/zynq/mamatha/uzair_sharif/EDA_Munish/work_dir/dualCore_SOGRER_slow/videoProcessing_prj/SDK/SDK_Export/hw/ps7_init.html into /videoProcessing_prj_hw_platform/ps7_init.html. 
14:54:16.014 INFO  - Copied contents of /nfs/TUEIEDAprojects/SystemDesign/work/zynq/mamatha/uzair_sharif/EDA_Munish/work_dir/dualCore_SOGRER_slow/videoProcessing_prj/SDK/SDK_Export/hw/ps7_init.tcl into /videoProcessing_prj_hw_platform/ps7_init.tcl. 
14:54:16.254 INFO  - Synchronizing projects in the workspace with the hardware platform specification changes. 
14:54:19.073 INFO  - Updating hardware inferred compiler options for SOERGR_sw. 
14:54:19.084 INFO  - Clearing existing target manager status. 
14:56:23.076 INFO  - System reset is completed. 
14:56:27.667 INFO  - FPGA configured successfully with bitstream "/nfs/TUEIEDAprojects/SystemDesign/work/zynq/mamatha/uzair_sharif/EDA_Munish/work_dir/dualCore_SOGRER_slow/videoProcessing_prj/SDK/SDK_Workspace/videoProcessing_prj_hw_platform/system.bit" 
14:56:28.282 INFO  - ps7_init is completed. 
14:56:28.382 INFO  - ps7_post_config is completed. 
14:56:28.979 INFO  - Application is downloaded for ps7_cortexa9_0. (/nfs/TUEIEDAprojects/SystemDesign/work/zynq/mamatha/uzair_sharif/EDA_Munish/work_dir/dualCore_SOGRER_slow/videoProcessing_prj/SDK/SDK_Workspace/SOERGR_sw/Debug/SOERGR_sw.elf) 
14:57:27.238 ERROR - Unexpected error while parsing XMD response ￿: com.google.gson.JsonSyntaxException: com.google.gson.stream.MalformedJsonException: invalid number or unquoted string near  
15:43:52.710 INFO  - Processing command line option -hwspec /nfs/TUEIEDAprojects/SystemDesign/work/zynq/mamatha/uzair_sharif/EDA_Munish/work_dir/dualCore_SOGRER_slow/videoProcessing_prj/SDK/SDK_Export/hw/system.xml. 
15:43:54.539 INFO  - The hardware specification for project 'videoProcessing_prj_hw_platform' is different from /nfs/TUEIEDAprojects/SystemDesign/work/zynq/mamatha/uzair_sharif/EDA_Munish/work_dir/dualCore_SOGRER_slow/videoProcessing_prj/SDK/SDK_Export/hw/system.xml. 
15:43:54.802 INFO  - Copied contents of /nfs/TUEIEDAprojects/SystemDesign/work/zynq/mamatha/uzair_sharif/EDA_Munish/work_dir/dualCore_SOGRER_slow/videoProcessing_prj/SDK/SDK_Export/hw/system.xml into /videoProcessing_prj_hw_platform/system.xml. 
15:43:54.986 INFO  - Copied contents of /nfs/TUEIEDAprojects/SystemDesign/work/zynq/mamatha/uzair_sharif/EDA_Munish/work_dir/dualCore_SOGRER_slow/videoProcessing_prj/SDK/SDK_Export/hw/system.bit into /videoProcessing_prj_hw_platform/system.bit. 
15:43:56.197 INFO  - Copied contents of /nfs/TUEIEDAprojects/SystemDesign/work/zynq/mamatha/uzair_sharif/EDA_Munish/work_dir/dualCore_SOGRER_slow/videoProcessing_prj/SDK/SDK_Export/hw/ps7_init.c into /videoProcessing_prj_hw_platform/ps7_init.c. 
15:43:56.455 INFO  - Copied contents of /nfs/TUEIEDAprojects/SystemDesign/work/zynq/mamatha/uzair_sharif/EDA_Munish/work_dir/dualCore_SOGRER_slow/videoProcessing_prj/SDK/SDK_Export/hw/ps7_init.h into /videoProcessing_prj_hw_platform/ps7_init.h. 
15:43:56.528 INFO  - Copied contents of /nfs/TUEIEDAprojects/SystemDesign/work/zynq/mamatha/uzair_sharif/EDA_Munish/work_dir/dualCore_SOGRER_slow/videoProcessing_prj/SDK/SDK_Export/hw/ps7_init.html into /videoProcessing_prj_hw_platform/ps7_init.html. 
15:43:56.553 INFO  - Copied contents of /nfs/TUEIEDAprojects/SystemDesign/work/zynq/mamatha/uzair_sharif/EDA_Munish/work_dir/dualCore_SOGRER_slow/videoProcessing_prj/SDK/SDK_Export/hw/ps7_init.tcl into /videoProcessing_prj_hw_platform/ps7_init.tcl. 
15:43:57.017 INFO  - Synchronizing projects in the workspace with the hardware platform specification changes. 
15:43:59.246 INFO  - Updating hardware inferred compiler options for SOERGR_sw. 
15:43:59.255 INFO  - Clearing existing target manager status. 
17:28:29.356 INFO  - System reset is completed. 
17:28:34.293 INFO  - FPGA configured successfully with bitstream "/nfs/TUEIEDAprojects/SystemDesign/work/zynq/mamatha/uzair_sharif/EDA_Munish/work_dir/dualCore_SOGRER_slow/videoProcessing_prj/SDK/SDK_Workspace/videoProcessing_prj_hw_platform/system.bit" 
17:28:34.813 INFO  - ps7_init is completed. 
17:28:34.913 INFO  - ps7_post_config is completed. 
17:28:35.622 INFO  - Application is downloaded for ps7_cortexa9_0. (/nfs/TUEIEDAprojects/SystemDesign/work/zynq/mamatha/uzair_sharif/EDA_Munish/work_dir/dualCore_SOGRER_slow/videoProcessing_prj/SDK/SDK_Workspace/SOERGR_sw/Debug/SOERGR_sw.elf) 
17:55:00.836 INFO  - System reset is completed. 
17:55:05.381 INFO  - FPGA configured successfully with bitstream "/nfs/TUEIEDAprojects/SystemDesign/work/zynq/mamatha/uzair_sharif/EDA_Munish/work_dir/dualCore_SOGRER_slow/videoProcessing_prj/SDK/SDK_Workspace/videoProcessing_prj_hw_platform/system.bit" 
17:55:05.980 INFO  - ps7_init is completed. 
17:55:06.080 INFO  - ps7_post_config is completed. 
17:55:06.713 INFO  - Application is downloaded for ps7_cortexa9_0. (/nfs/TUEIEDAprojects/SystemDesign/work/zynq/mamatha/uzair_sharif/EDA_Munish/work_dir/dualCore_SOGRER_slow/videoProcessing_prj/SDK/SDK_Workspace/SOERGR_sw/Debug/SOERGR_sw.elf) 
17:59:20.715 INFO  - System reset is completed. 
17:59:25.126 INFO  - FPGA configured successfully with bitstream "/nfs/TUEIEDAprojects/SystemDesign/work/zynq/mamatha/uzair_sharif/EDA_Munish/work_dir/dualCore_SOGRER_slow/videoProcessing_prj/SDK/SDK_Workspace/videoProcessing_prj_hw_platform/system.bit" 
17:59:25.704 INFO  - ps7_init is completed. 
17:59:25.804 INFO  - ps7_post_config is completed. 
17:59:26.455 INFO  - Application is downloaded for ps7_cortexa9_0. (/nfs/TUEIEDAprojects/SystemDesign/work/zynq/mamatha/uzair_sharif/EDA_Munish/work_dir/dualCore_SOGRER_slow/videoProcessing_prj/SDK/SDK_Workspace/SOERGR_sw/Debug/SOERGR_sw.elf) 
18:02:15.447 INFO  - System reset is completed. 
18:02:20.046 INFO  - FPGA configured successfully with bitstream "/nfs/TUEIEDAprojects/SystemDesign/work/zynq/mamatha/uzair_sharif/EDA_Munish/work_dir/dualCore_SOGRER_slow/videoProcessing_prj/SDK/SDK_Workspace/videoProcessing_prj_hw_platform/system.bit" 
18:02:20.630 INFO  - ps7_init is completed. 
18:02:20.730 INFO  - ps7_post_config is completed. 
18:02:21.390 INFO  - Application is downloaded for ps7_cortexa9_0. (/nfs/TUEIEDAprojects/SystemDesign/work/zynq/mamatha/uzair_sharif/EDA_Munish/work_dir/dualCore_SOGRER_slow/videoProcessing_prj/SDK/SDK_Workspace/SOERGR_sw/Debug/SOERGR_sw.elf) 
19:01:28.558 INFO  - System reset is completed. 
19:01:33.042 INFO  - FPGA configured successfully with bitstream "/nfs/TUEIEDAprojects/SystemDesign/work/zynq/mamatha/uzair_sharif/EDA_Munish/work_dir/dualCore_SOGRER_slow/videoProcessing_prj/SDK/SDK_Workspace/videoProcessing_prj_hw_platform/system.bit" 
19:01:33.613 INFO  - ps7_init is completed. 
19:01:33.713 INFO  - ps7_post_config is completed. 
19:01:34.395 INFO  - Application is downloaded for ps7_cortexa9_0. (/nfs/TUEIEDAprojects/SystemDesign/work/zynq/mamatha/uzair_sharif/EDA_Munish/work_dir/dualCore_SOGRER_slow/videoProcessing_prj/SDK/SDK_Workspace/SOERGR_sw/Debug/SOERGR_sw.elf) 
19:02:52.108 INFO  - System reset is completed. 
19:02:56.616 INFO  - FPGA configured successfully with bitstream "/nfs/TUEIEDAprojects/SystemDesign/work/zynq/mamatha/uzair_sharif/EDA_Munish/work_dir/dualCore_SOGRER_slow/videoProcessing_prj/SDK/SDK_Workspace/videoProcessing_prj_hw_platform/system.bit" 
19:02:57.054 INFO  - ps7_init is completed. 
19:02:57.154 INFO  - ps7_post_config is completed. 
19:02:57.780 INFO  - Application is downloaded for ps7_cortexa9_0. (/nfs/TUEIEDAprojects/SystemDesign/work/zynq/mamatha/uzair_sharif/EDA_Munish/work_dir/dualCore_SOGRER_slow/videoProcessing_prj/SDK/SDK_Workspace/SOERGR_sw/Debug/SOERGR_sw.elf) 
19:04:04.477 INFO  - System reset is completed. 
19:04:08.874 INFO  - FPGA configured successfully with bitstream "/nfs/TUEIEDAprojects/SystemDesign/work/zynq/mamatha/uzair_sharif/EDA_Munish/work_dir/dualCore_SOGRER_slow/videoProcessing_prj/SDK/SDK_Workspace/videoProcessing_prj_hw_platform/system.bit" 
19:04:09.330 INFO  - ps7_init is completed. 
19:04:09.430 INFO  - ps7_post_config is completed. 
19:04:10.070 INFO  - Application is downloaded for ps7_cortexa9_0. (/nfs/TUEIEDAprojects/SystemDesign/work/zynq/mamatha/uzair_sharif/EDA_Munish/work_dir/dualCore_SOGRER_slow/videoProcessing_prj/SDK/SDK_Workspace/SOERGR_sw/Debug/SOERGR_sw.elf) 
19:04:25.889 INFO  - System reset is completed. 
19:04:30.200 INFO  - FPGA configured successfully with bitstream "/nfs/TUEIEDAprojects/SystemDesign/work/zynq/mamatha/uzair_sharif/EDA_Munish/work_dir/dualCore_SOGRER_slow/videoProcessing_prj/SDK/SDK_Workspace/videoProcessing_prj_hw_platform/system.bit" 
19:04:30.762 INFO  - ps7_init is completed. 
19:04:30.862 INFO  - ps7_post_config is completed. 
19:04:31.491 INFO  - Application is downloaded for ps7_cortexa9_0. (/nfs/TUEIEDAprojects/SystemDesign/work/zynq/mamatha/uzair_sharif/EDA_Munish/work_dir/dualCore_SOGRER_slow/videoProcessing_prj/SDK/SDK_Workspace/SOERGR_sw/Debug/SOERGR_sw.elf) 
19:05:43.852 INFO  - System reset is completed. 
19:05:48.302 INFO  - FPGA configured successfully with bitstream "/nfs/TUEIEDAprojects/SystemDesign/work/zynq/mamatha/uzair_sharif/EDA_Munish/work_dir/dualCore_SOGRER_slow/videoProcessing_prj/SDK/SDK_Workspace/videoProcessing_prj_hw_platform/system.bit" 
19:05:48.850 INFO  - ps7_init is completed. 
19:05:48.950 INFO  - ps7_post_config is completed. 
19:05:49.533 INFO  - Application is downloaded for ps7_cortexa9_0. (/nfs/TUEIEDAprojects/SystemDesign/work/zynq/mamatha/uzair_sharif/EDA_Munish/work_dir/dualCore_SOGRER_slow/videoProcessing_prj/SDK/SDK_Workspace/SOERGR_sw/Debug/SOERGR_sw.elf) 
19:06:31.082 INFO  - System reset is completed. 
19:06:35.519 INFO  - FPGA configured successfully with bitstream "/nfs/TUEIEDAprojects/SystemDesign/work/zynq/mamatha/uzair_sharif/EDA_Munish/work_dir/dualCore_SOGRER_slow/videoProcessing_prj/SDK/SDK_Workspace/videoProcessing_prj_hw_platform/system.bit" 
19:06:36.094 INFO  - ps7_init is completed. 
19:06:36.195 INFO  - ps7_post_config is completed. 
19:06:36.776 INFO  - Application is downloaded for ps7_cortexa9_0. (/nfs/TUEIEDAprojects/SystemDesign/work/zynq/mamatha/uzair_sharif/EDA_Munish/work_dir/dualCore_SOGRER_slow/videoProcessing_prj/SDK/SDK_Workspace/SOERGR_sw/Debug/SOERGR_sw.elf) 
19:07:47.230 INFO  - System reset is completed. 
19:07:51.687 INFO  - FPGA configured successfully with bitstream "/nfs/TUEIEDAprojects/SystemDesign/work/zynq/mamatha/uzair_sharif/EDA_Munish/work_dir/dualCore_SOGRER_slow/videoProcessing_prj/SDK/SDK_Workspace/videoProcessing_prj_hw_platform/system.bit" 
19:07:52.235 INFO  - ps7_init is completed. 
19:07:52.335 INFO  - ps7_post_config is completed. 
19:07:52.918 INFO  - Application is downloaded for ps7_cortexa9_0. (/nfs/TUEIEDAprojects/SystemDesign/work/zynq/mamatha/uzair_sharif/EDA_Munish/work_dir/dualCore_SOGRER_slow/videoProcessing_prj/SDK/SDK_Workspace/SOERGR_sw/Debug/SOERGR_sw.elf) 
19:08:47.530 INFO  - System reset is completed. 
19:08:51.985 INFO  - FPGA configured successfully with bitstream "/nfs/TUEIEDAprojects/SystemDesign/work/zynq/mamatha/uzair_sharif/EDA_Munish/work_dir/dualCore_SOGRER_slow/videoProcessing_prj/SDK/SDK_Workspace/videoProcessing_prj_hw_platform/system.bit" 
19:08:52.535 INFO  - ps7_init is completed. 
19:08:52.636 INFO  - ps7_post_config is completed. 
19:08:53.223 INFO  - Application is downloaded for ps7_cortexa9_0. (/nfs/TUEIEDAprojects/SystemDesign/work/zynq/mamatha/uzair_sharif/EDA_Munish/work_dir/dualCore_SOGRER_slow/videoProcessing_prj/SDK/SDK_Workspace/SOERGR_sw/Debug/SOERGR_sw.elf) 
19:09:37.966 INFO  - System reset is completed. 
19:09:42.397 INFO  - FPGA configured successfully with bitstream "/nfs/TUEIEDAprojects/SystemDesign/work/zynq/mamatha/uzair_sharif/EDA_Munish/work_dir/dualCore_SOGRER_slow/videoProcessing_prj/SDK/SDK_Workspace/videoProcessing_prj_hw_platform/system.bit" 
19:09:42.964 INFO  - ps7_init is completed. 
19:09:43.064 INFO  - ps7_post_config is completed. 
19:09:43.651 INFO  - Application is downloaded for ps7_cortexa9_0. (/nfs/TUEIEDAprojects/SystemDesign/work/zynq/mamatha/uzair_sharif/EDA_Munish/work_dir/dualCore_SOGRER_slow/videoProcessing_prj/SDK/SDK_Workspace/SOERGR_sw/Debug/SOERGR_sw.elf) 
19:10:21.873 INFO  - System reset is completed. 
19:10:26.314 INFO  - FPGA configured successfully with bitstream "/nfs/TUEIEDAprojects/SystemDesign/work/zynq/mamatha/uzair_sharif/EDA_Munish/work_dir/dualCore_SOGRER_slow/videoProcessing_prj/SDK/SDK_Workspace/videoProcessing_prj_hw_platform/system.bit" 
19:10:26.863 INFO  - ps7_init is completed. 
19:10:26.963 INFO  - ps7_post_config is completed. 
19:10:27.547 INFO  - Application is downloaded for ps7_cortexa9_0. (/nfs/TUEIEDAprojects/SystemDesign/work/zynq/mamatha/uzair_sharif/EDA_Munish/work_dir/dualCore_SOGRER_slow/videoProcessing_prj/SDK/SDK_Workspace/SOERGR_sw/Debug/SOERGR_sw.elf) 
19:15:36.793 INFO  - System reset is completed. 
19:15:41.031 INFO  - FPGA configured successfully with bitstream "/nfs/TUEIEDAprojects/SystemDesign/work/zynq/mamatha/uzair_sharif/EDA_Munish/work_dir/dualCore_SOGRER_slow/videoProcessing_prj/SDK/SDK_Workspace/videoProcessing_prj_hw_platform/system.bit" 
19:15:41.615 INFO  - ps7_init is completed. 
19:15:41.715 INFO  - ps7_post_config is completed. 
19:15:42.287 INFO  - Application is downloaded for ps7_cortexa9_0. (/nfs/TUEIEDAprojects/SystemDesign/work/zynq/mamatha/uzair_sharif/EDA_Munish/work_dir/dualCore_SOGRER_slow/videoProcessing_prj/SDK/SDK_Workspace/SOERGR_sw/Debug/SOERGR_sw.elf) 
19:19:42.812 INFO  - System reset is completed. 
19:19:47.271 INFO  - FPGA configured successfully with bitstream "/nfs/TUEIEDAprojects/SystemDesign/work/zynq/mamatha/uzair_sharif/EDA_Munish/work_dir/dualCore_SOGRER_slow/videoProcessing_prj/SDK/SDK_Workspace/videoProcessing_prj_hw_platform/system.bit" 
19:19:47.727 INFO  - ps7_init is completed. 
19:19:47.827 INFO  - ps7_post_config is completed. 
19:19:48.407 INFO  - Application is downloaded for ps7_cortexa9_0. (/nfs/TUEIEDAprojects/SystemDesign/work/zynq/mamatha/uzair_sharif/EDA_Munish/work_dir/dualCore_SOGRER_slow/videoProcessing_prj/SDK/SDK_Workspace/SOERGR_sw/Debug/SOERGR_sw.elf) 
19:20:31.445 INFO  - System reset is completed. 
19:20:35.878 INFO  - FPGA configured successfully with bitstream "/nfs/TUEIEDAprojects/SystemDesign/work/zynq/mamatha/uzair_sharif/EDA_Munish/work_dir/dualCore_SOGRER_slow/videoProcessing_prj/SDK/SDK_Workspace/videoProcessing_prj_hw_platform/system.bit" 
19:20:36.334 INFO  - ps7_init is completed. 
19:20:36.434 INFO  - ps7_post_config is completed. 
19:20:37.018 INFO  - Application is downloaded for ps7_cortexa9_0. (/nfs/TUEIEDAprojects/SystemDesign/work/zynq/mamatha/uzair_sharif/EDA_Munish/work_dir/dualCore_SOGRER_slow/videoProcessing_prj/SDK/SDK_Workspace/SOERGR_sw/Debug/SOERGR_sw.elf) 
19:30:15.841 ERROR - Unexpected error while parsing XMD response ￿: com.google.gson.JsonSyntaxException: com.google.gson.stream.MalformedJsonException: invalid number or unquoted string near  
23:28:00.215 INFO  - System reset is completed. 
23:28:04.775 INFO  - FPGA configured successfully with bitstream "/nfs/TUEIEDAprojects/SystemDesign/work/zynq/mamatha/uzair_sharif/EDA_Munish/work_dir/dualCore_SOGRER_slow/videoProcessing_prj/SDK/SDK_Workspace/videoProcessing_prj_hw_platform/system.bit" 
23:28:05.370 INFO  - ps7_init is completed. 
23:28:05.470 INFO  - ps7_post_config is completed. 
23:28:06.097 INFO  - Application is downloaded for ps7_cortexa9_0. (/nfs/TUEIEDAprojects/SystemDesign/work/zynq/mamatha/uzair_sharif/EDA_Munish/work_dir/dualCore_SOGRER_slow/videoProcessing_prj/SDK/SDK_Workspace/SOERGR_sw/Debug/SOERGR_sw.elf) 
23:30:18.000 INFO  - System reset is completed. 
23:30:22.257 INFO  - FPGA configured successfully with bitstream "/nfs/TUEIEDAprojects/SystemDesign/work/zynq/mamatha/uzair_sharif/EDA_Munish/work_dir/dualCore_SOGRER_slow/videoProcessing_prj/SDK/SDK_Workspace/videoProcessing_prj_hw_platform/system.bit" 
23:30:22.841 INFO  - ps7_init is completed. 
23:30:22.941 INFO  - ps7_post_config is completed. 
23:30:23.473 INFO  - Application is downloaded for ps7_cortexa9_0. (/nfs/TUEIEDAprojects/SystemDesign/work/zynq/mamatha/uzair_sharif/EDA_Munish/work_dir/dualCore_SOGRER_slow/videoProcessing_prj/SDK/SDK_Workspace/SOERGR_sw/Debug/SOERGR_sw.elf) 
00:09:09.124 INFO  - System reset is completed. 
00:09:14.374 INFO  - FPGA configured successfully with bitstream "/nfs/TUEIEDAprojects/SystemDesign/work/zynq/mamatha/uzair_sharif/EDA_Munish/work_dir/dualCore_SOGRER_slow/videoProcessing_prj/SDK/SDK_Workspace/videoProcessing_prj_hw_platform/system.bit" 
00:09:15.074 INFO  - ps7_init is completed. 
00:09:15.175 INFO  - ps7_post_config is completed. 
00:09:15.762 INFO  - Application is downloaded for ps7_cortexa9_0. (/nfs/TUEIEDAprojects/SystemDesign/work/zynq/mamatha/uzair_sharif/EDA_Munish/work_dir/dualCore_SOGRER_slow/videoProcessing_prj/SDK/SDK_Workspace/SOERGR_sw/Debug/SOERGR_sw.elf) 
00:10:07.562 INFO  - System reset is completed. 
00:10:12.114 INFO  - FPGA configured successfully with bitstream "/nfs/TUEIEDAprojects/SystemDesign/work/zynq/mamatha/uzair_sharif/EDA_Munish/work_dir/dualCore_SOGRER_slow/videoProcessing_prj/SDK/SDK_Workspace/videoProcessing_prj_hw_platform/system.bit" 
00:10:12.719 INFO  - ps7_init is completed. 
00:10:12.819 INFO  - ps7_post_config is completed. 
00:10:13.401 INFO  - Application is downloaded for ps7_cortexa9_0. (/nfs/TUEIEDAprojects/SystemDesign/work/zynq/mamatha/uzair_sharif/EDA_Munish/work_dir/dualCore_SOGRER_slow/videoProcessing_prj/SDK/SDK_Workspace/SOERGR_sw/Debug/SOERGR_sw.elf) 
00:11:37.797 INFO  - System reset is completed. 
00:11:42.354 INFO  - FPGA configured successfully with bitstream "/nfs/TUEIEDAprojects/SystemDesign/work/zynq/mamatha/uzair_sharif/EDA_Munish/work_dir/dualCore_SOGRER_slow/videoProcessing_prj/SDK/SDK_Workspace/videoProcessing_prj_hw_platform/system.bit" 
00:11:42.925 INFO  - ps7_init is completed. 
00:11:43.025 INFO  - ps7_post_config is completed. 
00:11:43.612 INFO  - Application is downloaded for ps7_cortexa9_0. (/nfs/TUEIEDAprojects/SystemDesign/work/zynq/mamatha/uzair_sharif/EDA_Munish/work_dir/dualCore_SOGRER_slow/videoProcessing_prj/SDK/SDK_Workspace/SOERGR_sw/Debug/SOERGR_sw.elf) 
00:14:34.069 INFO  - System reset is completed. 
00:14:38.584 INFO  - FPGA configured successfully with bitstream "/nfs/TUEIEDAprojects/SystemDesign/work/zynq/mamatha/uzair_sharif/EDA_Munish/work_dir/dualCore_SOGRER_slow/videoProcessing_prj/SDK/SDK_Workspace/videoProcessing_prj_hw_platform/system.bit" 
00:14:39.175 INFO  - ps7_init is completed. 
00:14:39.275 INFO  - ps7_post_config is completed. 
00:14:39.865 INFO  - Application is downloaded for ps7_cortexa9_0. (/nfs/TUEIEDAprojects/SystemDesign/work/zynq/mamatha/uzair_sharif/EDA_Munish/work_dir/dualCore_SOGRER_slow/videoProcessing_prj/SDK/SDK_Workspace/SOERGR_sw/Debug/SOERGR_sw.elf) 
00:15:34.516 INFO  - System reset is completed. 
00:15:38.758 INFO  - FPGA configured successfully with bitstream "/nfs/TUEIEDAprojects/SystemDesign/work/zynq/mamatha/uzair_sharif/EDA_Munish/work_dir/dualCore_SOGRER_slow/videoProcessing_prj/SDK/SDK_Workspace/videoProcessing_prj_hw_platform/system.bit" 
00:15:39.338 INFO  - ps7_init is completed. 
00:15:39.438 INFO  - ps7_post_config is completed. 
00:15:40.006 INFO  - Application is downloaded for ps7_cortexa9_0. (/nfs/TUEIEDAprojects/SystemDesign/work/zynq/mamatha/uzair_sharif/EDA_Munish/work_dir/dualCore_SOGRER_slow/videoProcessing_prj/SDK/SDK_Workspace/SOERGR_sw/Debug/SOERGR_sw.elf) 
00:23:26.679 INFO  - System reset is completed. 
00:23:31.128 INFO  - FPGA configured successfully with bitstream "/nfs/TUEIEDAprojects/SystemDesign/work/zynq/mamatha/uzair_sharif/EDA_Munish/work_dir/dualCore_SOGRER_slow/videoProcessing_prj/SDK/SDK_Workspace/videoProcessing_prj_hw_platform/system.bit" 
00:23:31.730 INFO  - ps7_init is completed. 
00:23:31.830 INFO  - ps7_post_config is completed. 
00:23:32.493 INFO  - Application is downloaded for ps7_cortexa9_0. (/nfs/TUEIEDAprojects/SystemDesign/work/zynq/mamatha/uzair_sharif/EDA_Munish/work_dir/dualCore_SOGRER_slow/videoProcessing_prj/SDK/SDK_Workspace/SOERGR_sw/Debug/SOERGR_sw.elf) 
00:25:32.678 INFO  - System reset is completed. 
00:25:37.139 INFO  - FPGA configured successfully with bitstream "/nfs/TUEIEDAprojects/SystemDesign/work/zynq/mamatha/uzair_sharif/EDA_Munish/work_dir/dualCore_SOGRER_slow/videoProcessing_prj/SDK/SDK_Workspace/videoProcessing_prj_hw_platform/system.bit" 
00:25:37.693 INFO  - ps7_init is completed. 
00:25:37.793 INFO  - ps7_post_config is completed. 
00:25:38.437 INFO  - Application is downloaded for ps7_cortexa9_0. (/nfs/TUEIEDAprojects/SystemDesign/work/zynq/mamatha/uzair_sharif/EDA_Munish/work_dir/dualCore_SOGRER_slow/videoProcessing_prj/SDK/SDK_Workspace/SOERGR_sw/Debug/SOERGR_sw.elf) 
00:26:52.175 INFO  - System reset is completed. 
00:26:56.655 INFO  - FPGA configured successfully with bitstream "/nfs/TUEIEDAprojects/SystemDesign/work/zynq/mamatha/uzair_sharif/EDA_Munish/work_dir/dualCore_SOGRER_slow/videoProcessing_prj/SDK/SDK_Workspace/videoProcessing_prj_hw_platform/system.bit" 
00:26:57.268 INFO  - ps7_init is completed. 
00:26:57.369 INFO  - ps7_post_config is completed. 
00:26:58.352 INFO  - Application is downloaded for ps7_cortexa9_0. (/nfs/TUEIEDAprojects/SystemDesign/work/zynq/mamatha/uzair_sharif/EDA_Munish/work_dir/dualCore_SOGRER_slow/videoProcessing_prj/SDK/SDK_Workspace/SOERGR_sw/Debug/SOERGR_sw.elf) 
00:27:54.602 INFO  - System reset is completed. 
00:27:59.166 INFO  - FPGA configured successfully with bitstream "/nfs/TUEIEDAprojects/SystemDesign/work/zynq/mamatha/uzair_sharif/EDA_Munish/work_dir/dualCore_SOGRER_slow/videoProcessing_prj/SDK/SDK_Workspace/videoProcessing_prj_hw_platform/system.bit" 
00:27:59.734 INFO  - ps7_init is completed. 
00:27:59.834 INFO  - ps7_post_config is completed. 
00:28:00.470 INFO  - Application is downloaded for ps7_cortexa9_0. (/nfs/TUEIEDAprojects/SystemDesign/work/zynq/mamatha/uzair_sharif/EDA_Munish/work_dir/dualCore_SOGRER_slow/videoProcessing_prj/SDK/SDK_Workspace/SOERGR_sw/Debug/SOERGR_sw.elf) 
00:29:40.596 INFO  - System reset is completed. 
00:29:45.017 INFO  - FPGA configured successfully with bitstream "/nfs/TUEIEDAprojects/SystemDesign/work/zynq/mamatha/uzair_sharif/EDA_Munish/work_dir/dualCore_SOGRER_slow/videoProcessing_prj/SDK/SDK_Workspace/videoProcessing_prj_hw_platform/system.bit" 
00:29:45.585 INFO  - ps7_init is completed. 
00:29:45.685 INFO  - ps7_post_config is completed. 
00:29:46.349 INFO  - Application is downloaded for ps7_cortexa9_0. (/nfs/TUEIEDAprojects/SystemDesign/work/zynq/mamatha/uzair_sharif/EDA_Munish/work_dir/dualCore_SOGRER_slow/videoProcessing_prj/SDK/SDK_Workspace/SOERGR_sw/Debug/SOERGR_sw.elf) 
00:42:40.262 ERROR - Unexpected error while parsing XMD response ￿: com.google.gson.JsonSyntaxException: com.google.gson.stream.MalformedJsonException: invalid number or unquoted string near  
05:18:26.668 INFO  - System reset is completed. 
05:18:31.071 INFO  - FPGA configured successfully with bitstream "/nfs/TUEIEDAprojects/SystemDesign/work/zynq/mamatha/uzair_sharif/EDA_Munish/work_dir/dualCore_SOGRER_slow/videoProcessing_prj/SDK/SDK_Workspace/videoProcessing_prj_hw_platform/system.bit" 
05:18:31.647 INFO  - ps7_init is completed. 
05:18:31.747 INFO  - ps7_post_config is completed. 
05:18:32.448 INFO  - Application is downloaded for ps7_cortexa9_0. (/nfs/TUEIEDAprojects/SystemDesign/work/zynq/mamatha/uzair_sharif/EDA_Munish/work_dir/dualCore_SOGRER_slow/videoProcessing_prj/SDK/SDK_Workspace/SOERGR_sw/Debug/SOERGR_sw.elf) 
05:18:57.313 INFO  - System reset is completed. 
05:19:01.759 INFO  - FPGA configured successfully with bitstream "/nfs/TUEIEDAprojects/SystemDesign/work/zynq/mamatha/uzair_sharif/EDA_Munish/work_dir/dualCore_SOGRER_slow/videoProcessing_prj/SDK/SDK_Workspace/videoProcessing_prj_hw_platform/system.bit" 
05:19:02.309 INFO  - ps7_init is completed. 
05:19:02.409 INFO  - ps7_post_config is completed. 
05:19:03.054 INFO  - Application is downloaded for ps7_cortexa9_0. (/nfs/TUEIEDAprojects/SystemDesign/work/zynq/mamatha/uzair_sharif/EDA_Munish/work_dir/dualCore_SOGRER_slow/videoProcessing_prj/SDK/SDK_Workspace/SOERGR_sw/Debug/SOERGR_sw.elf) 
05:19:17.584 ERROR - Unexpected error while parsing XMD response ￿: com.google.gson.JsonSyntaxException: com.google.gson.stream.MalformedJsonException: invalid number or unquoted string near  
00:04:18.272 INFO  - System reset is completed. 
00:04:26.382 INFO  - FPGA configured successfully with bitstream "/nfs/TUEIEDAprojects/SystemDesign/work/zynq/mamatha/uzair_sharif/EDA_Munish/work_dir/dualCore_SOGRER_slow/videoProcessing_prj/SDK/SDK_Workspace/videoProcessing_prj_hw_platform/system.bit" 
00:04:27.125 INFO  - ps7_init is completed. 
00:04:27.226 INFO  - ps7_post_config is completed. 
00:04:27.761 INFO  - Application is downloaded for ps7_cortexa9_0. (/nfs/TUEIEDAprojects/SystemDesign/work/zynq/mamatha/uzair_sharif/EDA_Munish/work_dir/dualCore_SOGRER_slow/videoProcessing_prj/SDK/SDK_Workspace/SOERGR_sw/Debug/SOERGR_sw.elf) 
00:08:03.510 INFO  - System reset is completed. 
00:08:07.971 INFO  - FPGA configured successfully with bitstream "/nfs/TUEIEDAprojects/SystemDesign/work/zynq/mamatha/uzair_sharif/EDA_Munish/work_dir/dualCore_SOGRER_slow/videoProcessing_prj/SDK/SDK_Workspace/videoProcessing_prj_hw_platform/system.bit" 
00:08:08.738 INFO  - ps7_init is completed. 
00:08:08.838 INFO  - ps7_post_config is completed. 
00:08:09.425 INFO  - Application is downloaded for ps7_cortexa9_0. (/nfs/TUEIEDAprojects/SystemDesign/work/zynq/mamatha/uzair_sharif/EDA_Munish/work_dir/dualCore_SOGRER_slow/videoProcessing_prj/SDK/SDK_Workspace/SOERGR_sw/Debug/SOERGR_sw.elf) 
00:14:38.748 INFO  - System reset is completed. 
00:14:43.366 INFO  - FPGA configured successfully with bitstream "/nfs/TUEIEDAprojects/SystemDesign/work/zynq/mamatha/uzair_sharif/EDA_Munish/work_dir/dualCore_SOGRER_slow/videoProcessing_prj/SDK/SDK_Workspace/videoProcessing_prj_hw_platform/system.bit" 
00:14:43.985 INFO  - ps7_init is completed. 
00:14:44.085 INFO  - ps7_post_config is completed. 
00:14:44.668 INFO  - Application is downloaded for ps7_cortexa9_0. (/nfs/TUEIEDAprojects/SystemDesign/work/zynq/mamatha/uzair_sharif/EDA_Munish/work_dir/dualCore_SOGRER_slow/videoProcessing_prj/SDK/SDK_Workspace/SOERGR_sw/Debug/SOERGR_sw.elf) 
00:19:09.737 INFO  - System reset is completed. 
00:19:14.559 INFO  - FPGA configured successfully with bitstream "/nfs/TUEIEDAprojects/SystemDesign/work/zynq/mamatha/uzair_sharif/EDA_Munish/work_dir/dualCore_SOGRER_slow/videoProcessing_prj/SDK/SDK_Workspace/videoProcessing_prj_hw_platform/system.bit" 
00:19:15.122 INFO  - ps7_init is completed. 
00:19:15.127 INFO  - ps7_post_config is completed. 
00:19:15.705 INFO  - Application is downloaded for ps7_cortexa9_0. (/nfs/TUEIEDAprojects/SystemDesign/work/zynq/mamatha/uzair_sharif/EDA_Munish/work_dir/dualCore_SOGRER_slow/videoProcessing_prj/SDK/SDK_Workspace/SOERGR_sw/Debug/SOERGR_sw.elf) 
00:20:07.122 INFO  - System reset is completed. 
00:20:11.508 INFO  - FPGA configured successfully with bitstream "/nfs/TUEIEDAprojects/SystemDesign/work/zynq/mamatha/uzair_sharif/EDA_Munish/work_dir/dualCore_SOGRER_slow/videoProcessing_prj/SDK/SDK_Workspace/videoProcessing_prj_hw_platform/system.bit" 
00:20:11.978 INFO  - ps7_init is completed. 
00:20:12.078 INFO  - ps7_post_config is completed. 
00:20:12.663 INFO  - Application is downloaded for ps7_cortexa9_0. (/nfs/TUEIEDAprojects/SystemDesign/work/zynq/mamatha/uzair_sharif/EDA_Munish/work_dir/dualCore_SOGRER_slow/videoProcessing_prj/SDK/SDK_Workspace/SOERGR_sw/Debug/SOERGR_sw.elf) 
00:20:39.637 INFO  - System reset is completed. 
00:20:44.122 INFO  - FPGA configured successfully with bitstream "/nfs/TUEIEDAprojects/SystemDesign/work/zynq/mamatha/uzair_sharif/EDA_Munish/work_dir/dualCore_SOGRER_slow/videoProcessing_prj/SDK/SDK_Workspace/videoProcessing_prj_hw_platform/system.bit" 
00:20:44.649 INFO  - ps7_init is completed. 
00:20:44.749 INFO  - ps7_post_config is completed. 
00:20:45.324 INFO  - Application is downloaded for ps7_cortexa9_0. (/nfs/TUEIEDAprojects/SystemDesign/work/zynq/mamatha/uzair_sharif/EDA_Munish/work_dir/dualCore_SOGRER_slow/videoProcessing_prj/SDK/SDK_Workspace/SOERGR_sw/Debug/SOERGR_sw.elf) 
00:21:25.334 INFO  - System reset is completed. 
00:21:29.566 INFO  - FPGA configured successfully with bitstream "/nfs/TUEIEDAprojects/SystemDesign/work/zynq/mamatha/uzair_sharif/EDA_Munish/work_dir/dualCore_SOGRER_slow/videoProcessing_prj/SDK/SDK_Workspace/videoProcessing_prj_hw_platform/system.bit" 
00:21:30.140 INFO  - ps7_init is completed. 
00:21:30.145 INFO  - ps7_post_config is completed. 
00:21:30.727 INFO  - Application is downloaded for ps7_cortexa9_0. (/nfs/TUEIEDAprojects/SystemDesign/work/zynq/mamatha/uzair_sharif/EDA_Munish/work_dir/dualCore_SOGRER_slow/videoProcessing_prj/SDK/SDK_Workspace/SOERGR_sw/Debug/SOERGR_sw.elf) 
00:22:13.454 INFO  - System reset is completed. 
00:22:17.764 INFO  - FPGA configured successfully with bitstream "/nfs/TUEIEDAprojects/SystemDesign/work/zynq/mamatha/uzair_sharif/EDA_Munish/work_dir/dualCore_SOGRER_slow/videoProcessing_prj/SDK/SDK_Workspace/videoProcessing_prj_hw_platform/system.bit" 
00:22:18.301 INFO  - ps7_init is completed. 
00:22:18.401 INFO  - ps7_post_config is completed. 
00:22:18.881 INFO  - Application is downloaded for ps7_cortexa9_0. (/nfs/TUEIEDAprojects/SystemDesign/work/zynq/mamatha/uzair_sharif/EDA_Munish/work_dir/dualCore_SOGRER_slow/videoProcessing_prj/SDK/SDK_Workspace/SOERGR_sw/Debug/SOERGR_sw.elf) 
00:29:47.694 INFO  - System reset is completed. 
00:29:52.005 INFO  - FPGA configured successfully with bitstream "/nfs/TUEIEDAprojects/SystemDesign/work/zynq/mamatha/uzair_sharif/EDA_Munish/work_dir/dualCore_SOGRER_slow/videoProcessing_prj/SDK/SDK_Workspace/videoProcessing_prj_hw_platform/system.bit" 
00:29:52.542 INFO  - ps7_init is completed. 
00:29:52.642 INFO  - ps7_post_config is completed. 
00:29:53.217 INFO  - Application is downloaded for ps7_cortexa9_0. (/nfs/TUEIEDAprojects/SystemDesign/work/zynq/mamatha/uzair_sharif/EDA_Munish/work_dir/dualCore_SOGRER_slow/videoProcessing_prj/SDK/SDK_Workspace/SOERGR_sw/Debug/SOERGR_sw.elf) 
00:30:56.689 INFO  - System reset is completed. 
00:31:00.885 INFO  - FPGA configured successfully with bitstream "/nfs/TUEIEDAprojects/SystemDesign/work/zynq/mamatha/uzair_sharif/EDA_Munish/work_dir/dualCore_SOGRER_slow/videoProcessing_prj/SDK/SDK_Workspace/videoProcessing_prj_hw_platform/system.bit" 
00:31:01.487 INFO  - ps7_init is completed. 
00:31:01.587 INFO  - ps7_post_config is completed. 
00:31:02.182 INFO  - Application is downloaded for ps7_cortexa9_0. (/nfs/TUEIEDAprojects/SystemDesign/work/zynq/mamatha/uzair_sharif/EDA_Munish/work_dir/dualCore_SOGRER_slow/videoProcessing_prj/SDK/SDK_Workspace/SOERGR_sw/Debug/SOERGR_sw.elf) 
00:32:12.216 INFO  - System reset is completed. 
00:32:16.651 INFO  - FPGA configured successfully with bitstream "/nfs/TUEIEDAprojects/SystemDesign/work/zynq/mamatha/uzair_sharif/EDA_Munish/work_dir/dualCore_SOGRER_slow/videoProcessing_prj/SDK/SDK_Workspace/videoProcessing_prj_hw_platform/system.bit" 
00:32:17.177 INFO  - ps7_init is completed. 
00:32:17.277 INFO  - ps7_post_config is completed. 
00:32:17.903 INFO  - Application is downloaded for ps7_cortexa9_0. (/nfs/TUEIEDAprojects/SystemDesign/work/zynq/mamatha/uzair_sharif/EDA_Munish/work_dir/dualCore_SOGRER_slow/videoProcessing_prj/SDK/SDK_Workspace/SOERGR_sw/Debug/SOERGR_sw.elf) 
00:39:36.528 INFO  - System reset is completed. 
00:39:40.965 INFO  - FPGA configured successfully with bitstream "/nfs/TUEIEDAprojects/SystemDesign/work/zynq/mamatha/uzair_sharif/EDA_Munish/work_dir/dualCore_SOGRER_slow/videoProcessing_prj/SDK/SDK_Workspace/videoProcessing_prj_hw_platform/system.bit" 
00:39:41.495 INFO  - ps7_init is completed. 
00:39:41.595 INFO  - ps7_post_config is completed. 
00:39:42.179 INFO  - Application is downloaded for ps7_cortexa9_0. (/nfs/TUEIEDAprojects/SystemDesign/work/zynq/mamatha/uzair_sharif/EDA_Munish/work_dir/dualCore_SOGRER_slow/videoProcessing_prj/SDK/SDK_Workspace/SOERGR_sw/Debug/SOERGR_sw.elf) 
00:41:42.033 INFO  - System reset is completed. 
00:41:46.445 INFO  - FPGA configured successfully with bitstream "/nfs/TUEIEDAprojects/SystemDesign/work/zynq/mamatha/uzair_sharif/EDA_Munish/work_dir/dualCore_SOGRER_slow/videoProcessing_prj/SDK/SDK_Workspace/videoProcessing_prj_hw_platform/system.bit" 
00:41:46.978 INFO  - ps7_init is completed. 
00:41:47.078 INFO  - ps7_post_config is completed. 
00:41:47.663 INFO  - Application is downloaded for ps7_cortexa9_0. (/nfs/TUEIEDAprojects/SystemDesign/work/zynq/mamatha/uzair_sharif/EDA_Munish/work_dir/dualCore_SOGRER_slow/videoProcessing_prj/SDK/SDK_Workspace/SOERGR_sw/Debug/SOERGR_sw.elf) 
00:42:40.659 INFO  - System reset is completed. 
00:42:44.958 INFO  - FPGA configured successfully with bitstream "/nfs/TUEIEDAprojects/SystemDesign/work/zynq/mamatha/uzair_sharif/EDA_Munish/work_dir/dualCore_SOGRER_slow/videoProcessing_prj/SDK/SDK_Workspace/videoProcessing_prj_hw_platform/system.bit" 
00:42:45.495 INFO  - ps7_init is completed. 
00:42:45.595 INFO  - ps7_post_config is completed. 
00:42:46.181 INFO  - Application is downloaded for ps7_cortexa9_0. (/nfs/TUEIEDAprojects/SystemDesign/work/zynq/mamatha/uzair_sharif/EDA_Munish/work_dir/dualCore_SOGRER_slow/videoProcessing_prj/SDK/SDK_Workspace/SOERGR_sw/Debug/SOERGR_sw.elf) 
00:43:03.331 INFO  - System reset is completed. 
00:43:07.791 INFO  - FPGA configured successfully with bitstream "/nfs/TUEIEDAprojects/SystemDesign/work/zynq/mamatha/uzair_sharif/EDA_Munish/work_dir/dualCore_SOGRER_slow/videoProcessing_prj/SDK/SDK_Workspace/videoProcessing_prj_hw_platform/system.bit" 
00:43:08.389 INFO  - ps7_init is completed. 
00:43:08.489 INFO  - ps7_post_config is completed. 
00:43:09.073 INFO  - Application is downloaded for ps7_cortexa9_0. (/nfs/TUEIEDAprojects/SystemDesign/work/zynq/mamatha/uzair_sharif/EDA_Munish/work_dir/dualCore_SOGRER_slow/videoProcessing_prj/SDK/SDK_Workspace/SOERGR_sw/Debug/SOERGR_sw.elf) 
00:48:21.854 INFO  - System reset is completed. 
00:48:26.275 INFO  - FPGA configured successfully with bitstream "/nfs/TUEIEDAprojects/SystemDesign/work/zynq/mamatha/uzair_sharif/EDA_Munish/work_dir/dualCore_SOGRER_slow/videoProcessing_prj/SDK/SDK_Workspace/videoProcessing_prj_hw_platform/system.bit" 
00:48:26.802 INFO  - ps7_init is completed. 
00:48:26.902 INFO  - ps7_post_config is completed. 
00:48:27.486 INFO  - Application is downloaded for ps7_cortexa9_0. (/nfs/TUEIEDAprojects/SystemDesign/work/zynq/mamatha/uzair_sharif/EDA_Munish/work_dir/dualCore_SOGRER_slow/videoProcessing_prj/SDK/SDK_Workspace/SOERGR_sw/Debug/SOERGR_sw.elf) 
00:50:12.484 INFO  - System reset is completed. 
00:50:16.911 INFO  - FPGA configured successfully with bitstream "/nfs/TUEIEDAprojects/SystemDesign/work/zynq/mamatha/uzair_sharif/EDA_Munish/work_dir/dualCore_SOGRER_slow/videoProcessing_prj/SDK/SDK_Workspace/videoProcessing_prj_hw_platform/system.bit" 
00:50:17.335 INFO  - ps7_init is completed. 
00:50:17.435 INFO  - ps7_post_config is completed. 
00:50:17.921 INFO  - Application is downloaded for ps7_cortexa9_0. (/nfs/TUEIEDAprojects/SystemDesign/work/zynq/mamatha/uzair_sharif/EDA_Munish/work_dir/dualCore_SOGRER_slow/videoProcessing_prj/SDK/SDK_Workspace/SOERGR_sw/Debug/SOERGR_sw.elf) 
00:51:59.537 INFO  - System reset is completed. 
00:52:03.971 INFO  - FPGA configured successfully with bitstream "/nfs/TUEIEDAprojects/SystemDesign/work/zynq/mamatha/uzair_sharif/EDA_Munish/work_dir/dualCore_SOGRER_slow/videoProcessing_prj/SDK/SDK_Workspace/videoProcessing_prj_hw_platform/system.bit" 
00:52:04.399 INFO  - ps7_init is completed. 
00:52:04.499 INFO  - ps7_post_config is completed. 
00:52:04.983 INFO  - Application is downloaded for ps7_cortexa9_0. (/nfs/TUEIEDAprojects/SystemDesign/work/zynq/mamatha/uzair_sharif/EDA_Munish/work_dir/dualCore_SOGRER_slow/videoProcessing_prj/SDK/SDK_Workspace/SOERGR_sw/Debug/SOERGR_sw.elf) 
01:04:00.133 INFO  - System reset is completed. 
01:04:04.550 INFO  - FPGA configured successfully with bitstream "/nfs/TUEIEDAprojects/SystemDesign/work/zynq/mamatha/uzair_sharif/EDA_Munish/work_dir/dualCore_SOGRER_slow/videoProcessing_prj/SDK/SDK_Workspace/videoProcessing_prj_hw_platform/system.bit" 
01:04:05.115 INFO  - ps7_init is completed. 
01:04:05.215 INFO  - ps7_post_config is completed. 
01:04:05.813 INFO  - Application is downloaded for ps7_cortexa9_0. (/nfs/TUEIEDAprojects/SystemDesign/work/zynq/mamatha/uzair_sharif/EDA_Munish/work_dir/dualCore_SOGRER_slow/videoProcessing_prj/SDK/SDK_Workspace/SOERGR_sw/Debug/SOERGR_sw.elf) 
01:04:54.425 INFO  - System reset is completed. 
01:04:58.857 INFO  - FPGA configured successfully with bitstream "/nfs/TUEIEDAprojects/SystemDesign/work/zynq/mamatha/uzair_sharif/EDA_Munish/work_dir/dualCore_SOGRER_slow/videoProcessing_prj/SDK/SDK_Workspace/videoProcessing_prj_hw_platform/system.bit" 
01:04:59.467 INFO  - ps7_init is completed. 
01:04:59.567 INFO  - ps7_post_config is completed. 
01:05:00.172 INFO  - Application is downloaded for ps7_cortexa9_0. (/nfs/TUEIEDAprojects/SystemDesign/work/zynq/mamatha/uzair_sharif/EDA_Munish/work_dir/dualCore_SOGRER_slow/videoProcessing_prj/SDK/SDK_Workspace/SOERGR_sw/Debug/SOERGR_sw.elf) 
01:06:01.146 INFO  - System reset is completed. 
01:06:05.578 INFO  - FPGA configured successfully with bitstream "/nfs/TUEIEDAprojects/SystemDesign/work/zynq/mamatha/uzair_sharif/EDA_Munish/work_dir/dualCore_SOGRER_slow/videoProcessing_prj/SDK/SDK_Workspace/videoProcessing_prj_hw_platform/system.bit" 
01:06:06.109 INFO  - ps7_init is completed. 
01:06:06.209 INFO  - ps7_post_config is completed. 
01:06:06.795 INFO  - Application is downloaded for ps7_cortexa9_0. (/nfs/TUEIEDAprojects/SystemDesign/work/zynq/mamatha/uzair_sharif/EDA_Munish/work_dir/dualCore_SOGRER_slow/videoProcessing_prj/SDK/SDK_Workspace/SOERGR_sw/Debug/SOERGR_sw.elf) 
01:07:29.696 INFO  - System reset is completed. 
01:07:34.143 INFO  - FPGA configured successfully with bitstream "/nfs/TUEIEDAprojects/SystemDesign/work/zynq/mamatha/uzair_sharif/EDA_Munish/work_dir/dualCore_SOGRER_slow/videoProcessing_prj/SDK/SDK_Workspace/videoProcessing_prj_hw_platform/system.bit" 
01:07:34.664 INFO  - ps7_init is completed. 
01:07:34.764 INFO  - ps7_post_config is completed. 
01:07:35.351 INFO  - Application is downloaded for ps7_cortexa9_0. (/nfs/TUEIEDAprojects/SystemDesign/work/zynq/mamatha/uzair_sharif/EDA_Munish/work_dir/dualCore_SOGRER_slow/videoProcessing_prj/SDK/SDK_Workspace/SOERGR_sw/Debug/SOERGR_sw.elf) 
01:10:42.765 INFO  - System reset is completed. 
01:10:47.194 INFO  - FPGA configured successfully with bitstream "/nfs/TUEIEDAprojects/SystemDesign/work/zynq/mamatha/uzair_sharif/EDA_Munish/work_dir/dualCore_SOGRER_slow/videoProcessing_prj/SDK/SDK_Workspace/videoProcessing_prj_hw_platform/system.bit" 
01:10:47.720 INFO  - ps7_init is completed. 
01:10:47.820 INFO  - ps7_post_config is completed. 
01:10:48.424 INFO  - Application is downloaded for ps7_cortexa9_0. (/nfs/TUEIEDAprojects/SystemDesign/work/zynq/mamatha/uzair_sharif/EDA_Munish/work_dir/dualCore_SOGRER_slow/videoProcessing_prj/SDK/SDK_Workspace/SOERGR_sw/Debug/SOERGR_sw.elf) 
01:40:49.537 INFO  - System reset is completed. 
01:40:53.968 INFO  - FPGA configured successfully with bitstream "/nfs/TUEIEDAprojects/SystemDesign/work/zynq/mamatha/uzair_sharif/EDA_Munish/work_dir/dualCore_SOGRER_slow/videoProcessing_prj/SDK/SDK_Workspace/videoProcessing_prj_hw_platform/system.bit" 
01:40:54.499 INFO  - ps7_init is completed. 
01:40:54.599 INFO  - ps7_post_config is completed. 
01:40:55.184 INFO  - Application is downloaded for ps7_cortexa9_0. (/nfs/TUEIEDAprojects/SystemDesign/work/zynq/mamatha/uzair_sharif/EDA_Munish/work_dir/dualCore_SOGRER_slow/videoProcessing_prj/SDK/SDK_Workspace/SOERGR_sw/Debug/SOERGR_sw.elf) 
02:32:13.902 INFO  - System reset is completed. 
02:32:18.309 INFO  - FPGA configured successfully with bitstream "/nfs/TUEIEDAprojects/SystemDesign/work/zynq/mamatha/uzair_sharif/EDA_Munish/work_dir/dualCore_SOGRER_slow/videoProcessing_prj/SDK/SDK_Workspace/videoProcessing_prj_hw_platform/system.bit" 
02:32:18.868 INFO  - ps7_init is completed. 
02:32:18.969 INFO  - ps7_post_config is completed. 
02:32:19.556 INFO  - Application is downloaded for ps7_cortexa9_0. (/nfs/TUEIEDAprojects/SystemDesign/work/zynq/mamatha/uzair_sharif/EDA_Munish/work_dir/dualCore_SOGRER_slow/videoProcessing_prj/SDK/SDK_Workspace/SOERGR_sw/Debug/SOERGR_sw.elf) 
