
*** Running xst
    with args -ifn system_stub.xst -ofn system_stub.srp -intstyle ise

Reading design: system_stub.prj

=========================================================================
*                          HDL Parsing                                  *
=========================================================================
Analyzing Verilog file "/home/ga38qoh/EDA_Munish/SDSlabWork/work_dir/LabA/LED_project/LED_project.srcs/sources_1/imports/LabA/LED_COntroller.v" into library work
Parsing module <LED_Controller>.
WARNING:HDLCompiler:751 - "/home/ga38qoh/EDA_Munish/SDSlabWork/work_dir/LabA/LED_project/LED_project.srcs/sources_1/imports/LabA/LED_COntroller.v" Line 18: Redeclaration of ansi port LED_out is not allowed
Analyzing Verilog file "/home/ga38qoh/EDA_Munish/SDSlabWork/work_dir/LabA/LED_project/LED_project.srcs/sources_1/edk/system/hdl/system.v" into library work
Parsing module <system>.
Parsing module <system_processing_system7_0_wrapper>.
Parsing module <system_axi_gpio_0_wrapper>.
Parsing module <system_axi_interconnect_1_wrapper>.
Analyzing Verilog file "/home/ga38qoh/EDA_Munish/SDSlabWork/work_dir/LabA/LED_project/LED_project.srcs/sources_1/edk/system/system_stub.v" into library work
Parsing module <system_stub>.

=========================================================================
*                            HDL Elaboration                            *
=========================================================================

Elaborating module <system_stub>.

Elaborating module <system>.
WARNING:HDLCompiler:1499 - "/home/ga38qoh/EDA_Munish/SDSlabWork/work_dir/LabA/LED_project/LED_project.srcs/sources_1/edk/system/hdl/system.v" Line 5: Empty module <system> remains a black box.

Elaborating module <LED_Controller>.
WARNING:HDLCompiler:413 - "/home/ga38qoh/EDA_Munish/SDSlabWork/work_dir/LabA/LED_project/LED_project.srcs/sources_1/imports/LabA/LED_COntroller.v" Line 21: Result of 21-bit expression is truncated to fit in 20-bit target.
WARNING:HDLCompiler:91 - "/home/ga38qoh/EDA_Munish/SDSlabWork/work_dir/LabA/LED_project/LED_project.srcs/sources_1/imports/LabA/LED_COntroller.v" Line 27: Signal <count> missing in the sensitivity list is added for synthesis purposes. HDL and post-synthesis simulations may differ as a result.

=========================================================================
*                           HDL Synthesis                               *
=========================================================================

Synthesizing Unit <system_stub>.
    Related source file is "/home/ga38qoh/EDA_Munish/SDSlabWork/work_dir/LabA/LED_project/LED_project.srcs/sources_1/edk/system/system_stub.v".
    Set property "BOX_TYPE = user_black_box" for instance <system_i>.
    Summary:
	no macro.
Unit <system_stub> synthesized.

Synthesizing Unit <LED_Controller>.
    Related source file is "/home/ga38qoh/EDA_Munish/SDSlabWork/work_dir/LabA/LED_project/LED_project.srcs/sources_1/imports/LabA/LED_COntroller.v".
        period = 20
    Found 20-bit register for signal <count>.
    Found 20-bit adder for signal <count[19]_GND_3_o_add_1_OUT> created at line 21.
    Found 32-bit comparator greater for signal <GND_3_o_DutyCycle[31]_LessThan_4_o> created at line 27
    Summary:
	inferred   1 Adder/Subtractor(s).
	inferred  20 D-type flip-flop(s).
	inferred   1 Comparator(s).
Unit <LED_Controller> synthesized.

=========================================================================
HDL Synthesis Report

Macro Statistics
# Adders/Subtractors                                   : 1
 20-bit adder                                          : 1
# Registers                                            : 1
 20-bit register                                       : 1
# Comparators                                          : 1
 32-bit comparator greater                             : 1

=========================================================================

=========================================================================
*                       Advanced HDL Synthesis                          *
=========================================================================

Reading core <../../LED_project.srcs/sources_1/edk/system/implementation/system.ngc>.
Reading core <../../LED_project.srcs/sources_1/edk/system/implementation/system_processing_system7_0_wrapper.ngc>.
Reading core <../../LED_project.srcs/sources_1/edk/system/implementation/system_axi_interconnect_1_wrapper.ngc>.
Reading core <../../LED_project.srcs/sources_1/edk/system/implementation/system_axi_gpio_0_wrapper.ngc>.
Loading core <system_processing_system7_0_wrapper> for timing and area information for instance <processing_system7_0>.
Loading core <system_axi_interconnect_1_wrapper> for timing and area information for instance <axi_interconnect_1>.
Loading core <system_axi_gpio_0_wrapper> for timing and area information for instance <axi_gpio_0>.
Loading core <system> for timing and area information for instance <system_i>.

Synthesizing (advanced) Unit <LED_Controller>.
The following registers are absorbed into counter <count>: 1 register on signal <count>.
Unit <LED_Controller> synthesized (advanced).

=========================================================================
Advanced HDL Synthesis Report

Macro Statistics
# Counters                                             : 1
 20-bit up counter                                     : 1
# Comparators                                          : 1
 32-bit comparator greater                             : 1

=========================================================================

=========================================================================
*                         Low Level Synthesis                           *
=========================================================================

WARNING:Xst:528 - Multi-source in Unit <processing_system7_0> on signal <PS_SRSTB>; this signal is connected to multiple drivers.
Drivers are: 
   Primary input port <processing_system7_0_PS_SRSTB_pin>
   Output port PS7:PSSRSTB of instance <system_i/processing_system7_0/processing_system7_0/PS7_i>

WARNING:Xst:528 - Multi-source in Unit <processing_system7_0> on signal <PS_CLK>; this signal is connected to multiple drivers.
Drivers are: 
   Primary input port <processing_system7_0_PS_CLK_pin>
   Output port PS7:PSCLK of instance <system_i/processing_system7_0/processing_system7_0/PS7_i>

WARNING:Xst:528 - Multi-source in Unit <processing_system7_0> on signal <PS_PORB>; this signal is connected to multiple drivers.
Drivers are: 
   Primary input port <processing_system7_0_PS_PORB_pin>
   Output port PS7:PSPORB of instance <system_i/processing_system7_0/processing_system7_0/PS7_i>

Optimizing unit <system_stub> ...

Mapping all equations...
Building and optimizing final netlist ...
Found area constraint ratio of 100 (+ 0) on block system_stub, actual ratio is 0.
INFO:Xst:2260 - The FF/Latch <axi_interconnect_1/crossbar_samd/gen_sasd.crossbar_sasd_0/m_atarget_enc_0> in Unit <axi_interconnect_1> is equivalent to the following FF/Latch : <axi_interconnect_1/crossbar_samd/gen_sasd.crossbar_sasd_0/m_atarget_enc_0_1> 
INFO:Xst:2260 - The FF/Latch <axi_interconnect_1/crossbar_samd/gen_sasd.crossbar_sasd_0/gen_crossbar.addr_arbiter_inst/grant_rnw> in Unit <axi_interconnect_1> is equivalent to the following FF/Latch : <axi_interconnect_1/crossbar_samd/gen_sasd.crossbar_sasd_0/gen_crossbar.addr_arbiter_inst/grant_rnw_1> 
INFO:Xst:2260 - The FF/Latch <axi_gpio_0/AXI_LITE_IPIF_I/I_SLAVE_ATTACHMENT/I_DECODER/cs_out_i_0> in Unit <axi_gpio_0> is equivalent to the following FF/Latch : <axi_gpio_0/AXI_LITE_IPIF_I/I_SLAVE_ATTACHMENT/I_DECODER/cs_out_i_0_1> 
INFO:Xst:2260 - The FF/Latch <axi_interconnect_1/crossbar_samd/gen_sasd.crossbar_sasd_0/m_atarget_enc_0> in Unit <axi_interconnect_1> is equivalent to the following FF/Latch : <axi_interconnect_1/crossbar_samd/gen_sasd.crossbar_sasd_0/m_atarget_enc_0_1> 
INFO:Xst:2260 - The FF/Latch <axi_interconnect_1/crossbar_samd/gen_sasd.crossbar_sasd_0/gen_crossbar.addr_arbiter_inst/grant_rnw> in Unit <axi_interconnect_1> is equivalent to the following FF/Latch : <axi_interconnect_1/crossbar_samd/gen_sasd.crossbar_sasd_0/gen_crossbar.addr_arbiter_inst/grant_rnw_1> 
INFO:Xst:2260 - The FF/Latch <axi_gpio_0/AXI_LITE_IPIF_I/I_SLAVE_ATTACHMENT/I_DECODER/cs_out_i_0> in Unit <axi_gpio_0> is equivalent to the following FF/Latch : <axi_gpio_0/AXI_LITE_IPIF_I/I_SLAVE_ATTACHMENT/I_DECODER/cs_out_i_0_1> 
INFO:Xst:2260 - The FF/Latch <axi_interconnect_1/crossbar_samd/gen_sasd.crossbar_sasd_0/m_atarget_enc_0> in Unit <axi_interconnect_1> is equivalent to the following FF/Latch : <axi_interconnect_1/crossbar_samd/gen_sasd.crossbar_sasd_0/m_atarget_enc_0_1> 
INFO:Xst:2260 - The FF/Latch <axi_interconnect_1/crossbar_samd/gen_sasd.crossbar_sasd_0/gen_crossbar.addr_arbiter_inst/grant_rnw> in Unit <axi_interconnect_1> is equivalent to the following FF/Latch : <axi_interconnect_1/crossbar_samd/gen_sasd.crossbar_sasd_0/gen_crossbar.addr_arbiter_inst/grant_rnw_1> 
INFO:Xst:2260 - The FF/Latch <axi_gpio_0/AXI_LITE_IPIF_I/I_SLAVE_ATTACHMENT/I_DECODER/cs_out_i_0> in Unit <axi_gpio_0> is equivalent to the following FF/Latch : <axi_gpio_0/AXI_LITE_IPIF_I/I_SLAVE_ATTACHMENT/I_DECODER/cs_out_i_0_1> 

Final Macro Processing ...

=========================================================================
Final Register Report

Macro Statistics
# Registers                                            : 20
 Flip-Flops                                            : 20

=========================================================================

=========================================================================
*                           Partition Report                            *
=========================================================================

Partition Implementation Status
-------------------------------

  No Partitions were found in this design.

-------------------------------

=========================================================================
*                            Design Summary                             *
=========================================================================

Clock Information:
------------------
-------------------------------------------------------------------------+------------------------+-------+
Clock Signal                                                             | Clock buffer(FF name)  | Load  |
-------------------------------------------------------------------------+------------------------+-------+
system_i/processing_system7_0/processing_system7_0/FCLK_CLK_unbuffered<0>| BUFG                   | 380   |
-------------------------------------------------------------------------+------------------------+-------+

Asynchronous Control Signals Information:
----------------------------------------
No asynchronous control signals found in this design

Timing Summary:
---------------
Speed Grade: -1

   Minimum period: 3.868ns (Maximum Frequency: 258.532MHz)
   Minimum input arrival time before clock: 2.172ns
   Maximum output required time after clock: 2.535ns
   Maximum combinational path delay: 0.000ns

=========================================================================
