Release 14.7 - platgen Xilinx EDK 14.7 Build EDK_P.20131013
 (lin64)
Copyright (c) 1995-2013 Xilinx, Inc.  All rights reserved.

Command Line: platgen -p xc7z020clg484-1 -lang vhdl -intstyle default -lp
cf_lib/ -msg __xps/ise/xmsgprops.lst system.mhs 

WARNING:EDK - INFO:Security:67 - XILINXD_LICENSE_FILE is set to
   '/nfs/tools/xilinx/Vivado/2013.4/data/ip/core_licenses:2100@refile:/nfs/labs/
   hwswc/tools/Xilinx_EDK_82i/data/core_licenses' in /home/ga46sam/.flexlmrc.
   INFO:Security:51 - The XILINXD_LICENSE_FILE environment variable is not set.
   INFO:Security:52 - The LM_LICENSE_FILE environment variable is set to
   ':5280@refile:27000@refile:2100@refile:1717@refile:27001@refile:5281@refile:2
   8000@mlm3.rbg.tum.de:1720@license.lrz-muenchen.de'.
   INFO:Security:71 - If a license for part 'xc7z020' is available, it will be
   possible to use 'XPS_TDP' instead of 'XPS'.
   WARNING:Security:43 - No license file was found in the standard Xilinx
   license directory.
   WARNING:Security:44 - Since no license file was found,
          please run the Xilinx License Configuration Manager
          (xlcm or "Manage Xilinx Licenses")
          to assist in obtaining a license.
   WARNING:Security:42 - Your software subscription period has lapsed. Your
   current version of Xilinx tools will continue to function, but you no longer
   qualify for Xilinx software updates or new releases.


Parse
/nfs/TUEIEDAprojects/SystemDesign/work/ipxact/benjamin-bordes/DSE/1IP/1IP_SO/sys
tem.mhs ...

Read MPD definitions ...
WARNING:EDK - IPNAME: processing_system7, INSTANCE: processing_system7_0 -
   Superseded core for architecture 'zynq' -
   /nfs/TUEIEDAprojects/SystemDesign/work/ipxact/benjamin-bordes/DSE/1IP/1IP_SO/
   system.mhs line 80 
WARNING:EDK - IPNAME: clock_generator, INSTANCE: clock_generator_0 -
   Pre-Production version not verified on hardware for architecture 'zynq' -
   /nfs/TUEIEDAprojects/SystemDesign/work/ipxact/benjamin-bordes/DSE/1IP/1IP_SO/
   system.mhs line 184 
WARNING:EDK - IPNAME: axi_dma, INSTANCE: axi_dma_spdif - Superseded core for
   architecture 'zynq' -
   /nfs/TUEIEDAprojects/SystemDesign/work/ipxact/benjamin-bordes/DSE/1IP/1IP_SO/
   system.mhs line 342 
WARNING:EDK - IPNAME: axi_dma, INSTANCE: axi_dma_i2s - Superseded core for
   architecture 'zynq' -
   /nfs/TUEIEDAprojects/SystemDesign/work/ipxact/benjamin-bordes/DSE/1IP/1IP_SO/
   system.mhs line 361 
WARNING:EDK - IPNAME: processing_system7, INSTANCE: processing_system7_0 -
   Superseded core for architecture 'zynq' -
   /nfs/TUEIEDAprojects/SystemDesign/work/ipxact/benjamin-bordes/DSE/1IP/1IP_SO/
   system.mhs line 80 
WARNING:EDK - IPNAME: clock_generator, INSTANCE: clock_generator_0 -
   Pre-Production version not verified on hardware for architecture 'zynq' -
   /nfs/TUEIEDAprojects/SystemDesign/work/ipxact/benjamin-bordes/DSE/1IP/1IP_SO/
   system.mhs line 184 
WARNING:EDK - IPNAME: axi_dma, INSTANCE: axi_dma_spdif - Superseded core for
   architecture 'zynq' -
   /nfs/TUEIEDAprojects/SystemDesign/work/ipxact/benjamin-bordes/DSE/1IP/1IP_SO/
   system.mhs line 342 
WARNING:EDK - IPNAME: axi_dma, INSTANCE: axi_dma_i2s - Superseded core for
   architecture 'zynq' -
   /nfs/TUEIEDAprojects/SystemDesign/work/ipxact/benjamin-bordes/DSE/1IP/1IP_SO/
   system.mhs line 361 

Overriding IP level properties ...
INFO:EDK - IPNAME: processing_system7, INSTANCE:processing_system7_0 - tcl is
   overriding PARAMETER C_NUM_F2P_INTR_INPUTS value to 11 -
   /nfs/tools/xilinx/ise/14.7/ISE_DS/EDK/hw/XilinxProcessorIPLib/pcores/processi
   ng_system7_v3_00_a/data/processing_system7_v2_1_0.mpd line 254 
INFO:EDK - IPNAME: axi_interconnect, INSTANCE:axi_interconnect_2 - tcl is
   overriding PARAMETER C_BASEFAMILY value to zynq -
   /nfs/tools/xilinx/ise/14.7/ISE_DS/EDK/hw/XilinxProcessorIPLib/pcores/axi_inte
   rconnect_v1_06_a/data/axi_interconnect_v2_1_0.mpd line 81 
INFO:EDK - IPNAME: axi_interconnect, INSTANCE:axi_interconnect_1 - tcl is
   overriding PARAMETER C_BASEFAMILY value to zynq -
   /nfs/tools/xilinx/ise/14.7/ISE_DS/EDK/hw/XilinxProcessorIPLib/pcores/axi_inte
   rconnect_v1_06_a/data/axi_interconnect_v2_1_0.mpd line 81 
INFO:EDK - IPNAME: axi_interconnect, INSTANCE:axi_interconnect_0 - tcl is
   overriding PARAMETER C_BASEFAMILY value to zynq -
   /nfs/tools/xilinx/ise/14.7/ISE_DS/EDK/hw/XilinxProcessorIPLib/pcores/axi_inte
   rconnect_v1_06_a/data/axi_interconnect_v2_1_0.mpd line 81 
INFO:EDK - IPNAME: axi_interconnect, INSTANCE:axi_interconnect_3 - tcl is
   overriding PARAMETER C_BASEFAMILY value to zynq -
   /nfs/tools/xilinx/ise/14.7/ISE_DS/EDK/hw/XilinxProcessorIPLib/pcores/axi_inte
   rconnect_v1_06_a/data/axi_interconnect_v2_1_0.mpd line 81 
INFO:EDK - IPNAME: axi_interconnect, INSTANCE:axi_interconnect_4 - tcl is
   overriding PARAMETER C_BASEFAMILY value to zynq -
   /nfs/tools/xilinx/ise/14.7/ISE_DS/EDK/hw/XilinxProcessorIPLib/pcores/axi_inte
   rconnect_v1_06_a/data/axi_interconnect_v2_1_0.mpd line 81 

Computing clock values...
INFO:EDK - Frequency for Top-Level Input Clock 'cam_mem_0_clk100' is not
   specified. Clock DRCs will not be performed for IPs connected to that clock
   port, unless they are connected through the clock generator IP. 

INFO:EDK - IPNAME: axi2axi_connector, INSTANCE: axi2axi_connector_1 - Tools are
   updating the value of the parameter C_INTERCONNECT_M_AXI_IS_ACLK_ASYNC to
   '1'. 

Performing IP level DRCs on properties...

Running DRC Tcl procedures for OPTION IPLEVEL_DRC_PROC...
Address Map for Processor processing_system7_0
  (0x40400000-0x4040ffff) axi_dma_spdif	axi_interconnect_1
  (0x40420000-0x4042ffff) axi_dma_i2s	axi_interconnect_1
  (0x41600000-0x4160ffff) axi_iic_0	axi_interconnect_1
  (0x43000000-0x4300ffff) axi_vdma_4	axi_interconnect_1
  (0x43010000-0x43010fff) cam_mem_0	axi_interconnect_1
  (0x43011000-0x43011fff) cam_mem_0	axi_interconnect_1
  (0x43020000-0x4302ffff) axi_vdma_0	axi_interconnect_1
  (0x70e00000-0x70e0ffff) axi_hdmi_tx_16b_0	axi_interconnect_1
  (0x71800000-0x7180ffff)
sobel_filter_top_0	axi_interconnect_1->axi2axi_connector_1->axi_interconnect_4
  (0x75c00000-0x75c0ffff) axi_spdif_tx_0	axi_interconnect_1
  (0x75c20000-0x75c2ffff) axi_perf_mon_0	axi_interconnect_1
  (0x77600000-0x7760ffff) axi_i2s_adi_0	axi_interconnect_1
  (0x79000000-0x7900ffff) axi_clkgen_0	axi_interconnect_1

Checking platform address map ...

Checking platform configuration ...
IPNAME: axi_interconnect, INSTANCE: axi_interconnect_2 - 1 master(s) : 1
slave(s) 
IPNAME: axi_interconnect, INSTANCE: axi_interconnect_1 - 1 master(s) : 12
slave(s) 
IPNAME: axi_interconnect, INSTANCE: axi_interconnect_0 - 5 master(s) : 1
slave(s) 
IPNAME: axi_interconnect, INSTANCE: axi_interconnect_3 - 2 master(s) : 1
slave(s) 
IPNAME: axi_interconnect, INSTANCE: axi_interconnect_4 - 1 master(s) : 1
slave(s) 
WARNING:EDK - AXI4LITE protocol type BUSIF: S_AXI_CONTROL_BUS of IPINSTANCE:
   sobel_filter_top_0  connected with AXI4 type BUSIF: M_AXI of IPINSTANCE:
   axi2axi_connector_1.

Checking port drivers...
WARNING:EDK - PORT: ARESETN, CONNECTOR: axi_dma_spdif_M_AXIS_MM2S_ARESETN - No
   driver found. Port will be driven to GND -
   /nfs/TUEIEDAprojects/SystemDesign/work/ipxact/benjamin-bordes/DSE/1IP/1IP_SO/
   cf_lib/edk/pcores/axi_spdif_tx_v1_00_a/data/axi_spdif_tx_v2_1_0.mpd line 63 
WARNING:EDK - PORT: ARESETN, CONNECTOR: axi_dma_i2s_M_AXIS_MM2S_ARESETN - No
   driver found. Port will be driven to GND -
   /nfs/TUEIEDAprojects/SystemDesign/work/ipxact/benjamin-bordes/DSE/1IP/1IP_SO/
   cf_lib/edk/pcores/axi_i2s_adi_v1_00_a/data/axi_i2s_adi_v2_1_0.mpd line 59 
WARNING:EDK - PORT: s_axis_s2mm_tkeep, CONNECTOR:
   sobel_filter_top_0_OUTPUT_STREAM_TKEEP - No driver found. Port will be driven
   to VCC -
   /nfs/tools/xilinx/ise/14.7/ISE_DS/EDK/hw/XilinxProcessorIPLib/pcores/axi_vdma
   _v5_04_a/data/axi_vdma_v2_1_0.mpd line 231 
WARNING:EDK - PORT: INPUT_STREAM_TSTRB, CONNECTOR: axi_vdma_4_M_AXIS_MM2S_TSTRB
   - No driver found. Port will be driven to GND -
   /nfs/TUEIEDAprojects/SystemDesign/work/ipxact/benjamin-bordes/DSE/1IP/1IP_SO/
   pcores/sobel_filter_top_v1_01_a/data/sobel_filter_top_v2_1_0.mpd line 66 
WARNING:EDK - PORT: INPUT_STREAM_TDEST, CONNECTOR: axi_vdma_4_M_AXIS_MM2S_TDEST
   - No driver found. Port will be driven to GND -
   /nfs/TUEIEDAprojects/SystemDesign/work/ipxact/benjamin-bordes/DSE/1IP/1IP_SO/
   pcores/sobel_filter_top_v1_01_a/data/sobel_filter_top_v2_1_0.mpd line 69 
WARNING:EDK - PORT: util_vector_logic_0_Op1_pin, CONNECTOR:
   net_util_vector_logic_0_Op1_pin - floating connection -
   /nfs/TUEIEDAprojects/SystemDesign/work/ipxact/benjamin-bordes/DSE/1IP/1IP_SO/
   system.mhs line 35 
WARNING:EDK - PORT: m_axis_mm2s_tuser, CONNECTOR: axi_vdma_0_M_AXIS_MM2S_TUSER -
   floating connection -
   /nfs/tools/xilinx/ise/14.7/ISE_DS/EDK/hw/XilinxProcessorIPLib/pcores/axi_vdma
   _v5_04_a/data/axi_vdma_v2_1_0.mpd line 212 
WARNING:EDK - PORT: s2mm_fsync_out, CONNECTOR: axi_vdma_0_s2mm_fsync_out -
   floating connection -
   /nfs/TUEIEDAprojects/SystemDesign/work/ipxact/benjamin-bordes/DSE/1IP/1IP_SO/
   system.mhs line 242 
WARNING:EDK - PORT: spdif_tx_int_o, CONNECTOR: axi_spdif_tx_0_spdif_tx_int_o -
   floating connection -
   /nfs/TUEIEDAprojects/SystemDesign/work/ipxact/benjamin-bordes/DSE/1IP/1IP_SO/
   system.mhs line 256 
WARNING:EDK - PORT: debug_data, CONNECTOR: axi_hdmi_tx_16b_0_debug_data -
   floating connection -
   /nfs/TUEIEDAprojects/SystemDesign/work/ipxact/benjamin-bordes/DSE/1IP/1IP_SO/
   system.mhs line 339 
WARNING:EDK - PORT: mm2s_prmry_reset_out_n, CONNECTOR: RESET_OUT_N - floating
   connection -
   /nfs/tools/xilinx/ise/14.7/ISE_DS/EDK/hw/XilinxProcessorIPLib/pcores/axi_dma_
   v5_00_a/data/axi_dma_v2_1_0.mpd line 212 
WARNING:EDK - PORT: mm2s_cntrl_reset_out_n, CONNECTOR: RESET_OUT_N - floating
   connection -
   /nfs/tools/xilinx/ise/14.7/ISE_DS/EDK/hw/XilinxProcessorIPLib/pcores/axi_dma_
   v5_00_a/data/axi_dma_v2_1_0.mpd line 218 
WARNING:EDK - PORT: s2mm_prmry_reset_out_n, CONNECTOR: RESET_OUT_N - floating
   connection -
   /nfs/tools/xilinx/ise/14.7/ISE_DS/EDK/hw/XilinxProcessorIPLib/pcores/axi_dma_
   v5_00_a/data/axi_dma_v2_1_0.mpd line 240 
WARNING:EDK - PORT: s2mm_sts_reset_out_n, CONNECTOR: RESET_OUT_N - floating
   connection -
   /nfs/tools/xilinx/ise/14.7/ISE_DS/EDK/hw/XilinxProcessorIPLib/pcores/axi_dma_
   v5_00_a/data/axi_dma_v2_1_0.mpd line 246 
WARNING:EDK - PORT: mm2s_prmry_reset_out_n, CONNECTOR: RESET_OUT_N - floating
   connection -
   /nfs/tools/xilinx/ise/14.7/ISE_DS/EDK/hw/XilinxProcessorIPLib/pcores/axi_dma_
   v5_00_a/data/axi_dma_v2_1_0.mpd line 212 
WARNING:EDK - PORT: mm2s_cntrl_reset_out_n, CONNECTOR: RESET_OUT_N - floating
   connection -
   /nfs/tools/xilinx/ise/14.7/ISE_DS/EDK/hw/XilinxProcessorIPLib/pcores/axi_dma_
   v5_00_a/data/axi_dma_v2_1_0.mpd line 218 
WARNING:EDK - PORT: s2mm_prmry_reset_out_n, CONNECTOR: RESET_OUT_N - floating
   connection -
   /nfs/tools/xilinx/ise/14.7/ISE_DS/EDK/hw/XilinxProcessorIPLib/pcores/axi_dma_
   v5_00_a/data/axi_dma_v2_1_0.mpd line 240 
WARNING:EDK - PORT: s2mm_sts_reset_out_n, CONNECTOR: RESET_OUT_N - floating
   connection -
   /nfs/tools/xilinx/ise/14.7/ISE_DS/EDK/hw/XilinxProcessorIPLib/pcores/axi_dma_
   v5_00_a/data/axi_dma_v2_1_0.mpd line 246 
WARNING:EDK - PORT: m_axis_mm2s_tkeep, CONNECTOR:
   axi_dma_spdif_M_AXIS_MM2S_TKEEP - floating connection -
   /nfs/tools/xilinx/ise/14.7/ISE_DS/EDK/hw/XilinxProcessorIPLib/pcores/axi_dma_
   v5_00_a/data/axi_dma_v2_1_0.mpd line 214 
WARNING:EDK - PORT: m_axis_mm2s_tkeep, CONNECTOR: axi_dma_i2s_M_AXIS_MM2S_TKEEP
   - floating connection -
   /nfs/tools/xilinx/ise/14.7/ISE_DS/EDK/hw/XilinxProcessorIPLib/pcores/axi_dma_
   v5_00_a/data/axi_dma_v2_1_0.mpd line 214 
WARNING:EDK - PORT: m_axis_mm2s_tkeep, CONNECTOR: axi_vdma_4_M_AXIS_MM2S_TKEEP -
   floating connection -
   /nfs/tools/xilinx/ise/14.7/ISE_DS/EDK/hw/XilinxProcessorIPLib/pcores/axi_vdma
   _v5_04_a/data/axi_vdma_v2_1_0.mpd line 208 
WARNING:EDK - PORT: M_AXI_AWREGION, CONNECTOR: axi_interconnect_4_S_AWREGION -
   floating connection -
   /nfs/tools/xilinx/ise/14.7/ISE_DS/EDK/hw/XilinxProcessorIPLib/pcores/axi2axi_
   connector_v1_00_a/data/axi2axi_connector_v2_1_0.mpd line 198 
WARNING:EDK - PORT: M_AXI_ARREGION, CONNECTOR: axi_interconnect_4_S_ARREGION -
   floating connection -
   /nfs/tools/xilinx/ise/14.7/ISE_DS/EDK/hw/XilinxProcessorIPLib/pcores/axi2axi_
   connector_v1_00_a/data/axi2axi_connector_v2_1_0.mpd line 223 
WARNING:EDK - PORT: OUTPUT_STREAM_TSTRB, CONNECTOR:
   sobel_filter_top_0_OUTPUT_STREAM_TSTRB - floating connection -
   /nfs/TUEIEDAprojects/SystemDesign/work/ipxact/benjamin-bordes/DSE/1IP/1IP_SO/
   pcores/sobel_filter_top_v1_01_a/data/sobel_filter_top_v2_1_0.mpd line 82 
WARNING:EDK - PORT: OUTPUT_STREAM_TDEST, CONNECTOR:
   sobel_filter_top_0_OUTPUT_STREAM_TDEST - floating connection -
   /nfs/TUEIEDAprojects/SystemDesign/work/ipxact/benjamin-bordes/DSE/1IP/1IP_SO/
   pcores/sobel_filter_top_v1_01_a/data/sobel_filter_top_v2_1_0.mpd line 85 

Performing Clock DRCs...

Performing Reset DRCs...

Overriding system level properties...

INFO: Setting C_RANGE_CHECK = OFF for axi_interconnect axi_interconnect_2; no
DECERR checking will be performed.
INFO:EDK - IPNAME: axi_interconnect, INSTANCE:axi_interconnect_2 - tcl is
   overriding PARAMETER C_RANGE_CHECK value to 0 -
   /nfs/tools/xilinx/ise/14.7/ISE_DS/EDK/hw/XilinxProcessorIPLib/pcores/axi_inte
   rconnect_v1_06_a/data/axi_interconnect_v2_1_0.mpd line 149 

INFO: Setting C_RANGE_CHECK = ON for axi_interconnect axi_interconnect_1.
INFO:EDK - IPNAME: axi_interconnect, INSTANCE:axi_interconnect_1 - tcl is
   overriding PARAMETER C_RANGE_CHECK value to 1 -
   /nfs/tools/xilinx/ise/14.7/ISE_DS/EDK/hw/XilinxProcessorIPLib/pcores/axi_inte
   rconnect_v1_06_a/data/axi_interconnect_v2_1_0.mpd line 149 

INFO: Setting C_RANGE_CHECK = OFF for axi_interconnect axi_interconnect_0; no
DECERR checking will be performed.
INFO:EDK - IPNAME: axi_interconnect, INSTANCE:axi_interconnect_0 - tcl is
   overriding PARAMETER C_RANGE_CHECK value to 0 -
   /nfs/tools/xilinx/ise/14.7/ISE_DS/EDK/hw/XilinxProcessorIPLib/pcores/axi_inte
   rconnect_v1_06_a/data/axi_interconnect_v2_1_0.mpd line 149 

INFO: Setting C_RANGE_CHECK = OFF for axi_interconnect axi_interconnect_3; no
DECERR checking will be performed.
INFO:EDK - IPNAME: axi_interconnect, INSTANCE:axi_interconnect_3 - tcl is
   overriding PARAMETER C_RANGE_CHECK value to 0 -
   /nfs/tools/xilinx/ise/14.7/ISE_DS/EDK/hw/XilinxProcessorIPLib/pcores/axi_inte
   rconnect_v1_06_a/data/axi_interconnect_v2_1_0.mpd line 149 

INFO: Setting C_RANGE_CHECK = ON for axi_interconnect axi_interconnect_4.
INFO:EDK - IPNAME: axi_interconnect, INSTANCE:axi_interconnect_4 - tcl is
   overriding PARAMETER C_RANGE_CHECK value to 1 -
   /nfs/tools/xilinx/ise/14.7/ISE_DS/EDK/hw/XilinxProcessorIPLib/pcores/axi_inte
   rconnect_v1_06_a/data/axi_interconnect_v2_1_0.mpd line 149 

Running system level update procedures...

Running UPDATE Tcl procedures for OPTION SYSLEVEL_UPDATE_PROC...

Running system level DRCs...

Performing System level DRCs on properties...

Running DRC Tcl procedures for OPTION SYSLEVEL_DRC_PROC...

Running UPDATE Tcl procedures for OPTION PLATGEN_SYSLEVEL_UPDATE_PROC...
INFO: No asynchronous clock conversions in axi_interconnect axi_interconnect_2.
INFO: No asynchronous clock conversions in axi_interconnect axi_interconnect_1.
INFO: No asynchronous clock conversions in axi_interconnect axi_interconnect_0.
INFO: No asynchronous clock conversions in axi_interconnect axi_interconnect_3.
INFO: Generating core-level timing constraints for asynchronous clock
conversions in axi_interconnect axi_interconnect_4.
INFO: The axi_perf_mon_0 core has constraints automatically generated by XPS in
implementation/axi_perf_mon_0_wrapper/axi_perf_mon_0_wrapper.ucf.
It can be overridden by constraints placed in the system.ucf file.

INFO: The axi_perf_mon_0 core has constraints automatically generated by XPS in
implementation/axi_perf_mon_0_wrapper/axi_perf_mon_0_wrapper.ucf.
It can be overridden by constraints placed in the system.ucf file.


Modify defaults ...

Creating stub ...

Processing licensed instances ...
Completion time: 0.00 seconds

Creating hardware output directories ...

Managing hardware (BBD-specified) netlist files ...

Managing cache ...
IPNAME:util_vector_logic INSTANCE:util_vector_logic_0 -
/nfs/TUEIEDAprojects/SystemDesign/work/ipxact/benjamin-bordes/DSE/1IP/1IP_SO/sys
tem.mhs line 58 - Copying cache implementation netlist
IPNAME:util_i2c_mixer INSTANCE:util_i2c_mixer_0 -
/nfs/TUEIEDAprojects/SystemDesign/work/ipxact/benjamin-bordes/DSE/1IP/1IP_SO/sys
tem.mhs line 67 - Copying cache implementation netlist
IPNAME:processing_system7 INSTANCE:processing_system7_0 -
/nfs/TUEIEDAprojects/SystemDesign/work/ipxact/benjamin-bordes/DSE/1IP/1IP_SO/sys
tem.mhs line 80 - Copying cache implementation netlist
IPNAME:test_mem INSTANCE:cam_mem_0 -
/nfs/TUEIEDAprojects/SystemDesign/work/ipxact/benjamin-bordes/DSE/1IP/1IP_SO/sys
tem.mhs line 195 - Copying cache implementation netlist
IPNAME:axi_spdif_tx INSTANCE:axi_spdif_tx_0 -
/nfs/TUEIEDAprojects/SystemDesign/work/ipxact/benjamin-bordes/DSE/1IP/1IP_SO/sys
tem.mhs line 245 - Copying cache implementation netlist
IPNAME:axi_interconnect INSTANCE:axi_interconnect_2 -
/nfs/TUEIEDAprojects/SystemDesign/work/ipxact/benjamin-bordes/DSE/1IP/1IP_SO/sys
tem.mhs line 259 - Copying cache implementation netlist
IPNAME:axi_interconnect INSTANCE:axi_interconnect_1 -
/nfs/TUEIEDAprojects/SystemDesign/work/ipxact/benjamin-bordes/DSE/1IP/1IP_SO/sys
tem.mhs line 267 - Copying cache implementation netlist
IPNAME:axi_interconnect INSTANCE:axi_interconnect_0 -
/nfs/TUEIEDAprojects/SystemDesign/work/ipxact/benjamin-bordes/DSE/1IP/1IP_SO/sys
tem.mhs line 275 - Copying cache implementation netlist
IPNAME:axi_iic INSTANCE:axi_iic_0 -
/nfs/TUEIEDAprojects/SystemDesign/work/ipxact/benjamin-bordes/DSE/1IP/1IP_SO/sys
tem.mhs line 282 - Copying cache implementation netlist
IPNAME:axi_i2s_adi INSTANCE:axi_i2s_adi_0 -
/nfs/TUEIEDAprojects/SystemDesign/work/ipxact/benjamin-bordes/DSE/1IP/1IP_SO/sys
tem.mhs line 299 - Copying cache implementation netlist
IPNAME:axi_hdmi_tx_16b INSTANCE:axi_hdmi_tx_16b_0 -
/nfs/TUEIEDAprojects/SystemDesign/work/ipxact/benjamin-bordes/DSE/1IP/1IP_SO/sys
tem.mhs line 320 - Copying cache implementation netlist
IPNAME:axi_dma INSTANCE:axi_dma_spdif -
/nfs/TUEIEDAprojects/SystemDesign/work/ipxact/benjamin-bordes/DSE/1IP/1IP_SO/sys
tem.mhs line 342 - Copying cache implementation netlist
IPNAME:axi_dma INSTANCE:axi_dma_i2s -
/nfs/TUEIEDAprojects/SystemDesign/work/ipxact/benjamin-bordes/DSE/1IP/1IP_SO/sys
tem.mhs line 361 - Copying cache implementation netlist
IPNAME:axi_clkgen INSTANCE:axi_clkgen_0 -
/nfs/TUEIEDAprojects/SystemDesign/work/ipxact/benjamin-bordes/DSE/1IP/1IP_SO/sys
tem.mhs line 385 - Copying cache implementation netlist
IPNAME:axi_interconnect INSTANCE:axi_interconnect_3 -
/nfs/TUEIEDAprojects/SystemDesign/work/ipxact/benjamin-bordes/DSE/1IP/1IP_SO/sys
tem.mhs line 396 - Copying cache implementation netlist
IPNAME:axi2axi_connector INSTANCE:axi2axi_connector_1 -
/nfs/TUEIEDAprojects/SystemDesign/work/ipxact/benjamin-bordes/DSE/1IP/1IP_SO/sys
tem.mhs line 461 - Copying cache implementation netlist
IPNAME:axi_interconnect INSTANCE:axi_interconnect_4 -
/nfs/TUEIEDAprojects/SystemDesign/work/ipxact/benjamin-bordes/DSE/1IP/1IP_SO/sys
tem.mhs line 471 - Copying cache implementation netlist
IPNAME:proc_sys_reset INSTANCE:sobel_filter_top_0_reset_1 -
/nfs/TUEIEDAprojects/SystemDesign/work/ipxact/benjamin-bordes/DSE/1IP/1IP_SO/sys
tem.mhs line 479 - Copying cache implementation netlist
IPNAME:sobel_filter_top INSTANCE:sobel_filter_top_0 -
/nfs/TUEIEDAprojects/SystemDesign/work/ipxact/benjamin-bordes/DSE/1IP/1IP_SO/sys
tem.mhs line 488 - Copying cache implementation netlist
IPNAME:axi_perf_mon INSTANCE:axi_perf_mon_0 -
/nfs/TUEIEDAprojects/SystemDesign/work/ipxact/benjamin-bordes/DSE/1IP/1IP_SO/sys
tem.mhs line 531 - Copying cache implementation netlist

Elaborating instances ...
IPNAME:clock_generator INSTANCE:clock_generator_0 -
/nfs/TUEIEDAprojects/SystemDesign/work/ipxact/benjamin-bordes/DSE/1IP/1IP_SO/sys
tem.mhs line 184 - elaborating IP
ClkGen elaborate status: PASSED
----------------------------------------
----------------------------------------

Writing HDL for elaborated instances ...

Inserting wrapper level ...
Completion time: 1.00 seconds

Constructing platform-level connectivity ...
Completion time: 1.00 seconds

Writing (top-level) BMM ...

Writing (top-level and wrappers) HDL ...

Generating synthesis project file ...

Running XST synthesis ...

INFO:EDK - The following instances are synthesized with XST. The MPD option
   IMP_NETLIST=TRUE indicates that a NGC file is to be produced using XST
   synthesis. IMP_NETLIST=FALSE (default) instances are not synthesized. 
INSTANCE:util_i2c_mixer_0 -
/nfs/TUEIEDAprojects/SystemDesign/work/ipxact/benjamin-bordes/DSE/1IP/1IP_SO/sys
tem.mhs line 67 - Running XST synthesis
INSTANCE:clock_generator_0 -
/nfs/TUEIEDAprojects/SystemDesign/work/ipxact/benjamin-bordes/DSE/1IP/1IP_SO/sys
tem.mhs line 184 - Running XST synthesis
INSTANCE:cam_mem_0 -
/nfs/TUEIEDAprojects/SystemDesign/work/ipxact/benjamin-bordes/DSE/1IP/1IP_SO/sys
tem.mhs line 195 - Running XST synthesis
INSTANCE:axi_vdma_0 -
/nfs/TUEIEDAprojects/SystemDesign/work/ipxact/benjamin-bordes/DSE/1IP/1IP_SO/sys
tem.mhs line 220 - Running XST synthesis
INSTANCE:axi_spdif_tx_0 -
/nfs/TUEIEDAprojects/SystemDesign/work/ipxact/benjamin-bordes/DSE/1IP/1IP_SO/sys
tem.mhs line 245 - Running XST synthesis
INSTANCE:axi_i2s_adi_0 -
/nfs/TUEIEDAprojects/SystemDesign/work/ipxact/benjamin-bordes/DSE/1IP/1IP_SO/sys
tem.mhs line 299 - Running XST synthesis
INSTANCE:axi_hdmi_tx_16b_0 -
/nfs/TUEIEDAprojects/SystemDesign/work/ipxact/benjamin-bordes/DSE/1IP/1IP_SO/sys
tem.mhs line 320 - Running XST synthesis
INSTANCE:axi_clkgen_0 -
/nfs/TUEIEDAprojects/SystemDesign/work/ipxact/benjamin-bordes/DSE/1IP/1IP_SO/sys
tem.mhs line 385 - Running XST synthesis
INSTANCE:axi_vdma_4 -
/nfs/TUEIEDAprojects/SystemDesign/work/ipxact/benjamin-bordes/DSE/1IP/1IP_SO/sys
tem.mhs line 403 - Running XST synthesis
INSTANCE:sobel_filter_top_0 -
/nfs/TUEIEDAprojects/SystemDesign/work/ipxact/benjamin-bordes/DSE/1IP/1IP_SO/sys
tem.mhs line 488 - Running XST synthesis

Running NGCBUILD ...
IPNAME:system_clock_generator_0_wrapper INSTANCE:clock_generator_0 -
/nfs/TUEIEDAprojects/SystemDesign/work/ipxact/benjamin-bordes/DSE/1IP/1IP_SO/sys
tem.mhs line 184 - Running NGCBUILD
IPNAME:system_axi_vdma_0_wrapper INSTANCE:axi_vdma_0 -
/nfs/TUEIEDAprojects/SystemDesign/work/ipxact/benjamin-bordes/DSE/1IP/1IP_SO/sys
tem.mhs line 220 - Running NGCBUILD
IPNAME:system_axi_vdma_4_wrapper INSTANCE:axi_vdma_4 -
/nfs/TUEIEDAprojects/SystemDesign/work/ipxact/benjamin-bordes/DSE/1IP/1IP_SO/sys
tem.mhs line 403 - Running NGCBUILD
INFO:EDK - NCF files should not be modified as they will be regenerated.
   If any constraint needs to be overridden, this should be done by modifying
   the data/system.ucf file.

Rebuilding cache ...

Total run time: 2636.00 seconds
