@I [HLS-0] Workspace /nfs/TUEIEDAprojects/SystemDesign/work/zynq/munish/LabSDS/LabSDS_v4/GettingStartedHLS/fir_prj/solution1 opened at Mon Apr 28 11:09:19 CEST 2014
@I [HLS-100] Command "config_clock -quiet -name default -period 10 -default=false "
@I [SYN-201] Setting up clock 'default' with a period of 10ns.
@I [HLS-100] Command 'config_clock' returned 0; elapsed 0Total elapsed time: 0.891 sec.
@I [HLS-100] Command "open_platform DefaultPlatform "
@I [HLS-100] Command 'open_platform' returned 0; elapsed 0Total elapsed time: 0.893 sec.
@I [HLS-100] Command "import_lib /nfs/tools/xilinx/Vivado_HLS/2013.3/common/technology/xilinx/zynq/zynq "
@I [HLS-100] Command "source /nfs/tools/xilinx/Vivado_HLS/2013.3/common/technology/xilinx/common/xilinx.lib "
@I [HLS-100] Command "source /nfs/tools/xilinx/Vivado_HLS/2013.3/common/technology/xilinx/interface/xilinx_interface.lib "
@I [HLS-100] Command "source /nfs/tools/xilinx/Vivado_HLS/2013.3/common/technology/xilinx/interface/plb46.lib "
@I [HLS-100] Command 'ap_source' returned 0; elapsed 0Total elapsed time: 0.902 sec.
@I [HLS-100] Command "source /nfs/tools/xilinx/Vivado_HLS/2013.3/common/technology/xilinx/interface/fsl.lib "
@I [HLS-100] Command 'ap_source' returned 0; elapsed 0Total elapsed time: 0.904 sec.
@I [HLS-100] Command "source /nfs/tools/xilinx/Vivado_HLS/2013.3/common/technology/xilinx/interface/axi4.lib "
@I [HLS-100] Command 'ap_source' returned 0; elapsed 0Total elapsed time: 0.907 sec.
@I [HLS-100] Command 'ap_source' returned 0; elapsed 0Total elapsed time: 0.907 sec.
@I [HLS-100] Command "source /nfs/tools/xilinx/Vivado_HLS/2013.3/common/technology/xilinx/common/dsp48.lib "
@I [HLS-100] Command 'ap_source' returned 0; elapsed 0Total elapsed time: 0.908 sec.
@I [HLS-100] Command "source /nfs/tools/xilinx/Vivado_HLS/2013.3/common/technology/xilinx/ip/xfft.lib "
@I [HLS-100] Command 'ap_source' returned 0; elapsed 0Total elapsed time: 0.911 sec.
@I [HLS-100] Command "source /nfs/tools/xilinx/Vivado_HLS/2013.3/common/technology/xilinx/ip/xfir.lib "
@I [HLS-100] Command 'ap_source' returned 0; elapsed 0Total elapsed time: 0.913 sec.
@I [HLS-100] Command 'ap_source' returned 0; elapsed 0.01Total elapsed time: 0.916 sec.
@I [HLS-100] Command "source /nfs/tools/xilinx/Vivado_HLS/2013.3/common/technology/xilinx/common/xilinx_old.lib "
@I [HLS-100] Command 'ap_source' returned 0; elapsed 0Total elapsed time: 0.921 sec.
@I [HLS-100] Command "source /nfs/tools/xilinx/Vivado_HLS/2013.3/common/technology/xilinx/common/xilinx_vivado.lib "
@I [HLS-100] Command 'ap_source' returned 0; elapsed 0Total elapsed time: 0.922 sec.
@I [HLS-100] Command "source /nfs/tools/xilinx/Vivado_HLS/2013.3/common/technology/xilinx/common/xilinx.hlp "
@I [HLS-100] Command "source /nfs/tools/xilinx/Vivado_HLS/2013.3/common/technology/xilinx/common/target_info.tcl "
@I [HLS-100] Command 'ap_source' returned 0; elapsed 0Total elapsed time: 0.931 sec.
@I [HLS-100] Command "source /nfs/tools/xilinx/Vivado_HLS/2013.3/common/technology/xilinx/common/dsp48.hlp "
@I [HLS-100] Command 'ap_source' returned 0; elapsed 0Total elapsed time: 0.933 sec.
@I [HLS-100] Command 'ap_source' returned 0; elapsed 0Total elapsed time: 0.934 sec.
@I [HLS-100] Command "source /nfs/tools/xilinx/Vivado_HLS/2013.3/common/technology/xilinx/zynq/dsp48e1.hlp "
@I [HLS-100] Command 'ap_source' returned 0; elapsed 0Total elapsed time: 0.936 sec.
@I [HLS-100] Command "get_default_platform "
@I [HLS-100] Command 'get_default_platform' returned 0; elapsed 0Total elapsed time: 0.936 sec.
@I [HLS-100] Command "config_chip_info -quiet -resource  {SLICE 13300}  {LUT 53200}     {FF 106400} {DSP48E 220}   {BRAM 280}  "
@I [HLS-100] Command 'config_chip_info' returned 0; elapsed 0Total elapsed time: 0.936 sec.
@I [HLS-100] Command "config_chip_info -quiet -speed medium "
@I [HLS-100] Command 'config_chip_info' returned 0; elapsed 0Total elapsed time: 0.936 sec.
@I [HLS-100] Command 'import_lib' returned 0; elapsed 0.02Total elapsed time: 0.938 sec.
@I [HLS-100] Command "source /nfs/tools/xilinx/Vivado_HLS/2013.3/common/technology/xilinx/zynq/zynq.gen "
@I [HLS-100] Command "source /nfs/tools/xilinx/Vivado_HLS/2013.3/common/technology/xilinx/common/virtex.gen "
@I [HLS-100] Command "source /nfs/tools/xilinx/Vivado_HLS/2013.3/common/technology/xilinx/common/xilinx.gen "
@I [HLS-100] Command "source /nfs/tools/xilinx/Vivado_HLS/2013.3/common/technology/xilinx/interface/plb46.gen "
@I [HLS-100] Command 'ap_source' returned 0; elapsed 0Total elapsed time: 0.947 sec.
@I [HLS-100] Command "source /nfs/tools/xilinx/Vivado_HLS/2013.3/common/technology/xilinx/interface/fsl.gen "
@I [HLS-100] Command 'ap_source' returned 0; elapsed 0Total elapsed time: 0.949 sec.
@I [HLS-100] Command "source /nfs/tools/xilinx/Vivado_HLS/2013.3/common/technology/xilinx/interface/axi4.gen "
@I [HLS-100] Command 'ap_source' returned 0; elapsed 0Total elapsed time: 0.954 sec.
@I [HLS-100] Command "source /nfs/tools/xilinx/Vivado_HLS/2013.3/common/technology/xilinx/scripts/xilinxcoregen.gen "
@I [HLS-100] Command 'ap_source' returned 0; elapsed 0.01Total elapsed time: 0.965 sec.
@I [HLS-100] Command "source /nfs/tools/xilinx/Vivado_HLS/2013.3/common/technology/xilinx/interface/XilEDKCoreGen.gen "
@I [HLS-100] Command 'ap_source' returned 0; elapsed 0.01Total elapsed time: 0.979 sec.
@I [HLS-100] Command "source /nfs/tools/xilinx/Vivado_HLS/2013.3/common/technology/xilinx/ip/util.gen "
@I [HLS-100] Command 'ap_source' returned 0; elapsed 0Total elapsed time: 0.981 sec.
@I [HLS-100] Command "source /nfs/tools/xilinx/Vivado_HLS/2013.3/common/technology/xilinx/ip/xfft.gen "
@I [HLS-100] Command 'ap_source' returned 0; elapsed 0.09Total elapsed time: 1.81 sec.
@I [HLS-100] Command "source /nfs/tools/xilinx/Vivado_HLS/2013.3/common/technology/xilinx/ip/xfir.gen "
@I [HLS-100] Command "source /nfs/tools/xilinx/Vivado_HLS/2013.3/tps/tcl/tcllib1.11.1/struct/list.tcl "
@I [HLS-100] Command "source /nfs/tools/xilinx/Vivado_HLS/2013.3/tps/tcl/tcllib1.11.1/cmdline/cmdline.tcl "
@I [HLS-100] Command 'ap_source' returned 0; elapsed 0Total elapsed time: 1.97 sec.
@I [HLS-100] Command 'ap_source' returned 0; elapsed 0Total elapsed time: 1.97 sec.
@I [HLS-100] Command "source /nfs/tools/xilinx/Vivado_HLS/2013.3/tps/tcl/tcllib1.11.1/math/bignum.tcl "
@I [HLS-100] Command 'ap_source' returned 0; elapsed 0Total elapsed time: 1.102 sec.
@I [HLS-100] Command 'ap_source' returned 0; elapsed 0.02Total elapsed time: 1.110 sec.
@I [HLS-100] Command 'ap_source' returned 0; elapsed 0.14Total elapsed time: 1.110 sec.
@I [HLS-100] Command "source /nfs/tools/xilinx/Vivado_HLS/2013.3/common/technology/xilinx/common/dsp48.gen "
@I [HLS-100] Command 'ap_source' returned 0; elapsed 0.01Total elapsed time: 1.113 sec.
@I [HLS-100] Command 'ap_source' returned 0; elapsed 0.15Total elapsed time: 1.113 sec.
@I [HLS-100] Command 'ap_source' returned 0; elapsed 0.15Total elapsed time: 1.113 sec.
@I [HLS-100] Command "open_platform DefaultPlatform "
@I [HLS-100] Command 'open_platform' returned 0; elapsed 0Total elapsed time: 1.113 sec.
@I [HLS-100] Command "import_lib /nfs/tools/xilinx/Vivado_HLS/2013.3/common/technology/xilinx/zynq/zynq_fpv6 "
@I [HLS-100] Command "source /nfs/tools/xilinx/Vivado_HLS/2013.3/common/technology/xilinx/common/xilinx_fpv7.lib "
@I [HLS-100] Command "source /nfs/tools/xilinx/Vivado_HLS/2013.3/common/technology/xilinx/common/xilinx_fpv6.lib "
@I [HLS-100] Command 'ap_source' returned 0; elapsed 0Total elapsed time: 1.122 sec.
@I [HLS-100] Command 'ap_source' returned 0; elapsed 0Total elapsed time: 1.124 sec.
@I [HLS-100] Command 'import_lib' returned 0; elapsed 0.01Total elapsed time: 1.139 sec.
@I [HLS-100] Command "source /nfs/tools/xilinx/Vivado_HLS/2013.3/common/technology/xilinx/zynq/zynq_fpv6.gen "
@I [HLS-100] Command "source /nfs/tools/xilinx/Vivado_HLS/2013.3/common/technology/xilinx/common/xilinx_fpv6.gen "
@I [HLS-100] Command 'ap_source' returned 0; elapsed 0Total elapsed time: 1.144 sec.
@I [HLS-100] Command 'ap_source' returned 0; elapsed 0Total elapsed time: 1.144 sec.
@I [HLS-100] Command "set_part xc7z020clg484-1 "
@I [HLS-100] Command "add_library xilinx/zynq/zynq:xc7z020:clg484:-1 "
@I [HLS-100] Command "get_default_platform "
@I [HLS-100] Command 'get_default_platform' returned 0; elapsed 0Total elapsed time: 1.147 sec.
@I [HLS-100] Command "license_exists VIVADO_HLS "
@I [HLS-100] Command 'license_exists' returned 1; elapsed 0Total elapsed time: 1.147 sec.
@I [HLS-100] Command "license_exists AUTOESL_NI "
@I [HLS-100] Command 'license_exists' returned 1; elapsed 0Total elapsed time: 1.147 sec.
@I [HLS-100] Command "license_exists HLS "
@I [HLS-100] Command 'license_exists' returned 0; elapsed 0Total elapsed time: 1.147 sec.
@I [HLS-100] Command "get_default_platform "
@I [HLS-100] Command 'get_default_platform' returned 0; elapsed 0Total elapsed time: 1.151 sec.
@I [HLS-100] Command "config_chip_info -quiet -resource  {SLICE 13300}  {LUT 53200}     {FF 106400} {DSP48E 220}   {BRAM 280}  "
@I [HLS-100] Command 'config_chip_info' returned 0; elapsed 0Total elapsed time: 1.151 sec.
@I [HLS-100] Command "config_chip_info -quiet -speed slow "
@I [HLS-100] Command 'config_chip_info' returned 0; elapsed 0Total elapsed time: 1.151 sec.
@I [HLS-100] Command 'add_library' returned 0; elapsed 0Total elapsed time: 1.155 sec.
@I [HLS-100] Command "add_library xilinx/zynq/zynq_fpv6 "
@I [HLS-100] Command "get_default_platform "
@I [HLS-100] Command 'get_default_platform' returned 0; elapsed 0Total elapsed time: 1.157 sec.
@I [HLS-100] Command "license_exists VIVADO_HLS "
@I [HLS-100] Command 'license_exists' returned 1; elapsed 0Total elapsed time: 1.157 sec.
@I [HLS-100] Command "license_exists AUTOESL_NI "
@I [HLS-100] Command 'license_exists' returned 1; elapsed 0Total elapsed time: 1.157 sec.
@I [HLS-100] Command "license_exists HLS "
@I [HLS-100] Command 'license_exists' returned 0; elapsed 0Total elapsed time: 1.157 sec.
@I [HLS-100] Command 'add_library' returned 0; elapsed 0Total elapsed time: 1.160 sec.
@I [HLS-10] Setting target device to 'xc7z020clg484-1'
@I [HLS-100] Command 'set_part' returned 0; elapsed 0Total elapsed time: 1.160 sec.
@I [HLS-100] Command "get_default_platform "
@I [HLS-100] Command 'get_default_platform' returned 0; elapsed 0Total elapsed time: 1.161 sec.
@I [HLS-100] Command "config_chip_info -quiet -resource  {SLICE 13300}  {LUT 53200}     {FF 106400} {DSP48E 220}   {BRAM 280}  "
@I [HLS-100] Command 'config_chip_info' returned 0; elapsed 0Total elapsed time: 1.161 sec.
@I [HLS-100] Command "config_chip_info -quiet -speed slow "
@I [HLS-100] Command 'config_chip_info' returned 0; elapsed 0Total elapsed time: 1.161 sec.
@I [HLS-100] Command 'open_solution' returned 0; elapsed 0.21Total elapsed time: 1.163 sec.
@I [HLS-100] Command "set_part xc7z020clg484-1 "
@I [HLS-100] Command "add_library xilinx/zynq/zynq:xc7z020:clg484:-1 "
@I [HLS-100] Command "get_default_platform "
@I [HLS-100] Command 'get_default_platform' returned 0; elapsed 0Total elapsed time: 1.166 sec.
@I [HLS-100] Command "license_exists VIVADO_HLS "
@I [HLS-100] Command 'license_exists' returned 1; elapsed 0Total elapsed time: 1.166 sec.
@I [HLS-100] Command "license_exists AUTOESL_NI "
@I [HLS-100] Command 'license_exists' returned 1; elapsed 0Total elapsed time: 1.166 sec.
@I [HLS-100] Command "license_exists HLS "
@I [HLS-100] Command 'license_exists' returned 0; elapsed 0Total elapsed time: 1.166 sec.
@I [HLS-100] Command "get_default_platform "
@I [HLS-100] Command 'get_default_platform' returned 0; elapsed 0Total elapsed time: 1.169 sec.
@I [HLS-100] Command "config_chip_info -quiet -resource  {SLICE 13300}  {LUT 53200}     {FF 106400} {DSP48E 220}   {BRAM 280}  "
@I [HLS-100] Command 'config_chip_info' returned 0; elapsed 0Total elapsed time: 1.169 sec.
@I [HLS-100] Command "config_chip_info -quiet -speed slow "
@I [HLS-100] Command 'config_chip_info' returned 0; elapsed 0Total elapsed time: 1.169 sec.
@I [HLS-100] Command 'add_library' returned 0; elapsed 0.01Total elapsed time: 1.173 sec.
@I [HLS-100] Command "add_library xilinx/zynq/zynq_fpv6 "
@I [HLS-100] Command "get_default_platform "
@I [HLS-100] Command 'get_default_platform' returned 0; elapsed 0Total elapsed time: 1.176 sec.
@I [HLS-100] Command "license_exists VIVADO_HLS "
@I [HLS-100] Command 'license_exists' returned 1; elapsed 0Total elapsed time: 1.176 sec.
@I [HLS-100] Command "license_exists AUTOESL_NI "
@I [HLS-100] Command 'license_exists' returned 1; elapsed 0Total elapsed time: 1.176 sec.
@I [HLS-100] Command "license_exists HLS "
@I [HLS-100] Command 'license_exists' returned 0; elapsed 0Total elapsed time: 1.176 sec.
@I [HLS-100] Command 'add_library' returned 0; elapsed 0Total elapsed time: 1.179 sec.
@I [HLS-100] Command 'set_part' returned 0; elapsed 0.01Total elapsed time: 1.179 sec.
@I [HLS-100] Command "create_clock -period 10 -name default "
@I [HLS-100] Command 'create_clock' returned 0; elapsed 0Total elapsed time: 1.185 sec.
@I [HLS-100] Command "source ./fir_prj/solution1/directives.tcl "
@I [HLS-100] Command 'ap_source' returned 0; elapsed 0Total elapsed time: 1.187 sec.
@I [HLS-100] Command "csynth_design "
@I [HLS-100] Command "elaborate -effort=medium -skip_syncheck=0 -lm=0 -skip_transform=0 -ng=0 -g=0 -opt_fp=0 "
@I [HLS-10] Importing test bench file 'files/fir_test.c' ... 
@0 [HLS-0] Importing test bench file 'files/fir_test.c' ... 
@I [HLS-10] Importing test bench file 'files/out.gold.dat' ... 
@0 [HLS-0] Importing test bench file 'files/out.gold.dat' ... 
@I [HLS-10] Analyzing design file 'files/fir.c' ... 
@0 [HLS-0] Analyzing design file 'files/fir.c' ... 
@I [HLS-0] Compiling one TU...
@I [HLS-0] 
Checking before pre-process: exec clang -gcc-toolchain "/nfs/tools/xilinx/Vivado_HLS/2013.3/lnx64/tools/gcc" -hls    -D "__asm__(...)=" -fno-math-errno -c -emit-llvm -O0  -mllvm -disable-llvm-optzns -std=gnu89   -DAESL_SYN -D__SYNTHESIS__ -D__HLS_SYN__ -I "/nfs/tools/xilinx/Vivado_HLS/2013.3/common/technology/autopilot" -I "/nfs/tools/xilinx/Vivado_HLS/2013.3/common/technology/autopilot/ap_sysc" -include etc/autopilot_ssdm_op.h  "files/fir.c"  -o "/nfs/TUEIEDAprojects/SystemDesign/work/zynq/munish/LabSDS/LabSDS_v4/GettingStartedHLS/fir_prj/solution1/.autopilot/db/fir.pp.00.o"

@I [HLS-0] Syntax Checker time: 0 seconds per iteration
@I [HLS-0] 
Source preprocessing: exec clang -gcc-toolchain "/nfs/tools/xilinx/Vivado_HLS/2013.3/lnx64/tools/gcc" -hls -fno-exceptions  -D__llvm__  -CC -E "files/fir.c"     -D "__asm__(...)=" -fno-math-errno -c -emit-llvm -O0  -mllvm -disable-llvm-optzns -std=gnu89   -DAESL_SYN -D__SYNTHESIS__ -D__HLS_SYN__ -I "/nfs/tools/xilinx/Vivado_HLS/2013.3/common/technology/autopilot" -I "/nfs/tools/xilinx/Vivado_HLS/2013.3/common/technology/autopilot/ap_sysc" -include etc/autopilot_ssdm_op.h -D "__asm__(...)="  -o "/nfs/TUEIEDAprojects/SystemDesign/work/zynq/munish/LabSDS/LabSDS_v4/GettingStartedHLS/fir_prj/solution1/.autopilot/db/fir.pp.0.c"

@I [HLS-0] GCC PP time: 0 seconds per iteration
@I [HLS-100] Command "list_core -type functional_unit "
@I [HLS-100] Command 'list_core' returned 0; elapsed 0Total elapsed time: 1.287 sec.
@I [HLS-0] Marker-Pragma convertor: /nfs/TUEIEDAprojects/SystemDesign/work/zynq/munish/LabSDS/LabSDS_v4/GettingStartedHLS/fir_prj/solution1/.autopilot/db/fir.pp.0.c /nfs/TUEIEDAprojects/SystemDesign/work/zynq/munish/LabSDS/LabSDS_v4/GettingStartedHLS/fir_prj/solution1/.autopilot/db/fir.pp.0.c.ap-line.c /nfs/TUEIEDAprojects/SystemDesign/work/zynq/munish/LabSDS/LabSDS_v4/GettingStartedHLS/fir_prj/solution1/.autopilot/db/fir.pp.0.c.ap-line.c.CXX 1
@I [HLS-0] 
Source processor: exec /nfs/tools/xilinx/Vivado_HLS/2013.3/tps/lnx64/jre/bin/java -Xmx512m -classpath   "/nfs/tools/xilinx/Vivado_HLS/2013.3/lib/classes/autopilot.sourceprocessor.jar:/nfs/tools/xilinx/Vivado_HLS/2013.3/lib/classes/org.eclipse.cdt.core_5.3.0.xilinx_patch.jar:/nfs/tools/xilinx/Vivado_HLS/2013.3/lib/classes/org.eclipse.core.runtime_3.7.0.v20110110.jar:/nfs/tools/xilinx/Vivado_HLS/2013.3/lib/classes/org.eclipse.equinox.common_3.6.0.v20110523.jar:/nfs/tools/xilinx/Vivado_HLS/2013.3/lib/classes/com.ibm.icu_4.4.2.v20110208.jar:/nfs/tools/xilinx/Vivado_HLS/2013.3/lib/classes/jargs.jar:/nfs/tools/xilinx/Vivado_HLS/2013.3/lnx64/tools/eclipse/plugins/org.eclipse.emf.common_2.7.0.v20120127-1122.jar:/nfs/tools/xilinx/Vivado_HLS/2013.3/lnx64/tools/eclipse/plugins/org.eclipse.emf.ecore_2.7.0.v20120127-1122.jar:/nfs/tools/xilinx/Vivado_HLS/2013.3/lnx64/tools/eclipse/plugins/org.eclipse.emf.ecore.xmi_2.7.0.v20120127-1122.jar:/nfs/tools/xilinx/Vivado_HLS/2013.3/lnx64/tools/eclipse/plugins/com.autoesl.autopilot.ui.directiveFileModel_1.0.0.jar:/nfs/tools/xilinx/Vivado_HLS/2013.3/lnx64/tools/eclipse/plugins/com.autoesl.autopilot.ui.common_1.0.0.jar"  autopilot.sourceprocessor.CParser  "/nfs/TUEIEDAprojects/SystemDesign/work/zynq/munish/LabSDS/LabSDS_v4/GettingStartedHLS/fir_prj/solution1/.autopilot/db/fir.pp.0.c.ap-line.c"  -m "fir" -o "/nfs/TUEIEDAprojects/SystemDesign/work/zynq/munish/LabSDS/LabSDS_v4/GettingStartedHLS/fir_prj/solution1/.autopilot/db/fir.pp.0.c.ap-cdt.c" -c --ad --pc --pp --directive /nfs/TUEIEDAprojects/SystemDesign/work/zynq/munish/LabSDS/LabSDS_v4/GettingStartedHLS/fir_prj/solution1/solution1.directive --source /nfs/TUEIEDAprojects/SystemDesign/work/zynq/munish/LabSDS/LabSDS_v4/GettingStartedHLS/files/fir.c --error /nfs/TUEIEDAprojects/SystemDesign/work/zynq/munish/LabSDS/LabSDS_v4/GettingStartedHLS/fir_prj/solution1/.autopilot/db --funcunit "AddSub AddSubnS Mul MulnS Mul2S Mul3S Mul4S Mul5S Mul6S DivnS AddSub_DSP FDiv FSqrt DDiv DSqrt DRecip DRSqrt FAddSub_nodsp FAddSub_fulldsp FMul_nodsp FMul_meddsp FMul_fulldsp FMul_maxdsp FRSqrt_nodsp FRSqrt_fulldsp FRecip_nodsp FRecip_fulldsp FLog_nodsp FLog_meddsp FLog_fulldsp FExp_nodsp FExp_meddsp FExp_fulldsp DAddSub_nodsp DAddSub_fulldsp DMul_nodsp DMul_meddsp DMul_fulldsp DMul_maxdsp DLog_nodsp DLog_meddsp DLog_fulldsp DExp_nodsp DExp_meddsp DExp_fulldsp" --ce --tcl /nfs/TUEIEDAprojects/SystemDesign/work/zynq/munish/LabSDS/LabSDS_v4/GettingStartedHLS/fir_prj/solution1/.autopilot/db --lp --ca --gf --nk --df --pd --p2d /nfs/TUEIEDAprojects/SystemDesign/work/zynq/munish/LabSDS/LabSDS_v4/GettingStartedHLS/fir_prj/solution1/.autopilot/db --sd --scff /nfs/TUEIEDAprojects/SystemDesign/work/zynq/munish/LabSDS/LabSDS_v4/GettingStartedHLS/fir_prj/solution1/.autopilot/db/.systemc_flag

@I [HLS-0] Marker-Pragma convertor: /nfs/TUEIEDAprojects/SystemDesign/work/zynq/munish/LabSDS/LabSDS_v4/GettingStartedHLS/fir_prj/solution1/.autopilot/db/fir.pp.0.c.ap-cdt.c /nfs/TUEIEDAprojects/SystemDesign/work/zynq/munish/LabSDS/LabSDS_v4/GettingStartedHLS/fir_prj/solution1/.autopilot/db/fir.pragma.0.c /nfs/TUEIEDAprojects/SystemDesign/work/zynq/munish/LabSDS/LabSDS_v4/GettingStartedHLS/fir_prj/solution1/.autopilot/db/fir.pragma.0.c.ap-line.CXX 0
@I [HLS-100] Command "source /nfs/TUEIEDAprojects/SystemDesign/work/zynq/munish/LabSDS/LabSDS_v4/GettingStartedHLS/fir_prj/solution1/.autopilot/db/pragma.status.tcl "
@I [HLS-100] Command 'ap_source' returned 0; elapsed 0.01Total elapsed time: 2.412 sec.
@I [HLS-0] CDT processor time: 1 seconds per iteration
@I [HLS-0] Pragma handling time: 0 seconds per iteration
@I [HLS-0] 
Source preprocessing: exec clang -gcc-toolchain "/nfs/tools/xilinx/Vivado_HLS/2013.3/lnx64/tools/gcc" -hls -fno-exceptions  -D__llvm__  -CC -E "/nfs/TUEIEDAprojects/SystemDesign/work/zynq/munish/LabSDS/LabSDS_v4/GettingStartedHLS/fir_prj/solution1/.autopilot/db/fir.pragma.1.c"     -D "__asm__(...)=" -fno-math-errno -c -emit-llvm -O0  -mllvm -disable-llvm-optzns -std=gnu89   -DAESL_SYN -D__SYNTHESIS__ -D__HLS_SYN__ -I "/nfs/tools/xilinx/Vivado_HLS/2013.3/common/technology/autopilot" -I "/nfs/tools/xilinx/Vivado_HLS/2013.3/common/technology/autopilot/ap_sysc" -include etc/autopilot_ssdm_op.h -D "__asm__(...)="  -o "/nfs/TUEIEDAprojects/SystemDesign/work/zynq/munish/LabSDS/LabSDS_v4/GettingStartedHLS/fir_prj/solution1/.autopilot/db/fir.pragma.2.c"

@I [HLS-0] exec clang -gcc-toolchain /nfs/tools/xilinx/Vivado_HLS/2013.3/lnx64/tools/gcc -hls -fno-exceptions  -D__llvm__  -w  "/nfs/TUEIEDAprojects/SystemDesign/work/zynq/munish/LabSDS/LabSDS_v4/GettingStartedHLS/fir_prj/solution1/.autopilot/db/fir.pragma.2.c"    -D "__asm__(...)=" -fno-math-errno -c -emit-llvm -O0  -mllvm -disable-llvm-optzns -std=gnu89  -DAESL_SYN -D__SYNTHESIS__ -D__HLS_SYN__ -I "/nfs/tools/xilinx/Vivado_HLS/2013.3/common/technology/autopilot" -I "/nfs/tools/xilinx/Vivado_HLS/2013.3/common/technology/autopilot/ap_sysc" -include etc/autopilot_ssdm_op.h -g -o "/nfs/TUEIEDAprojects/SystemDesign/work/zynq/munish/LabSDS/LabSDS_v4/GettingStartedHLS/fir_prj/solution1/.autopilot/db/fir.g.bc"
@I [HLS-10] Validating synthesis directives ...
@0 [HLS-0] Validating synthesis directives ...
@I [HLS-100] Command "source /nfs/TUEIEDAprojects/SystemDesign/work/zynq/munish/LabSDS/LabSDS_v4/GettingStartedHLS/fir_prj/solution1/.autopilot/db/pragma.status.tcl "
@I [HLS-100] Command 'ap_source' returned 0; elapsed 0Total elapsed time: 2.556 sec.
@I [HLS-0] Linking all ...
@I [HLS-0] exec llvm-ld  "/nfs/TUEIEDAprojects/SystemDesign/work/zynq/munish/LabSDS/LabSDS_v4/GettingStartedHLS/fir_prj/solution1/.autopilot/db/fir.bc"  -disable-opt  -L/nfs/tools/xilinx/Vivado_HLS/2013.3/lnx64/lib -lm_basic -o "/nfs/TUEIEDAprojects/SystemDesign/work/zynq/munish/LabSDS/LabSDS_v4/GettingStartedHLS/fir_prj/solution1/.autopilot/db/a.o.pre"
@I [HLS-0] Link time: 0 seconds per iteration
@I [HLS-0] Linking all ...
@I [HLS-0] exec llvm-ld  "/nfs/TUEIEDAprojects/SystemDesign/work/zynq/munish/LabSDS/LabSDS_v4/GettingStartedHLS/fir_prj/solution1/.autopilot/db/fir.g.bc"  -disable-opt  -L/nfs/tools/xilinx/Vivado_HLS/2013.3/lnx64/lib -lm_basic -o "/nfs/TUEIEDAprojects/SystemDesign/work/zynq/munish/LabSDS/LabSDS_v4/GettingStartedHLS/fir_prj/solution1/.autopilot/db/a.g.pre"
@I [HLS-0] Link time: 0 seconds per iteration
@I [HLS-100] Command "opt_and_import_c a -opt_level=2 -skip_syncheck=0 -ng=0 "
@I [HLS-100] Command "cleanup_all_models "
@I [HLS-100] Command 'cleanup_all_models' returned 0; elapsed 0Total elapsed time: 2.764 sec.
@I [HLS-10] Checking synthesizability ...
@0 [HLS-0] Checking synthesizability ...
@I [HLS-0] std xform: transform -hls -share-std-xform -always-inline -promote-dbg-pointer  -interface-preproc  -scalarrepl -mem2reg -keep-read-access -instcombine -dce  -promote-dbg-pointer  -bitop-raise  -basicaa  -simplifycfg -mem2reg -globalopt  -global-constprop -deadargelim -instcombine -simplifycfg  -prune-eh -simplifycfg  -scalarrepl -instcombine -reassociate -licm  -simplifycfg -loop-simplify -indvars -instcombine  -simplifycfg -mem2reg -loop-simplify -indvars -instcombine  -gvn -gvn -instcombine -dse -adce  -break-crit-edges  -simplifycfg -loop-delete  -global-array-opt  -find-syn-modules -top fir  -deadargelim  -mem2reg -instcombine -dce  -presyn-prepare -auto-rom-infer  -syn-check -check-rec-only  -find-region -simplifycfg -func-extr -function-inline  -mem2reg -instcombine -dce   -gvn -adce -adse  -constprop -instcombine -bit-constprop  -instcombine -dce -simplifycfg -bitop-raise  -simplifycfg -dce -loop-delete  -globalopt -global-privatize -mem2reg -dce  -global-constprop -pointer-simplify -constprop -dce  -promote-dbg-pointer  -norm-name   /nfs/TUEIEDAprojects/SystemDesign/work/zynq/munish/LabSDS/LabSDS_v4/GettingStartedHLS/fir_prj/solution1/.autopilot/db/a.g.bc -o /nfs/TUEIEDAprojects/SystemDesign/work/zynq/munish/LabSDS/LabSDS_v4/GettingStartedHLS/fir_prj/solution1/.autopilot/db/a.g.1.bc -f  -phase std-opt
@I [HLS-0] Std xform time: 0 seconds per iteration
@I [HLS-0] syn check 1/2: transform -hls -syn-check -check-rec-only -disaggr -scalarrepl -norm-name -dce  -mem2reg -instcombine  -directive-preproc -mem2reg -dse -dce -auto-rom-infer -dce  -array-normalize -instcombine -dce  -array-seg-normalize -instcombine -dce  -array-flatten -instcombine -dce  -array-burst -dce  -deadargelim -promote-global-argument  -doublePtrSimplify -doublePtrElim -dce  -doublePtrSimplify -promote-dbg-pointer  -dce -scalarrepl -dse -adse -instcombine  -ptrLegalization  -simplifycfg -dce -instcombine  -pointer-simplify -ptrArgReplace -dce -instcombine   -disaggr -scalarrepl -norm-name -dce  -mem2reg -instcombine -ptrLegalization   -simplifycfg  -instcombine -dce -inst-simplify  -directive-preproc -mem2reg -dse -dce  -globaldce    /nfs/TUEIEDAprojects/SystemDesign/work/zynq/munish/LabSDS/LabSDS_v4/GettingStartedHLS/fir_prj/solution1/.autopilot/db/a.g.1.bc -o /nfs/TUEIEDAprojects/SystemDesign/work/zynq/munish/LabSDS/LabSDS_v4/GettingStartedHLS/fir_prj/solution1/.autopilot/db/a.g.2.prechk.bc -f
@I [HLS-0] Syn check 1/2 time: 0 seconds per iteration
@I [HLS-0] syn check 2/2: transform -syn-check   -interface-gen -constprop -dse -dce  /nfs/TUEIEDAprojects/SystemDesign/work/zynq/munish/LabSDS/LabSDS_v4/GettingStartedHLS/fir_prj/solution1/.autopilot/db/a.g.2.prechk.bc -o /nfs/TUEIEDAprojects/SystemDesign/work/zynq/munish/LabSDS/LabSDS_v4/GettingStartedHLS/fir_prj/solution1/.autopilot/db/a.g.2.bc -f  -phase syn-check
@I [HLS-0] Syn check 2/2 time: 0 seconds per iteration
@I [HLS-10] Starting code transformations ...
@0 [HLS-0] Starting code transformations ...
@I [HLS-0] Compiler optimizing ...
@I [HLS-0] Share syncheck's 1.bc for syn flow: copy /nfs/TUEIEDAprojects/SystemDesign/work/zynq/munish/LabSDS/LabSDS_v4/GettingStartedHLS/fir_prj/solution1/.autopilot/db/a.g.1.bc to /nfs/TUEIEDAprojects/SystemDesign/work/zynq/munish/LabSDS/LabSDS_v4/GettingStartedHLS/fir_prj/solution1/.autopilot/db/a.o.1.bc
@I [HLS-0] presyn 1: transform -hls  -directive-preproc -mem2reg -dse -dce  -disaggr -scalarrepl -norm-name -deadargelim  -mem2reg -instcombine -dce -auto-rom-infer -dce  -directive-preproc -mem2reg -dse -dce  -func-buffer -dce -array-normalize  -func-legal -instcombine -gvn -constprop -dce   -ptrArgReplace -mem2reg -instcombine -dce  -array-seg-normalize -global-constprop -deadargelim  -instcombine -dce  -pointer-simplify -dce  -data-pack -instcombine -dce   -loop-simplify -indvars -instcombine  -gvn -loop-simplify -mem2reg -dce -simplifycfg  -find-region -instcombine  -array-burst -dce  -inst-simplify  -interface-preproc  -indvars -auto-loop-unroll -loop-simplify -xunroll  -constprop -instcombine -simplifycfg -indvars  -simplifycfg -dce -globaldce  -gvn -disable-agg-range -inst-simplify  -constprop -simplifycfg -dce  -pointer-simplify -dce  -array-transform-check  -globalopt -constprop -dce  -array-promote -constprop -instcombine -dce -auto-par -array-partition -instcombine -dce  -global-constprop -deadargelim -ptrArgReplace -mem2reg  -func-legal -instcombine -dce  -array-reshape -instcombine -simplifycfg -dce   -mem-intrinsic-preproc -dce  -global-privatize  -mem2reg -globaldce  -promote-global-argument  -ptrArgReplace -mem2reg -instcombine -dce  -globalopt -mergereturn -simplify-global-access -mem2reg -dce  -pointer-simplify -dce  -functionattrs  -basicaa -aggr-aa -aggrmodref-aa -aggr-aa -gvn -gvn  -basicaa -aggr-aa -aggrmodref-aa -aggr-aa -dse -adse -adce  -inst-simplify -dce -norm-name  -function-inline  -func-inst -constprop -instcombine -simplifycfg -dce  -func-legal -dce   -directive-preproc -mem2reg -dse -dce  -loop-bound  -arraycheck -bitwidthmin -on-by-dataflow  -instcombine -simplifycfg -dce -loop-simplify -simplifycfg -loop-stream -instcombine -simplifycfg -dce -globaldce  -funstream-prep -function-stream -dce -globaldce  -array-streaming -instcombine -simplifycfg -dce      -group-axi-access  -simplifycfg -dce -loop-delete  -norm-name  /nfs/TUEIEDAprojects/SystemDesign/work/zynq/munish/LabSDS/LabSDS_v4/GettingStartedHLS/fir_prj/solution1/.autopilot/db/a.o.1.bc -o /nfs/TUEIEDAprojects/SystemDesign/work/zynq/munish/LabSDS/LabSDS_v4/GettingStartedHLS/fir_prj/solution1/.autopilot/db/a.o.1.tmp.bc -f
@I [HLS-0] Presyn 1 time: 0 seconds per iteration
@I [HLS-0] presyn 2: transform -hls -keep-callgraph -scalarrepl -mem2reg  -indvars -loop-bound  -instcombine -dce  -merge-array-access -mem2reg -dce  -clean-region -mergereturn -if-conv  -instcombine -dce -constprop  -basicaa -aggr-aa -aggrmodref-aa -aggr-aa -gvn -gvn  -basicaa -aggr-aa -aggrmodref-aa -aggr-aa -dse -adse -adce  -scalarrepl -mem2reg  -global-constprop -deadargelim -deadargelim  -instcombine -dce -simplifycfg    -ptrArgReplace -mem2reg -function-inline  -mem2reg -instcombine -dce -expr-balance  -instcombine -dce  -bitwidthmin  -directive-preproc  -inst-rectify -instcombine -dce  -functionattrs  -constprop -instcombine -bit-constprop  -globalopt -globaldce  -inst-simplify -instcombine -elimdeaddata -dce  -loop-delete -simplifycfg   -norm-name /nfs/TUEIEDAprojects/SystemDesign/work/zynq/munish/LabSDS/LabSDS_v4/GettingStartedHLS/fir_prj/solution1/.autopilot/db/a.o.1.tmp.bc -o /nfs/TUEIEDAprojects/SystemDesign/work/zynq/munish/LabSDS/LabSDS_v4/GettingStartedHLS/fir_prj/solution1/.autopilot/db/a.o.2.bc -f  -phase presyn
@I [HLS-0] Presyn 2 time: 0 seconds per iteration
@I [HLS-0] build ssdm: transform -hls -function-uniquify -auto-function-inline  -loop-simplify -indvars -licm -loop-dep  -loop-bound -licm -loop-simplify -flattenloopnest  -array-flatten -gvn -instcombine -dce  -promote-global-argument  -array-map -dce -func-legal  -gvn -adce -instcombine -cfgopt -simplifycfg -loop-simplify   -basicaa -aggrmodref-aa -globalsmodref-aa -aggr-aa -gvn -gvn  -basicaa -aggrmodref-aa -globalsmodref-aa -aggr-aa -dse -adse -adce  -inst-simplify -dce  -array-streaming -instcombine  -dce   -deadargelim -doublePtrSimplify -doublePtrElim  -dce -doublePtrSimplify -promote-dbg-pointer -dce  -scalarrepl -mem2reg -disaggr -norm-name -mem2reg  -instcombine  -dse -adse -adce -ptrLegalization -dce -instcombine  -loop-rot -constprop -cfgopt -simplifycfg -indvars -pointer-simplify -dce -loop-bound  -loop-simplify -loop-preproc  -constprop -gvn -mem2reg -instcombine -dce  -loop-merge -dce  -bitwidthmin  -directive-preproc -inst-simplify -dce  -interface-gen -gvn -mem2reg -instcombine -dce -adse  -loop-bound  -instcombine -cfgopt -simplifycfg -loop-simplify  -clean-region -io-protocol  -find-region -mem2reg  -loop-simplify -phi-opt -bitop-raise  -inst-simplify -inst-rectify -instcombine -adce  -cfgopt -simplifycfg -strip-dead-prototypes  -interface-lower -bitop-lower -intrinsic-lower  -basicaa -aggrmodref-aa -globalsmodref-aa -aggr-aa  -inst-simplify -simplifycfg   -mergereturn -inst-simplify -inst-rectify -dce -bitop-lower  -loop-rewind -cfgopt  -norm-name -legalize -read-loop-dep -dce -bitwidth   -cdfg-build  /nfs/TUEIEDAprojects/SystemDesign/work/zynq/munish/LabSDS/LabSDS_v4/GettingStartedHLS/fir_prj/solution1/.autopilot/db/a.o.2.bc -o /nfs/TUEIEDAprojects/SystemDesign/work/zynq/munish/LabSDS/LabSDS_v4/GettingStartedHLS/fir_prj/solution1/.autopilot/db/a.o.3.bc -f  -phase build-ssdm
@I [HLS-0] Build ssdm time: 0 seconds per iteration
@I [HLS-0] Finish building internal data model.
@I [HLS-100] Command 'opt_and_import_c' returned 0; elapsed 0.19Total elapsed time: 3.43 sec.
@I [HLS-111] Elapsed time: 0.79 seconds; current memory usage: 46.6 MB.
@I [HLS-100] Command 'elaborate' returned 0; elapsed 0.24Total elapsed time: 3.43 sec.
@I [HLS-100] Command "autosyn "
@I [HLS-10] Starting hardware synthesis ...
@0 [HLS-0] Starting hardware synthesis ...
@I [HLS-0] Synthesizing C/C++ design ...
@I [HLS-10] Synthesizing 'fir' ...
@0 [HLS-0] Synthesizing 'fir' ...
@I [HLS-100] Command "ap_set_top_model fir "
@I [HLS-100] Command 'ap_set_top_model' returned 0; elapsed 0.01Total elapsed time: 3.44 sec.
@I [HLS-100] Command "get_model_list fir -filter all-wo-channel -topdown "
@I [HLS-100] Command 'get_model_list' returned 0; elapsed 0Total elapsed time: 3.45 sec.
@I [HLS-100] Command "preproc_iomode -model fir "
@I [HLS-100] Command 'preproc_iomode' returned 0; elapsed 0Total elapsed time: 3.45 sec.
@I [HLS-100] Command "get_model_list fir -filter all-wo-channel "
@I [HLS-100] Command 'get_model_list' returned 0; elapsed 0Total elapsed time: 3.46 sec.
@I [HLS-0] Model list for configure: fir
@I [HLS-0] Configuring Module : fir ...
@I [HLS-100] Command "set_default_model fir "
@I [HLS-100] Command 'set_default_model' returned 0; elapsed 0Total elapsed time: 3.46 sec.
@I [HLS-100] Command "apply_spec_resource_limit fir "
@I [HLS-100] Command 'apply_spec_resource_limit' returned 0; elapsed 0Total elapsed time: 3.46 sec.
@I [HLS-0] Model list for preprocess: fir
@I [HLS-0] Preprocessing Module: fir ...
@I [HLS-100] Command "set_default_model fir "
@I [HLS-100] Command 'set_default_model' returned 0; elapsed 0Total elapsed time: 3.46 sec.
@I [HLS-100] Command "cdfg_preprocess -model fir "
@I [HLS-100] Command 'cdfg_preprocess' returned 0; elapsed 0Total elapsed time: 3.47 sec.
@I [HLS-100] Command "rtl_gen_preprocess fir "
@I [HLS-100] Command 'rtl_gen_preprocess' returned 0; elapsed 0Total elapsed time: 3.48 sec.
@I [HLS-0] Model list for synthesis: fir
@I [HLS-10] ----------------------------------------------------------------
@0 [HLS-0] ----------------------------------------------------------------
@I [HLS-10] -- Scheduling module 'fir' 
@0 [HLS-0] -- Scheduling module 'fir' 
@I [HLS-10] ----------------------------------------------------------------
@0 [HLS-0] ----------------------------------------------------------------
@I [HLS-100] Command "set_default_model fir "
@I [HLS-100] Command 'set_default_model' returned 0; elapsed 0Total elapsed time: 3.49 sec.
@I [HLS-100] Command "schedule -model fir "
@I [SCHED-11] Starting scheduling ...
@I [SCHED-11] Finished scheduling.
@I [HLS-100] Command 'schedule' returned 0; elapsed 0.07Total elapsed time: 3.129 sec.
@I [HLS-111] Elapsed time: 0.08 seconds; current memory usage: 47 MB.
@I [HLS-100] Command "report -o /nfs/TUEIEDAprojects/SystemDesign/work/zynq/munish/LabSDS/LabSDS_v4/GettingStartedHLS/fir_prj/solution1/.autopilot/db/fir.verbose.sched.rpt -verbose -f "
@I [HLS-100] Command 'report' returned 0; elapsed 0.01Total elapsed time: 3.137 sec.
@I [HLS-100] Command "db_write -o /nfs/TUEIEDAprojects/SystemDesign/work/zynq/munish/LabSDS/LabSDS_v4/GettingStartedHLS/fir_prj/solution1/.autopilot/db/fir.sched.adb -f "
@I [HLS-100] Command 'db_write' returned 0; elapsed 0.01Total elapsed time: 3.149 sec.
@I [HLS-0] Finish scheduling fir.
@I [HLS-10] ----------------------------------------------------------------
@0 [HLS-0] ----------------------------------------------------------------
@I [HLS-10] -- Exploring micro-architecture for module 'fir' 
@0 [HLS-0] -- Exploring micro-architecture for module 'fir' 
@I [HLS-10] ----------------------------------------------------------------
@0 [HLS-0] ----------------------------------------------------------------
@I [HLS-100] Command "set_default_model fir "
@I [HLS-100] Command 'set_default_model' returned 0; elapsed 0Total elapsed time: 3.174 sec.
@I [HLS-100] Command "bind -model fir "
@I [BIND-110] clear=
@I [BIND-110] debug=
@I [BIND-110] drf=
@I [BIND-110] effort=
@I [BIND-110] fast_refine=
@I [BIND-110] fu_weight=[ 0.0 -- 1.0 ]
@I [BIND-110] global_opt=
@I [BIND-110] gsearch=
@I [BIND-110] help=
@I [BIND-110] help-hidden=
@I [BIND-110] min_mem_port=
@I [BIND-110] min_op=
@I [BIND-110] minreg=
@I [BIND-110] ml=
@I [BIND-110] model=fir
@I [BIND-110] no_false_path=
@I [BIND-110] no_min_op=
@I [BIND-110] normalize=
@I [BIND-110] quiet=
@I [BIND-110] refine=
@I [BIND-110] reg_weight=[ 0.0 -- 1.0 ]
@I [BIND-110] search=
@I [BIND-110] tight_delay=
@I [BIND-110] verbose=
@I [BIND-110] wFF=
@I [BIND-110] wFU=
@I [BIND-110] wMUX=
@I [BIND-110] wNET=
@I [BIND-100] Starting micro-architecture generation ...
@I [BIND-101] Performing variable lifetime analysis.
@I [BIND-101] Exploring resource sharing.
@I [BIND-101] Binding ...
@I [BIND-100] Finished micro-architecture generation.
@I [HLS-100] Command 'bind' returned 0; elapsed 0.01Total elapsed time: 3.188 sec.
@I [HLS-111] Elapsed time: 0.03 seconds; current memory usage: 47.2 MB.
@I [HLS-100] Command "report -o /nfs/TUEIEDAprojects/SystemDesign/work/zynq/munish/LabSDS/LabSDS_v4/GettingStartedHLS/fir_prj/solution1/.autopilot/db/fir.verbose.bind.rpt -verbose -f "
@I [HLS-100] Command 'report' returned 0; elapsed 0.02Total elapsed time: 3.214 sec.
@I [HLS-100] Command "db_write -o /nfs/TUEIEDAprojects/SystemDesign/work/zynq/munish/LabSDS/LabSDS_v4/GettingStartedHLS/fir_prj/solution1/.autopilot/db/fir.bind.adb -f "
@I [HLS-100] Command 'db_write' returned 0; elapsed 0.01Total elapsed time: 3.242 sec.
@I [HLS-0] Finish binding fir.
@I [HLS-100] Command "get_model_list fir -filter all-wo-channel "
@I [HLS-100] Command 'get_model_list' returned 0; elapsed 0Total elapsed time: 3.242 sec.
@I [HLS-0] Preprocessing for RTLGen ...
@I [HLS-100] Command "rtl_gen_preprocess fir "
@I [HLS-100] Command 'rtl_gen_preprocess' returned 0; elapsed 0Total elapsed time: 3.243 sec.
@I [HLS-0] Model list for RTL generation: fir
@I [HLS-10] ----------------------------------------------------------------
@0 [HLS-0] ----------------------------------------------------------------
@I [HLS-10] -- Generating RTL for module 'fir' 
@0 [HLS-0] -- Generating RTL for module 'fir' 
@I [HLS-10] ----------------------------------------------------------------
@0 [HLS-0] ----------------------------------------------------------------
@I [HLS-100] Command "create_rtl_model fir -vendor xilinx -mg_file /nfs/TUEIEDAprojects/SystemDesign/work/zynq/munish/LabSDS/LabSDS_v4/GettingStartedHLS/fir_prj/solution1/.autopilot/db/fir.compgen.tcl "
@I [RTGEN-500] Setting interface mode on port 'fir/y' to 'ap_vld'.
@I [RTGEN-500] Setting interface mode on port 'fir/c' to 'ap_memory'.
@I [RTGEN-500] Setting interface mode on port 'fir/x' to 'ap_none'.
@I [RTGEN-500] Setting interface mode on function 'fir' to 'ap_ctrl_hs'.
@I [RTGEN-100] Generating core module 'fir_mul_32s_32s_32_6': 2 instance(s).
@I [RTGEN-100] Finished creating RTL model for 'fir'.
@I [HLS-100] Command 'create_rtl_model' returned 0; elapsed 0.01Total elapsed time: 3.278 sec.
@I [HLS-111] Elapsed time: 0.05 seconds; current memory usage: 47.5 MB.
@I [HLS-100] Command "source /nfs/TUEIEDAprojects/SystemDesign/work/zynq/munish/LabSDS/LabSDS_v4/GettingStartedHLS/fir_prj/solution1/.autopilot/db/fir.rtl_wrap.cfg.tcl "
@I [HLS-100] Command 'ap_source' returned 0; elapsed 0Total elapsed time: 3.282 sec.
@I [HLS-100] Command "gen_rtl fir -istop -style xilinx -tracefl mytrace -tracefmt vcd -traceopt all -f -lang sc -o /nfs/TUEIEDAprojects/SystemDesign/work/zynq/munish/LabSDS/LabSDS_v4/GettingStartedHLS/fir_prj/solution1/syn/systemc/fir -synmodules fir "
@I [HLS-100] Command 'gen_rtl' returned 0; elapsed 0Total elapsed time: 3.290 sec.
@I [HLS-100] Command "gen_rtl fir -istop -style xilinx -f -lang vhdl -o /nfs/TUEIEDAprojects/SystemDesign/work/zynq/munish/LabSDS/LabSDS_v4/GettingStartedHLS/fir_prj/solution1/syn/vhdl/fir "
@I [HLS-100] Command 'gen_rtl' returned 0; elapsed 0.01Total elapsed time: 3.302 sec.
@I [HLS-100] Command "gen_rtl fir -istop -style xilinx -f -lang vlog -o /nfs/TUEIEDAprojects/SystemDesign/work/zynq/munish/LabSDS/LabSDS_v4/GettingStartedHLS/fir_prj/solution1/syn/verilog/fir "
@I [HLS-100] Command 'gen_rtl' returned 0; elapsed 0.01Total elapsed time: 3.314 sec.
@I [HLS-100] Command "export_constraint_db -o /nfs/TUEIEDAprojects/SystemDesign/work/zynq/munish/LabSDS/LabSDS_v4/GettingStartedHLS/fir_prj/solution1/.autopilot/db/fir.constraint.tcl -f -tool general "
@I [HLS-100] Command 'export_constraint_db' returned 0; elapsed 0Total elapsed time: 3.316 sec.
@I [HLS-100] Command "report -model fir -o /nfs/TUEIEDAprojects/SystemDesign/work/zynq/munish/LabSDS/LabSDS_v4/GettingStartedHLS/fir_prj/solution1/.autopilot/db/fir.design.xml -verbose -f -dv "
@I [HLS-100] Command 'report' returned 0; elapsed 0.02Total elapsed time: 3.333 sec.
@I [HLS-100] Command "gen_tb_info fir -o /nfs/TUEIEDAprojects/SystemDesign/work/zynq/munish/LabSDS/LabSDS_v4/GettingStartedHLS/fir_prj/solution1/.autopilot/db/fir -p /nfs/TUEIEDAprojects/SystemDesign/work/zynq/munish/LabSDS/LabSDS_v4/GettingStartedHLS/fir_prj/solution1/.autopilot/db "
@I [HLS-100] Command 'gen_tb_info' returned 0; elapsed 0Total elapsed time: 3.361 sec.
@I [HLS-100] Command "report -model fir -o /nfs/TUEIEDAprojects/SystemDesign/work/zynq/munish/LabSDS/LabSDS_v4/GettingStartedHLS/fir_prj/solution1/syn/report/fir_csynth.rpt -f "
@I [HLS-100] Command 'report' returned 0; elapsed 0.01Total elapsed time: 3.375 sec.
@I [HLS-100] Command "report -model fir -o /nfs/TUEIEDAprojects/SystemDesign/work/zynq/munish/LabSDS/LabSDS_v4/GettingStartedHLS/fir_prj/solution1/syn/report/fir_csynth.xml -f -x "
@I [HLS-100] Command 'report' returned 0; elapsed 0.01Total elapsed time: 3.386 sec.
@I [HLS-100] Command "report -model fir -o /nfs/TUEIEDAprojects/SystemDesign/work/zynq/munish/LabSDS/LabSDS_v4/GettingStartedHLS/fir_prj/solution1/.autopilot/db/fir.verbose.rpt -verbose -f "
@I [HLS-100] Command 'report' returned 0; elapsed 0.03Total elapsed time: 3.419 sec.
@I [HLS-100] Command "db_write -model fir -o /nfs/TUEIEDAprojects/SystemDesign/work/zynq/munish/LabSDS/LabSDS_v4/GettingStartedHLS/fir_prj/solution1/.autopilot/db/fir.adb -f "
@I [HLS-100] Command 'db_write' returned 0; elapsed 0Total elapsed time: 3.433 sec.
@I [HLS-100] Command "sc_get_clocks fir "
@I [HLS-100] Command 'sc_get_clocks' returned 0; elapsed 0Total elapsed time: 3.457 sec.
@I [HLS-100] Command "sc_get_portdomain fir "
@I [HLS-100] Command 'sc_get_portdomain' returned 0; elapsed 0Total elapsed time: 3.457 sec.
@I [HLS-0] Model list for RTL component generation: fir
@I [HLS-0] Handling components in module [fir] ... 
@I [HLS-100] Command "source /nfs/TUEIEDAprojects/SystemDesign/work/zynq/munish/LabSDS/LabSDS_v4/GettingStartedHLS/fir_prj/solution1/.autopilot/db/fir.compgen.tcl "
@I [HLS-0] Found component fir_mul_32s_32s_32_6.
@I [HLS-0] Append model fir_mul_32s_32s_32_6
@I [HLS-0] Found component fir_shift_reg.
@I [HLS-0] Append model fir_shift_reg
@I [HLS-100] Command 'ap_source' returned 0; elapsed 0Total elapsed time: 3.464 sec.
@I [HLS-0] Append model fir
@I [HLS-0] Generating RTL model list ...
@I [HLS-0] All models in this session: fir_mul_32s_32s_32_6 fir_shift_reg fir
@I [HLS-0] To file: write model fir_mul_32s_32s_32_6
@I [HLS-0] To file: write model fir_shift_reg
@I [HLS-0] To file: write model fir
@I [HLS-0] Finished generating RTL model list.


@I [HLS-0] RTL Generation done.
@I [HLS-0] CAS Generation done.
@I [HLS-0] CBC Generation done.
@I [HLS-100] Command "export_ssdm /nfs/TUEIEDAprojects/SystemDesign/work/zynq/munish/LabSDS/LabSDS_v4/GettingStartedHLS/fir_prj/solution1/.autopilot/db/a.export.ll "
@I [HLS-100] Command 'export_ssdm' returned 0; elapsed 0Total elapsed time: 3.471 sec.
@I [HLS-100] Command "source /nfs/TUEIEDAprojects/SystemDesign/work/zynq/munish/LabSDS/LabSDS_v4/GettingStartedHLS/fir_prj/solution1/.autopilot/db/global.setting.tcl "
@I [HLS-100] Command 'ap_source' returned 0; elapsed 0Total elapsed time: 3.478 sec.
@I [HLS-100] Command "source /nfs/tools/xilinx/Vivado_HLS/2013.3/common/technology/generic/autopilot/common.gen "
@I [HLS-100] Command "source /nfs/tools/xilinx/Vivado_HLS/2013.3/common/technology/generic/autopilot/APCoreGen.gen "
@I [HLS-100] Command 'ap_source' returned 0; elapsed 0Total elapsed time: 3.483 sec.
@I [HLS-100] Command 'ap_source' returned 0; elapsed 0Total elapsed time: 3.484 sec.
@I [HLS-100] Command "source /nfs/tools/xilinx/Vivado_HLS/2013.3/common/technology/generic/autopilot/op.gen "
@I [HLS-100] Command 'ap_source' returned 0; elapsed 0Total elapsed time: 3.485 sec.
@I [HLS-100] Command "source /nfs/tools/xilinx/Vivado_HLS/2013.3/common/technology/generic/autopilot/op_simcore.gen "
@I [HLS-100] Command 'ap_source' returned 0; elapsed 0Total elapsed time: 3.488 sec.
@I [HLS-100] Command "source /nfs/tools/xilinx/Vivado_HLS/2013.3/common/technology/generic/autopilot/interface.gen "
@I [HLS-100] Command 'ap_source' returned 0; elapsed 0Total elapsed time: 3.489 sec.
@I [HLS-100] Command "source /nfs/TUEIEDAprojects/SystemDesign/work/zynq/munish/LabSDS/LabSDS_v4/GettingStartedHLS/fir_prj/solution1/.autopilot/db/global.setting.tcl "
@I [HLS-100] Command 'ap_source' returned 0; elapsed 0Total elapsed time: 3.491 sec.
@I [HLS-100] Command "source /nfs/tools/xilinx/Vivado_HLS/2013.3/common/technology/xilinx/zynq/zynq.gen "
@I [HLS-100] Command "source /nfs/tools/xilinx/Vivado_HLS/2013.3/common/technology/xilinx/common/virtex.gen "
@I [HLS-100] Command "source /nfs/tools/xilinx/Vivado_HLS/2013.3/common/technology/xilinx/common/xilinx.gen "
@I [HLS-100] Command "source /nfs/tools/xilinx/Vivado_HLS/2013.3/common/technology/xilinx/interface/plb46.gen "
@I [HLS-100] Command 'ap_source' returned 0; elapsed 0.01Total elapsed time: 3.499 sec.
@I [HLS-100] Command "source /nfs/tools/xilinx/Vivado_HLS/2013.3/common/technology/xilinx/interface/fsl.gen "
@I [HLS-100] Command 'ap_source' returned 0; elapsed 0Total elapsed time: 3.501 sec.
@I [HLS-100] Command "source /nfs/tools/xilinx/Vivado_HLS/2013.3/common/technology/xilinx/interface/axi4.gen "
@I [HLS-100] Command 'ap_source' returned 0; elapsed 0Total elapsed time: 3.505 sec.
@I [HLS-100] Command "source /nfs/tools/xilinx/Vivado_HLS/2013.3/common/technology/xilinx/scripts/xilinxcoregen.gen "
@I [HLS-100] Command 'ap_source' returned 0; elapsed 0.01Total elapsed time: 3.516 sec.
@I [HLS-100] Command "source /nfs/tools/xilinx/Vivado_HLS/2013.3/common/technology/xilinx/interface/XilEDKCoreGen.gen "
@I [HLS-100] Command 'ap_source' returned 0; elapsed 0.01Total elapsed time: 3.530 sec.
@I [HLS-100] Command "source /nfs/tools/xilinx/Vivado_HLS/2013.3/common/technology/xilinx/ip/util.gen "
@I [HLS-100] Command 'ap_source' returned 0; elapsed 0Total elapsed time: 3.534 sec.
@I [HLS-100] Command "source /nfs/tools/xilinx/Vivado_HLS/2013.3/common/technology/xilinx/ip/xfft.gen "
@I [HLS-100] Command 'ap_source' returned 0; elapsed 0.09Total elapsed time: 3.625 sec.
@I [HLS-100] Command "source /nfs/tools/xilinx/Vivado_HLS/2013.3/common/technology/xilinx/ip/xfir.gen "
@I [HLS-100] Command 'ap_source' returned 0; elapsed 0.02Total elapsed time: 3.644 sec.
@I [HLS-100] Command 'ap_source' returned 0; elapsed 0.14Total elapsed time: 3.644 sec.
@I [HLS-100] Command "source /nfs/tools/xilinx/Vivado_HLS/2013.3/common/technology/xilinx/common/dsp48.gen "
@I [HLS-100] Command 'ap_source' returned 0; elapsed 0Total elapsed time: 3.647 sec.
@I [HLS-100] Command 'ap_source' returned 0; elapsed 0.14Total elapsed time: 3.647 sec.
@I [HLS-100] Command 'ap_source' returned 0; elapsed 0.14Total elapsed time: 3.647 sec.
@I [HLS-100] Command "source /nfs/tools/xilinx/Vivado_HLS/2013.3/common/technology/xilinx/zynq/zynq_fpv6.gen "
@I [HLS-100] Command "source /nfs/tools/xilinx/Vivado_HLS/2013.3/common/technology/xilinx/common/xilinx_fpv6.gen "
@I [HLS-100] Command 'ap_source' returned 0; elapsed 0Total elapsed time: 3.652 sec.
@I [HLS-100] Command 'ap_source' returned 0; elapsed 0Total elapsed time: 3.652 sec.
@I [HLS-100] Command "source /nfs/TUEIEDAprojects/SystemDesign/work/zynq/munish/LabSDS/LabSDS_v4/GettingStartedHLS/fir_prj/solution1/.autopilot/db/global.setting.tcl "
@I [HLS-100] Command 'ap_source' returned 0; elapsed 0Total elapsed time: 3.655 sec.
@I [HLS-100] Command "source /nfs/TUEIEDAprojects/SystemDesign/work/zynq/munish/LabSDS/LabSDS_v4/GettingStartedHLS/fir_prj/solution1/.autopilot/db/global.setting.tcl "
@I [HLS-100] Command 'ap_source' returned 0; elapsed 0Total elapsed time: 3.657 sec.
@I [HLS-100] Command "source /nfs/TUEIEDAprojects/SystemDesign/work/zynq/munish/LabSDS/LabSDS_v4/GettingStartedHLS/fir_prj/solution1/.autopilot/db/fir.compgen.tcl "
@I [RTMG-282] Generating pipelined core: 'fir_mul_32s_32s_32_6_MulnS_0'
@I [RTMG-278] Implementing memory 'fir_shift_reg_ram' using block RAMs with power-on initialization.
@I [HLS-100] Command 'ap_source' returned 0; elapsed 0.04Total elapsed time: 3.764 sec.
@I [HLS-10] Finished generating all RTL models.
@0 [HLS-0] Finished generating all RTL models.
@I [WSYSC-301] Generating RTL SystemC for 'fir'.
@I [WVHDL-304] Generating RTL VHDL for 'fir'.
@I [WVLOG-307] Generating RTL Verilog for 'fir'.
@I [HLS-100] Command 'autosyn' returned 0; elapsed 0.48Total elapsed time: 3.905 sec.
@I [HLS-100] Command 'csynth_design' returned 0; elapsed 0.72Total elapsed time: 3.905 sec.
@I [HLS-100] Command "cleanup_all "
@I [HLS-100] Command 'cleanup_all' returned 0; elapsed 0.01Total elapsed time: 3.907 sec.
