08:42:15.421 INFO  - Processing command line option -hwspec /home/ga46sam/Lab_Zynq/FROM_server/Project1_Optimized/SDK/SDK_Export/hw/system.xml. 
08:50:46.106 INFO  - FPGA configured successfully with bitstream "/home/ga46sam/Lab_Zynq/FROM_server/Project1_Optimized/SDK/SDK_Workspace/Project1_Optimized_hw_platform/system.bit" 
08:50:57.835 INFO  - Processor reset is completed for ps7_cortexa9_0 
08:50:57.935 INFO  - PS initialization will be done as it is not done before. 
08:50:57.936 INFO  - Running PS initialization.... 
08:50:58.063 INFO  - ps7_init is completed. 
08:50:58.163 INFO  - ps7_post_config is completed. 
08:50:58.263 INFO  - PS Initialization is complete. 
08:54:08.268 ERROR - Unexpected error while parsing XMD response ￿: com.google.gson.JsonSyntaxException: com.google.gson.stream.MalformedJsonException: invalid number or unquoted string near  
12:15:39.007 INFO  - FPGA configured successfully with bitstream "/home/ga46sam/Lab_Zynq/FROM_server/Project1_Optimized/SDK/SDK_Workspace/Project1_Optimized_hw_platform/system.bit" 
12:15:53.919 INFO  - Processor reset is completed for ps7_cortexa9_0 
12:15:54.019 INFO  - PS initialization will be done as it is not done before. 
12:15:54.020 INFO  - Running PS initialization.... 
12:15:54.145 INFO  - ps7_init is completed. 
12:15:54.245 INFO  - ps7_post_config is completed. 
12:15:54.346 INFO  - PS Initialization is complete. 
12:19:55.831 INFO  - FPGA configured successfully with bitstream "/home/ga46sam/Lab_Zynq/FROM_server/Project1_Optimized/SDK/SDK_Workspace/Project1_Optimized_hw_platform/system.bit" 
12:20:00.453 INFO  - Processor reset is completed for ps7_cortexa9_0 
12:20:00.553 INFO  - PS initialization will be done as it is not done before. 
12:20:00.554 INFO  - Running PS initialization.... 
12:20:00.678 INFO  - ps7_init is completed. 
12:20:00.778 INFO  - ps7_post_config is completed. 
12:20:00.781 INFO  - PS Initialization is complete. 
12:28:45.001 INFO  - FPGA configured successfully with bitstream "/home/ga46sam/Lab_Zynq/FROM_server/Project1_Optimized/SDK/SDK_Workspace/Project1_Optimized_hw_platform/system.bit" 
12:28:52.335 INFO  - Processor reset is completed for ps7_cortexa9_0 
12:28:52.435 INFO  - PS initialization will be done as it is not done before. 
12:28:52.436 INFO  - Running PS initialization.... 
12:28:52.565 INFO  - ps7_init is completed. 
12:28:52.665 INFO  - ps7_post_config is completed. 
12:28:52.765 INFO  - PS Initialization is complete. 
12:30:35.369 INFO  - FPGA configured successfully with bitstream "/home/ga46sam/Lab_Zynq/FROM_server/Project1_Optimized/SDK/SDK_Workspace/Project1_Optimized_hw_platform/system.bit" 
12:30:43.535 INFO  - Processor reset is completed for ps7_cortexa9_0 
12:30:43.635 INFO  - PS initialization will be done as it is not done before. 
12:30:43.636 INFO  - Running PS initialization.... 
12:30:43.762 INFO  - ps7_init is completed. 
12:30:43.862 INFO  - ps7_post_config is completed. 
12:30:43.963 INFO  - PS Initialization is complete. 
12:32:29.400 INFO  - FPGA configured successfully with bitstream "/home/ga46sam/Lab_Zynq/FROM_server/Project1_Optimized/SDK/SDK_Workspace/Project1_Optimized_hw_platform/system.bit" 
12:32:39.712 INFO  - Processor reset is completed for ps7_cortexa9_0 
12:32:39.812 INFO  - PS initialization will be done as it is not done before. 
12:32:39.812 INFO  - Running PS initialization.... 
12:32:39.938 INFO  - ps7_init is completed. 
12:32:39.944 INFO  - ps7_post_config is completed. 
12:32:40.044 INFO  - PS Initialization is complete. 
12:33:19.933 ERROR - Unable to disconnect from existing targets java.lang.NullPointerException
	at com.xilinx.sdk.targetmanager.internal.json.XMDJSONProcess.issueCommand(Unknown Source)
	at com.xilinx.sdk.targetmanager.internal.TM.disconnectTarget(Unknown Source)

12:33:19.936 ERROR - Unexpected error while parsing XMD response ￿: com.google.gson.JsonSyntaxException: com.google.gson.stream.MalformedJsonException: invalid number or unquoted string near  
13:11:45.277 INFO  - FPGA configured successfully with bitstream "/nfs/TUEIEDAprojects/SystemDesign/work/ipxact/benjamin-bordes/Project1_Optimized/SDK/SDK_Workspace/Project1_Optimized_hw_platform/system.bit" 
17:58:30.483 INFO  - Processing command line option -hwspec /nfs/TUEIEDAprojects/SystemDesign/work/ipxact/benjamin-bordes/DSE/2IP_ER_SO/SDK/SDK_Export/hw/system.xml. 
17:58:32.036 INFO  - The hardware specification for project 'Project1_Optimized_hw_platform' is different from /nfs/TUEIEDAprojects/SystemDesign/work/ipxact/benjamin-bordes/DSE/2IP_ER_SO/SDK/SDK_Export/hw/system.xml. 
17:58:58.054 INFO  - Copied contents of /nfs/TUEIEDAprojects/SystemDesign/work/ipxact/benjamin-bordes/DSE/2IP_ER_SO/SDK/SDK_Export/hw/system.xml into /Project1_Optimized_hw_platform/system.xml. 
17:58:58.212 INFO  - Copied contents of /nfs/TUEIEDAprojects/SystemDesign/work/ipxact/benjamin-bordes/DSE/2IP_ER_SO/SDK/SDK_Export/hw/system.bit into /Project1_Optimized_hw_platform/system.bit. 
17:58:59.682 INFO  - Copied contents of /nfs/TUEIEDAprojects/SystemDesign/work/ipxact/benjamin-bordes/DSE/2IP_ER_SO/SDK/SDK_Export/hw/ps7_init.c into /Project1_Optimized_hw_platform/ps7_init.c. 
17:58:59.719 INFO  - Copied contents of /nfs/TUEIEDAprojects/SystemDesign/work/ipxact/benjamin-bordes/DSE/2IP_ER_SO/SDK/SDK_Export/hw/ps7_init.h into /Project1_Optimized_hw_platform/ps7_init.h. 
17:58:59.762 INFO  - Copied contents of /nfs/TUEIEDAprojects/SystemDesign/work/ipxact/benjamin-bordes/DSE/2IP_ER_SO/SDK/SDK_Export/hw/ps7_init.html into /Project1_Optimized_hw_platform/ps7_init.html. 
17:58:59.773 INFO  - Copied contents of /nfs/TUEIEDAprojects/SystemDesign/work/ipxact/benjamin-bordes/DSE/2IP_ER_SO/SDK/SDK_Export/hw/ps7_init.tcl into /Project1_Optimized_hw_platform/ps7_init.tcl. 
17:59:00.318 INFO  - Synchronizing projects in the workspace with the hardware platform specification changes. 
17:59:11.419 INFO  - Updating hardware inferred compiler options for software_prj. 
17:59:11.428 INFO  - Clearing existing target manager status. 
17:59:19.399 INFO  - Project standalone_bsp_0 was a BSP project. Please update references. 
17:59:19.399 ERROR - SDK has detected that project standalone_bsp_0 has been deleted (or renamed).
If this project was a BSP referenced by other C/C++ applications, then those applications will fail to build now. Please right click on those applications and click 'Change Referenced BSP' to update those projects' BSP references. 
17:59:22.066 ERROR - Unexpected error while parsing XMD response ￿: com.google.gson.JsonSyntaxException: com.google.gson.stream.MalformedJsonException: invalid number or unquoted string near  
17:59:38.093 INFO  - Processing command line option -hwspec /nfs/TUEIEDAprojects/SystemDesign/work/ipxact/benjamin-bordes/DSE/2IP_ER_SO/SDK/SDK_Export/hw/system.xml. 
18:11:57.377 INFO  - FPGA configured successfully with bitstream "/nfs/TUEIEDAprojects/SystemDesign/work/ipxact/benjamin-bordes/DSE/2IP_ER_SO/SDK/SDK_Workspace/2IP_ER_SO_hw_platform/system.bit" 
18:12:47.665 INFO  - Processor reset is completed for ps7_cortexa9_0 
18:12:47.765 INFO  - PS initialization will be done as it is not done before. 
18:12:47.766 INFO  - Running PS initialization.... 
18:12:47.920 INFO  - ps7_init is completed. 
18:12:48.020 INFO  - ps7_post_config is completed. 
18:12:48.121 INFO  - PS Initialization is complete. 
18:21:17.447 ERROR - Unexpected error while parsing XMD response ￿: com.google.gson.JsonSyntaxException: com.google.gson.stream.MalformedJsonException: invalid number or unquoted string near  
11:02:36.845 INFO  - Processing command line option -hwspec /nfs/TUEIEDAprojects/SystemDesign/work/ipxact/benjamin-bordes/DSE/2IP_ER_SO/SDK/SDK_Export/hw/system.xml. 
11:02:39.035 INFO  - The hardware specification for project '2IP_ER_SO_hw_platform' is different from /nfs/TUEIEDAprojects/SystemDesign/work/ipxact/benjamin-bordes/DSE/2IP_ER_SO/SDK/SDK_Export/hw/system.xml. 
11:02:39.835 INFO  - Copied contents of /nfs/TUEIEDAprojects/SystemDesign/work/ipxact/benjamin-bordes/DSE/2IP_ER_SO/SDK/SDK_Export/hw/system.xml into /2IP_ER_SO_hw_platform/system.xml. 
11:02:39.974 INFO  - Copied contents of /nfs/TUEIEDAprojects/SystemDesign/work/ipxact/benjamin-bordes/DSE/2IP_ER_SO/SDK/SDK_Export/hw/system.bit into /2IP_ER_SO_hw_platform/system.bit. 
11:02:40.419 INFO  - Copied contents of /nfs/TUEIEDAprojects/SystemDesign/work/ipxact/benjamin-bordes/DSE/2IP_ER_SO/SDK/SDK_Export/hw/ps7_init.c into /2IP_ER_SO_hw_platform/ps7_init.c. 
11:02:42.013 INFO  - Copied contents of /nfs/TUEIEDAprojects/SystemDesign/work/ipxact/benjamin-bordes/DSE/2IP_ER_SO/SDK/SDK_Export/hw/ps7_init.h into /2IP_ER_SO_hw_platform/ps7_init.h. 
11:02:42.049 INFO  - Copied contents of /nfs/TUEIEDAprojects/SystemDesign/work/ipxact/benjamin-bordes/DSE/2IP_ER_SO/SDK/SDK_Export/hw/ps7_init.html into /2IP_ER_SO_hw_platform/ps7_init.html. 
11:02:42.062 INFO  - Copied contents of /nfs/TUEIEDAprojects/SystemDesign/work/ipxact/benjamin-bordes/DSE/2IP_ER_SO/SDK/SDK_Export/hw/ps7_init.tcl into /2IP_ER_SO_hw_platform/ps7_init.tcl. 
11:02:42.460 INFO  - Synchronizing projects in the workspace with the hardware platform specification changes. 
11:02:44.495 INFO  - Updating hardware inferred compiler options for software_prj. 
11:02:44.503 INFO  - Clearing existing target manager status. 
11:03:26.337 INFO  - Project standalone_bsp_0 was a BSP project. Please update references. 
11:03:26.338 ERROR - SDK has detected that project standalone_bsp_0 has been deleted (or renamed).
If this project was a BSP referenced by other C/C++ applications, then those applications will fail to build now. Please right click on those applications and click 'Change Referenced BSP' to update those projects' BSP references. 
11:03:29.713 ERROR - Unexpected error while parsing XMD response ￿: com.google.gson.JsonSyntaxException: com.google.gson.stream.MalformedJsonException: invalid number or unquoted string near  
11:03:48.339 INFO  - Processing command line option -hwspec /nfs/TUEIEDAprojects/SystemDesign/work/ipxact/benjamin-bordes/DSE/2IP_ER_SO/SDK/SDK_Export/hw/system.xml. 
11:05:40.833 INFO  - FPGA configured successfully with bitstream "/nfs/TUEIEDAprojects/SystemDesign/work/ipxact/benjamin-bordes/DSE/2IP_ER_SO/SDK/SDK_Workspace/2IP_ER_SO_hw_platform/system.bit" 
11:06:23.921 INFO  - Processor reset is completed for ps7_cortexa9_0 
11:06:24.021 INFO  - PS initialization will be done as it is not done before. 
11:06:24.022 INFO  - Running PS initialization.... 
11:06:24.147 INFO  - ps7_init is completed. 
11:06:24.247 INFO  - ps7_post_config is completed. 
11:06:24.347 INFO  - PS Initialization is complete. 
11:12:18.176 ERROR - Unexpected error while parsing XMD response ￿: com.google.gson.JsonSyntaxException: com.google.gson.stream.MalformedJsonException: invalid number or unquoted string near  
12:58:46.196 INFO  - Processing command line option -hwspec /nfs/TUEIEDAprojects/SystemDesign/work/ipxact/benjamin-bordes/DSE/1IP_ER/SDK/SDK_Export/hw/system.xml. 
12:58:47.969 INFO  - The hardware specification for project '2IP_ER_SO_hw_platform' is different from /nfs/TUEIEDAprojects/SystemDesign/work/ipxact/benjamin-bordes/DSE/1IP_ER/SDK/SDK_Export/hw/system.xml. 
12:58:48.526 INFO  - Copied contents of /nfs/TUEIEDAprojects/SystemDesign/work/ipxact/benjamin-bordes/DSE/1IP_ER/SDK/SDK_Export/hw/system.xml into /2IP_ER_SO_hw_platform/system.xml. 
12:58:48.706 INFO  - Copied contents of /nfs/TUEIEDAprojects/SystemDesign/work/ipxact/benjamin-bordes/DSE/1IP_ER/SDK/SDK_Export/hw/system.bit into /2IP_ER_SO_hw_platform/system.bit. 
12:58:49.632 INFO  - Copied contents of /nfs/TUEIEDAprojects/SystemDesign/work/ipxact/benjamin-bordes/DSE/1IP_ER/SDK/SDK_Export/hw/ps7_init.c into /2IP_ER_SO_hw_platform/ps7_init.c. 
12:58:49.824 INFO  - Copied contents of /nfs/TUEIEDAprojects/SystemDesign/work/ipxact/benjamin-bordes/DSE/1IP_ER/SDK/SDK_Export/hw/ps7_init.h into /2IP_ER_SO_hw_platform/ps7_init.h. 
12:58:49.870 INFO  - Copied contents of /nfs/TUEIEDAprojects/SystemDesign/work/ipxact/benjamin-bordes/DSE/1IP_ER/SDK/SDK_Export/hw/ps7_init.html into /2IP_ER_SO_hw_platform/ps7_init.html. 
12:58:49.887 INFO  - Copied contents of /nfs/TUEIEDAprojects/SystemDesign/work/ipxact/benjamin-bordes/DSE/1IP_ER/SDK/SDK_Export/hw/ps7_init.tcl into /2IP_ER_SO_hw_platform/ps7_init.tcl. 
12:58:50.250 INFO  - Synchronizing projects in the workspace with the hardware platform specification changes. 
12:59:33.141 INFO  - Updating hardware inferred compiler options for software_prj. 
12:59:33.144 INFO  - Clearing existing target manager status. 
12:59:49.525 INFO  - Project standalone_bsp_0 was a BSP project. Please update references. 
12:59:49.525 ERROR - SDK has detected that project standalone_bsp_0 has been deleted (or renamed).
If this project was a BSP referenced by other C/C++ applications, then those applications will fail to build now. Please right click on those applications and click 'Change Referenced BSP' to update those projects' BSP references. 
12:59:55.698 ERROR - Unexpected error while parsing XMD response ￿: com.google.gson.JsonSyntaxException: com.google.gson.stream.MalformedJsonException: invalid number or unquoted string near  
13:00:14.142 INFO  - Processing command line option -hwspec /nfs/TUEIEDAprojects/SystemDesign/work/ipxact/benjamin-bordes/DSE/1IP_ER/SDK/SDK_Export/hw/system.xml. 
13:02:51.653 INFO  - FPGA configured successfully with bitstream "/nfs/TUEIEDAprojects/SystemDesign/work/ipxact/benjamin-bordes/DSE/1IP_ER/SDK/SDK_Workspace/1IP_ER_hw_platform/system.bit" 
13:09:27.105 INFO  - Processor reset is completed for ps7_cortexa9_0 
13:09:27.205 INFO  - PS initialization will be done as it is not done before. 
13:09:27.206 INFO  - Running PS initialization.... 
13:09:27.332 INFO  - ps7_init is completed. 
13:09:27.432 INFO  - ps7_post_config is completed. 
13:09:27.532 INFO  - PS Initialization is complete. 
13:14:17.869 ERROR - Unable to disconnect from existing targets java.lang.NullPointerException
	at com.xilinx.sdk.targetmanager.internal.json.XMDJSONProcess.issueCommand(Unknown Source)
	at com.xilinx.sdk.targetmanager.internal.TM.disconnectTarget(Unknown Source)

13:14:17.876 ERROR - Unexpected error while parsing XMD response ￿: com.google.gson.JsonSyntaxException: com.google.gson.stream.MalformedJsonException: invalid number or unquoted string near  
10:03:13.242 INFO  - Processing command line option -hwspec /nfs/TUEIEDAprojects/SystemDesign/work/ipxact/benjamin-bordes/DSE/1IP_ER/SDK/SDK_Export/hw/system.xml. 
10:05:04.778 INFO  - FPGA configured successfully with bitstream "/nfs/TUEIEDAprojects/SystemDesign/work/ipxact/benjamin-bordes/DSE/1IP_ER/SDK/SDK_Workspace/1IP_ER_hw_platform/system.bit" 
10:05:42.554 INFO  - Processor reset is completed for ps7_cortexa9_0 
10:05:42.654 INFO  - PS initialization will be done as it is not done before. 
10:05:42.655 INFO  - Running PS initialization.... 
10:05:42.780 INFO  - ps7_init is completed. 
10:05:42.881 INFO  - ps7_post_config is completed. 
10:05:42.981 INFO  - PS Initialization is complete. 
10:08:06.757 INFO  - FPGA configured successfully with bitstream "/nfs/TUEIEDAprojects/SystemDesign/work/ipxact/benjamin-bordes/DSE/1IP_ER/SDK/SDK_Workspace/1IP_ER_hw_platform/system.bit" 
10:11:07.728 INFO  - Processor reset is completed for ps7_cortexa9_0 
10:11:07.828 INFO  - PS initialization will be done as it is not done before. 
10:11:07.829 INFO  - Running PS initialization.... 
10:11:07.957 INFO  - ps7_init is completed. 
10:11:08.057 INFO  - ps7_post_config is completed. 
10:11:08.157 INFO  - PS Initialization is complete. 
10:14:06.825 INFO  - FPGA Cable Disconnected. All active launches will be terminated. 
10:14:16.876 ERROR - Unexpected error while parsing XMD response ￿: com.google.gson.JsonSyntaxException: com.google.gson.stream.MalformedJsonException: invalid number or unquoted string near  
17:04:57.963 INFO  - Processing command line option -hwspec /nfs/TUEIEDAprojects/SystemDesign/work/ipxact/benjamin-bordes/DSE/1IP_ER/SDK/SDK_Export/hw/system.xml. 
17:05:00.084 INFO  - The hardware specification for project '1IP_ER_hw_platform' is different from /nfs/TUEIEDAprojects/SystemDesign/work/ipxact/benjamin-bordes/DSE/1IP_ER/SDK/SDK_Export/hw/system.xml. 
17:05:00.638 INFO  - Copied contents of /nfs/TUEIEDAprojects/SystemDesign/work/ipxact/benjamin-bordes/DSE/1IP_ER/SDK/SDK_Export/hw/system.xml into /1IP_ER_hw_platform/system.xml. 
17:05:00.807 INFO  - Copied contents of /nfs/TUEIEDAprojects/SystemDesign/work/ipxact/benjamin-bordes/DSE/1IP_ER/SDK/SDK_Export/hw/system.bit into /1IP_ER_hw_platform/system.bit. 
17:05:02.238 INFO  - Copied contents of /nfs/TUEIEDAprojects/SystemDesign/work/ipxact/benjamin-bordes/DSE/1IP_ER/SDK/SDK_Export/hw/ps7_init.c into /1IP_ER_hw_platform/ps7_init.c. 
17:05:02.251 INFO  - Copied contents of /nfs/TUEIEDAprojects/SystemDesign/work/ipxact/benjamin-bordes/DSE/1IP_ER/SDK/SDK_Export/hw/ps7_init.h into /1IP_ER_hw_platform/ps7_init.h. 
17:05:02.291 INFO  - Copied contents of /nfs/TUEIEDAprojects/SystemDesign/work/ipxact/benjamin-bordes/DSE/1IP_ER/SDK/SDK_Export/hw/ps7_init.html into /1IP_ER_hw_platform/ps7_init.html. 
17:05:02.312 INFO  - Copied contents of /nfs/TUEIEDAprojects/SystemDesign/work/ipxact/benjamin-bordes/DSE/1IP_ER/SDK/SDK_Export/hw/ps7_init.tcl into /1IP_ER_hw_platform/ps7_init.tcl. 
17:05:02.912 INFO  - Synchronizing projects in the workspace with the hardware platform specification changes. 
17:05:06.636 INFO  - Updating hardware inferred compiler options for software_prj. 
17:05:06.644 INFO  - Clearing existing target manager status. 
17:06:01.511 INFO  - Project standalone_bsp_0 was a BSP project. Please update references. 
17:06:01.512 ERROR - SDK has detected that project standalone_bsp_0 has been deleted (or renamed).
If this project was a BSP referenced by other C/C++ applications, then those applications will fail to build now. Please right click on those applications and click 'Change Referenced BSP' to update those projects' BSP references. 
17:06:05.110 ERROR - Unexpected error while parsing XMD response ￿: com.google.gson.JsonSyntaxException: com.google.gson.stream.MalformedJsonException: invalid number or unquoted string near  
17:06:17.913 INFO  - Processing command line option -hwspec /nfs/TUEIEDAprojects/SystemDesign/work/ipxact/benjamin-bordes/DSE/1IP_ER/SDK/SDK_Export/hw/system.xml. 
17:07:38.337 INFO  - FPGA configured successfully with bitstream "/nfs/TUEIEDAprojects/SystemDesign/work/ipxact/benjamin-bordes/DSE/1IP_ER/SDK/SDK_Workspace/1IP_ER_hw_platform/system.bit" 
17:10:12.074 INFO  - Processor reset is completed for ps7_cortexa9_0 
17:10:12.174 INFO  - PS initialization will be done as it is not done before. 
17:10:12.175 INFO  - Running PS initialization.... 
17:10:12.310 INFO  - ps7_init is completed. 
17:10:12.410 INFO  - ps7_post_config is completed. 
17:10:12.510 INFO  - PS Initialization is complete. 
17:15:27.267 INFO  - FPGA configured successfully with bitstream "/nfs/TUEIEDAprojects/SystemDesign/work/ipxact/benjamin-bordes/DSE/1IP_ER/SDK/SDK_Workspace/1IP_ER_hw_platform/system.bit" 
17:15:32.541 INFO  - Processor reset is completed for ps7_cortexa9_0 
17:15:32.641 INFO  - PS initialization will be done as it is not done before. 
17:15:32.644 INFO  - Running PS initialization.... 
17:15:32.785 INFO  - ps7_init is completed. 
17:15:32.886 INFO  - ps7_post_config is completed. 
17:15:32.986 INFO  - PS Initialization is complete. 
17:18:03.986 INFO  - FPGA configured successfully with bitstream "/nfs/TUEIEDAprojects/SystemDesign/work/ipxact/benjamin-bordes/DSE/1IP_ER/SDK/SDK_Workspace/1IP_ER_hw_platform/system.bit" 
17:18:10.525 INFO  - Processor reset is completed for ps7_cortexa9_0 
17:18:10.625 INFO  - PS initialization will be done as it is not done before. 
17:18:10.626 INFO  - Running PS initialization.... 
17:18:10.748 INFO  - ps7_init is completed. 
17:18:10.848 INFO  - ps7_post_config is completed. 
17:18:10.948 INFO  - PS Initialization is complete. 
17:29:44.286 INFO  - FPGA configured successfully with bitstream "/nfs/TUEIEDAprojects/SystemDesign/work/ipxact/benjamin-bordes/DSE/1IP_ER/SDK/SDK_Workspace/1IP_ER_hw_platform/system.bit" 
17:30:26.444 INFO  - Processor reset is completed for ps7_cortexa9_0 
17:30:26.544 INFO  - PS initialization will be done as it is not done before. 
17:30:26.545 INFO  - Running PS initialization.... 
17:30:26.683 INFO  - ps7_init is completed. 
17:30:26.783 INFO  - ps7_post_config is completed. 
17:30:26.883 INFO  - PS Initialization is complete. 
17:33:42.281 INFO  - FPGA Cable Disconnected. All active launches will be terminated. 
17:33:59.317 ERROR - Unexpected error while parsing XMD response ￿: com.google.gson.JsonSyntaxException: com.google.gson.stream.MalformedJsonException: invalid number or unquoted string near  
17:34:14.011 INFO  - Processing command line option -hwspec /nfs/TUEIEDAprojects/SystemDesign/work/ipxact/benjamin-bordes/DSE/1IP_ER/SDK/SDK_Export/hw/system.xml. 
13:58:59.879 INFO  - FPGA configured successfully with bitstream "/nfs/TUEIEDAprojects/SystemDesign/work/ipxact/benjamin-bordes/DSE/1IP_ER/SDK/SDK_Workspace/1IP_ER_hw_platform/system.bit" 
13:59:11.156 INFO  - Processor reset is completed for ps7_cortexa9_0 
13:59:11.256 INFO  - PS initialization will be done as it is not done before. 
13:59:11.259 INFO  - Running PS initialization.... 
13:59:11.387 INFO  - ps7_init is completed. 
13:59:11.487 INFO  - ps7_post_config is completed. 
13:59:11.587 INFO  - PS Initialization is complete. 
14:02:02.805 INFO  - Processor reset is completed for ps7_cortexa9_0 
14:03:03.400 INFO  - FPGA configured successfully with bitstream "/nfs/TUEIEDAprojects/SystemDesign/work/ipxact/benjamin-bordes/DSE/1IP_ER/SDK/SDK_Workspace/1IP_ER_hw_platform/system.bit" 
14:03:26.976 INFO  - Processor reset is completed for ps7_cortexa9_0 
14:03:27.076 INFO  - PS initialization will be done as it is not done before. 
14:03:27.081 INFO  - Running PS initialization.... 
14:03:27.229 INFO  - ps7_init is completed. 
14:03:27.329 INFO  - ps7_post_config is completed. 
14:03:27.429 INFO  - PS Initialization is complete. 
14:06:06.746 INFO  - FPGA Cable Disconnected. All active launches will be terminated. 
14:06:06.751 WARN  - Terminating existing sessions on processor ps7_cortexa9_0 
14:06:14.960 INFO  - FPGA configured successfully with bitstream "/nfs/TUEIEDAprojects/SystemDesign/work/ipxact/benjamin-bordes/DSE/1IP_ER/SDK/SDK_Workspace/1IP_ER_hw_platform/system.bit" 
14:06:19.952 INFO  - Processor reset is completed for ps7_cortexa9_0 
14:06:20.052 INFO  - PS initialization will be done as it is not done before. 
14:06:20.053 INFO  - Running PS initialization.... 
14:06:20.178 INFO  - ps7_init is completed. 
14:06:20.278 INFO  - ps7_post_config is completed. 
14:06:20.378 INFO  - PS Initialization is complete. 
14:07:30.483 INFO  - FPGA Cable Disconnected. All active launches will be terminated. 
14:07:30.484 WARN  - Terminating existing sessions on processor ps7_cortexa9_0 
14:07:38.465 INFO  - FPGA configured successfully with bitstream "/nfs/TUEIEDAprojects/SystemDesign/work/ipxact/benjamin-bordes/DSE/1IP_ER/SDK/SDK_Workspace/1IP_ER_hw_platform/system.bit" 
14:07:43.637 INFO  - Processor reset is completed for ps7_cortexa9_0 
14:07:43.737 INFO  - PS initialization will be done as it is not done before. 
14:07:43.738 INFO  - Running PS initialization.... 
14:07:43.871 INFO  - ps7_init is completed. 
14:07:43.877 INFO  - ps7_post_config is completed. 
14:07:43.977 INFO  - PS Initialization is complete. 
14:15:06.144 INFO  - FPGA configured successfully with bitstream "/nfs/TUEIEDAprojects/SystemDesign/work/ipxact/benjamin-bordes/DSE/1IP_ER/SDK/SDK_Workspace/1IP_ER_hw_platform/system.bit" 
14:15:38.671 INFO  - FPGA configured successfully with bitstream "/nfs/TUEIEDAprojects/SystemDesign/work/ipxact/benjamin-bordes/DSE/1IP_ER/SDK/SDK_Workspace/1IP_ER_hw_platform/system.bit" 
14:15:41.697 INFO  - Processor reset is completed for ps7_cortexa9_0 
14:15:41.797 INFO  - PS initialization will be done as it is not done before. 
14:15:41.798 INFO  - Running PS initialization.... 
14:15:41.924 INFO  - ps7_init is completed. 
14:15:42.024 INFO  - ps7_post_config is completed. 
14:15:42.124 INFO  - PS Initialization is complete. 
14:21:29.042 INFO  - FPGA configured successfully with bitstream "/nfs/TUEIEDAprojects/SystemDesign/work/ipxact/benjamin-bordes/DSE/1IP_ER/SDK/SDK_Workspace/1IP_ER_hw_platform/system.bit" 
14:21:33.611 INFO  - Processor reset is completed for ps7_cortexa9_0 
14:21:33.711 INFO  - PS initialization will be done as it is not done before. 
14:21:33.712 INFO  - Running PS initialization.... 
14:21:33.839 INFO  - ps7_init is completed. 
14:21:33.939 INFO  - ps7_post_config is completed. 
14:21:34.039 INFO  - PS Initialization is complete. 
14:22:40.855 INFO  - FPGA configured successfully with bitstream "/nfs/TUEIEDAprojects/SystemDesign/work/ipxact/benjamin-bordes/DSE/1IP_ER/SDK/SDK_Workspace/1IP_ER_hw_platform/system.bit" 
14:23:03.281 INFO  - Processor reset is completed for ps7_cortexa9_0 
14:23:03.381 INFO  - PS initialization will be done as it is not done before. 
14:23:03.382 INFO  - Running PS initialization.... 
14:23:03.503 INFO  - ps7_init is completed. 
14:23:03.603 INFO  - ps7_post_config is completed. 
14:23:03.703 INFO  - PS Initialization is complete. 
14:28:26.307 INFO  - FPGA configured successfully with bitstream "/nfs/TUEIEDAprojects/SystemDesign/work/ipxact/benjamin-bordes/DSE/1IP_ER/SDK/SDK_Workspace/1IP_ER_hw_platform/system.bit" 
14:28:43.722 INFO  - Processor reset is completed for ps7_cortexa9_0 
14:28:43.823 INFO  - PS initialization will be done as it is not done before. 
14:28:43.823 INFO  - Running PS initialization.... 
14:28:43.947 INFO  - ps7_init is completed. 
14:28:44.047 INFO  - ps7_post_config is completed. 
14:28:44.147 INFO  - PS Initialization is complete. 
14:29:33.666 INFO  - Processor reset is completed for ps7_cortexa9_0 
14:30:36.739 INFO  - Processor reset is completed for ps7_cortexa9_0 
14:32:16.659 INFO  - Processor reset is completed for ps7_cortexa9_0 
14:32:29.068 INFO  - FPGA Cable Disconnected. All active launches will be terminated. 
14:32:29.071 WARN  - Terminating existing sessions on processor ps7_cortexa9_0 
14:32:38.821 INFO  - FPGA configured successfully with bitstream "/nfs/TUEIEDAprojects/SystemDesign/work/ipxact/benjamin-bordes/DSE/1IP_ER/SDK/SDK_Workspace/1IP_ER_hw_platform/system.bit" 
14:32:46.301 INFO  - Processor reset is completed for ps7_cortexa9_0 
14:32:46.402 INFO  - PS initialization will be done as it is not done before. 
14:32:46.402 INFO  - Running PS initialization.... 
14:32:46.530 INFO  - ps7_init is completed. 
14:32:46.630 INFO  - ps7_post_config is completed. 
14:32:46.730 INFO  - PS Initialization is complete. 
14:36:33.066 INFO  - Processor reset is completed for ps7_cortexa9_0 
14:38:09.729 INFO  - Processor reset is completed for ps7_cortexa9_0 
14:44:51.022 INFO  - FPGA configured successfully with bitstream "/nfs/TUEIEDAprojects/SystemDesign/work/ipxact/benjamin-bordes/DSE/1IP_ER/SDK/SDK_Workspace/1IP_ER_hw_platform/system.bit" 
14:45:03.233 INFO  - Processor reset is completed for ps7_cortexa9_0 
14:45:03.333 INFO  - PS initialization will be done as it is not done before. 
14:45:03.333 INFO  - Running PS initialization.... 
14:45:03.458 INFO  - ps7_init is completed. 
14:45:03.558 INFO  - ps7_post_config is completed. 
14:45:03.658 INFO  - PS Initialization is complete. 
14:47:06.783 INFO  - Processor reset is completed for ps7_cortexa9_0 
15:03:03.025 INFO  - FPGA configured successfully with bitstream "/nfs/TUEIEDAprojects/SystemDesign/work/ipxact/benjamin-bordes/DSE/1IP_ER/SDK/SDK_Workspace/1IP_ER_hw_platform/system.bit" 
15:03:20.326 INFO  - Processor reset is completed for ps7_cortexa9_0 
15:03:20.426 INFO  - PS initialization will be done as it is not done before. 
15:03:20.427 INFO  - Running PS initialization.... 
15:03:20.553 INFO  - ps7_init is completed. 
15:03:20.653 INFO  - ps7_post_config is completed. 
15:03:20.753 INFO  - PS Initialization is complete. 
15:04:40.861 INFO  - Processor reset is completed for ps7_cortexa9_0 
16:58:33.968 ERROR - Unexpected error while parsing XMD response ￿: com.google.gson.JsonSyntaxException: com.google.gson.stream.MalformedJsonException: invalid number or unquoted string near  
15:36:08.332 INFO  - FPGA configured successfully with bitstream "/nfs/TUEIEDAprojects/SystemDesign/work/ipxact/benjamin-bordes/DSE/1IP_ER/SDK/SDK_Workspace/1IP_ER_hw_platform/system.bit" 
15:36:21.177 INFO  - Processor reset is completed for ps7_cortexa9_0 
15:36:21.277 INFO  - PS initialization will be done as it is not done before. 
15:36:21.278 INFO  - Running PS initialization.... 
15:36:21.403 INFO  - ps7_init is completed. 
15:36:21.503 INFO  - ps7_post_config is completed. 
15:36:21.603 INFO  - PS Initialization is complete. 
15:37:15.315 INFO  - FPGA configured successfully with bitstream "/nfs/TUEIEDAprojects/SystemDesign/work/ipxact/benjamin-bordes/DSE/1IP_ER/SDK/SDK_Workspace/1IP_ER_hw_platform/system.bit" 
15:37:23.212 INFO  - Processor reset is completed for ps7_cortexa9_0 
15:37:23.312 INFO  - PS initialization will be done as it is not done before. 
15:37:23.313 INFO  - Running PS initialization.... 
15:37:23.435 INFO  - ps7_init is completed. 
15:37:23.535 INFO  - ps7_post_config is completed. 
15:37:23.635 INFO  - PS Initialization is complete. 
15:38:41.768 INFO  - FPGA Cable Disconnected. All active launches will be terminated. 
15:39:47.647 INFO  - FPGA configured successfully with bitstream "/nfs/TUEIEDAprojects/SystemDesign/work/ipxact/benjamin-bordes/DSE/1IP_ER/SDK/SDK_Workspace/1IP_ER_hw_platform/system.bit" 
15:39:54.606 INFO  - Processor reset is completed for ps7_cortexa9_0 
15:39:54.706 INFO  - PS initialization will be done as it is not done before. 
15:39:54.707 INFO  - Running PS initialization.... 
15:39:54.829 INFO  - ps7_init is completed. 
15:39:54.929 INFO  - ps7_post_config is completed. 
15:39:55.029 INFO  - PS Initialization is complete. 
15:41:36.192 ERROR - Unexpected error while parsing XMD response ￿: com.google.gson.JsonSyntaxException: com.google.gson.stream.MalformedJsonException: invalid number or unquoted string near  
15:51:29.532 INFO  - FPGA configured successfully with bitstream "/nfs/TUEIEDAprojects/SystemDesign/work/ipxact/benjamin-bordes/DSE/1IP_ER/SDK/SDK_Workspace/1IP_ER_hw_platform/system.bit" 
15:51:32.739 INFO  - Processor reset is completed for ps7_cortexa9_0 
15:51:32.839 INFO  - PS initialization will be done as it is not done before. 
15:51:32.840 INFO  - Running PS initialization.... 
15:51:32.966 INFO  - ps7_init is completed. 
15:51:33.066 INFO  - ps7_post_config is completed. 
15:51:33.166 INFO  - PS Initialization is complete. 
15:52:31.650 ERROR - Unexpected error while parsing XMD response ￿: com.google.gson.JsonSyntaxException: com.google.gson.stream.MalformedJsonException: invalid number or unquoted string near  
19:24:40.349 INFO  - FPGA configured successfully with bitstream "/nfs/TUEIEDAprojects/SystemDesign/work/ipxact/benjamin-bordes/DSE/1IP_ER/SDK/SDK_Workspace/1IP_ER_hw_platform/system.bit" 
19:24:45.683 INFO  - Processor reset is completed for ps7_cortexa9_0 
19:24:45.783 INFO  - PS initialization will be done as it is not done before. 
19:24:45.784 INFO  - Running PS initialization.... 
19:24:45.907 INFO  - ps7_init is completed. 
19:24:46.007 INFO  - ps7_post_config is completed. 
19:24:46.107 INFO  - PS Initialization is complete. 
19:25:29.624 ERROR - Unexpected error while parsing XMD response ￿: com.google.gson.JsonSyntaxException: com.google.gson.stream.MalformedJsonException: invalid number or unquoted string near  
19:26:08.863 INFO  - FPGA configured successfully with bitstream "/nfs/TUEIEDAprojects/SystemDesign/work/ipxact/benjamin-bordes/DSE/1IP_ER/SDK/SDK_Workspace/1IP_ER_hw_platform/system.bit" 
19:26:13.861 INFO  - Processor reset is completed for ps7_cortexa9_0 
19:26:13.961 INFO  - PS initialization will be done as it is not done before. 
19:26:13.962 INFO  - Running PS initialization.... 
19:26:14.087 INFO  - ps7_init is completed. 
19:26:14.187 INFO  - ps7_post_config is completed. 
19:26:14.287 INFO  - PS Initialization is complete. 
19:26:44.366 INFO  - Processor reset is completed for ps7_cortexa9_0 
19:27:17.575 ERROR - Unable to disconnect from existing targets java.lang.NullPointerException
	at com.xilinx.sdk.targetmanager.internal.json.XMDJSONProcess.issueCommand(Unknown Source)
	at com.xilinx.sdk.targetmanager.internal.TM.disconnectTarget(Unknown Source)

19:27:17.590 ERROR - Unexpected error while parsing XMD response ￿: com.google.gson.JsonSyntaxException: com.google.gson.stream.MalformedJsonException: invalid number or unquoted string near  
19:32:41.841 INFO  - FPGA configured successfully with bitstream "/nfs/TUEIEDAprojects/SystemDesign/work/ipxact/benjamin-bordes/DSE/1IP_ER/SDK/SDK_Workspace/1IP_ER_hw_platform/system.bit" 
19:33:03.306 INFO  - Processor reset is completed for ps7_cortexa9_0 
19:33:03.406 INFO  - PS initialization will be done as it is not done before. 
19:33:03.407 INFO  - Running PS initialization.... 
19:33:03.532 INFO  - ps7_init is completed. 
19:33:03.632 INFO  - ps7_post_config is completed. 
19:33:03.732 INFO  - PS Initialization is complete. 
19:34:45.140 INFO  - FPGA Cable Disconnected. All active launches will be terminated. 
19:34:49.989 ERROR - Unexpected error while parsing XMD response ￿: com.google.gson.JsonSyntaxException: com.google.gson.stream.MalformedJsonException: invalid number or unquoted string near  
20:04:13.510 INFO  - FPGA configured successfully with bitstream "/nfs/TUEIEDAprojects/SystemDesign/work/ipxact/benjamin-bordes/DSE/1IP_ER/SDK/SDK_Workspace/1IP_ER_hw_platform/system.bit" 
20:04:20.015 INFO  - Processor reset is completed for ps7_cortexa9_0 
20:04:20.115 INFO  - PS initialization will be done as it is not done before. 
20:04:20.116 INFO  - Running PS initialization.... 
20:04:20.242 INFO  - ps7_init is completed. 
20:04:20.342 INFO  - ps7_post_config is completed. 
20:04:20.442 INFO  - PS Initialization is complete. 
20:05:19.339 ERROR - Unexpected error while parsing XMD response ￿: com.google.gson.JsonSyntaxException: com.google.gson.stream.MalformedJsonException: invalid number or unquoted string near  
13:57:45.648 INFO  - FPGA configured successfully with bitstream "/nfs/TUEIEDAprojects/SystemDesign/work/ipxact/benjamin-bordes/DSE/1IP/1IP_ER/SDK/SDK_Workspace/1IP_ER_hw_platform/system.bit" 
14:00:46.073 INFO  - ps7_init.tcl file does not exists in HwPlatform 
14:00:46.173 INFO  - Processor reset is completed for ps7_cortexa9_0 
14:00:46.273 INFO  - PS initialization will be done as it is not done before. 
14:00:46.274 INFO  - Running PS initialization.... 
14:00:46.375 ERROR - Unexpected error while launching program. java.lang.RuntimeException: Error while running ps7_init method.
invalid command name "ps7_init"
	at com.xilinx.sdk.targetmanager.internal.TM.run_ps7_init(Unknown Source)
	at com.xilinx.sdk.targetmanager.internal.TM.runPs7Init(Unknown Source)

14:01:11.166 INFO  - Processor reset is completed for ps7_cortexa9_0 
14:01:11.266 INFO  - PS initialization will be done as it is not done before. 
14:01:11.267 INFO  - Running PS initialization.... 
14:01:11.389 INFO  - ps7_init is completed. 
14:01:11.489 INFO  - ps7_post_config is completed. 
14:01:11.589 INFO  - PS Initialization is complete. 
14:09:12.722 INFO  - FPGA Cable Disconnected. All active launches will be terminated. 
14:09:21.896 INFO  - FPGA configured successfully with bitstream "/nfs/TUEIEDAprojects/SystemDesign/work/ipxact/benjamin-bordes/DSE/1IP/1IP_ER/SDK/SDK_Workspace/1IP_ER_hw_platform/system.bit" 
14:09:27.615 INFO  - Processor reset is completed for ps7_cortexa9_0 
14:09:27.715 INFO  - PS initialization will be done as it is not done before. 
14:09:27.716 INFO  - Running PS initialization.... 
14:09:27.839 INFO  - ps7_init is completed. 
14:09:27.939 INFO  - ps7_post_config is completed. 
14:09:28.039 INFO  - PS Initialization is complete. 
14:11:50.554 INFO  - FPGA configured successfully with bitstream "/nfs/TUEIEDAprojects/SystemDesign/work/ipxact/benjamin-bordes/DSE/1IP/1IP_ER/SDK/SDK_Workspace/1IP_ER_hw_platform/system.bit" 
14:12:01.998 INFO  - Processor reset is completed for ps7_cortexa9_0 
14:12:02.098 INFO  - PS initialization will be done as it is not done before. 
14:12:02.098 INFO  - Running PS initialization.... 
14:12:02.219 INFO  - ps7_init is completed. 
14:12:02.319 INFO  - ps7_post_config is completed. 
14:12:02.419 INFO  - PS Initialization is complete. 
14:12:13.634 INFO  - Processor reset is completed for ps7_cortexa9_0 
14:14:01.929 INFO  - Processor reset is completed for ps7_cortexa9_0 
14:14:45.576 INFO  - Processor reset is completed for ps7_cortexa9_0 
14:15:34.289 INFO  - Processor reset is completed for ps7_cortexa9_0 
14:16:38.070 INFO  - Processor reset is completed for ps7_cortexa9_0 
14:18:08.985 ERROR - Unexpected error while parsing XMD response ￿: com.google.gson.JsonSyntaxException: com.google.gson.stream.MalformedJsonException: invalid number or unquoted string near  
14:28:51.860 INFO  - FPGA configured successfully with bitstream "/nfs/TUEIEDAprojects/SystemDesign/work/ipxact/benjamin-bordes/DSE/1IP/1IP_ER/SDK/SDK_Workspace/1IP_ER_hw_platform/system.bit" 
14:29:01.060 INFO  - Processor reset is completed for ps7_cortexa9_0 
14:29:01.160 INFO  - PS initialization will be done as it is not done before. 
14:29:01.160 INFO  - Running PS initialization.... 
14:29:01.284 INFO  - ps7_init is completed. 
14:29:01.384 INFO  - ps7_post_config is completed. 
14:29:01.484 INFO  - PS Initialization is complete. 
14:29:36.222 INFO  - Processor reset is completed for ps7_cortexa9_0 
14:30:48.469 INFO  - Processor reset is completed for ps7_cortexa9_0 
14:31:40.602 INFO  - Processor reset is completed for ps7_cortexa9_0 
14:34:32.806 ERROR - Checking FPGA configuration failed..Connection to Board Failed


    Failed to Open JTAG Cable
    Cable target is not connected to the host
 
14:34:45.816 INFO  - FPGA configured successfully with bitstream "/nfs/TUEIEDAprojects/SystemDesign/work/ipxact/benjamin-bordes/DSE/1IP/1IP_ER/SDK/SDK_Workspace/1IP_ER_hw_platform/system.bit" 
14:34:49.547 INFO  - Processor reset is completed for ps7_cortexa9_0 
14:34:49.647 INFO  - PS initialization will be done as it is not done before. 
14:34:49.647 INFO  - Running PS initialization.... 
14:34:49.769 INFO  - ps7_init is completed. 
14:34:49.869 INFO  - ps7_post_config is completed. 
14:34:49.969 INFO  - PS Initialization is complete. 
14:39:32.061 ERROR - Unexpected error while parsing XMD response ￿: com.google.gson.JsonSyntaxException: com.google.gson.stream.MalformedJsonException: invalid number or unquoted string near  
14:54:24.266 INFO  - FPGA configured successfully with bitstream "/nfs/TUEIEDAprojects/SystemDesign/work/ipxact/benjamin-bordes/DSE/1IP/1IP_ER/SDK/SDK_Workspace/1IP_ER_hw_platform/system.bit" 
14:54:48.456 INFO  - Processor reset is completed for ps7_cortexa9_0 
14:54:48.556 INFO  - PS initialization will be done as it is not done before. 
14:54:48.557 INFO  - Running PS initialization.... 
14:54:48.685 INFO  - ps7_init is completed. 
14:54:48.786 INFO  - ps7_post_config is completed. 
14:54:48.886 INFO  - PS Initialization is complete. 
14:57:38.469 ERROR - Unexpected error while parsing XMD response ￿: com.google.gson.JsonSyntaxException: com.google.gson.stream.MalformedJsonException: invalid number or unquoted string near  
14:38:14.770 INFO  - FPGA configured successfully with bitstream "/nfs/TUEIEDAprojects/SystemDesign/work/ipxact/benjamin-bordes/DSE/1IP/1IP_ER/SDK/SDK_Workspace/1IP_ER_hw_platform/system.bit" 
14:38:19.794 INFO  - Processor reset is completed for ps7_cortexa9_0 
14:38:19.894 INFO  - PS initialization will be done as it is not done before. 
14:38:19.895 INFO  - Running PS initialization.... 
14:38:20.020 INFO  - ps7_init is completed. 
14:38:20.120 INFO  - ps7_post_config is completed. 
14:38:20.220 INFO  - PS Initialization is complete. 
14:40:36.524 ERROR - Unexpected error while parsing XMD response ￿: com.google.gson.JsonSyntaxException: com.google.gson.stream.MalformedJsonException: invalid number or unquoted string near  
10:46:00.271 INFO  - FPGA configured successfully with bitstream "/nfs/TUEIEDAprojects/SystemDesign/work/ipxact/benjamin-bordes/DSE/1IP/1IP_ER/SDK/SDK_Workspace/1IP_ER_hw_platform/system.bit" 
10:46:07.303 INFO  - Processor reset is completed for ps7_cortexa9_0 
10:46:07.403 INFO  - PS initialization will be done as it is not done before. 
10:46:07.403 INFO  - Running PS initialization.... 
10:46:07.525 INFO  - ps7_init is completed. 
10:46:07.626 INFO  - ps7_post_config is completed. 
10:46:07.726 INFO  - PS Initialization is complete. 
10:48:35.591 ERROR - Unexpected error while parsing XMD response ￿: com.google.gson.JsonSyntaxException: com.google.gson.stream.MalformedJsonException: invalid number or unquoted string near  
14:35:35.111 INFO  - FPGA configured successfully with bitstream "/nfs/TUEIEDAprojects/SystemDesign/work/ipxact/benjamin-bordes/DSE/1IP/1IP_ER/SDK/SDK_Workspace/1IP_ER_hw_platform/system.bit" 
14:35:38.454 INFO  - Processor reset is completed for ps7_cortexa9_0 
14:35:38.554 INFO  - PS initialization will be done as it is not done before. 
14:35:38.555 INFO  - Running PS initialization.... 
14:35:38.684 INFO  - ps7_init is completed. 
14:35:38.784 INFO  - ps7_post_config is completed. 
14:35:38.884 INFO  - PS Initialization is complete. 
14:39:56.730 INFO  - FPGA configured successfully with bitstream "/nfs/TUEIEDAprojects/SystemDesign/work/ipxact/benjamin-bordes/DSE/1IP/1IP_ER/SDK/SDK_Workspace/1IP_ER_hw_platform/system.bit" 
14:40:00.425 INFO  - Processor reset is completed for ps7_cortexa9_0 
14:40:00.525 INFO  - PS initialization will be done as it is not done before. 
14:40:00.526 INFO  - Running PS initialization.... 
14:40:00.654 INFO  - ps7_init is completed. 
14:40:00.754 INFO  - ps7_post_config is completed. 
14:40:00.855 INFO  - PS Initialization is complete. 
14:40:57.581 ERROR - Unexpected error while parsing XMD response ￿: com.google.gson.JsonSyntaxException: com.google.gson.stream.MalformedJsonException: invalid number or unquoted string near  
16:16:42.062 INFO  - FPGA configured successfully with bitstream "/nfs/TUEIEDAprojects/SystemDesign/work/ipxact/benjamin-bordes/DSE/1IP/1IP_ER/SDK/SDK_Workspace/1IP_ER_hw_platform/system.bit" 
16:16:48.021 INFO  - Processor reset is completed for ps7_cortexa9_0 
16:16:48.122 INFO  - PS initialization will be done as it is not done before. 
16:16:48.122 INFO  - Running PS initialization.... 
16:16:48.246 INFO  - ps7_init is completed. 
16:16:48.346 INFO  - ps7_post_config is completed. 
16:16:48.447 INFO  - PS Initialization is complete. 
16:21:44.978 ERROR - Unexpected error while parsing XMD response ￿: com.google.gson.JsonSyntaxException: com.google.gson.stream.MalformedJsonException: invalid number or unquoted string near  
15:40:46.031 INFO  - FPGA configured successfully with bitstream "/nfs/TUEIEDAprojects/SystemDesign/work/ipxact/benjamin-bordes/DSE/1IP/1IP_ER/SDK/SDK_Workspace/1IP_ER_hw_platform/system.bit" 
15:41:01.612 INFO  - Processor reset is completed for ps7_cortexa9_0 
15:41:01.615 INFO  - PS initialization will be done as it is not done before. 
15:41:01.615 INFO  - Running PS initialization.... 
15:41:01.742 INFO  - ps7_init is completed. 
15:41:01.842 INFO  - ps7_post_config is completed. 
15:41:01.942 INFO  - PS Initialization is complete. 
15:44:44.619 INFO  - Processor reset is completed for ps7_cortexa9_0 
15:45:05.690 INFO  - Processor reset is completed for ps7_cortexa9_0 
15:47:16.658 ERROR - Unexpected error while parsing XMD response ￿: com.google.gson.JsonSyntaxException: com.google.gson.stream.MalformedJsonException: invalid number or unquoted string near  
11:05:31.483 INFO  - FPGA configured successfully with bitstream "/nfs/TUEIEDAprojects/SystemDesign/work/ipxact/benjamin-bordes/DSE/1IP/1IP_ER/SDK/SDK_Workspace/1IP_ER_hw_platform/system.bit" 
11:05:36.159 INFO  - Processor reset is completed for ps7_cortexa9_0 
11:05:36.259 INFO  - PS initialization will be done as it is not done before. 
11:05:36.259 INFO  - Running PS initialization.... 
11:05:36.381 INFO  - ps7_init is completed. 
11:05:36.481 INFO  - ps7_post_config is completed. 
11:05:36.581 INFO  - PS Initialization is complete. 
11:10:03.131 INFO  - Processor reset is completed for ps7_cortexa9_0 
13:14:34.590 ERROR - Unexpected error while parsing XMD response ￿: com.google.gson.JsonSyntaxException: com.google.gson.stream.MalformedJsonException: invalid number or unquoted string near  
13:15:25.443 INFO  - Processing command line option -hwspec /nfs/TUEIEDAprojects/SystemDesign/work/ipxact/benjamin-bordes/DSE/1IP/1IP_ER/SDK/SDK_Export/hw/system.xml. 
13:15:27.355 INFO  - The hardware specification for project '1IP_ER_hw_platform' is different from /nfs/TUEIEDAprojects/SystemDesign/work/ipxact/benjamin-bordes/DSE/1IP/1IP_ER/SDK/SDK_Export/hw/system.xml. 
13:15:28.174 INFO  - Copied contents of /nfs/TUEIEDAprojects/SystemDesign/work/ipxact/benjamin-bordes/DSE/1IP/1IP_ER/SDK/SDK_Export/hw/system.xml into /1IP_ER_hw_platform/system.xml. 
13:15:28.386 INFO  - Copied contents of /nfs/TUEIEDAprojects/SystemDesign/work/ipxact/benjamin-bordes/DSE/1IP/1IP_ER/SDK/SDK_Export/hw/system.bit into /1IP_ER_hw_platform/system.bit. 
13:15:30.806 INFO  - Copied contents of /nfs/TUEIEDAprojects/SystemDesign/work/ipxact/benjamin-bordes/DSE/1IP/1IP_ER/SDK/SDK_Export/hw/ps7_init.c into /1IP_ER_hw_platform/ps7_init.c. 
13:15:31.152 INFO  - Copied contents of /nfs/TUEIEDAprojects/SystemDesign/work/ipxact/benjamin-bordes/DSE/1IP/1IP_ER/SDK/SDK_Export/hw/ps7_init.h into /1IP_ER_hw_platform/ps7_init.h. 
13:15:31.488 INFO  - Copied contents of /nfs/TUEIEDAprojects/SystemDesign/work/ipxact/benjamin-bordes/DSE/1IP/1IP_ER/SDK/SDK_Export/hw/ps7_init.html into /1IP_ER_hw_platform/ps7_init.html. 
13:15:31.512 INFO  - Copied contents of /nfs/TUEIEDAprojects/SystemDesign/work/ipxact/benjamin-bordes/DSE/1IP/1IP_ER/SDK/SDK_Export/hw/ps7_init.tcl into /1IP_ER_hw_platform/ps7_init.tcl. 
13:15:31.796 INFO  - Synchronizing projects in the workspace with the hardware platform specification changes. 
13:15:41.523 ERROR - Error updating hardware inferred compiler settings. 
13:15:41.523 INFO  - Clearing existing target manager status. 
13:15:44.755 INFO  - Workspace synchronized with the new hardware specification file. Cleaning dependent projects... 
13:18:17.191 INFO  - Project standalone_bsp_0 was a BSP project. Please update references. 
13:18:17.191 ERROR - SDK has detected that project standalone_bsp_0 has been deleted (or renamed).
If this project was a BSP referenced by other C/C++ applications, then those applications will fail to build now. Please right click on those applications and click 'Change Referenced BSP' to update those projects' BSP references. 
13:18:21.311 ERROR - Unexpected error while parsing XMD response ￿: com.google.gson.JsonSyntaxException: com.google.gson.stream.MalformedJsonException: invalid number or unquoted string near  
13:18:40.083 INFO  - Processing command line option -hwspec /nfs/TUEIEDAprojects/SystemDesign/work/ipxact/benjamin-bordes/DSE/1IP/1IP_ER/SDK/SDK_Export/hw/system.xml. 
13:20:14.332 INFO  - FPGA configured successfully with bitstream "/nfs/TUEIEDAprojects/SystemDesign/work/ipxact/benjamin-bordes/DSE/1IP/1IP_ER/SDK/SDK_Workspace/1IP_ER_hw_platform/system.bit" 
13:20:43.657 INFO  - Processor reset is completed for ps7_cortexa9_0 
13:20:43.757 INFO  - PS initialization will be done as it is not done before. 
13:20:43.758 INFO  - Running PS initialization.... 
13:20:43.889 INFO  - ps7_init is completed. 
13:20:43.989 INFO  - ps7_post_config is completed. 
13:20:44.089 INFO  - PS Initialization is complete. 
13:21:34.298 INFO  - Processor reset is completed for ps7_cortexa9_0 
13:22:36.425 INFO  - Processor reset is completed for ps7_cortexa9_0 
13:22:36.525 INFO  - PS initialization will be done as it is not done before. 
13:22:36.527 INFO  - Running PS initialization.... 
13:22:36.651 INFO  - ps7_init is completed. 
13:22:36.751 INFO  - ps7_post_config is completed. 
13:22:36.852 INFO  - PS Initialization is complete. 
13:22:38.268 ERROR - Unexpected error while launching program. java.lang.RuntimeException: Invalid Target ID
    Target '64' Does NOT exist in the Current System


	at com.xilinx.sdk.targetmanager.internal.TM.removeAllBreakpoints(Unknown Source)
	at com.xilinx.sdk.debug.core.internal.AppRunner.run(Unknown Source)

13:22:41.848 INFO  - FPGA configured successfully with bitstream "/nfs/TUEIEDAprojects/SystemDesign/work/ipxact/benjamin-bordes/DSE/1IP/1IP_ER/SDK/SDK_Workspace/1IP_ER_hw_platform/system.bit" 
13:24:17.302 INFO  - FPGA configured successfully with bitstream "/nfs/TUEIEDAprojects/SystemDesign/work/ipxact/benjamin-bordes/DSE/1IP/1IP_ER/SDK/SDK_Workspace/1IP_ER_hw_platform/system.bit" 
13:24:19.904 INFO  - Processor reset is completed for ps7_cortexa9_0 
13:24:20.004 INFO  - PS initialization will be done as it is not done before. 
13:24:20.005 INFO  - Running PS initialization.... 
13:24:20.128 INFO  - ps7_init is completed. 
13:24:20.228 INFO  - ps7_post_config is completed. 
13:24:20.328 INFO  - PS Initialization is complete. 
13:26:21.539 INFO  - Processor reset is completed for ps7_cortexa9_0 
13:27:06.536 INFO  - Processor reset is completed for ps7_cortexa9_0 
13:29:01.083 INFO  - Processor reset is completed for ps7_cortexa9_0 
14:02:01.206 ERROR - Unexpected error while parsing XMD response ￿: com.google.gson.JsonSyntaxException: com.google.gson.stream.MalformedJsonException: invalid number or unquoted string near  
14:07:04.553 INFO  - FPGA configured successfully with bitstream "/nfs/TUEIEDAprojects/SystemDesign/work/ipxact/benjamin-bordes/DSE/1IP/1IP_ER/SDK/SDK_Workspace/1IP_ER_hw_platform/system.bit" 
14:08:04.862 INFO  - Processor reset is completed for ps7_cortexa9_0 
14:08:04.962 INFO  - PS initialization will be done as it is not done before. 
14:08:04.963 INFO  - Running PS initialization.... 
14:08:05.085 INFO  - ps7_init is completed. 
14:08:05.185 INFO  - ps7_post_config is completed. 
14:08:05.285 INFO  - PS Initialization is complete. 
14:09:15.612 ERROR - Unexpected error while parsing XMD response ￿: com.google.gson.JsonSyntaxException: com.google.gson.stream.MalformedJsonException: invalid number or unquoted string near  
11:59:42.757 INFO  - Project 1IP_ER_hw_platform's source hardware specification located at /nfs/TUEIEDAprojects/SystemDesign/work/ipxact/benjamin-bordes/DSE/1IP/1IP_ER/SDK/SDK_Export/hw/system.xml is now different from the local copy.
		 The local copy will be replaced with the source specification and your workspace will be updated. 
11:59:53.519 INFO  - Copied contents of /nfs/TUEIEDAprojects/SystemDesign/work/ipxact/benjamin-bordes/DSE/1IP/1IP_ER/SDK/SDK_Export/hw/system.xml into /1IP_ER_hw_platform/system.xml. 
11:59:53.707 INFO  - Copied contents of /nfs/TUEIEDAprojects/SystemDesign/work/ipxact/benjamin-bordes/DSE/1IP/1IP_ER/SDK/SDK_Export/hw/system.bit into /1IP_ER_hw_platform/system.bit. 
11:59:55.210 INFO  - Copied contents of /nfs/TUEIEDAprojects/SystemDesign/work/ipxact/benjamin-bordes/DSE/1IP/1IP_ER/SDK/SDK_Export/hw/ps7_init.c into /1IP_ER_hw_platform/ps7_init.c. 
11:59:55.666 INFO  - Copied contents of /nfs/TUEIEDAprojects/SystemDesign/work/ipxact/benjamin-bordes/DSE/1IP/1IP_ER/SDK/SDK_Export/hw/ps7_init.h into /1IP_ER_hw_platform/ps7_init.h. 
11:59:55.717 INFO  - Copied contents of /nfs/TUEIEDAprojects/SystemDesign/work/ipxact/benjamin-bordes/DSE/1IP/1IP_ER/SDK/SDK_Export/hw/ps7_init.html into /1IP_ER_hw_platform/ps7_init.html. 
11:59:55.723 INFO  - Copied contents of /nfs/TUEIEDAprojects/SystemDesign/work/ipxact/benjamin-bordes/DSE/1IP/1IP_ER/SDK/SDK_Export/hw/ps7_init.tcl into /1IP_ER_hw_platform/ps7_init.tcl. 
11:59:56.538 INFO  - Synchronizing projects in the workspace with the hardware platform specification changes. 
11:59:59.294 INFO  - Updating hardware inferred compiler options for software_prj. 
11:59:59.539 INFO  - Clearing existing target manager status. 
12:12:43.724 INFO  - FPGA configured successfully with bitstream "/nfs/TUEIEDAprojects/SystemDesign/work/ipxact/benjamin-bordes/DSE/1IP/1IP_ER/SDK/SDK_Workspace/1IP_ER_hw_platform/system.bit" 
12:12:54.107 INFO  - Processor reset is completed for ps7_cortexa9_0 
12:12:54.207 INFO  - PS initialization will be done as it is not done before. 
12:12:54.208 INFO  - Running PS initialization.... 
12:12:54.329 INFO  - ps7_init is completed. 
12:12:54.429 INFO  - ps7_post_config is completed. 
12:12:54.432 INFO  - PS Initialization is complete. 
12:18:39.188 INFO  - Processor reset is completed for ps7_cortexa9_0 
12:21:01.331 INFO  - Processor reset is completed for ps7_cortexa9_0 
12:21:23.603 INFO  - FPGA configured successfully with bitstream "/nfs/TUEIEDAprojects/SystemDesign/work/ipxact/benjamin-bordes/DSE/1IP/1IP_ER/SDK/SDK_Workspace/1IP_ER_hw_platform/system.bit" 
12:21:27.208 INFO  - Processor reset is completed for ps7_cortexa9_0 
12:21:27.308 INFO  - PS initialization will be done as it is not done before. 
12:21:27.309 INFO  - Running PS initialization.... 
12:21:27.431 INFO  - ps7_init is completed. 
12:21:27.531 INFO  - ps7_post_config is completed. 
12:21:27.631 INFO  - PS Initialization is complete. 
12:23:12.272 INFO  - ps7_cortexa9_0 Processor is in use. Please stop existing Run or Debug sessions before launching. 
12:23:13.871 INFO  - Processor reset is completed for ps7_cortexa9_0 
12:23:39.162 INFO  - FPGA configured successfully with bitstream "/nfs/TUEIEDAprojects/SystemDesign/work/ipxact/benjamin-bordes/DSE/1IP/1IP_ER/SDK/SDK_Workspace/1IP_ER_hw_platform/system.bit" 
12:23:42.941 INFO  - Processor reset is completed for ps7_cortexa9_0 
12:23:43.041 INFO  - PS initialization will be done as it is not done before. 
12:23:43.042 INFO  - Running PS initialization.... 
12:23:43.162 INFO  - ps7_init is completed. 
12:23:43.262 INFO  - ps7_post_config is completed. 
12:23:43.362 INFO  - PS Initialization is complete. 
12:24:57.084 INFO  - ps7_cortexa9_0 Processor is in use. Please stop existing Run or Debug sessions before launching. 
12:24:58.189 INFO  - Processor reset is completed for ps7_cortexa9_0 
12:26:52.289 INFO  - FPGA configured successfully with bitstream "/nfs/TUEIEDAprojects/SystemDesign/work/ipxact/benjamin-bordes/DSE/1IP/1IP_ER/SDK/SDK_Workspace/1IP_ER_hw_platform/system.bit" 
12:26:55.870 INFO  - Processor reset is completed for ps7_cortexa9_0 
12:26:55.970 INFO  - PS initialization will be done as it is not done before. 
12:26:55.971 INFO  - Running PS initialization.... 
12:26:56.094 INFO  - ps7_init is completed. 
12:26:56.194 INFO  - ps7_post_config is completed. 
12:26:56.294 INFO  - PS Initialization is complete. 
12:28:24.653 INFO  - Processor reset is completed for ps7_cortexa9_0 
12:28:42.845 INFO  - FPGA configured successfully with bitstream "/nfs/TUEIEDAprojects/SystemDesign/work/ipxact/benjamin-bordes/DSE/1IP/1IP_ER/SDK/SDK_Workspace/1IP_ER_hw_platform/system.bit" 
12:28:46.214 INFO  - Processor reset is completed for ps7_cortexa9_0 
12:28:46.314 INFO  - PS initialization will be done as it is not done before. 
12:28:46.314 INFO  - Running PS initialization.... 
12:28:46.436 INFO  - ps7_init is completed. 
12:28:46.536 INFO  - ps7_post_config is completed. 
12:28:46.636 INFO  - PS Initialization is complete. 
12:31:57.169 INFO  - Processor reset is completed for ps7_cortexa9_0 
12:34:05.288 INFO  - Processor reset is completed for ps7_cortexa9_0 
12:41:36.380 INFO  - Processor reset is completed for ps7_cortexa9_0 
13:02:10.749 ERROR - Unexpected error while parsing XMD response ￿: com.google.gson.JsonSyntaxException: com.google.gson.stream.MalformedJsonException: invalid number or unquoted string near  
14:16:22.945 INFO  - Processing command line option -hwspec /nfs/TUEIEDAprojects/SystemDesign/work/ipxact/benjamin-bordes/DSE/1IP/1IP_GR/SDK/SDK_Export/hw/system.xml. 
14:16:24.762 INFO  - The hardware specification for project '1IP_ER_hw_platform' is different from /nfs/TUEIEDAprojects/SystemDesign/work/ipxact/benjamin-bordes/DSE/1IP/1IP_GR/SDK/SDK_Export/hw/system.xml. 
14:16:25.063 INFO  - Copied contents of /nfs/TUEIEDAprojects/SystemDesign/work/ipxact/benjamin-bordes/DSE/1IP/1IP_GR/SDK/SDK_Export/hw/system.xml into /1IP_ER_hw_platform/system.xml. 
14:16:25.113 INFO  - Copied contents of /nfs/TUEIEDAprojects/SystemDesign/work/ipxact/benjamin-bordes/DSE/1IP/1IP_GR/SDK/SDK_Export/hw/system.bit into /1IP_ER_hw_platform/system.bit. 
14:16:25.141 INFO  - Copied contents of /nfs/TUEIEDAprojects/SystemDesign/work/ipxact/benjamin-bordes/DSE/1IP/1IP_GR/SDK/SDK_Export/hw/ps7_init.c into /1IP_ER_hw_platform/ps7_init.c. 
14:16:25.162 INFO  - Copied contents of /nfs/TUEIEDAprojects/SystemDesign/work/ipxact/benjamin-bordes/DSE/1IP/1IP_GR/SDK/SDK_Export/hw/ps7_init.h into /1IP_ER_hw_platform/ps7_init.h. 
14:16:25.211 INFO  - Copied contents of /nfs/TUEIEDAprojects/SystemDesign/work/ipxact/benjamin-bordes/DSE/1IP/1IP_GR/SDK/SDK_Export/hw/ps7_init.html into /1IP_ER_hw_platform/ps7_init.html. 
14:16:25.220 INFO  - Copied contents of /nfs/TUEIEDAprojects/SystemDesign/work/ipxact/benjamin-bordes/DSE/1IP/1IP_GR/SDK/SDK_Export/hw/ps7_init.tcl into /1IP_ER_hw_platform/ps7_init.tcl. 
14:16:25.777 INFO  - Synchronizing projects in the workspace with the hardware platform specification changes. 
14:16:29.166 INFO  - Updating hardware inferred compiler options for software_prj. 
14:16:29.169 INFO  - Clearing existing target manager status. 
14:16:31.348 INFO  - Workspace synchronized with the new hardware specification file. Cleaning dependent projects... 
14:17:28.493 ERROR - Unexpected error while parsing XMD response ￿: com.google.gson.JsonSyntaxException: com.google.gson.stream.MalformedJsonException: invalid number or unquoted string near  
14:19:13.629 ERROR - Unable to read in MSS file /nfs/TUEIEDAprojects/SystemDesign/work/ipxact/benjamin-bordes/DSE/1IP/1IP_ER/SDK/SDK_Workspace/standalone_bsp_0/system.mss. 
14:20:51.441 ERROR - Unable to read in MSS file /nfs/TUEIEDAprojects/SystemDesign/work/ipxact/benjamin-bordes/DSE/1IP/1IP_ER/SDK/SDK_Workspace/standalone_bsp_0/system.mss. 
14:21:39.860 ERROR - Unable to read in MSS file /nfs/TUEIEDAprojects/SystemDesign/work/ipxact/benjamin-bordes/DSE/1IP/1IP_ER/SDK/SDK_Workspace/standalone_bsp_0/system.mss. 
14:23:10.138 INFO  - Project standalone_bsp_1 was a BSP project. Please update references. 
14:23:10.138 ERROR - SDK has detected that project standalone_bsp_1 has been deleted (or renamed).
If this project was a BSP referenced by other C/C++ applications, then those applications will fail to build now. Please right click on those applications and click 'Change Referenced BSP' to update those projects' BSP references. 
14:28:21.643 INFO  - Processing command line option -hwspec /nfs/TUEIEDAprojects/SystemDesign/work/ipxact/benjamin-bordes/DSE/1IP/1IP_ER/SDK/SDK_Export/hw/system.xml. 
14:28:23.396 INFO  - The hardware specification for project '1IP_ER_hw_platform' is different from /nfs/TUEIEDAprojects/SystemDesign/work/ipxact/benjamin-bordes/DSE/1IP/1IP_ER/SDK/SDK_Export/hw/system.xml. 
14:28:23.867 INFO  - Copied contents of /nfs/TUEIEDAprojects/SystemDesign/work/ipxact/benjamin-bordes/DSE/1IP/1IP_ER/SDK/SDK_Export/hw/system.xml into /1IP_ER_hw_platform/system.xml. 
14:28:24.124 INFO  - Copied contents of /nfs/TUEIEDAprojects/SystemDesign/work/ipxact/benjamin-bordes/DSE/1IP/1IP_ER/SDK/SDK_Export/hw/system.bit into /1IP_ER_hw_platform/system.bit. 
14:28:24.188 INFO  - Copied contents of /nfs/TUEIEDAprojects/SystemDesign/work/ipxact/benjamin-bordes/DSE/1IP/1IP_ER/SDK/SDK_Export/hw/ps7_init.c into /1IP_ER_hw_platform/ps7_init.c. 
14:28:24.202 INFO  - Copied contents of /nfs/TUEIEDAprojects/SystemDesign/work/ipxact/benjamin-bordes/DSE/1IP/1IP_ER/SDK/SDK_Export/hw/ps7_init.h into /1IP_ER_hw_platform/ps7_init.h. 
14:28:24.289 INFO  - Copied contents of /nfs/TUEIEDAprojects/SystemDesign/work/ipxact/benjamin-bordes/DSE/1IP/1IP_ER/SDK/SDK_Export/hw/ps7_init.html into /1IP_ER_hw_platform/ps7_init.html. 
14:28:24.295 INFO  - Copied contents of /nfs/TUEIEDAprojects/SystemDesign/work/ipxact/benjamin-bordes/DSE/1IP/1IP_ER/SDK/SDK_Export/hw/ps7_init.tcl into /1IP_ER_hw_platform/ps7_init.tcl. 
14:28:24.565 INFO  - Synchronizing projects in the workspace with the hardware platform specification changes. 
14:28:26.832 INFO  - Updating hardware inferred compiler options for software_prj. 
14:28:26.840 INFO  - Clearing existing target manager status. 
14:29:02.935 INFO  - Project standalone_bsp_0 was a BSP project. Please update references. 
14:29:02.936 ERROR - SDK has detected that project standalone_bsp_0 has been deleted (or renamed).
If this project was a BSP referenced by other C/C++ applications, then those applications will fail to build now. Please right click on those applications and click 'Change Referenced BSP' to update those projects' BSP references. 
14:30:04.439 ERROR - Exception while attemping to 'diff' hardware specification files. 
14:30:04.892 INFO  - Project 1IP_ER_hw_platform's source hardware specification located at /nfs/TUEIEDAprojects/SystemDesign/work/ipxact/benjamin-bordes/DSE/1IP/1IP_ER/SDK/SDK_Export/hw/system.xml is now different from the local copy.
		 The local copy will be replaced with the source specification and your workspace will be updated. 
14:30:05.476 INFO  - Project standalone_bsp_0 was a BSP project. Please update references. 
14:30:05.478 ERROR - SDK has detected that project standalone_bsp_0 has been deleted (or renamed).
If this project was a BSP referenced by other C/C++ applications, then those applications will fail to build now. Please right click on those applications and click 'Change Referenced BSP' to update those projects' BSP references. 
14:30:09.993 ERROR - Unexpected error while saving path to source Hardware Specification File: {} org.eclipse.core.internal.resources.ResourceException: Resource '/1IP_ER_hw_platform' does not exist.
	at org.eclipse.core.internal.resources.Resource.checkExists(Resource.java:341)
	at org.eclipse.core.internal.resources.Resource.checkAccessible(Resource.java:215)

14:30:09.994 ERROR - Error while obtaining Hardware Platform Session Property org.eclipse.core.internal.resources.ResourceException: Resource '/1IP_ER_hw_platform' does not exist.
	at org.eclipse.core.internal.resources.Resource.checkExists(Resource.java:341)
	at org.eclipse.core.internal.resources.Resource.checkAccessible(Resource.java:215)

14:30:15.527 ERROR - Unexpected error while parsing XMD response ￿: com.google.gson.JsonSyntaxException: com.google.gson.stream.MalformedJsonException: invalid number or unquoted string near  
14:30:32.540 INFO  - Processing command line option -hwspec /nfs/TUEIEDAprojects/SystemDesign/work/ipxact/benjamin-bordes/DSE/1IP/1IP_ER/SDK/SDK_Export/hw/system.xml. 
14:31:50.849 INFO  - FPGA configured successfully with bitstream "/nfs/TUEIEDAprojects/SystemDesign/work/ipxact/benjamin-bordes/DSE/1IP/1IP_ER/SDK/SDK_Workspace/1IP_ER_hw_platform/system.bit" 
14:31:55.183 INFO  - Processor reset is completed for ps7_cortexa9_0 
14:32:43.102 ERROR - Unexpected error while parsing XMD response ￿: com.google.gson.JsonSyntaxException: com.google.gson.stream.MalformedJsonException: invalid number or unquoted string near  
14:33:49.440 INFO  - Processing command line option -hwspec /nfs/TUEIEDAprojects/SystemDesign/work/ipxact/benjamin-bordes/DSE/1IP/1IP_GR/SDK/SDK_Export/hw/system.xml. 
14:33:51.335 INFO  - The hardware specification for project '1IP_ER_hw_platform' is different from /nfs/TUEIEDAprojects/SystemDesign/work/ipxact/benjamin-bordes/DSE/1IP/1IP_GR/SDK/SDK_Export/hw/system.xml. 
14:33:51.806 INFO  - Copied contents of /nfs/TUEIEDAprojects/SystemDesign/work/ipxact/benjamin-bordes/DSE/1IP/1IP_GR/SDK/SDK_Export/hw/system.xml into /1IP_ER_hw_platform/system.xml. 
14:33:51.857 INFO  - Copied contents of /nfs/TUEIEDAprojects/SystemDesign/work/ipxact/benjamin-bordes/DSE/1IP/1IP_GR/SDK/SDK_Export/hw/system.bit into /1IP_ER_hw_platform/system.bit. 
14:33:51.871 INFO  - Copied contents of /nfs/TUEIEDAprojects/SystemDesign/work/ipxact/benjamin-bordes/DSE/1IP/1IP_GR/SDK/SDK_Export/hw/ps7_init.c into /1IP_ER_hw_platform/ps7_init.c. 
14:33:51.875 INFO  - Copied contents of /nfs/TUEIEDAprojects/SystemDesign/work/ipxact/benjamin-bordes/DSE/1IP/1IP_GR/SDK/SDK_Export/hw/ps7_init.h into /1IP_ER_hw_platform/ps7_init.h. 
14:33:51.889 INFO  - Copied contents of /nfs/TUEIEDAprojects/SystemDesign/work/ipxact/benjamin-bordes/DSE/1IP/1IP_GR/SDK/SDK_Export/hw/ps7_init.html into /1IP_ER_hw_platform/ps7_init.html. 
14:33:51.897 INFO  - Copied contents of /nfs/TUEIEDAprojects/SystemDesign/work/ipxact/benjamin-bordes/DSE/1IP/1IP_GR/SDK/SDK_Export/hw/ps7_init.tcl into /1IP_ER_hw_platform/ps7_init.tcl. 
14:33:52.165 INFO  - Synchronizing projects in the workspace with the hardware platform specification changes. 
14:33:53.958 INFO  - Updating hardware inferred compiler options for software_prj. 
14:33:53.963 INFO  - Clearing existing target manager status. 
14:33:56.136 INFO  - Workspace synchronized with the new hardware specification file. Cleaning dependent projects... 
14:33:58.543 ERROR - Unexpected error while parsing XMD response ￿: com.google.gson.JsonSyntaxException: com.google.gson.stream.MalformedJsonException: invalid number or unquoted string near  
15:29:22.840 WARN  - Unable to obtain port 2350 for use by XMD, java.net.BindException: Address already in use 
15:29:25.585 ERROR - Unexpected error while launching program. java.lang.RuntimeException: The program file specified in the launch configuration does not exist
	at com.xilinx.sdk.debug.core.XilinxAppLaunchConfigurationDelegate.runApplication(Unknown Source)
	at com.xilinx.sdk.debug.core.XilinxAppLaunchConfigurationDelegate.launch(Unknown Source)

15:38:55.262 ERROR - Unexpected error while parsing XMD response ￿: com.google.gson.JsonSyntaxException: com.google.gson.stream.MalformedJsonException: invalid number or unquoted string near  
18:41:45.774 INFO  - Project 1IP_ER_hw_platform's source hardware specification located at /nfs/TUEIEDAprojects/SystemDesign/work/ipxact/benjamin-bordes/DSE/1IP/1IP_GR/SDK/SDK_Export/hw/system.xml is now different from the local copy.
		 The local copy will be replaced with the source specification and your workspace will be updated. 
18:41:47.853 INFO  - Project 1IP_ER_hw_platform's source hardware specification location will not be monitored anymore. 
18:42:37.118 ERROR - Unable to read in MSS file /nfs/TUEIEDAprojects/SystemDesign/work/ipxact/benjamin-bordes/DSE/1IP/1IP_ER/SDK/SDK_Workspace/standalone_bsp_0/system.mss. 
18:42:37.859 ERROR - Unable to read in MSS file /nfs/TUEIEDAprojects/SystemDesign/work/ipxact/benjamin-bordes/DSE/1IP/1IP_ER/SDK/SDK_Workspace/standalone_bsp_0/system.mss. 
18:42:37.899 ERROR - Unable to read in MSS file /nfs/TUEIEDAprojects/SystemDesign/work/ipxact/benjamin-bordes/DSE/1IP/1IP_ER/SDK/SDK_Workspace/standalone_bsp_0/system.mss. 
18:42:37.946 WARN  - Unable to determine location of documentation for OS . 
18:42:37.971 ERROR - Unable to read in MSS file /nfs/TUEIEDAprojects/SystemDesign/work/ipxact/benjamin-bordes/DSE/1IP/1IP_ER/SDK/SDK_Workspace/standalone_bsp_0/system.mss. 
18:42:38.275 ERROR - Unable to read in MSS file /nfs/TUEIEDAprojects/SystemDesign/work/ipxact/benjamin-bordes/DSE/1IP/1IP_ER/SDK/SDK_Workspace/standalone_bsp_0/system.mss. 
18:43:22.546 INFO  - Processing command line option -hwspec /nfs/TUEIEDAprojects/SystemDesign/work/ipxact/benjamin-bordes/DSE/1IP/1IP_ER/SDK/SDK_Export/hw/system.xml. 
18:43:22.796 INFO  - The hardware specification for project '1IP_ER_hw_platform' is different from /nfs/TUEIEDAprojects/SystemDesign/work/ipxact/benjamin-bordes/DSE/1IP/1IP_ER/SDK/SDK_Export/hw/system.xml. 
18:43:23.163 INFO  - Copied contents of /nfs/TUEIEDAprojects/SystemDesign/work/ipxact/benjamin-bordes/DSE/1IP/1IP_ER/SDK/SDK_Export/hw/system.xml into /1IP_ER_hw_platform/system.xml. 
18:43:23.218 INFO  - Copied contents of /nfs/TUEIEDAprojects/SystemDesign/work/ipxact/benjamin-bordes/DSE/1IP/1IP_ER/SDK/SDK_Export/hw/system.bit into /1IP_ER_hw_platform/system.bit. 
18:43:23.234 INFO  - Copied contents of /nfs/TUEIEDAprojects/SystemDesign/work/ipxact/benjamin-bordes/DSE/1IP/1IP_ER/SDK/SDK_Export/hw/ps7_init.c into /1IP_ER_hw_platform/ps7_init.c. 
18:43:23.238 INFO  - Copied contents of /nfs/TUEIEDAprojects/SystemDesign/work/ipxact/benjamin-bordes/DSE/1IP/1IP_ER/SDK/SDK_Export/hw/ps7_init.h into /1IP_ER_hw_platform/ps7_init.h. 
18:43:23.254 INFO  - Copied contents of /nfs/TUEIEDAprojects/SystemDesign/work/ipxact/benjamin-bordes/DSE/1IP/1IP_ER/SDK/SDK_Export/hw/ps7_init.html into /1IP_ER_hw_platform/ps7_init.html. 
18:43:23.258 INFO  - Copied contents of /nfs/TUEIEDAprojects/SystemDesign/work/ipxact/benjamin-bordes/DSE/1IP/1IP_ER/SDK/SDK_Export/hw/ps7_init.tcl into /1IP_ER_hw_platform/ps7_init.tcl. 
18:43:23.528 INFO  - Synchronizing projects in the workspace with the hardware platform specification changes. 
18:43:57.214 INFO  - Updating hardware inferred compiler options for software_prj. 
18:43:57.225 INFO  - Clearing existing target manager status. 
18:43:58.401 INFO  - Closing and re-opening the MSS file of ther project standalone_bsp_0 
18:43:58.778 ERROR - Unable to read in MSS file /nfs/TUEIEDAprojects/SystemDesign/work/ipxact/benjamin-bordes/DSE/1IP/1IP_ER/SDK/SDK_Workspace/standalone_bsp_0/system.mss. 
18:43:58.810 ERROR - Unable to read in MSS file /nfs/TUEIEDAprojects/SystemDesign/work/ipxact/benjamin-bordes/DSE/1IP/1IP_ER/SDK/SDK_Workspace/standalone_bsp_0/system.mss. 
18:43:58.818 WARN  - Unable to determine location of documentation for OS . 
18:43:58.843 ERROR - Unable to read in MSS file /nfs/TUEIEDAprojects/SystemDesign/work/ipxact/benjamin-bordes/DSE/1IP/1IP_ER/SDK/SDK_Workspace/standalone_bsp_0/system.mss. 
18:43:59.046 ERROR - Unable to read in MSS file /nfs/TUEIEDAprojects/SystemDesign/work/ipxact/benjamin-bordes/DSE/1IP/1IP_ER/SDK/SDK_Workspace/standalone_bsp_0/system.mss. 
18:44:00.152 INFO  - Workspace synchronized with the new hardware specification file. Cleaning dependent projects... 
18:44:00.796 ERROR - Unable to read in MSS file /nfs/TUEIEDAprojects/SystemDesign/work/ipxact/benjamin-bordes/DSE/1IP/1IP_ER/SDK/SDK_Workspace/standalone_bsp_0/system.mss. 
18:44:00.918 ERROR - Unable to read in MSS file /nfs/TUEIEDAprojects/SystemDesign/work/ipxact/benjamin-bordes/DSE/1IP/1IP_ER/SDK/SDK_Workspace/standalone_bsp_0/system.mss. 
18:44:35.529 INFO  - Project standalone_bsp_0 was a BSP project. Please update references. 
18:44:35.531 ERROR - SDK has detected that project standalone_bsp_0 has been deleted (or renamed).
If this project was a BSP referenced by other C/C++ applications, then those applications will fail to build now. Please right click on those applications and click 'Change Referenced BSP' to update those projects' BSP references. 
18:44:47.045 ERROR - Unexpected error while parsing XMD response ￿: com.google.gson.JsonSyntaxException: com.google.gson.stream.MalformedJsonException: invalid number or unquoted string near  
18:44:58.597 INFO  - Processing command line option -hwspec /nfs/TUEIEDAprojects/SystemDesign/work/ipxact/benjamin-bordes/DSE/1IP/1IP_ER/SDK/SDK_Export/hw/system.xml. 
18:45:52.540 INFO  - FPGA configured successfully with bitstream "/nfs/TUEIEDAprojects/SystemDesign/work/ipxact/benjamin-bordes/DSE/1IP/1IP_ER/SDK/SDK_Workspace/1IP_ER_hw_platform/system.bit" 
18:46:04.265 INFO  - Processor reset is completed for ps7_cortexa9_0 
18:46:04.365 INFO  - PS initialization will be done as it is not done before. 
18:46:04.366 INFO  - Running PS initialization.... 
18:46:04.502 INFO  - ps7_init is completed. 
18:46:04.602 INFO  - ps7_post_config is completed. 
18:46:04.702 INFO  - PS Initialization is complete. 
18:47:18.859 INFO  - FPGA configured successfully with bitstream "/nfs/TUEIEDAprojects/SystemDesign/work/ipxact/benjamin-bordes/DSE/1IP/1IP_ER/SDK/SDK_Workspace/1IP_ER_hw_platform/system.bit" 
18:47:31.333 INFO  - Processor reset is completed for ps7_cortexa9_0 
18:47:31.433 INFO  - PS initialization will be done as it is not done before. 
18:47:31.434 INFO  - Running PS initialization.... 
18:47:31.563 INFO  - ps7_init is completed. 
18:47:31.663 INFO  - ps7_post_config is completed. 
18:47:31.763 INFO  - PS Initialization is complete. 
18:50:20.830 ERROR - Unexpected error while parsing XMD response ￿: com.google.gson.JsonSyntaxException: com.google.gson.stream.MalformedJsonException: invalid number or unquoted string near  
18:57:18.306 INFO  - FPGA configured successfully with bitstream "/nfs/TUEIEDAprojects/SystemDesign/work/ipxact/benjamin-bordes/DSE/1IP/1IP_ER/SDK/SDK_Workspace/1IP_ER_hw_platform/system.bit" 
18:57:20.972 INFO  - Processor reset is completed for ps7_cortexa9_0 
18:57:21.072 INFO  - PS initialization will be done as it is not done before. 
18:57:21.073 INFO  - Running PS initialization.... 
18:57:21.200 INFO  - ps7_init is completed. 
18:57:21.300 INFO  - ps7_post_config is completed. 
18:57:21.400 INFO  - PS Initialization is complete. 
18:58:49.811 ERROR - Unexpected error while parsing XMD response ￿: com.google.gson.JsonSyntaxException: com.google.gson.stream.MalformedJsonException: invalid number or unquoted string near  
12:08:14.212 INFO  - FPGA configured successfully with bitstream "/nfs/TUEIEDAprojects/SystemDesign/work/ipxact/benjamin-bordes/DSE/1IP/1IP_ER/SDK/SDK_Workspace/1IP_ER_hw_platform/system.bit" 
12:08:30.101 INFO  - Processor reset is completed for ps7_cortexa9_0 
12:08:30.201 INFO  - PS initialization will be done as it is not done before. 
12:08:30.202 INFO  - Running PS initialization.... 
12:08:30.329 INFO  - ps7_init is completed. 
12:08:30.429 INFO  - ps7_post_config is completed. 
12:08:30.529 INFO  - PS Initialization is complete. 
12:09:53.145 INFO  - Processor reset is completed for ps7_cortexa9_0 
12:12:43.314 INFO  - Processor reset is completed for ps7_cortexa9_0 
12:13:53.444 INFO  - Processor reset is completed for ps7_cortexa9_0 
12:14:30.884 INFO  - Processor reset is completed for ps7_cortexa9_0 
12:15:02.751 INFO  - Processor reset is completed for ps7_cortexa9_0 
12:15:23.322 INFO  - FPGA configured successfully with bitstream "/nfs/TUEIEDAprojects/SystemDesign/work/ipxact/benjamin-bordes/DSE/1IP/1IP_ER/SDK/SDK_Workspace/1IP_ER_hw_platform/system.bit" 
12:15:42.702 INFO  - Processor reset is completed for ps7_cortexa9_0 
12:15:42.802 INFO  - PS initialization will be done as it is not done before. 
12:15:42.805 INFO  - Running PS initialization.... 
12:15:42.931 INFO  - ps7_init is completed. 
12:15:43.031 INFO  - ps7_post_config is completed. 
12:15:43.131 INFO  - PS Initialization is complete. 
12:24:27.647 INFO  - FPGA configured successfully with bitstream "/nfs/TUEIEDAprojects/SystemDesign/work/ipxact/benjamin-bordes/DSE/1IP/1IP_ER/SDK/SDK_Workspace/1IP_ER_hw_platform/system.bit" 
12:25:21.433 INFO  - Processor reset is completed for ps7_cortexa9_0 
12:27:21.515 INFO  - Processor reset is completed for ps7_cortexa9_0 
12:27:34.903 INFO  - ps7_cortexa9_0 Processor is in use. Please stop existing Run or Debug sessions before launching. 
12:27:36.504 INFO  - Processor reset is completed for ps7_cortexa9_0 
12:28:54.126 ERROR - Unexpected error while parsing XMD response ￿: com.google.gson.JsonSyntaxException: com.google.gson.stream.MalformedJsonException: invalid number or unquoted string near  
12:36:32.002 INFO  - Processor reset is completed for ps7_cortexa9_0 
12:36:47.970 INFO  - FPGA configured successfully with bitstream "/nfs/TUEIEDAprojects/SystemDesign/work/ipxact/benjamin-bordes/DSE/1IP/1IP_ER/SDK/SDK_Workspace/1IP_ER_hw_platform/system.bit" 
12:36:50.648 INFO  - Processor reset is completed for ps7_cortexa9_0 
12:36:50.650 INFO  - PS initialization will be done as it is not done before. 
12:36:50.653 INFO  - Running PS initialization.... 
12:36:50.775 INFO  - ps7_init is completed. 
12:36:50.875 INFO  - ps7_post_config is completed. 
12:36:50.975 INFO  - PS Initialization is complete. 
12:39:58.582 ERROR - Unexpected error while parsing XMD response ￿: com.google.gson.JsonSyntaxException: com.google.gson.stream.MalformedJsonException: invalid number or unquoted string near  
10:29:05.910 INFO  - Processing command line option -hwspec /nfs/TUEIEDAprojects/SystemDesign/work/ipxact/benjamin-bordes/DSE/1IP/1IP_ER/SDK/SDK_Export/hw/system.xml. 
10:29:08.590 INFO  - The hardware specification for project '1IP_ER_hw_platform' is different from /nfs/TUEIEDAprojects/SystemDesign/work/ipxact/benjamin-bordes/DSE/1IP/1IP_ER/SDK/SDK_Export/hw/system.xml. 
10:29:12.978 INFO  - Project standalone_bsp_0 was a BSP project. Please update references. 
10:29:12.981 ERROR - SDK has detected that project standalone_bsp_0 has been deleted (or renamed).
If this project was a BSP referenced by other C/C++ applications, then those applications will fail to build now. Please right click on those applications and click 'Change Referenced BSP' to update those projects' BSP references. 
10:29:14.399 ERROR - Unexpected exception while copying file /nfs/TUEIEDAprojects/SystemDesign/work/ipxact/benjamin-bordes/DSE/1IP/1IP_ER/SDK/SDK_Export/hw/system.xml: org.eclipse.core.internal.resources.ResourceException: Resource '/1IP_ER_hw_platform/system.xml' does not exist. 
10:29:36.845 INFO  - Processing command line option -hwspec /nfs/TUEIEDAprojects/SystemDesign/work/ipxact/benjamin-bordes/DSE/1IP/1IP_ER/SDK/SDK_Export/hw/system.xml. 
10:31:24.317 INFO  - FPGA configured successfully with bitstream "/nfs/TUEIEDAprojects/SystemDesign/work/ipxact/benjamin-bordes/DSE/1IP/1IP_ER/SDK/SDK_Workspace/1IP_ER_hw_platform/system.bit" 
10:31:44.299 INFO  - Processor reset is completed for ps7_cortexa9_0 
10:31:44.399 INFO  - PS initialization will be done as it is not done before. 
10:31:44.400 INFO  - Running PS initialization.... 
10:31:44.528 INFO  - ps7_init is completed. 
10:31:44.629 INFO  - ps7_post_config is completed. 
10:31:44.729 INFO  - PS Initialization is complete. 
10:32:52.755 INFO  - Processor reset is completed for ps7_cortexa9_0 
10:33:29.533 INFO  - FPGA Cable Disconnected. All active launches will be terminated. 
10:33:41.011 INFO  - FPGA configured successfully with bitstream "/nfs/TUEIEDAprojects/SystemDesign/work/ipxact/benjamin-bordes/DSE/1IP/1IP_ER/SDK/SDK_Workspace/1IP_ER_hw_platform/system.bit" 
10:33:45.252 INFO  - Processor reset is completed for ps7_cortexa9_0 
10:33:45.352 INFO  - PS initialization will be done as it is not done before. 
10:33:45.353 INFO  - Running PS initialization.... 
10:33:45.499 INFO  - ps7_init is completed. 
10:33:45.599 INFO  - ps7_post_config is completed. 
10:33:45.699 INFO  - PS Initialization is complete. 
10:34:13.967 ERROR - Unexpected error while parsing XMD response ￿: com.google.gson.JsonSyntaxException: com.google.gson.stream.MalformedJsonException: invalid number or unquoted string near  
