20:39:25.601 INFO  - Processing command line option -hwspec /home/ga38qoh/EDA_Munish/SDSlabWork/work_dir/LabA/LED_project/LED_project.sdk/SDK/SDK_Export/hw/system.xml. 
21:15:38.809 INFO  - FPGA configured successfully with bitstream "/home/ga38qoh/EDA_Munish/SDSlabWork/work_dir/LabA/LED_project/LED_project.runs/impl_1/system_stub.bit" 
21:16:51.669 INFO  - Processor reset is completed for ps7_cortexa9_0 
21:20:21.457 INFO  - Processor reset is completed for ps7_cortexa9_0 
21:25:42.040 ERROR - Unexpected error while parsing XMD response ￿: com.google.gson.JsonSyntaxException: com.google.gson.stream.MalformedJsonException: invalid number or unquoted string near  
22:05:03.485 INFO  - Processing command line option -hwspec /home/ga38qoh/EDA_Munish/SDSlabWork/work_dir/LabA/LED_project/LED_project.sdk/SDK/SDK_Export/hw/system.xml. 
22:05:05.960 INFO  - The hardware specification for project 'system_hw_platform' is different from /home/ga38qoh/EDA_Munish/SDSlabWork/work_dir/LabA/LED_project/LED_project.sdk/SDK/SDK_Export/hw/system.xml. 
22:05:06.333 INFO  - Copied contents of /home/ga38qoh/EDA_Munish/SDSlabWork/work_dir/LabA/LED_project/LED_project.sdk/SDK/SDK_Export/hw/system.xml into /system_hw_platform/system.xml. 
22:05:06.452 INFO  - Copied contents of /home/ga38qoh/EDA_Munish/SDSlabWork/work_dir/LabA/LED_project/LED_project.sdk/SDK/SDK_Export/hw/ps7_init.c into /system_hw_platform/ps7_init.c. 
22:05:08.090 INFO  - Copied contents of /home/ga38qoh/EDA_Munish/SDSlabWork/work_dir/LabA/LED_project/LED_project.sdk/SDK/SDK_Export/hw/ps7_init.h into /system_hw_platform/ps7_init.h. 
22:05:08.228 INFO  - Copied contents of /home/ga38qoh/EDA_Munish/SDSlabWork/work_dir/LabA/LED_project/LED_project.sdk/SDK/SDK_Export/hw/ps7_init.html into /system_hw_platform/ps7_init.html. 
22:05:08.250 INFO  - Copied contents of /home/ga38qoh/EDA_Munish/SDSlabWork/work_dir/LabA/LED_project/LED_project.sdk/SDK/SDK_Export/hw/ps7_init.tcl into /system_hw_platform/ps7_init.tcl. 
22:05:08.508 INFO  - Synchronizing projects in the workspace with the hardware platform specification changes. 
22:05:45.698 INFO  - Updating hardware inferred compiler options for memoryTest. 
22:05:46.462 INFO  - Updating hardware inferred compiler options for peripheralTests. 
22:05:46.493 INFO  - Clearing existing target manager status. 
22:05:50.122 INFO  - Workspace synchronized with the new hardware specification file. Cleaning dependent projects... 
22:26:43.818 ERROR - Unexpected error while parsing XMD response ￿: com.google.gson.JsonSyntaxException: com.google.gson.stream.MalformedJsonException: invalid number or unquoted string near  
22:27:42.673 INFO  - Processing command line option -hwspec /home/ga38qoh/EDA_Munish/SDSlabWork/work_dir/LabA/LED_project/LED_project.sdk/SDK/SDK_Export/hw/system.xml. 
22:28:10.563 INFO  - Settings changed on project standalone_bsp_0. Triggering a rebuild... 
22:28:44.194 INFO  - Refreshed build settings on project LED_software 
22:28:44.252 INFO  - Refreshed build settings on project memoryTest 
22:28:44.278 INFO  - Refreshed build settings on project peripheralTests 
22:32:20.877 INFO  - FPGA configured successfully with bitstream "/home/ga38qoh/EDA_Munish/SDSlabWork/work_dir/LabA/LED_project/LED_project.runs/impl_1/system_stub.bit" 
22:32:47.287 INFO  - Processor reset is completed for ps7_cortexa9_0 
22:40:38.141 INFO  - Processing command line option -hwspec /home/ga38qoh/EDA_Munish/SDSlabWork/work_dir/LabA/LED_project/LED_project.sdk/SDK/SDK_Export/hw/system.xml. 
22:41:04.873 INFO  - FPGA configured successfully with bitstream "/home/ga38qoh/EDA_Munish/SDSlabWork/work_dir/LabA/LED_project/LED_project.runs/impl_1/system_stub.bit" 
22:51:07.005 INFO  - Processing command line option -hwspec /home/ga38qoh/EDA_Munish/SDSlabWork/work_dir/LabA/LED_project/LED_project.sdk/SDK/SDK_Export/hw/system.xml. 
22:52:11.938 INFO  - FPGA configured successfully with bitstream "/home/ga38qoh/EDA_Munish/SDSlabWork/work_dir/LabA/LED_project/LED_project.runs/impl_1/system_stub.bit" 
22:53:18.375 INFO  - Processor reset is completed for ps7_cortexa9_0 
22:53:18.475 INFO  - PS initialization will be done as it is not done before. 
22:53:18.476 INFO  - Running PS initialization.... 
22:53:18.704 INFO  - ps7_init is completed. 
22:53:18.804 INFO  - ps7_post_config is completed. 
22:53:18.904 INFO  - PS Initialization is complete. 
