*******************************************************************************
*                      PROJECT ARCHIVE SUMMARY REPORT
*
*                              (archive.log)
*
*  PLEASE READ THIS REPORT TO GET THE DETAILED INFORMATION ON THE SOURCE DATA
*  THAT WAS ARCHIVED FOR THE CURRENT PROJECT.
*
* The report is divided into following three sections:-
*
* Section (1) - PROJECT INFORMATION
*  This section provides the details of the current project that was archived
*
* Section (2) - EXCLUDED RUNS
*  This section summarizes the list of runs for which the run results were
*  excluded from the archive
*
* Section (3) - ARCHIVED SOURCES
*  This section summarizes the list of files that were added to the archive
*
*
*******************************************************************************

Section (1) - PROJECT INFORMATION
---------------------------------

Project Archived  = LED_Controller
Project Directory = C:/Speedway/Fall_12/Zynq_Intro/LED_Controller


Section (2) - EXCLUDED RUNS
---------------------------
The run results were excluded from the following runs in the archived project:-



Section (3) - ARCHIVED SOURCES
------------------------------
The following sub-sections describes the list of sources that were archived for the current project:-


Section (3.1) - Include Files
-----------------------------
List of referenced 'RTL include' files that were 'imported' to the archived project:-

None


Section (3.2) - Remote Sources
------------------------------
List of referenced 'remote' files that were 'imported' to the archived project:-

None


Section (3.3) - Sources Summary
-------------------------------
List of all the files present in the archived project:-


<sources_1>

./LED_Controller.srcs/sources_1/imports/support_documents/PWM_Controller.v
./LED_Controller.srcs/sources_1/imports/support_documents/debouncer.v
./LED_Controller.srcs/sources_1/edk/system/system.xmp
./LED_Controller.srcs/sources_1/edk/system/system.mhs
./LED_Controller.srcs/sources_1/edk/system/data/ps7_system_prj.xml
./LED_Controller.srcs/sources_1/edk/system/implementation/system.ngc
./LED_Controller.srcs/sources_1/edk/system/hdl/system.v
./LED_Controller.srcs/sources_1/edk/system/implementation/system_processing_system7_0_wrapper.ncf
./LED_Controller.srcs/sources_1/edk/system/implementation/system_processing_system7_0_wrapper.ngc
./LED_Controller.srcs/sources_1/edk/system/implementation/system_axi_gpio_0_wrapper.ngc
./LED_Controller.srcs/sources_1/edk/system/implementation/system_axi_interconnect_1_wrapper.ncf
./LED_Controller.srcs/sources_1/edk/system/implementation/system_axi_interconnect_1_wrapper.ngc
./LED_Controller.srcs/sources_1/edk/system/data/system.ucf
./LED_Controller.srcs/sources_1/edk/system/data/system.ncf
./LED_Controller.srcs/sources_1/edk/system/system_stub.v

<constrs_1>

./LED_Controller.srcs/constrs_1/imports/support_documents/zedboard_master_UCF_RevC_v3.ucf


Section (3.4) - Remote IP Definitions
-------------------------------------
List of all the remote IP's present in the archived project:-


<sources_1>



Section (4) - Journal/Log files
-------------------------------
Journal/Log files that were added to the archived project:-

C:/Users/024974/AppData/Roaming/Xilinx/PlanAhead\planAhead.jou
C:/Users/024974/AppData/Roaming/Xilinx/PlanAhead\planAhead.log
