17:58:02.113 INFO  - Processing command line option -hwspec /ise_local2/umair_temp/SDS_Lab_14p7/project_documents/LabC/cf_adv7511_zed_edk_14_4_2013_02_05/videoProcessing_prj/SDK/SDK_Export/hw/system.xml. 
15:52:21.109 INFO  - Processing command line option -hwspec /home/ga38qoh/EDA_Munish/SDSlabWork/work_dir/LabC/videoProcessing_prj/SDK/SDK_Export/hw/system.xml. 
15:52:24.290 INFO  - The hardware specification for project 'videoProcessing_prj_hw_platform' is different from /home/ga38qoh/EDA_Munish/SDSlabWork/work_dir/LabC/videoProcessing_prj/SDK/SDK_Export/hw/system.xml. 
15:52:25.056 INFO  - Copied contents of /home/ga38qoh/EDA_Munish/SDSlabWork/work_dir/LabC/videoProcessing_prj/SDK/SDK_Export/hw/system.xml into /videoProcessing_prj_hw_platform/system.xml. 
15:52:25.764 INFO  - Copied contents of /home/ga38qoh/EDA_Munish/SDSlabWork/work_dir/LabC/videoProcessing_prj/SDK/SDK_Export/hw/system.bit into /videoProcessing_prj_hw_platform/system.bit. 
15:52:25.883 INFO  - Copied contents of /home/ga38qoh/EDA_Munish/SDSlabWork/work_dir/LabC/videoProcessing_prj/SDK/SDK_Export/hw/ps7_init.c into /videoProcessing_prj_hw_platform/ps7_init.c. 
15:52:25.898 INFO  - Copied contents of /home/ga38qoh/EDA_Munish/SDSlabWork/work_dir/LabC/videoProcessing_prj/SDK/SDK_Export/hw/ps7_init.h into /videoProcessing_prj_hw_platform/ps7_init.h. 
15:52:26.035 INFO  - Copied contents of /home/ga38qoh/EDA_Munish/SDSlabWork/work_dir/LabC/videoProcessing_prj/SDK/SDK_Export/hw/ps7_init.html into /videoProcessing_prj_hw_platform/ps7_init.html. 
15:52:26.052 INFO  - Copied contents of /home/ga38qoh/EDA_Munish/SDSlabWork/work_dir/LabC/videoProcessing_prj/SDK/SDK_Export/hw/ps7_init.tcl into /videoProcessing_prj_hw_platform/ps7_init.tcl. 
15:52:26.751 INFO  - Synchronizing projects in the workspace with the hardware platform specification changes. 
15:52:27.437 INFO  - Clearing existing target manager status. 
15:52:32.871 INFO  - Workspace synchronized with the new hardware specification file. Cleaning dependent projects... 
16:05:12.388 ERROR - Unexpected error while parsing XMD response ￿: com.google.gson.JsonSyntaxException: com.google.gson.stream.MalformedJsonException: invalid number or unquoted string near  
16:05:42.541 INFO  - Processing command line option -hwspec /home/ga38qoh/EDA_Munish/SDSlabWork/work_dir/LabC/videoProcessing_prj/SDK/SDK_Export/hw/system.xml. 
16:23:16.984 INFO  - FPGA configured successfully with bitstream "/home/ga38qoh/EDA_Munish/SDSlabWork/work_dir/LabC/videoProcessing_prj/SDK/SDK_Workspace/videoProcessing_prj_hw_platform/system.bit" 
16:27:33.483 INFO  - Processor reset is completed for ps7_cortexa9_0 
16:27:33.583 INFO  - PS initialization will be done as it is not done before. 
16:27:33.584 INFO  - Running PS initialization.... 
16:27:33.806 INFO  - ps7_init is completed. 
16:27:33.907 INFO  - ps7_post_config is completed. 
16:27:34.007 INFO  - PS Initialization is complete. 
17:40:25.727 INFO  - ps7_cortexa9_0 Processor is in use. Please stop existing Run or Debug sessions before launching. 
17:40:29.526 INFO  - Processor reset is completed for ps7_cortexa9_0 
17:54:19.896 INFO  - ps7_cortexa9_0 Processor is in use. Please stop existing Run or Debug sessions before launching. 
17:54:21.593 INFO  - Processor reset is completed for ps7_cortexa9_0 
17:57:57.180 INFO  - FPGA configured successfully with bitstream "/home/ga38qoh/EDA_Munish/SDSlabWork/work_dir/LabC/videoProcessing_prj/SDK/SDK_Workspace/videoProcessing_prj_hw_platform/system.bit" 
17:58:53.134 INFO  - ps7_cortexa9_0 Processor is in use. Please stop existing Run or Debug sessions before launching. 
17:58:58.360 ERROR - Unexpected error while launching program. java.lang.RuntimeException: No Active System

	at com.xilinx.sdk.targetmanager.internal.TM.stop(Unknown Source)
	at com.xilinx.sdk.targetmanager.internal.CPURunSession.terminate(Unknown Source)

17:59:03.669 INFO  - ps7_cortexa9_0 Processor is in use. Please stop existing Run or Debug sessions before launching. 
17:59:23.235 ERROR - Unexpected error while parsing XMD response ￿: com.google.gson.JsonSyntaxException: com.google.gson.stream.MalformedJsonException: invalid number or unquoted string near  
18:10:22.243 INFO  - Processing command line option -hwspec /home/ga38qoh/EDA_Munish/SDSlabWork/work_dir/LabC/videoProcessing_prj/SDK/SDK_Export/hw/system.xml. 
18:10:42.407 INFO  - FPGA configured successfully with bitstream "/home/ga38qoh/EDA_Munish/SDSlabWork/work_dir/LabC/videoProcessing_prj/SDK/SDK_Workspace/videoProcessing_prj_hw_platform/system.bit" 
18:10:59.694 INFO  - Processor reset is completed for ps7_cortexa9_0 
18:19:55.319 INFO  - Processing command line option -hwspec /home/ga38qoh/EDA_Munish/SDSlabWork/work_dir/LabC/videoProcessing_prj/SDK/SDK_Export/hw/system.xml. 
18:20:58.675 INFO  - FPGA configured successfully with bitstream "/home/ga38qoh/EDA_Munish/SDSlabWork/work_dir/LabC/videoProcessing_prj/SDK/SDK_Workspace/videoProcessing_prj_hw_platform/system.bit" 
18:21:34.768 INFO  - Processor reset is completed for ps7_cortexa9_0 
18:21:34.868 INFO  - PS initialization will be done as it is not done before. 
18:21:34.868 INFO  - Running PS initialization.... 
18:21:34.986 INFO  - ps7_init is completed. 
18:21:35.086 INFO  - ps7_post_config is completed. 
18:21:35.186 INFO  - PS Initialization is complete. 
19:20:23.459 INFO  - Processor reset is completed for ps7_cortexa9_0 
19:21:16.840 INFO  - ps7_cortexa9_0 Processor is in use. Please stop existing Run or Debug sessions before launching. 
19:21:19.240 INFO  - Processor reset is completed for ps7_cortexa9_0 
19:22:06.793 INFO  - ps7_cortexa9_0 Processor is in use. Please stop existing Run or Debug sessions before launching. 
19:22:09.794 INFO  - Processor reset is completed for ps7_cortexa9_0 
19:23:30.607 INFO  - ps7_cortexa9_0 Processor is in use. Please stop existing Run or Debug sessions before launching. 
19:23:32.407 INFO  - Processor reset is completed for ps7_cortexa9_0 
19:24:01.795 ERROR - Unable to disconnect from existing targets java.lang.NullPointerException
	at com.xilinx.sdk.targetmanager.internal.json.XMDJSONProcess.issueCommand(Unknown Source)
	at com.xilinx.sdk.targetmanager.internal.TM.disconnectTarget(Unknown Source)

19:24:01.805 ERROR - Unexpected error while parsing XMD response ￿: com.google.gson.JsonSyntaxException: com.google.gson.stream.MalformedJsonException: invalid number or unquoted string near  
19:24:26.629 INFO  - Processing command line option -hwspec /home/ga38qoh/EDA_Munish/SDSlabWork/work_dir/LabC/videoProcessing_prj/SDK/SDK_Export/hw/system.xml. 
19:24:52.073 INFO  - FPGA configured successfully with bitstream "/home/ga38qoh/EDA_Munish/SDSlabWork/work_dir/LabC/videoProcessing_prj/SDK/SDK_Workspace/videoProcessing_prj_hw_platform/system.bit" 
19:25:08.383 INFO  - Processor reset is completed for ps7_cortexa9_0 
19:25:08.387 INFO  - PS initialization will be done as it is not done before. 
19:25:08.387 INFO  - Running PS initialization.... 
19:25:08.509 INFO  - ps7_init is completed. 
19:25:08.609 INFO  - ps7_post_config is completed. 
19:25:08.709 INFO  - PS Initialization is complete. 
19:27:33.033 INFO  - Processor reset is completed for ps7_cortexa9_0 
19:29:00.636 INFO  - Processor reset is completed for ps7_cortexa9_0 
19:30:45.039 INFO  - ps7_cortexa9_0 Processor is in use. Please stop existing Run or Debug sessions before launching. 
19:30:46.938 INFO  - Processor reset is completed for ps7_cortexa9_0 
19:31:19.195 INFO  - FPGA configured successfully with bitstream "/home/ga38qoh/EDA_Munish/SDSlabWork/work_dir/LabC/videoProcessing_prj/SDK/SDK_Workspace/videoProcessing_prj_hw_platform/system.bit" 
19:31:25.275 INFO  - Processor reset is completed for ps7_cortexa9_0 
19:31:25.375 INFO  - PS initialization will be done as it is not done before. 
19:31:25.376 INFO  - Running PS initialization.... 
19:31:25.496 INFO  - ps7_init is completed. 
19:31:25.597 INFO  - ps7_post_config is completed. 
19:31:25.697 INFO  - PS Initialization is complete. 
19:48:20.793 INFO  - Processor reset is completed for ps7_cortexa9_0 
19:52:40.212 INFO  - FPGA configured successfully with bitstream "/home/ga38qoh/EDA_Munish/SDSlabWork/work_dir/LabC/videoProcessing_prj/SDK/SDK_Workspace/videoProcessing_prj_hw_platform/system.bit" 
19:52:49.071 INFO  - Processor reset is completed for ps7_cortexa9_0 
19:52:49.171 INFO  - PS initialization will be done as it is not done before. 
19:52:49.171 INFO  - Running PS initialization.... 
19:52:49.292 INFO  - ps7_init is completed. 
19:52:49.392 INFO  - ps7_post_config is completed. 
19:52:49.492 INFO  - PS Initialization is complete. 
19:56:26.594 INFO  - ps7_cortexa9_0 Processor is in use. Please stop existing Run or Debug sessions before launching. 
19:56:36.783 INFO  - Processor reset is completed for ps7_cortexa9_0 
19:58:00.719 INFO  - Processor reset is completed for ps7_cortexa9_0 
19:58:11.536 INFO  - ps7_cortexa9_0 Processor is in use. Please stop existing Run or Debug sessions before launching. 
19:58:22.049 INFO  - ps7_cortexa9_0 Processor is in use. Please stop existing Run or Debug sessions before launching. 
19:58:27.193 INFO  - FPGA Cable Disconnected. All active launches will be terminated. 
19:58:27.198 WARN  - Terminating existing sessions on processor ps7_cortexa9_0 
19:59:03.590 INFO  - FPGA configured successfully with bitstream "/home/ga38qoh/EDA_Munish/SDSlabWork/work_dir/LabC/videoProcessing_prj/SDK/SDK_Workspace/videoProcessing_prj_hw_platform/system.bit" 
19:59:59.285 INFO  - Processor reset is completed for ps7_cortexa9_0 
19:59:59.385 INFO  - PS initialization will be done as it is not done before. 
19:59:59.386 INFO  - Running PS initialization.... 
19:59:59.506 INFO  - ps7_init is completed. 
19:59:59.606 INFO  - ps7_post_config is completed. 
19:59:59.706 INFO  - PS Initialization is complete. 
20:03:25.032 INFO  - Processor reset is completed for ps7_cortexa9_0 
20:18:41.256 INFO  - Processor reset is completed for ps7_cortexa9_0 
20:21:25.706 INFO  - Processor reset is completed for ps7_cortexa9_0 
20:26:02.643 INFO  - Processor reset is completed for ps7_cortexa9_0 
20:27:48.965 INFO  - Processor reset is completed for ps7_cortexa9_0 
20:43:49.873 INFO  - Processor reset is completed for ps7_cortexa9_0 
18:06:37.298 INFO  - Processing command line option -hwspec /home/ga38qoh/EDA_Munish/SDSlabWork/work_dir/LabD/videoProcessing_prj/SDK/SDK_Export/hw/system.xml. 
18:06:38.865 INFO  - The hardware specification for project 'videoProcessing_prj_hw_platform' is different from /home/ga38qoh/EDA_Munish/SDSlabWork/work_dir/LabD/videoProcessing_prj/SDK/SDK_Export/hw/system.xml. 
18:06:39.280 INFO  - Copied contents of /home/ga38qoh/EDA_Munish/SDSlabWork/work_dir/LabD/videoProcessing_prj/SDK/SDK_Export/hw/system.xml into /videoProcessing_prj_hw_platform/system.xml. 
18:06:39.377 INFO  - Copied contents of /home/ga38qoh/EDA_Munish/SDSlabWork/work_dir/LabD/videoProcessing_prj/SDK/SDK_Export/hw/system.bit into /videoProcessing_prj_hw_platform/system.bit. 
18:06:39.407 INFO  - Copied contents of /home/ga38qoh/EDA_Munish/SDSlabWork/work_dir/LabD/videoProcessing_prj/SDK/SDK_Export/hw/ps7_init.c into /videoProcessing_prj_hw_platform/ps7_init.c. 
18:06:39.415 INFO  - Copied contents of /home/ga38qoh/EDA_Munish/SDSlabWork/work_dir/LabD/videoProcessing_prj/SDK/SDK_Export/hw/ps7_init.h into /videoProcessing_prj_hw_platform/ps7_init.h. 
18:06:39.447 INFO  - Copied contents of /home/ga38qoh/EDA_Munish/SDSlabWork/work_dir/LabD/videoProcessing_prj/SDK/SDK_Export/hw/ps7_init.html into /videoProcessing_prj_hw_platform/ps7_init.html. 
18:06:39.455 INFO  - Copied contents of /home/ga38qoh/EDA_Munish/SDSlabWork/work_dir/LabD/videoProcessing_prj/SDK/SDK_Export/hw/ps7_init.tcl into /videoProcessing_prj_hw_platform/ps7_init.tcl. 
18:06:39.674 INFO  - Synchronizing projects in the workspace with the hardware platform specification changes. 
18:06:41.470 INFO  - Updating hardware inferred compiler options for video_filter_sw. 
18:06:41.475 INFO  - Clearing existing target manager status. 
18:14:51.605 INFO  - FPGA configured successfully with bitstream "/home/ga38qoh/EDA_Munish/SDSlabWork/work_dir/LabD/videoProcessing_prj/SDK/SDK_Workspace/videoProcessing_prj_hw_platform/system.bit" 
18:15:05.269 INFO  - Processor reset is completed for ps7_cortexa9_0 
18:15:05.369 INFO  - PS initialization will be done as it is not done before. 
18:15:05.371 INFO  - Running PS initialization.... 
18:15:05.493 INFO  - ps7_init is completed. 
18:15:05.593 INFO  - ps7_post_config is completed. 
18:15:05.693 INFO  - PS Initialization is complete. 
18:15:21.736 INFO  - FPGA Cable Disconnected. All active launches will be terminated. 
18:16:03.960 INFO  - FPGA configured successfully with bitstream "/home/ga38qoh/EDA_Munish/SDSlabWork/work_dir/LabD/videoProcessing_prj/SDK/SDK_Workspace/videoProcessing_prj_hw_platform/system.bit" 
18:16:23.802 INFO  - Processor reset is completed for ps7_cortexa9_0 
18:16:23.902 INFO  - PS initialization will be done as it is not done before. 
18:16:23.903 INFO  - Running PS initialization.... 
18:16:24.026 INFO  - ps7_init is completed. 
18:16:24.126 INFO  - ps7_post_config is completed. 
18:16:24.226 INFO  - PS Initialization is complete. 
18:17:03.117 INFO  - ps7_cortexa9_0 Processor is in use. Please stop existing Run or Debug sessions before launching. 
18:17:58.320 INFO  - FPGA configured successfully with bitstream "/home/ga38qoh/EDA_Munish/SDSlabWork/work_dir/LabD/videoProcessing_prj/SDK/SDK_Workspace/videoProcessing_prj_hw_platform/system.bit" 
18:18:11.783 INFO  - Processor reset is completed for ps7_cortexa9_0 
18:18:11.883 INFO  - PS initialization will be done as it is not done before. 
18:18:11.884 INFO  - Running PS initialization.... 
18:18:12.010 INFO  - ps7_init is completed. 
18:18:12.110 INFO  - ps7_post_config is completed. 
18:18:12.210 INFO  - PS Initialization is complete. 
18:22:18.876 INFO  - ps7_cortexa9_0 Processor is in use. Please stop existing Run or Debug sessions before launching. 
18:22:20.776 INFO  - Processor reset is completed for ps7_cortexa9_0 
18:23:02.694 INFO  - FPGA configured successfully with bitstream "/home/ga38qoh/EDA_Munish/SDSlabWork/work_dir/LabD/videoProcessing_prj/SDK/SDK_Workspace/videoProcessing_prj_hw_platform/system.bit" 
18:23:07.392 INFO  - ps7_cortexa9_0 Processor is in use. Please stop existing Run or Debug sessions before launching. 
18:23:09.238 ERROR - Unexpected error while launching program. java.lang.RuntimeException: No Active System

	at com.xilinx.sdk.targetmanager.internal.TM.stop(Unknown Source)
	at com.xilinx.sdk.targetmanager.internal.CPURunSession.terminate(Unknown Source)

18:23:14.379 INFO  - ps7_cortexa9_0 Processor is in use. Please stop existing Run or Debug sessions before launching. 
18:23:15.278 ERROR - Unexpected error while launching program. java.lang.RuntimeException: No Active System

	at com.xilinx.sdk.targetmanager.internal.TM.stop(Unknown Source)
	at com.xilinx.sdk.targetmanager.internal.CPURunSession.terminate(Unknown Source)

18:23:22.219 INFO  - FPGA configured successfully with bitstream "/home/ga38qoh/EDA_Munish/SDSlabWork/work_dir/LabD/videoProcessing_prj/SDK/SDK_Workspace/videoProcessing_prj_hw_platform/system.bit" 
18:23:55.772 INFO  - FPGA configured successfully with bitstream "/home/ga38qoh/EDA_Munish/SDSlabWork/work_dir/LabD/videoProcessing_prj/SDK/SDK_Workspace/videoProcessing_prj_hw_platform/system.bit" 
18:24:03.296 INFO  - ps7_cortexa9_0 Processor is in use. Please stop existing Run or Debug sessions before launching. 
18:24:04.495 ERROR - Unexpected error while launching program. java.lang.RuntimeException: No Active System

	at com.xilinx.sdk.targetmanager.internal.TM.stop(Unknown Source)
	at com.xilinx.sdk.targetmanager.internal.CPURunSession.terminate(Unknown Source)

18:25:22.051 ERROR - Unexpected error while parsing XMD response ￿: com.google.gson.JsonSyntaxException: com.google.gson.stream.MalformedJsonException: invalid number or unquoted string near  
18:25:41.352 INFO  - Processing command line option -hwspec /home/ga38qoh/EDA_Munish/SDSlabWork/work_dir/LabD/videoProcessing_prj/SDK/SDK_Export/hw/system.xml. 
18:26:00.799 INFO  - Processor reset is completed for ps7_cortexa9_0 
18:26:00.802 INFO  - PS initialization will be done as it is not done before. 
18:26:00.803 INFO  - Running PS initialization.... 
18:26:00.931 INFO  - ps7_init is completed. 
18:26:01.031 INFO  - ps7_post_config is completed. 
18:26:01.131 INFO  - PS Initialization is complete. 
18:26:02.749 ERROR - Unexpected error while launching program. java.lang.RuntimeException: Invalid Target ID
    Target '64' Does NOT exist in the Current System


	at com.xilinx.sdk.targetmanager.internal.TM.continueExecution(Unknown Source)
	at com.xilinx.sdk.debug.core.internal.AppRunner.run(Unknown Source)

18:26:06.478 INFO  - FPGA configured successfully with bitstream "/home/ga38qoh/EDA_Munish/SDSlabWork/work_dir/LabD/videoProcessing_prj/SDK/SDK_Workspace/videoProcessing_prj_hw_platform/system.bit" 
18:26:14.176 ERROR - Unexpected error while parsing XMD response ￿: com.google.gson.JsonSyntaxException: com.google.gson.stream.MalformedJsonException: invalid number or unquoted string near  
18:26:29.735 INFO  - Processing command line option -hwspec /home/ga38qoh/EDA_Munish/SDSlabWork/work_dir/LabD/videoProcessing_prj/SDK/SDK_Export/hw/system.xml. 
18:26:44.000 INFO  - FPGA configured successfully with bitstream "/home/ga38qoh/EDA_Munish/SDSlabWork/work_dir/LabD/videoProcessing_prj/SDK/SDK_Workspace/videoProcessing_prj_hw_platform/system.bit" 
18:26:58.955 INFO  - Processor reset is completed for ps7_cortexa9_0 
18:31:16.230 INFO  - FPGA configured successfully with bitstream "/home/ga38qoh/EDA_Munish/SDSlabWork/work_dir/LabD/videoProcessing_prj/SDK/SDK_Workspace/videoProcessing_prj_hw_platform/system.bit" 
18:31:26.348 INFO  - Processor reset is completed for ps7_cortexa9_0 
18:31:26.448 INFO  - PS initialization will be done as it is not done before. 
18:31:26.449 INFO  - Running PS initialization.... 
18:31:26.572 INFO  - ps7_init is completed. 
18:31:26.672 INFO  - ps7_post_config is completed. 
18:31:26.772 INFO  - PS Initialization is complete. 
18:33:07.252 INFO  - Processor reset is completed for ps7_cortexa9_0 
18:34:44.888 INFO  - Processor reset is completed for ps7_cortexa9_0 
18:35:52.485 INFO  - Processor reset is completed for ps7_cortexa9_0 
18:37:45.910 INFO  - FPGA configured successfully with bitstream "/home/ga38qoh/EDA_Munish/SDSlabWork/work_dir/LabD/videoProcessing_prj/SDK/SDK_Workspace/videoProcessing_prj_hw_platform/system.bit" 
18:38:03.793 INFO  - Processor reset is completed for ps7_cortexa9_0 
18:38:03.893 INFO  - PS initialization will be done as it is not done before. 
18:38:03.894 INFO  - Running PS initialization.... 
18:38:04.018 INFO  - ps7_init is completed. 
18:38:04.118 INFO  - ps7_post_config is completed. 
18:38:04.218 INFO  - PS Initialization is complete. 
18:38:53.878 INFO  - Processor reset is completed for ps7_cortexa9_0 
18:40:33.752 INFO  - Processor reset is completed for ps7_cortexa9_0 
18:41:09.803 INFO  - Processor reset is completed for ps7_cortexa9_0 
18:44:19.029 INFO  - Processor reset is completed for ps7_cortexa9_0 
18:45:36.424 INFO  - Processor reset is completed for ps7_cortexa9_0 
18:46:53.362 INFO  - Processor reset is completed for ps7_cortexa9_0 
18:47:28.245 INFO  - Processor reset is completed for ps7_cortexa9_0 
18:48:36.091 INFO  - Processor reset is completed for ps7_cortexa9_0 
19:10:46.540 INFO  - Processor reset is completed for ps7_cortexa9_0 
19:28:58.725 ERROR - Unable to disconnect from existing targets java.lang.NullPointerException
	at com.xilinx.sdk.targetmanager.internal.json.XMDJSONProcess.issueCommand(Unknown Source)
	at com.xilinx.sdk.targetmanager.internal.TM.disconnectTarget(Unknown Source)

19:28:58.735 ERROR - Unexpected error while parsing XMD response ￿: com.google.gson.JsonSyntaxException: com.google.gson.stream.MalformedJsonException: invalid number or unquoted string near  
21:50:17.902 INFO  - FPGA configured successfully with bitstream "/nfs/TUEIEDAprojects/SystemDesign/work/zynq/mamatha/uzair_sharif/EDA_Munish/zedboard_training/SDSlabWork/work_dir/LabD/videoProcessing_prj/SDK/SDK_Workspace/videoProcessing_prj_hw_platform/system.bit" 
21:50:32.923 INFO  - ps7_init.tcl file does not exists in HwPlatform 
21:50:33.023 INFO  - Processor reset is completed for ps7_cortexa9_0 
21:50:33.123 INFO  - PS initialization will be done as it is not done before. 
21:50:33.124 INFO  - Running PS initialization.... 
21:50:33.350 ERROR - Unexpected error while launching program. java.lang.RuntimeException: Error while running ps7_init method.
invalid command name "ps7_init"
	at com.xilinx.sdk.targetmanager.internal.TM.run_ps7_init(Unknown Source)
	at com.xilinx.sdk.targetmanager.internal.TM.runPs7Init(Unknown Source)

21:51:17.479 INFO  - System reset is completed. 
21:51:21.935 INFO  - FPGA configured successfully with bitstream "/nfs/TUEIEDAprojects/SystemDesign/work/zynq/mamatha/uzair_sharif/EDA_Munish/zedboard_training/SDSlabWork/work_dir/LabD/videoProcessing_prj/SDK/SDK_Workspace/videoProcessing_prj_hw_platform/system.bit" 
21:51:22.483 INFO  - ps7_init is completed. 
21:51:22.583 INFO  - ps7_post_config is completed. 
21:51:23.215 INFO  - Application is downloaded for ps7_cortexa9_0. (/nfs/TUEIEDAprojects/SystemDesign/work/zynq/mamatha/uzair_sharif/EDA_Munish/zedboard_training/SDSlabWork/work_dir/LabD/videoProcessing_prj/SDK/SDK_Workspace/video_filter_sw/Debug/video_filter_sw.elf) 
21:52:04.520 INFO  - System reset is completed. 
21:52:08.739 INFO  - FPGA configured successfully with bitstream "/nfs/TUEIEDAprojects/SystemDesign/work/zynq/mamatha/uzair_sharif/EDA_Munish/zedboard_training/SDSlabWork/work_dir/LabD/videoProcessing_prj/SDK/SDK_Workspace/videoProcessing_prj_hw_platform/system.bit" 
21:52:09.278 INFO  - ps7_init is completed. 
21:52:09.378 INFO  - ps7_post_config is completed. 
21:52:09.952 INFO  - Application is downloaded for ps7_cortexa9_0. (/nfs/TUEIEDAprojects/SystemDesign/work/zynq/mamatha/uzair_sharif/EDA_Munish/zedboard_training/SDSlabWork/work_dir/LabD/videoProcessing_prj/SDK/SDK_Workspace/video_filter_sw/Debug/video_filter_sw.elf) 
21:52:18.497 ERROR - Unexpected error while parsing XMD response ￿: com.google.gson.JsonSyntaxException: com.google.gson.stream.MalformedJsonException: invalid number or unquoted string near  
21:52:41.756 INFO  - System reset is completed. 
21:52:46.401 INFO  - FPGA configured successfully with bitstream "/nfs/TUEIEDAprojects/SystemDesign/work/zynq/mamatha/uzair_sharif/EDA_Munish/zedboard_training/SDSlabWork/work_dir/LabD/videoProcessing_prj/SDK/SDK_Workspace/videoProcessing_prj_hw_platform/system.bit" 
21:52:46.990 INFO  - ps7_init is completed. 
21:52:47.090 INFO  - ps7_post_config is completed. 
21:52:47.679 INFO  - Application is downloaded for ps7_cortexa9_0. (/nfs/TUEIEDAprojects/SystemDesign/work/zynq/mamatha/uzair_sharif/EDA_Munish/zedboard_training/SDSlabWork/work_dir/LabD/videoProcessing_prj/SDK/SDK_Workspace/video_filter_sw/Debug/video_filter_sw.elf) 
22:02:20.233 INFO  - System reset is completed. 
22:02:24.535 INFO  - FPGA configured successfully with bitstream "/nfs/TUEIEDAprojects/SystemDesign/work/zynq/mamatha/uzair_sharif/EDA_Munish/zedboard_training/SDSlabWork/work_dir/LabD/videoProcessing_prj/SDK/SDK_Workspace/videoProcessing_prj_hw_platform/system.bit" 
22:02:25.026 INFO  - ps7_init is completed. 
22:02:25.126 INFO  - ps7_post_config is completed. 
22:02:25.506 INFO  - Application is downloaded for ps7_cortexa9_0. (/nfs/TUEIEDAprojects/SystemDesign/work/zynq/mamatha/uzair_sharif/EDA_Munish/zedboard_training/SDSlabWork/work_dir/LabD/videoProcessing_prj/SDK/SDK_Workspace/video_filter_sw/Debug/video_filter_sw.elf) 
22:03:18.862 ERROR - Unexpected error while parsing XMD response ￿: com.google.gson.JsonSyntaxException: com.google.gson.stream.MalformedJsonException: invalid number or unquoted string near  
