Release 14.7 - platgen Xilinx EDK 14.7 Build EDK_P.20131013
 (lin64)
Copyright (c) 1995-2013 Xilinx, Inc.  All rights reserved.

Command Line: platgen -p xc7z020clg484-1 -lang verilog -intstyle pa -stubgen
/home/gu53voh/Desktop/Teaching/temp_workspace/HelloWorld/HelloWorld/HelloWorld.s
rcs/sources_1/edk/system/system.mhs 

WARNING:EDK - INFO:Security:67 - XILINXD_LICENSE_FILE is set to '2100@refile' in
   /home/gu53voh/.flexlmrc.
   INFO:Security:51 - The XILINXD_LICENSE_FILE environment variable is not set.
   INFO:Security:52 - The LM_LICENSE_FILE environment variable is set to
   ':5280@refile:27000@refile:2100@refile:1717@refile:27001@refile:5281@refile:2
   8000@mlm3.rbg.tum.de:1720@license.lrz-muenchen.de'.
   INFO:Security:71 - If a license for part 'xc7z020' is available, it will be
   possible to use 'XPS_TDP' instead of 'XPS'.
   WARNING:Security:43 - No license file was found in the standard Xilinx
   license directory.
   WARNING:Security:44 - Since no license file was found,
          please run the Xilinx License Configuration Manager
          (xlcm or "Manage Xilinx Licenses")
          to assist in obtaining a license.
   WARNING:Security:42 - Your software subscription period has lapsed. Your
   current version of Xilinx tools will continue to function, but you no longer
   qualify for Xilinx software updates or new releases.


Parse
/home/gu53voh/Desktop/Teaching/temp_workspace/HelloWorld/HelloWorld/HelloWorld.s
rcs/sources_1/edk/system/system.mhs ...

Create merged mhs ...

Overriding IP level properties ...
INFO:EDK:4130 - IPNAME: processing_system7, INSTANCE:processing_system7_0 - tcl
   is overriding PARAMETER C_S_AXI_HP0_HIGHADDR value to 0x1FFFFFFF -
   /nfs/tools/xilinx/ise/14.7/ISE_DS/EDK/hw/XilinxProcessorIPLib/pcores/processi
   ng_system7_v4_03_a/data/processing_system7_v2_1_0.mpd line 300 
INFO:EDK:4130 - IPNAME: processing_system7, INSTANCE:processing_system7_0 - tcl
   is overriding PARAMETER C_S_AXI_HP1_HIGHADDR value to 0x1FFFFFFF -
   /nfs/tools/xilinx/ise/14.7/ISE_DS/EDK/hw/XilinxProcessorIPLib/pcores/processi
   ng_system7_v4_03_a/data/processing_system7_v2_1_0.mpd line 304 
INFO:EDK:4130 - IPNAME: processing_system7, INSTANCE:processing_system7_0 - tcl
   is overriding PARAMETER C_S_AXI_HP2_HIGHADDR value to 0x1FFFFFFF -
   /nfs/tools/xilinx/ise/14.7/ISE_DS/EDK/hw/XilinxProcessorIPLib/pcores/processi
   ng_system7_v4_03_a/data/processing_system7_v2_1_0.mpd line 308 
INFO:EDK:4130 - IPNAME: processing_system7, INSTANCE:processing_system7_0 - tcl
   is overriding PARAMETER C_S_AXI_HP3_HIGHADDR value to 0x1FFFFFFF -
   /nfs/tools/xilinx/ise/14.7/ISE_DS/EDK/hw/XilinxProcessorIPLib/pcores/processi
   ng_system7_v4_03_a/data/processing_system7_v2_1_0.mpd line 312 
INFO:EDK:4130 - IPNAME: processing_system7, INSTANCE:processing_system7_0 - tcl
   is overriding PARAMETER C_NUM_F2P_INTR_INPUTS value to 1 -
   /nfs/tools/xilinx/ise/14.7/ISE_DS/EDK/hw/XilinxProcessorIPLib/pcores/processi
   ng_system7_v4_03_a/data/processing_system7_v2_1_0.mpd line 319 

Computing clock values...
INFO:EDK:1432 - Frequency for Top-Level Input Clock
   'processing_system7_0_PS_CLK_pin' is not specified. Clock DRCs will not be
   performed for IPs connected to that clock port, unless they are connected
   through the clock generator IP. 


Performing IP level DRCs on properties...

Running DRC Tcl procedures for OPTION IPLEVEL_DRC_PROC...
INFO:EDK - INFO: DDR Base and High address in current configuration is
   0x00000000 and 0x1FFFFFFF respectively. 
INFO:EDK - INFO: You can modify the DDR address range accessed by Programmable
   Logic through the processing_system7 AXI slave interfaces. If MicroBlaze is a
   master on processing_system7 AXI slave interfaces, please use the top half of
   the address range (Base Address = 0x10000000; High Address = 0x1FFFFFFF). For
   all other master, any subset of the DDR address can be used. See Xilinx
   Answer 47167 for more information. 
Address Map for Processor processing_system7_0

Checking platform address map ...

Modify defaults ...

Creating stub ...

Elaborating instances ...

Inserting wrapper level ...

Writing (stub) BMM ...

Writing top-level HDL ...

Total run time: 2.00 seconds
