#-----------------------------------------------------------
# PlanAhead v14.2 (64-bit)
# Build 194362 by xbuild on Fri Jul 20 18:52:11 MDT 2012
# Start of session at: Fri Oct 05 13:39:16 2012
# Process ID: 5012
# Log file: C:/Speedway/Fall_12/Zynq_Linux/lab1_1/LED_Controller\planAhead.log
# Journal file: C:/Speedway/Fall_12/Zynq_Linux/lab1_1/LED_Controller\planAhead.jou
#-----------------------------------------------------------
INFO: [Common 17-78] Attempting to get a license: PlanAhead
INFO: [Common 17-290] Got license for PlanAhead
INFO: [Device 21-36] Loading parts and site information from C:/Xilinx/14.2/ISE_DS/PlanAhead/data/parts/arch.xml
Parsing RTL primitives file [C:/Xilinx/14.2/ISE_DS/PlanAhead/data/parts/xilinx/rtl/prims/rtl_prims.xml]
Finished parsing RTL primitives file [C:/Xilinx/14.2/ISE_DS/PlanAhead/data/parts/xilinx/rtl/prims/rtl_prims.xml]
start_gui
open_project {C:\Speedway\Fall_12\Zynq_Linux\lab1_1\LED_Controller\LED_Controller.ppr}
Scanning sources...
Finished scanning sources
Parsing template File [C:/Xilinx/14.2/ISE_DS/ISE/data/projnav/templates/verilog.xml].
Finished parsing template File [C:/Xilinx/14.2/ISE_DS/ISE/data/projnav/templates/verilog.xml].
Parsing template File [C:/Xilinx/14.2/ISE_DS/ISE/data/projnav/templates/vhdl.xml].
Finished parsing template File [C:/Xilinx/14.2/ISE_DS/ISE/data/projnav/templates/vhdl.xml].
Parsing template File [C:/Xilinx/14.2/ISE_DS/ISE/data/projnav/templates/ucf.xml].
Finished parsing template File [C:/Xilinx/14.2/ISE_DS/ISE/data/projnav/templates/ucf.xml].
INFO: [Edk 24-184] Launching XPS (Xilinx Platform Studio) for configuring XPS sub-design source 'system'...

Xilinx Platform Studio
Xilinx EDK 14.2 Build EDK_P.28xd
Copyright (c) 1995-2012 Xilinx, Inc.  All rights reserved.

Launching XPS GUI...
INFO:EDK - Simulation, Implementation and Device configuration flows are
   disabled in XPS when launched from PlanAhead. All these features are
   available in PlanAhead.
MainWindow
ERROR:EDK - A license was not found for the XPS feature.
   Typical causes for this error are either that there is no
   license file found or that license files, which were found,
   do not contain an unexpired license with the required
   feature. The Xilinx License Configuration Manager
   (XLCM) will be launched to assist you with
   locating or obtaining a license file.
WARNING:EDK:4092 - IPNAME: processing_system7, INSTANCE: processing_system7_0 -
   Pre-Production version not verified on hardware for architecture 'zynq' -
   C:\Speedway\Fall_12\Zynq_Linux\lab1_1\LED_Controller\LED_Controller.srcs\sour
   ces_1\edk\system\system.mhs line 31 
WARNING:EDK:4092 - IPNAME: axi_gpio, INSTANCE: axi_gpio_0 - Pre-Production
   version not verified on hardware for architecture 'zynq' -
   C:\Speedway\Fall_12\Zynq_Linux\lab1_1\LED_Controller\LED_Controller.srcs\sour
   ces_1\edk\system\system.mhs line 118 
WARNING:EDK:4092 - IPNAME: axi_interconnect, INSTANCE: axi_interconnect_1 -
   Pre-Production version not verified on hardware for architecture 'zynq' -
   C:\Speedway\Fall_12\Zynq_Linux\lab1_1\LED_Controller\LED_Controller.srcs\sour
   ces_1\edk\system\system.mhs line 134 
WARNING:EDK:4092 - IPNAME: processing_system7, INSTANCE: processing_system7_0 -
   Pre-Production version not verified on hardware for architecture 'zynq' -
   C:\Speedway\Fall_12\Zynq_Linux\lab1_1\LED_Controller\LED_Controller.srcs\sour
   ces_1\edk\system\system.mhs line 31 
WARNING:EDK:4092 - IPNAME: axi_gpio, INSTANCE: axi_gpio_0 - Pre-Production
   version not verified on hardware for architecture 'zynq' -
   C:\Speedway\Fall_12\Zynq_Linux\lab1_1\LED_Controller\LED_Controller.srcs\sour
   ces_1\edk\system\system.mhs line 118 
WARNING:EDK:4092 - IPNAME: axi_interconnect, INSTANCE: axi_interconnect_1 -
   Pre-Production version not verified on hardware for architecture 'zynq' -
   C:\Speedway\Fall_12\Zynq_Linux\lab1_1\LED_Controller\LED_Controller.srcs\sour
   ces_1\edk\system\system.mhs line 134 
ZynqConfig: Terminated for gui mode
Writing filter settings....
Done writing filter settings to:
	C:\Speedway\Fall_12\Zynq_Linux\lab1_1\LED_Controller\LED_Controller.srcs\source
s_1\edk\system\etc\system.filters
Done writing Tab View settings to:
	C:\Speedway\Fall_12\Zynq_Linux\lab1_1\LED_Controller\LED_Controller.srcs\source
s_1\edk\system\etc\system.gui
INFO: [Edk 24-128] XPS launched
export_hardware [get_files C:/Speedway/Fall_12/Zynq_Linux/lab1_1/LED_Controller/LED_Controller.srcs/sources_1/edk/system/system.xmp] [get_runs impl_1] -bitstream
WARNING: [PlanAhead 12-690] Backannotated BMM file does not exist in the run dir:C:/Speedway/Fall_12/Zynq_Linux/lab1_1/LED_Controller/LED_Controller.runs/impl_1/system_stub_bd.bmm
INFO: [Edk 24-141] Exporting hardware platform with bitstream for 'system'...

Xilinx Platform Studio
Xilinx EDK 14.2 Build EDK_P.28xd
Copyright (c) 1995-2012 Xilinx, Inc.  All rights reserved.

XPS% Evaluating file
C:\Speedway\Fall_12\Zynq_Linux\lab1_1\LED_Controller\LED_Controller.srcs\sources
_1\edk\system\__xps\pa\_system_export2sdk.tcl
WARNING:EDK - IPNAME: processing_system7, INSTANCE: processing_system7_0 -
   Pre-Production version not verified on hardware for architecture 'zynq' -
   C:\Speedway\Fall_12\Zynq_Linux\lab1_1\LED_Controller\LED_Controller.srcs\sour
   ces_1\edk\system\system.mhs line 31 
WARNING:EDK - IPNAME: axi_gpio, INSTANCE: axi_gpio_0 - Pre-Production version
   not verified on hardware for architecture 'zynq' -
   C:\Speedway\Fall_12\Zynq_Linux\lab1_1\LED_Controller\LED_Controller.srcs\sour
   ces_1\edk\system\system.mhs line 118 
WARNING:EDK - IPNAME: axi_interconnect, INSTANCE: axi_interconnect_1 -
   Pre-Production version not verified on hardware for architecture 'zynq' -
   C:\Speedway\Fall_12\Zynq_Linux\lab1_1\LED_Controller\LED_Controller.srcs\sour
   ces_1\edk\system\system.mhs line 134 
WARNING:EDK - IPNAME: processing_system7, INSTANCE: processing_system7_0 -
   Pre-Production version not verified on hardware for architecture 'zynq' -
   C:\Speedway\Fall_12\Zynq_Linux\lab1_1\LED_Controller\LED_Controller.srcs\sour
   ces_1\edk\system\system.mhs line 31 
WARNING:EDK - IPNAME: axi_gpio, INSTANCE: axi_gpio_0 - Pre-Production version
   not verified on hardware for architecture 'zynq' -
   C:\Speedway\Fall_12\Zynq_Linux\lab1_1\LED_Controller\LED_Controller.srcs\sour
   ces_1\edk\system\system.mhs line 118 
WARNING:EDK - IPNAME: axi_interconnect, INSTANCE: axi_interconnect_1 -
   Pre-Production version not verified on hardware for architecture 'zynq' -
   C:\Speedway\Fall_12\Zynq_Linux\lab1_1\LED_Controller\LED_Controller.srcs\sour
   ces_1\edk\system\system.mhs line 134 

Overriding IP level properties ...
INFO:EDK - IPNAME: processing_system7, INSTANCE:processing_system7_0 - tcl is
   overriding PARAMETER C_NUM_F2P_INTR_INPUTS value to 1 -
   C:\Xilinx\14.2\ISE_DS\EDK\hw\XilinxProcessorIPLib\pcores\processing_system7_v
   4_01_a\data\processing_system7_v2_1_0.mpd line 314 
INFO:EDK - IPNAME: axi_interconnect, INSTANCE:axi_interconnect_1 - tcl is
   overriding PARAMETER C_BASEFAMILY value to zynq -
   C:\Xilinx\14.2\ISE_DS\EDK\hw\XilinxProcessorIPLib\pcores\axi_interconnect_v1_
   06_a\data\axi_interconnect_v2_1_0.mpd line 80 

Computing clock values...
INFO:EDK - Frequency for Top-Level Input Clock 'processing_system7_0_PS_CLK_pin'
   is not specified. Clock DRCs will not be performed for IPs connected to that
   clock port, unless they are connected through the clock generator IP. 


Performing IP level DRCs on properties...

Running DRC Tcl procedures for OPTION IPLEVEL_DRC_PROC...
Address Map for Processor processing_system7_0
  (0x41200000-0x4120ffff) axi_gpio_0	axi_interconnect_1

Checking platform address map ...
IF NOT EXIST "C:\Speedway\Fall_12\Zynq_Linux\lab1_1\LED_Controller\LED_Controller.sdk\SDK\SDK_Export\hw" @mkdir "C:\Speedway\Fall_12\Zynq_Linux\lab1_1\LED_Controller\LED_Controller.sdk\SDK\SDK_Export\hw"
pscgen -mhs system.mhs -expdir C:\Speedway\Fall_12\Zynq_Linux\lab1_1\LED_Controller\LED_Controller.sdk\SDK\SDK_Export\hw
ZynqConfig: Terminated for pscgen mode
psf2Edward -inp system.xmp -flat_zynq -dont_run_checkhwsys -dont_add_loginfo -make_inst_lower -edwver 1.2 -xml C:\Speedway\Fall_12\Zynq_Linux\lab1_1\LED_Controller\LED_Controller.sdk\SDK\SDK_Export\hw/system.xml 
Release 14.2 - psf2Edward EDK_P.28xd (nt64)
Copyright (c) 1995-2012 Xilinx, Inc.  All rights reserved.
WARNING:EDK:4092 - IPNAME: processing_system7, INSTANCE: processing_system7_0 -
   Pre-Production version not verified on hardware for architecture 'zynq' -
   C:\Speedway\Fall_12\Zynq_Linux\lab1_1\LED_Controller\LED_Controller.srcs\sour
   ces_1\edk\system\system.mhs line 31 
WARNING:EDK:4092 - IPNAME: axi_gpio, INSTANCE: axi_gpio_0 - Pre-Production
   version not verified on hardware for architecture 'zynq' -
   C:\Speedway\Fall_12\Zynq_Linux\lab1_1\LED_Controller\LED_Controller.srcs\sour
   ces_1\edk\system\system.mhs line 118 
WARNING:EDK:4092 - IPNAME: axi_interconnect, INSTANCE: axi_interconnect_1 -
   Pre-Production version not verified on hardware for architecture 'zynq' -
   C:\Speedway\Fall_12\Zynq_Linux\lab1_1\LED_Controller\LED_Controller.srcs\sour
   ces_1\edk\system\system.mhs line 134 
WARNING:EDK:4092 - IPNAME: processing_system7, INSTANCE: processing_system7_0 -
   Pre-Production version not verified on hardware for architecture 'zynq' -
   C:\Speedway\Fall_12\Zynq_Linux\lab1_1\LED_Controller\LED_Controller.srcs\sour
   ces_1\edk\system\system.mhs line 31 
WARNING:EDK:4092 - IPNAME: axi_gpio, INSTANCE: axi_gpio_0 - Pre-Production
   version not verified on hardware for architecture 'zynq' -
   C:\Speedway\Fall_12\Zynq_Linux\lab1_1\LED_Controller\LED_Controller.srcs\sour
   ces_1\edk\system\system.mhs line 118 
WARNING:EDK:4092 - IPNAME: axi_interconnect, INSTANCE: axi_interconnect_1 -
   Pre-Production version not verified on hardware for architecture 'zynq' -
   C:\Speedway\Fall_12\Zynq_Linux\lab1_1\LED_Controller\LED_Controller.srcs\sour
   ces_1\edk\system\system.mhs line 134 
WARNING:EDK:4092 - IPNAME: processing_system7, INSTANCE: processing_system7_0 -
   Pre-Production version not verified on hardware for architecture 'zynq' -
   C:\Speedway\Fall_12\Zynq_Linux\lab1_1\LED_Controller\LED_Controller.srcs\sour
   ces_1\edk\system\system.mhs line 31 
WARNING:EDK:4092 - IPNAME: axi_gpio, INSTANCE: axi_gpio_0 - Pre-Production
   version not verified on hardware for architecture 'zynq' -
   C:\Speedway\Fall_12\Zynq_Linux\lab1_1\LED_Controller\LED_Controller.srcs\sour
   ces_1\edk\system\system.mhs line 118 
WARNING:EDK:4092 - IPNAME: axi_interconnect, INSTANCE: axi_interconnect_1 -
   Pre-Production version not verified on hardware for architecture 'zynq' -
   C:\Speedway\Fall_12\Zynq_Linux\lab1_1\LED_Controller\LED_Controller.srcs\sour
   ces_1\edk\system\system.mhs line 134 
WARNING:EDK:4092 - IPNAME: processing_system7, INSTANCE: processing_system7_0 -
   Pre-Production version not verified on hardware for architecture 'zynq' -
   C:\Speedway\Fall_12\Zynq_Linux\lab1_1\LED_Controller\LED_Controller.srcs\sour
   ces_1\edk\system\system.mhs line 31 
WARNING:EDK:4092 - IPNAME: axi_gpio, INSTANCE: axi_gpio_0 - Pre-Production
   version not verified on hardware for architecture 'zynq' -
   C:\Speedway\Fall_12\Zynq_Linux\lab1_1\LED_Controller\LED_Controller.srcs\sour
   ces_1\edk\system\system.mhs line 118 
WARNING:EDK:4092 - IPNAME: axi_interconnect, INSTANCE: axi_interconnect_1 -
   Pre-Production version not verified on hardware for architecture 'zynq' -
   C:\Speedway\Fall_12\Zynq_Linux\lab1_1\LED_Controller\LED_Controller.srcs\sour
   ces_1\edk\system\system.mhs line 134 
WARNING:EDK:2486 - The bitwidth 52 of new value 0xc00000000fe81 is greater than
   32
WARNING:EDK:4131 - IPNAME: ps7_usb_0, PROPERTY: C_INTERCONNECT_M_AXI_BASE_ID -
   Failure in evaluting ISVALID expresion "(C_INCLUDE_DMA == 1)" -
   C:\Xilinx\14.2\ISE_DS\EDK\data\coremodel\axi\data\tools_axi_v1_01_a.txt line
   19 
WARNING:EDK:4131 - IPNAME: ps7_usb_0, PROPERTY:
   C_INTERCONNECT_M_AXI_IS_ACLK_ASYNC - Failure in evaluting ISVALID expresion
   "(C_INCLUDE_DMA == 1)" -
   C:\Xilinx\14.2\ISE_DS\EDK\data\coremodel\axi\data\tools_axi_v1_01_a.txt line
   20 
WARNING:EDK:4131 - IPNAME: ps7_usb_0, PROPERTY: C_INTERCONNECT_M_AXI_ACLK_RATIO
   - Failure in evaluting ISVALID expresion "(C_INCLUDE_DMA == 1)" -
   C:\Xilinx\14.2\ISE_DS\EDK\data\coremodel\axi\data\tools_axi_v1_01_a.txt line
   21 
WARNING:EDK:4131 - IPNAME: ps7_usb_0, PROPERTY:
   C_INTERCONNECT_M_AXI_ARB_PRIORITY - Failure in evaluting ISVALID expresion
   "(C_INCLUDE_DMA == 1)" -
   C:\Xilinx\14.2\ISE_DS\EDK\data\coremodel\axi\data\tools_axi_v1_01_a.txt line
   22 
WARNING:EDK:4131 - IPNAME: ps7_usb_0, PROPERTY: C_INTERCONNECT_M_AXI_AW_REGISTER
   - Failure in evaluting ISVALID expresion "(C_INCLUDE_DMA == 1)" -
   C:\Xilinx\14.2\ISE_DS\EDK\data\coremodel\axi\data\tools_axi_v1_01_a.txt line
   23 
WARNING:EDK:4131 - IPNAME: ps7_usb_0, PROPERTY: C_INTERCONNECT_M_AXI_AR_REGISTER
   - Failure in evaluting ISVALID expresion "(C_INCLUDE_DMA == 1)" -
   C:\Xilinx\14.2\ISE_DS\EDK\data\coremodel\axi\data\tools_axi_v1_01_a.txt line
   24 
WARNING:EDK:4131 - IPNAME: ps7_usb_0, PROPERTY: C_INTERCONNECT_M_AXI_W_REGISTER
   - Failure in evaluting ISVALID expresion "(C_INCLUDE_DMA == 1)" -
   C:\Xilinx\14.2\ISE_DS\EDK\data\coremodel\axi\data\tools_axi_v1_01_a.txt line
   25 
WARNING:EDK:4131 - IPNAME: ps7_usb_0, PROPERTY: C_INTERCONNECT_M_AXI_R_REGISTER
   - Failure in evaluting ISVALID expresion "(C_INCLUDE_DMA == 1)" -
   C:\Xilinx\14.2\ISE_DS\EDK\data\coremodel\axi\data\tools_axi_v1_01_a.txt line
   26 
WARNING:EDK:4131 - IPNAME: ps7_usb_0, PROPERTY: C_INTERCONNECT_M_AXI_B_REGISTER
   - Failure in evaluting ISVALID expresion "(C_INCLUDE_DMA == 1)" -
   C:\Xilinx\14.2\ISE_DS\EDK\data\coremodel\axi\data\tools_axi_v1_01_a.txt line
   27 
WARNING:EDK:4131 - IPNAME: ps7_usb_0, PROPERTY:
   C_INTERCONNECT_M_AXI_WRITE_FIFO_DEPTH - Failure in evaluting ISVALID
   expresion "(C_INCLUDE_DMA == 1)" -
   C:\Xilinx\14.2\ISE_DS\EDK\data\coremodel\axi\data\tools_axi_v1_01_a.txt line
   28 
WARNING:EDK:4131 - IPNAME: ps7_usb_0, PROPERTY:
   C_INTERCONNECT_M_AXI_READ_FIFO_DEPTH - Failure in evaluting ISVALID expresion
   "(C_INCLUDE_DMA == 1)" -
   C:\Xilinx\14.2\ISE_DS\EDK\data\coremodel\axi\data\tools_axi_v1_01_a.txt line
   29 
WARNING:EDK:4131 - IPNAME: ps7_usb_0, PROPERTY:
   C_INTERCONNECT_M_AXI_WRITE_ISSUING - Failure in evaluting ISVALID expresion
   "(C_INCLUDE_DMA == 1)" -
   C:\Xilinx\14.2\ISE_DS\EDK\data\coremodel\axi\data\tools_axi_v1_01_a.txt line
   30 
WARNING:EDK:4131 - IPNAME: ps7_usb_0, PROPERTY:
   C_INTERCONNECT_M_AXI_READ_ISSUING - Failure in evaluting ISVALID expresion
   "(C_INCLUDE_DMA == 1)" -
   C:\Xilinx\14.2\ISE_DS\EDK\data\coremodel\axi\data\tools_axi_v1_01_a.txt line
   31 
WARNING:EDK:4131 - IPNAME: ps7_usb_0, PROPERTY: M_AXI_ACLK - Failure in
   evaluting ISVALID expresion "(C_INCLUDE_DMA == 1)" -
   C:\Xilinx\14.2\ISE_DS\ISE\data\zynqconfig\ps7_internals\pcores\ps7_usb_v1_00_
   a\data\ps7_usb_v2_1_0.mpd line 118 
WARNING:EDK:4131 - IPNAME: ps7_usb_0, PROPERTY: M_AXI_ARESETN - Failure in
   evaluting ISVALID expresion "(C_INCLUDE_DMA == 1)" -
   C:\Xilinx\14.2\ISE_DS\ISE\data\zynqconfig\ps7_internals\pcores\ps7_usb_v1_00_
   a\data\ps7_usb_v2_1_0.mpd line 119 
WARNING:EDK:4131 - IPNAME: ps7_usb_0, PROPERTY: M_AXI_AWID - Failure in
   evaluting ISVALID expresion "(C_INCLUDE_DMA == 1)" -
   C:\Xilinx\14.2\ISE_DS\ISE\data\zynqconfig\ps7_internals\pcores\ps7_usb_v1_00_
   a\data\ps7_usb_v2_1_0.mpd line 120 
WARNING:EDK:4131 - IPNAME: ps7_usb_0, PROPERTY: M_AXI_AWADDR - Failure in
   evaluting ISVALID expresion "(C_INCLUDE_DMA == 1)" -
   C:\Xilinx\14.2\ISE_DS\ISE\data\zynqconfig\ps7_internals\pcores\ps7_usb_v1_00_
   a\data\ps7_usb_v2_1_0.mpd line 121 
WARNING:EDK:4131 - IPNAME: ps7_usb_0, PROPERTY: M_AXI_AWLEN - Failure in
   evaluting ISVALID expresion "(C_INCLUDE_DMA == 1)" -
   C:\Xilinx\14.2\ISE_DS\ISE\data\zynqconfig\ps7_internals\pcores\ps7_usb_v1_00_
   a\data\ps7_usb_v2_1_0.mpd line 122 
WARNING:EDK:4131 - IPNAME: ps7_usb_0, PROPERTY: M_AXI_AWSIZE - Failure in
   evaluting ISVALID expresion "(C_INCLUDE_DMA == 1)" -
   C:\Xilinx\14.2\ISE_DS\ISE\data\zynqconfig\ps7_internals\pcores\ps7_usb_v1_00_
   a\data\ps7_usb_v2_1_0.mpd line 123 
WARNING:EDK:4131 - IPNAME: ps7_usb_0, PROPERTY: M_AXI_AWBURST - Failure in
   evaluting ISVALID expresion "(C_INCLUDE_DMA == 1)" -
   C:\Xilinx\14.2\ISE_DS\ISE\data\zynqconfig\ps7_internals\pcores\ps7_usb_v1_00_
   a\data\ps7_usb_v2_1_0.mpd line 124 
WARNING:EDK:4131 - IPNAME: ps7_usb_0, PROPERTY: M_AXI_AWCACHE - Failure in
   evaluting ISVALID expresion "(C_INCLUDE_DMA == 1)" -
   C:\Xilinx\14.2\ISE_DS\ISE\data\zynqconfig\ps7_internals\pcores\ps7_usb_v1_00_
   a\data\ps7_usb_v2_1_0.mpd line 125 
WARNING:EDK:4131 - IPNAME: ps7_usb_0, PROPERTY: M_AXI_AWPROT - Failure in
   evaluting ISVALID expresion "(C_INCLUDE_DMA == 1)" -
   C:\Xilinx\14.2\ISE_DS\ISE\data\zynqconfig\ps7_internals\pcores\ps7_usb_v1_00_
   a\data\ps7_usb_v2_1_0.mpd line 126 
WARNING:EDK:4131 - IPNAME: ps7_usb_0, PROPERTY: M_AXI_AWLOCK - Failure in
   evaluting ISVALID expresion "(C_INCLUDE_DMA == 1)" -
   C:\Xilinx\14.2\ISE_DS\ISE\data\zynqconfig\ps7_internals\pcores\ps7_usb_v1_00_
   a\data\ps7_usb_v2_1_0.mpd line 127 
WARNING:EDK:4131 - IPNAME: ps7_usb_0, PROPERTY: M_AXI_AWVALID - Failure in
   evaluting ISVALID expresion "(C_INCLUDE_DMA == 1)" -
   C:\Xilinx\14.2\ISE_DS\ISE\data\zynqconfig\ps7_internals\pcores\ps7_usb_v1_00_
   a\data\ps7_usb_v2_1_0.mpd line 128 
WARNING:EDK:4131 - IPNAME: ps7_usb_0, PROPERTY: M_AXI_AWREADY - Failure in
   evaluting ISVALID expresion "(C_INCLUDE_DMA == 1)" -
   C:\Xilinx\14.2\ISE_DS\ISE\data\zynqconfig\ps7_internals\pcores\ps7_usb_v1_00_
   a\data\ps7_usb_v2_1_0.mpd line 129 
WARNING:EDK:4131 - IPNAME: ps7_usb_0, PROPERTY: M_AXI_WDATA - Failure in
   evaluting ISVALID expresion "(C_INCLUDE_DMA == 1)" -
   C:\Xilinx\14.2\ISE_DS\ISE\data\zynqconfig\ps7_internals\pcores\ps7_usb_v1_00_
   a\data\ps7_usb_v2_1_0.mpd line 130 
WARNING:EDK:4131 - IPNAME: ps7_usb_0, PROPERTY: M_AXI_WSTRB - Failure in
   evaluting ISVALID expresion "(C_INCLUDE_DMA == 1)" -
   C:\Xilinx\14.2\ISE_DS\ISE\data\zynqconfig\ps7_internals\pcores\ps7_usb_v1_00_
   a\data\ps7_usb_v2_1_0.mpd line 131 
WARNING:EDK:4131 - IPNAME: ps7_usb_0, PROPERTY: M_AXI_WLAST - Failure in
   evaluting ISVALID expresion "(C_INCLUDE_DMA == 1)" -
   C:\Xilinx\14.2\ISE_DS\ISE\data\zynqconfig\ps7_internals\pcores\ps7_usb_v1_00_
   a\data\ps7_usb_v2_1_0.mpd line 132 
WARNING:EDK:4131 - IPNAME: ps7_usb_0, PROPERTY: M_AXI_WVALID - Failure in
   evaluting ISVALID expresion "(C_INCLUDE_DMA == 1)" -
   C:\Xilinx\14.2\ISE_DS\ISE\data\zynqconfig\ps7_internals\pcores\ps7_usb_v1_00_
   a\data\ps7_usb_v2_1_0.mpd line 133 
WARNING:EDK:4131 - IPNAME: ps7_usb_0, PROPERTY: M_AXI_WREADY - Failure in
   evaluting ISVALID expresion "(C_INCLUDE_DMA == 1)" -
   C:\Xilinx\14.2\ISE_DS\ISE\data\zynqconfig\ps7_internals\pcores\ps7_usb_v1_00_
   a\data\ps7_usb_v2_1_0.mpd line 134 
WARNING:EDK:4131 - IPNAME: ps7_usb_0, PROPERTY: M_AXI_BID - Failure in evaluting
   ISVALID expresion "(C_INCLUDE_DMA == 1)" -
   C:\Xilinx\14.2\ISE_DS\ISE\data\zynqconfig\ps7_internals\pcores\ps7_usb_v1_00_
   a\data\ps7_usb_v2_1_0.mpd line 135 
WARNING:EDK:4131 - IPNAME: ps7_usb_0, PROPERTY: M_AXI_BRESP - Failure in
   evaluting ISVALID expresion "(C_INCLUDE_DMA == 1)" -
   C:\Xilinx\14.2\ISE_DS\ISE\data\zynqconfig\ps7_internals\pcores\ps7_usb_v1_00_
   a\data\ps7_usb_v2_1_0.mpd line 136 
WARNING:EDK:4131 - IPNAME: ps7_usb_0, PROPERTY: M_AXI_BVALID - Failure in
   evaluting ISVALID expresion "(C_INCLUDE_DMA == 1)" -
   C:\Xilinx\14.2\ISE_DS\ISE\data\zynqconfig\ps7_internals\pcores\ps7_usb_v1_00_
   a\data\ps7_usb_v2_1_0.mpd line 137 
WARNING:EDK:4131 - IPNAME: ps7_usb_0, PROPERTY: M_AXI_BREADY - Failure in
   evaluting ISVALID expresion "(C_INCLUDE_DMA == 1)" -
   C:\Xilinx\14.2\ISE_DS\ISE\data\zynqconfig\ps7_internals\pcores\ps7_usb_v1_00_
   a\data\ps7_usb_v2_1_0.mpd line 138 
WARNING:EDK:4131 - IPNAME: ps7_usb_0, PROPERTY: M_AXI_ARID - Failure in
   evaluting ISVALID expresion "(C_INCLUDE_DMA == 1)" -
   C:\Xilinx\14.2\ISE_DS\ISE\data\zynqconfig\ps7_internals\pcores\ps7_usb_v1_00_
   a\data\ps7_usb_v2_1_0.mpd line 139 
WARNING:EDK:4131 - IPNAME: ps7_usb_0, PROPERTY: M_AXI_ARADDR - Failure in
   evaluting ISVALID expresion "(C_INCLUDE_DMA == 1)" -
   C:\Xilinx\14.2\ISE_DS\ISE\data\zynqconfig\ps7_internals\pcores\ps7_usb_v1_00_
   a\data\ps7_usb_v2_1_0.mpd line 140 
WARNING:EDK:4131 - IPNAME: ps7_usb_0, PROPERTY: M_AXI_ARLEN - Failure in
   evaluting ISVALID expresion "(C_INCLUDE_DMA == 1)" -
   C:\Xilinx\14.2\ISE_DS\ISE\data\zynqconfig\ps7_internals\pcores\ps7_usb_v1_00_
   a\data\ps7_usb_v2_1_0.mpd line 141 
WARNING:EDK:4131 - IPNAME: ps7_usb_0, PROPERTY: M_AXI_ARSIZE - Failure in
   evaluting ISVALID expresion "(C_INCLUDE_DMA == 1)" -
   C:\Xilinx\14.2\ISE_DS\ISE\data\zynqconfig\ps7_internals\pcores\ps7_usb_v1_00_
   a\data\ps7_usb_v2_1_0.mpd line 142 
WARNING:EDK:4131 - IPNAME: ps7_usb_0, PROPERTY: M_AXI_ARBURST - Failure in
   evaluting ISVALID expresion "(C_INCLUDE_DMA == 1)" -
   C:\Xilinx\14.2\ISE_DS\ISE\data\zynqconfig\ps7_internals\pcores\ps7_usb_v1_00_
   a\data\ps7_usb_v2_1_0.mpd line 143 
WARNING:EDK:4131 - IPNAME: ps7_usb_0, PROPERTY: M_AXI_ARCACHE - Failure in
   evaluting ISVALID expresion "(C_INCLUDE_DMA == 1)" -
   C:\Xilinx\14.2\ISE_DS\ISE\data\zynqconfig\ps7_internals\pcores\ps7_usb_v1_00_
   a\data\ps7_usb_v2_1_0.mpd line 144 
WARNING:EDK:4131 - IPNAME: ps7_usb_0, PROPERTY: M_AXI_ARPROT - Failure in
   evaluting ISVALID expresion "(C_INCLUDE_DMA == 1)" -
   C:\Xilinx\14.2\ISE_DS\ISE\data\zynqconfig\ps7_internals\pcores\ps7_usb_v1_00_
   a\data\ps7_usb_v2_1_0.mpd line 145 
WARNING:EDK:4131 - IPNAME: ps7_usb_0, PROPERTY: M_AXI_ARLOCK - Failure in
   evaluting ISVALID expresion "(C_INCLUDE_DMA == 1)" -
   C:\Xilinx\14.2\ISE_DS\ISE\data\zynqconfig\ps7_internals\pcores\ps7_usb_v1_00_
   a\data\ps7_usb_v2_1_0.mpd line 146 
WARNING:EDK:4131 - IPNAME: ps7_usb_0, PROPERTY: M_AXI_ARVALID - Failure in
   evaluting ISVALID expresion "(C_INCLUDE_DMA == 1)" -
   C:\Xilinx\14.2\ISE_DS\ISE\data\zynqconfig\ps7_internals\pcores\ps7_usb_v1_00_
   a\data\ps7_usb_v2_1_0.mpd line 147 
WARNING:EDK:4131 - IPNAME: ps7_usb_0, PROPERTY: M_AXI_ARREADY - Failure in
   evaluting ISVALID expresion "(C_INCLUDE_DMA == 1)" -
   C:\Xilinx\14.2\ISE_DS\ISE\data\zynqconfig\ps7_internals\pcores\ps7_usb_v1_00_
   a\data\ps7_usb_v2_1_0.mpd line 148 
WARNING:EDK:4131 - IPNAME: ps7_usb_0, PROPERTY: M_AXI_RID - Failure in evaluting
   ISVALID expresion "(C_INCLUDE_DMA == 1)" -
   C:\Xilinx\14.2\ISE_DS\ISE\data\zynqconfig\ps7_internals\pcores\ps7_usb_v1_00_
   a\data\ps7_usb_v2_1_0.mpd line 149 
WARNING:EDK:4131 - IPNAME: ps7_usb_0, PROPERTY: M_AXI_RDATA - Failure in
   evaluting ISVALID expresion "(C_INCLUDE_DMA == 1)" -
   C:\Xilinx\14.2\ISE_DS\ISE\data\zynqconfig\ps7_internals\pcores\ps7_usb_v1_00_
   a\data\ps7_usb_v2_1_0.mpd line 150 
WARNING:EDK:4131 - IPNAME: ps7_usb_0, PROPERTY: M_AXI_RRESP - Failure in
   evaluting ISVALID expresion "(C_INCLUDE_DMA == 1)" -
   C:\Xilinx\14.2\ISE_DS\ISE\data\zynqconfig\ps7_internals\pcores\ps7_usb_v1_00_
   a\data\ps7_usb_v2_1_0.mpd line 151 
WARNING:EDK:4131 - IPNAME: ps7_usb_0, PROPERTY: M_AXI_RLAST - Failure in
   evaluting ISVALID expresion "(C_INCLUDE_DMA == 1)" -
   C:\Xilinx\14.2\ISE_DS\ISE\data\zynqconfig\ps7_internals\pcores\ps7_usb_v1_00_
   a\data\ps7_usb_v2_1_0.mpd line 152 
WARNING:EDK:4131 - IPNAME: ps7_usb_0, PROPERTY: M_AXI_RVALID - Failure in
   evaluting ISVALID expresion "(C_INCLUDE_DMA == 1)" -
   C:\Xilinx\14.2\ISE_DS\ISE\data\zynqconfig\ps7_internals\pcores\ps7_usb_v1_00_
   a\data\ps7_usb_v2_1_0.mpd line 153 
WARNING:EDK:4131 - IPNAME: ps7_usb_0, PROPERTY: M_AXI_RREADY - Failure in
   evaluting ISVALID expresion "(C_INCLUDE_DMA == 1)" -
   C:\Xilinx\14.2\ISE_DS\ISE\data\zynqconfig\ps7_internals\pcores\ps7_usb_v1_00_
   a\data\ps7_usb_v2_1_0.mpd line 154 
WARNING:EDK:4131 - IPNAME: ps7_usb_0, PROPERTY: M_AXI - Failure in evaluting
   ISVALID expresion "(C_INCLUDE_DMA == 1)" -
   C:\Xilinx\14.2\ISE_DS\ISE\data\zynqconfig\ps7_internals\pcores\ps7_usb_v1_00_
   a\data\ps7_usb_v2_1_0.mpd line 73 
WARNING:EDK:4131 - IPNAME: ps7_qspi_0, PROPERTY: SCK_I - Failure in evaluting
   ISVALID expresion "(C_USE_STARTUP==0)" -
   C:\Xilinx\14.2\ISE_DS\ISE\data\zynqconfig\ps7_internals\pcores\ps7_qspi_v1_00
   _a\data\ps7_qspi_v2_1_0.mpd line 102 
WARNING:EDK:4131 - IPNAME: ps7_qspi_0, PROPERTY: SCK_O - Failure in evaluting
   ISVALID expresion "(C_USE_STARTUP==0)" -
   C:\Xilinx\14.2\ISE_DS\ISE\data\zynqconfig\ps7_internals\pcores\ps7_qspi_v1_00
   _a\data\ps7_qspi_v2_1_0.mpd line 103 
WARNING:EDK:4131 - IPNAME: ps7_qspi_0, PROPERTY: SCK_T - Failure in evaluting
   ISVALID expresion "(C_USE_STARTUP==0)" -
   C:\Xilinx\14.2\ISE_DS\ISE\data\zynqconfig\ps7_internals\pcores\ps7_qspi_v1_00
   _a\data\ps7_qspi_v2_1_0.mpd line 104 
WARNING:EDK:4131 - IPNAME: ps7_qspi_0, PROPERTY: SCK - Failure in evaluting
   ISVALID expresion "(C_USE_STARTUP==0)" -
   C:\Xilinx\14.2\ISE_DS\ISE\data\zynqconfig\ps7_internals\pcores\ps7_qspi_v1_00
   _a\data\ps7_qspi_v2_1_0.mpd line 122 

Overriding IP level properties ...
WARNING:EDK:4131 - IPNAME: ps7_usb_0, PROPERTY: C_INTERCONNECT_M_AXI_BASE_ID -
   Failure in evaluting ISVALID expresion "(C_INCLUDE_DMA == 1)" -
   C:\Xilinx\14.2\ISE_DS\EDK\data\coremodel\axi\data\tools_axi_v1_01_a.txt line
   19 
WARNING:EDK:4131 - IPNAME: ps7_usb_0, PROPERTY:
   C_INTERCONNECT_M_AXI_IS_ACLK_ASYNC - Failure in evaluting ISVALID expresion
   "(C_INCLUDE_DMA == 1)" -
   C:\Xilinx\14.2\ISE_DS\EDK\data\coremodel\axi\data\tools_axi_v1_01_a.txt line
   20 
WARNING:EDK:4131 - IPNAME: ps7_usb_0, PROPERTY: C_INTERCONNECT_M_AXI_ACLK_RATIO
   - Failure in evaluting ISVALID expresion "(C_INCLUDE_DMA == 1)" -
   C:\Xilinx\14.2\ISE_DS\EDK\data\coremodel\axi\data\tools_axi_v1_01_a.txt line
   21 
WARNING:EDK:4131 - IPNAME: ps7_usb_0, PROPERTY:
   C_INTERCONNECT_M_AXI_ARB_PRIORITY - Failure in evaluting ISVALID expresion
   "(C_INCLUDE_DMA == 1)" -
   C:\Xilinx\14.2\ISE_DS\EDK\data\coremodel\axi\data\tools_axi_v1_01_a.txt line
   22 
WARNING:EDK:4131 - IPNAME: ps7_usb_0, PROPERTY: C_INTERCONNECT_M_AXI_AW_REGISTER
   - Failure in evaluting ISVALID expresion "(C_INCLUDE_DMA == 1)" -
   C:\Xilinx\14.2\ISE_DS\EDK\data\coremodel\axi\data\tools_axi_v1_01_a.txt line
   23 
WARNING:EDK:4131 - IPNAME: ps7_usb_0, PROPERTY: C_INTERCONNECT_M_AXI_AR_REGISTER
   - Failure in evaluting ISVALID expresion "(C_INCLUDE_DMA == 1)" -
   C:\Xilinx\14.2\ISE_DS\EDK\data\coremodel\axi\data\tools_axi_v1_01_a.txt line
   24 
WARNING:EDK:4131 - IPNAME: ps7_usb_0, PROPERTY: C_INTERCONNECT_M_AXI_W_REGISTER
   - Failure in evaluting ISVALID expresion "(C_INCLUDE_DMA == 1)" -
   C:\Xilinx\14.2\ISE_DS\EDK\data\coremodel\axi\data\tools_axi_v1_01_a.txt line
   25 
WARNING:EDK:4131 - IPNAME: ps7_usb_0, PROPERTY: C_INTERCONNECT_M_AXI_R_REGISTER
   - Failure in evaluting ISVALID expresion "(C_INCLUDE_DMA == 1)" -
   C:\Xilinx\14.2\ISE_DS\EDK\data\coremodel\axi\data\tools_axi_v1_01_a.txt line
   26 
WARNING:EDK:4131 - IPNAME: ps7_usb_0, PROPERTY: C_INTERCONNECT_M_AXI_B_REGISTER
   - Failure in evaluting ISVALID expresion "(C_INCLUDE_DMA == 1)" -
   C:\Xilinx\14.2\ISE_DS\EDK\data\coremodel\axi\data\tools_axi_v1_01_a.txt line
   27 
WARNING:EDK:4131 - IPNAME: ps7_usb_0, PROPERTY:
   C_INTERCONNECT_M_AXI_WRITE_FIFO_DEPTH - Failure in evaluting ISVALID
   expresion "(C_INCLUDE_DMA == 1)" -
   C:\Xilinx\14.2\ISE_DS\EDK\data\coremodel\axi\data\tools_axi_v1_01_a.txt line
   28 
WARNING:EDK:4131 - IPNAME: ps7_usb_0, PROPERTY:
   C_INTERCONNECT_M_AXI_READ_FIFO_DEPTH - Failure in evaluting ISVALID expresion
   "(C_INCLUDE_DMA == 1)" -
   C:\Xilinx\14.2\ISE_DS\EDK\data\coremodel\axi\data\tools_axi_v1_01_a.txt line
   29 
WARNING:EDK:4131 - IPNAME: ps7_usb_0, PROPERTY:
   C_INTERCONNECT_M_AXI_WRITE_ISSUING - Failure in evaluting ISVALID expresion
   "(C_INCLUDE_DMA == 1)" -
   C:\Xilinx\14.2\ISE_DS\EDK\data\coremodel\axi\data\tools_axi_v1_01_a.txt line
   30 
WARNING:EDK:4131 - IPNAME: ps7_usb_0, PROPERTY:
   C_INTERCONNECT_M_AXI_READ_ISSUING - Failure in evaluting ISVALID expresion
   "(C_INCLUDE_DMA == 1)" -
   C:\Xilinx\14.2\ISE_DS\EDK\data\coremodel\axi\data\tools_axi_v1_01_a.txt line
   31 
WARNING:EDK:4131 - IPNAME: ps7_usb_0, PROPERTY: M_AXI_ACLK - Failure in
   evaluting ISVALID expresion "(C_INCLUDE_DMA == 1)" -
   C:\Xilinx\14.2\ISE_DS\ISE\data\zynqconfig\ps7_internals\pcores\ps7_usb_v1_00_
   a\data\ps7_usb_v2_1_0.mpd line 118 
WARNING:EDK:4131 - IPNAME: ps7_usb_0, PROPERTY: M_AXI_ARESETN - Failure in
   evaluting ISVALID expresion "(C_INCLUDE_DMA == 1)" -
   C:\Xilinx\14.2\ISE_DS\ISE\data\zynqconfig\ps7_internals\pcores\ps7_usb_v1_00_
   a\data\ps7_usb_v2_1_0.mpd line 119 
WARNING:EDK:4131 - IPNAME: ps7_usb_0, PROPERTY: M_AXI_AWID - Failure in
   evaluting ISVALID expresion "(C_INCLUDE_DMA == 1)" -
   C:\Xilinx\14.2\ISE_DS\ISE\data\zynqconfig\ps7_internals\pcores\ps7_usb_v1_00_
   a\data\ps7_usb_v2_1_0.mpd line 120 
WARNING:EDK:4131 - IPNAME: ps7_usb_0, PROPERTY: M_AXI_AWADDR - Failure in
   evaluting ISVALID expresion "(C_INCLUDE_DMA == 1)" -
   C:\Xilinx\14.2\ISE_DS\ISE\data\zynqconfig\ps7_internals\pcores\ps7_usb_v1_00_
   a\data\ps7_usb_v2_1_0.mpd line 121 
WARNING:EDK:4131 - IPNAME: ps7_usb_0, PROPERTY: M_AXI_AWLEN - Failure in
   evaluting ISVALID expresion "(C_INCLUDE_DMA == 1)" -
   C:\Xilinx\14.2\ISE_DS\ISE\data\zynqconfig\ps7_internals\pcores\ps7_usb_v1_00_
   a\data\ps7_usb_v2_1_0.mpd line 122 
WARNING:EDK:4131 - IPNAME: ps7_usb_0, PROPERTY: M_AXI_AWSIZE - Failure in
   evaluting ISVALID expresion "(C_INCLUDE_DMA == 1)" -
   C:\Xilinx\14.2\ISE_DS\ISE\data\zynqconfig\ps7_internals\pcores\ps7_usb_v1_00_
   a\data\ps7_usb_v2_1_0.mpd line 123 
WARNING:EDK:4131 - IPNAME: ps7_usb_0, PROPERTY: M_AXI_AWBURST - Failure in
   evaluting ISVALID expresion "(C_INCLUDE_DMA == 1)" -
   C:\Xilinx\14.2\ISE_DS\ISE\data\zynqconfig\ps7_internals\pcores\ps7_usb_v1_00_
   a\data\ps7_usb_v2_1_0.mpd line 124 
WARNING:EDK:4131 - IPNAME: ps7_usb_0, PROPERTY: M_AXI_AWCACHE - Failure in
   evaluting ISVALID expresion "(C_INCLUDE_DMA == 1)" -
   C:\Xilinx\14.2\ISE_DS\ISE\data\zynqconfig\ps7_internals\pcores\ps7_usb_v1_00_
   a\data\ps7_usb_v2_1_0.mpd line 125 
WARNING:EDK:4131 - IPNAME: ps7_usb_0, PROPERTY: M_AXI_AWPROT - Failure in
   evaluting ISVALID expresion "(C_INCLUDE_DMA == 1)" -
   C:\Xilinx\14.2\ISE_DS\ISE\data\zynqconfig\ps7_internals\pcores\ps7_usb_v1_00_
   a\data\ps7_usb_v2_1_0.mpd line 126 
WARNING:EDK:4131 - IPNAME: ps7_usb_0, PROPERTY: M_AXI_AWLOCK - Failure in
   evaluting ISVALID expresion "(C_INCLUDE_DMA == 1)" -
   C:\Xilinx\14.2\ISE_DS\ISE\data\zynqconfig\ps7_internals\pcores\ps7_usb_v1_00_
   a\data\ps7_usb_v2_1_0.mpd line 127 
WARNING:EDK:4131 - IPNAME: ps7_usb_0, PROPERTY: M_AXI_AWVALID - Failure in
   evaluting ISVALID expresion "(C_INCLUDE_DMA == 1)" -
   C:\Xilinx\14.2\ISE_DS\ISE\data\zynqconfig\ps7_internals\pcores\ps7_usb_v1_00_
   a\data\ps7_usb_v2_1_0.mpd line 128 
WARNING:EDK:4131 - IPNAME: ps7_usb_0, PROPERTY: M_AXI_AWREADY - Failure in
   evaluting ISVALID expresion "(C_INCLUDE_DMA == 1)" -
   C:\Xilinx\14.2\ISE_DS\ISE\data\zynqconfig\ps7_internals\pcores\ps7_usb_v1_00_
   a\data\ps7_usb_v2_1_0.mpd line 129 
WARNING:EDK:4131 - IPNAME: ps7_usb_0, PROPERTY: M_AXI_WDATA - Failure in
   evaluting ISVALID expresion "(C_INCLUDE_DMA == 1)" -
   C:\Xilinx\14.2\ISE_DS\ISE\data\zynqconfig\ps7_internals\pcores\ps7_usb_v1_00_
   a\data\ps7_usb_v2_1_0.mpd line 130 
WARNING:EDK:4131 - IPNAME: ps7_usb_0, PROPERTY: M_AXI_WSTRB - Failure in
   evaluting ISVALID expresion "(C_INCLUDE_DMA == 1)" -
   C:\Xilinx\14.2\ISE_DS\ISE\data\zynqconfig\ps7_internals\pcores\ps7_usb_v1_00_
   a\data\ps7_usb_v2_1_0.mpd line 131 
WARNING:EDK:4131 - IPNAME: ps7_usb_0, PROPERTY: M_AXI_WLAST - Failure in
   evaluting ISVALID expresion "(C_INCLUDE_DMA == 1)" -
   C:\Xilinx\14.2\ISE_DS\ISE\data\zynqconfig\ps7_internals\pcores\ps7_usb_v1_00_
   a\data\ps7_usb_v2_1_0.mpd line 132 
WARNING:EDK:4131 - IPNAME: ps7_usb_0, PROPERTY: M_AXI_WVALID - Failure in
   evaluting ISVALID expresion "(C_INCLUDE_DMA == 1)" -
   C:\Xilinx\14.2\ISE_DS\ISE\data\zynqconfig\ps7_internals\pcores\ps7_usb_v1_00_
   a\data\ps7_usb_v2_1_0.mpd line 133 
WARNING:EDK:4131 - IPNAME: ps7_usb_0, PROPERTY: M_AXI_WREADY - Failure in
   evaluting ISVALID expresion "(C_INCLUDE_DMA == 1)" -
   C:\Xilinx\14.2\ISE_DS\ISE\data\zynqconfig\ps7_internals\pcores\ps7_usb_v1_00_
   a\data\ps7_usb_v2_1_0.mpd line 134 
WARNING:EDK:4131 - IPNAME: ps7_usb_0, PROPERTY: M_AXI_BID - Failure in evaluting
   ISVALID expresion "(C_INCLUDE_DMA == 1)" -
   C:\Xilinx\14.2\ISE_DS\ISE\data\zynqconfig\ps7_internals\pcores\ps7_usb_v1_00_
   a\data\ps7_usb_v2_1_0.mpd line 135 
WARNING:EDK:4131 - IPNAME: ps7_usb_0, PROPERTY: M_AXI_BRESP - Failure in
   evaluting ISVALID expresion "(C_INCLUDE_DMA == 1)" -
   C:\Xilinx\14.2\ISE_DS\ISE\data\zynqconfig\ps7_internals\pcores\ps7_usb_v1_00_
   a\data\ps7_usb_v2_1_0.mpd line 136 
WARNING:EDK:4131 - IPNAME: ps7_usb_0, PROPERTY: M_AXI_BVALID - Failure in
   evaluting ISVALID expresion "(C_INCLUDE_DMA == 1)" -
   C:\Xilinx\14.2\ISE_DS\ISE\data\zynqconfig\ps7_internals\pcores\ps7_usb_v1_00_
   a\data\ps7_usb_v2_1_0.mpd line 137 
WARNING:EDK:4131 - IPNAME: ps7_usb_0, PROPERTY: M_AXI_BREADY - Failure in
   evaluting ISVALID expresion "(C_INCLUDE_DMA == 1)" -
   C:\Xilinx\14.2\ISE_DS\ISE\data\zynqconfig\ps7_internals\pcores\ps7_usb_v1_00_
   a\data\ps7_usb_v2_1_0.mpd line 138 
WARNING:EDK:4131 - IPNAME: ps7_usb_0, PROPERTY: M_AXI_ARID - Failure in
   evaluting ISVALID expresion "(C_INCLUDE_DMA == 1)" -
   C:\Xilinx\14.2\ISE_DS\ISE\data\zynqconfig\ps7_internals\pcores\ps7_usb_v1_00_
   a\data\ps7_usb_v2_1_0.mpd line 139 
WARNING:EDK:4131 - IPNAME: ps7_usb_0, PROPERTY: M_AXI_ARADDR - Failure in
   evaluting ISVALID expresion "(C_INCLUDE_DMA == 1)" -
   C:\Xilinx\14.2\ISE_DS\ISE\data\zynqconfig\ps7_internals\pcores\ps7_usb_v1_00_
   a\data\ps7_usb_v2_1_0.mpd line 140 
WARNING:EDK:4131 - IPNAME: ps7_usb_0, PROPERTY: M_AXI_ARLEN - Failure in
   evaluting ISVALID expresion "(C_INCLUDE_DMA == 1)" -
   C:\Xilinx\14.2\ISE_DS\ISE\data\zynqconfig\ps7_internals\pcores\ps7_usb_v1_00_
   a\data\ps7_usb_v2_1_0.mpd line 141 
WARNING:EDK:4131 - IPNAME: ps7_usb_0, PROPERTY: M_AXI_ARSIZE - Failure in
   evaluting ISVALID expresion "(C_INCLUDE_DMA == 1)" -
   C:\Xilinx\14.2\ISE_DS\ISE\data\zynqconfig\ps7_internals\pcores\ps7_usb_v1_00_
   a\data\ps7_usb_v2_1_0.mpd line 142 
WARNING:EDK:4131 - IPNAME: ps7_usb_0, PROPERTY: M_AXI_ARBURST - Failure in
   evaluting ISVALID expresion "(C_INCLUDE_DMA == 1)" -
   C:\Xilinx\14.2\ISE_DS\ISE\data\zynqconfig\ps7_internals\pcores\ps7_usb_v1_00_
   a\data\ps7_usb_v2_1_0.mpd line 143 
WARNING:EDK:4131 - IPNAME: ps7_usb_0, PROPERTY: M_AXI_ARCACHE - Failure in
   evaluting ISVALID expresion "(C_INCLUDE_DMA == 1)" -
   C:\Xilinx\14.2\ISE_DS\ISE\data\zynqconfig\ps7_internals\pcores\ps7_usb_v1_00_
   a\data\ps7_usb_v2_1_0.mpd line 144 
WARNING:EDK:4131 - IPNAME: ps7_usb_0, PROPERTY: M_AXI_ARPROT - Failure in
   evaluting ISVALID expresion "(C_INCLUDE_DMA == 1)" -
   C:\Xilinx\14.2\ISE_DS\ISE\data\zynqconfig\ps7_internals\pcores\ps7_usb_v1_00_
   a\data\ps7_usb_v2_1_0.mpd line 145 
WARNING:EDK:4131 - IPNAME: ps7_usb_0, PROPERTY: M_AXI_ARLOCK - Failure in
   evaluting ISVALID expresion "(C_INCLUDE_DMA == 1)" -
   C:\Xilinx\14.2\ISE_DS\ISE\data\zynqconfig\ps7_internals\pcores\ps7_usb_v1_00_
   a\data\ps7_usb_v2_1_0.mpd line 146 
WARNING:EDK:4131 - IPNAME: ps7_usb_0, PROPERTY: M_AXI_ARVALID - Failure in
   evaluting ISVALID expresion "(C_INCLUDE_DMA == 1)" -
   C:\Xilinx\14.2\ISE_DS\ISE\data\zynqconfig\ps7_internals\pcores\ps7_usb_v1_00_
   a\data\ps7_usb_v2_1_0.mpd line 147 
WARNING:EDK:4131 - IPNAME: ps7_usb_0, PROPERTY: M_AXI_ARREADY - Failure in
   evaluting ISVALID expresion "(C_INCLUDE_DMA == 1)" -
   C:\Xilinx\14.2\ISE_DS\ISE\data\zynqconfig\ps7_internals\pcores\ps7_usb_v1_00_
   a\data\ps7_usb_v2_1_0.mpd line 148 
WARNING:EDK:4131 - IPNAME: ps7_usb_0, PROPERTY: M_AXI_RID - Failure in evaluting
   ISVALID expresion "(C_INCLUDE_DMA == 1)" -
   C:\Xilinx\14.2\ISE_DS\ISE\data\zynqconfig\ps7_internals\pcores\ps7_usb_v1_00_
   a\data\ps7_usb_v2_1_0.mpd line 149 
WARNING:EDK:4131 - IPNAME: ps7_usb_0, PROPERTY: M_AXI_RDATA - Failure in
   evaluting ISVALID expresion "(C_INCLUDE_DMA == 1)" -
   C:\Xilinx\14.2\ISE_DS\ISE\data\zynqconfig\ps7_internals\pcores\ps7_usb_v1_00_
   a\data\ps7_usb_v2_1_0.mpd line 150 
WARNING:EDK:4131 - IPNAME: ps7_usb_0, PROPERTY: M_AXI_RRESP - Failure in
   evaluting ISVALID expresion "(C_INCLUDE_DMA == 1)" -
   C:\Xilinx\14.2\ISE_DS\ISE\data\zynqconfig\ps7_internals\pcores\ps7_usb_v1_00_
   a\data\ps7_usb_v2_1_0.mpd line 151 
WARNING:EDK:4131 - IPNAME: ps7_usb_0, PROPERTY: M_AXI_RLAST - Failure in
   evaluting ISVALID expresion "(C_INCLUDE_DMA == 1)" -
   C:\Xilinx\14.2\ISE_DS\ISE\data\zynqconfig\ps7_internals\pcores\ps7_usb_v1_00_
   a\data\ps7_usb_v2_1_0.mpd line 152 
WARNING:EDK:4131 - IPNAME: ps7_usb_0, PROPERTY: M_AXI_RVALID - Failure in
   evaluting ISVALID expresion "(C_INCLUDE_DMA == 1)" -
   C:\Xilinx\14.2\ISE_DS\ISE\data\zynqconfig\ps7_internals\pcores\ps7_usb_v1_00_
   a\data\ps7_usb_v2_1_0.mpd line 153 
WARNING:EDK:4131 - IPNAME: ps7_usb_0, PROPERTY: M_AXI_RREADY - Failure in
   evaluting ISVALID expresion "(C_INCLUDE_DMA == 1)" -
   C:\Xilinx\14.2\ISE_DS\ISE\data\zynqconfig\ps7_internals\pcores\ps7_usb_v1_00_
   a\data\ps7_usb_v2_1_0.mpd line 154 
WARNING:EDK:4131 - IPNAME: ps7_usb_0, PROPERTY: M_AXI - Failure in evaluting
   ISVALID expresion "(C_INCLUDE_DMA == 1)" -
   C:\Xilinx\14.2\ISE_DS\ISE\data\zynqconfig\ps7_internals\pcores\ps7_usb_v1_00_
   a\data\ps7_usb_v2_1_0.mpd line 73 
WARNING:EDK:4131 - IPNAME: ps7_qspi_0, PROPERTY: SCK_I - Failure in evaluting
   ISVALID expresion "(C_USE_STARTUP==0)" -
   C:\Xilinx\14.2\ISE_DS\ISE\data\zynqconfig\ps7_internals\pcores\ps7_qspi_v1_00
   _a\data\ps7_qspi_v2_1_0.mpd line 102 
WARNING:EDK:4131 - IPNAME: ps7_qspi_0, PROPERTY: SCK_O - Failure in evaluting
   ISVALID expresion "(C_USE_STARTUP==0)" -
   C:\Xilinx\14.2\ISE_DS\ISE\data\zynqconfig\ps7_internals\pcores\ps7_qspi_v1_00
   _a\data\ps7_qspi_v2_1_0.mpd line 103 
WARNING:EDK:4131 - IPNAME: ps7_qspi_0, PROPERTY: SCK_T - Failure in evaluting
   ISVALID expresion "(C_USE_STARTUP==0)" -
   C:\Xilinx\14.2\ISE_DS\ISE\data\zynqconfig\ps7_internals\pcores\ps7_qspi_v1_00
   _a\data\ps7_qspi_v2_1_0.mpd line 104 
WARNING:EDK:4131 - IPNAME: ps7_qspi_0, PROPERTY: SCK - Failure in evaluting
   ISVALID expresion "(C_USE_STARTUP==0)" -
   C:\Xilinx\14.2\ISE_DS\ISE\data\zynqconfig\ps7_internals\pcores\ps7_qspi_v1_00
   _a\data\ps7_qspi_v2_1_0.mpd line 122 

Computing clock values...

Performing IP level DRCs on properties...

Running DRC Tcl procedures for OPTION IPLEVEL_DRC_PROC...
Address Map for Processor ps7_cortexa9_0
  (0000000000-0x0002ffff) ps7_ram_0	ps7_axi_interconnect_0
  (0x00100000-0x1fffffff) ps7_ddr_0	ps7_axi_interconnect_0
  (0x41200000-0x4120ffff) axi_gpio_0	ps7_axi_interconnect_0->axi_interconnect_1
  (0xe0001000-0xe0001fff) ps7_uart_1	ps7_axi_interconnect_0
  (0xe0002000-0xe0002fff) ps7_usb_0	ps7_axi_interconnect_0
  (0xe000a000-0xe000afff) ps7_gpio_0	ps7_axi_interconnect_0
  (0xe000b000-0xe000bfff) ps7_ethernet_0	ps7_axi_interconnect_0
  (0xe000d000-0xe000dfff) ps7_qspi_0	ps7_axi_interconnect_0
  (0xe0100000-0xe0100fff) ps7_sd_0	ps7_axi_interconnect_0
  (0xe0200000-0xe0200fff) ps7_iop_bus_config_0	ps7_axi_interconnect_0
  (0xf8000000-0xf8000fff) ps7_slcr_0	ps7_axi_interconnect_0
  (0xf8003000-0xf8003fff) ps7_dma_s	ps7_axi_interconnect_0
  (0xf8004000-0xf8004fff) ps7_dma_ns	ps7_axi_interconnect_0
  (0xf8006000-0xf8006fff) ps7_ddrc_0	ps7_axi_interconnect_0
  (0xf8007000-0xf8007fff) ps7_dev_cfg_0	ps7_axi_interconnect_0
  (0xf8f00100-0xf8f001ff) ps7_scugic_0	ps7_axi_interconnect_0
  (0xf8f00600-0xf8f0061f) ps7_scutimer_0	ps7_axi_interconnect_0
  (0xf8f00620-0xf8f006ff) ps7_scuwdt_0	ps7_axi_interconnect_0
  (0xfc000000-0xfcffffff) ps7_qspi_linear_0	ps7_axi_interconnect_0
  (0xffff0000-0xfffffdff) ps7_ram_1	ps7_axi_interconnect_0
Address Map for Processor ps7_cortexa9_1
  (0000000000-0x0002ffff) ps7_ram_0	ps7_axi_interconnect_0
  (0x00100000-0x1fffffff) ps7_ddr_0	ps7_axi_interconnect_0
  (0x41200000-0x4120ffff) axi_gpio_0	ps7_axi_interconnect_0->axi_interconnect_1
  (0xe0001000-0xe0001fff) ps7_uart_1	ps7_axi_interconnect_0
  (0xe0002000-0xe0002fff) ps7_usb_0	ps7_axi_interconnect_0
  (0xe000a000-0xe000afff) ps7_gpio_0	ps7_axi_interconnect_0
  (0xe000b000-0xe000bfff) ps7_ethernet_0	ps7_axi_interconnect_0
  (0xe000d000-0xe000dfff) ps7_qspi_0	ps7_axi_interconnect_0
  (0xe0100000-0xe0100fff) ps7_sd_0	ps7_axi_interconnect_0
  (0xe0200000-0xe0200fff) ps7_iop_bus_config_0	ps7_axi_interconnect_0
  (0xf8000000-0xf8000fff) ps7_slcr_0	ps7_axi_interconnect_0
  (0xf8003000-0xf8003fff) ps7_dma_s	ps7_axi_interconnect_0
  (0xf8004000-0xf8004fff) ps7_dma_ns	ps7_axi_interconnect_0
  (0xf8006000-0xf8006fff) ps7_ddrc_0	ps7_axi_interconnect_0
  (0xf8007000-0xf8007fff) ps7_dev_cfg_0	ps7_axi_interconnect_0
  (0xf8f00100-0xf8f001ff) ps7_scugic_0	ps7_axi_interconnect_0
  (0xf8f00600-0xf8f0061f) ps7_scutimer_0	ps7_axi_interconnect_0
  (0xf8f00620-0xf8f006ff) ps7_scuwdt_0	ps7_axi_interconnect_0
  (0xfc000000-0xfcffffff) ps7_qspi_linear_0	ps7_axi_interconnect_0
  (0xffff0000-0xfffffdff) ps7_ram_1	ps7_axi_interconnect_0

Checking platform address map ...
Conversion to XML complete.
xdsgen -inp system.xmp -report C:\Speedway\Fall_12\Zynq_Linux\lab1_1\LED_Controller\LED_Controller.sdk\SDK\SDK_Export\hw/system.html  -make_docs_local
Release 14.2 - xdsgen EDK_P.28xd (nt64)
Copyright (c) 1995-2012 Xilinx, Inc.  All rights reserved.
WARNING:EDK:4092 - IPNAME: processing_system7, INSTANCE: processing_system7_0 -
   Pre-Production version not verified on hardware for architecture 'zynq' -
   C:\Speedway\Fall_12\Zynq_Linux\lab1_1\LED_Controller\LED_Controller.srcs\sour
   ces_1\edk\system\system.mhs line 31 
WARNING:EDK:4092 - IPNAME: axi_gpio, INSTANCE: axi_gpio_0 - Pre-Production
   version not verified on hardware for architecture 'zynq' -
   C:\Speedway\Fall_12\Zynq_Linux\lab1_1\LED_Controller\LED_Controller.srcs\sour
   ces_1\edk\system\system.mhs line 118 
WARNING:EDK:4092 - IPNAME: axi_interconnect, INSTANCE: axi_interconnect_1 -
   Pre-Production version not verified on hardware for architecture 'zynq' -
   C:\Speedway\Fall_12\Zynq_Linux\lab1_1\LED_Controller\LED_Controller.srcs\sour
   ces_1\edk\system\system.mhs line 134 
Generated Block Diagram.
Rasterizing processing_system7_0.jpg.....
Rasterizing axi_gpio_0.jpg.....
Rasterizing axi_interconnect_1.jpg.....
Rasterizing system_blkd.jpg.....
Report generated.
Report generation completed.
""
"WARNING: The option to export bit and bmm files to SDK is set to false. Existing bit and bmm files in the C:\Speedway\Fall_12\Zynq_Linux\lab1_1\LED_Controller\LED_Controller.sdk\SDK\SDK_Export\hw directory (if any) will be deleted."
""
INFO: [Edk 24-68] exporting bit file 'C:/Speedway/Fall_12/Zynq_Linux/lab1_1/LED_Controller/LED_Controller.runs/impl_1/system_stub.bit'...
INFO: [Edk 24-142] Hardware platform data exported to 'C:/Speedway/Fall_12/Zynq_Linux/lab1_1/LED_Controller/LED_Controller.sdk/SDK/SDK_Export/hw'
export_hardware: Time (s): elapsed = 00:00:31 . Memory (MB): peak = 453.887 ; gain = 0.000
launch_sdk -bit C:/Speedway/Fall_12/Zynq_Linux/lab1_1/LED_Controller/LED_Controller.sdk/SDK/SDK_Export/hw/system_stub.bit -workspace C:/Speedway/Fall_12/Zynq_Linux/lab1_1/LED_Controller/LED_Controller.sdk/SDK/SDK_Export -hwspec C:/Speedway/Fall_12/Zynq_Linux/lab1_1/LED_Controller/LED_Controller.sdk/SDK/SDK_Export/hw/system.xml
INFO: [PlanAhead 12-393] Launching SDK...
INFO: [PlanAhead 12-417] Running xsdk -bit C:/Speedway/Fall_12/Zynq_Linux/lab1_1/LED_Controller/LED_Controller.sdk/SDK/SDK_Export/hw/system_stub.bit -workspace C:/Speedway/Fall_12/Zynq_Linux/lab1_1/LED_Controller/LED_Controller.sdk/SDK/SDK_Export -hwspec C:/Speedway/Fall_12/Zynq_Linux/lab1_1/LED_Controller/LED_Controller.sdk/SDK/SDK_Export/hw/system.xml
INFO: [PlanAhead 12-418] SDK launched successfully
exit
INFO: [Common 17-206] Exiting PlanAhead...
INFO: [Common 17-83] Releasing license: PlanAhead
