11:10:44 **** Build of project a_bsp ****
make -k all 
libgen -hw ../cf_adv7511_zed_hw_platform/system.xml\
	       \
	       -pe ps7_cortexa9_0 \
	       -log libgen.log \
	       system.mss
libgen
Xilinx EDK 14.7 Build EDK_P.20131013
Copyright (c) 1995-2012 Xilinx, Inc.  All rights reserved.

Command Line: libgen -hw ../cf_adv7511_zed_hw_platform/system.xml -pe
ps7_cortexa9_0 -log libgen.log system.mss 

ERROR:EDK:410 - axivdma -
   /nfs/TUEIEDAprojects/SystemDesign/work/zynq/munish/OS_zed/zynq_workspace/cf_a
   dv7511_zed_SEG/SDK/SDK_Workspace/a_bsp/system.mss line 63 - No IP instance
   named filter_vdma is present in the hardware!
make: *** [ps7_cortexa9_0/lib/libxil.a] Error 2
ERROR:EDK:1206 - Errors occured while parsing MSS file.
make: Target `all' not remade because of errors.

11:10:45 Build Finished (took 1s.405ms)

