20:19:21 **** Clean-only build of configuration Debug for project SOERGR_sw ****
make clean 
rm -rf  ./src/src/axi_interrupt.o ./src/src/cf_hdmi.o ./src/src/hw_config.o ./src/src/main.o ./src/src/sw_functions.o ./src/src/transmitter.o  ./src/inc/xgray_scale.o ./src/inc/ximage_filter.o ./src/inc/xsobel_filter.o  ./.metadata/.plugins/org.eclipse.cdt.make.core/specs.o  ./src/src/axi_interrupt.d ./src/src/cf_hdmi.d ./src/src/hw_config.d ./src/src/main.d ./src/src/sw_functions.d ./src/src/transmitter.d  ./src/inc/xgray_scale.d ./src/inc/ximage_filter.d ./src/inc/xsobel_filter.d  ./.metadata/.plugins/org.eclipse.cdt.make.core/specs.d  SOERGR_sw.elf.size  SOERGR_sw.elf
 
20:19:21 **** Clean-only build of project standalone_bsp_0 ****
make -k clean 
rm -rf ps7_cortexa9_0
20:19:25 **** Build of project standalone_bsp_0 ****
make -k all 
libgen -hw ../videoProcessing_prj_hw_platform_0/system.xml\
	       -lp /home/ga38qoh/EDA_Munish/zedboard_training/ZynqSW/2013_3/Support_documents/sdk_repo\
	       -pe ps7_cortexa9_0 \
	       -log libgen.log \
	       system.mss
libgen
Xilinx EDK 14.7 Build EDK_P.20131013
Copyright (c) 1995-2012 Xilinx, Inc.  All rights reserved.

Command Line: libgen -hw ../videoProcessing_prj_hw_platform_0/system.xml -lp
/home/ga38qoh/EDA_Munish/zedboard_training/ZynqSW/2013_3/Support_documents/sdk_r
epo -pe ps7_cortexa9_0 -log libgen.log system.mss 


Staging source files.
Running DRCs.
Running generate.
Running post_generate.
Running include - 'gmake -s include "COMPILER=arm-xilinx-eabi-gcc"
"ARCHIVER=arm-xilinx-eabi-ar" "COMPILER_FLAGS= -O2 -c"
"EXTRA_COMPILER_FLAGS=-g"'.

Running libs - 'gmake -s libs "COMPILER=arm-xilinx-eabi-gcc"
"ARCHIVER=arm-xilinx-eabi-ar" "COMPILER_FLAGS= -O2 -c"
"EXTRA_COMPILER_FLAGS=-g"'.
Compiling common
arm-xilinx-eabi-ar: creating ../../../lib/libxil.a
Compiling standalone
Compiling axidma
Compiling iic
Compiling axivdma
Compiling devcfg
Compiling dmaps
Compiling emacps
Compiling gpiops
Compiling iicps
Compiling qspips
Compiling scugic
Compiling scutimer
Compiling scuwdt
Compiling ttcps
Compiling uartps
Compiling usbps
Compiling xadcps
Compiling cpu_cortexa9
Running execs_generate.
Finished building libraries
20:20:25 **** Build of configuration Debug for project SOERGR_sw ****
make all 
Building file: ../src/src/axi_interrupt.c
Invoking: ARM gcc compiler
arm-xilinx-eabi-gcc -Wall -O0 -g3 -I"/nfs/TUEIEDAprojects/SystemDesign/work/zynq/mamatha/uzair_sharif/EDA_Munish/work_dir/dualCore_SOGRER_slow/videoProcessing_prj/SDK/SDK_Workspace/SOERGR_sw/src/inc" -c -fmessage-length=0 -I../../standalone_bsp_0/ps7_cortexa9_0/include -MMD -MP -MF"src/src/axi_interrupt.d" -MT"src/src/axi_interrupt.d" -o "src/src/axi_interrupt.o" "../src/src/axi_interrupt.c"
../src/src/axi_interrupt.c: In function 'AXI_INTERRUPT_VsyncIntr_Handler':
../src/src/axi_interrupt.c:65:16: warning: unused variable 'funcPtr_CPU1proc' [-Wunused-variable]
Finished building: ../src/src/axi_interrupt.c
 
Building file: ../src/src/cf_hdmi.c
Invoking: ARM gcc compiler
arm-xilinx-eabi-gcc -Wall -O0 -g3 -I"/nfs/TUEIEDAprojects/SystemDesign/work/zynq/mamatha/uzair_sharif/EDA_Munish/work_dir/dualCore_SOGRER_slow/videoProcessing_prj/SDK/SDK_Workspace/SOERGR_sw/src/inc" -c -fmessage-length=0 -I../../standalone_bsp_0/ps7_cortexa9_0/include -MMD -MP -MF"src/src/cf_hdmi.d" -MT"src/src/cf_hdmi.d" -o "src/src/cf_hdmi.o" "../src/src/cf_hdmi.c"
Finished building: ../src/src/cf_hdmi.c
 
Building file: ../src/src/hw_config.c
Invoking: ARM gcc compiler
arm-xilinx-eabi-gcc -Wall -O0 -g3 -I"/nfs/TUEIEDAprojects/SystemDesign/work/zynq/mamatha/uzair_sharif/EDA_Munish/work_dir/dualCore_SOGRER_slow/videoProcessing_prj/SDK/SDK_Workspace/SOERGR_sw/src/inc" -c -fmessage-length=0 -I../../standalone_bsp_0/ps7_cortexa9_0/include -MMD -MP -MF"src/src/hw_config.d" -MT"src/src/hw_config.d" -o "src/src/hw_config.o" "../src/src/hw_config.c"
Finished building: ../src/src/hw_config.c
 
Building file: ../src/src/main.c
Invoking: ARM gcc compiler
arm-xilinx-eabi-gcc -Wall -O0 -g3 -I"/nfs/TUEIEDAprojects/SystemDesign/work/zynq/mamatha/uzair_sharif/EDA_Munish/work_dir/dualCore_SOGRER_slow/videoProcessing_prj/SDK/SDK_Workspace/SOERGR_sw/src/inc" -c -fmessage-length=0 -I../../standalone_bsp_0/ps7_cortexa9_0/include -MMD -MP -MF"src/src/main.d" -MT"src/src/main.d" -o "src/src/main.o" "../src/src/main.c"
Finished building: ../src/src/main.c
 
Building file: ../src/src/sw_functions.c
Invoking: ARM gcc compiler
arm-xilinx-eabi-gcc -Wall -O0 -g3 -I"/nfs/TUEIEDAprojects/SystemDesign/work/zynq/mamatha/uzair_sharif/EDA_Munish/work_dir/dualCore_SOGRER_slow/videoProcessing_prj/SDK/SDK_Workspace/SOERGR_sw/src/inc" -c -fmessage-length=0 -I../../standalone_bsp_0/ps7_cortexa9_0/include -MMD -MP -MF"src/src/sw_functions.d" -MT"src/src/sw_functions.d" -o "src/src/sw_functions.o" "../src/src/sw_functions.c"
../src/src/sw_functions.c:4:1: warning: "/*" within comment [-Wcomment]
Finished building: ../src/src/sw_functions.c
 
Building file: ../src/src/transmitter.c
Invoking: ARM gcc compiler
arm-xilinx-eabi-gcc -Wall -O0 -g3 -I"/nfs/TUEIEDAprojects/SystemDesign/work/zynq/mamatha/uzair_sharif/EDA_Munish/work_dir/dualCore_SOGRER_slow/videoProcessing_prj/SDK/SDK_Workspace/SOERGR_sw/src/inc" -c -fmessage-length=0 -I../../standalone_bsp_0/ps7_cortexa9_0/include -MMD -MP -MF"src/src/transmitter.d" -MT"src/src/transmitter.d" -o "src/src/transmitter.o" "../src/src/transmitter.c"
Finished building: ../src/src/transmitter.c
 
Building file: ../src/inc/xgray_scale.c
Invoking: ARM gcc compiler
arm-xilinx-eabi-gcc -Wall -O0 -g3 -I"/nfs/TUEIEDAprojects/SystemDesign/work/zynq/mamatha/uzair_sharif/EDA_Munish/work_dir/dualCore_SOGRER_slow/videoProcessing_prj/SDK/SDK_Workspace/SOERGR_sw/src/inc" -c -fmessage-length=0 -I../../standalone_bsp_0/ps7_cortexa9_0/include -MMD -MP -MF"src/inc/xgray_scale.d" -MT"src/inc/xgray_scale.d" -o "src/inc/xgray_scale.o" "../src/inc/xgray_scale.c"
Finished building: ../src/inc/xgray_scale.c
 
Building file: ../src/inc/ximage_filter.c
Invoking: ARM gcc compiler
arm-xilinx-eabi-gcc -Wall -O0 -g3 -I"/nfs/TUEIEDAprojects/SystemDesign/work/zynq/mamatha/uzair_sharif/EDA_Munish/work_dir/dualCore_SOGRER_slow/videoProcessing_prj/SDK/SDK_Workspace/SOERGR_sw/src/inc" -c -fmessage-length=0 -I../../standalone_bsp_0/ps7_cortexa9_0/include -MMD -MP -MF"src/inc/ximage_filter.d" -MT"src/inc/ximage_filter.d" -o "src/inc/ximage_filter.o" "../src/inc/ximage_filter.c"
Finished building: ../src/inc/ximage_filter.c
 
Building file: ../src/inc/xsobel_filter.c
Invoking: ARM gcc compiler
arm-xilinx-eabi-gcc -Wall -O0 -g3 -I"/nfs/TUEIEDAprojects/SystemDesign/work/zynq/mamatha/uzair_sharif/EDA_Munish/work_dir/dualCore_SOGRER_slow/videoProcessing_prj/SDK/SDK_Workspace/SOERGR_sw/src/inc" -c -fmessage-length=0 -I../../standalone_bsp_0/ps7_cortexa9_0/include -MMD -MP -MF"src/inc/xsobel_filter.d" -MT"src/inc/xsobel_filter.d" -o "src/inc/xsobel_filter.o" "../src/inc/xsobel_filter.c"
Finished building: ../src/inc/xsobel_filter.c
 
Building file: ../.metadata/.plugins/org.eclipse.cdt.make.core/specs.c
Invoking: ARM gcc compiler
arm-xilinx-eabi-gcc -Wall -O0 -g3 -I"/nfs/TUEIEDAprojects/SystemDesign/work/zynq/mamatha/uzair_sharif/EDA_Munish/work_dir/dualCore_SOGRER_slow/videoProcessing_prj/SDK/SDK_Workspace/SOERGR_sw/src/inc" -c -fmessage-length=0 -I../../standalone_bsp_0/ps7_cortexa9_0/include -MMD -MP -MF".metadata/.plugins/org.eclipse.cdt.make.core/specs.d" -MT".metadata/.plugins/org.eclipse.cdt.make.core/specs.d" -o ".metadata/.plugins/org.eclipse.cdt.make.core/specs.o" "../.metadata/.plugins/org.eclipse.cdt.make.core/specs.c"
Finished building: ../.metadata/.plugins/org.eclipse.cdt.make.core/specs.c
 
Building target: SOERGR_sw.elf
Invoking: ARM gcc linker
arm-xilinx-eabi-gcc -L"/nfs/TUEIEDAprojects/SystemDesign/work/zynq/mamatha/uzair_sharif/EDA_Munish/work_dir/dualCore_SOGRER_slow/videoProcessing_prj/SDK/SDK_Workspace/SOERGR_sw/src/lib" -Wl,-T -Wl,../src/lscript.ld -L../../standalone_bsp_0/ps7_cortexa9_0/lib -o "SOERGR_sw.elf"  ./src/src/axi_interrupt.o ./src/src/cf_hdmi.o ./src/src/hw_config.o ./src/src/main.o ./src/src/sw_functions.o ./src/src/transmitter.o  ./src/inc/xgray_scale.o ./src/inc/ximage_filter.o ./src/inc/xsobel_filter.o  ./.metadata/.plugins/org.eclipse.cdt.make.core/specs.o   -lHDMI_ZedBoardLib -Wl,--start-group,-lxil,-lgcc,-lc,--end-group
Finished building target: SOERGR_sw.elf
 
Invoking: ARM Print Size
arm-xilinx-eabi-size SOERGR_sw.elf  |tee "SOERGR_sw.elf.size"
   text	   data	    bss	    dec	    hex	filename
 118044	   1888	  22412	 142344	  22c08	SOERGR_sw.elf
Finished building: SOERGR_sw.elf.size
 
20:20:54 **** Incremental Build of configuration Debug for project SOERGR_sw ****
make all 
make: Nothing to be done for `all'.
