23:44:59 **** Incremental Build of configuration Debug for project video_filter_sw_orig ****
make all 
Building file: ../src/src/hw_config.c
Invoking: ARM gcc compiler
arm-xilinx-eabi-gcc -Wall -O0 -g3 -I"/nfs/TUEIEDAprojects/SystemDesign/work/zynq/uzair-sharif/EDA_Munish/work_dir/dualCore_SOGRER/videoProcessing_prj/SDK/SDK_Workspace/video_filter_sw_orig/src/inc" -c -fmessage-length=0 -I../../standalone_bsp_0/ps7_cortexa9_0/include -MMD -MP -MF"src/src/hw_config.d" -MT"src/src/hw_config.d" -o "src/src/hw_config.o" "../src/src/hw_config.c"
Finished building: ../src/src/hw_config.c
 
Building file: ../src/inc/xgray_scale.c
Invoking: ARM gcc compiler
arm-xilinx-eabi-gcc -Wall -O0 -g3 -I"/nfs/TUEIEDAprojects/SystemDesign/work/zynq/uzair-sharif/EDA_Munish/work_dir/dualCore_SOGRER/videoProcessing_prj/SDK/SDK_Workspace/video_filter_sw_orig/src/inc" -c -fmessage-length=0 -I../../standalone_bsp_0/ps7_cortexa9_0/include -MMD -MP -MF"src/inc/xgray_scale.d" -MT"src/inc/xgray_scale.d" -o "src/inc/xgray_scale.o" "../src/inc/xgray_scale.c"
Finished building: ../src/inc/xgray_scale.c
 
Building target: video_filter_sw_orig.elf
Invoking: ARM gcc linker
arm-xilinx-eabi-gcc -L"/nfs/TUEIEDAprojects/SystemDesign/work/zynq/uzair-sharif/EDA_Munish/work_dir/dualCore_SOGRER/videoProcessing_prj/SDK/SDK_Workspace/video_filter_sw_orig/src/lib" -Wl,-T -Wl,../src/lscript.ld -L../../standalone_bsp_0/ps7_cortexa9_0/lib -o "video_filter_sw_orig.elf"  ./src/src/axi_interrupt.o ./src/src/cf_hdmi.o ./src/src/hw_config.o ./src/src/main.o ./src/src/sw_functions.o ./src/src/transmitter.o  ./src/inc/xgray_scale.o   -lHDMI_ZedBoardLib -Wl,--start-group,-lxil,-lgcc,-lc,--end-group
Finished building target: video_filter_sw_orig.elf
 
Invoking: ARM Print Size
arm-xilinx-eabi-size video_filter_sw_orig.elf  |tee "video_filter_sw_orig.elf.size"
   text	   data	    bss	    dec	    hex	filename
 107044	   1888	  34412	 143344	  22ff0	video_filter_sw_orig.elf
Finished building: video_filter_sw_orig.elf.size
 

23:45:00 Build Finished (took 359ms)

