

================================================================
== Vivado HLS Report for 'dct'
================================================================
* Date:           Fri Mar 13 22:15:19 2015

* Version:        2013.3 (build date: Wed Oct 16 18:12:55 PM 2013)
* Project:        DCT_HLS_Project
* Solution:       solution5
* Product family: zynq zynq_fpv6 
* Target device:  xc7z020clg484-1


================================================================
== Performance Estimates
================================================================
+ Timing (ns): 
    * Summary: 
    +---------+-------+----------+------------+
    |  Clock  | Target| Estimated| Uncertainty|
    +---------+-------+----------+------------+
    |default  |   8.00|      6.38|        1.00|
    +---------+-------+----------+------------+

+ Latency (clock cycles): 
    * Summary: 
    +-----+-----+-----+-----+----------+
    |  Latency  |  Interval | Pipeline |
    | min | max | min | max |   Type   |
    +-----+-----+-----+-----+----------+
    |  795|  795|  262|  262| dataflow |
    +-----+-----+-----+-----+----------+

    + Detail: 
        * Instance: 
        N/A

        * Loop: 
        N/A



================================================================
== Utilization Estimates
================================================================
* Summary: 
+-----------------+---------+-------+--------+-------+
|       Name      | BRAM_18K| DSP48E|   FF   |  LUT  |
+-----------------+---------+-------+--------+-------+
|Expression       |        -|      -|       -|      -|
|FIFO             |        -|      -|       -|      -|
|Instance         |        -|      -|       -|      -|
|Memory           |        -|      -|       -|      -|
|Multiplexer      |        -|      -|       -|      -|
|Register         |        -|      -|       -|      -|
|ShiftMemory      |        -|      -|       -|      -|
+-----------------+---------+-------+--------+-------+
|Total            |        0|      0|       0|      0|
+-----------------+---------+-------+--------+-------+
|Available        |      280|    220|  106400|  53200|
+-----------------+---------+-------+--------+-------+
|Utilization (%)  |        0|      0|       0|      0|
+-----------------+---------+-------+--------+-------+

+ Detail: 
    * Instance: 
    N/A

    * Memory: 
    N/A

    * FIFO: 
    N/A

    * Shift register: 
    N/A

    * Expression: 
    N/A

    * Multiplexer: 
    N/A

    * Register: 
    N/A



================================================================
== Interface
================================================================
* Summary: 
N/A

============================================================
+ Verbose Summary: Synthesis Manager
============================================================
InlineROM: 1
ExposeGlobal: 0
============================================================
+ Verbose Summary: CDFG Model
============================================================
IsTopModel: 1
ResetActiveHigh: 1
IsCombinational: 2
IsDatapathOnly: 0
HasWiredReturn: 1
HasMFsm: 0
HasVarLatency: 1
IsPipeline: 0
IsRtlPipelined: 0
IsInstanceOverlapped: 0
IsDontTouch: 0
HasImplIP: 0
IsGatedGlobalClock: 0


============================================================
+ Verbose Summary: Schedule
============================================================
* Number of FSM states: 12
* Pipeline: 0
* Dataflow Pipeline: 1
  DF-Pipeline-0: Size = 12, States = { 1 2 3 4 5 6 7 8 9 10 11 12 }

* FSM state transitions: 
1 --> 
	2  / true
2 --> 
	3  / true
3 --> 
	4  / true
4 --> 
	5  / true
5 --> 
	6  / true
6 --> 
	7  / true
7 --> 
	8  / true
8 --> 
	9  / true
9 --> 
	10  / true
10 --> 
	11  / true
11 --> 
	12  / true
12 --> 
* FSM state operations: 

 <State 1>: 0.00ns
ST_1: row_outbuf [1/1] 0.00ns
codeRepl:3  %row_outbuf = alloca [64 x i16], align 2

ST_1: col_outbuf [1/1] 0.00ns
codeRepl:4  %col_outbuf = alloca [64 x i16], align 2

ST_1: col_inbuf [1/1] 0.00ns
codeRepl:5  %col_inbuf = alloca [64 x i16], align 2

ST_1: buf_2d_in [1/1] 0.00ns
codeRepl:7  %buf_2d_in = alloca [64 x i16], align 2

ST_1: buf_2d_out [1/1] 0.00ns
codeRepl:8  %buf_2d_out = alloca [64 x i16], align 2

ST_1: stg_18 [2/2] 0.00ns
codeRepl:9  call fastcc void @read_data([64 x i16]* nocapture %input_r, [64 x i16]* nocapture %buf_2d_in) nounwind


 <State 2>: 0.00ns
ST_2: stg_19 [1/2] 0.00ns
codeRepl:9  call fastcc void @read_data([64 x i16]* nocapture %input_r, [64 x i16]* nocapture %buf_2d_in) nounwind


 <State 3>: 0.00ns
ST_3: stg_20 [2/2] 0.00ns
codeRepl:10  call fastcc void @dct_Loop_Row_DCT_Loop_proc([64 x i16]* nocapture %buf_2d_in, [64 x i16]* nocapture %row_outbuf) nounwind


 <State 4>: 0.00ns
ST_4: stg_21 [1/2] 0.00ns
codeRepl:10  call fastcc void @dct_Loop_Row_DCT_Loop_proc([64 x i16]* nocapture %buf_2d_in, [64 x i16]* nocapture %row_outbuf) nounwind


 <State 5>: 0.00ns
ST_5: stg_22 [2/2] 0.00ns
codeRepl:11  call fastcc void @dct_Loop_Xpose_Row_Outer_Loop_proc([64 x i16]* nocapture %row_outbuf, [64 x i16]* nocapture %col_inbuf) nounwind


 <State 6>: 0.00ns
ST_6: stg_23 [1/2] 0.00ns
codeRepl:11  call fastcc void @dct_Loop_Xpose_Row_Outer_Loop_proc([64 x i16]* nocapture %row_outbuf, [64 x i16]* nocapture %col_inbuf) nounwind


 <State 7>: 0.00ns
ST_7: stg_24 [2/2] 0.00ns
codeRepl:12  call fastcc void @dct_Loop_Col_DCT_Loop_proc([64 x i16]* nocapture %col_inbuf, [64 x i16]* nocapture %col_outbuf) nounwind


 <State 8>: 0.00ns
ST_8: stg_25 [1/2] 0.00ns
codeRepl:12  call fastcc void @dct_Loop_Col_DCT_Loop_proc([64 x i16]* nocapture %col_inbuf, [64 x i16]* nocapture %col_outbuf) nounwind


 <State 9>: 0.00ns
ST_9: stg_26 [2/2] 0.00ns
codeRepl:13  call fastcc void @dct_Loop_Xpose_Col_Outer_Loop_proc([64 x i16]* nocapture %col_outbuf, [64 x i16]* nocapture %buf_2d_out) nounwind


 <State 10>: 0.00ns
ST_10: stg_27 [1/2] 0.00ns
codeRepl:13  call fastcc void @dct_Loop_Xpose_Col_Outer_Loop_proc([64 x i16]* nocapture %col_outbuf, [64 x i16]* nocapture %buf_2d_out) nounwind


 <State 11>: 0.00ns
ST_11: stg_28 [2/2] 0.00ns
codeRepl:14  call fastcc void @write_data([64 x i16]* nocapture %buf_2d_out, [64 x i16]* nocapture %output_r) nounwind


 <State 12>: 0.00ns
ST_12: stg_29 [1/1] 0.00ns
codeRepl:0  call void (...)* @_ssdm_op_SpecDataflowPipeline(i32 -1, [1 x i8]* @p_str1) nounwind

ST_12: stg_30 [1/1] 0.00ns
codeRepl:1  call void (...)* @_ssdm_op_SpecBitsMap([64 x i16]* %input_r) nounwind, !map !7

ST_12: stg_31 [1/1] 0.00ns
codeRepl:2  call void (...)* @_ssdm_op_SpecBitsMap([64 x i16]* %output_r) nounwind, !map !13

ST_12: stg_32 [1/1] 0.00ns
codeRepl:6  call void (...)* @_ssdm_op_SpecTopModule([4 x i8]* @str) nounwind

ST_12: stg_33 [1/2] 0.00ns
codeRepl:14  call fastcc void @write_data([64 x i16]* nocapture %buf_2d_out, [64 x i16]* nocapture %output_r) nounwind

ST_12: stg_34 [1/1] 0.00ns
codeRepl:15  ret void



============================================================
+ Verbose Summary: Binding
============================================================
N/A
* FSMD analyzer results:
  - Output states:
  - Chain level:
	State 1
	State 2
	State 3
	State 4
	State 5
	State 6
	State 7
	State 8
	State 9
	State 10
	State 11
	State 12


============================================================
+ Verbose Summary: Datapath Resource usage 
============================================================
N/A
