

================================================================
== Vivado HLS Report for 'dct_Loop_Xpose_Col_Outer_Loop_proc'
================================================================
* Date:           Fri Mar 13 22:15:19 2015

* Version:        2013.3 (build date: Wed Oct 16 18:12:55 PM 2013)
* Project:        DCT_HLS_Project
* Solution:       solution5
* Product family: zynq zynq_fpv6 
* Target device:  xc7z020clg484-1


================================================================
== Performance Estimates
================================================================
+ Timing (ns): 
    * Summary: 
    +---------+-------+----------+------------+
    |  Clock  | Target| Estimated| Uncertainty|
    +---------+-------+----------+------------+
    |default  |   8.00|      4.78|        1.00|
    +---------+-------+----------+------------+

+ Latency (clock cycles): 
    * Summary: 
    +-----+-----+-----+-----+---------+
    |  Latency  |  Interval | Pipeline|
    | min | max | min | max |   Type  |
    +-----+-----+-----+-----+---------+
    |   67|   67|   67|   67|   none  |
    +-----+-----+-----+-----+---------+

    + Detail: 
        * Instance: 
        N/A

        * Loop: 
        +---------------------------------------------+-----+-----+----------+-----------+-----------+------+----------+
        |                                             |  Latency  | Iteration|  Initiation Interval  | Trip |          |
        |                  Loop Name                  | min | max |  Latency |  achieved |   target  | Count| Pipelined|
        +---------------------------------------------+-----+-----+----------+-----------+-----------+------+----------+
        |- Xpose_Col_Outer_Loop_Xpose_Col_Inner_Loop  |   65|   65|         3|          1|          1|    64|    yes   |
        +---------------------------------------------+-----+-----+----------+-----------+-----------+------+----------+



================================================================
== Utilization Estimates
================================================================
* Summary: 
+-----------------+---------+-------+--------+-------+
|       Name      | BRAM_18K| DSP48E|   FF   |  LUT  |
+-----------------+---------+-------+--------+-------+
|Expression       |        -|      -|       -|      -|
|FIFO             |        -|      -|       -|      -|
|Instance         |        -|      -|       -|      -|
|Memory           |        -|      -|       -|      -|
|Multiplexer      |        -|      -|       -|      -|
|Register         |        -|      -|       -|      -|
|ShiftMemory      |        -|      -|       -|      -|
+-----------------+---------+-------+--------+-------+
|Total            |        0|      0|       0|      0|
+-----------------+---------+-------+--------+-------+
|Available        |      280|    220|  106400|  53200|
+-----------------+---------+-------+--------+-------+
|Utilization (%)  |        0|      0|       0|      0|
+-----------------+---------+-------+--------+-------+

+ Detail: 
    * Instance: 
    N/A

    * Memory: 
    N/A

    * FIFO: 
    N/A

    * Shift register: 
    N/A

    * Expression: 
    N/A

    * Multiplexer: 
    N/A

    * Register: 
    N/A



================================================================
== Interface
================================================================
* Summary: 
N/A

============================================================
+ Verbose Summary: Synthesis Manager
============================================================
InlineROM: 1
ExposeGlobal: 0
============================================================
+ Verbose Summary: CDFG Model
============================================================
IsTopModel: 0
ResetActiveHigh: 1
IsCombinational: 2
IsDatapathOnly: 0
HasWiredReturn: 1
HasMFsm: 0
HasVarLatency: 1
IsPipeline: 0
IsRtlPipelined: 0
IsInstanceOverlapped: 0
IsDontTouch: 0
HasImplIP: 0
IsGatedGlobalClock: 0

+ Individual pipeline summary: 
  * Pipeline-0: initiation interval (II) = 1, depth = 3


============================================================
+ Verbose Summary: Schedule
============================================================
* Number of FSM states: 5
* Pipeline: 1
  Pipeline-0: II = 1, D = 3, States = { 2 3 4 }
* Dataflow Pipeline: 0

* FSM state transitions: 
1 --> 
	2  / true
2 --> 
	5  / (exitcond_flatten)
	3  / (!exitcond_flatten)
3 --> 
	4  / true
4 --> 
	2  / true
5 --> 
* FSM state operations: 

 <State 1>: 1.35ns
ST_1: stg_6 [1/1] 1.35ns
newFuncRoot:0  br label %0


 <State 2>: 4.05ns
ST_2: indvar_flatten [1/1] 0.00ns
:0  %indvar_flatten = phi i7 [ 0, %newFuncRoot ], [ %indvar_flatten_next, %.preheader.i ]

ST_2: j_1_i [1/1] 0.00ns
:1  %j_1_i = phi i4 [ 0, %newFuncRoot ], [ %j_1_i_mid2, %.preheader.i ]

ST_2: i_3_i [1/1] 0.00ns
:2  %i_3_i = phi i4 [ 0, %newFuncRoot ], [ %i, %.preheader.i ]

ST_2: exitcond_flatten [1/1] 1.97ns
:3  %exitcond_flatten = icmp eq i7 %indvar_flatten, -64

ST_2: indvar_flatten_next [1/1] 1.72ns
:4  %indvar_flatten_next = add i7 %indvar_flatten, 1

ST_2: stg_12 [1/1] 0.00ns
:5  br i1 %exitcond_flatten, label %dct_2d.exit.exitStub, label %.preheader.i

ST_2: exitcond_i8 [1/1] 1.88ns
.preheader.i:2  %exitcond_i8 = icmp eq i4 %i_3_i, -8

ST_2: i_3_i_mid2 [1/1] 1.37ns
.preheader.i:3  %i_3_i_mid2 = select i1 %exitcond_i8, i4 0, i4 %i_3_i

ST_2: j6 [1/1] 0.80ns
.preheader.i:4  %j6 = add i4 %j_1_i, 1

ST_2: j_1_i_mid2 [1/1] 1.37ns
.preheader.i:5  %j_1_i_mid2 = select i1 %exitcond_i8, i4 %j6, i4 %j_1_i

ST_2: i [1/1] 0.80ns
.preheader.i:24  %i = add i4 %i_3_i_mid2, 1


 <State 3>: 4.11ns
ST_3: tmp_9_trn_cast [1/1] 0.00ns
.preheader.i:10  %tmp_9_trn_cast = zext i4 %j_1_i_mid2 to i8

ST_3: tmp [1/1] 0.00ns
.preheader.i:11  %tmp = call i7 @_ssdm_op_BitConcatenate.i7.i4.i3(i4 %i_3_i_mid2, i3 0)

ST_3: p_addr_cast [1/1] 0.00ns
.preheader.i:12  %p_addr_cast = zext i7 %tmp to i8

ST_3: p_addr1 [1/1] 1.72ns
.preheader.i:13  %p_addr1 = add i8 %p_addr_cast, %tmp_9_trn_cast

ST_3: tmp_s [1/1] 0.00ns
.preheader.i:14  %tmp_s = zext i8 %p_addr1 to i64

ST_3: col_outbuf_addr [1/1] 0.00ns
.preheader.i:15  %col_outbuf_addr = getelementptr [64 x i16]* %col_outbuf, i64 0, i64 %tmp_s

ST_3: col_outbuf_load [2/2] 2.39ns
.preheader.i:16  %col_outbuf_load = load i16* %col_outbuf_addr, align 2


 <State 4>: 4.78ns
ST_4: stg_25 [1/1] 0.00ns
.preheader.i:0  call void (...)* @_ssdm_op_SpecLoopName([42 x i8]* @str6)

ST_4: empty [1/1] 0.00ns
.preheader.i:1  %empty = call i32 (...)* @_ssdm_op_SpecLoopTripCount(i64 64, i64 64, i64 64) nounwind

ST_4: stg_27 [1/1] 0.00ns
.preheader.i:6  call void (...)* @_ssdm_op_SpecLoopName([21 x i8]* @p_str8) nounwind

ST_4: tmp_6 [1/1] 0.00ns
.preheader.i:7  %tmp_6 = call i32 (...)* @_ssdm_op_SpecRegionBegin([21 x i8]* @p_str8) nounwind

ST_4: stg_29 [1/1] 0.00ns
.preheader.i:8  call void (...)* @_ssdm_op_SpecPipeline(i32 1, i32 1, i32 1, [1 x i8]* @p_str1) nounwind

ST_4: tmp_trn_cast [1/1] 0.00ns
.preheader.i:9  %tmp_trn_cast = zext i4 %i_3_i_mid2 to i8

ST_4: col_outbuf_load [1/2] 2.39ns
.preheader.i:16  %col_outbuf_load = load i16* %col_outbuf_addr, align 2

ST_4: tmp_35 [1/1] 0.00ns
.preheader.i:17  %tmp_35 = call i7 @_ssdm_op_BitConcatenate.i7.i4.i3(i4 %j_1_i_mid2, i3 0)

ST_4: p_addr4_cast [1/1] 0.00ns
.preheader.i:18  %p_addr4_cast = zext i7 %tmp_35 to i8

ST_4: p_addr5 [1/1] 1.72ns
.preheader.i:19  %p_addr5 = add i8 %p_addr4_cast, %tmp_trn_cast

ST_4: tmp_36 [1/1] 0.00ns
.preheader.i:20  %tmp_36 = zext i8 %p_addr5 to i64

ST_4: buf_2d_out_addr [1/1] 0.00ns
.preheader.i:21  %buf_2d_out_addr = getelementptr [64 x i16]* %buf_2d_out, i64 0, i64 %tmp_36

ST_4: stg_37 [1/1] 2.39ns
.preheader.i:22  store i16 %col_outbuf_load, i16* %buf_2d_out_addr, align 2

ST_4: empty_22 [1/1] 0.00ns
.preheader.i:23  %empty_22 = call i32 (...)* @_ssdm_op_SpecRegionEnd([21 x i8]* @p_str8, i32 %tmp_6) nounwind

ST_4: stg_39 [1/1] 0.00ns
.preheader.i:25  br label %0


 <State 5>: 0.00ns
ST_5: stg_40 [1/1] 0.00ns
dct_2d.exit.exitStub:0  ret void



============================================================
+ Verbose Summary: Binding
============================================================
N/A
* FSMD analyzer results:
  - Output states:
  - Chain level:
	State 1
	State 2
	State 3
	State 4
	State 5


============================================================
+ Verbose Summary: Datapath Resource usage 
============================================================
N/A
