Copyright 1986-1999, 2001-2013 Xilinx, Inc. All Rights Reserved.
-------------------------------------------------------------------------------------------------------------------------------
| Tool Version     : Vivado v.2013.3 (win64) Build 329390 Wed Oct 16 18:37:02 MDT 2013
| Date             : Fri Nov 22 19:39:52 2013
| Host             : USHOM00NBD24974 running 64-bit Service Pack 1  (build 7601)
| Command          : report_power -file Z_system_wrapper_power_routed.rpt -pb Z_system_wrapper_power_summary_routed.pb
| Design           : Z_system_wrapper
| Device           : xc7z020clg484-1
| Design State     : Routed
| Grade            : commercial
| Process          : typical
| Characterization : Production
-------------------------------------------------------------------------------------------------------------------------------

Power Report

Table of Contents
-----------------
1. Summary
1.1 On-Chip Components
1.2 Power Supply Summary
1.3 Confidence Level
2. Settings
2.1 Environment
2.2 Clock Constraints
3. Detailed Reports
3.1 By Hierarchy

1. Summary
----------

+--------------------------+-------+
| Total On-Chip Power (W)  | 1.482 |
| Dynamic (W)              | 1.334 |
| Device Static (W)        | 0.148 |
| Total Off-Chip Power (W) | 0.121 |
| Effective TJA (C/W)      | 11.5  |
| Max Ambient (C)          | 67.9  |
| Junction Temperature (C) | 42.1  |
| Confidence Level         | Low   |
| Setting File             | ---   |
| Simulation Activity File | ---   |
| Design Nets Matched      | NA    |
+--------------------------+-------+


1.1 On-Chip Components
----------------------

+--------------------------+-----------+----------+-----------+-----------------+
| On-Chip                  | Power (W) | Used     | Available | Utilization (%) |
+--------------------------+-----------+----------+-----------+-----------------+
| Clocks                   |     0.013 |        3 |       --- |             --- |
| Slice Logic              |     0.004 |    14375 |       --- |             --- |
|   LUT as Logic           |     0.003 |     4870 |     53200 |            9.15 |
|   Register               |    <0.001 |     6499 |    106400 |            6.11 |
|   CARRY4                 |    <0.001 |      112 |     13300 |            0.84 |
|   LUT as Distributed RAM |    <0.001 |      856 |     17400 |            4.92 |
|   LUT as Shift Register  |    <0.001 |      318 |     17400 |            1.83 |
|   F7/F8 Muxes            |    <0.001 |       77 |     53200 |            0.14 |
|   Others                 |     0.000 |      237 |       --- |             --- |
| Signals                  |     0.006 |    11063 |       --- |             --- |
| Block RAM                |    <0.001 |        4 |       140 |            2.86 |
| I/O                      |     0.001 |        8 |       200 |            4.00 |
| PS7                      |     1.308 |        1 |       --- |             --- |
| Static Power             |     0.148 |          |           |                 |
| Total                    |     1.482 |          |           |                 |
+--------------------------+-----------+----------+-----------+-----------------+


1.2 Power Supply Summary
------------------------

+-----------+-------------+-----------+-------------+------------+
| Source    | Voltage (V) | Total (A) | Dynamic (A) | Static (A) |
+-----------+-------------+-----------+-------------+------------+
| Vccint    |       1.000 |     0.038 |       0.024 |      0.014 |
| Vccaux    |       1.800 |     0.020 |       0.000 |      0.020 |
| Vcco33    |       3.300 |     0.001 |       0.000 |      0.001 |
| Vcco25    |       2.500 |     0.000 |       0.000 |      0.000 |
| Vcco18    |       1.800 |     0.000 |       0.000 |      0.000 |
| Vcco15    |       1.500 |     0.000 |       0.000 |      0.000 |
| Vcco135   |       1.350 |     0.000 |       0.000 |      0.000 |
| Vcco12    |       1.200 |     0.000 |       0.000 |      0.000 |
| Vccaux_io |       1.800 |     0.000 |       0.000 |      0.000 |
| Vccbram   |       1.000 |     0.001 |       0.000 |      0.001 |
| MGTAVcc   |       1.000 |     0.000 |       0.000 |      0.000 |
| MGTAVtt   |       1.200 |     0.000 |       0.000 |      0.000 |
| MGTVccaux |       1.800 |     0.000 |       0.000 |      0.000 |
| Vccpint   |       1.000 |     0.419 |       0.391 |      0.028 |
| Vccpaux   |       1.800 |     0.045 |       0.034 |      0.010 |
| Vccpll    |       1.800 |     0.116 |       0.113 |      0.003 |
| Vcco_ddr  |       1.500 |     0.511 |       0.509 |      0.002 |
| Vcco_mio0 |       1.800 |     0.004 |       0.003 |      0.001 |
| Vcco_mio1 |       1.800 |     0.003 |       0.002 |      0.001 |
| Vccadc    |       1.800 |     0.020 |       0.000 |      0.020 |
+-----------+-------------+-----------+-------------+------------+


1.3 Confidence Level
--------------------

+-----------------------------+------------+--------------------------------------------------------+--------------------------------------------------------------------------------------------------------------------+
| User Input Data             | Confidence | Details                                                | Action                                                                                                             |
+-----------------------------+------------+--------------------------------------------------------+--------------------------------------------------------------------------------------------------------------------+
| Design implementation state | High       | Design is completely routed                            |                                                                                                                    |
| Clock nodes activity        | Low        | User specified less than 75% of clocks                 | Provide missing clock activity with a constraint file, simulation results or by editing the "By Clock Domain" view |
| I/O nodes activity          | Low        | More than 75% of inputs are missing user specification | Provide missing input activity with simulation results or by editing the "By Resource Type -> I/Os" view           |
| Internal nodes activity     | Medium     | User specified less than 25% of internal nodes         | Provide missing internal nodes activity with simulation results or by editing the "By Resource Type" views         |
| Device models               | High       | Device models are Production                           |                                                                                                                    |
|                             |            |                                                        |                                                                                                                    |
| Overall confidence level    | Low        |                                                        |                                                                                                                    |
+-----------------------------+------------+--------------------------------------------------------+--------------------------------------------------------------------------------------------------------------------+


2. Settings
-----------

2.1 Environment
---------------

+-----------------------+------------------------+
| Ambient Temp (C)      | 25.0                   |
| ThetaJA (C/W)         | 11.5                   |
| Airflow (LFM)         | 250                    |
| Heat Sink             | none                   |
| ThetaSA (C/W)         | 0.0                    |
| Board Selection       | medium (10"x10")       |
| # of Board Layers     | 8to11 (8 to 11 Layers) |
| Board Temperature (C) | 25.0                   |
+-----------------------+------------------------+


2.2 Clock Constraints
---------------------

+---------------------------------------------------------+-------------------------------------------------------------+-----------------+
| Clock                                                   | Domain                                                      | Constraint (ns) |
+---------------------------------------------------------+-------------------------------------------------------------+-----------------+
| clk_fpga_0                                              | Z_system_i/processing_system7_0/inst/FCLK_CLK_unbuffered[0] |            20.0 |
| dbg_hub/inst/bscan_inst/SERIES7_BSCAN.bscan_inst/DRCK   | dbg_hub/inst/bscan_inst/DRCK                                |            30.0 |
| dbg_hub/inst/bscan_inst/SERIES7_BSCAN.bscan_inst/UPDATE | dbg_hub/inst/bscan_inst/UPDATE                              |            30.0 |
+---------------------------------------------------------+-------------------------------------------------------------+-----------------+


3. Detailed Reports
-------------------

3.1 By Hierarchy
----------------

+------------------------------------------------------------------------------------------------------------------------------------------------------------------------------------------------------------------------+-----------+
| Name                                                                                                                                                                                                                   | Power (W) |
+------------------------------------------------------------------------------------------------------------------------------------------------------------------------------------------------------------------------+-----------+
| Z_system_wrapper                                                                                                                                                                                                       |     1.334 |
|   Z_system_i                                                                                                                                                                                                           |     1.331 |
|     PWM_w_Int_0                                                                                                                                                                                                        |    <0.001 |
|     axi_bram_ctrl_0                                                                                                                                                                                                    |     0.002 |
|     axi_interconnect_0                                                                                                                                                                                                 |     0.009 |
|       m01_couplers/auto_ds                                                                                                                                                                                             |     0.002 |
|         inst                                                                                                                                                                                                           |     0.002 |
|           gen_downsizer.gen_simple_downsizer.axi_downsizer_inst/USE_READ.read_addr_inst/cmd_queue/inst/fifo_gen_inst/inst_fifo_gen/gconvfifo.rf/grf.rf/gntv_or_sync_fifo.mem/gdm.dm/RAM_reg_0_31_0_5                   |    <0.001 |
|           gen_downsizer.gen_simple_downsizer.axi_downsizer_inst/USE_READ.read_addr_inst/cmd_queue/inst/fifo_gen_inst/inst_fifo_gen/gconvfifo.rf/grf.rf/gntv_or_sync_fifo.mem/gdm.dm/RAM_reg_0_31_12_17                 |    <0.001 |
|           gen_downsizer.gen_simple_downsizer.axi_downsizer_inst/USE_READ.read_addr_inst/cmd_queue/inst/fifo_gen_inst/inst_fifo_gen/gconvfifo.rf/grf.rf/gntv_or_sync_fifo.mem/gdm.dm/RAM_reg_0_31_18_23                 |    <0.001 |
|           gen_downsizer.gen_simple_downsizer.axi_downsizer_inst/USE_READ.read_addr_inst/cmd_queue/inst/fifo_gen_inst/inst_fifo_gen/gconvfifo.rf/grf.rf/gntv_or_sync_fifo.mem/gdm.dm/RAM_reg_0_31_24_25                 |    <0.001 |
|           gen_downsizer.gen_simple_downsizer.axi_downsizer_inst/USE_READ.read_addr_inst/cmd_queue/inst/fifo_gen_inst/inst_fifo_gen/gconvfifo.rf/grf.rf/gntv_or_sync_fifo.mem/gdm.dm/RAM_reg_0_31_6_11                  |    <0.001 |
|           gen_downsizer.gen_simple_downsizer.axi_downsizer_inst/USE_WRITE.write_addr_inst/USE_B_CHANNEL.cmd_b_queue/inst/fifo_gen_inst/inst_fifo_gen/gconvfifo.rf/grf.rf/gntv_or_sync_fifo.mem/gdm.dm/RAM_reg_0_31_0_5 |    <0.001 |
|           gen_downsizer.gen_simple_downsizer.axi_downsizer_inst/USE_WRITE.write_addr_inst/USE_B_CHANNEL.cmd_b_queue/inst/fifo_gen_inst/inst_fifo_gen/gconvfifo.rf/grf.rf/gntv_or_sync_fifo.mem/gdm.dm/RAM_reg_0_31_6_8 |    <0.001 |
|           gen_downsizer.gen_simple_downsizer.axi_downsizer_inst/USE_WRITE.write_addr_inst/cmd_queue/inst/fifo_gen_inst/inst_fifo_gen/gconvfifo.rf/grf.rf/gntv_or_sync_fifo.mem/gdm.dm/RAM_reg_0_31_0_5                 |    <0.001 |
|           gen_downsizer.gen_simple_downsizer.axi_downsizer_inst/USE_WRITE.write_addr_inst/cmd_queue/inst/fifo_gen_inst/inst_fifo_gen/gconvfifo.rf/grf.rf/gntv_or_sync_fifo.mem/gdm.dm/RAM_reg_0_31_12_17               |    <0.001 |
|           gen_downsizer.gen_simple_downsizer.axi_downsizer_inst/USE_WRITE.write_addr_inst/cmd_queue/inst/fifo_gen_inst/inst_fifo_gen/gconvfifo.rf/grf.rf/gntv_or_sync_fifo.mem/gdm.dm/RAM_reg_0_31_18_23               |    <0.001 |
|           gen_downsizer.gen_simple_downsizer.axi_downsizer_inst/USE_WRITE.write_addr_inst/cmd_queue/inst/fifo_gen_inst/inst_fifo_gen/gconvfifo.rf/grf.rf/gntv_or_sync_fifo.mem/gdm.dm/RAM_reg_0_31_24_25               |    <0.001 |
|           gen_downsizer.gen_simple_downsizer.axi_downsizer_inst/USE_WRITE.write_addr_inst/cmd_queue/inst/fifo_gen_inst/inst_fifo_gen/gconvfifo.rf/grf.rf/gntv_or_sync_fifo.mem/gdm.dm/RAM_reg_0_31_6_11                |    <0.001 |
|       m01_couplers/auto_pc                                                                                                                                                                                             |     0.001 |
|       s00_couplers/auto_pc                                                                                                                                                                                             |     0.000 |
|       s00_couplers/auto_us                                                                                                                                                                                             |     0.002 |
|         inst                                                                                                                                                                                                           |     0.002 |
|       s01_couplers/auto_us                                                                                                                                                                                             |     0.002 |
|         inst                                                                                                                                                                                                           |     0.002 |
|       xbar                                                                                                                                                                                                             |     0.002 |
|     blk_mem_gen_0                                                                                                                                                                                                      |    <0.001 |
|     ila_0                                                                                                                                                                                                              |     0.003 |
|       inst                                                                                                                                                                                                             |     0.003 |
|         ila_core_inst/u_ila_cap_ctrl/u_cap_addrgen/u_cap_sample_counter/u_scnt_cmp/allx_typeA_match_detection.cs_allx_typeA_inst/DUT/I_WHOLE_SLICE.G_SLICE_IDX[0].U_ALL_SRL_SLICE/u_srlA                               |    <0.001 |
|         ila_core_inst/u_ila_cap_ctrl/u_cap_addrgen/u_cap_sample_counter/u_scnt_cmp/allx_typeA_match_detection.cs_allx_typeA_inst/DUT/I_WHOLE_SLICE.G_SLICE_IDX[0].U_ALL_SRL_SLICE/u_srlB                               |    <0.001 |
|         ila_core_inst/u_ila_cap_ctrl/u_cap_addrgen/u_cap_sample_counter/u_scnt_cmp/allx_typeA_match_detection.cs_allx_typeA_inst/DUT/I_WHOLE_SLICE.G_SLICE_IDX[0].U_ALL_SRL_SLICE/u_srlC                               |    <0.001 |
|         ila_core_inst/u_ila_cap_ctrl/u_cap_addrgen/u_cap_sample_counter/u_scnt_cmp/allx_typeA_match_detection.cs_allx_typeA_inst/DUT/I_WHOLE_SLICE.G_SLICE_IDX[0].U_ALL_SRL_SLICE/u_srlD                               |    <0.001 |
|         ila_core_inst/u_ila_cap_ctrl/u_cap_addrgen/u_cap_sample_counter/u_scnt_cmp/allx_typeA_match_detection.cs_allx_typeA_inst/DUT/I_WHOLE_SLICE.G_SLICE_IDX[1].U_ALL_SRL_SLICE/u_srlA                               |    <0.001 |
|         ila_core_inst/u_ila_cap_ctrl/u_cap_addrgen/u_cap_sample_counter/u_scnt_cmp/allx_typeA_match_detection.cs_allx_typeA_inst/DUT/I_WHOLE_SLICE.G_SLICE_IDX[1].U_ALL_SRL_SLICE/u_srlB                               |    <0.001 |
|         ila_core_inst/u_ila_cap_ctrl/u_cap_addrgen/u_cap_sample_counter/u_scnt_cmp/allx_typeA_match_detection.cs_allx_typeA_inst/DUT/I_WHOLE_SLICE.G_SLICE_IDX[1].U_ALL_SRL_SLICE/u_srlC                               |    <0.001 |
|         ila_core_inst/u_ila_cap_ctrl/u_cap_addrgen/u_cap_sample_counter/u_scnt_cmp/allx_typeA_match_detection.cs_allx_typeA_inst/DUT/I_WHOLE_SLICE.G_SLICE_IDX[1].U_ALL_SRL_SLICE/u_srlD                               |    <0.001 |
|         ila_core_inst/u_ila_cap_ctrl/u_cap_addrgen/u_cap_window_counter/u_wcnt_hcmp/allx_typeA_match_detection.cs_allx_typeA_inst/DUT/I_WHOLE_SLICE.G_SLICE_IDX[0].U_ALL_SRL_SLICE/u_srlA                              |    <0.001 |
|         ila_core_inst/u_ila_cap_ctrl/u_cap_addrgen/u_cap_window_counter/u_wcnt_hcmp/allx_typeA_match_detection.cs_allx_typeA_inst/DUT/I_WHOLE_SLICE.G_SLICE_IDX[0].U_ALL_SRL_SLICE/u_srlB                              |    <0.001 |
|         ila_core_inst/u_ila_cap_ctrl/u_cap_addrgen/u_cap_window_counter/u_wcnt_hcmp/allx_typeA_match_detection.cs_allx_typeA_inst/DUT/I_WHOLE_SLICE.G_SLICE_IDX[0].U_ALL_SRL_SLICE/u_srlC                              |    <0.001 |
|         ila_core_inst/u_ila_cap_ctrl/u_cap_addrgen/u_cap_window_counter/u_wcnt_hcmp/allx_typeA_match_detection.cs_allx_typeA_inst/DUT/I_WHOLE_SLICE.G_SLICE_IDX[0].U_ALL_SRL_SLICE/u_srlD                              |    <0.001 |
|         ila_core_inst/u_ila_cap_ctrl/u_cap_addrgen/u_cap_window_counter/u_wcnt_hcmp/allx_typeA_match_detection.cs_allx_typeA_inst/DUT/I_WHOLE_SLICE.G_SLICE_IDX[1].U_ALL_SRL_SLICE/u_srlA                              |    <0.001 |
|         ila_core_inst/u_ila_cap_ctrl/u_cap_addrgen/u_cap_window_counter/u_wcnt_hcmp/allx_typeA_match_detection.cs_allx_typeA_inst/DUT/I_WHOLE_SLICE.G_SLICE_IDX[1].U_ALL_SRL_SLICE/u_srlB                              |    <0.001 |
|         ila_core_inst/u_ila_cap_ctrl/u_cap_addrgen/u_cap_window_counter/u_wcnt_hcmp/allx_typeA_match_detection.cs_allx_typeA_inst/DUT/I_WHOLE_SLICE.G_SLICE_IDX[1].U_ALL_SRL_SLICE/u_srlC                              |    <0.001 |
|         ila_core_inst/u_ila_cap_ctrl/u_cap_addrgen/u_cap_window_counter/u_wcnt_hcmp/allx_typeA_match_detection.cs_allx_typeA_inst/DUT/I_WHOLE_SLICE.G_SLICE_IDX[1].U_ALL_SRL_SLICE/u_srlD                              |    <0.001 |
|         ila_core_inst/u_ila_cap_ctrl/u_cap_addrgen/u_cap_window_counter/u_wcnt_lcmp/allx_typeA_match_detection.cs_allx_typeA_inst/DUT/I_WHOLE_SLICE.G_SLICE_IDX[0].U_ALL_SRL_SLICE/u_srlA                              |    <0.001 |
|         ila_core_inst/u_ila_cap_ctrl/u_cap_addrgen/u_cap_window_counter/u_wcnt_lcmp/allx_typeA_match_detection.cs_allx_typeA_inst/DUT/I_WHOLE_SLICE.G_SLICE_IDX[0].U_ALL_SRL_SLICE/u_srlB                              |    <0.001 |
|         ila_core_inst/u_ila_cap_ctrl/u_cap_addrgen/u_cap_window_counter/u_wcnt_lcmp/allx_typeA_match_detection.cs_allx_typeA_inst/DUT/I_WHOLE_SLICE.G_SLICE_IDX[0].U_ALL_SRL_SLICE/u_srlC                              |    <0.001 |
|         ila_core_inst/u_ila_cap_ctrl/u_cap_addrgen/u_cap_window_counter/u_wcnt_lcmp/allx_typeA_match_detection.cs_allx_typeA_inst/DUT/I_WHOLE_SLICE.G_SLICE_IDX[0].U_ALL_SRL_SLICE/u_srlD                              |    <0.001 |
|         ila_core_inst/u_ila_cap_ctrl/u_cap_addrgen/u_cap_window_counter/u_wcnt_lcmp/allx_typeA_match_detection.cs_allx_typeA_inst/DUT/I_WHOLE_SLICE.G_SLICE_IDX[1].U_ALL_SRL_SLICE/u_srlA                              |    <0.001 |
|         ila_core_inst/u_ila_cap_ctrl/u_cap_addrgen/u_cap_window_counter/u_wcnt_lcmp/allx_typeA_match_detection.cs_allx_typeA_inst/DUT/I_WHOLE_SLICE.G_SLICE_IDX[1].U_ALL_SRL_SLICE/u_srlB                              |    <0.001 |
|         ila_core_inst/u_ila_cap_ctrl/u_cap_addrgen/u_cap_window_counter/u_wcnt_lcmp/allx_typeA_match_detection.cs_allx_typeA_inst/DUT/I_WHOLE_SLICE.G_SLICE_IDX[1].U_ALL_SRL_SLICE/u_srlC                              |    <0.001 |
|         ila_core_inst/u_ila_cap_ctrl/u_cap_addrgen/u_cap_window_counter/u_wcnt_lcmp/allx_typeA_match_detection.cs_allx_typeA_inst/DUT/I_WHOLE_SLICE.G_SLICE_IDX[1].U_ALL_SRL_SLICE/u_srlD                              |    <0.001 |
|         ila_core_inst/u_ila_regs/U_XSDB_SLAVE                                                                                                                                                                          |    <0.001 |
|           xsdb_interface_buffers_inst                                                                                                                                                                                  |     0.000 |
|         ila_core_inst/u_trig/U_TM/G_NMU[0].U_M/allx_typeA_match_detection.cs_allx_typeA_inst/DUT/I_WHOLE_SLICE.G_SLICE_IDX[0].U_ALL_SRL_SLICE/u_srlA                                                                   |    <0.001 |
|         ila_core_inst/u_trig/U_TM/G_NMU[0].U_M/allx_typeA_match_detection.cs_allx_typeA_inst/DUT/I_WHOLE_SLICE.G_SLICE_IDX[0].U_ALL_SRL_SLICE/u_srlB                                                                   |    <0.001 |
|         ila_core_inst/u_trig/U_TM/G_NMU[0].U_M/allx_typeA_match_detection.cs_allx_typeA_inst/DUT/I_WHOLE_SLICE.G_SLICE_IDX[0].U_ALL_SRL_SLICE/u_srlC                                                                   |    <0.001 |
|         ila_core_inst/u_trig/U_TM/G_NMU[0].U_M/allx_typeA_match_detection.cs_allx_typeA_inst/DUT/I_WHOLE_SLICE.G_SLICE_IDX[0].U_ALL_SRL_SLICE/u_srlD                                                                   |    <0.001 |
|         ila_core_inst/u_trig/U_TM/G_NMU[1].U_M/allx_typeA_match_detection.cs_allx_typeA_inst/DUT/I_WHOLE_SLICE.G_SLICE_IDX[0].U_ALL_SRL_SLICE/u_srlA                                                                   |    <0.001 |
|         ila_core_inst/u_trig/U_TM/G_NMU[1].U_M/allx_typeA_match_detection.cs_allx_typeA_inst/DUT/I_WHOLE_SLICE.G_SLICE_IDX[0].U_ALL_SRL_SLICE/u_srlB                                                                   |    <0.001 |
|         ila_core_inst/u_trig/U_TM/G_NMU[1].U_M/allx_typeA_match_detection.cs_allx_typeA_inst/DUT/I_WHOLE_SLICE.G_SLICE_IDX[0].U_ALL_SRL_SLICE/u_srlC                                                                   |    <0.001 |
|         ila_core_inst/u_trig/U_TM/G_NMU[1].U_M/allx_typeA_match_detection.cs_allx_typeA_inst/DUT/I_WHOLE_SLICE.G_SLICE_IDX[0].U_ALL_SRL_SLICE/u_srlD                                                                   |    <0.001 |
|         ila_core_inst/u_trig/U_TM/G_NMU[1].U_M/allx_typeA_match_detection.cs_allx_typeA_inst/DUT/I_WHOLE_SLICE.G_SLICE_IDX[1].U_ALL_SRL_SLICE/u_srlA                                                                   |    <0.001 |
|         ila_core_inst/u_trig/U_TM/G_NMU[1].U_M/allx_typeA_match_detection.cs_allx_typeA_inst/DUT/I_WHOLE_SLICE.G_SLICE_IDX[1].U_ALL_SRL_SLICE/u_srlB                                                                   |    <0.001 |
|         ila_core_inst/u_trig/U_TM/G_NMU[1].U_M/allx_typeA_match_detection.cs_allx_typeA_inst/DUT/I_WHOLE_SLICE.G_SLICE_IDX[1].U_ALL_SRL_SLICE/u_srlC                                                                   |    <0.001 |
|         ila_core_inst/u_trig/U_TM/G_NMU[1].U_M/allx_typeA_match_detection.cs_allx_typeA_inst/DUT/I_WHOLE_SLICE.G_SLICE_IDX[1].U_ALL_SRL_SLICE/u_srlD                                                                   |    <0.001 |
|         ila_core_inst/u_trig/U_TM/G_NMU[1].U_M/allx_typeA_match_detection.cs_allx_typeA_inst/DUT/I_WHOLE_SLICE.G_SLICE_IDX[2].U_ALL_SRL_SLICE/u_srlA                                                                   |    <0.001 |
|         ila_core_inst/u_trig/U_TM/G_NMU[1].U_M/allx_typeA_match_detection.cs_allx_typeA_inst/DUT/I_WHOLE_SLICE.G_SLICE_IDX[2].U_ALL_SRL_SLICE/u_srlB                                                                   |    <0.001 |
|         ila_core_inst/u_trig/U_TM/G_NMU[1].U_M/allx_typeA_match_detection.cs_allx_typeA_inst/DUT/I_WHOLE_SLICE.G_SLICE_IDX[2].U_ALL_SRL_SLICE/u_srlC                                                                   |    <0.001 |
|         ila_core_inst/u_trig/U_TM/G_NMU[1].U_M/allx_typeA_match_detection.cs_allx_typeA_inst/DUT/I_WHOLE_SLICE.G_SLICE_IDX[2].U_ALL_SRL_SLICE/u_srlD                                                                   |    <0.001 |
|         ila_core_inst/u_trig/U_TM/G_NMU[2].U_M/allx_typeA_match_detection.cs_allx_typeA_inst/DUT/I_WHOLE_SLICE.G_SLICE_IDX[0].U_ALL_SRL_SLICE/u_srlA                                                                   |    <0.001 |
|         ila_core_inst/u_trig/U_TM/G_NMU[2].U_M/allx_typeA_match_detection.cs_allx_typeA_inst/DUT/I_WHOLE_SLICE.G_SLICE_IDX[0].U_ALL_SRL_SLICE/u_srlB                                                                   |    <0.001 |
|         ila_core_inst/u_trig/U_TM/G_NMU[2].U_M/allx_typeA_match_detection.cs_allx_typeA_inst/DUT/I_WHOLE_SLICE.G_SLICE_IDX[0].U_ALL_SRL_SLICE/u_srlC                                                                   |    <0.001 |
|         ila_core_inst/u_trig/U_TM/G_NMU[2].U_M/allx_typeA_match_detection.cs_allx_typeA_inst/DUT/I_WHOLE_SLICE.G_SLICE_IDX[0].U_ALL_SRL_SLICE/u_srlD                                                                   |    <0.001 |
|         ila_core_inst/u_trig/U_TM/G_NMU[2].U_M/allx_typeA_match_detection.cs_allx_typeA_inst/DUT/I_WHOLE_SLICE.G_SLICE_IDX[1].U_ALL_SRL_SLICE/u_srlA                                                                   |    <0.001 |
|         ila_core_inst/u_trig/U_TM/G_NMU[2].U_M/allx_typeA_match_detection.cs_allx_typeA_inst/DUT/I_WHOLE_SLICE.G_SLICE_IDX[1].U_ALL_SRL_SLICE/u_srlB                                                                   |    <0.001 |
|         ila_core_inst/u_trig/U_TM/G_NMU[2].U_M/allx_typeA_match_detection.cs_allx_typeA_inst/DUT/I_WHOLE_SLICE.G_SLICE_IDX[1].U_ALL_SRL_SLICE/u_srlC                                                                   |    <0.001 |
|         ila_core_inst/u_trig/U_TM/G_NMU[2].U_M/allx_typeA_match_detection.cs_allx_typeA_inst/DUT/I_WHOLE_SLICE.G_SLICE_IDX[1].U_ALL_SRL_SLICE/u_srlD                                                                   |    <0.001 |
|         ila_core_inst/u_trig/U_TM/G_NMU[2].U_M/allx_typeA_match_detection.cs_allx_typeA_inst/DUT/I_WHOLE_SLICE.G_SLICE_IDX[2].U_ALL_SRL_SLICE/u_srlA                                                                   |    <0.001 |
|         ila_core_inst/u_trig/U_TM/G_NMU[2].U_M/allx_typeA_match_detection.cs_allx_typeA_inst/DUT/I_WHOLE_SLICE.G_SLICE_IDX[2].U_ALL_SRL_SLICE/u_srlB                                                                   |    <0.001 |
|         ila_core_inst/u_trig/U_TM/G_NMU[2].U_M/allx_typeA_match_detection.cs_allx_typeA_inst/DUT/I_WHOLE_SLICE.G_SLICE_IDX[2].U_ALL_SRL_SLICE/u_srlC                                                                   |    <0.001 |
|         ila_core_inst/u_trig/U_TM/G_NMU[2].U_M/allx_typeA_match_detection.cs_allx_typeA_inst/DUT/I_WHOLE_SLICE.G_SLICE_IDX[2].U_ALL_SRL_SLICE/u_srlD                                                                   |    <0.001 |
|         ila_core_inst/u_trig/U_TM/G_NMU[2].U_M/allx_typeA_match_detection.cs_allx_typeA_inst/DUT/I_WHOLE_SLICE.G_SLICE_IDX[3].U_ALL_SRL_SLICE/u_srlA                                                                   |    <0.001 |
|         ila_core_inst/u_trig/U_TM/G_NMU[2].U_M/allx_typeA_match_detection.cs_allx_typeA_inst/DUT/I_WHOLE_SLICE.G_SLICE_IDX[3].U_ALL_SRL_SLICE/u_srlB                                                                   |    <0.001 |
|         ila_core_inst/u_trig/U_TM/G_NMU[2].U_M/allx_typeA_match_detection.cs_allx_typeA_inst/DUT/I_WHOLE_SLICE.G_SLICE_IDX[3].U_ALL_SRL_SLICE/u_srlC                                                                   |    <0.001 |
|         ila_core_inst/u_trig/U_TM/G_NMU[2].U_M/allx_typeA_match_detection.cs_allx_typeA_inst/DUT/I_WHOLE_SLICE.G_SLICE_IDX[3].U_ALL_SRL_SLICE/u_srlD                                                                   |    <0.001 |
|         ila_core_inst/u_trig/U_TM/G_NMU[3].U_M/allx_typeA_match_detection.cs_allx_typeA_inst/DUT/I_WHOLE_SLICE.G_SLICE_IDX[0].U_ALL_SRL_SLICE/u_srlA                                                                   |    <0.001 |
|         ila_core_inst/u_trig/U_TM/G_NMU[3].U_M/allx_typeA_match_detection.cs_allx_typeA_inst/DUT/I_WHOLE_SLICE.G_SLICE_IDX[0].U_ALL_SRL_SLICE/u_srlB                                                                   |    <0.001 |
|         ila_core_inst/u_trig/U_TM/G_NMU[3].U_M/allx_typeA_match_detection.cs_allx_typeA_inst/DUT/I_WHOLE_SLICE.G_SLICE_IDX[0].U_ALL_SRL_SLICE/u_srlC                                                                   |    <0.001 |
|         ila_core_inst/u_trig/U_TM/G_NMU[3].U_M/allx_typeA_match_detection.cs_allx_typeA_inst/DUT/I_WHOLE_SLICE.G_SLICE_IDX[0].U_ALL_SRL_SLICE/u_srlD                                                                   |    <0.001 |
|         ila_core_inst/u_trig/genblk1[0].U_TC/allx_typeA_match_detection.cs_allx_typeA_inst/DUT/I_WHOLE_SLICE.G_SLICE_IDX[0].U_ALL_SRL_SLICE/u_srlA                                                                     |    <0.001 |
|         ila_core_inst/u_trig/genblk1[0].U_TC/allx_typeA_match_detection.cs_allx_typeA_inst/DUT/I_WHOLE_SLICE.G_SLICE_IDX[0].U_ALL_SRL_SLICE/u_srlB                                                                     |    <0.001 |
|         ila_core_inst/u_trig/genblk1[0].U_TC/allx_typeA_match_detection.cs_allx_typeA_inst/DUT/I_WHOLE_SLICE.G_SLICE_IDX[0].U_ALL_SRL_SLICE/u_srlC                                                                     |    <0.001 |
|         ila_core_inst/u_trig/genblk1[0].U_TC/allx_typeA_match_detection.cs_allx_typeA_inst/DUT/I_WHOLE_SLICE.G_SLICE_IDX[0].U_ALL_SRL_SLICE/u_srlD                                                                     |    <0.001 |
|     jtag_axi_0                                                                                                                                                                                                         |     0.008 |
|       inst                                                                                                                                                                                                             |     0.008 |
|         jtag_axi_engine_u/U_XSDB_SLAVE                                                                                                                                                                                 |    <0.001 |
|           xsdb_interface_buffers_inst                                                                                                                                                                                  |     0.000 |
|         jtag_axi_engine_u/rd_cmd_fifo_i/inst_fifo_gen/gconvfifo.rf/grf.rf/gntv_or_sync_fifo.mem/gdm.dm/RAM_reg_0_15_12_17                                                                                              |    <0.001 |
|         jtag_axi_engine_u/rd_cmd_fifo_i/inst_fifo_gen/gconvfifo.rf/grf.rf/gntv_or_sync_fifo.mem/gdm.dm/RAM_reg_0_15_18_23                                                                                              |    <0.001 |
|         jtag_axi_engine_u/rd_cmd_fifo_i/inst_fifo_gen/gconvfifo.rf/grf.rf/gntv_or_sync_fifo.mem/gdm.dm/RAM_reg_0_15_24_29                                                                                              |    <0.001 |
|         jtag_axi_engine_u/rd_cmd_fifo_i/inst_fifo_gen/gconvfifo.rf/grf.rf/gntv_or_sync_fifo.mem/gdm.dm/RAM_reg_0_15_30_35                                                                                              |    <0.001 |
|         jtag_axi_engine_u/rd_cmd_fifo_i/inst_fifo_gen/gconvfifo.rf/grf.rf/gntv_or_sync_fifo.mem/gdm.dm/RAM_reg_0_15_36_41                                                                                              |    <0.001 |
|         jtag_axi_engine_u/rd_cmd_fifo_i/inst_fifo_gen/gconvfifo.rf/grf.rf/gntv_or_sync_fifo.mem/gdm.dm/RAM_reg_0_15_42_47                                                                                              |    <0.001 |
|         jtag_axi_engine_u/rd_cmd_fifo_i/inst_fifo_gen/gconvfifo.rf/grf.rf/gntv_or_sync_fifo.mem/gdm.dm/RAM_reg_0_15_48_53                                                                                              |    <0.001 |
|         jtag_axi_engine_u/rd_cmd_fifo_i/inst_fifo_gen/gconvfifo.rf/grf.rf/gntv_or_sync_fifo.mem/gdm.dm/RAM_reg_0_15_54_59                                                                                              |    <0.001 |
|         jtag_axi_engine_u/rd_cmd_fifo_i/inst_fifo_gen/gconvfifo.rf/grf.rf/gntv_or_sync_fifo.mem/gdm.dm/RAM_reg_0_15_60_63                                                                                              |    <0.001 |
|         jtag_axi_engine_u/rd_cmd_fifo_i/inst_fifo_gen/gconvfifo.rf/grf.rf/gntv_or_sync_fifo.mem/gdm.dm/RAM_reg_0_15_6_11                                                                                               |    <0.001 |
|         jtag_axi_engine_u/rx_fifo_i/inst_fifo_gen/gconvfifo.rf/grf.rf/gntv_or_sync_fifo.mem/gdm.dm/RAM_reg_0_63_0_2                                                                                                    |    <0.001 |
|         jtag_axi_engine_u/rx_fifo_i/inst_fifo_gen/gconvfifo.rf/grf.rf/gntv_or_sync_fifo.mem/gdm.dm/RAM_reg_0_63_12_14                                                                                                  |    <0.001 |
|         jtag_axi_engine_u/rx_fifo_i/inst_fifo_gen/gconvfifo.rf/grf.rf/gntv_or_sync_fifo.mem/gdm.dm/RAM_reg_0_63_15_17                                                                                                  |    <0.001 |
|         jtag_axi_engine_u/rx_fifo_i/inst_fifo_gen/gconvfifo.rf/grf.rf/gntv_or_sync_fifo.mem/gdm.dm/RAM_reg_0_63_18_20                                                                                                  |    <0.001 |
|         jtag_axi_engine_u/rx_fifo_i/inst_fifo_gen/gconvfifo.rf/grf.rf/gntv_or_sync_fifo.mem/gdm.dm/RAM_reg_0_63_21_23                                                                                                  |    <0.001 |
|         jtag_axi_engine_u/rx_fifo_i/inst_fifo_gen/gconvfifo.rf/grf.rf/gntv_or_sync_fifo.mem/gdm.dm/RAM_reg_0_63_24_26                                                                                                  |    <0.001 |
|         jtag_axi_engine_u/rx_fifo_i/inst_fifo_gen/gconvfifo.rf/grf.rf/gntv_or_sync_fifo.mem/gdm.dm/RAM_reg_0_63_27_29                                                                                                  |    <0.001 |
|         jtag_axi_engine_u/rx_fifo_i/inst_fifo_gen/gconvfifo.rf/grf.rf/gntv_or_sync_fifo.mem/gdm.dm/RAM_reg_0_63_30_30                                                                                                  |    <0.001 |
|         jtag_axi_engine_u/rx_fifo_i/inst_fifo_gen/gconvfifo.rf/grf.rf/gntv_or_sync_fifo.mem/gdm.dm/RAM_reg_0_63_31_31                                                                                                  |    <0.001 |
|         jtag_axi_engine_u/rx_fifo_i/inst_fifo_gen/gconvfifo.rf/grf.rf/gntv_or_sync_fifo.mem/gdm.dm/RAM_reg_0_63_3_5                                                                                                    |    <0.001 |
|         jtag_axi_engine_u/rx_fifo_i/inst_fifo_gen/gconvfifo.rf/grf.rf/gntv_or_sync_fifo.mem/gdm.dm/RAM_reg_0_63_6_8                                                                                                    |    <0.001 |
|         jtag_axi_engine_u/rx_fifo_i/inst_fifo_gen/gconvfifo.rf/grf.rf/gntv_or_sync_fifo.mem/gdm.dm/RAM_reg_0_63_9_11                                                                                                   |    <0.001 |
|         jtag_axi_engine_u/rx_fifo_i/inst_fifo_gen/gconvfifo.rf/grf.rf/gntv_or_sync_fifo.mem/gdm.dm/RAM_reg_128_191_0_2                                                                                                 |    <0.001 |
|         jtag_axi_engine_u/rx_fifo_i/inst_fifo_gen/gconvfifo.rf/grf.rf/gntv_or_sync_fifo.mem/gdm.dm/RAM_reg_128_191_12_14                                                                                               |    <0.001 |
|         jtag_axi_engine_u/rx_fifo_i/inst_fifo_gen/gconvfifo.rf/grf.rf/gntv_or_sync_fifo.mem/gdm.dm/RAM_reg_128_191_15_17                                                                                               |    <0.001 |
|         jtag_axi_engine_u/rx_fifo_i/inst_fifo_gen/gconvfifo.rf/grf.rf/gntv_or_sync_fifo.mem/gdm.dm/RAM_reg_128_191_18_20                                                                                               |    <0.001 |
|         jtag_axi_engine_u/rx_fifo_i/inst_fifo_gen/gconvfifo.rf/grf.rf/gntv_or_sync_fifo.mem/gdm.dm/RAM_reg_128_191_21_23                                                                                               |    <0.001 |
|         jtag_axi_engine_u/rx_fifo_i/inst_fifo_gen/gconvfifo.rf/grf.rf/gntv_or_sync_fifo.mem/gdm.dm/RAM_reg_128_191_24_26                                                                                               |    <0.001 |
|         jtag_axi_engine_u/rx_fifo_i/inst_fifo_gen/gconvfifo.rf/grf.rf/gntv_or_sync_fifo.mem/gdm.dm/RAM_reg_128_191_27_29                                                                                               |    <0.001 |
|         jtag_axi_engine_u/rx_fifo_i/inst_fifo_gen/gconvfifo.rf/grf.rf/gntv_or_sync_fifo.mem/gdm.dm/RAM_reg_128_191_30_30                                                                                               |    <0.001 |
|         jtag_axi_engine_u/rx_fifo_i/inst_fifo_gen/gconvfifo.rf/grf.rf/gntv_or_sync_fifo.mem/gdm.dm/RAM_reg_128_191_31_31                                                                                               |    <0.001 |
|         jtag_axi_engine_u/rx_fifo_i/inst_fifo_gen/gconvfifo.rf/grf.rf/gntv_or_sync_fifo.mem/gdm.dm/RAM_reg_128_191_3_5                                                                                                 |    <0.001 |
|         jtag_axi_engine_u/rx_fifo_i/inst_fifo_gen/gconvfifo.rf/grf.rf/gntv_or_sync_fifo.mem/gdm.dm/RAM_reg_128_191_6_8                                                                                                 |    <0.001 |
|         jtag_axi_engine_u/rx_fifo_i/inst_fifo_gen/gconvfifo.rf/grf.rf/gntv_or_sync_fifo.mem/gdm.dm/RAM_reg_128_191_9_11                                                                                                |    <0.001 |
|         jtag_axi_engine_u/rx_fifo_i/inst_fifo_gen/gconvfifo.rf/grf.rf/gntv_or_sync_fifo.mem/gdm.dm/RAM_reg_192_255_0_2                                                                                                 |    <0.001 |
|         jtag_axi_engine_u/rx_fifo_i/inst_fifo_gen/gconvfifo.rf/grf.rf/gntv_or_sync_fifo.mem/gdm.dm/RAM_reg_192_255_12_14                                                                                               |    <0.001 |
|         jtag_axi_engine_u/rx_fifo_i/inst_fifo_gen/gconvfifo.rf/grf.rf/gntv_or_sync_fifo.mem/gdm.dm/RAM_reg_192_255_15_17                                                                                               |    <0.001 |
|         jtag_axi_engine_u/rx_fifo_i/inst_fifo_gen/gconvfifo.rf/grf.rf/gntv_or_sync_fifo.mem/gdm.dm/RAM_reg_192_255_18_20                                                                                               |    <0.001 |
|         jtag_axi_engine_u/rx_fifo_i/inst_fifo_gen/gconvfifo.rf/grf.rf/gntv_or_sync_fifo.mem/gdm.dm/RAM_reg_192_255_21_23                                                                                               |    <0.001 |
|         jtag_axi_engine_u/rx_fifo_i/inst_fifo_gen/gconvfifo.rf/grf.rf/gntv_or_sync_fifo.mem/gdm.dm/RAM_reg_192_255_24_26                                                                                               |    <0.001 |
|         jtag_axi_engine_u/rx_fifo_i/inst_fifo_gen/gconvfifo.rf/grf.rf/gntv_or_sync_fifo.mem/gdm.dm/RAM_reg_192_255_27_29                                                                                               |    <0.001 |
|         jtag_axi_engine_u/rx_fifo_i/inst_fifo_gen/gconvfifo.rf/grf.rf/gntv_or_sync_fifo.mem/gdm.dm/RAM_reg_192_255_30_30                                                                                               |    <0.001 |
|         jtag_axi_engine_u/rx_fifo_i/inst_fifo_gen/gconvfifo.rf/grf.rf/gntv_or_sync_fifo.mem/gdm.dm/RAM_reg_192_255_31_31                                                                                               |    <0.001 |
|         jtag_axi_engine_u/rx_fifo_i/inst_fifo_gen/gconvfifo.rf/grf.rf/gntv_or_sync_fifo.mem/gdm.dm/RAM_reg_192_255_3_5                                                                                                 |    <0.001 |
|         jtag_axi_engine_u/rx_fifo_i/inst_fifo_gen/gconvfifo.rf/grf.rf/gntv_or_sync_fifo.mem/gdm.dm/RAM_reg_192_255_6_8                                                                                                 |    <0.001 |
|         jtag_axi_engine_u/rx_fifo_i/inst_fifo_gen/gconvfifo.rf/grf.rf/gntv_or_sync_fifo.mem/gdm.dm/RAM_reg_192_255_9_11                                                                                                |    <0.001 |
|         jtag_axi_engine_u/rx_fifo_i/inst_fifo_gen/gconvfifo.rf/grf.rf/gntv_or_sync_fifo.mem/gdm.dm/RAM_reg_256_319_0_2                                                                                                 |    <0.001 |
|         jtag_axi_engine_u/rx_fifo_i/inst_fifo_gen/gconvfifo.rf/grf.rf/gntv_or_sync_fifo.mem/gdm.dm/RAM_reg_256_319_12_14                                                                                               |    <0.001 |
|         jtag_axi_engine_u/rx_fifo_i/inst_fifo_gen/gconvfifo.rf/grf.rf/gntv_or_sync_fifo.mem/gdm.dm/RAM_reg_256_319_15_17                                                                                               |    <0.001 |
|         jtag_axi_engine_u/rx_fifo_i/inst_fifo_gen/gconvfifo.rf/grf.rf/gntv_or_sync_fifo.mem/gdm.dm/RAM_reg_256_319_18_20                                                                                               |    <0.001 |
|         jtag_axi_engine_u/rx_fifo_i/inst_fifo_gen/gconvfifo.rf/grf.rf/gntv_or_sync_fifo.mem/gdm.dm/RAM_reg_256_319_21_23                                                                                               |    <0.001 |
|         jtag_axi_engine_u/rx_fifo_i/inst_fifo_gen/gconvfifo.rf/grf.rf/gntv_or_sync_fifo.mem/gdm.dm/RAM_reg_256_319_24_26                                                                                               |    <0.001 |
|         jtag_axi_engine_u/rx_fifo_i/inst_fifo_gen/gconvfifo.rf/grf.rf/gntv_or_sync_fifo.mem/gdm.dm/RAM_reg_256_319_27_29                                                                                               |    <0.001 |
|         jtag_axi_engine_u/rx_fifo_i/inst_fifo_gen/gconvfifo.rf/grf.rf/gntv_or_sync_fifo.mem/gdm.dm/RAM_reg_256_319_30_30                                                                                               |    <0.001 |
|         jtag_axi_engine_u/rx_fifo_i/inst_fifo_gen/gconvfifo.rf/grf.rf/gntv_or_sync_fifo.mem/gdm.dm/RAM_reg_256_319_31_31                                                                                               |    <0.001 |
|         jtag_axi_engine_u/rx_fifo_i/inst_fifo_gen/gconvfifo.rf/grf.rf/gntv_or_sync_fifo.mem/gdm.dm/RAM_reg_256_319_3_5                                                                                                 |    <0.001 |
|         jtag_axi_engine_u/rx_fifo_i/inst_fifo_gen/gconvfifo.rf/grf.rf/gntv_or_sync_fifo.mem/gdm.dm/RAM_reg_256_319_6_8                                                                                                 |    <0.001 |
|         jtag_axi_engine_u/rx_fifo_i/inst_fifo_gen/gconvfifo.rf/grf.rf/gntv_or_sync_fifo.mem/gdm.dm/RAM_reg_256_319_9_11                                                                                                |    <0.001 |
|         jtag_axi_engine_u/rx_fifo_i/inst_fifo_gen/gconvfifo.rf/grf.rf/gntv_or_sync_fifo.mem/gdm.dm/RAM_reg_320_383_0_2                                                                                                 |    <0.001 |
|         jtag_axi_engine_u/rx_fifo_i/inst_fifo_gen/gconvfifo.rf/grf.rf/gntv_or_sync_fifo.mem/gdm.dm/RAM_reg_320_383_12_14                                                                                               |    <0.001 |
|         jtag_axi_engine_u/rx_fifo_i/inst_fifo_gen/gconvfifo.rf/grf.rf/gntv_or_sync_fifo.mem/gdm.dm/RAM_reg_320_383_15_17                                                                                               |    <0.001 |
|         jtag_axi_engine_u/rx_fifo_i/inst_fifo_gen/gconvfifo.rf/grf.rf/gntv_or_sync_fifo.mem/gdm.dm/RAM_reg_320_383_18_20                                                                                               |    <0.001 |
|         jtag_axi_engine_u/rx_fifo_i/inst_fifo_gen/gconvfifo.rf/grf.rf/gntv_or_sync_fifo.mem/gdm.dm/RAM_reg_320_383_21_23                                                                                               |    <0.001 |
|         jtag_axi_engine_u/rx_fifo_i/inst_fifo_gen/gconvfifo.rf/grf.rf/gntv_or_sync_fifo.mem/gdm.dm/RAM_reg_320_383_24_26                                                                                               |    <0.001 |
|         jtag_axi_engine_u/rx_fifo_i/inst_fifo_gen/gconvfifo.rf/grf.rf/gntv_or_sync_fifo.mem/gdm.dm/RAM_reg_320_383_27_29                                                                                               |    <0.001 |
|         jtag_axi_engine_u/rx_fifo_i/inst_fifo_gen/gconvfifo.rf/grf.rf/gntv_or_sync_fifo.mem/gdm.dm/RAM_reg_320_383_30_30                                                                                               |    <0.001 |
|         jtag_axi_engine_u/rx_fifo_i/inst_fifo_gen/gconvfifo.rf/grf.rf/gntv_or_sync_fifo.mem/gdm.dm/RAM_reg_320_383_31_31                                                                                               |    <0.001 |
|         jtag_axi_engine_u/rx_fifo_i/inst_fifo_gen/gconvfifo.rf/grf.rf/gntv_or_sync_fifo.mem/gdm.dm/RAM_reg_320_383_3_5                                                                                                 |    <0.001 |
|         jtag_axi_engine_u/rx_fifo_i/inst_fifo_gen/gconvfifo.rf/grf.rf/gntv_or_sync_fifo.mem/gdm.dm/RAM_reg_320_383_6_8                                                                                                 |    <0.001 |
|         jtag_axi_engine_u/rx_fifo_i/inst_fifo_gen/gconvfifo.rf/grf.rf/gntv_or_sync_fifo.mem/gdm.dm/RAM_reg_320_383_9_11                                                                                                |    <0.001 |
|         jtag_axi_engine_u/rx_fifo_i/inst_fifo_gen/gconvfifo.rf/grf.rf/gntv_or_sync_fifo.mem/gdm.dm/RAM_reg_384_447_0_2                                                                                                 |    <0.001 |
|         jtag_axi_engine_u/rx_fifo_i/inst_fifo_gen/gconvfifo.rf/grf.rf/gntv_or_sync_fifo.mem/gdm.dm/RAM_reg_384_447_12_14                                                                                               |    <0.001 |
|         jtag_axi_engine_u/rx_fifo_i/inst_fifo_gen/gconvfifo.rf/grf.rf/gntv_or_sync_fifo.mem/gdm.dm/RAM_reg_384_447_15_17                                                                                               |    <0.001 |
|         jtag_axi_engine_u/rx_fifo_i/inst_fifo_gen/gconvfifo.rf/grf.rf/gntv_or_sync_fifo.mem/gdm.dm/RAM_reg_384_447_18_20                                                                                               |    <0.001 |
|         jtag_axi_engine_u/rx_fifo_i/inst_fifo_gen/gconvfifo.rf/grf.rf/gntv_or_sync_fifo.mem/gdm.dm/RAM_reg_384_447_21_23                                                                                               |    <0.001 |
|         jtag_axi_engine_u/rx_fifo_i/inst_fifo_gen/gconvfifo.rf/grf.rf/gntv_or_sync_fifo.mem/gdm.dm/RAM_reg_384_447_24_26                                                                                               |    <0.001 |
|         jtag_axi_engine_u/rx_fifo_i/inst_fifo_gen/gconvfifo.rf/grf.rf/gntv_or_sync_fifo.mem/gdm.dm/RAM_reg_384_447_27_29                                                                                               |    <0.001 |
|         jtag_axi_engine_u/rx_fifo_i/inst_fifo_gen/gconvfifo.rf/grf.rf/gntv_or_sync_fifo.mem/gdm.dm/RAM_reg_384_447_30_30                                                                                               |    <0.001 |
|         jtag_axi_engine_u/rx_fifo_i/inst_fifo_gen/gconvfifo.rf/grf.rf/gntv_or_sync_fifo.mem/gdm.dm/RAM_reg_384_447_31_31                                                                                               |    <0.001 |
|         jtag_axi_engine_u/rx_fifo_i/inst_fifo_gen/gconvfifo.rf/grf.rf/gntv_or_sync_fifo.mem/gdm.dm/RAM_reg_384_447_3_5                                                                                                 |    <0.001 |
|         jtag_axi_engine_u/rx_fifo_i/inst_fifo_gen/gconvfifo.rf/grf.rf/gntv_or_sync_fifo.mem/gdm.dm/RAM_reg_384_447_6_8                                                                                                 |    <0.001 |
|         jtag_axi_engine_u/rx_fifo_i/inst_fifo_gen/gconvfifo.rf/grf.rf/gntv_or_sync_fifo.mem/gdm.dm/RAM_reg_384_447_9_11                                                                                                |    <0.001 |
|         jtag_axi_engine_u/rx_fifo_i/inst_fifo_gen/gconvfifo.rf/grf.rf/gntv_or_sync_fifo.mem/gdm.dm/RAM_reg_448_511_0_2                                                                                                 |    <0.001 |
|         jtag_axi_engine_u/rx_fifo_i/inst_fifo_gen/gconvfifo.rf/grf.rf/gntv_or_sync_fifo.mem/gdm.dm/RAM_reg_448_511_12_14                                                                                               |    <0.001 |
|         jtag_axi_engine_u/rx_fifo_i/inst_fifo_gen/gconvfifo.rf/grf.rf/gntv_or_sync_fifo.mem/gdm.dm/RAM_reg_448_511_15_17                                                                                               |    <0.001 |
|         jtag_axi_engine_u/rx_fifo_i/inst_fifo_gen/gconvfifo.rf/grf.rf/gntv_or_sync_fifo.mem/gdm.dm/RAM_reg_448_511_18_20                                                                                               |    <0.001 |
|         jtag_axi_engine_u/rx_fifo_i/inst_fifo_gen/gconvfifo.rf/grf.rf/gntv_or_sync_fifo.mem/gdm.dm/RAM_reg_448_511_21_23                                                                                               |    <0.001 |
|         jtag_axi_engine_u/rx_fifo_i/inst_fifo_gen/gconvfifo.rf/grf.rf/gntv_or_sync_fifo.mem/gdm.dm/RAM_reg_448_511_24_26                                                                                               |    <0.001 |
|         jtag_axi_engine_u/rx_fifo_i/inst_fifo_gen/gconvfifo.rf/grf.rf/gntv_or_sync_fifo.mem/gdm.dm/RAM_reg_448_511_27_29                                                                                               |    <0.001 |
|         jtag_axi_engine_u/rx_fifo_i/inst_fifo_gen/gconvfifo.rf/grf.rf/gntv_or_sync_fifo.mem/gdm.dm/RAM_reg_448_511_30_30                                                                                               |    <0.001 |
|         jtag_axi_engine_u/rx_fifo_i/inst_fifo_gen/gconvfifo.rf/grf.rf/gntv_or_sync_fifo.mem/gdm.dm/RAM_reg_448_511_31_31                                                                                               |    <0.001 |
|         jtag_axi_engine_u/rx_fifo_i/inst_fifo_gen/gconvfifo.rf/grf.rf/gntv_or_sync_fifo.mem/gdm.dm/RAM_reg_448_511_3_5                                                                                                 |    <0.001 |
|         jtag_axi_engine_u/rx_fifo_i/inst_fifo_gen/gconvfifo.rf/grf.rf/gntv_or_sync_fifo.mem/gdm.dm/RAM_reg_448_511_6_8                                                                                                 |    <0.001 |
|         jtag_axi_engine_u/rx_fifo_i/inst_fifo_gen/gconvfifo.rf/grf.rf/gntv_or_sync_fifo.mem/gdm.dm/RAM_reg_448_511_9_11                                                                                                |    <0.001 |
|         jtag_axi_engine_u/rx_fifo_i/inst_fifo_gen/gconvfifo.rf/grf.rf/gntv_or_sync_fifo.mem/gdm.dm/RAM_reg_64_127_0_2                                                                                                  |    <0.001 |
|         jtag_axi_engine_u/rx_fifo_i/inst_fifo_gen/gconvfifo.rf/grf.rf/gntv_or_sync_fifo.mem/gdm.dm/RAM_reg_64_127_12_14                                                                                                |    <0.001 |
|         jtag_axi_engine_u/rx_fifo_i/inst_fifo_gen/gconvfifo.rf/grf.rf/gntv_or_sync_fifo.mem/gdm.dm/RAM_reg_64_127_15_17                                                                                                |    <0.001 |
|         jtag_axi_engine_u/rx_fifo_i/inst_fifo_gen/gconvfifo.rf/grf.rf/gntv_or_sync_fifo.mem/gdm.dm/RAM_reg_64_127_18_20                                                                                                |    <0.001 |
|         jtag_axi_engine_u/rx_fifo_i/inst_fifo_gen/gconvfifo.rf/grf.rf/gntv_or_sync_fifo.mem/gdm.dm/RAM_reg_64_127_21_23                                                                                                |    <0.001 |
|         jtag_axi_engine_u/rx_fifo_i/inst_fifo_gen/gconvfifo.rf/grf.rf/gntv_or_sync_fifo.mem/gdm.dm/RAM_reg_64_127_24_26                                                                                                |    <0.001 |
|         jtag_axi_engine_u/rx_fifo_i/inst_fifo_gen/gconvfifo.rf/grf.rf/gntv_or_sync_fifo.mem/gdm.dm/RAM_reg_64_127_27_29                                                                                                |    <0.001 |
|         jtag_axi_engine_u/rx_fifo_i/inst_fifo_gen/gconvfifo.rf/grf.rf/gntv_or_sync_fifo.mem/gdm.dm/RAM_reg_64_127_30_30                                                                                                |    <0.001 |
|         jtag_axi_engine_u/rx_fifo_i/inst_fifo_gen/gconvfifo.rf/grf.rf/gntv_or_sync_fifo.mem/gdm.dm/RAM_reg_64_127_31_31                                                                                                |    <0.001 |
|         jtag_axi_engine_u/rx_fifo_i/inst_fifo_gen/gconvfifo.rf/grf.rf/gntv_or_sync_fifo.mem/gdm.dm/RAM_reg_64_127_3_5                                                                                                  |    <0.001 |
|         jtag_axi_engine_u/rx_fifo_i/inst_fifo_gen/gconvfifo.rf/grf.rf/gntv_or_sync_fifo.mem/gdm.dm/RAM_reg_64_127_6_8                                                                                                  |    <0.001 |
|         jtag_axi_engine_u/rx_fifo_i/inst_fifo_gen/gconvfifo.rf/grf.rf/gntv_or_sync_fifo.mem/gdm.dm/RAM_reg_64_127_9_11                                                                                                 |    <0.001 |
|         jtag_axi_engine_u/tx_fifo_i/inst_fifo_gen/gconvfifo.rf/grf.rf/gntv_or_sync_fifo.mem/gdm.dm/RAM_reg_0_63_0_2                                                                                                    |    <0.001 |
|         jtag_axi_engine_u/tx_fifo_i/inst_fifo_gen/gconvfifo.rf/grf.rf/gntv_or_sync_fifo.mem/gdm.dm/RAM_reg_0_63_12_14                                                                                                  |    <0.001 |
|         jtag_axi_engine_u/tx_fifo_i/inst_fifo_gen/gconvfifo.rf/grf.rf/gntv_or_sync_fifo.mem/gdm.dm/RAM_reg_0_63_15_17                                                                                                  |    <0.001 |
|         jtag_axi_engine_u/tx_fifo_i/inst_fifo_gen/gconvfifo.rf/grf.rf/gntv_or_sync_fifo.mem/gdm.dm/RAM_reg_0_63_18_20                                                                                                  |    <0.001 |
|         jtag_axi_engine_u/tx_fifo_i/inst_fifo_gen/gconvfifo.rf/grf.rf/gntv_or_sync_fifo.mem/gdm.dm/RAM_reg_0_63_21_23                                                                                                  |    <0.001 |
|         jtag_axi_engine_u/tx_fifo_i/inst_fifo_gen/gconvfifo.rf/grf.rf/gntv_or_sync_fifo.mem/gdm.dm/RAM_reg_0_63_24_26                                                                                                  |    <0.001 |
|         jtag_axi_engine_u/tx_fifo_i/inst_fifo_gen/gconvfifo.rf/grf.rf/gntv_or_sync_fifo.mem/gdm.dm/RAM_reg_0_63_27_29                                                                                                  |    <0.001 |
|         jtag_axi_engine_u/tx_fifo_i/inst_fifo_gen/gconvfifo.rf/grf.rf/gntv_or_sync_fifo.mem/gdm.dm/RAM_reg_0_63_30_30                                                                                                  |    <0.001 |
|         jtag_axi_engine_u/tx_fifo_i/inst_fifo_gen/gconvfifo.rf/grf.rf/gntv_or_sync_fifo.mem/gdm.dm/RAM_reg_0_63_31_31                                                                                                  |    <0.001 |
|         jtag_axi_engine_u/tx_fifo_i/inst_fifo_gen/gconvfifo.rf/grf.rf/gntv_or_sync_fifo.mem/gdm.dm/RAM_reg_0_63_3_5                                                                                                    |    <0.001 |
|         jtag_axi_engine_u/tx_fifo_i/inst_fifo_gen/gconvfifo.rf/grf.rf/gntv_or_sync_fifo.mem/gdm.dm/RAM_reg_0_63_6_8                                                                                                    |    <0.001 |
|         jtag_axi_engine_u/tx_fifo_i/inst_fifo_gen/gconvfifo.rf/grf.rf/gntv_or_sync_fifo.mem/gdm.dm/RAM_reg_0_63_9_11                                                                                                   |    <0.001 |
|         jtag_axi_engine_u/tx_fifo_i/inst_fifo_gen/gconvfifo.rf/grf.rf/gntv_or_sync_fifo.mem/gdm.dm/RAM_reg_128_191_0_2                                                                                                 |    <0.001 |
|         jtag_axi_engine_u/tx_fifo_i/inst_fifo_gen/gconvfifo.rf/grf.rf/gntv_or_sync_fifo.mem/gdm.dm/RAM_reg_128_191_12_14                                                                                               |    <0.001 |
|         jtag_axi_engine_u/tx_fifo_i/inst_fifo_gen/gconvfifo.rf/grf.rf/gntv_or_sync_fifo.mem/gdm.dm/RAM_reg_128_191_15_17                                                                                               |    <0.001 |
|         jtag_axi_engine_u/tx_fifo_i/inst_fifo_gen/gconvfifo.rf/grf.rf/gntv_or_sync_fifo.mem/gdm.dm/RAM_reg_128_191_18_20                                                                                               |    <0.001 |
|         jtag_axi_engine_u/tx_fifo_i/inst_fifo_gen/gconvfifo.rf/grf.rf/gntv_or_sync_fifo.mem/gdm.dm/RAM_reg_128_191_21_23                                                                                               |    <0.001 |
|         jtag_axi_engine_u/tx_fifo_i/inst_fifo_gen/gconvfifo.rf/grf.rf/gntv_or_sync_fifo.mem/gdm.dm/RAM_reg_128_191_24_26                                                                                               |    <0.001 |
|         jtag_axi_engine_u/tx_fifo_i/inst_fifo_gen/gconvfifo.rf/grf.rf/gntv_or_sync_fifo.mem/gdm.dm/RAM_reg_128_191_27_29                                                                                               |    <0.001 |
|         jtag_axi_engine_u/tx_fifo_i/inst_fifo_gen/gconvfifo.rf/grf.rf/gntv_or_sync_fifo.mem/gdm.dm/RAM_reg_128_191_30_30                                                                                               |    <0.001 |
|         jtag_axi_engine_u/tx_fifo_i/inst_fifo_gen/gconvfifo.rf/grf.rf/gntv_or_sync_fifo.mem/gdm.dm/RAM_reg_128_191_31_31                                                                                               |    <0.001 |
|         jtag_axi_engine_u/tx_fifo_i/inst_fifo_gen/gconvfifo.rf/grf.rf/gntv_or_sync_fifo.mem/gdm.dm/RAM_reg_128_191_3_5                                                                                                 |    <0.001 |
|         jtag_axi_engine_u/tx_fifo_i/inst_fifo_gen/gconvfifo.rf/grf.rf/gntv_or_sync_fifo.mem/gdm.dm/RAM_reg_128_191_6_8                                                                                                 |    <0.001 |
|         jtag_axi_engine_u/tx_fifo_i/inst_fifo_gen/gconvfifo.rf/grf.rf/gntv_or_sync_fifo.mem/gdm.dm/RAM_reg_128_191_9_11                                                                                                |    <0.001 |
|         jtag_axi_engine_u/tx_fifo_i/inst_fifo_gen/gconvfifo.rf/grf.rf/gntv_or_sync_fifo.mem/gdm.dm/RAM_reg_192_255_0_2                                                                                                 |    <0.001 |
|         jtag_axi_engine_u/tx_fifo_i/inst_fifo_gen/gconvfifo.rf/grf.rf/gntv_or_sync_fifo.mem/gdm.dm/RAM_reg_192_255_12_14                                                                                               |    <0.001 |
|         jtag_axi_engine_u/tx_fifo_i/inst_fifo_gen/gconvfifo.rf/grf.rf/gntv_or_sync_fifo.mem/gdm.dm/RAM_reg_192_255_15_17                                                                                               |    <0.001 |
|         jtag_axi_engine_u/tx_fifo_i/inst_fifo_gen/gconvfifo.rf/grf.rf/gntv_or_sync_fifo.mem/gdm.dm/RAM_reg_192_255_18_20                                                                                               |    <0.001 |
|         jtag_axi_engine_u/tx_fifo_i/inst_fifo_gen/gconvfifo.rf/grf.rf/gntv_or_sync_fifo.mem/gdm.dm/RAM_reg_192_255_21_23                                                                                               |    <0.001 |
|         jtag_axi_engine_u/tx_fifo_i/inst_fifo_gen/gconvfifo.rf/grf.rf/gntv_or_sync_fifo.mem/gdm.dm/RAM_reg_192_255_24_26                                                                                               |    <0.001 |
|         jtag_axi_engine_u/tx_fifo_i/inst_fifo_gen/gconvfifo.rf/grf.rf/gntv_or_sync_fifo.mem/gdm.dm/RAM_reg_192_255_27_29                                                                                               |    <0.001 |
|         jtag_axi_engine_u/tx_fifo_i/inst_fifo_gen/gconvfifo.rf/grf.rf/gntv_or_sync_fifo.mem/gdm.dm/RAM_reg_192_255_30_30                                                                                               |    <0.001 |
|         jtag_axi_engine_u/tx_fifo_i/inst_fifo_gen/gconvfifo.rf/grf.rf/gntv_or_sync_fifo.mem/gdm.dm/RAM_reg_192_255_31_31                                                                                               |    <0.001 |
|         jtag_axi_engine_u/tx_fifo_i/inst_fifo_gen/gconvfifo.rf/grf.rf/gntv_or_sync_fifo.mem/gdm.dm/RAM_reg_192_255_3_5                                                                                                 |    <0.001 |
|         jtag_axi_engine_u/tx_fifo_i/inst_fifo_gen/gconvfifo.rf/grf.rf/gntv_or_sync_fifo.mem/gdm.dm/RAM_reg_192_255_6_8                                                                                                 |    <0.001 |
|         jtag_axi_engine_u/tx_fifo_i/inst_fifo_gen/gconvfifo.rf/grf.rf/gntv_or_sync_fifo.mem/gdm.dm/RAM_reg_192_255_9_11                                                                                                |    <0.001 |
|         jtag_axi_engine_u/tx_fifo_i/inst_fifo_gen/gconvfifo.rf/grf.rf/gntv_or_sync_fifo.mem/gdm.dm/RAM_reg_256_319_0_2                                                                                                 |    <0.001 |
|         jtag_axi_engine_u/tx_fifo_i/inst_fifo_gen/gconvfifo.rf/grf.rf/gntv_or_sync_fifo.mem/gdm.dm/RAM_reg_256_319_12_14                                                                                               |    <0.001 |
|         jtag_axi_engine_u/tx_fifo_i/inst_fifo_gen/gconvfifo.rf/grf.rf/gntv_or_sync_fifo.mem/gdm.dm/RAM_reg_256_319_15_17                                                                                               |    <0.001 |
|         jtag_axi_engine_u/tx_fifo_i/inst_fifo_gen/gconvfifo.rf/grf.rf/gntv_or_sync_fifo.mem/gdm.dm/RAM_reg_256_319_18_20                                                                                               |    <0.001 |
|         jtag_axi_engine_u/tx_fifo_i/inst_fifo_gen/gconvfifo.rf/grf.rf/gntv_or_sync_fifo.mem/gdm.dm/RAM_reg_256_319_21_23                                                                                               |    <0.001 |
|         jtag_axi_engine_u/tx_fifo_i/inst_fifo_gen/gconvfifo.rf/grf.rf/gntv_or_sync_fifo.mem/gdm.dm/RAM_reg_256_319_24_26                                                                                               |    <0.001 |
|         jtag_axi_engine_u/tx_fifo_i/inst_fifo_gen/gconvfifo.rf/grf.rf/gntv_or_sync_fifo.mem/gdm.dm/RAM_reg_256_319_27_29                                                                                               |    <0.001 |
|         jtag_axi_engine_u/tx_fifo_i/inst_fifo_gen/gconvfifo.rf/grf.rf/gntv_or_sync_fifo.mem/gdm.dm/RAM_reg_256_319_30_30                                                                                               |    <0.001 |
|         jtag_axi_engine_u/tx_fifo_i/inst_fifo_gen/gconvfifo.rf/grf.rf/gntv_or_sync_fifo.mem/gdm.dm/RAM_reg_256_319_31_31                                                                                               |    <0.001 |
|         jtag_axi_engine_u/tx_fifo_i/inst_fifo_gen/gconvfifo.rf/grf.rf/gntv_or_sync_fifo.mem/gdm.dm/RAM_reg_256_319_3_5                                                                                                 |    <0.001 |
|         jtag_axi_engine_u/tx_fifo_i/inst_fifo_gen/gconvfifo.rf/grf.rf/gntv_or_sync_fifo.mem/gdm.dm/RAM_reg_256_319_6_8                                                                                                 |    <0.001 |
|         jtag_axi_engine_u/tx_fifo_i/inst_fifo_gen/gconvfifo.rf/grf.rf/gntv_or_sync_fifo.mem/gdm.dm/RAM_reg_256_319_9_11                                                                                                |    <0.001 |
|         jtag_axi_engine_u/tx_fifo_i/inst_fifo_gen/gconvfifo.rf/grf.rf/gntv_or_sync_fifo.mem/gdm.dm/RAM_reg_320_383_0_2                                                                                                 |    <0.001 |
|         jtag_axi_engine_u/tx_fifo_i/inst_fifo_gen/gconvfifo.rf/grf.rf/gntv_or_sync_fifo.mem/gdm.dm/RAM_reg_320_383_12_14                                                                                               |    <0.001 |
|         jtag_axi_engine_u/tx_fifo_i/inst_fifo_gen/gconvfifo.rf/grf.rf/gntv_or_sync_fifo.mem/gdm.dm/RAM_reg_320_383_15_17                                                                                               |    <0.001 |
|         jtag_axi_engine_u/tx_fifo_i/inst_fifo_gen/gconvfifo.rf/grf.rf/gntv_or_sync_fifo.mem/gdm.dm/RAM_reg_320_383_18_20                                                                                               |    <0.001 |
|         jtag_axi_engine_u/tx_fifo_i/inst_fifo_gen/gconvfifo.rf/grf.rf/gntv_or_sync_fifo.mem/gdm.dm/RAM_reg_320_383_21_23                                                                                               |    <0.001 |
|         jtag_axi_engine_u/tx_fifo_i/inst_fifo_gen/gconvfifo.rf/grf.rf/gntv_or_sync_fifo.mem/gdm.dm/RAM_reg_320_383_24_26                                                                                               |    <0.001 |
|         jtag_axi_engine_u/tx_fifo_i/inst_fifo_gen/gconvfifo.rf/grf.rf/gntv_or_sync_fifo.mem/gdm.dm/RAM_reg_320_383_27_29                                                                                               |    <0.001 |
|         jtag_axi_engine_u/tx_fifo_i/inst_fifo_gen/gconvfifo.rf/grf.rf/gntv_or_sync_fifo.mem/gdm.dm/RAM_reg_320_383_30_30                                                                                               |    <0.001 |
|         jtag_axi_engine_u/tx_fifo_i/inst_fifo_gen/gconvfifo.rf/grf.rf/gntv_or_sync_fifo.mem/gdm.dm/RAM_reg_320_383_31_31                                                                                               |    <0.001 |
|         jtag_axi_engine_u/tx_fifo_i/inst_fifo_gen/gconvfifo.rf/grf.rf/gntv_or_sync_fifo.mem/gdm.dm/RAM_reg_320_383_3_5                                                                                                 |    <0.001 |
|         jtag_axi_engine_u/tx_fifo_i/inst_fifo_gen/gconvfifo.rf/grf.rf/gntv_or_sync_fifo.mem/gdm.dm/RAM_reg_320_383_6_8                                                                                                 |    <0.001 |
|         jtag_axi_engine_u/tx_fifo_i/inst_fifo_gen/gconvfifo.rf/grf.rf/gntv_or_sync_fifo.mem/gdm.dm/RAM_reg_320_383_9_11                                                                                                |    <0.001 |
|         jtag_axi_engine_u/tx_fifo_i/inst_fifo_gen/gconvfifo.rf/grf.rf/gntv_or_sync_fifo.mem/gdm.dm/RAM_reg_384_447_0_2                                                                                                 |    <0.001 |
|         jtag_axi_engine_u/tx_fifo_i/inst_fifo_gen/gconvfifo.rf/grf.rf/gntv_or_sync_fifo.mem/gdm.dm/RAM_reg_384_447_12_14                                                                                               |    <0.001 |
|         jtag_axi_engine_u/tx_fifo_i/inst_fifo_gen/gconvfifo.rf/grf.rf/gntv_or_sync_fifo.mem/gdm.dm/RAM_reg_384_447_15_17                                                                                               |    <0.001 |
|         jtag_axi_engine_u/tx_fifo_i/inst_fifo_gen/gconvfifo.rf/grf.rf/gntv_or_sync_fifo.mem/gdm.dm/RAM_reg_384_447_18_20                                                                                               |    <0.001 |
|         jtag_axi_engine_u/tx_fifo_i/inst_fifo_gen/gconvfifo.rf/grf.rf/gntv_or_sync_fifo.mem/gdm.dm/RAM_reg_384_447_21_23                                                                                               |    <0.001 |
|         jtag_axi_engine_u/tx_fifo_i/inst_fifo_gen/gconvfifo.rf/grf.rf/gntv_or_sync_fifo.mem/gdm.dm/RAM_reg_384_447_24_26                                                                                               |    <0.001 |
|         jtag_axi_engine_u/tx_fifo_i/inst_fifo_gen/gconvfifo.rf/grf.rf/gntv_or_sync_fifo.mem/gdm.dm/RAM_reg_384_447_27_29                                                                                               |    <0.001 |
|         jtag_axi_engine_u/tx_fifo_i/inst_fifo_gen/gconvfifo.rf/grf.rf/gntv_or_sync_fifo.mem/gdm.dm/RAM_reg_384_447_30_30                                                                                               |    <0.001 |
|         jtag_axi_engine_u/tx_fifo_i/inst_fifo_gen/gconvfifo.rf/grf.rf/gntv_or_sync_fifo.mem/gdm.dm/RAM_reg_384_447_31_31                                                                                               |    <0.001 |
|         jtag_axi_engine_u/tx_fifo_i/inst_fifo_gen/gconvfifo.rf/grf.rf/gntv_or_sync_fifo.mem/gdm.dm/RAM_reg_384_447_3_5                                                                                                 |    <0.001 |
|         jtag_axi_engine_u/tx_fifo_i/inst_fifo_gen/gconvfifo.rf/grf.rf/gntv_or_sync_fifo.mem/gdm.dm/RAM_reg_384_447_6_8                                                                                                 |    <0.001 |
|         jtag_axi_engine_u/tx_fifo_i/inst_fifo_gen/gconvfifo.rf/grf.rf/gntv_or_sync_fifo.mem/gdm.dm/RAM_reg_384_447_9_11                                                                                                |    <0.001 |
|         jtag_axi_engine_u/tx_fifo_i/inst_fifo_gen/gconvfifo.rf/grf.rf/gntv_or_sync_fifo.mem/gdm.dm/RAM_reg_448_511_0_2                                                                                                 |    <0.001 |
|         jtag_axi_engine_u/tx_fifo_i/inst_fifo_gen/gconvfifo.rf/grf.rf/gntv_or_sync_fifo.mem/gdm.dm/RAM_reg_448_511_12_14                                                                                               |    <0.001 |
|         jtag_axi_engine_u/tx_fifo_i/inst_fifo_gen/gconvfifo.rf/grf.rf/gntv_or_sync_fifo.mem/gdm.dm/RAM_reg_448_511_15_17                                                                                               |    <0.001 |
|         jtag_axi_engine_u/tx_fifo_i/inst_fifo_gen/gconvfifo.rf/grf.rf/gntv_or_sync_fifo.mem/gdm.dm/RAM_reg_448_511_18_20                                                                                               |    <0.001 |
|         jtag_axi_engine_u/tx_fifo_i/inst_fifo_gen/gconvfifo.rf/grf.rf/gntv_or_sync_fifo.mem/gdm.dm/RAM_reg_448_511_21_23                                                                                               |    <0.001 |
|         jtag_axi_engine_u/tx_fifo_i/inst_fifo_gen/gconvfifo.rf/grf.rf/gntv_or_sync_fifo.mem/gdm.dm/RAM_reg_448_511_24_26                                                                                               |    <0.001 |
|         jtag_axi_engine_u/tx_fifo_i/inst_fifo_gen/gconvfifo.rf/grf.rf/gntv_or_sync_fifo.mem/gdm.dm/RAM_reg_448_511_27_29                                                                                               |    <0.001 |
|         jtag_axi_engine_u/tx_fifo_i/inst_fifo_gen/gconvfifo.rf/grf.rf/gntv_or_sync_fifo.mem/gdm.dm/RAM_reg_448_511_30_30                                                                                               |    <0.001 |
|         jtag_axi_engine_u/tx_fifo_i/inst_fifo_gen/gconvfifo.rf/grf.rf/gntv_or_sync_fifo.mem/gdm.dm/RAM_reg_448_511_31_31                                                                                               |    <0.001 |
|         jtag_axi_engine_u/tx_fifo_i/inst_fifo_gen/gconvfifo.rf/grf.rf/gntv_or_sync_fifo.mem/gdm.dm/RAM_reg_448_511_3_5                                                                                                 |    <0.001 |
|         jtag_axi_engine_u/tx_fifo_i/inst_fifo_gen/gconvfifo.rf/grf.rf/gntv_or_sync_fifo.mem/gdm.dm/RAM_reg_448_511_6_8                                                                                                 |    <0.001 |
|         jtag_axi_engine_u/tx_fifo_i/inst_fifo_gen/gconvfifo.rf/grf.rf/gntv_or_sync_fifo.mem/gdm.dm/RAM_reg_448_511_9_11                                                                                                |    <0.001 |
|         jtag_axi_engine_u/tx_fifo_i/inst_fifo_gen/gconvfifo.rf/grf.rf/gntv_or_sync_fifo.mem/gdm.dm/RAM_reg_64_127_0_2                                                                                                  |    <0.001 |
|         jtag_axi_engine_u/tx_fifo_i/inst_fifo_gen/gconvfifo.rf/grf.rf/gntv_or_sync_fifo.mem/gdm.dm/RAM_reg_64_127_12_14                                                                                                |    <0.001 |
|         jtag_axi_engine_u/tx_fifo_i/inst_fifo_gen/gconvfifo.rf/grf.rf/gntv_or_sync_fifo.mem/gdm.dm/RAM_reg_64_127_15_17                                                                                                |    <0.001 |
|         jtag_axi_engine_u/tx_fifo_i/inst_fifo_gen/gconvfifo.rf/grf.rf/gntv_or_sync_fifo.mem/gdm.dm/RAM_reg_64_127_18_20                                                                                                |    <0.001 |
|         jtag_axi_engine_u/tx_fifo_i/inst_fifo_gen/gconvfifo.rf/grf.rf/gntv_or_sync_fifo.mem/gdm.dm/RAM_reg_64_127_21_23                                                                                                |    <0.001 |
|         jtag_axi_engine_u/tx_fifo_i/inst_fifo_gen/gconvfifo.rf/grf.rf/gntv_or_sync_fifo.mem/gdm.dm/RAM_reg_64_127_24_26                                                                                                |    <0.001 |
|         jtag_axi_engine_u/tx_fifo_i/inst_fifo_gen/gconvfifo.rf/grf.rf/gntv_or_sync_fifo.mem/gdm.dm/RAM_reg_64_127_27_29                                                                                                |    <0.001 |
|         jtag_axi_engine_u/tx_fifo_i/inst_fifo_gen/gconvfifo.rf/grf.rf/gntv_or_sync_fifo.mem/gdm.dm/RAM_reg_64_127_30_30                                                                                                |    <0.001 |
|         jtag_axi_engine_u/tx_fifo_i/inst_fifo_gen/gconvfifo.rf/grf.rf/gntv_or_sync_fifo.mem/gdm.dm/RAM_reg_64_127_31_31                                                                                                |    <0.001 |
|         jtag_axi_engine_u/tx_fifo_i/inst_fifo_gen/gconvfifo.rf/grf.rf/gntv_or_sync_fifo.mem/gdm.dm/RAM_reg_64_127_3_5                                                                                                  |    <0.001 |
|         jtag_axi_engine_u/tx_fifo_i/inst_fifo_gen/gconvfifo.rf/grf.rf/gntv_or_sync_fifo.mem/gdm.dm/RAM_reg_64_127_6_8                                                                                                  |    <0.001 |
|         jtag_axi_engine_u/tx_fifo_i/inst_fifo_gen/gconvfifo.rf/grf.rf/gntv_or_sync_fifo.mem/gdm.dm/RAM_reg_64_127_9_11                                                                                                 |    <0.001 |
|         jtag_axi_engine_u/wr_cmd_fifo_i/inst_fifo_gen/gconvfifo.rf/grf.rf/gntv_or_sync_fifo.mem/gdm.dm/RAM_reg_0_15_12_17                                                                                              |    <0.001 |
|         jtag_axi_engine_u/wr_cmd_fifo_i/inst_fifo_gen/gconvfifo.rf/grf.rf/gntv_or_sync_fifo.mem/gdm.dm/RAM_reg_0_15_18_23                                                                                              |    <0.001 |
|         jtag_axi_engine_u/wr_cmd_fifo_i/inst_fifo_gen/gconvfifo.rf/grf.rf/gntv_or_sync_fifo.mem/gdm.dm/RAM_reg_0_15_24_29                                                                                              |    <0.001 |
|         jtag_axi_engine_u/wr_cmd_fifo_i/inst_fifo_gen/gconvfifo.rf/grf.rf/gntv_or_sync_fifo.mem/gdm.dm/RAM_reg_0_15_30_35                                                                                              |    <0.001 |
|         jtag_axi_engine_u/wr_cmd_fifo_i/inst_fifo_gen/gconvfifo.rf/grf.rf/gntv_or_sync_fifo.mem/gdm.dm/RAM_reg_0_15_36_41                                                                                              |    <0.001 |
|         jtag_axi_engine_u/wr_cmd_fifo_i/inst_fifo_gen/gconvfifo.rf/grf.rf/gntv_or_sync_fifo.mem/gdm.dm/RAM_reg_0_15_42_47                                                                                              |    <0.001 |
|         jtag_axi_engine_u/wr_cmd_fifo_i/inst_fifo_gen/gconvfifo.rf/grf.rf/gntv_or_sync_fifo.mem/gdm.dm/RAM_reg_0_15_48_53                                                                                              |    <0.001 |
|         jtag_axi_engine_u/wr_cmd_fifo_i/inst_fifo_gen/gconvfifo.rf/grf.rf/gntv_or_sync_fifo.mem/gdm.dm/RAM_reg_0_15_54_59                                                                                              |    <0.001 |
|         jtag_axi_engine_u/wr_cmd_fifo_i/inst_fifo_gen/gconvfifo.rf/grf.rf/gntv_or_sync_fifo.mem/gdm.dm/RAM_reg_0_15_60_63                                                                                              |    <0.001 |
|         jtag_axi_engine_u/wr_cmd_fifo_i/inst_fifo_gen/gconvfifo.rf/grf.rf/gntv_or_sync_fifo.mem/gdm.dm/RAM_reg_0_15_6_11                                                                                               |    <0.001 |
|     processing_system7_0                                                                                                                                                                                               |     1.309 |
|       inst                                                                                                                                                                                                             |     1.309 |
|   dbg_hub                                                                                                                                                                                                              |     0.001 |
|     inst                                                                                                                                                                                                               |     0.001 |
|       UUT_MASTER                                                                                                                                                                                                       |     0.001 |
|         U_ICON_INTERFACE                                                                                                                                                                                               |    <0.001 |
|           U_CMD1                                                                                                                                                                                                       |    <0.001 |
|           U_CMD2                                                                                                                                                                                                       |    <0.001 |
|           U_CMD3                                                                                                                                                                                                       |    <0.001 |
|           U_CMD4                                                                                                                                                                                                       |    <0.001 |
|           U_CMD5                                                                                                                                                                                                       |    <0.001 |
|           U_CMD6_RD                                                                                                                                                                                                    |    <0.001 |
|             U_RD_FIFO                                                                                                                                                                                                  |    <0.001 |
|               SUBCORE_FIFO.xsdb_rdfifo_inst                                                                                                                                                                            |    <0.001 |
|                 inst_fifo_gen                                                                                                                                                                                          |    <0.001 |
|                   gconvfifo.rf                                                                                                                                                                                         |    <0.001 |
|                     grf.rf                                                                                                                                                                                             |    <0.001 |
|                       gntv_or_sync_fifo.gcx.clkx                                                                                                                                                                       |    <0.001 |
|                         gsync_stage[1].rd_stg_inst                                                                                                                                                                     |    <0.001 |
|                         gsync_stage[1].wr_stg_inst                                                                                                                                                                     |    <0.001 |
|                         gsync_stage[2].rd_stg_inst                                                                                                                                                                     |    <0.001 |
|                         gsync_stage[2].wr_stg_inst                                                                                                                                                                     |    <0.001 |
|                       gntv_or_sync_fifo.gl0.rd                                                                                                                                                                         |    <0.001 |
|                         gr1.rfwft                                                                                                                                                                                      |    <0.001 |
|                         gras.rsts                                                                                                                                                                                      |    <0.001 |
|                         rpntr                                                                                                                                                                                          |    <0.001 |
|                       gntv_or_sync_fifo.gl0.wr                                                                                                                                                                         |    <0.001 |
|                         gwas.wsts                                                                                                                                                                                      |    <0.001 |
|                         wpntr                                                                                                                                                                                          |    <0.001 |
|                       gntv_or_sync_fifo.mem                                                                                                                                                                            |    <0.001 |
|                         gdm.dm                                                                                                                                                                                         |    <0.001 |
|                           RAM_reg_0_15_0_5                                                                                                                                                                             |    <0.001 |
|                           RAM_reg_0_15_12_15                                                                                                                                                                           |    <0.001 |
|                           RAM_reg_0_15_6_11                                                                                                                                                                            |    <0.001 |
|                       rstblk                                                                                                                                                                                           |    <0.001 |
|           U_CMD6_WR                                                                                                                                                                                                    |    <0.001 |
|             U_WR_FIFO                                                                                                                                                                                                  |    <0.001 |
|               SUBCORE_FIFO.xsdb_wrfifo_inst                                                                                                                                                                            |    <0.001 |
|                 inst_fifo_gen                                                                                                                                                                                          |    <0.001 |
|                   gconvfifo.rf                                                                                                                                                                                         |    <0.001 |
|                     grf.rf                                                                                                                                                                                             |    <0.001 |
|                       gntv_or_sync_fifo.gcx.clkx                                                                                                                                                                       |    <0.001 |
|                         gsync_stage[1].rd_stg_inst                                                                                                                                                                     |    <0.001 |
|                         gsync_stage[1].wr_stg_inst                                                                                                                                                                     |    <0.001 |
|                         gsync_stage[2].rd_stg_inst                                                                                                                                                                     |    <0.001 |
|                         gsync_stage[2].wr_stg_inst                                                                                                                                                                     |    <0.001 |
|                       gntv_or_sync_fifo.gl0.rd                                                                                                                                                                         |    <0.001 |
|                         gras.rsts                                                                                                                                                                                      |    <0.001 |
|                         rpntr                                                                                                                                                                                          |    <0.001 |
|                       gntv_or_sync_fifo.gl0.wr                                                                                                                                                                         |    <0.001 |
|                         gwas.wsts                                                                                                                                                                                      |    <0.001 |
|                         wpntr                                                                                                                                                                                          |    <0.001 |
|                       gntv_or_sync_fifo.mem                                                                                                                                                                            |    <0.001 |
|                         gdm.dm                                                                                                                                                                                         |    <0.001 |
|                           RAM_reg_0_15_0_5                                                                                                                                                                             |    <0.001 |
|                           RAM_reg_0_15_12_15                                                                                                                                                                           |    <0.001 |
|                           RAM_reg_0_15_6_11                                                                                                                                                                            |    <0.001 |
|                       rstblk                                                                                                                                                                                           |    <0.001 |
|           U_CMD7_CTL                                                                                                                                                                                                   |    <0.001 |
|           U_CMD7_STAT                                                                                                                                                                                                  |    <0.001 |
|           U_STATIC_STATUS                                                                                                                                                                                              |    <0.001 |
|         U_XSDB_ADDRESS_CONTROLLER                                                                                                                                                                                      |    <0.001 |
|         U_XSDB_BURST_WD_LEN_CONTROLLER                                                                                                                                                                                 |    <0.001 |
|         U_XSDB_BUS_CONTROLLER                                                                                                                                                                                          |    <0.001 |
|           U_RD_ABORT_FLAG                                                                                                                                                                                              |    <0.001 |
|           U_RD_REQ_FLAG                                                                                                                                                                                                |    <0.001 |
|           U_TIMER                                                                                                                                                                                                      |    <0.001 |
|         U_XSDB_BUS_MSTR2SL_PORT_IFACE                                                                                                                                                                                  |    <0.001 |
|           U_RD_DIN_BUS_MUX                                                                                                                                                                                             |    <0.001 |
|       U_ICON                                                                                                                                                                                                           |    <0.001 |
|         U_CMD                                                                                                                                                                                                          |    <0.001 |
|         U_STAT                                                                                                                                                                                                         |    <0.001 |
|         U_SYNC                                                                                                                                                                                                         |    <0.001 |
|       bscan_inst                                                                                                                                                                                                       |    <0.001 |
|       u_bufr                                                                                                                                                                                                           |    <0.001 |
+------------------------------------------------------------------------------------------------------------------------------------------------------------------------------------------------------------------------+-----------+


