23:12:08.138 INFO  - Processing command line option -hwspec /nfs/TUEIEDAprojects/SystemDesign/work/zynq/mamatha/uzair_sharif/EDA_Munish/work_dir/dualCore_SOGRER/videoProcessing_prj/SDK/SDK_Export/hw/system.xml. 
23:14:09.902 INFO  - Processing command line option -hwspec /nfs/TUEIEDAprojects/SystemDesign/work/zynq/mamatha/uzair_sharif/EDA_Munish/work_dir/dualCore_SOGRER/videoProcessing_prj/SDK/SDK_Export/hw/system.xml. 
23:14:22.979 INFO  - Restoring local repository preferences: 
		 /home/ga38qoh/EDA_Munish/zedboard_training/ZynqSW/2013_3/Support_documents/sdk_repo 
23:25:08.785 INFO  - System reset is completed. 
23:25:13.390 INFO  - FPGA configured successfully with bitstream "/nfs/TUEIEDAprojects/SystemDesign/work/zynq/mamatha/uzair_sharif/EDA_Munish/work_dir/DSE/No_HA/SDK/SDK_Workspace/No_HA_hw_platform/system.bit" 
23:25:13.939 INFO  - ps7_init is completed. 
23:25:14.039 INFO  - ps7_post_config is completed. 
23:25:14.669 INFO  - Application is downloaded for ps7_cortexa9_0. (/nfs/TUEIEDAprojects/SystemDesign/work/zynq/mamatha/uzair_sharif/EDA_Munish/work_dir/DSE/No_HA/SDK/SDK_Workspace/SOERGR_sw/Debug/SOERGR_sw.elf) 
23:27:52.338 INFO  - System reset is completed. 
23:27:56.556 INFO  - FPGA configured successfully with bitstream "/nfs/TUEIEDAprojects/SystemDesign/work/zynq/mamatha/uzair_sharif/EDA_Munish/work_dir/DSE/No_HA/SDK/SDK_Workspace/No_HA_hw_platform/system.bit" 
23:27:57.080 INFO  - ps7_init is completed. 
23:27:57.180 INFO  - ps7_post_config is completed. 
23:27:57.661 INFO  - Application is downloaded for ps7_cortexa9_0. (/nfs/TUEIEDAprojects/SystemDesign/work/zynq/mamatha/uzair_sharif/EDA_Munish/work_dir/DSE/No_HA/SDK/SDK_Workspace/SOERGR_sw/Debug/SOERGR_sw.elf) 
23:30:35.030 INFO  - System reset is completed. 
23:30:39.416 INFO  - FPGA configured successfully with bitstream "/nfs/TUEIEDAprojects/SystemDesign/work/zynq/mamatha/uzair_sharif/EDA_Munish/work_dir/DSE/No_HA/SDK/SDK_Workspace/No_HA_hw_platform/system.bit" 
23:30:40.010 INFO  - ps7_init is completed. 
23:30:40.110 INFO  - ps7_post_config is completed. 
23:30:40.699 INFO  - Application is downloaded for ps7_cortexa9_0. (/nfs/TUEIEDAprojects/SystemDesign/work/zynq/mamatha/uzair_sharif/EDA_Munish/work_dir/DSE/No_HA/SDK/SDK_Workspace/SOERGR_sw/Debug/SOERGR_sw.elf) 
23:33:04.675 INFO  - System reset is completed. 
23:33:09.021 INFO  - FPGA configured successfully with bitstream "/nfs/TUEIEDAprojects/SystemDesign/work/zynq/mamatha/uzair_sharif/EDA_Munish/work_dir/DSE/No_HA/SDK/SDK_Workspace/No_HA_hw_platform/system.bit" 
23:33:09.464 INFO  - ps7_init is completed. 
23:33:09.564 INFO  - ps7_post_config is completed. 
23:33:10.149 INFO  - Application is downloaded for ps7_cortexa9_0. (/nfs/TUEIEDAprojects/SystemDesign/work/zynq/mamatha/uzair_sharif/EDA_Munish/work_dir/DSE/No_HA/SDK/SDK_Workspace/SOERGR_sw/Debug/SOERGR_sw.elf) 
23:34:01.521 INFO  - System reset is completed. 
23:34:05.898 INFO  - FPGA configured successfully with bitstream "/nfs/TUEIEDAprojects/SystemDesign/work/zynq/mamatha/uzair_sharif/EDA_Munish/work_dir/DSE/No_HA/SDK/SDK_Workspace/No_HA_hw_platform/system.bit" 
23:34:06.436 INFO  - ps7_init is completed. 
23:34:06.537 INFO  - ps7_post_config is completed. 
23:34:07.022 INFO  - Application is downloaded for ps7_cortexa9_0. (/nfs/TUEIEDAprojects/SystemDesign/work/zynq/mamatha/uzair_sharif/EDA_Munish/work_dir/DSE/No_HA/SDK/SDK_Workspace/SOERGR_sw/Debug/SOERGR_sw.elf) 
23:34:51.098 INFO  - System reset is completed. 
23:34:55.321 INFO  - FPGA configured successfully with bitstream "/nfs/TUEIEDAprojects/SystemDesign/work/zynq/mamatha/uzair_sharif/EDA_Munish/work_dir/DSE/No_HA/SDK/SDK_Workspace/No_HA_hw_platform/system.bit" 
23:34:55.874 INFO  - ps7_init is completed. 
23:34:55.974 INFO  - ps7_post_config is completed. 
23:34:56.501 INFO  - Application is downloaded for ps7_cortexa9_0. (/nfs/TUEIEDAprojects/SystemDesign/work/zynq/mamatha/uzair_sharif/EDA_Munish/work_dir/DSE/No_HA/SDK/SDK_Workspace/SOERGR_sw/Debug/SOERGR_sw.elf) 
23:44:09.691 INFO  - System reset is completed. 
23:44:13.826 INFO  - FPGA configured successfully with bitstream "/nfs/TUEIEDAprojects/SystemDesign/work/zynq/mamatha/uzair_sharif/EDA_Munish/work_dir/DSE/No_HA/SDK/SDK_Workspace/No_HA_hw_platform/system.bit" 
23:44:14.418 INFO  - ps7_init is completed. 
23:44:14.518 INFO  - ps7_post_config is completed. 
23:44:14.950 INFO  - Application is downloaded for ps7_cortexa9_0. (/nfs/TUEIEDAprojects/SystemDesign/work/zynq/mamatha/uzair_sharif/EDA_Munish/work_dir/DSE/No_HA/SDK/SDK_Workspace/SOERGR_sw/Debug/SOERGR_sw.elf) 
23:44:59.761 INFO  - System reset is completed. 
23:45:03.872 INFO  - FPGA configured successfully with bitstream "/nfs/TUEIEDAprojects/SystemDesign/work/zynq/mamatha/uzair_sharif/EDA_Munish/work_dir/DSE/No_HA/SDK/SDK_Workspace/No_HA_hw_platform/system.bit" 
23:45:04.327 INFO  - ps7_init is completed. 
23:45:04.427 INFO  - ps7_post_config is completed. 
23:45:05.046 INFO  - Application is downloaded for ps7_cortexa9_0. (/nfs/TUEIEDAprojects/SystemDesign/work/zynq/mamatha/uzair_sharif/EDA_Munish/work_dir/DSE/No_HA/SDK/SDK_Workspace/SOERGR_sw/Debug/SOERGR_sw.elf) 
