

================================================================
== Vivado HLS Report for 'Erode_32_32_1080_1920_s'
================================================================
* Date:           Sat Jul  4 10:35:22 2015

* Version:        2013.3 (build date: Wed Oct 16 18:12:55 PM 2013)
* Project:        prj
* Solution:       solution2
* Product family: zynq zynq_fpv6 
* Target device:  xc7z020clg484-1


================================================================
== Performance Estimates
================================================================
+ Timing (ns): 
    * Summary: 
    +---------+-------+----------+------------+
    |  Clock  | Target| Estimated| Uncertainty|
    +---------+-------+----------+------------+
    |default  |   6.67|      5.60|        0.83|
    +---------+-------+----------+------------+

+ Latency (clock cycles): 
    * Summary: 
    +-----+---------+-----+---------+---------+
    |    Latency    |    Interval   | Pipeline|
    | min |   max   | min |   max   |   Type  |
    +-----+---------+-----+---------+---------+
    |   81|  2088721|   81|  2088721|   none  |
    +-----+---------+-----+---------+---------+

    + Detail: 
        * Instance: 
        +------------------------------+-------------------+-----+-----+-----+-----+----------+
        |                              |                   |  Latency  |  Interval | Pipeline |
        |           Instance           |       Module      | min | max | min | max |   Type   |
        +------------------------------+-------------------+-----+-----+-----+-----+----------+
        |grp_borderInterpolate_fu_733  |borderInterpolate  |    3|    3|    1|    1| function |
        |grp_borderInterpolate_fu_741  |borderInterpolate  |    3|    3|    1|    1| function |
        |grp_borderInterpolate_fu_749  |borderInterpolate  |    3|    3|    1|    1| function |
        |grp_borderInterpolate_fu_757  |borderInterpolate  |    3|    3|    1|    1| function |
        |grp_borderInterpolate_fu_765  |borderInterpolate  |    3|    3|    1|    1| function |
        |grp_borderInterpolate_fu_773  |borderInterpolate  |    3|    3|    1|    1| function |
        |grp_borderInterpolate_fu_781  |borderInterpolate  |    3|    3|    1|    1| function |
        |grp_borderInterpolate_fu_789  |borderInterpolate  |    3|    3|    1|    1| function |
        |grp_borderInterpolate_fu_797  |borderInterpolate  |    3|    3|    1|    1| function |
        |grp_borderInterpolate_fu_805  |borderInterpolate  |    3|    3|    1|    1| function |
        |grp_borderInterpolate_fu_813  |borderInterpolate  |    3|    3|    1|    1| function |
        |grp_borderInterpolate_fu_821  |borderInterpolate  |    3|    3|    1|    1| function |
        +------------------------------+-------------------+-----+-----+-----+-----+----------+

        * Loop: 
        +---------------+-----+---------+-----------+-----------+-----------+----------+----------+
        |               |    Latency    | Iteration |  Initiation Interval  |   Trip   |          |
        |   Loop Name   | min |   max   |  Latency  |  achieved |   target  |   Count  | Pipelined|
        +---------------+-----+---------+-----------+-----------+-----------+----------+----------+
        |- loop_height  |   80|  2088720| 16 ~ 1934 |          -|          -| 5 ~ 1080 |    no    |
        | + loop_width  |   13|     1931|         13|          1|          1| 2 ~ 1920 |    yes   |
        +---------------+-----+---------+-----------+-----------+-----------+----------+----------+



================================================================
== Utilization Estimates
================================================================
* Summary: 
+-----------------+---------+-------+--------+-------+
|       Name      | BRAM_18K| DSP48E|   FF   |  LUT  |
+-----------------+---------+-------+--------+-------+
|Expression       |        -|      -|       0|    927|
|FIFO             |        -|      -|       -|      -|
|Instance         |        -|      -|    2016|   4932|
|Memory           |        9|      -|       0|      0|
|Multiplexer      |        -|      -|       -|    144|
|Register         |        -|      -|    1235|      -|
|ShiftMemory      |        -|      -|       0|     93|
+-----------------+---------+-------+--------+-------+
|Total            |        9|      0|    3251|   6096|
+-----------------+---------+-------+--------+-------+
|Available        |      280|    220|  106400|  53200|
+-----------------+---------+-------+--------+-------+
|Utilization (%)  |        3|      0|       3|     11|
+-----------------+---------+-------+--------+-------+

+ Detail: 
    * Instance: 
    +------------------------------+-------------------+---------+-------+-----+-----+
    |           Instance           |       Module      | BRAM_18K| DSP48E|  FF | LUT |
    +------------------------------+-------------------+---------+-------+-----+-----+
    |grp_borderInterpolate_fu_733  |borderInterpolate  |        0|      0|  168|  411|
    |grp_borderInterpolate_fu_741  |borderInterpolate  |        0|      0|  168|  411|
    |grp_borderInterpolate_fu_749  |borderInterpolate  |        0|      0|  168|  411|
    |grp_borderInterpolate_fu_757  |borderInterpolate  |        0|      0|  168|  411|
    |grp_borderInterpolate_fu_765  |borderInterpolate  |        0|      0|  168|  411|
    |grp_borderInterpolate_fu_773  |borderInterpolate  |        0|      0|  168|  411|
    |grp_borderInterpolate_fu_781  |borderInterpolate  |        0|      0|  168|  411|
    |grp_borderInterpolate_fu_789  |borderInterpolate  |        0|      0|  168|  411|
    |grp_borderInterpolate_fu_797  |borderInterpolate  |        0|      0|  168|  411|
    |grp_borderInterpolate_fu_805  |borderInterpolate  |        0|      0|  168|  411|
    |grp_borderInterpolate_fu_813  |borderInterpolate  |        0|      0|  168|  411|
    |grp_borderInterpolate_fu_821  |borderInterpolate  |        0|      0|  168|  411|
    +------------------------------+-------------------+---------+-------+-----+-----+
    |Total                         |                   |        0|      0| 2016| 4932|
    +------------------------------+-------------------+---------+-------+-----+-----+

    * Memory: 
    +-----------------+------------------------------------------------------+---------+------+-----+------+-------------+
    |      Memory     |                        Module                        | BRAM_18K| Words| Bits| Banks| W*Bits*Banks|
    +-----------------+------------------------------------------------------+---------+------+-----+------+-------------+
    |k_buf_0_val_0_U  |Filter2D_32_32_int_int_1080_1920_3_3_s_k_buf_0_val_0  |        1|  1920|    8|     1|        15360|
    |k_buf_0_val_1_U  |Filter2D_32_32_int_int_1080_1920_3_3_s_k_buf_0_val_0  |        1|  1920|    8|     1|        15360|
    |k_buf_0_val_2_U  |Filter2D_32_32_int_int_1080_1920_3_3_s_k_buf_0_val_0  |        1|  1920|    8|     1|        15360|
    |k_buf_1_val_0_U  |Filter2D_32_32_int_int_1080_1920_3_3_s_k_buf_0_val_0  |        1|  1920|    8|     1|        15360|
    |k_buf_1_val_1_U  |Filter2D_32_32_int_int_1080_1920_3_3_s_k_buf_0_val_0  |        1|  1920|    8|     1|        15360|
    |k_buf_1_val_2_U  |Filter2D_32_32_int_int_1080_1920_3_3_s_k_buf_0_val_0  |        1|  1920|    8|     1|        15360|
    |k_buf_2_val_0_U  |Filter2D_32_32_int_int_1080_1920_3_3_s_k_buf_0_val_0  |        1|  1920|    8|     1|        15360|
    |k_buf_2_val_1_U  |Filter2D_32_32_int_int_1080_1920_3_3_s_k_buf_0_val_0  |        1|  1920|    8|     1|        15360|
    |k_buf_2_val_2_U  |Filter2D_32_32_int_int_1080_1920_3_3_s_k_buf_0_val_0  |        1|  1920|    8|     1|        15360|
    +-----------------+------------------------------------------------------+---------+------+-----+------+-------------+
    |Total            |                                                      |        9| 17280|   72|     9|       138240|
    +-----------------+------------------------------------------------------+---------+------+-----+------+-------------+

    * FIFO: 
    N/A

    * Shift register: 
    +----------------------------------------+---+----+-----+-----------+
    |                  Name                  | FF| LUT| Bits| Const Bits|
    +----------------------------------------+---+----+-----+-----------+
    |brmerge_reg_2765                        |  0|   1|    1|          0|
    |col_assign_1_reg_2811                   |  0|   2|    2|          0|
    |col_assign_2_reg_2834                   |  0|   2|    2|          0|
    |col_assign_9_0_1_reg_2850               |  0|   2|    2|          0|
    |col_assign_9_1_1_reg_2854               |  0|   2|    2|          0|
    |col_assign_9_1_reg_2842                 |  0|   2|    2|          0|
    |col_assign_9_2_1_reg_2858               |  0|   2|    2|          0|
    |col_assign_9_2_reg_2846                 |  0|   2|    2|          0|
    |col_assign_9_reg_2838                   |  0|   2|    2|          0|
    |col_assign_reg_2788                     |  0|   2|    2|          0|
    |locy_0_2_reg_2887                       |  0|   2|    2|          0|
    |locy_1_2_reg_2901                       |  0|   2|    2|          0|
    |locy_2_2_reg_2915                       |  0|   2|    2|          0|
    |or_cond217_i_i_reg_2744                 |  0|   1|    1|          0|
    |or_cond4_1_reg_2796                     |  0|   1|    1|          0|
    |or_cond4_2_reg_2819                     |  0|   1|    1|          0|
    |or_cond4_reg_2773                       |  0|   1|    1|          0|
    |src_kernel_win_0_val_0_1_12_reg_3171    |  0|   8|    8|          0|
    |src_kernel_win_0_val_0_1_load_reg_3231  |  0|   8|    8|          0|
    |src_kernel_win_1_val_0_1_12_reg_3185    |  0|   8|    8|          0|
    |src_kernel_win_1_val_0_1_load_reg_3258  |  0|   8|    8|          0|
    |src_kernel_win_2_val_0_1_12_reg_3199    |  0|   8|    8|          0|
    |src_kernel_win_2_val_0_1_load_reg_3285  |  0|   8|    8|          0|
    |tmp_153_1_reg_2792                      |  0|   1|    1|          0|
    |tmp_153_2_reg_2815                      |  0|   1|    1|          0|
    |tmp_156_0_pr1_reg_558                   |  0|   1|    1|          0|
    |tmp_156_0_pr_reg_618                    |  0|   1|    1|          0|
    |tmp_156_1_pr1_reg_578                   |  0|   1|    1|          0|
    |tmp_156_1_pr_reg_634                    |  0|   1|    1|          0|
    |tmp_156_1_reg_2804                      |  0|   1|    1|          0|
    |tmp_156_2_pr1_reg_598                   |  0|   1|    1|          0|
    |tmp_156_2_pr_reg_650                    |  0|   1|    1|          0|
    |tmp_156_2_reg_2827                      |  0|   1|    1|          0|
    |tmp_32_reg_2735                         |  0|   1|    1|          0|
    |tmp_35_reg_2769                         |  0|   1|    1|          0|
    |tmp_36_reg_2781                         |  0|   1|    1|          0|
    |tmp_64_reg_2777                         |  0|   1|    1|          0|
    |tmp_71_reg_2800                         |  0|   1|    1|          0|
    |tmp_78_reg_2823                         |  0|   1|    1|          0|
    +----------------------------------------+---+----+-----+-----------+
    |Total                                   |  0|  93|   93|          0|
    +----------------------------------------+---+----+-----+-----------+

    * Expression: 
    +-----------------------------------------+----------+-------+---+----+------------+------------+
    |              Variable Name              | Operation| DSP48E| FF| LUT| Bitwidth P0| Bitwidth P1|
    +-----------------------------------------+----------+-------+---+----+------------+------------+
    |ImagLoc_x_fu_1092_p2                     |     +    |      0|  0|  13|          13|           2|
    |ImagLoc_y_fu_990_p2                      |     +    |      0|  0|  13|          13|           4|
    |col_assign_1_fu_1191_p2                  |     +    |      0|  0|   2|           2|           2|
    |col_assign_2_fu_1234_p2                  |     +    |      0|  0|   2|           2|           2|
    |col_assign_8_1_fu_1323_p2                |     +    |      0|  0|   2|           2|           2|
    |col_assign_8_2_fu_1337_p2                |     +    |      0|  0|   2|           2|           2|
    |col_assign_8_fu_1309_p2                  |     +    |      0|  0|   2|           2|           2|
    |col_assign_9_0_1_fu_1251_p2              |     +    |      0|  0|   2|           2|           2|
    |col_assign_9_1_1_fu_1255_p2              |     +    |      0|  0|   2|           2|           2|
    |col_assign_9_1_fu_1243_p2                |     +    |      0|  0|   2|           2|           2|
    |col_assign_9_2_1_fu_1259_p2              |     +    |      0|  0|   2|           2|           2|
    |col_assign_9_2_fu_1247_p2                |     +    |      0|  0|   2|           2|           2|
    |col_assign_9_fu_1239_p2                  |     +    |      0|  0|   2|           2|           2|
    |col_assign_fu_1148_p2                    |     +    |      0|  0|   2|           2|           2|
    |heightloop_fu_931_p2                     |     +    |      0|  0|  13|          13|           3|
    |i_V_fu_978_p2                            |     +    |      0|  0|  12|          12|           1|
    |j_V_fu_1065_p2                           |     +    |      0|  0|  12|          12|           1|
    |ref_fu_959_p2                            |     +    |      0|  0|  13|          13|           2|
    |tmp_s_fu_943_p2                          |     +    |      0|  0|  13|          13|           3|
    |widthloop_fu_937_p2                      |     +    |      0|  0|  13|          13|           2|
    |y_2_2_1_fu_1050_p2                       |     +    |      0|  0|  13|          13|           4|
    |y_2_2_fu_1044_p2                         |     +    |      0|  0|  13|          13|           4|
    |locy_0_1_fu_1628_p2                      |     -    |      0|  0|   2|           2|           2|
    |locy_0_2_fu_1279_p2                      |     -    |      0|  0|   2|           2|           2|
    |locy_1_1_fu_1745_p2                      |     -    |      0|  0|   2|           2|           2|
    |locy_1_2_fu_1287_p2                      |     -    |      0|  0|   2|           2|           2|
    |locy_1_fu_1713_p2                        |     -    |      0|  0|   2|           2|           2|
    |locy_2_1_fu_1862_p2                      |     -    |      0|  0|   2|           2|           2|
    |locy_2_2_fu_1295_p2                      |     -    |      0|  0|   2|           2|           2|
    |locy_2_fu_1830_p2                        |     -    |      0|  0|   2|           2|           2|
    |locy_fu_1596_p2                          |     -    |      0|  0|   2|           2|           2|
    |p_dst_data_stream_0_V_din                |  Select  |      0|  0|   8|           1|           8|
    |p_dst_data_stream_1_V_din                |  Select  |      0|  0|   8|           1|           8|
    |p_dst_data_stream_2_V_din                |  Select  |      0|  0|   8|           1|           8|
    |p_i_i_2_cast_cast_fu_1037_p3             |  Select  |      0|  0|   3|           1|           3|
    |sel_tmp13_fu_1756_p3                     |  Select  |      0|  0|   8|           1|           8|
    |sel_tmp17_fu_1841_p3                     |  Select  |      0|  0|   8|           1|           8|
    |sel_tmp1_fu_1607_p3                      |  Select  |      0|  0|   8|           1|           8|
    |sel_tmp20_fu_1873_p3                     |  Select  |      0|  0|   8|           1|           8|
    |sel_tmp5_fu_1639_p3                      |  Select  |      0|  0|   8|           1|           8|
    |sel_tmp9_fu_1724_p3                      |  Select  |      0|  0|   8|           1|           8|
    |src_kernel_win_0_val_0_1_9_fu_1620_p3    |  Select  |      0|  0|   8|           1|           8|
    |src_kernel_win_0_val_1_1_9_fu_1652_p3    |  Select  |      0|  0|   8|           1|           8|
    |src_kernel_win_1_val_0_1_9_fu_1737_p3    |  Select  |      0|  0|   8|           1|           8|
    |src_kernel_win_1_val_1_1_9_fu_1769_p3    |  Select  |      0|  0|   8|           1|           8|
    |src_kernel_win_2_val_0_1_9_fu_1854_p3    |  Select  |      0|  0|   8|           1|           8|
    |src_kernel_win_2_val_1_1_9_fu_1886_p3    |  Select  |      0|  0|   8|           1|           8|
    |temp_0_i_i_i_057_i_i_1_0_0_1_fu_1705_p3  |  Select  |      0|  0|   8|           1|           8|
    |temp_0_i_i_i_057_i_i_1_0_0_2_fu_1979_p3  |  Select  |      0|  0|   8|           1|           8|
    |temp_0_i_i_i_057_i_i_1_0_1_1_fu_2074_p3  |  Select  |      0|  0|   8|           1|           8|
    |temp_0_i_i_i_057_i_i_1_0_1_2_fu_2122_p3  |  Select  |      0|  0|   8|           1|           8|
    |temp_0_i_i_i_057_i_i_1_0_1_fu_2064_p3    |  Select  |      0|  0|   8|           1|           8|
    |temp_0_i_i_i_057_i_i_1_0_2_1_fu_2194_p3  |  Select  |      0|  0|   8|           1|           8|
    |temp_0_i_i_i_057_i_i_1_0_2_fu_2184_p3    |  Select  |      0|  0|   8|           1|           8|
    |temp_0_i_i_i_057_i_i_1_1_0_1_fu_1822_p3  |  Select  |      0|  0|   8|           1|           8|
    |temp_0_i_i_i_057_i_i_1_1_0_2_fu_2009_p3  |  Select  |      0|  0|   8|           1|           8|
    |temp_0_i_i_i_057_i_i_1_1_1_1_fu_2091_p3  |  Select  |      0|  0|   8|           1|           8|
    |temp_0_i_i_i_057_i_i_1_1_1_2_fu_2141_p3  |  Select  |      0|  0|   8|           1|           8|
    |temp_0_i_i_i_057_i_i_1_1_1_fu_2081_p3    |  Select  |      0|  0|   8|           1|           8|
    |temp_0_i_i_i_057_i_i_1_1_2_1_fu_2211_p3  |  Select  |      0|  0|   8|           1|           8|
    |temp_0_i_i_i_057_i_i_1_1_2_fu_2201_p3    |  Select  |      0|  0|   8|           1|           8|
    |temp_0_i_i_i_057_i_i_1_2_0_1_fu_1939_p3  |  Select  |      0|  0|   8|           1|           8|
    |temp_0_i_i_i_057_i_i_1_2_0_2_fu_2039_p3  |  Select  |      0|  0|   8|           1|           8|
    |temp_0_i_i_i_057_i_i_1_2_1_1_fu_2108_p3  |  Select  |      0|  0|   8|           1|           8|
    |temp_0_i_i_i_057_i_i_1_2_1_2_fu_2160_p3  |  Select  |      0|  0|   8|           1|           8|
    |temp_0_i_i_i_057_i_i_1_2_1_fu_2098_p3    |  Select  |      0|  0|   8|           1|           8|
    |temp_0_i_i_i_057_i_i_1_2_2_1_fu_2228_p3  |  Select  |      0|  0|   8|           1|           8|
    |temp_0_i_i_i_057_i_i_1_2_2_fu_2218_p3    |  Select  |      0|  0|   8|           1|           8|
    |ap_sig_bdd_1174                          |    and   |      0|  0|   2|           1|           1|
    |ap_sig_bdd_1178                          |    and   |      0|  0|   2|           1|           1|
    |ap_sig_bdd_1185                          |    and   |      0|  0|   2|           1|           1|
    |ap_sig_bdd_1196                          |    and   |      0|  0|   2|           1|           1|
    |ap_sig_bdd_1200                          |    and   |      0|  0|   2|           1|           1|
    |ap_sig_bdd_1207                          |    and   |      0|  0|   2|           1|           1|
    |ap_sig_bdd_1218                          |    and   |      0|  0|   2|           1|           1|
    |ap_sig_bdd_1222                          |    and   |      0|  0|   2|           1|           1|
    |ap_sig_bdd_1229                          |    and   |      0|  0|   2|           1|           1|
    |ap_sig_bdd_632                           |    and   |      0|  0|   2|           1|           1|
    |or_cond217_i_i_fu_1087_p2                |    and   |      0|  0|   2|           1|           1|
    |or_cond4_1_fu_1172_p2                    |    and   |      0|  0|   2|           1|           1|
    |or_cond4_2_fu_1215_p2                    |    and   |      0|  0|   2|           1|           1|
    |or_cond4_fu_1129_p2                      |    and   |      0|  0|   2|           1|           1|
    |or_cond_2_fu_1023_p2                     |    and   |      0|  0|   2|           1|           1|
    |icmp2_fu_1081_p2                         |   icmp   |      0|  0|  13|          11|           1|
    |icmp_fu_1012_p2                          |   icmp   |      0|  0|  14|          12|           1|
    |sel_tmp10_fu_1731_p2                     |   icmp   |      0|  0|   2|           2|           1|
    |sel_tmp12_fu_1752_p2                     |   icmp   |      0|  0|   2|           2|           2|
    |sel_tmp14_fu_1763_p2                     |   icmp   |      0|  0|   2|           2|           1|
    |sel_tmp16_fu_1837_p2                     |   icmp   |      0|  0|   2|           2|           2|
    |sel_tmp18_fu_1848_p2                     |   icmp   |      0|  0|   2|           2|           1|
    |sel_tmp19_fu_1869_p2                     |   icmp   |      0|  0|   2|           2|           2|
    |sel_tmp21_fu_1880_p2                     |   icmp   |      0|  0|   2|           2|           1|
    |sel_tmp2_fu_1614_p2                      |   icmp   |      0|  0|   2|           2|           1|
    |sel_tmp4_fu_1635_p2                      |   icmp   |      0|  0|   2|           2|           2|
    |sel_tmp6_fu_1646_p2                      |   icmp   |      0|  0|   2|           2|           1|
    |sel_tmp8_fu_1720_p2                      |   icmp   |      0|  0|   2|           2|           2|
    |sel_tmp_fu_1603_p2                       |   icmp   |      0|  0|   2|           2|           2|
    |tmp_148_2_fu_1018_p2                     |   icmp   |      0|  0|  16|          13|          13|
    |tmp_153_1_fu_1167_p2                     |   icmp   |      0|  0|  17|          14|          14|
    |tmp_153_2_fu_1210_p2                     |   icmp   |      0|  0|  17|          14|          14|
    |tmp_156_1_fu_1186_p2                     |   icmp   |      0|  0|  16|          13|          13|
    |tmp_156_2_fu_1229_p2                     |   icmp   |      0|  0|  16|          13|          13|
    |tmp_203_0_0_1_fu_1699_p2                 |   icmp   |      0|  0|   8|           8|           8|
    |tmp_203_0_0_2_fu_1974_p2                 |   icmp   |      0|  0|   8|           8|           8|
    |tmp_203_0_1_1_fu_2069_p2                 |   icmp   |      0|  0|   8|           8|           8|
    |tmp_203_0_1_2_fu_2118_p2                 |   icmp   |      0|  0|   8|           8|           8|
    |tmp_203_0_1_fu_1986_p2                   |   icmp   |      0|  0|   8|           8|           8|
    |tmp_203_0_2_1_fu_2189_p2                 |   icmp   |      0|  0|   8|           8|           8|
    |tmp_203_0_2_2_fu_2235_p2                 |   icmp   |      0|  0|   8|           8|           8|
    |tmp_203_0_2_fu_2128_p2                   |   icmp   |      0|  0|   8|           8|           8|
    |tmp_203_1_0_1_fu_1816_p2                 |   icmp   |      0|  0|   8|           8|           8|
    |tmp_203_1_0_2_fu_2004_p2                 |   icmp   |      0|  0|   8|           8|           8|
    |tmp_203_1_1_1_fu_2086_p2                 |   icmp   |      0|  0|   8|           8|           8|
    |tmp_203_1_1_2_fu_2137_p2                 |   icmp   |      0|  0|   8|           8|           8|
    |tmp_203_1_1_fu_2016_p2                   |   icmp   |      0|  0|   8|           8|           8|
    |tmp_203_1_2_1_fu_2206_p2                 |   icmp   |      0|  0|   8|           8|           8|
    |tmp_203_1_2_2_fu_2246_p2                 |   icmp   |      0|  0|   8|           8|           8|
    |tmp_203_1_2_fu_2147_p2                   |   icmp   |      0|  0|   8|           8|           8|
    |tmp_203_2_0_1_fu_1933_p2                 |   icmp   |      0|  0|   8|           8|           8|
    |tmp_203_2_0_2_fu_2034_p2                 |   icmp   |      0|  0|   8|           8|           8|
    |tmp_203_2_1_1_fu_2103_p2                 |   icmp   |      0|  0|   8|           8|           8|
    |tmp_203_2_1_2_fu_2156_p2                 |   icmp   |      0|  0|   8|           8|           8|
    |tmp_203_2_1_fu_2046_p2                   |   icmp   |      0|  0|   8|           8|           8|
    |tmp_203_2_2_1_fu_2223_p2                 |   icmp   |      0|  0|   8|           8|           8|
    |tmp_203_2_2_2_fu_2257_p2                 |   icmp   |      0|  0|   8|           8|           8|
    |tmp_203_2_2_fu_2166_p2                   |   icmp   |      0|  0|   8|           8|           8|
    |tmp_25_fu_973_p2                         |   icmp   |      0|  0|  16|          13|          13|
    |tmp_29_fu_984_p2                         |   icmp   |      0|  0|  14|          12|           3|
    |tmp_31_fu_996_p2                         |   icmp   |      0|  0|  16|          13|           2|
    |tmp_32_fu_1060_p2                        |   icmp   |      0|  0|  16|          13|          13|
    |tmp_35_fu_1124_p2                        |   icmp   |      0|  0|  17|          14|          14|
    |tmp_36_fu_1143_p2                        |   icmp   |      0|  0|  16|          13|          13|
    |ap_sig_bdd_100                           |    or    |      0|  0|   2|           1|           1|
    |ap_sig_bdd_130                           |    or    |      0|  0|   2|           1|           1|
    |ap_sig_bdd_184                           |    or    |      0|  0|   2|           1|           1|
    |brmerge_fu_1106_p2                       |    or    |      0|  0|   2|           1|           1|
    |p_neg218_i_i_cast_fu_953_p2              |    xor   |      0|  0|   2|           2|           2|
    |rev3_fu_1161_p2                          |    xor   |      0|  0|   2|           1|           2|
    |rev4_fu_1204_p2                          |    xor   |      0|  0|   2|           1|           2|
    |rev_fu_1118_p2                           |    xor   |      0|  0|   2|           1|           2|
    +-----------------------------------------+----------+-------+---+----+------------+------------+
    |Total                                    |          |      0|  0| 927|         615|         723|
    +-----------------------------------------+----------+-------+---+----+------------+------------+

    * Multiplexer: 
    +----------------------------------------------------------+----+-----------+-----+-----------+
    |                           Name                           | LUT| Input Size| Bits| Total Bits|
    +----------------------------------------------------------+----+-----------+-----+-----------+
    |ap_reg_phiprechg_src_kernel_win_0_val_0_0_reg_666pp0_it7  |   8|          4|    8|         32|
    |ap_reg_phiprechg_src_kernel_win_0_val_1_0_reg_677pp0_it7  |   8|          4|    8|         32|
    |ap_reg_phiprechg_src_kernel_win_1_val_0_0_reg_688pp0_it7  |   8|          4|    8|         32|
    |ap_reg_phiprechg_src_kernel_win_1_val_1_0_reg_699pp0_it7  |   8|          4|    8|         32|
    |ap_reg_phiprechg_src_kernel_win_2_val_0_0_reg_710pp0_it7  |   8|          4|    8|         32|
    |ap_reg_phiprechg_src_kernel_win_2_val_1_0_reg_721pp0_it7  |   8|          4|    8|         32|
    |p_012_0_i_i_reg_536                                       |  12|          2|   12|         24|
    |p_025_0_i_i_reg_547                                       |  12|          2|   12|         24|
    |src_kernel_win_0_val_0_1_fu_122                           |   8|          3|    8|         24|
    |src_kernel_win_0_val_1_1_fu_138                           |   8|          3|    8|         24|
    |src_kernel_win_0_val_2_1_fu_134                           |   8|          6|    8|         48|
    |src_kernel_win_1_val_0_1_fu_158                           |   8|          3|    8|         24|
    |src_kernel_win_1_val_1_1_fu_174                           |   8|          3|    8|         24|
    |src_kernel_win_1_val_2_1_fu_170                           |   8|          6|    8|         48|
    |src_kernel_win_2_val_0_1_fu_194                           |   8|          3|    8|         24|
    |src_kernel_win_2_val_1_1_fu_210                           |   8|          3|    8|         24|
    |src_kernel_win_2_val_2_1_fu_206                           |   8|          6|    8|         48|
    +----------------------------------------------------------+----+-----------+-----+-----------+
    |Total                                                     | 144|         64|  144|        528|
    +----------------------------------------------------------+----+-----------+-----+-----------+

    * Register: 
    +-------------------------------------------------------------+----+-----+-----------+
    |                             Name                            | FF | Bits| Const Bits|
    +-------------------------------------------------------------+----+-----+-----------+
    |ImagLoc_x_reg_2748                                           |  13|   13|          0|
    |ImagLoc_y_reg_2681                                           |  13|   13|          0|
    |ap_CS_fsm                                                    |   2|    2|          0|
    |ap_done_reg                                                  |   1|    1|          0|
    |ap_reg_phiprechg_src_kernel_win_0_val_0_0_reg_666pp0_it7     |   8|    8|          0|
    |ap_reg_phiprechg_src_kernel_win_0_val_1_0_reg_677pp0_it7     |   8|    8|          0|
    |ap_reg_phiprechg_src_kernel_win_1_val_0_0_reg_688pp0_it7     |   8|    8|          0|
    |ap_reg_phiprechg_src_kernel_win_1_val_1_0_reg_699pp0_it7     |   8|    8|          0|
    |ap_reg_phiprechg_src_kernel_win_2_val_0_0_reg_710pp0_it7     |   8|    8|          0|
    |ap_reg_phiprechg_src_kernel_win_2_val_1_0_reg_721pp0_it7     |   8|    8|          0|
    |ap_reg_phiprechg_tmp_156_0_pr1_reg_558pp0_it1                |   1|    1|          0|
    |ap_reg_phiprechg_tmp_156_0_pr_reg_618pp0_it2                 |   1|    1|          0|
    |ap_reg_phiprechg_tmp_156_1_pr1_reg_578pp0_it1                |   1|    1|          0|
    |ap_reg_phiprechg_tmp_156_1_pr_reg_634pp0_it2                 |   1|    1|          0|
    |ap_reg_phiprechg_tmp_156_2_pr1_reg_598pp0_it1                |   1|    1|          0|
    |ap_reg_phiprechg_tmp_156_2_pr_reg_650pp0_it2                 |   1|    1|          0|
    |ap_reg_ppiten_pp0_it0                                        |   1|    1|          0|
    |ap_reg_ppiten_pp0_it1                                        |   1|    1|          0|
    |ap_reg_ppiten_pp0_it10                                       |   1|    1|          0|
    |ap_reg_ppiten_pp0_it11                                       |   1|    1|          0|
    |ap_reg_ppiten_pp0_it12                                       |   1|    1|          0|
    |ap_reg_ppiten_pp0_it2                                        |   1|    1|          0|
    |ap_reg_ppiten_pp0_it3                                        |   1|    1|          0|
    |ap_reg_ppiten_pp0_it4                                        |   1|    1|          0|
    |ap_reg_ppiten_pp0_it5                                        |   1|    1|          0|
    |ap_reg_ppiten_pp0_it6                                        |   1|    1|          0|
    |ap_reg_ppiten_pp0_it7                                        |   1|    1|          0|
    |ap_reg_ppiten_pp0_it8                                        |   1|    1|          0|
    |ap_reg_ppiten_pp0_it9                                        |   1|    1|          0|
    |ap_reg_ppstg_col_assign_8_1_reg_2959_pp0_it6                 |   2|    2|          0|
    |ap_reg_ppstg_col_assign_8_2_reg_2981_pp0_it6                 |   2|    2|          0|
    |ap_reg_ppstg_col_assign_8_reg_2937_pp0_it6                   |   2|    2|          0|
    |ap_reg_ppstg_src_kernel_win_0_val_1_1_12_reg_3178_pp0_it8    |   8|    8|          0|
    |ap_reg_ppstg_src_kernel_win_0_val_1_1_load_reg_3237_pp0_it9  |   8|    8|          0|
    |ap_reg_ppstg_src_kernel_win_1_val_1_1_12_reg_3192_pp0_it8    |   8|    8|          0|
    |ap_reg_ppstg_src_kernel_win_1_val_1_1_load_reg_3264_pp0_it9  |   8|    8|          0|
    |ap_reg_ppstg_src_kernel_win_2_val_1_1_12_reg_3206_pp0_it8    |   8|    8|          0|
    |ap_reg_ppstg_src_kernel_win_2_val_1_1_load_reg_3291_pp0_it9  |   8|    8|          0|
    |ap_reg_ppstg_tmp_61_reg_2755_pp0_it1                         |   2|    2|          0|
    |brmerge_reg_2765                                             |   1|    1|          0|
    |col_assign_1_reg_2811                                        |   2|    2|          0|
    |col_assign_2_reg_2834                                        |   2|    2|          0|
    |col_assign_8_1_reg_2959                                      |   2|    2|          0|
    |col_assign_8_2_reg_2981                                      |   2|    2|          0|
    |col_assign_8_reg_2937                                        |   2|    2|          0|
    |col_assign_9_0_1_reg_2850                                    |   2|    2|          0|
    |col_assign_9_1_1_reg_2854                                    |   2|    2|          0|
    |col_assign_9_1_reg_2842                                      |   2|    2|          0|
    |col_assign_9_2_1_reg_2858                                    |   2|    2|          0|
    |col_assign_9_2_reg_2846                                      |   2|    2|          0|
    |col_assign_9_reg_2838                                        |   2|    2|          0|
    |col_assign_reg_2788                                          |   2|    2|          0|
    |col_buf_0_val_0_0_7_fu_242                                   |   8|    8|          0|
    |col_buf_0_val_0_0_8_fu_246                                   |   8|    8|          0|
    |col_buf_0_val_0_0_9_fu_250                                   |   8|    8|          0|
    |col_buf_0_val_0_0_fu_338                                     |   8|    8|          0|
    |col_buf_1_val_0_0_7_fu_202                                   |   8|    8|          0|
    |col_buf_1_val_0_0_8_fu_218                                   |   8|    8|          0|
    |col_buf_1_val_0_0_9_fu_226                                   |   8|    8|          0|
    |col_buf_1_val_0_0_fu_342                                     |   8|    8|          0|
    |col_buf_2_val_0_0_7_fu_130                                   |   8|    8|          0|
    |col_buf_2_val_0_0_8_fu_146                                   |   8|    8|          0|
    |col_buf_2_val_0_0_9_fu_154                                   |   8|    8|          0|
    |col_buf_2_val_0_0_fu_346                                     |   8|    8|          0|
    |cols_cast2_reg_2618                                          |  12|   14|          2|
    |heightloop_reg_2625                                          |  13|   13|          0|
    |i_V_reg_2671                                                 |  12|   12|          0|
    |k_buf_0_val_0_addr_reg_2919                                  |  11|   11|          0|
    |k_buf_0_val_1_addr_reg_2925                                  |  11|   11|          0|
    |k_buf_0_val_2_addr_reg_2931                                  |  11|   11|          0|
    |k_buf_1_val_0_addr_reg_2941                                  |  11|   11|          0|
    |k_buf_1_val_1_addr_reg_2947                                  |  11|   11|          0|
    |k_buf_1_val_2_addr_reg_2953                                  |  11|   11|          0|
    |k_buf_2_val_0_addr_reg_2963                                  |  11|   11|          0|
    |k_buf_2_val_1_addr_reg_2969                                  |  11|   11|          0|
    |k_buf_2_val_2_addr_reg_2975                                  |  11|   11|          0|
    |locy_0_2_reg_2887                                            |   2|    2|          0|
    |locy_1_2_reg_2901                                            |   2|    2|          0|
    |locy_2_2_reg_2915                                            |   2|    2|          0|
    |or_cond217_i_i_reg_2744                                      |   1|    1|          0|
    |or_cond4_1_reg_2796                                          |   1|    1|          0|
    |or_cond4_2_reg_2819                                          |   1|    1|          0|
    |or_cond4_reg_2773                                            |   1|    1|          0|
    |or_cond_2_reg_2693                                           |   1|    1|          0|
    |p_012_0_i_i_reg_536                                          |  12|   12|          0|
    |p_025_0_i_i_reg_547                                          |  12|   12|          0|
    |p_i_i_2_cast_cast_reg_2702                                   |   2|    2|          0|
    |p_neg218_i_i_cast_reg_2642                                   |   2|    2|          0|
    |ref_reg_2658                                                 |  13|   13|          0|
    |right_border_buf_0_val_0_0_fu_302                            |   8|    8|          0|
    |right_border_buf_0_val_0_1_fu_306                            |   8|    8|          0|
    |right_border_buf_0_val_0_2_fu_310                            |   8|    8|          0|
    |right_border_buf_0_val_1_0_reg_3080                          |   8|    8|          0|
    |right_border_buf_0_val_1_2_5_fu_234                          |   8|    8|          0|
    |right_border_buf_0_val_1_2_6_fu_238                          |   8|    8|          0|
    |right_border_buf_0_val_1_2_fu_230                            |   8|    8|          0|
    |right_border_buf_0_val_2_0_reg_3075                          |   8|    8|          0|
    |right_border_buf_1_val_0_0_fu_314                            |   8|    8|          0|
    |right_border_buf_1_val_0_1_fu_318                            |   8|    8|          0|
    |right_border_buf_1_val_0_2_fu_322                            |   8|    8|          0|
    |right_border_buf_1_val_1_0_reg_3112                          |   8|    8|          0|
    |right_border_buf_1_val_1_2_5_fu_258                          |   8|    8|          0|
    |right_border_buf_1_val_1_2_6_fu_262                          |   8|    8|          0|
    |right_border_buf_1_val_1_2_fu_254                            |   8|    8|          0|
    |right_border_buf_1_val_2_0_reg_3107                          |   8|    8|          0|
    |right_border_buf_2_val_0_0_fu_326                            |   8|    8|          0|
    |right_border_buf_2_val_0_1_fu_330                            |   8|    8|          0|
    |right_border_buf_2_val_0_2_fu_334                            |   8|    8|          0|
    |right_border_buf_2_val_1_0_reg_3144                          |   8|    8|          0|
    |right_border_buf_2_val_1_2_5_fu_182                          |   8|    8|          0|
    |right_border_buf_2_val_1_2_6_fu_190                          |   8|    8|          0|
    |right_border_buf_2_val_1_2_fu_166                            |   8|    8|          0|
    |right_border_buf_2_val_2_0_reg_3139                          |   8|    8|          0|
    |src_kernel_win_0_val_0_1_12_reg_3171                         |   8|    8|          0|
    |src_kernel_win_0_val_0_1_fu_122                              |   8|    8|          0|
    |src_kernel_win_0_val_0_1_load_reg_3231                       |   8|    8|          0|
    |src_kernel_win_0_val_0_2_fu_126                              |   8|    8|          0|
    |src_kernel_win_0_val_0_2_load_reg_3330                       |   8|    8|          0|
    |src_kernel_win_0_val_1_1_12_reg_3178                         |   8|    8|          0|
    |src_kernel_win_0_val_1_1_fu_138                              |   8|    8|          0|
    |src_kernel_win_0_val_1_1_load_reg_3237                       |   8|    8|          0|
    |src_kernel_win_0_val_1_2_fu_142                              |   8|    8|          0|
    |src_kernel_win_0_val_1_2_load_reg_3243                       |   8|    8|          0|
    |src_kernel_win_0_val_2_0_reg_3088                            |   8|    8|          0|
    |src_kernel_win_0_val_2_1_fu_134                              |   8|    8|          0|
    |src_kernel_win_0_val_2_2_fu_150                              |   8|    8|          0|
    |src_kernel_win_1_val_0_1_12_reg_3185                         |   8|    8|          0|
    |src_kernel_win_1_val_0_1_fu_158                              |   8|    8|          0|
    |src_kernel_win_1_val_0_1_load_reg_3258                       |   8|    8|          0|
    |src_kernel_win_1_val_0_2_fu_162                              |   8|    8|          0|
    |src_kernel_win_1_val_0_2_load_reg_3345                       |   8|    8|          0|
    |src_kernel_win_1_val_1_1_12_reg_3192                         |   8|    8|          0|
    |src_kernel_win_1_val_1_1_fu_174                              |   8|    8|          0|
    |src_kernel_win_1_val_1_1_load_reg_3264                       |   8|    8|          0|
    |src_kernel_win_1_val_1_2_fu_178                              |   8|    8|          0|
    |src_kernel_win_1_val_1_2_load_reg_3270                       |   8|    8|          0|
    |src_kernel_win_1_val_2_0_reg_3120                            |   8|    8|          0|
    |src_kernel_win_1_val_2_1_fu_170                              |   8|    8|          0|
    |src_kernel_win_1_val_2_2_fu_186                              |   8|    8|          0|
    |src_kernel_win_2_val_0_1_12_reg_3199                         |   8|    8|          0|
    |src_kernel_win_2_val_0_1_fu_194                              |   8|    8|          0|
    |src_kernel_win_2_val_0_1_load_reg_3285                       |   8|    8|          0|
    |src_kernel_win_2_val_0_2_fu_198                              |   8|    8|          0|
    |src_kernel_win_2_val_0_2_load_reg_3360                       |   8|    8|          0|
    |src_kernel_win_2_val_1_1_12_reg_3206                         |   8|    8|          0|
    |src_kernel_win_2_val_1_1_fu_210                              |   8|    8|          0|
    |src_kernel_win_2_val_1_1_load_reg_3291                       |   8|    8|          0|
    |src_kernel_win_2_val_1_2_fu_214                              |   8|    8|          0|
    |src_kernel_win_2_val_1_2_load_reg_3297                       |   8|    8|          0|
    |src_kernel_win_2_val_2_0_reg_3152                            |   8|    8|          0|
    |src_kernel_win_2_val_2_1_fu_206                              |   8|    8|          0|
    |src_kernel_win_2_val_2_2_fu_222                              |   8|    8|          0|
    |temp_0_i_i_i_057_i_i_1_0_0_1_reg_3213                        |   8|    8|          0|
    |temp_0_i_i_i_057_i_i_1_0_0_2_reg_3248                        |   8|    8|          0|
    |temp_0_i_i_i_057_i_i_1_0_1_1_reg_3312                        |   8|    8|          0|
    |temp_0_i_i_i_057_i_i_1_0_1_2_reg_3335                        |   8|    8|          0|
    |temp_0_i_i_i_057_i_i_1_0_2_1_reg_3375                        |   8|    8|          0|
    |temp_0_i_i_i_057_i_i_1_1_0_1_reg_3219                        |   8|    8|          0|
    |temp_0_i_i_i_057_i_i_1_1_0_2_reg_3275                        |   8|    8|          0|
    |temp_0_i_i_i_057_i_i_1_1_1_1_reg_3318                        |   8|    8|          0|
    |temp_0_i_i_i_057_i_i_1_1_1_2_reg_3350                        |   8|    8|          0|
    |temp_0_i_i_i_057_i_i_1_1_2_1_reg_3381                        |   8|    8|          0|
    |temp_0_i_i_i_057_i_i_1_2_0_1_reg_3225                        |   8|    8|          0|
    |temp_0_i_i_i_057_i_i_1_2_0_2_reg_3302                        |   8|    8|          0|
    |temp_0_i_i_i_057_i_i_1_2_1_1_reg_3324                        |   8|    8|          0|
    |temp_0_i_i_i_057_i_i_1_2_1_2_reg_3365                        |   8|    8|          0|
    |temp_0_i_i_i_057_i_i_1_2_2_1_reg_3387                        |   8|    8|          0|
    |tmp_153_1_reg_2792                                           |   1|    1|          0|
    |tmp_153_2_reg_2815                                           |   1|    1|          0|
    |tmp_156_0_pr1_reg_558                                        |   1|    1|          0|
    |tmp_156_0_pr_reg_618                                         |   1|    1|          0|
    |tmp_156_1_pr1_reg_578                                        |   1|    1|          0|
    |tmp_156_1_pr_reg_634                                         |   1|    1|          0|
    |tmp_156_1_reg_2804                                           |   1|    1|          0|
    |tmp_156_2_pr1_reg_598                                        |   1|    1|          0|
    |tmp_156_2_pr_reg_650                                         |   1|    1|          0|
    |tmp_156_2_reg_2827                                           |   1|    1|          0|
    |tmp_203_0_1_reg_3253                                         |   1|    1|          0|
    |tmp_203_0_2_reg_3340                                         |   1|    1|          0|
    |tmp_203_1_1_reg_3280                                         |   1|    1|          0|
    |tmp_203_1_2_reg_3355                                         |   1|    1|          0|
    |tmp_203_2_1_reg_3307                                         |   1|    1|          0|
    |tmp_203_2_2_reg_3370                                         |   1|    1|          0|
    |tmp_29_reg_2676                                              |   1|    1|          0|
    |tmp_31_reg_2688                                              |   1|    1|          0|
    |tmp_32_reg_2735                                              |   1|    1|          0|
    |tmp_35_reg_2769                                              |   1|    1|          0|
    |tmp_36_reg_2781                                              |   1|    1|          0|
    |tmp_57_reg_2663                                              |   2|    2|          0|
    |tmp_59_reg_2698                                              |   1|    1|          0|
    |tmp_61_reg_2755                                              |   2|    2|          0|
    |tmp_62_reg_2882                                              |   2|    2|          0|
    |tmp_64_reg_2777                                              |   1|    1|          0|
    |tmp_65_reg_3095                                              |   2|    2|          0|
    |tmp_66_reg_3101                                              |   2|    2|          0|
    |tmp_67_reg_2862                                              |   2|    2|          0|
    |tmp_69_reg_2896                                              |   2|    2|          0|
    |tmp_71_reg_2800                                              |   1|    1|          0|
    |tmp_72_reg_3127                                              |   2|    2|          0|
    |tmp_73_reg_3133                                              |   2|    2|          0|
    |tmp_74_reg_2867                                              |   2|    2|          0|
    |tmp_76_reg_2910                                              |   2|    2|          0|
    |tmp_78_reg_2823                                              |   1|    1|          0|
    |tmp_79_reg_3159                                              |   2|    2|          0|
    |tmp_80_reg_3165                                              |   2|    2|          0|
    |tmp_81_reg_2872                                              |   2|    2|          0|
    |tmp_s_reg_2635                                               |  13|   13|          0|
    |widthloop_reg_2630                                           |  13|   13|          0|
    |x_1_reg_2891                                                 |  15|   15|          0|
    |x_2_reg_2905                                                 |  15|   15|          0|
    |x_reg_2877                                                   |  15|   15|          0|
    |y_2_2_1_reg_2728                                             |  13|   13|          0|
    |y_2_2_reg_2721                                               |  13|   13|          0|
    +-------------------------------------------------------------+----+-----+-----------+
    |Total                                                        |1235| 1237|          2|
    +-------------------------------------------------------------+----+-----+-----------+



================================================================
== Interface
================================================================
* Summary: 
+-------------------------------+-----+-----+------------+------------------------+--------------+
|           RTL Ports           | Dir | Bits|  Protocol  |      Source Object     |    C Type    |
+-------------------------------+-----+-----+------------+------------------------+--------------+
|ap_clk                         |  in |    1| ap_ctrl_hs | Erode<32,32,1080,1920> | return value |
|ap_rst                         |  in |    1| ap_ctrl_hs | Erode<32,32,1080,1920> | return value |
|ap_start                       |  in |    1| ap_ctrl_hs | Erode<32,32,1080,1920> | return value |
|ap_done                        | out |    1| ap_ctrl_hs | Erode<32,32,1080,1920> | return value |
|ap_continue                    |  in |    1| ap_ctrl_hs | Erode<32,32,1080,1920> | return value |
|ap_idle                        | out |    1| ap_ctrl_hs | Erode<32,32,1080,1920> | return value |
|ap_ready                       | out |    1| ap_ctrl_hs | Erode<32,32,1080,1920> | return value |
|p_src_rows_V_read              |  in |   12|   ap_none  |    p_src_rows_V_read   |    scalar    |
|p_src_cols_V_read              |  in |   12|   ap_none  |    p_src_cols_V_read   |    scalar    |
|p_src_data_stream_0_V_dout     |  in |    8|   ap_fifo  |  p_src_data_stream_0_V |    pointer   |
|p_src_data_stream_0_V_empty_n  |  in |    1|   ap_fifo  |  p_src_data_stream_0_V |    pointer   |
|p_src_data_stream_0_V_read     | out |    1|   ap_fifo  |  p_src_data_stream_0_V |    pointer   |
|p_src_data_stream_1_V_dout     |  in |    8|   ap_fifo  |  p_src_data_stream_1_V |    pointer   |
|p_src_data_stream_1_V_empty_n  |  in |    1|   ap_fifo  |  p_src_data_stream_1_V |    pointer   |
|p_src_data_stream_1_V_read     | out |    1|   ap_fifo  |  p_src_data_stream_1_V |    pointer   |
|p_src_data_stream_2_V_dout     |  in |    8|   ap_fifo  |  p_src_data_stream_2_V |    pointer   |
|p_src_data_stream_2_V_empty_n  |  in |    1|   ap_fifo  |  p_src_data_stream_2_V |    pointer   |
|p_src_data_stream_2_V_read     | out |    1|   ap_fifo  |  p_src_data_stream_2_V |    pointer   |
|p_dst_data_stream_0_V_din      | out |    8|   ap_fifo  |  p_dst_data_stream_0_V |    pointer   |
|p_dst_data_stream_0_V_full_n   |  in |    1|   ap_fifo  |  p_dst_data_stream_0_V |    pointer   |
|p_dst_data_stream_0_V_write    | out |    1|   ap_fifo  |  p_dst_data_stream_0_V |    pointer   |
|p_dst_data_stream_1_V_din      | out |    8|   ap_fifo  |  p_dst_data_stream_1_V |    pointer   |
|p_dst_data_stream_1_V_full_n   |  in |    1|   ap_fifo  |  p_dst_data_stream_1_V |    pointer   |
|p_dst_data_stream_1_V_write    | out |    1|   ap_fifo  |  p_dst_data_stream_1_V |    pointer   |
|p_dst_data_stream_2_V_din      | out |    8|   ap_fifo  |  p_dst_data_stream_2_V |    pointer   |
|p_dst_data_stream_2_V_full_n   |  in |    1|   ap_fifo  |  p_dst_data_stream_2_V |    pointer   |
|p_dst_data_stream_2_V_write    | out |    1|   ap_fifo  |  p_dst_data_stream_2_V |    pointer   |
+-------------------------------+-----+-----+------------+------------------------+--------------+

