

================================================================
== Vivado HLS Report for 'filter_opr_filter2d_kernel_16_16_int_int_1080_1920_3_3_s'
================================================================
* Date:           Fri Oct 11 15:48:48 2013

* Version:        2013.1 (build date: Thu Mar 21 12:53:03 PM 2013)
* Project:        prj
* Solution:       solution2
* Product family: zynq zynq_fpv6 
* Target device:  xc7z020clg484-1


================================================================
== Performance Estimates
================================================================
+ Timing (ns): 
    * Summary: 
    +---------+-------+----------+------------+
    |  Clock  | Target| Estimated| Uncertainty|
    +---------+-------+----------+------------+
    |default  |   6.67|      5.48|        0.83|
    +---------+-------+----------+------------+

+ Latency (clock cycles): 
    * Summary: 
    +-----+---------+-----+---------+---------+
    |    Latency    |    Interval   | Pipeline|
    | min |   max   | min |   max   |   Type  |
    +-----+---------+-----+---------+---------+
    |   78|  2085493|   78|  2085493|   none  |
    +-----+---------+-----+---------+---------+

    + Detail: 
        * Instance: 
        N/A

        * Loop: 
        +-------------+-----+---------+-----------+-----------+-----------+----------+----------+
        |             |    Latency    | Iteration |  Initiation Interval  |   Trip   |          |
        |  Loop Name  | min |   max   |  Latency  |  achieved |   target  |   Count  | Pipelined|
        +-------------+-----+---------+-----------+-----------+-----------+----------+----------+
        |- Loop 1     |    3|        3|          1|          -|          -|         3|    no    |
        |- Loop 2     |    3|        3|          1|          -|          -|         3|    no    |
        |- Loop 3     |    3|        3|          1|          -|          -|         3|    no    |
        |- Loop 4     |   65|  2085480| 13 ~ 1931 |          -|          -| 5 ~ 1080 |    no    |
        | + Loop 4.1  |    8|     1926|          8|          1|          1| 2 ~ 1920 |    yes   |
        +-------------+-----+---------+-----------+-----------+-----------+----------+----------+



================================================================
== Utilization Estimates
================================================================
* Summary: 
+-----------------+---------+-------+--------+-------+
|       Name      | BRAM_18K| DSP48E|   FF   |  LUT  |
+-----------------+---------+-------+--------+-------+
|Expression       |        -|      -|       0|   1673|
|FIFO             |        -|      -|       -|      -|
|Instance         |        -|      -|       -|      -|
|Memory           |        9|      -|       0|      0|
|Multiplexer      |        -|      -|       -|    282|
|Register         |        -|      -|    1333|      -|
|ShiftMemory      |        -|      -|       0|      4|
+-----------------+---------+-------+--------+-------+
|Total            |        9|      0|    1333|   1959|
+-----------------+---------+-------+--------+-------+
|Available        |      280|    220|  106400|  53200|
+-----------------+---------+-------+--------+-------+
|Utilization (%)  |        3|      0|       1|      3|
+-----------------+---------+-------+--------+-------+

+ Detail: 
    * Instance: 
    N/A

    * Memory: 
    +-----------------+------------------------------------------------------------------------+---------+------+-----+------+-------------+
    |      Memory     |                                 Module                                 | BRAM_18K| Words| Bits| Banks| W*Bits*Banks|
    +-----------------+------------------------------------------------------------------------+---------+------+-----+------+-------------+
    |k_buf_0_val_0_U  |filter_opr_filter2d_kernel_16_16_int_int_1080_1920_3_3_s_k_buf_0_val_0  |        1|  1920|    8|     1|        15360|
    |k_buf_1_val_0_U  |filter_opr_filter2d_kernel_16_16_int_int_1080_1920_3_3_s_k_buf_0_val_0  |        1|  1920|    8|     1|        15360|
    |k_buf_2_val_0_U  |filter_opr_filter2d_kernel_16_16_int_int_1080_1920_3_3_s_k_buf_0_val_0  |        1|  1920|    8|     1|        15360|
    |k_buf_0_val_1_U  |filter_opr_filter2d_kernel_16_16_int_int_1080_1920_3_3_s_k_buf_0_val_1  |        1|  1920|    8|     1|        15360|
    |k_buf_0_val_2_U  |filter_opr_filter2d_kernel_16_16_int_int_1080_1920_3_3_s_k_buf_0_val_1  |        1|  1920|    8|     1|        15360|
    |k_buf_1_val_1_U  |filter_opr_filter2d_kernel_16_16_int_int_1080_1920_3_3_s_k_buf_0_val_1  |        1|  1920|    8|     1|        15360|
    |k_buf_1_val_2_U  |filter_opr_filter2d_kernel_16_16_int_int_1080_1920_3_3_s_k_buf_0_val_1  |        1|  1920|    8|     1|        15360|
    |k_buf_2_val_1_U  |filter_opr_filter2d_kernel_16_16_int_int_1080_1920_3_3_s_k_buf_0_val_1  |        1|  1920|    8|     1|        15360|
    |k_buf_2_val_2_U  |filter_opr_filter2d_kernel_16_16_int_int_1080_1920_3_3_s_k_buf_0_val_1  |        1|  1920|    8|     1|        15360|
    +-----------------+------------------------------------------------------------------------+---------+------+-----+------+-------------+
    |Total            |                                                                        |        9| 17280|   72|     9|       138240|
    +-----------------+------------------------------------------------------------------------+---------+------+-----+------+-------------+

    * FIFO: 
    N/A

    * Shift register: 
    +-------------------+---+----+-----+-----------+
    |        Name       | FF| LUT| Bits| Const Bits|
    +-------------------+---+----+-----+-----------+
    |brmerge2_reg_3468  |  0|   1|    1|          0|
    |brmerge_reg_3444   |  0|   1|    1|          0|
    |tmp_26_reg_3429    |  0|   1|    1|          0|
    |tmp_4_reg_3398     |  0|   1|    1|          0|
    +-------------------+---+----+-----+-----------+
    |Total              |  0|   4|    4|          0|
    +-------------------+---+----+-----+-----------+

    * Expression: 
    +---------------------------------------+----------+-------+---+----+------------+------------+
    |             Variable Name             | Operation| DSP48E| FF| LUT| Bitwidth P0| Bitwidth P1|
    +---------------------------------------+----------+-------+---+----+------------+------------+
    |ImagLoc_x_fu_1630_p2                   |     +    |      0|  0|  13|          13|           2|
    |ImagLoc_y_1_fu_1218_p2                 |     +    |      0|  0|  13|          13|           4|
    |ImagLoc_y_2_fu_1251_p2                 |     +    |      0|  0|  13|          13|           4|
    |ImagLoc_y_fu_1133_p2                   |     +    |      0|  0|  13|          13|           4|
    |heightloop_fu_1011_p2                  |     +    |      0|  0|  13|          13|           3|
    |i_V_fu_1122_p2                         |     +    |      0|  0|  12|          12|           1|
    |j_V_fu_1608_p2                         |     +    |      0|  0|  12|          12|           1|
    |p_assign_11_fu_1456_p2                 |     +    |      0|  0|  14|          14|          14|
    |p_assign_3_fu_1708_p2                  |     +    |      0|  0|  15|          15|          15|
    |p_assign_6_fu_1304_p2                  |     +    |      0|  0|  14|          14|          14|
    |p_assign_7_fu_1212_p2                  |     +    |      0|  0|  13|          13|           1|
    |p_assign_9_fu_1385_p2                  |     +    |      0|  0|  14|          14|          14|
    |p_assign_s_fu_1245_p2                  |     +    |      0|  0|  13|          13|           2|
    |p_rec5_fu_978_p2                       |     +    |      0|  0|   2|           2|           1|
    |p_rec6_fu_990_p2                       |     +    |      0|  0|   2|           2|           1|
    |p_rec_fu_1002_p2                       |     +    |      0|  0|   2|           2|           1|
    |ref_fu_1033_p2                         |     +    |      0|  0|  13|          13|           2|
    |sum_V_12_fu_2609_p2                    |     +    |      0|  0|  11|          11|          11|
    |sum_V_13_fu_2627_p2                    |     +    |      0|  0|  11|          11|          11|
    |sum_V_14_fu_2720_p2                    |     +    |      0|  0|  11|          11|          11|
    |sum_V_2_fu_2525_p2                     |     +    |      0|  0|  11|          11|          11|
    |sum_V_3_fu_2543_p2                     |     +    |      0|  0|  11|          11|          11|
    |sum_V_4_fu_2636_p2                     |     +    |      0|  0|  11|          11|          11|
    |sum_V_7_fu_2567_p2                     |     +    |      0|  0|  11|          11|          11|
    |sum_V_8_fu_2585_p2                     |     +    |      0|  0|  11|          11|          11|
    |sum_V_9_fu_2678_p2                     |     +    |      0|  0|  11|          11|          11|
    |tmp_187_0_t_fu_1845_p2                 |     +    |      0|  0|   2|           2|           2|
    |tmp_187_1_t_fu_1938_p2                 |     +    |      0|  0|   2|           2|           2|
    |tmp_187_2_t_fu_2031_p2                 |     +    |      0|  0|   2|           2|           2|
    |tmp_1_fu_1055_p2                       |     +    |      0|  0|  13|          13|           3|
    |tmp_206_0_t_fu_1827_p2                 |     +    |      0|  0|   2|           2|           2|
    |tmp_206_1_t_fu_1920_p2                 |     +    |      0|  0|   2|           2|           2|
    |tmp_206_2_t_fu_2013_p2                 |     +    |      0|  0|   2|           2|           2|
    |tmp_211_0_t_fu_1818_p2                 |     +    |      0|  0|   2|           2|           2|
    |tmp_211_1_t_fu_1911_p2                 |     +    |      0|  0|   2|           2|           2|
    |tmp_211_2_t_fu_2004_p2                 |     +    |      0|  0|   2|           2|           2|
    |tmp_s_fu_1042_p2                       |     +    |      0|  0|  13|          13|           2|
    |widthloop_fu_1024_p2                   |     +    |      0|  0|  13|          13|           2|
    |locy_0_0_t_fu_1538_p2                  |     -    |      0|  0|   2|           2|           2|
    |locy_0_1_t_fu_1565_p2                  |     -    |      0|  0|   2|           2|           2|
    |locy_0_2_t_fu_1594_p2                  |     -    |      0|  0|   2|           2|           2|
    |p_assign_1_fu_1641_p2                  |     -    |      0|  0|  13|           1|          13|
    |p_assign_4_fu_1111_p2                  |     -    |      0|  0|  13|           2|          13|
    |sum_V_10_fu_2437_p2                    |     -    |      0|  0|   9|           9|           9|
    |sum_V_11_fu_2459_p2                    |     -    |      0|  0|  11|          11|          11|
    |sum_V_1_fu_2341_p2                     |     -    |      0|  0|  11|          11|          11|
    |sum_V_5_fu_2380_p2                     |     -    |      0|  0|   9|           9|           9|
    |sum_V_6_fu_2402_p2                     |     -    |      0|  0|  11|          11|          11|
    |sum_V_fu_2319_p2                       |     -    |      0|  0|   9|           9|           9|
    |tmp_230_0_2_fu_2533_p2                 |     -    |      0|  0|   9|           1|           9|
    |tmp_230_1_2_fu_2575_p2                 |     -    |      0|  0|   9|           1|           9|
    |tmp_230_2_2_fu_2617_p2                 |     -    |      0|  0|   9|           1|           9|
    |newSel1_fu_1555_p3                     |  Select  |      0|  0|  14|           1|          14|
    |newSel2_fu_1487_p3                     |  Select  |      0|  0|  13|           1|          13|
    |newSel3_fu_1346_p3                     |  Select  |      0|  0|  14|           1|          14|
    |newSel4_fu_1500_p3                     |  Select  |      0|  0|  14|           1|          14|
    |newSel5_fu_1353_p3                     |  Select  |      0|  0|  14|           1|          14|
    |newSel6_fu_1584_p3                     |  Select  |      0|  0|  14|           1|          14|
    |newSel7_fu_1416_p3                     |  Select  |      0|  0|  13|           1|          13|
    |newSel9_fu_1429_p3                     |  Select  |      0|  0|  14|           1|          14|
    |newSel_fu_1329_p3                      |  Select  |      0|  0|  13|           1|          13|
    |p_assign_10_fu_1270_p3                 |  Select  |      0|  0|  13|           1|          13|
    |p_assign_2_fu_1655_p3                  |  Select  |      0|  0|  13|           1|          13|
    |p_assign_5_fu_1177_p3                  |  Select  |      0|  0|  13|           1|          13|
    |p_assign_8_fu_1237_p3                  |  Select  |      0|  0|  13|           1|          13|
    |p_dst_data_stream_0_V_din              |  Select  |      0|  0|   8|           1|           8|
    |p_dst_data_stream_1_V_din              |  Select  |      0|  0|   8|           1|           8|
    |p_dst_data_stream_2_V_din              |  Select  |      0|  0|   8|           1|           8|
    |phitmp_1_fu_2709_p3                    |  Select  |      0|  0|   8|           1|           2|
    |phitmp_2_fu_2751_p3                    |  Select  |      0|  0|   8|           1|           2|
    |phitmp_fu_2667_p3                      |  Select  |      0|  0|   8|           1|           2|
    |sel_tmp11_fu_2269_p3                   |  Select  |      0|  0|   8|           1|           8|
    |sel_tmp18_fu_2284_p3                   |  Select  |      0|  0|   8|           1|           8|
    |sel_tmp24_fu_2113_p3                   |  Select  |      0|  0|   8|           1|           8|
    |sel_tmp25_fu_2127_p3                   |  Select  |      0|  0|   8|           1|           8|
    |sel_tmp26_fu_2181_p3                   |  Select  |      0|  0|   8|           1|           8|
    |sel_tmp27_fu_2195_p3                   |  Select  |      0|  0|   8|           1|           8|
    |sel_tmp7_fu_1730_p3                    |  Select  |      0|  0|  15|           1|           1|
    |sel_tmp_fu_1713_p3                     |  Select  |      0|  0|  15|           1|          15|
    |src_kernel_win_0_val_0_0_2_fu_2276_p3  |  Select  |      0|  0|   8|           1|           8|
    |src_kernel_win_0_val_1_0_2_fu_2291_p3  |  Select  |      0|  0|   8|           1|           8|
    |src_kernel_win_1_val_0_0_2_fu_2120_p3  |  Select  |      0|  0|   8|           1|           8|
    |src_kernel_win_1_val_1_0_2_fu_2134_p3  |  Select  |      0|  0|   8|           1|           8|
    |src_kernel_win_2_val_0_0_2_fu_2188_p3  |  Select  |      0|  0|   8|           1|           8|
    |src_kernel_win_2_val_1_0_2_fu_2202_p3  |  Select  |      0|  0|   8|           1|           8|
    |tmp_7_fu_1205_p3                       |  Select  |      0|  0|   3|           1|           3|
    |x_fu_1764_p3                           |  Select  |      0|  0|  15|           1|          15|
    |ap_sig_bdd_1712                        |    and   |      0|  0|   2|           1|           1|
    |ap_sig_bdd_2383                        |    and   |      0|  0|   2|           1|           1|
    |ap_sig_bdd_2388                        |    and   |      0|  0|   2|           1|           1|
    |ap_sig_bdd_2389                        |    and   |      0|  0|   2|           1|           1|
    |ap_sig_bdd_2394                        |    and   |      0|  0|   2|           1|           1|
    |ap_sig_bdd_2396                        |    and   |      0|  0|   2|           1|           1|
    |ap_sig_bdd_2398                        |    and   |      0|  0|   2|           1|           1|
    |ap_sig_bdd_2400                        |    and   |      0|  0|   2|           1|           1|
    |ap_sig_bdd_2404                        |    and   |      0|  0|   2|           1|           1|
    |ap_sig_bdd_2406                        |    and   |      0|  0|   2|           1|           1|
    |ap_sig_bdd_2408                        |    and   |      0|  0|   2|           1|           1|
    |ap_sig_bdd_2412                        |    and   |      0|  0|   2|           1|           1|
    |or_cond29_2_fu_1517_p2                 |    and   |      0|  0|   2|           1|           1|
    |or_cond3_fu_1527_p2                    |    and   |      0|  0|   2|           1|           1|
    |or_cond5_1_fu_1884_p2                  |    and   |      0|  0|   2|           1|           1|
    |or_cond5_2_fu_1977_p2                  |    and   |      0|  0|   2|           1|           1|
    |or_cond5_fu_1791_p2                    |    and   |      0|  0|   2|           1|           1|
    |or_cond6_1_fu_1895_p2                  |    and   |      0|  0|   2|           1|           1|
    |or_cond6_2_fu_1988_p2                  |    and   |      0|  0|   2|           1|           1|
    |or_cond6_fu_1802_p2                    |    and   |      0|  0|   2|           1|           1|
    |or_cond_98_fu_1296_p2                  |    and   |      0|  0|   2|           1|           1|
    |sel_tmp14_fu_1395_p2                   |    and   |      0|  0|   2|           1|           1|
    |sel_tmp16_fu_1410_p2                   |    and   |      0|  0|   2|           1|           1|
    |sel_tmp21_fu_1466_p2                   |    and   |      0|  0|   2|           1|           1|
    |sel_tmp23_fu_1481_p2                   |    and   |      0|  0|   2|           1|           1|
    |sel_tmp2_fu_1748_p2                    |    and   |      0|  0|   2|           1|           1|
    |sel_tmp4_fu_1314_p2                    |    and   |      0|  0|   2|           1|           1|
    |sel_tmp6_fu_1725_p2                    |    and   |      0|  0|   2|           1|           1|
    |sel_tmp9_fu_1324_p2                    |    and   |      0|  0|   2|           1|           1|
    |exitcond6_fu_996_p2                    |   icmp   |      0|  0|   2|           2|           2|
    |exitcond7_fu_984_p2                    |   icmp   |      0|  0|   2|           2|           2|
    |exitcond8_fu_972_p2                    |   icmp   |      0|  0|   2|           2|           2|
    |icmp1_fu_1153_p2                       |   icmp   |      0|  0|  14|          12|           1|
    |icmp2_fu_2657_p2                       |   icmp   |      0|  0|   3|           3|           1|
    |icmp3_fu_2699_p2                       |   icmp   |      0|  0|   3|           3|           1|
    |icmp4_fu_2741_p2                       |   icmp   |      0|  0|   3|           3|           1|
    |icmp_fu_1624_p2                        |   icmp   |      0|  0|  13|          11|           1|
    |sel_tmp10_fu_1542_p2                   |   icmp   |      0|  0|   2|           2|           2|
    |sel_tmp12_fu_1546_p2                   |   icmp   |      0|  0|   2|           2|           1|
    |sel_tmp17_fu_1570_p2                   |   icmp   |      0|  0|   2|           2|           2|
    |sel_tmp19_fu_1575_p2                   |   icmp   |      0|  0|   2|           2|           1|
    |slt1_fu_1775_p2                        |   icmp   |      0|  0|  17|          14|          14|
    |slt2_fu_1868_p2                        |   icmp   |      0|  0|  17|          14|          14|
    |slt3_fu_1961_p2                        |   icmp   |      0|  0|  17|          14|          14|
    |slt_fu_1278_p2                         |   icmp   |      0|  0|  16|          13|          13|
    |tmp_10_fu_1077_p2                      |   icmp   |      0|  0|  14|          12|           1|
    |tmp_14_fu_1159_p2                      |   icmp   |      0|  0|  16|          13|          13|
    |tmp_15_fu_1164_p2                      |   icmp   |      0|  0|  16|          13|          13|
    |tmp_170_not_fu_1291_p2                 |   icmp   |      0|  0|  16|          13|           3|
    |tmp_176_2_fu_1283_p2                   |   icmp   |      0|  0|  17|          14|          14|
    |tmp_17_fu_1189_p2                      |   icmp   |      0|  0|  17|          14|          14|
    |tmp_182_0_1_fu_1224_p2                 |   icmp   |      0|  0|  16|          13|          13|
    |tmp_182_0_2_fu_1257_p2                 |   icmp   |      0|  0|  16|          13|          13|
    |tmp_183_1_fu_1863_p2                   |   icmp   |      0|  0|  17|          14|          14|
    |tmp_183_2_fu_1956_p2                   |   icmp   |      0|  0|  17|          14|          14|
    |tmp_185_1_fu_1931_p2                   |   icmp   |      0|  0|  16|          13|          13|
    |tmp_185_2_fu_2024_p2                   |   icmp   |      0|  0|  16|          13|          13|
    |tmp_18_fu_1700_p2                      |   icmp   |      0|  0|  17|          14|          14|
    |tmp_190_1_fu_1879_p2                   |   icmp   |      0|  0|  19|          15|          15|
    |tmp_190_2_fu_1972_p2                   |   icmp   |      0|  0|  19|          15|          15|
    |tmp_192_1_fu_1890_p2                   |   icmp   |      0|  0|  19|          15|          15|
    |tmp_192_2_fu_1983_p2                   |   icmp   |      0|  0|  19|          15|          15|
    |tmp_194_0_1_fu_1371_p2                 |   icmp   |      0|  0|  17|          14|          14|
    |tmp_194_0_2_fu_1442_p2                 |   icmp   |      0|  0|  17|          14|          14|
    |tmp_221_1_fu_2683_p2                   |   icmp   |      0|  0|  13|          11|           1|
    |tmp_221_2_fu_2725_p2                   |   icmp   |      0|  0|  13|          11|           1|
    |tmp_25_fu_1507_p2                      |   icmp   |      0|  0|  16|          13|           1|
    |tmp_29_fu_1770_p2                      |   icmp   |      0|  0|  17|          14|          14|
    |tmp_2_fu_1117_p2                       |   icmp   |      0|  0|  17|          14|          14|
    |tmp_31_fu_1838_p2                      |   icmp   |      0|  0|  16|          13|          13|
    |tmp_34_fu_1786_p2                      |   icmp   |      0|  0|  19|          15|          15|
    |tmp_36_fu_1797_p2                      |   icmp   |      0|  0|  19|          15|          15|
    |tmp_40_fu_2641_p2                      |   icmp   |      0|  0|  13|          11|           1|
    |tmp_4_fu_1603_p2                       |   icmp   |      0|  0|  16|          13|          13|
    |tmp_6_fu_1636_p2                       |   icmp   |      0|  0|  16|          13|          13|
    |tmp_8_fu_1061_p2                       |   icmp   |      0|  0|  14|          12|           1|
    |ult1_fu_1673_p2                        |   icmp   |      0|  0|  16|          13|          13|
    |ult_fu_1128_p2                         |   icmp   |      0|  0|  17|          14|          14|
    |ap_sig_bdd_101                         |    or    |      0|  0|   2|           1|           1|
    |ap_sig_bdd_124                         |    or    |      0|  0|   2|           1|           1|
    |brmerge2_fu_1754_p2                    |    or    |      0|  0|   2|           1|           1|
    |brmerge31_2_fu_1522_p2                 |    or    |      0|  0|   2|           1|           1|
    |brmerge_fu_1669_p2                     |    or    |      0|  0|   2|           1|           1|
    |or_cond1_fu_1494_p2                    |    or    |      0|  0|   2|           1|           1|
    |or_cond8_fu_1423_p2                    |    or    |      0|  0|   2|           1|           1|
    |or_cond_fu_1340_p2                     |    or    |      0|  0|   2|           1|           1|
    |sel_tmp10_demorgan_fu_1738_p2          |    or    |      0|  0|   2|           1|           1|
    |sel_tmp19_demorgan_fu_1200_p2          |    or    |      0|  0|   2|           1|           1|
    |sel_tmp32_demorgan_fu_1400_p2          |    or    |      0|  0|   2|           1|           1|
    |sel_tmp45_demorgan_fu_1471_p2          |    or    |      0|  0|   2|           1|           1|
    |tmp1_fu_1684_p2                        |    or    |      0|  0|   2|           1|           1|
    |tmp2_fu_1689_p2                        |    or    |      0|  0|   2|           1|           1|
    |rev1_fu_1533_p2                        |    xor   |      0|  0|   2|           1|           2|
    |rev2_fu_1780_p2                        |    xor   |      0|  0|   2|           1|           2|
    |rev3_fu_1678_p2                        |    xor   |      0|  0|   2|           1|           2|
    |rev4_fu_1873_p2                        |    xor   |      0|  0|   2|           1|           2|
    |rev5_fu_1966_p2                        |    xor   |      0|  0|   2|           1|           2|
    |rev_fu_1512_p2                         |    xor   |      0|  0|   2|           1|           2|
    |sel_tmp13_fu_1390_p2                   |    xor   |      0|  0|   2|           1|           2|
    |sel_tmp15_fu_1404_p2                   |    xor   |      0|  0|   2|           1|           2|
    |sel_tmp1_fu_1742_p2                    |    xor   |      0|  0|   2|           1|           2|
    |sel_tmp20_fu_1461_p2                   |    xor   |      0|  0|   2|           1|           2|
    |sel_tmp22_fu_1475_p2                   |    xor   |      0|  0|   2|           1|           2|
    |sel_tmp3_fu_1309_p2                    |    xor   |      0|  0|   2|           1|           2|
    |sel_tmp5_fu_1720_p2                    |    xor   |      0|  0|   2|           1|           2|
    |sel_tmp8_fu_1319_p2                    |    xor   |      0|  0|   2|           1|           2|
    |tmp_13_fu_1097_p2                      |    xor   |      0|  0|   2|           2|           2|
    |tmp_199_0_1_fu_1376_p2                 |    xor   |      0|  0|  16|          13|           2|
    |tmp_199_0_2_fu_1447_p2                 |    xor   |      0|  0|  16|          13|           2|
    |tmp_19_fu_1194_p2                      |    xor   |      0|  0|  16|          13|           2|
    |tmp_27_fu_1663_p2                      |    xor   |      0|  0|  16|          13|           2|
    +---------------------------------------+----------+-------+---+----+------------+------------+
    |Total                                  |          |      0|  0|1673|        1109|        1184|
    +---------------------------------------+----------+-------+---+----+------------+------------+

    * Multiplexer: 
    +-----------------------------------+----+-----------+-----+-----------+
    |                Name               | LUT| Input Size| Bits| Total Bits|
    +-----------------------------------+----+-----------+-----+-----------+
    |k_buf_0_val_0_address0             |  11|          2|   11|         22|
    |k_buf_0_val_0_address1             |  11|          2|   11|         22|
    |k_buf_0_val_1_address0             |  11|          4|   11|         44|
    |k_buf_0_val_2_address0             |  11|          4|   11|         44|
    |k_buf_1_val_0_address0             |  11|          2|   11|         22|
    |k_buf_1_val_0_address1             |  11|          2|   11|         22|
    |k_buf_1_val_1_address0             |  11|          4|   11|         44|
    |k_buf_1_val_2_address0             |  11|          4|   11|         44|
    |k_buf_2_val_0_address0             |  11|          2|   11|         22|
    |k_buf_2_val_0_address1             |  11|          2|   11|         22|
    |k_buf_2_val_1_address0             |  11|          4|   11|         44|
    |k_buf_2_val_2_address0             |  11|          4|   11|         44|
    |p_0202_rec_reg_676                 |   2|          2|    2|          4|
    |p_0206_rec_reg_687                 |   2|          2|    2|          4|
    |p_0210_rec_reg_698                 |   2|          2|    2|          4|
    |src_kernel_win_0_val_0_0_1_fu_294  |   8|          2|    8|         16|
    |src_kernel_win_0_val_0_0_fu_226    |   8|          5|    8|         40|
    |src_kernel_win_0_val_1_0_1_fu_286  |   8|          2|    8|         16|
    |src_kernel_win_0_val_1_0_fu_238    |   8|          4|    8|         32|
    |src_kernel_win_0_val_2_0_fu_250    |   8|          6|    8|         48|
    |src_kernel_win_1_val_0_0_1_fu_270  |   8|          2|    8|         16|
    |src_kernel_win_1_val_0_0_fu_262    |   8|          5|    8|         40|
    |src_kernel_win_1_val_1_0_1_fu_258  |   8|          2|    8|         16|
    |src_kernel_win_1_val_1_0_fu_278    |   8|          4|    8|         32|
    |src_kernel_win_1_val_2_0_fu_274    |   8|          6|    8|         48|
    |src_kernel_win_2_val_0_0_1_fu_246  |   8|          2|    8|         16|
    |src_kernel_win_2_val_0_0_fu_298    |   8|          5|    8|         40|
    |src_kernel_win_2_val_1_0_1_fu_234  |   8|          2|    8|         16|
    |src_kernel_win_2_val_1_0_fu_314    |   8|          4|    8|         32|
    |src_kernel_win_2_val_2_0_fu_310    |   8|          6|    8|         48|
    |t_V_1_reg_720                      |  12|          2|   12|         24|
    |t_V_reg_709                        |  12|          2|   12|         24|
    +-----------------------------------+----+-----------+-----+-----------+
    |Total                              | 282|        103|  282|        912|
    +-----------------------------------+----+-----------+-----+-----------+

    * Register: 
    +-------------------------------------------+----+-----+-----------+
    |                    Name                   | FF | Bits| Const Bits|
    +-------------------------------------------+----+-----+-----------+
    |ImagLoc_x_reg_3407                         |  13|   13|          0|
    |ImagLoc_y_1_reg_3258                       |  13|   13|          0|
    |ImagLoc_y_2_reg_3277                       |  13|   13|          0|
    |ImagLoc_y_reg_3210                         |  13|   13|          0|
    |ap_CS_fsm                                  |   4|    4|          0|
    |ap_reg_ppiten_pp0_it0                      |   1|    1|          0|
    |ap_reg_ppiten_pp0_it1                      |   1|    1|          0|
    |ap_reg_ppiten_pp0_it2                      |   1|    1|          0|
    |ap_reg_ppiten_pp0_it3                      |   1|    1|          0|
    |ap_reg_ppiten_pp0_it4                      |   1|    1|          0|
    |ap_reg_ppiten_pp0_it5                      |   1|    1|          0|
    |ap_reg_ppiten_pp0_it6                      |   1|    1|          0|
    |ap_reg_ppiten_pp0_it7                      |   1|    1|          0|
    |ap_reg_ppstg_ImagLoc_x_reg_3407_pp0_it1    |  13|   13|          0|
    |ap_reg_ppstg_or_cond5_1_reg_3562_pp0_it3   |   1|    1|          0|
    |ap_reg_ppstg_or_cond5_2_reg_3648_pp0_it3   |   1|    1|          0|
    |ap_reg_ppstg_or_cond5_reg_3476_pp0_it3     |   1|    1|          0|
    |ap_reg_ppstg_or_cond6_1_reg_3566_pp0_it3   |   1|    1|          0|
    |ap_reg_ppstg_or_cond6_2_reg_3652_pp0_it3   |   1|    1|          0|
    |ap_reg_ppstg_or_cond6_reg_3480_pp0_it3     |   1|    1|          0|
    |ap_reg_ppstg_p_assign_2_reg_3433_pp0_it1   |  13|   13|          0|
    |ap_reg_ppstg_tmp_183_1_reg_3558_pp0_it3    |   1|    1|          0|
    |ap_reg_ppstg_tmp_183_2_reg_3644_pp0_it3    |   1|    1|          0|
    |ap_reg_ppstg_tmp_206_0_t_reg_3498_pp0_it3  |   2|    2|          0|
    |ap_reg_ppstg_tmp_206_1_t_reg_3584_pp0_it3  |   2|    2|          0|
    |ap_reg_ppstg_tmp_206_2_t_reg_3670_pp0_it3  |   2|    2|          0|
    |ap_reg_ppstg_tmp_211_0_t_reg_3494_pp0_it3  |   2|    2|          0|
    |ap_reg_ppstg_tmp_211_1_t_reg_3580_pp0_it3  |   2|    2|          0|
    |ap_reg_ppstg_tmp_211_2_t_reg_3666_pp0_it3  |   2|    2|          0|
    |ap_reg_ppstg_tmp_29_reg_3472_pp0_it3       |   1|    1|          0|
    |brmerge2_reg_3468                          |   1|    1|          0|
    |brmerge_reg_3444                           |   1|    1|          0|
    |cols_cast1_reg_3099                        |  12|   13|          1|
    |cols_cast2_reg_3123                        |  12|   14|          2|
    |heightloop_cast63_cast_reg_3092            |  13|   14|          1|
    |i_V_reg_3200                               |  12|   12|          0|
    |icmp1_reg_3217                             |   1|    1|          0|
    |k_buf_0_val_0_addr_2_reg_3522              |  11|   11|          0|
    |k_buf_0_val_1_addr_2_reg_3516              |  11|   11|          0|
    |k_buf_0_val_2_addr_1_reg_3502              |  11|   11|          0|
    |k_buf_1_val_0_addr_2_reg_3608              |  11|   11|          0|
    |k_buf_1_val_1_addr_2_reg_3602              |  11|   11|          0|
    |k_buf_1_val_2_addr_1_reg_3588              |  11|   11|          0|
    |k_buf_2_val_0_addr_2_reg_3694              |  11|   11|          0|
    |k_buf_2_val_1_addr_2_reg_3688              |  11|   11|          0|
    |k_buf_2_val_2_addr_1_reg_3674              |  11|   11|          0|
    |locy_0_2_t_reg_3394                        |   2|    2|          0|
    |newSel2_reg_3332                           |  13|   13|          0|
    |newSel4_reg_3342                           |  14|   14|          0|
    |newSel7_reg_3317                           |  13|   13|          0|
    |newSel9_reg_3327                           |  14|   14|          0|
    |or_cond1_reg_3337                          |   1|    1|          0|
    |or_cond29_2_reg_3352                       |   1|    1|          0|
    |or_cond3_reg_3357                          |   1|    1|          0|
    |or_cond5_1_reg_3562                        |   1|    1|          0|
    |or_cond5_2_reg_3648                        |   1|    1|          0|
    |or_cond5_reg_3476                          |   1|    1|          0|
    |or_cond6_1_reg_3566                        |   1|    1|          0|
    |or_cond6_2_reg_3652                        |   1|    1|          0|
    |or_cond6_reg_3480                          |   1|    1|          0|
    |or_cond8_reg_3322                          |   1|    1|          0|
    |or_cond_98_reg_3306                        |   1|    1|          0|
    |p_0202_rec_reg_676                         |   2|    2|          0|
    |p_0206_rec_reg_687                         |   2|    2|          0|
    |p_0210_rec_reg_698                         |   2|    2|          0|
    |p_assign_10_reg_3289                       |  13|   13|          0|
    |p_assign_2_reg_3433                        |  13|   13|          0|
    |p_assign_5_reg_3229                        |  13|   13|          0|
    |p_assign_8_reg_3270                        |  13|   13|          0|
    |phitmp_1_reg_3876                          |   8|    8|          0|
    |phitmp_2_reg_3886                          |   8|    8|          0|
    |phitmp_reg_3866                            |   8|    8|          0|
    |ref_reg_3117                               |  13|   13|          0|
    |reg_930                                    |   8|    8|          0|
    |reg_936                                    |   8|    8|          0|
    |reg_942                                    |   8|    8|          0|
    |reg_946                                    |   8|    8|          0|
    |reg_952                                    |   8|    8|          0|
    |rev1_reg_3361                              |   1|    1|          0|
    |right_border_buf_0_val_0_0_fu_178          |   8|    8|          0|
    |right_border_buf_0_val_0_1_fu_182          |   8|    8|          0|
    |right_border_buf_0_val_0_2_fu_186          |   8|    8|          0|
    |right_border_buf_1_val_0_0_fu_190          |   8|    8|          0|
    |right_border_buf_1_val_0_1_fu_194          |   8|    8|          0|
    |right_border_buf_1_val_0_2_fu_198          |   8|    8|          0|
    |right_border_buf_2_val_0_0_fu_202          |   8|    8|          0|
    |right_border_buf_2_val_0_1_fu_206          |   8|    8|          0|
    |right_border_buf_2_val_0_2_fu_210          |   8|    8|          0|
    |rows_cast1_reg_3085                        |  12|   13|          1|
    |rows_cast_reg_3110                         |  12|   14|          2|
    |sel_tmp10_reg_3366                         |   1|    1|          0|
    |sel_tmp12_reg_3373                         |   1|    1|          0|
    |sel_tmp17_reg_3380                         |   1|    1|          0|
    |sel_tmp19_demorgan_reg_3244                |   1|    1|          0|
    |sel_tmp19_reg_3387                         |   1|    1|          0|
    |sel_tmp2_reg_3463                          |   1|    1|          0|
    |sel_tmp7_reg_3458                          |  15|   15|          0|
    |slt_reg_3296                               |   1|    1|          0|
    |src_kernel_win_0_val_0_0_1_fu_294          |   8|    8|          0|
    |src_kernel_win_0_val_0_0_fu_226            |   8|    8|          0|
    |src_kernel_win_0_val_0_0_load_reg_3831     |   8|    8|          0|
    |src_kernel_win_0_val_0_1_fu_230            |   8|    8|          0|
    |src_kernel_win_0_val_0_1_load_reg_3801     |   8|    8|          0|
    |src_kernel_win_0_val_1_0_1_fu_286          |   8|    8|          0|
    |src_kernel_win_0_val_1_0_fu_238            |   8|    8|          0|
    |src_kernel_win_0_val_1_1_fu_242            |   8|    8|          0|
    |src_kernel_win_0_val_2_0_fu_250            |   8|    8|          0|
    |src_kernel_win_0_val_2_1_1_reg_3730        |   8|    8|          0|
    |src_kernel_win_0_val_2_1_fu_254            |   8|    8|          0|
    |src_kernel_win_1_val_0_0_1_fu_270          |   8|    8|          0|
    |src_kernel_win_1_val_0_0_2_reg_3766        |   8|    8|          0|
    |src_kernel_win_1_val_0_0_fu_262            |   8|    8|          0|
    |src_kernel_win_1_val_0_0_load_reg_3841     |   8|    8|          0|
    |src_kernel_win_1_val_0_1_fu_266            |   8|    8|          0|
    |src_kernel_win_1_val_0_1_load_reg_3811     |   8|    8|          0|
    |src_kernel_win_1_val_1_0_1_fu_258          |   8|    8|          0|
    |src_kernel_win_1_val_1_0_2_reg_3771        |   8|    8|          0|
    |src_kernel_win_1_val_1_0_6_reg_3750        |   8|    8|          0|
    |src_kernel_win_1_val_1_0_fu_278            |   8|    8|          0|
    |src_kernel_win_1_val_1_1_fu_282            |   8|    8|          0|
    |src_kernel_win_1_val_2_0_fu_274            |   8|    8|          0|
    |src_kernel_win_1_val_2_1_1_reg_3735        |   8|    8|          0|
    |src_kernel_win_1_val_2_1_fu_290            |   8|    8|          0|
    |src_kernel_win_2_val_0_0_1_fu_246          |   8|    8|          0|
    |src_kernel_win_2_val_0_0_2_reg_3791        |   8|    8|          0|
    |src_kernel_win_2_val_0_0_fu_298            |   8|    8|          0|
    |src_kernel_win_2_val_0_0_load_reg_3851     |   8|    8|          0|
    |src_kernel_win_2_val_0_1_fu_302            |   8|    8|          0|
    |src_kernel_win_2_val_0_1_load_reg_3821     |   8|    8|          0|
    |src_kernel_win_2_val_1_0_1_fu_234          |   8|    8|          0|
    |src_kernel_win_2_val_1_0_2_reg_3796        |   8|    8|          0|
    |src_kernel_win_2_val_1_0_6_reg_3776        |   8|    8|          0|
    |src_kernel_win_2_val_1_0_fu_314            |   8|    8|          0|
    |src_kernel_win_2_val_1_1_fu_318            |   8|    8|          0|
    |src_kernel_win_2_val_2_0_fu_310            |   8|    8|          0|
    |src_kernel_win_2_val_2_1_1_reg_3740        |   8|    8|          0|
    |src_kernel_win_2_val_2_1_fu_306            |   8|    8|          0|
    |sum_V_11_reg_3826                          |  11|   11|          0|
    |sum_V_13_reg_3856                          |  11|   11|          0|
    |sum_V_1_reg_3806                           |  11|   11|          0|
    |sum_V_3_reg_3836                           |  11|   11|          0|
    |sum_V_6_reg_3816                           |  11|   11|          0|
    |sum_V_8_reg_3846                           |  11|   11|          0|
    |t_V_1_reg_720                              |  12|   12|          0|
    |t_V_reg_709                                |  12|   12|          0|
    |temp_12_reg_3755                           |   8|    8|          0|
    |temp_14_reg_3781                           |   8|    8|          0|
    |tmp1_reg_3448                              |   1|    1|          0|
    |tmp2_reg_3453                              |   1|    1|          0|
    |tmp_10_reg_3162                            |   1|    1|          0|
    |tmp_12_reg_3179                            |   2|    2|          0|
    |tmp_13_reg_3184                            |   2|    2|          0|
    |tmp_150_cast_cast_cast_reg_3134            |  15|   15|          0|
    |tmp_15_reg_3223                            |   1|    1|          0|
    |tmp_164_0_cast_cast_reg_3157               |  12|   15|          3|
    |tmp_176_2_reg_3301                         |   1|    1|          0|
    |tmp_17_reg_3234                            |   1|    1|          0|
    |tmp_182_0_1_reg_3263                       |   1|    1|          0|
    |tmp_182_0_2_reg_3282                       |   1|    1|          0|
    |tmp_183_1_reg_3558                         |   1|    1|          0|
    |tmp_183_2_reg_3644                         |   1|    1|          0|
    |tmp_185_1_reg_3594                         |   1|    1|          0|
    |tmp_185_2_reg_3680                         |   1|    1|          0|
    |tmp_187_0_t_reg_3512                       |   2|    2|          0|
    |tmp_187_1_t_reg_3598                       |   2|    2|          0|
    |tmp_187_2_t_reg_3684                       |   2|    2|          0|
    |tmp_189_1_reg_3614                         |  64|   64|          0|
    |tmp_189_2_reg_3700                         |  64|   64|          0|
    |tmp_198_0_0_cast_cast_cast_reg_3172        |  12|   14|          2|
    |tmp_19_reg_3239                            |  13|   13|          0|
    |tmp_1_reg_3144                             |  13|   13|          0|
    |tmp_206_0_t_reg_3498                       |   2|    2|          0|
    |tmp_206_1_t_reg_3584                       |   2|    2|          0|
    |tmp_206_2_t_reg_3670                       |   2|    2|          0|
    |tmp_20_reg_3311                            |   2|    2|          0|
    |tmp_211_0_t_reg_3494                       |   2|    2|          0|
    |tmp_211_1_t_reg_3580                       |   2|    2|          0|
    |tmp_211_2_t_reg_3666                       |   2|    2|          0|
    |tmp_221_1_reg_3871                         |   1|    1|          0|
    |tmp_221_2_reg_3881                         |   1|    1|          0|
    |tmp_25_reg_3347                            |   1|    1|          0|
    |tmp_26_reg_3429                            |   1|    1|          0|
    |tmp_27_reg_3439                            |  13|   13|          0|
    |tmp_29_reg_3472                            |   1|    1|          0|
    |tmp_31_reg_3508                            |   1|    1|          0|
    |tmp_33_reg_3528                            |  64|   64|          0|
    |tmp_40_reg_3861                            |   1|    1|          0|
    |tmp_4_reg_3398                             |   1|    1|          0|
    |tmp_6_reg_3422                             |   1|    1|          0|
    |tmp_7_reg_3249                             |   2|    2|          0|
    |tmp_8_reg_3151                             |   1|    1|          0|
    |ult_reg_3205                               |   1|    1|          0|
    |widthloop_reg_3104                         |  13|   13|          0|
    +-------------------------------------------+----+-----+-----------+
    |Total                                      |1333| 1345|         12|
    +-------------------------------------------+----+-----+-----------+



================================================================
== Interface
================================================================
* Summary: 
+-------------------------------+-----+-----+---------+---------------------------------------------------------+--------------+
|           RTL Ports           | Dir | Bits| Protocol|                      Source Object                      |    C Type    |
+-------------------------------+-----+-----+---------+---------------------------------------------------------+--------------+
|ap_clk                         |  in |    1|        -| filter_opr<filter2d_kernel,16,16,int,int,1080,1920,3,3> | return value |
|ap_rst                         |  in |    1|        -| filter_opr<filter2d_kernel,16,16,int,int,1080,1920,3,3> | return value |
|ap_start                       |  in |    1|        -| filter_opr<filter2d_kernel,16,16,int,int,1080,1920,3,3> | return value |
|ap_done                        | out |    1|        -| filter_opr<filter2d_kernel,16,16,int,int,1080,1920,3,3> | return value |
|ap_idle                        | out |    1|        -| filter_opr<filter2d_kernel,16,16,int,int,1080,1920,3,3> | return value |
|ap_ready                       | out |    1|        -| filter_opr<filter2d_kernel,16,16,int,int,1080,1920,3,3> | return value |
|p_src_data_stream_0_V_dout     |  in |    8| ap_fifo |                  p_src_data_stream_0_V                  |    pointer   |
|p_src_data_stream_0_V_empty_n  |  in |    1| ap_fifo |                  p_src_data_stream_0_V                  |    pointer   |
|p_src_data_stream_0_V_read     | out |    1| ap_fifo |                  p_src_data_stream_0_V                  |    pointer   |
|p_src_data_stream_1_V_dout     |  in |    8| ap_fifo |                  p_src_data_stream_1_V                  |    pointer   |
|p_src_data_stream_1_V_empty_n  |  in |    1| ap_fifo |                  p_src_data_stream_1_V                  |    pointer   |
|p_src_data_stream_1_V_read     | out |    1| ap_fifo |                  p_src_data_stream_1_V                  |    pointer   |
|p_src_data_stream_2_V_dout     |  in |    8| ap_fifo |                  p_src_data_stream_2_V                  |    pointer   |
|p_src_data_stream_2_V_empty_n  |  in |    1| ap_fifo |                  p_src_data_stream_2_V                  |    pointer   |
|p_src_data_stream_2_V_read     | out |    1| ap_fifo |                  p_src_data_stream_2_V                  |    pointer   |
|p_dst_data_stream_0_V_din      | out |    8| ap_fifo |                  p_dst_data_stream_0_V                  |    pointer   |
|p_dst_data_stream_0_V_full_n   |  in |    1| ap_fifo |                  p_dst_data_stream_0_V                  |    pointer   |
|p_dst_data_stream_0_V_write    | out |    1| ap_fifo |                  p_dst_data_stream_0_V                  |    pointer   |
|p_dst_data_stream_1_V_din      | out |    8| ap_fifo |                  p_dst_data_stream_1_V                  |    pointer   |
|p_dst_data_stream_1_V_full_n   |  in |    1| ap_fifo |                  p_dst_data_stream_1_V                  |    pointer   |
|p_dst_data_stream_1_V_write    | out |    1| ap_fifo |                  p_dst_data_stream_1_V                  |    pointer   |
|p_dst_data_stream_2_V_din      | out |    8| ap_fifo |                  p_dst_data_stream_2_V                  |    pointer   |
|p_dst_data_stream_2_V_full_n   |  in |    1| ap_fifo |                  p_dst_data_stream_2_V                  |    pointer   |
|p_dst_data_stream_2_V_write    | out |    1| ap_fifo |                  p_dst_data_stream_2_V                  |    pointer   |
|rows                           |  in |   12| ap_none |                           rows                          |    scalar    |
|cols                           |  in |   12| ap_none |                           cols                          |    scalar    |
+-------------------------------+-----+-----+---------+---------------------------------------------------------+--------------+

