

================================================================
== Vivado HLS Report for 'fir'
================================================================
* Date:           Fri Mar 13 20:24:06 2015

* Version:        2013.3 (build date: Wed Oct 16 18:12:55 PM 2013)
* Project:        fir_prj
* Solution:       solution1
* Product family: zynq zynq_fpv6 
* Target device:  xc7z020clg484-1


================================================================
== Performance Estimates
================================================================
+ Timing (ns): 
    * Summary: 
    +---------+-------+----------+------------+
    |  Clock  | Target| Estimated| Uncertainty|
    +---------+-------+----------+------------+
    |default  |  10.00|      8.47|        1.25|
    +---------+-------+----------+------------+

+ Latency (clock cycles): 
    * Summary: 
    +-----+-----+-----+-----+---------+
    |  Latency  |  Interval | Pipeline|
    | min | max | min | max |   Type  |
    +-----+-----+-----+-----+---------+
    |   89|   89|   90|   90|   none  |
    +-----+-----+-----+-----+---------+

    + Detail: 
        * Instance: 
        N/A

        * Loop: 
        +--------------------+-----+-----+----------+-----------+-----------+------+----------+
        |                    |  Latency  | Iteration|  Initiation Interval  | Trip |          |
        |      Loop Name     | min | max |  Latency |  achieved |   target  | Count| Pipelined|
        +--------------------+-----+-----+----------+-----------+-----------+------+----------+
        |- Shift_Accum_Loop  |   88|   88|         8|          -|          -|    11|    no    |
        +--------------------+-----+-----+----------+-----------+-----------+------+----------+



================================================================
== Utilization Estimates
================================================================
* Summary: 
+-----------------+---------+-------+--------+-------+
|       Name      | BRAM_18K| DSP48E|   FF   |  LUT  |
+-----------------+---------+-------+--------+-------+
|Expression       |        -|      -|       -|      -|
|FIFO             |        -|      -|       -|      -|
|Instance         |        -|      -|       -|      -|
|Memory           |        -|      -|       -|      -|
|Multiplexer      |        -|      -|       -|      -|
|Register         |        -|      -|       -|      -|
|ShiftMemory      |        -|      -|       -|      -|
+-----------------+---------+-------+--------+-------+
|Total            |        0|      0|       0|      0|
+-----------------+---------+-------+--------+-------+
|Available        |      280|    220|  106400|  53200|
+-----------------+---------+-------+--------+-------+
|Utilization (%)  |        0|      0|       0|      0|
+-----------------+---------+-------+--------+-------+

+ Detail: 
    * Instance: 
    N/A

    * Memory: 
    N/A

    * FIFO: 
    N/A

    * Shift register: 
    N/A

    * Expression: 
    N/A

    * Multiplexer: 
    N/A

    * Register: 
    N/A



================================================================
== Interface
================================================================
* Summary: 
N/A

============================================================
+ Verbose Summary: Synthesis Manager
============================================================
InlineROM: 1
ExposeGlobal: 0
============================================================
+ Verbose Summary: CDFG Model
============================================================
IsTopModel: 1
ResetActiveHigh: 1
IsCombinational: 0
IsDatapathOnly: 0
HasWiredReturn: 1
HasMFsm: 0
HasVarLatency: 1
IsPipeline: 0
IsRtlPipelined: 0
IsInstanceOverlapped: 0
IsDontTouch: 0
HasImplIP: 0
IsGatedGlobalClock: 0


============================================================
+ Verbose Summary: Schedule
============================================================
* Number of FSM states: 14
* Pipeline: 0
* Dataflow Pipeline: 0

* FSM state transitions: 
1 --> 
	2  / true
2 --> 
	3  / (!tmp & !tmp_1)
	9  / (!tmp & tmp_1)
3 --> 
	4  / true
4 --> 
	5  / true
5 --> 
	6  / true
6 --> 
	7  / true
7 --> 
	8  / true
8 --> 
	14  / true
9 --> 
	10  / true
10 --> 
	11  / true
11 --> 
	12  / true
12 --> 
	13  / true
13 --> 
	8  / true
14 --> 
	2  / true
* FSM state operations: 

 <State 1>: 1.57ns
ST_1: stg_15 [1/1] 0.00ns
:0  call void (...)* @_ssdm_op_SpecBitsMap(i32* %y) nounwind, !map !0

ST_1: stg_16 [1/1] 0.00ns
:1  call void (...)* @_ssdm_op_SpecBitsMap([11 x i32]* %c) nounwind, !map !6

ST_1: stg_17 [1/1] 0.00ns
:2  call void (...)* @_ssdm_op_SpecBitsMap(i32 %x) nounwind, !map !12

ST_1: x_read [1/1] 0.00ns
:3  %x_read = call i32 @_ssdm_op_Read.ap_auto.i32(i32 %x) nounwind

ST_1: c_addr [1/1] 0.00ns
:4  %c_addr = getelementptr [11 x i32]* %c, i64 0, i64 0

ST_1: stg_20 [1/1] 0.00ns
:5  call void (...)* @_ssdm_op_SpecTopModule([4 x i8]* @str) nounwind

ST_1: stg_21 [1/1] 1.57ns
:6  br label %1


 <State 2>: 3.19ns
ST_2: acc [1/1] 0.00ns
:0  %acc = phi i32 [ 0, %0 ], [ %acc_1, %5 ]

ST_2: i [1/1] 0.00ns
:1  %i = phi i5 [ 10, %0 ], [ %i_1, %5 ]

ST_2: i_cast [1/1] 0.00ns
:2  %i_cast = sext i5 %i to i32

ST_2: tmp [1/1] 0.00ns
:3  %tmp = call i1 @_ssdm_op_BitSelect.i1.i5.i32(i5 %i, i32 4)

ST_2: empty [1/1] 0.00ns
:4  %empty = call i32 (...)* @_ssdm_op_SpecLoopTripCount(i64 11, i64 11, i64 11) nounwind

ST_2: stg_27 [1/1] 0.00ns
:5  br i1 %tmp, label %6, label %2

ST_2: stg_28 [1/1] 0.00ns
:0  call void (...)* @_ssdm_op_SpecLoopName([17 x i8]* @p_str) nounwind

ST_2: tmp_1 [1/1] 1.91ns
:1  %tmp_1 = icmp eq i5 %i, 0

ST_2: stg_30 [1/1] 0.00ns
:2  br i1 %tmp_1, label %3, label %4

ST_2: tmp_7 [1/1] 0.00ns
:0  %tmp_7 = trunc i5 %i to i4

ST_2: tmp_3 [1/1] 0.80ns
:1  %tmp_3 = add i4 %tmp_7, -1

ST_2: tmp_4 [1/1] 0.00ns
:2  %tmp_4 = zext i4 %tmp_3 to i64

ST_2: shift_reg_addr [1/1] 0.00ns
:3  %shift_reg_addr = getelementptr inbounds [11 x i32]* @shift_reg, i64 0, i64 %tmp_4

ST_2: shift_reg_load [2/2] 2.39ns
:4  %shift_reg_load = load i32* %shift_reg_addr, align 4

ST_2: tmp_5 [1/1] 0.00ns
:5  %tmp_5 = zext i32 %i_cast to i64

ST_2: c_addr_1 [1/1] 0.00ns
:8  %c_addr_1 = getelementptr [11 x i32]* %c, i64 0, i64 %tmp_5

ST_2: c_load_1 [2/2] 2.39ns
:9  %c_load_1 = load i32* %c_addr_1, align 4

ST_2: c_load [2/2] 2.39ns
:0  %c_load = load i32* %c_addr, align 4

ST_2: stg_40 [1/1] 0.00ns
:0  call void @_ssdm_op_Write.ap_auto.i32P(i32* %y, i32 %acc) nounwind

ST_2: stg_41 [1/1] 0.00ns
:1  ret void


 <State 3>: 8.47ns
ST_3: shift_reg_load [1/2] 2.39ns
:4  %shift_reg_load = load i32* %shift_reg_addr, align 4

ST_3: shift_reg_addr_1 [1/1] 0.00ns
:6  %shift_reg_addr_1 = getelementptr inbounds [11 x i32]* @shift_reg, i64 0, i64 %tmp_5

ST_3: stg_44 [1/1] 2.39ns
:7  store i32 %shift_reg_load, i32* %shift_reg_addr_1, align 4

ST_3: c_load_1 [1/2] 2.39ns
:9  %c_load_1 = load i32* %c_addr_1, align 4

ST_3: tmp_6 [6/6] 6.08ns
:10  %tmp_6 = mul nsw i32 %c_load_1, %shift_reg_load


 <State 4>: 6.08ns
ST_4: tmp_6 [5/6] 6.08ns
:10  %tmp_6 = mul nsw i32 %c_load_1, %shift_reg_load


 <State 5>: 6.08ns
ST_5: tmp_6 [4/6] 6.08ns
:10  %tmp_6 = mul nsw i32 %c_load_1, %shift_reg_load


 <State 6>: 6.08ns
ST_6: tmp_6 [3/6] 6.08ns
:10  %tmp_6 = mul nsw i32 %c_load_1, %shift_reg_load


 <State 7>: 6.08ns
ST_7: tmp_6 [2/6] 6.08ns
:10  %tmp_6 = mul nsw i32 %c_load_1, %shift_reg_load


 <State 8>: 7.66ns
ST_8: tmp_6 [1/6] 6.08ns
:10  %tmp_6 = mul nsw i32 %c_load_1, %shift_reg_load

ST_8: stg_52 [1/1] 1.57ns
:11  br label %5

ST_8: tmp_2 [1/6] 6.08ns
:1  %tmp_2 = mul nsw i32 %c_load, %x_read

ST_8: stg_54 [1/1] 1.57ns
:3  br label %5

ST_8: i_1 [1/1] 1.72ns
:2  %i_1 = add i5 %i, -1


 <State 9>: 8.47ns
ST_9: c_load [1/2] 2.39ns
:0  %c_load = load i32* %c_addr, align 4

ST_9: tmp_2 [6/6] 6.08ns
:1  %tmp_2 = mul nsw i32 %c_load, %x_read

ST_9: stg_58 [1/1] 2.39ns
:2  store i32 %x_read, i32* getelementptr inbounds ([11 x i32]* @shift_reg, i64 0, i64 0), align 16


 <State 10>: 6.08ns
ST_10: tmp_2 [5/6] 6.08ns
:1  %tmp_2 = mul nsw i32 %c_load, %x_read


 <State 11>: 6.08ns
ST_11: tmp_2 [4/6] 6.08ns
:1  %tmp_2 = mul nsw i32 %c_load, %x_read


 <State 12>: 6.08ns
ST_12: tmp_2 [3/6] 6.08ns
:1  %tmp_2 = mul nsw i32 %c_load, %x_read


 <State 13>: 6.08ns
ST_13: tmp_2 [2/6] 6.08ns
:1  %tmp_2 = mul nsw i32 %c_load, %x_read


 <State 14>: 2.44ns
ST_14: p_pn [1/1] 0.00ns
:0  %p_pn = phi i32 [ %tmp_2, %3 ], [ %tmp_6, %4 ]

ST_14: acc_1 [1/1] 2.44ns
:1  %acc_1 = add nsw i32 %p_pn, %acc

ST_14: stg_65 [1/1] 0.00ns
:3  br label %1



============================================================
+ Verbose Summary: Binding
============================================================
N/A
* FSMD analyzer results:
  - Output states:
  - Chain level:
	State 1
	State 2
	State 3
	State 4
	State 5
	State 6
	State 7
	State 8
	State 9
	State 10
	State 11
	State 12
	State 13
	State 14


============================================================
+ Verbose Summary: Datapath Resource usage 
============================================================
N/A
