08:42:15.421 INFO  - Processing command line option -hwspec /home/ga46sam/Lab_Zynq/FROM_server/Project1_Optimized/SDK/SDK_Export/hw/system.xml. 
08:50:46.106 INFO  - FPGA configured successfully with bitstream "/home/ga46sam/Lab_Zynq/FROM_server/Project1_Optimized/SDK/SDK_Workspace/Project1_Optimized_hw_platform/system.bit" 
08:50:57.835 INFO  - Processor reset is completed for ps7_cortexa9_0 
08:50:57.935 INFO  - PS initialization will be done as it is not done before. 
08:50:57.936 INFO  - Running PS initialization.... 
08:50:58.063 INFO  - ps7_init is completed. 
08:50:58.163 INFO  - ps7_post_config is completed. 
08:50:58.263 INFO  - PS Initialization is complete. 
08:54:08.268 ERROR - Unexpected error while parsing XMD response ￿: com.google.gson.JsonSyntaxException: com.google.gson.stream.MalformedJsonException: invalid number or unquoted string near  
12:15:39.007 INFO  - FPGA configured successfully with bitstream "/home/ga46sam/Lab_Zynq/FROM_server/Project1_Optimized/SDK/SDK_Workspace/Project1_Optimized_hw_platform/system.bit" 
12:15:53.919 INFO  - Processor reset is completed for ps7_cortexa9_0 
12:15:54.019 INFO  - PS initialization will be done as it is not done before. 
12:15:54.020 INFO  - Running PS initialization.... 
12:15:54.145 INFO  - ps7_init is completed. 
12:15:54.245 INFO  - ps7_post_config is completed. 
12:15:54.346 INFO  - PS Initialization is complete. 
12:19:55.831 INFO  - FPGA configured successfully with bitstream "/home/ga46sam/Lab_Zynq/FROM_server/Project1_Optimized/SDK/SDK_Workspace/Project1_Optimized_hw_platform/system.bit" 
12:20:00.453 INFO  - Processor reset is completed for ps7_cortexa9_0 
12:20:00.553 INFO  - PS initialization will be done as it is not done before. 
12:20:00.554 INFO  - Running PS initialization.... 
12:20:00.678 INFO  - ps7_init is completed. 
12:20:00.778 INFO  - ps7_post_config is completed. 
12:20:00.781 INFO  - PS Initialization is complete. 
12:28:45.001 INFO  - FPGA configured successfully with bitstream "/home/ga46sam/Lab_Zynq/FROM_server/Project1_Optimized/SDK/SDK_Workspace/Project1_Optimized_hw_platform/system.bit" 
12:28:52.335 INFO  - Processor reset is completed for ps7_cortexa9_0 
12:28:52.435 INFO  - PS initialization will be done as it is not done before. 
12:28:52.436 INFO  - Running PS initialization.... 
12:28:52.565 INFO  - ps7_init is completed. 
12:28:52.665 INFO  - ps7_post_config is completed. 
12:28:52.765 INFO  - PS Initialization is complete. 
12:30:35.369 INFO  - FPGA configured successfully with bitstream "/home/ga46sam/Lab_Zynq/FROM_server/Project1_Optimized/SDK/SDK_Workspace/Project1_Optimized_hw_platform/system.bit" 
12:30:43.535 INFO  - Processor reset is completed for ps7_cortexa9_0 
12:30:43.635 INFO  - PS initialization will be done as it is not done before. 
12:30:43.636 INFO  - Running PS initialization.... 
12:30:43.762 INFO  - ps7_init is completed. 
12:30:43.862 INFO  - ps7_post_config is completed. 
12:30:43.963 INFO  - PS Initialization is complete. 
12:32:29.400 INFO  - FPGA configured successfully with bitstream "/home/ga46sam/Lab_Zynq/FROM_server/Project1_Optimized/SDK/SDK_Workspace/Project1_Optimized_hw_platform/system.bit" 
12:32:39.712 INFO  - Processor reset is completed for ps7_cortexa9_0 
12:32:39.812 INFO  - PS initialization will be done as it is not done before. 
12:32:39.812 INFO  - Running PS initialization.... 
12:32:39.938 INFO  - ps7_init is completed. 
12:32:39.944 INFO  - ps7_post_config is completed. 
12:32:40.044 INFO  - PS Initialization is complete. 
12:33:19.933 ERROR - Unable to disconnect from existing targets java.lang.NullPointerException
	at com.xilinx.sdk.targetmanager.internal.json.XMDJSONProcess.issueCommand(Unknown Source)
	at com.xilinx.sdk.targetmanager.internal.TM.disconnectTarget(Unknown Source)

12:33:19.936 ERROR - Unexpected error while parsing XMD response ￿: com.google.gson.JsonSyntaxException: com.google.gson.stream.MalformedJsonException: invalid number or unquoted string near  
13:11:45.277 INFO  - FPGA configured successfully with bitstream "/nfs/TUEIEDAprojects/SystemDesign/work/ipxact/benjamin-bordes/Project1_Optimized/SDK/SDK_Workspace/Project1_Optimized_hw_platform/system.bit" 
17:58:30.483 INFO  - Processing command line option -hwspec /nfs/TUEIEDAprojects/SystemDesign/work/ipxact/benjamin-bordes/DSE/2IP_ER_SO/SDK/SDK_Export/hw/system.xml. 
17:58:32.036 INFO  - The hardware specification for project 'Project1_Optimized_hw_platform' is different from /nfs/TUEIEDAprojects/SystemDesign/work/ipxact/benjamin-bordes/DSE/2IP_ER_SO/SDK/SDK_Export/hw/system.xml. 
17:58:58.054 INFO  - Copied contents of /nfs/TUEIEDAprojects/SystemDesign/work/ipxact/benjamin-bordes/DSE/2IP_ER_SO/SDK/SDK_Export/hw/system.xml into /Project1_Optimized_hw_platform/system.xml. 
17:58:58.212 INFO  - Copied contents of /nfs/TUEIEDAprojects/SystemDesign/work/ipxact/benjamin-bordes/DSE/2IP_ER_SO/SDK/SDK_Export/hw/system.bit into /Project1_Optimized_hw_platform/system.bit. 
17:58:59.682 INFO  - Copied contents of /nfs/TUEIEDAprojects/SystemDesign/work/ipxact/benjamin-bordes/DSE/2IP_ER_SO/SDK/SDK_Export/hw/ps7_init.c into /Project1_Optimized_hw_platform/ps7_init.c. 
17:58:59.719 INFO  - Copied contents of /nfs/TUEIEDAprojects/SystemDesign/work/ipxact/benjamin-bordes/DSE/2IP_ER_SO/SDK/SDK_Export/hw/ps7_init.h into /Project1_Optimized_hw_platform/ps7_init.h. 
17:58:59.762 INFO  - Copied contents of /nfs/TUEIEDAprojects/SystemDesign/work/ipxact/benjamin-bordes/DSE/2IP_ER_SO/SDK/SDK_Export/hw/ps7_init.html into /Project1_Optimized_hw_platform/ps7_init.html. 
17:58:59.773 INFO  - Copied contents of /nfs/TUEIEDAprojects/SystemDesign/work/ipxact/benjamin-bordes/DSE/2IP_ER_SO/SDK/SDK_Export/hw/ps7_init.tcl into /Project1_Optimized_hw_platform/ps7_init.tcl. 
17:59:00.318 INFO  - Synchronizing projects in the workspace with the hardware platform specification changes. 
17:59:11.419 INFO  - Updating hardware inferred compiler options for software_prj. 
17:59:11.428 INFO  - Clearing existing target manager status. 
17:59:19.399 INFO  - Project standalone_bsp_0 was a BSP project. Please update references. 
17:59:19.399 ERROR - SDK has detected that project standalone_bsp_0 has been deleted (or renamed).
If this project was a BSP referenced by other C/C++ applications, then those applications will fail to build now. Please right click on those applications and click 'Change Referenced BSP' to update those projects' BSP references. 
17:59:22.066 ERROR - Unexpected error while parsing XMD response ￿: com.google.gson.JsonSyntaxException: com.google.gson.stream.MalformedJsonException: invalid number or unquoted string near  
17:59:38.093 INFO  - Processing command line option -hwspec /nfs/TUEIEDAprojects/SystemDesign/work/ipxact/benjamin-bordes/DSE/2IP_ER_SO/SDK/SDK_Export/hw/system.xml. 
18:11:57.377 INFO  - FPGA configured successfully with bitstream "/nfs/TUEIEDAprojects/SystemDesign/work/ipxact/benjamin-bordes/DSE/2IP_ER_SO/SDK/SDK_Workspace/2IP_ER_SO_hw_platform/system.bit" 
18:12:47.665 INFO  - Processor reset is completed for ps7_cortexa9_0 
18:12:47.765 INFO  - PS initialization will be done as it is not done before. 
18:12:47.766 INFO  - Running PS initialization.... 
18:12:47.920 INFO  - ps7_init is completed. 
18:12:48.020 INFO  - ps7_post_config is completed. 
18:12:48.121 INFO  - PS Initialization is complete. 
18:21:17.447 ERROR - Unexpected error while parsing XMD response ￿: com.google.gson.JsonSyntaxException: com.google.gson.stream.MalformedJsonException: invalid number or unquoted string near  
11:02:36.845 INFO  - Processing command line option -hwspec /nfs/TUEIEDAprojects/SystemDesign/work/ipxact/benjamin-bordes/DSE/2IP_ER_SO/SDK/SDK_Export/hw/system.xml. 
11:02:39.035 INFO  - The hardware specification for project '2IP_ER_SO_hw_platform' is different from /nfs/TUEIEDAprojects/SystemDesign/work/ipxact/benjamin-bordes/DSE/2IP_ER_SO/SDK/SDK_Export/hw/system.xml. 
11:02:39.835 INFO  - Copied contents of /nfs/TUEIEDAprojects/SystemDesign/work/ipxact/benjamin-bordes/DSE/2IP_ER_SO/SDK/SDK_Export/hw/system.xml into /2IP_ER_SO_hw_platform/system.xml. 
11:02:39.974 INFO  - Copied contents of /nfs/TUEIEDAprojects/SystemDesign/work/ipxact/benjamin-bordes/DSE/2IP_ER_SO/SDK/SDK_Export/hw/system.bit into /2IP_ER_SO_hw_platform/system.bit. 
11:02:40.419 INFO  - Copied contents of /nfs/TUEIEDAprojects/SystemDesign/work/ipxact/benjamin-bordes/DSE/2IP_ER_SO/SDK/SDK_Export/hw/ps7_init.c into /2IP_ER_SO_hw_platform/ps7_init.c. 
11:02:42.013 INFO  - Copied contents of /nfs/TUEIEDAprojects/SystemDesign/work/ipxact/benjamin-bordes/DSE/2IP_ER_SO/SDK/SDK_Export/hw/ps7_init.h into /2IP_ER_SO_hw_platform/ps7_init.h. 
11:02:42.049 INFO  - Copied contents of /nfs/TUEIEDAprojects/SystemDesign/work/ipxact/benjamin-bordes/DSE/2IP_ER_SO/SDK/SDK_Export/hw/ps7_init.html into /2IP_ER_SO_hw_platform/ps7_init.html. 
11:02:42.062 INFO  - Copied contents of /nfs/TUEIEDAprojects/SystemDesign/work/ipxact/benjamin-bordes/DSE/2IP_ER_SO/SDK/SDK_Export/hw/ps7_init.tcl into /2IP_ER_SO_hw_platform/ps7_init.tcl. 
11:02:42.460 INFO  - Synchronizing projects in the workspace with the hardware platform specification changes. 
11:02:44.495 INFO  - Updating hardware inferred compiler options for software_prj. 
11:02:44.503 INFO  - Clearing existing target manager status. 
11:03:26.337 INFO  - Project standalone_bsp_0 was a BSP project. Please update references. 
11:03:26.338 ERROR - SDK has detected that project standalone_bsp_0 has been deleted (or renamed).
If this project was a BSP referenced by other C/C++ applications, then those applications will fail to build now. Please right click on those applications and click 'Change Referenced BSP' to update those projects' BSP references. 
11:03:29.713 ERROR - Unexpected error while parsing XMD response ￿: com.google.gson.JsonSyntaxException: com.google.gson.stream.MalformedJsonException: invalid number or unquoted string near  
11:03:48.339 INFO  - Processing command line option -hwspec /nfs/TUEIEDAprojects/SystemDesign/work/ipxact/benjamin-bordes/DSE/2IP_ER_SO/SDK/SDK_Export/hw/system.xml. 
11:05:40.833 INFO  - FPGA configured successfully with bitstream "/nfs/TUEIEDAprojects/SystemDesign/work/ipxact/benjamin-bordes/DSE/2IP_ER_SO/SDK/SDK_Workspace/2IP_ER_SO_hw_platform/system.bit" 
11:06:23.921 INFO  - Processor reset is completed for ps7_cortexa9_0 
11:06:24.021 INFO  - PS initialization will be done as it is not done before. 
11:06:24.022 INFO  - Running PS initialization.... 
11:06:24.147 INFO  - ps7_init is completed. 
11:06:24.247 INFO  - ps7_post_config is completed. 
11:06:24.347 INFO  - PS Initialization is complete. 
11:12:18.176 ERROR - Unexpected error while parsing XMD response ￿: com.google.gson.JsonSyntaxException: com.google.gson.stream.MalformedJsonException: invalid number or unquoted string near  
13:17:14.817 INFO  - Processing command line option -hwspec /nfs/TUEIEDAprojects/SystemDesign/work/ipxact/benjamin-bordes/DSE/1IP_SO/SDK/SDK_Export/hw/system.xml. 
13:17:16.953 INFO  - The hardware specification for project '2IP_ER_SO_hw_platform' is different from /nfs/TUEIEDAprojects/SystemDesign/work/ipxact/benjamin-bordes/DSE/1IP_SO/SDK/SDK_Export/hw/system.xml. 
13:17:17.421 INFO  - Copied contents of /nfs/TUEIEDAprojects/SystemDesign/work/ipxact/benjamin-bordes/DSE/1IP_SO/SDK/SDK_Export/hw/system.xml into /2IP_ER_SO_hw_platform/system.xml. 
13:17:17.545 INFO  - Copied contents of /nfs/TUEIEDAprojects/SystemDesign/work/ipxact/benjamin-bordes/DSE/1IP_SO/SDK/SDK_Export/hw/system.bit into /2IP_ER_SO_hw_platform/system.bit. 
13:17:17.584 INFO  - Copied contents of /nfs/TUEIEDAprojects/SystemDesign/work/ipxact/benjamin-bordes/DSE/1IP_SO/SDK/SDK_Export/hw/ps7_init.c into /2IP_ER_SO_hw_platform/ps7_init.c. 
13:17:17.595 INFO  - Copied contents of /nfs/TUEIEDAprojects/SystemDesign/work/ipxact/benjamin-bordes/DSE/1IP_SO/SDK/SDK_Export/hw/ps7_init.h into /2IP_ER_SO_hw_platform/ps7_init.h. 
13:17:17.637 INFO  - Copied contents of /nfs/TUEIEDAprojects/SystemDesign/work/ipxact/benjamin-bordes/DSE/1IP_SO/SDK/SDK_Export/hw/ps7_init.html into /2IP_ER_SO_hw_platform/ps7_init.html. 
13:17:58.185 INFO  - Copied contents of /nfs/TUEIEDAprojects/SystemDesign/work/ipxact/benjamin-bordes/DSE/1IP_SO/SDK/SDK_Export/hw/ps7_init.tcl into /2IP_ER_SO_hw_platform/ps7_init.tcl. 
13:17:58.819 INFO  - Synchronizing projects in the workspace with the hardware platform specification changes. 
13:18:01.891 INFO  - Updating hardware inferred compiler options for software_prj. 
13:18:01.894 INFO  - Clearing existing target manager status. 
13:19:01.208 INFO  - Project standalone_bsp_0 was a BSP project. Please update references. 
13:19:01.208 ERROR - SDK has detected that project standalone_bsp_0 has been deleted (or renamed).
If this project was a BSP referenced by other C/C++ applications, then those applications will fail to build now. Please right click on those applications and click 'Change Referenced BSP' to update those projects' BSP references. 
13:19:04.157 ERROR - Unexpected error while parsing XMD response ￿: com.google.gson.JsonSyntaxException: com.google.gson.stream.MalformedJsonException: invalid number or unquoted string near  
13:19:24.708 INFO  - Processing command line option -hwspec /nfs/TUEIEDAprojects/SystemDesign/work/ipxact/benjamin-bordes/DSE/1IP_SO/SDK/SDK_Export/hw/system.xml. 
13:23:04.155 INFO  - FPGA configured successfully with bitstream "/nfs/TUEIEDAprojects/SystemDesign/work/ipxact/benjamin-bordes/DSE/1IP_SO/SDK/SDK_Workspace/1IP_SO_hw_platform/system.bit" 
13:23:44.652 INFO  - Processor reset is completed for ps7_cortexa9_0 
13:23:44.752 INFO  - PS initialization will be done as it is not done before. 
13:23:44.753 INFO  - Running PS initialization.... 
13:23:44.915 INFO  - ps7_init is completed. 
13:23:45.016 INFO  - ps7_post_config is completed. 
13:23:45.116 INFO  - PS Initialization is complete. 
13:27:15.290 ERROR - Unable to disconnect from existing targets java.lang.NullPointerException
	at com.xilinx.sdk.targetmanager.internal.json.XMDJSONProcess.issueCommand(Unknown Source)
	at com.xilinx.sdk.targetmanager.internal.TM.disconnectTarget(Unknown Source)

13:27:15.303 ERROR - Unexpected error while parsing XMD response ￿: com.google.gson.JsonSyntaxException: com.google.gson.stream.MalformedJsonException: invalid number or unquoted string near  
10:25:29.739 INFO  - Processing command line option -hwspec /nfs/TUEIEDAprojects/SystemDesign/work/ipxact/benjamin-bordes/DSE/1IP_SO/SDK/SDK_Export/hw/system.xml. 
10:26:20.772 INFO  - FPGA configured successfully with bitstream "/nfs/TUEIEDAprojects/SystemDesign/work/ipxact/benjamin-bordes/DSE/1IP_SO/SDK/SDK_Workspace/1IP_SO_hw_platform/system.bit" 
10:26:46.385 INFO  - Processor reset is completed for ps7_cortexa9_0 
10:26:46.485 INFO  - PS initialization will be done as it is not done before. 
10:26:46.486 INFO  - Running PS initialization.... 
10:26:46.638 INFO  - ps7_init is completed. 
10:26:46.738 INFO  - ps7_post_config is completed. 
10:26:46.838 INFO  - PS Initialization is complete. 
10:29:49.069 ERROR - Unexpected error while parsing XMD response ￿: com.google.gson.JsonSyntaxException: com.google.gson.stream.MalformedJsonException: invalid number or unquoted string near  
19:28:19.917 INFO  - FPGA configured successfully with bitstream "/nfs/TUEIEDAprojects/SystemDesign/work/ipxact/benjamin-bordes/DSE/1IP_SO/SDK/SDK_Workspace/1IP_SO_hw_platform/system.bit" 
19:28:26.367 INFO  - Processor reset is completed for ps7_cortexa9_0 
19:28:26.467 INFO  - PS initialization will be done as it is not done before. 
19:28:26.468 INFO  - Running PS initialization.... 
19:28:26.594 INFO  - ps7_init is completed. 
19:28:26.695 INFO  - ps7_post_config is completed. 
19:28:26.795 INFO  - PS Initialization is complete. 
19:29:45.076 INFO  - FPGA Cable Disconnected. All active launches will be terminated. 
19:29:50.200 ERROR - Unexpected error while parsing XMD response ￿: com.google.gson.JsonSyntaxException: com.google.gson.stream.MalformedJsonException: invalid number or unquoted string near  
20:02:05.836 INFO  - FPGA configured successfully with bitstream "/nfs/TUEIEDAprojects/SystemDesign/work/ipxact/benjamin-bordes/DSE/1IP_SO/SDK/SDK_Workspace/1IP_SO_hw_platform/system.bit" 
20:02:26.666 INFO  - Processor reset is completed for ps7_cortexa9_0 
20:02:26.767 INFO  - PS initialization will be done as it is not done before. 
20:02:26.768 INFO  - Running PS initialization.... 
20:02:26.888 INFO  - ps7_init is completed. 
20:02:26.988 INFO  - ps7_post_config is completed. 
20:02:26.991 INFO  - PS Initialization is complete. 
20:03:30.263 ERROR - Unable to disconnect from existing targets java.lang.NullPointerException
	at com.xilinx.sdk.targetmanager.internal.json.XMDJSONProcess.issueCommand(Unknown Source)
	at com.xilinx.sdk.targetmanager.internal.TM.disconnectTarget(Unknown Source)

20:03:30.268 ERROR - Unexpected error while parsing XMD response ￿: com.google.gson.JsonSyntaxException: com.google.gson.stream.MalformedJsonException: invalid number or unquoted string near  
14:43:34.208 INFO  - FPGA configured successfully with bitstream "/nfs/TUEIEDAprojects/SystemDesign/work/ipxact/benjamin-bordes/DSE/1IP/1IP_SO/SDK/SDK_Workspace/1IP_SO_hw_platform/system.bit" 
14:43:53.963 INFO  - ps7_init.tcl file does not exists in HwPlatform 
14:43:54.063 INFO  - Processor reset is completed for ps7_cortexa9_0 
14:43:54.163 INFO  - PS initialization will be done as it is not done before. 
14:43:54.163 INFO  - Running PS initialization.... 
14:43:54.169 ERROR - Unexpected error while launching program. java.lang.RuntimeException: Error while running ps7_init method.
invalid command name "ps7_init"
	at com.xilinx.sdk.targetmanager.internal.TM.run_ps7_init(Unknown Source)
	at com.xilinx.sdk.targetmanager.internal.TM.runPs7Init(Unknown Source)

14:44:32.152 INFO  - ps7_init.tcl file does not exists in HwPlatform 
14:44:32.252 INFO  - Processor reset is completed for ps7_cortexa9_0 
14:44:32.352 INFO  - PS initialization will be done as it is not done before. 
14:44:32.353 INFO  - Running PS initialization.... 
14:44:32.452 ERROR - Unexpected error while launching program. java.lang.RuntimeException: Error while running ps7_init method.
invalid command name "ps7_init"
	at com.xilinx.sdk.targetmanager.internal.TM.run_ps7_init(Unknown Source)
	at com.xilinx.sdk.targetmanager.internal.TM.runPs7Init(Unknown Source)

14:44:59.207 INFO  - Processor reset is completed for ps7_cortexa9_0 
14:44:59.307 INFO  - PS initialization will be done as it is not done before. 
14:44:59.308 INFO  - Running PS initialization.... 
14:44:59.434 INFO  - ps7_init is completed. 
14:44:59.534 INFO  - ps7_post_config is completed. 
14:44:59.634 INFO  - PS Initialization is complete. 
14:58:26.810 INFO  - FPGA configured successfully with bitstream "/nfs/TUEIEDAprojects/SystemDesign/work/ipxact/benjamin-bordes/DSE/1IP/1IP_SO/SDK/SDK_Workspace/1IP_SO_hw_platform/system.bit" 
14:58:42.476 INFO  - Processor reset is completed for ps7_cortexa9_0 
14:58:42.576 INFO  - PS initialization will be done as it is not done before. 
14:58:42.576 INFO  - Running PS initialization.... 
14:58:42.696 INFO  - ps7_init is completed. 
14:58:42.796 INFO  - ps7_post_config is completed. 
14:58:42.896 INFO  - PS Initialization is complete. 
14:58:46.169 ERROR - Unable to disconnect from existing targets java.lang.NullPointerException
	at com.xilinx.sdk.targetmanager.internal.json.XMDJSONProcess.issueCommand(Unknown Source)
	at com.xilinx.sdk.targetmanager.internal.TM.disconnectTarget(Unknown Source)

14:58:46.171 ERROR - Unexpected error while parsing XMD response ￿: com.google.gson.JsonSyntaxException: com.google.gson.stream.MalformedJsonException: invalid number or unquoted string near  
14:41:29.055 INFO  - FPGA configured successfully with bitstream "/nfs/TUEIEDAprojects/SystemDesign/work/ipxact/benjamin-bordes/DSE/1IP/1IP_SO/SDK/SDK_Workspace/1IP_SO_hw_platform/system.bit" 
14:41:31.883 INFO  - Processor reset is completed for ps7_cortexa9_0 
14:41:31.984 INFO  - PS initialization will be done as it is not done before. 
14:41:31.984 INFO  - Running PS initialization.... 
14:41:32.114 INFO  - ps7_init is completed. 
14:41:32.214 INFO  - ps7_post_config is completed. 
14:41:32.314 INFO  - PS Initialization is complete. 
14:43:01.937 ERROR - Unexpected error while parsing XMD response ￿: com.google.gson.JsonSyntaxException: com.google.gson.stream.MalformedJsonException: invalid number or unquoted string near  
10:30:25.153 INFO  - FPGA configured successfully with bitstream "/nfs/TUEIEDAprojects/SystemDesign/work/ipxact/benjamin-bordes/DSE/1IP/1IP_SO/SDK/SDK_Workspace/1IP_SO_hw_platform/system.bit" 
10:30:32.879 INFO  - Processor reset is completed for ps7_cortexa9_0 
10:30:32.979 INFO  - PS initialization will be done as it is not done before. 
10:30:32.980 INFO  - Running PS initialization.... 
10:30:33.111 INFO  - ps7_init is completed. 
10:30:33.211 INFO  - ps7_post_config is completed. 
10:30:33.311 INFO  - PS Initialization is complete. 
10:36:45.044 INFO  - FPGA configured successfully with bitstream "/nfs/TUEIEDAprojects/SystemDesign/work/ipxact/benjamin-bordes/DSE/1IP/1IP_SO/SDK/SDK_Workspace/1IP_SO_hw_platform/system.bit" 
10:36:50.003 INFO  - Processor reset is completed for ps7_cortexa9_0 
10:36:50.103 INFO  - PS initialization will be done as it is not done before. 
10:36:50.104 INFO  - Running PS initialization.... 
10:36:50.225 INFO  - ps7_init is completed. 
10:36:50.325 INFO  - ps7_post_config is completed. 
10:36:50.425 INFO  - PS Initialization is complete. 
10:37:26.325 INFO  - FPGA configured successfully with bitstream "/nfs/TUEIEDAprojects/SystemDesign/work/ipxact/benjamin-bordes/DSE/1IP/1IP_SO/SDK/SDK_Workspace/1IP_SO_hw_platform/system.bit" 
10:37:29.285 INFO  - Processor reset is completed for ps7_cortexa9_0 
10:37:29.385 INFO  - PS initialization will be done as it is not done before. 
10:37:29.386 INFO  - Running PS initialization.... 
10:37:29.511 INFO  - ps7_init is completed. 
10:37:29.611 INFO  - ps7_post_config is completed. 
10:37:29.711 INFO  - PS Initialization is complete. 
10:44:57.345 ERROR - Unexpected error while parsing XMD response ￿: com.google.gson.JsonSyntaxException: com.google.gson.stream.MalformedJsonException: invalid number or unquoted string near  
16:25:33.738 INFO  - FPGA configured successfully with bitstream "/nfs/TUEIEDAprojects/SystemDesign/work/ipxact/benjamin-bordes/DSE/1IP/1IP_SO/SDK/SDK_Workspace/1IP_SO_hw_platform/system.bit" 
16:25:41.655 INFO  - Processor reset is completed for ps7_cortexa9_0 
16:25:41.755 INFO  - PS initialization will be done as it is not done before. 
16:25:41.756 INFO  - Running PS initialization.... 
16:25:41.880 INFO  - ps7_init is completed. 
16:25:41.980 INFO  - ps7_post_config is completed. 
16:25:42.080 INFO  - PS Initialization is complete. 
16:27:45.507 ERROR - Unexpected error while parsing XMD response ￿: com.google.gson.JsonSyntaxException: com.google.gson.stream.MalformedJsonException: invalid number or unquoted string near  
15:33:21.475 INFO  - FPGA configured successfully with bitstream "/nfs/TUEIEDAprojects/SystemDesign/work/ipxact/benjamin-bordes/DSE/1IP/1IP_SO/SDK/SDK_Workspace/1IP_SO_hw_platform/system.bit" 
15:33:28.530 INFO  - Processor reset is completed for ps7_cortexa9_0 
15:33:28.630 INFO  - PS initialization will be done as it is not done before. 
15:33:28.631 INFO  - Running PS initialization.... 
15:33:28.757 INFO  - ps7_init is completed. 
15:33:28.857 INFO  - ps7_post_config is completed. 
15:33:28.957 INFO  - PS Initialization is complete. 
15:34:54.746 INFO  - Processor reset is completed for ps7_cortexa9_0 
15:37:43.167 ERROR - Unexpected error while parsing XMD response ￿: com.google.gson.JsonSyntaxException: com.google.gson.stream.MalformedJsonException: invalid number or unquoted string near  
16:31:14.831 INFO  - FPGA configured successfully with bitstream "/nfs/TUEIEDAprojects/SystemDesign/work/ipxact/benjamin-bordes/DSE/1IP/1IP_SO/SDK/SDK_Workspace/1IP_SO_hw_platform/system.bit" 
16:31:21.437 INFO  - Processor reset is completed for ps7_cortexa9_0 
16:31:21.537 INFO  - PS initialization will be done as it is not done before. 
16:31:21.539 INFO  - Running PS initialization.... 
16:31:21.662 INFO  - ps7_init is completed. 
16:31:21.667 INFO  - ps7_post_config is completed. 
16:31:21.768 INFO  - PS Initialization is complete. 
16:58:10.722 INFO  - FPGA configured successfully with bitstream "/nfs/TUEIEDAprojects/SystemDesign/work/ipxact/benjamin-bordes/DSE/1IP/1IP_SO/SDK/SDK_Workspace/1IP_SO_hw_platform/system.bit" 
16:58:17.632 INFO  - Processor reset is completed for ps7_cortexa9_0 
16:58:17.732 INFO  - PS initialization will be done as it is not done before. 
16:58:17.742 INFO  - Running PS initialization.... 
16:58:17.878 INFO  - ps7_init is completed. 
16:58:17.978 INFO  - ps7_post_config is completed. 
16:58:18.078 INFO  - PS Initialization is complete. 
17:00:14.644 INFO  - Processor reset is completed for ps7_cortexa9_0 
17:00:45.515 INFO  - FPGA configured successfully with bitstream "/nfs/TUEIEDAprojects/SystemDesign/work/ipxact/benjamin-bordes/DSE/1IP/1IP_SO/SDK/SDK_Workspace/1IP_SO_hw_platform/system.bit" 
17:00:51.083 INFO  - Processor reset is completed for ps7_cortexa9_0 
17:00:51.085 INFO  - PS initialization will be done as it is not done before. 
17:00:51.086 INFO  - Running PS initialization.... 
17:00:51.204 INFO  - ps7_init is completed. 
17:00:51.304 INFO  - ps7_post_config is completed. 
17:00:51.405 INFO  - PS Initialization is complete. 
17:06:07.746 INFO  - ps7_cortexa9_0 Processor is in use. Please stop existing Run or Debug sessions before launching. 
17:06:14.044 INFO  - Processor reset is completed for ps7_cortexa9_0 
17:36:21.208 ERROR - Unexpected error while parsing XMD response ￿: com.google.gson.JsonSyntaxException: com.google.gson.stream.MalformedJsonException: invalid number or unquoted string near  
17:40:40.737 INFO  - Processing command line option -hwspec /nfs/TUEIEDAprojects/SystemDesign/work/ipxact/benjamin-bordes/DSE/1IP/1IP_SO/SDK/SDK_Export/hw/system.xml. 
17:40:43.309 INFO  - The hardware specification for project '1IP_SO_hw_platform' is different from /nfs/TUEIEDAprojects/SystemDesign/work/ipxact/benjamin-bordes/DSE/1IP/1IP_SO/SDK/SDK_Export/hw/system.xml. 
17:40:43.673 INFO  - Copied contents of /nfs/TUEIEDAprojects/SystemDesign/work/ipxact/benjamin-bordes/DSE/1IP/1IP_SO/SDK/SDK_Export/hw/system.xml into /1IP_SO_hw_platform/system.xml. 
17:40:44.200 INFO  - Copied contents of /nfs/TUEIEDAprojects/SystemDesign/work/ipxact/benjamin-bordes/DSE/1IP/1IP_SO/SDK/SDK_Export/hw/system.bit into /1IP_SO_hw_platform/system.bit. 
17:40:46.600 INFO  - Copied contents of /nfs/TUEIEDAprojects/SystemDesign/work/ipxact/benjamin-bordes/DSE/1IP/1IP_SO/SDK/SDK_Export/hw/ps7_init.c into /1IP_SO_hw_platform/ps7_init.c. 
17:40:46.634 INFO  - Copied contents of /nfs/TUEIEDAprojects/SystemDesign/work/ipxact/benjamin-bordes/DSE/1IP/1IP_SO/SDK/SDK_Export/hw/ps7_init.h into /1IP_SO_hw_platform/ps7_init.h. 
17:40:46.714 INFO  - Copied contents of /nfs/TUEIEDAprojects/SystemDesign/work/ipxact/benjamin-bordes/DSE/1IP/1IP_SO/SDK/SDK_Export/hw/ps7_init.html into /1IP_SO_hw_platform/ps7_init.html. 
17:40:46.727 INFO  - Copied contents of /nfs/TUEIEDAprojects/SystemDesign/work/ipxact/benjamin-bordes/DSE/1IP/1IP_SO/SDK/SDK_Export/hw/ps7_init.tcl into /1IP_SO_hw_platform/ps7_init.tcl. 
17:40:47.305 INFO  - Synchronizing projects in the workspace with the hardware platform specification changes. 
17:40:49.968 INFO  - Updating hardware inferred compiler options for software_prj. 
17:40:49.982 INFO  - Clearing existing target manager status. 
17:40:59.320 INFO  - Project standalone_bsp_0 was a BSP project. Please update references. 
17:40:59.321 ERROR - SDK has detected that project standalone_bsp_0 has been deleted (or renamed).
If this project was a BSP referenced by other C/C++ applications, then those applications will fail to build now. Please right click on those applications and click 'Change Referenced BSP' to update those projects' BSP references. 
17:41:03.683 ERROR - Unexpected error while parsing XMD response ￿: com.google.gson.JsonSyntaxException: com.google.gson.stream.MalformedJsonException: invalid number or unquoted string near  
17:41:18.669 INFO  - Processing command line option -hwspec /nfs/TUEIEDAprojects/SystemDesign/work/ipxact/benjamin-bordes/DSE/1IP/1IP_SO/SDK/SDK_Export/hw/system.xml. 
17:45:24.107 INFO  - FPGA configured successfully with bitstream "/nfs/TUEIEDAprojects/SystemDesign/work/ipxact/benjamin-bordes/DSE/1IP/1IP_SO/SDK/SDK_Workspace/1IP_SO_hw_platform/system.bit" 
17:45:30.422 INFO  - Processor reset is completed for ps7_cortexa9_0 
17:45:30.522 INFO  - PS initialization will be done as it is not done before. 
17:45:30.523 INFO  - Running PS initialization.... 
17:45:30.649 INFO  - ps7_init is completed. 
17:45:30.749 INFO  - ps7_post_config is completed. 
17:45:30.849 INFO  - PS Initialization is complete. 
17:57:59.108 INFO  - Processor reset is completed for ps7_cortexa9_0 
18:09:01.537 INFO  - Processor reset is completed for ps7_cortexa9_0 
18:09:01.637 INFO  - PS initialization will be done as it is not done before. 
18:09:01.637 INFO  - Running PS initialization.... 
18:09:01.759 INFO  - ps7_init is completed. 
18:09:01.859 INFO  - ps7_post_config is completed. 
18:09:01.959 INFO  - PS Initialization is complete. 
18:09:27.872 INFO  - FPGA configured successfully with bitstream "/nfs/TUEIEDAprojects/SystemDesign/work/ipxact/benjamin-bordes/DSE/1IP/1IP_SO/SDK/SDK_Workspace/1IP_SO_hw_platform/system.bit" 
18:11:20.695 INFO  - ps7_cortexa9_0 Processor is in use. Please stop existing Run or Debug sessions before launching. 
18:11:21.998 ERROR - Unexpected error while launching program. java.lang.RuntimeException: No Active System

	at com.xilinx.sdk.targetmanager.internal.TM.stop(Unknown Source)
	at com.xilinx.sdk.targetmanager.internal.CPURunSession.terminate(Unknown Source)

18:11:31.094 ERROR - Unexpected error while parsing XMD response ￿: com.google.gson.JsonSyntaxException: com.google.gson.stream.MalformedJsonException: invalid number or unquoted string near  
18:11:38.235 INFO  - Processing command line option -hwspec /nfs/TUEIEDAprojects/SystemDesign/work/ipxact/benjamin-bordes/DSE/1IP/1IP_SO/SDK/SDK_Export/hw/system.xml. 
18:11:48.002 INFO  - Processor reset is completed for ps7_cortexa9_0 
18:12:37.316 INFO  - ps7_cortexa9_0 Processor is in use. Please stop existing Run or Debug sessions before launching. 
18:12:38.818 INFO  - Processor reset is completed for ps7_cortexa9_0 
18:13:17.840 INFO  - ps7_cortexa9_0 Processor is in use. Please stop existing Run or Debug sessions before launching. 
18:13:20.840 INFO  - Processor reset is completed for ps7_cortexa9_0 
18:13:55.977 INFO  - ps7_cortexa9_0 Processor is in use. Please stop existing Run or Debug sessions before launching. 
18:13:57.476 INFO  - Processor reset is completed for ps7_cortexa9_0 
18:17:06.974 INFO  - ps7_cortexa9_0 Processor is in use. Please stop existing Run or Debug sessions before launching. 
18:17:09.273 INFO  - Processor reset is completed for ps7_cortexa9_0 
18:18:32.045 INFO  - ps7_cortexa9_0 Processor is in use. Please stop existing Run or Debug sessions before launching. 
18:18:33.635 INFO  - Processor reset is completed for ps7_cortexa9_0 
18:19:31.812 INFO  - Processor reset is completed for ps7_cortexa9_0 
18:21:43.719 INFO  - FPGA Cable Disconnected. All active launches will be terminated. 
10:53:16.087 INFO  - FPGA configured successfully with bitstream "/nfs/TUEIEDAprojects/SystemDesign/work/ipxact/benjamin-bordes/DSE/1IP/1IP_SO/SDK/SDK_Workspace/1IP_SO_hw_platform/system.bit" 
10:53:26.011 INFO  - Processor reset is completed for ps7_cortexa9_0 
10:53:26.111 INFO  - PS initialization will be done as it is not done before. 
10:53:26.112 INFO  - Running PS initialization.... 
10:53:26.242 INFO  - ps7_init is completed. 
10:53:26.342 INFO  - ps7_post_config is completed. 
10:53:26.442 INFO  - PS Initialization is complete. 
11:00:20.802 INFO  - Processor reset is completed for ps7_cortexa9_0 
11:01:42.782 ERROR - Unexpected error while parsing XMD response ￿: com.google.gson.JsonSyntaxException: com.google.gson.stream.MalformedJsonException: invalid number or unquoted string near  
15:30:13.574 INFO  - FPGA configured successfully with bitstream "/nfs/TUEIEDAprojects/SystemDesign/work/ipxact/benjamin-bordes/DSE/1IP/1IP_SO/SDK/SDK_Workspace/1IP_SO_hw_platform/system.bit" 
15:30:27.407 INFO  - Processor reset is completed for ps7_cortexa9_0 
15:30:27.507 INFO  - PS initialization will be done as it is not done before. 
15:30:27.508 INFO  - Running PS initialization.... 
15:30:27.652 INFO  - ps7_init is completed. 
15:30:27.752 INFO  - ps7_post_config is completed. 
15:30:27.852 INFO  - PS Initialization is complete. 
15:31:47.769 INFO  - Processor reset is completed for ps7_cortexa9_0 
15:32:56.287 INFO  - Processor reset is completed for ps7_cortexa9_0 
15:34:13.074 ERROR - Unexpected error while parsing XMD response ￿: com.google.gson.JsonSyntaxException: com.google.gson.stream.MalformedJsonException: invalid number or unquoted string near  
15:34:49.472 INFO  - FPGA configured successfully with bitstream "/nfs/TUEIEDAprojects/SystemDesign/work/ipxact/benjamin-bordes/DSE/1IP/1IP_SO/SDK/SDK_Workspace/1IP_SO_hw_platform/system.bit" 
15:34:56.932 INFO  - Processor reset is completed for ps7_cortexa9_0 
15:34:56.935 INFO  - PS initialization will be done as it is not done before. 
15:34:56.936 INFO  - Running PS initialization.... 
15:34:57.060 INFO  - ps7_init is completed. 
15:34:57.160 INFO  - ps7_post_config is completed. 
15:34:57.260 INFO  - PS Initialization is complete. 
15:39:04.752 INFO  - ps7_cortexa9_0 Processor is in use. Please stop existing Run or Debug sessions before launching. 
15:39:06.443 INFO  - Processor reset is completed for ps7_cortexa9_0 
15:41:13.353 INFO  - Processor reset is completed for ps7_cortexa9_0 
15:41:32.215 INFO  - FPGA configured successfully with bitstream "/nfs/TUEIEDAprojects/SystemDesign/work/ipxact/benjamin-bordes/DSE/1IP/1IP_SO/SDK/SDK_Workspace/1IP_SO_hw_platform/system.bit" 
15:41:37.348 INFO  - Processor reset is completed for ps7_cortexa9_0 
15:41:37.448 INFO  - PS initialization will be done as it is not done before. 
15:41:37.449 INFO  - Running PS initialization.... 
15:41:37.572 INFO  - ps7_init is completed. 
15:41:37.673 INFO  - ps7_post_config is completed. 
15:41:37.773 INFO  - PS Initialization is complete. 
15:44:33.009 INFO  - Processor reset is completed for ps7_cortexa9_0 
15:47:09.478 INFO  - Processor reset is completed for ps7_cortexa9_0 
15:47:33.297 INFO  - FPGA configured successfully with bitstream "/nfs/TUEIEDAprojects/SystemDesign/work/ipxact/benjamin-bordes/DSE/1IP/1IP_SO/SDK/SDK_Workspace/1IP_SO_hw_platform/system.bit" 
15:47:43.039 INFO  - Processor reset is completed for ps7_cortexa9_0 
15:47:43.139 INFO  - PS initialization will be done as it is not done before. 
15:47:43.139 INFO  - Running PS initialization.... 
15:47:43.262 INFO  - ps7_init is completed. 
15:47:43.362 INFO  - ps7_post_config is completed. 
15:47:43.365 INFO  - PS Initialization is complete. 
15:48:19.925 INFO  - Processor reset is completed for ps7_cortexa9_0 
15:48:33.635 INFO  - FPGA configured successfully with bitstream "/nfs/TUEIEDAprojects/SystemDesign/work/ipxact/benjamin-bordes/DSE/1IP/1IP_SO/SDK/SDK_Workspace/1IP_SO_hw_platform/system.bit" 
15:48:35.963 INFO  - Processor reset is completed for ps7_cortexa9_0 
15:48:36.063 INFO  - PS initialization will be done as it is not done before. 
15:48:36.064 INFO  - Running PS initialization.... 
15:48:36.187 INFO  - ps7_init is completed. 
15:48:36.287 INFO  - ps7_post_config is completed. 
15:48:36.387 INFO  - PS Initialization is complete. 
15:49:04.967 INFO  - FPGA configured successfully with bitstream "/nfs/TUEIEDAprojects/SystemDesign/work/ipxact/benjamin-bordes/DSE/1IP/1IP_SO/SDK/SDK_Workspace/1IP_SO_hw_platform/system.bit" 
15:49:27.297 INFO  - Processor reset is completed for ps7_cortexa9_0 
15:49:27.397 INFO  - PS initialization will be done as it is not done before. 
15:49:27.398 INFO  - Running PS initialization.... 
15:49:27.522 INFO  - ps7_init is completed. 
15:49:27.622 INFO  - ps7_post_config is completed. 
15:49:27.722 INFO  - PS Initialization is complete. 
15:54:15.289 INFO  - FPGA configured successfully with bitstream "/nfs/TUEIEDAprojects/SystemDesign/work/ipxact/benjamin-bordes/DSE/1IP/1IP_SO/SDK/SDK_Workspace/1IP_SO_hw_platform/system.bit" 
15:54:26.586 INFO  - Processor reset is completed for ps7_cortexa9_0 
15:54:26.687 INFO  - PS initialization will be done as it is not done before. 
15:54:26.687 INFO  - Running PS initialization.... 
15:54:26.813 INFO  - ps7_init is completed. 
15:54:26.913 INFO  - ps7_post_config is completed. 
15:54:27.013 INFO  - PS Initialization is complete. 
15:54:59.456 INFO  - FPGA configured successfully with bitstream "/nfs/TUEIEDAprojects/SystemDesign/work/ipxact/benjamin-bordes/DSE/1IP/1IP_SO/SDK/SDK_Workspace/1IP_SO_hw_platform/system.bit" 
15:55:05.477 INFO  - Processor reset is completed for ps7_cortexa9_0 
15:55:05.479 INFO  - PS initialization will be done as it is not done before. 
15:55:05.480 INFO  - Running PS initialization.... 
15:55:05.603 INFO  - ps7_init is completed. 
15:55:05.703 INFO  - ps7_post_config is completed. 
15:55:05.804 INFO  - PS Initialization is complete. 
15:58:50.694 ERROR - Unexpected error while parsing XMD response ￿: com.google.gson.JsonSyntaxException: com.google.gson.stream.MalformedJsonException: invalid number or unquoted string near  
17:59:00.155 WARN  - Unable to obtain port 2350 for use by XMD, java.net.BindException: Address already in use 
18:30:03.450 INFO  - FPGA configured successfully with bitstream "/nfs/TUEIEDAprojects/SystemDesign/work/ipxact/benjamin-bordes/DSE/1IP/1IP_SO/SDK/SDK_Workspace/1IP_SO_hw_platform/system.bit" 
18:30:13.658 INFO  - Processor reset is completed for ps7_cortexa9_0 
18:30:13.758 INFO  - PS initialization will be done as it is not done before. 
18:30:13.759 INFO  - Running PS initialization.... 
18:30:13.980 INFO  - ps7_init is completed. 
18:30:14.081 INFO  - ps7_post_config is completed. 
18:30:14.181 INFO  - PS Initialization is complete. 
18:38:14.857 INFO  - Processor reset is completed for ps7_cortexa9_0 
18:38:43.015 INFO  - FPGA configured successfully with bitstream "/nfs/TUEIEDAprojects/SystemDesign/work/ipxact/benjamin-bordes/DSE/1IP/1IP_SO/SDK/SDK_Workspace/1IP_SO_hw_platform/system.bit" 
18:38:46.985 INFO  - ps7_cortexa9_0 Processor is in use. Please stop existing Run or Debug sessions before launching. 
18:38:48.325 ERROR - Unexpected error while launching program. java.lang.RuntimeException: No Active System

	at com.xilinx.sdk.targetmanager.internal.TM.stop(Unknown Source)
	at com.xilinx.sdk.targetmanager.internal.CPURunSession.terminate(Unknown Source)

18:38:58.537 ERROR - Unexpected error while parsing XMD response ￿: com.google.gson.JsonSyntaxException: com.google.gson.stream.MalformedJsonException: invalid number or unquoted string near  
18:39:28.363 WARN  - Unable to obtain port 2350 for use by XMD, java.net.BindException: Address already in use 
18:39:34.661 INFO  - Processor reset is completed for ps7_cortexa9_0 
18:39:34.661 INFO  - Processor reset is completed for ps7_cortexa9_0 
18:39:34.762 INFO  - PS initialization will be done as it is not done before. 
18:39:34.762 INFO  - PS initialization will be done as it is not done before. 
18:39:34.763 INFO  - Running PS initialization.... 
18:39:34.764 INFO  - Running PS initialization.... 
18:39:34.984 INFO  - ps7_init is completed. 
18:39:34.984 INFO  - ps7_init is completed. 
18:39:35.276 INFO  - ps7_post_config is completed. 
18:39:35.276 INFO  - ps7_post_config is completed. 
18:39:35.376 INFO  - PS Initialization is complete. 
18:39:35.376 INFO  - PS Initialization is complete. 
18:42:59.671 INFO  - ps7_cortexa9_0 Processor is in use. Please stop existing Run or Debug sessions before launching. 
18:43:03.005 ERROR - Unexpected error while launching program. java.lang.RuntimeException: Error in Resetting Target

    Could not stop the processor after reset


	at com.xilinx.sdk.targetmanager.internal.TM.doProcessorReset(Unknown Source)
	at com.xilinx.sdk.debug.core.internal.AppRunner.run(Unknown Source)

18:43:38.852 INFO  - FPGA configured successfully with bitstream "/nfs/TUEIEDAprojects/SystemDesign/work/ipxact/benjamin-bordes/DSE/1IP/1IP_SO/SDK/SDK_Workspace/1IP_SO_hw_platform/system.bit" 
18:43:44.246 INFO  - Processor reset is completed for ps7_cortexa9_0 
18:43:44.346 INFO  - PS initialization will be done as it is not done before. 
18:43:44.348 INFO  - Running PS initialization.... 
18:43:44.548 INFO  - ps7_init is completed. 
18:43:44.648 INFO  - ps7_post_config is completed. 
18:43:44.748 INFO  - PS Initialization is complete. 
18:44:31.001 INFO  - Processor reset is completed for ps7_cortexa9_0 
18:44:47.843 INFO  - FPGA configured successfully with bitstream "/nfs/TUEIEDAprojects/SystemDesign/work/ipxact/benjamin-bordes/DSE/1IP/1IP_SO/SDK/SDK_Workspace/1IP_SO_hw_platform/system.bit" 
18:44:50.307 INFO  - ps7_cortexa9_0 Processor is in use. Please stop existing Run or Debug sessions before launching. 
18:44:51.914 ERROR - Unexpected error while launching program. java.lang.RuntimeException: No Active System

	at com.xilinx.sdk.targetmanager.internal.TM.stop(Unknown Source)
	at com.xilinx.sdk.targetmanager.internal.CPURunSession.terminate(Unknown Source)

18:45:01.004 ERROR - Unexpected error while parsing XMD response ￿: com.google.gson.JsonSyntaxException: com.google.gson.stream.MalformedJsonException: invalid number or unquoted string near  
18:45:35.696 WARN  - Unable to obtain port 2350 for use by XMD, java.net.BindException: Address already in use 
18:45:43.802 INFO  - FPGA configured successfully with bitstream "/nfs/TUEIEDAprojects/SystemDesign/work/ipxact/benjamin-bordes/DSE/1IP/1IP_SO/SDK/SDK_Workspace/1IP_SO_hw_platform/system.bit" 
18:45:49.135 INFO  - Processor reset is completed for ps7_cortexa9_0 
18:46:17.142 INFO  - ps7_cortexa9_0 Processor is in use. Please stop existing Run or Debug sessions before launching. 
18:46:18.640 INFO  - Processor reset is completed for ps7_cortexa9_0 
18:59:02.966 INFO  - ps7_cortexa9_0 Processor is in use. Please stop existing Run or Debug sessions before launching. 
18:59:05.380 INFO  - Processor reset is completed for ps7_cortexa9_0 
18:59:29.415 INFO  - FPGA configured successfully with bitstream "/nfs/TUEIEDAprojects/SystemDesign/work/ipxact/benjamin-bordes/DSE/1IP/1IP_SO/SDK/SDK_Workspace/1IP_SO_hw_platform/system.bit" 
18:59:36.664 INFO  - ps7_cortexa9_0 Processor is in use. Please stop existing Run or Debug sessions before launching. 
18:59:37.767 ERROR - Unexpected error while launching program. java.lang.RuntimeException: No Active System

	at com.xilinx.sdk.targetmanager.internal.TM.stop(Unknown Source)
	at com.xilinx.sdk.targetmanager.internal.CPURunSession.terminate(Unknown Source)

18:59:47.258 ERROR - Unexpected error while parsing XMD response ￿: com.google.gson.JsonSyntaxException: com.google.gson.stream.MalformedJsonException: invalid number or unquoted string near  
19:00:28.299 WARN  - Unable to obtain port 2350 for use by XMD, java.net.BindException: Address already in use 
19:00:35.404 INFO  - Processor reset is completed for ps7_cortexa9_0 
19:00:35.504 INFO  - PS initialization will be done as it is not done before. 
19:00:35.505 INFO  - Running PS initialization.... 
19:00:35.801 INFO  - ps7_init is completed. 
19:00:35.901 INFO  - ps7_post_config is completed. 
19:00:36.001 INFO  - PS Initialization is complete. 
19:02:54.842 INFO  - ps7_cortexa9_0 Processor is in use. Please stop existing Run or Debug sessions before launching. 
19:02:58.004 ERROR - Unexpected error while launching program. java.lang.RuntimeException: Error in Resetting Target

    Could not stop the processor after reset


	at com.xilinx.sdk.targetmanager.internal.TM.doProcessorReset(Unknown Source)
	at com.xilinx.sdk.debug.core.internal.AppRunner.run(Unknown Source)

19:06:07.040 INFO  - FPGA Cable Disconnected. All active launches will be terminated. 
19:06:14.890 INFO  - FPGA configured successfully with bitstream "/nfs/TUEIEDAprojects/SystemDesign/work/ipxact/benjamin-bordes/DSE/1IP/1IP_SO/SDK/SDK_Workspace/1IP_SO_hw_platform/system.bit" 
19:06:56.880 INFO  - Processor reset is completed for ps7_cortexa9_0 
19:06:56.980 INFO  - PS initialization will be done as it is not done before. 
19:06:56.980 INFO  - Running PS initialization.... 
19:06:57.189 INFO  - ps7_init is completed. 
19:06:57.290 INFO  - ps7_post_config is completed. 
19:06:57.390 INFO  - PS Initialization is complete. 
19:08:25.943 INFO  - Processor reset is completed for ps7_cortexa9_0 
19:08:43.956 INFO  - Processor reset is completed for ps7_cortexa9_0 
19:09:02.226 INFO  - FPGA configured successfully with bitstream "/nfs/TUEIEDAprojects/SystemDesign/work/ipxact/benjamin-bordes/DSE/1IP/1IP_SO/SDK/SDK_Workspace/1IP_SO_hw_platform/system.bit" 
19:09:05.782 INFO  - Processor reset is completed for ps7_cortexa9_0 
19:09:25.040 INFO  - FPGA configured successfully with bitstream "/nfs/TUEIEDAprojects/SystemDesign/work/ipxact/benjamin-bordes/DSE/1IP/1IP_SO/SDK/SDK_Workspace/1IP_SO_hw_platform/system.bit" 
19:09:29.417 INFO  - ps7_cortexa9_0 Processor is in use. Please stop existing Run or Debug sessions before launching. 
19:09:30.715 ERROR - Unexpected error while launching program. java.lang.RuntimeException: No Active System

	at com.xilinx.sdk.targetmanager.internal.TM.stop(Unknown Source)
	at com.xilinx.sdk.targetmanager.internal.CPURunSession.terminate(Unknown Source)

19:09:35.884 INFO  - ps7_cortexa9_0 Processor is in use. Please stop existing Run or Debug sessions before launching. 
19:09:37.083 ERROR - Unexpected error while launching program. java.lang.RuntimeException: No Active System

	at com.xilinx.sdk.targetmanager.internal.TM.stop(Unknown Source)
	at com.xilinx.sdk.targetmanager.internal.CPURunSession.terminate(Unknown Source)

19:09:46.128 ERROR - Unexpected error while parsing XMD response ￿: com.google.gson.JsonSyntaxException: com.google.gson.stream.MalformedJsonException: invalid number or unquoted string near  
19:10:13.434 WARN  - Unable to obtain port 2350 for use by XMD, java.net.BindException: Address already in use 
19:10:17.252 INFO  - Processor reset is completed for ps7_cortexa9_0 
19:10:17.352 INFO  - PS initialization will be done as it is not done before. 
19:10:17.354 INFO  - Running PS initialization.... 
19:10:17.566 INFO  - ps7_init is completed. 
19:10:17.666 INFO  - ps7_post_config is completed. 
19:10:17.766 INFO  - PS Initialization is complete. 
19:16:38.797 INFO  - ps7_cortexa9_0 Processor is in use. Please stop existing Run or Debug sessions before launching. 
19:16:42.004 ERROR - Unexpected error while launching program. java.lang.RuntimeException: Error in Resetting Target

    Could not stop the processor after reset


	at com.xilinx.sdk.targetmanager.internal.TM.doProcessorReset(Unknown Source)
	at com.xilinx.sdk.debug.core.internal.AppRunner.run(Unknown Source)

19:17:00.913 ERROR - Unable to disconnect from existing targets java.lang.NullPointerException
	at com.xilinx.sdk.targetmanager.internal.json.XMDJSONProcess.issueCommand(Unknown Source)
	at com.xilinx.sdk.targetmanager.internal.TM.disconnectTarget(Unknown Source)

19:17:00.919 ERROR - Unexpected error while parsing XMD response ￿: com.google.gson.JsonSyntaxException: com.google.gson.stream.MalformedJsonException: invalid number or unquoted string near  
19:17:28.331 WARN  - Unable to obtain port 2350 for use by XMD, java.net.BindException: Address already in use 
19:17:58.698 ERROR - Unable to disconnect from existing targets java.lang.NullPointerException
	at com.xilinx.sdk.targetmanager.internal.json.XMDJSONProcess.issueCommand(Unknown Source)
	at com.xilinx.sdk.targetmanager.internal.TM.disconnectTarget(Unknown Source)

19:17:58.700 ERROR - Unexpected error while parsing XMD response ￿: com.google.gson.JsonSyntaxException: com.google.gson.stream.MalformedJsonException: invalid number or unquoted string near  
19:18:10.433 WARN  - Unable to obtain port 2350 for use by XMD, java.net.BindException: Address already in use 
19:18:16.625 INFO  - FPGA configured successfully with bitstream "/nfs/TUEIEDAprojects/SystemDesign/work/ipxact/benjamin-bordes/DSE/1IP/1IP_SO/SDK/SDK_Workspace/1IP_SO_hw_platform/system.bit" 
19:18:22.921 INFO  - Processor reset is completed for ps7_cortexa9_0 
19:18:23.021 INFO  - PS initialization will be done as it is not done before. 
19:18:23.022 INFO  - Running PS initialization.... 
19:18:23.184 INFO  - ps7_init is completed. 
19:18:23.193 INFO  - ps7_post_config is completed. 
19:18:23.293 INFO  - PS Initialization is complete. 
19:19:23.634 INFO  - FPGA configured successfully with bitstream "/nfs/TUEIEDAprojects/SystemDesign/work/ipxact/benjamin-bordes/DSE/1IP/1IP_SO/SDK/SDK_Workspace/1IP_SO_hw_platform/system.bit" 
19:19:27.681 INFO  - Processor reset is completed for ps7_cortexa9_0 
19:19:27.781 INFO  - PS initialization will be done as it is not done before. 
19:19:27.782 INFO  - Running PS initialization.... 
19:19:28.005 INFO  - ps7_init is completed. 
19:19:28.105 INFO  - ps7_post_config is completed. 
19:19:28.205 INFO  - PS Initialization is complete. 
19:20:27.426 INFO  - Processor reset is completed for ps7_cortexa9_0 
19:20:42.485 INFO  - Processor reset is completed for ps7_cortexa9_0 
19:20:54.550 INFO  - FPGA configured successfully with bitstream "/nfs/TUEIEDAprojects/SystemDesign/work/ipxact/benjamin-bordes/DSE/1IP/1IP_SO/SDK/SDK_Workspace/1IP_SO_hw_platform/system.bit" 
19:20:56.798 INFO  - ps7_cortexa9_0 Processor is in use. Please stop existing Run or Debug sessions before launching. 
19:20:58.097 ERROR - Unexpected error while launching program. java.lang.RuntimeException: No Active System

	at com.xilinx.sdk.targetmanager.internal.TM.stop(Unknown Source)
	at com.xilinx.sdk.targetmanager.internal.CPURunSession.terminate(Unknown Source)

19:21:06.549 ERROR - Unexpected error while parsing XMD response ￿: com.google.gson.JsonSyntaxException: com.google.gson.stream.MalformedJsonException: invalid number or unquoted string near  
19:21:21.231 WARN  - Unable to obtain port 2350 for use by XMD, java.net.BindException: Address already in use 
19:21:24.665 INFO  - Processor reset is completed for ps7_cortexa9_0 
19:21:24.765 INFO  - PS initialization will be done as it is not done before. 
19:21:24.766 INFO  - Running PS initialization.... 
19:21:24.980 INFO  - ps7_init is completed. 
19:21:25.080 INFO  - ps7_post_config is completed. 
19:21:25.180 INFO  - PS Initialization is complete. 
19:24:14.326 INFO  - ps7_cortexa9_0 Processor is in use. Please stop existing Run or Debug sessions before launching. 
19:24:18.005 ERROR - Unexpected error while launching program. java.lang.RuntimeException: Error in Resetting Target

    Could not stop the processor after reset


	at com.xilinx.sdk.targetmanager.internal.TM.doProcessorReset(Unknown Source)
	at com.xilinx.sdk.debug.core.internal.AppRunner.run(Unknown Source)

19:24:27.320 ERROR - Unexpected error while parsing XMD response ￿: com.google.gson.JsonSyntaxException: com.google.gson.stream.MalformedJsonException: invalid number or unquoted string near  
19:24:49.706 WARN  - Unable to obtain port 2350 for use by XMD, java.net.BindException: Address already in use 
19:24:57.506 ERROR - Unexpected error while launching program. java.lang.RuntimeException: Error in Resetting Target

    Could not stop the processor after reset


	at com.xilinx.sdk.targetmanager.internal.TM.doProcessorReset(Unknown Source)
	at com.xilinx.sdk.debug.core.internal.AppRunner.run(Unknown Source)

19:25:11.988 INFO  - FPGA configured successfully with bitstream "/nfs/TUEIEDAprojects/SystemDesign/work/ipxact/benjamin-bordes/DSE/1IP/1IP_SO/SDK/SDK_Workspace/1IP_SO_hw_platform/system.bit" 
19:25:16.416 INFO  - Processor reset is completed for ps7_cortexa9_0 
19:25:16.516 INFO  - PS initialization will be done as it is not done before. 
19:25:16.517 INFO  - Running PS initialization.... 
19:25:16.724 INFO  - ps7_init is completed. 
19:25:16.824 INFO  - ps7_post_config is completed. 
19:25:16.924 INFO  - PS Initialization is complete. 
19:26:10.499 INFO  - Processor reset is completed for ps7_cortexa9_0 
19:26:30.889 INFO  - FPGA configured successfully with bitstream "/nfs/TUEIEDAprojects/SystemDesign/work/ipxact/benjamin-bordes/DSE/1IP/1IP_SO/SDK/SDK_Workspace/1IP_SO_hw_platform/system.bit" 
19:26:35.869 INFO  - Processor reset is completed for ps7_cortexa9_0 
19:26:35.871 INFO  - PS initialization will be done as it is not done before. 
19:26:35.872 INFO  - Running PS initialization.... 
19:26:36.078 INFO  - ps7_init is completed. 
19:26:36.178 INFO  - ps7_post_config is completed. 
19:26:36.278 INFO  - PS Initialization is complete. 
19:26:51.809 INFO  - Processor reset is completed for ps7_cortexa9_0 
19:27:20.141 INFO  - FPGA configured successfully with bitstream "/nfs/TUEIEDAprojects/SystemDesign/work/ipxact/benjamin-bordes/DSE/1IP/1IP_SO/SDK/SDK_Workspace/1IP_SO_hw_platform/system.bit" 
19:27:24.102 INFO  - Processor reset is completed for ps7_cortexa9_0 
19:27:24.202 INFO  - PS initialization will be done as it is not done before. 
19:27:24.203 INFO  - Running PS initialization.... 
19:27:24.413 INFO  - ps7_init is completed. 
19:27:24.513 INFO  - ps7_post_config is completed. 
19:27:24.613 INFO  - PS Initialization is complete. 
19:28:23.200 INFO  - Processor reset is completed for ps7_cortexa9_0 
19:36:38.003 INFO  - Processor reset is completed for ps7_cortexa9_0 
19:38:58.279 INFO  - Processor reset is completed for ps7_cortexa9_0 
19:39:14.135 INFO  - FPGA configured successfully with bitstream "/nfs/TUEIEDAprojects/SystemDesign/work/ipxact/benjamin-bordes/DSE/1IP/1IP_SO/SDK/SDK_Workspace/1IP_SO_hw_platform/system.bit" 
19:39:17.005 INFO  - Processor reset is completed for ps7_cortexa9_0 
19:39:17.105 INFO  - PS initialization will be done as it is not done before. 
19:39:17.106 INFO  - Running PS initialization.... 
19:39:17.320 INFO  - ps7_init is completed. 
19:39:17.420 INFO  - ps7_post_config is completed. 
19:39:17.520 INFO  - PS Initialization is complete. 
19:45:24.034 INFO  - Processor reset is completed for ps7_cortexa9_0 
19:46:38.174 INFO  - Processor reset is completed for ps7_cortexa9_0 
19:49:59.635 INFO  - Processor reset is completed for ps7_cortexa9_0 
10:01:59.508 ERROR - Unexpected error while parsing XMD response ￿: com.google.gson.JsonSyntaxException: com.google.gson.stream.MalformedJsonException: invalid number or unquoted string near  
10:27:18.682 INFO  - FPGA configured successfully with bitstream "/nfs/TUEIEDAprojects/SystemDesign/work/ipxact/benjamin-bordes/DSE/1IP/1IP_SO/SDK/SDK_Workspace/1IP_SO_hw_platform/system.bit" 
10:27:24.893 INFO  - Processor reset is completed for ps7_cortexa9_0 
10:27:24.994 INFO  - PS initialization will be done as it is not done before. 
10:27:24.994 INFO  - Running PS initialization.... 
10:27:25.123 INFO  - ps7_init is completed. 
10:27:25.223 INFO  - ps7_post_config is completed. 
10:27:25.323 INFO  - PS Initialization is complete. 
10:29:19.034 INFO  - FPGA configured successfully with bitstream "/nfs/TUEIEDAprojects/SystemDesign/work/ipxact/benjamin-bordes/DSE/1IP/1IP_SO/SDK/SDK_Workspace/1IP_SO_hw_platform/system.bit" 
10:29:21.751 INFO  - Processor reset is completed for ps7_cortexa9_0 
10:29:21.851 INFO  - PS initialization will be done as it is not done before. 
10:29:21.852 INFO  - Running PS initialization.... 
10:29:21.990 INFO  - ps7_init is completed. 
10:29:22.090 INFO  - ps7_post_config is completed. 
10:29:22.190 INFO  - PS Initialization is complete. 
10:31:00.738 INFO  - Processor reset is completed for ps7_cortexa9_0 
10:31:58.067 INFO  - ps7_cortexa9_0 Processor is in use. Please stop existing Run or Debug sessions before launching. 
10:31:59.766 INFO  - Processor reset is completed for ps7_cortexa9_0 
10:32:17.155 INFO  - FPGA configured successfully with bitstream "/nfs/TUEIEDAprojects/SystemDesign/work/ipxact/benjamin-bordes/DSE/1IP/1IP_SO/SDK/SDK_Workspace/1IP_SO_hw_platform/system.bit" 
10:32:25.764 INFO  - Processor reset is completed for ps7_cortexa9_0 
10:32:25.864 INFO  - PS initialization will be done as it is not done before. 
10:32:25.865 INFO  - Running PS initialization.... 
10:32:25.992 INFO  - ps7_init is completed. 
10:32:26.092 INFO  - ps7_post_config is completed. 
10:32:26.192 INFO  - PS Initialization is complete. 
10:33:26.814 INFO  - Processor reset is completed for ps7_cortexa9_0 
10:34:27.770 INFO  - Processor reset is completed for ps7_cortexa9_0 
10:36:10.604 INFO  - ps7_cortexa9_0 Processor is in use. Please stop existing Run or Debug sessions before launching. 
10:36:12.008 INFO  - Processor reset is completed for ps7_cortexa9_0 
10:47:51.886 INFO  - ps7_cortexa9_0 Processor is in use. Please stop existing Run or Debug sessions before launching. 
10:47:53.324 INFO  - Processor reset is completed for ps7_cortexa9_0 
10:51:27.986 INFO  - Processor reset is completed for ps7_cortexa9_0 
10:52:12.203 INFO  - Processor reset is completed for ps7_cortexa9_0 
10:53:35.486 INFO  - Processor reset is completed for ps7_cortexa9_0 
10:55:59.982 INFO  - Processor reset is completed for ps7_cortexa9_0 
10:56:09.852 INFO  - Processor reset is completed for ps7_cortexa9_0 
11:01:24.184 INFO  - ps7_cortexa9_0 Processor is in use. Please stop existing Run or Debug sessions before launching. 
11:01:25.784 INFO  - Processor reset is completed for ps7_cortexa9_0 
11:01:51.489 INFO  - FPGA configured successfully with bitstream "/nfs/TUEIEDAprojects/SystemDesign/work/ipxact/benjamin-bordes/DSE/1IP/1IP_SO/SDK/SDK_Workspace/1IP_SO_hw_platform/system.bit" 
11:01:56.663 INFO  - Processor reset is completed for ps7_cortexa9_0 
11:01:56.763 INFO  - PS initialization will be done as it is not done before. 
11:01:56.764 INFO  - Running PS initialization.... 
11:01:56.887 INFO  - ps7_init is completed. 
11:01:56.987 INFO  - ps7_post_config is completed. 
11:01:57.087 INFO  - PS Initialization is complete. 
11:02:31.916 INFO  - ps7_cortexa9_0 Processor is in use. Please stop existing Run or Debug sessions before launching. 
11:02:34.416 INFO  - Processor reset is completed for ps7_cortexa9_0 
11:04:24.687 INFO  - ps7_cortexa9_0 Processor is in use. Please stop existing Run or Debug sessions before launching. 
11:04:27.587 INFO  - Processor reset is completed for ps7_cortexa9_0 
11:04:44.606 INFO  - FPGA configured successfully with bitstream "/nfs/TUEIEDAprojects/SystemDesign/work/ipxact/benjamin-bordes/DSE/1IP/1IP_SO/SDK/SDK_Workspace/1IP_SO_hw_platform/system.bit" 
11:04:47.101 INFO  - Processor reset is completed for ps7_cortexa9_0 
11:04:47.201 INFO  - PS initialization will be done as it is not done before. 
11:04:47.202 INFO  - Running PS initialization.... 
11:04:47.326 INFO  - ps7_init is completed. 
11:04:47.426 INFO  - ps7_post_config is completed. 
11:04:47.526 INFO  - PS Initialization is complete. 
11:08:17.696 INFO  - ps7_cortexa9_0 Processor is in use. Please stop existing Run or Debug sessions before launching. 
11:08:19.495 INFO  - Processor reset is completed for ps7_cortexa9_0 
11:08:32.932 INFO  - ps7_cortexa9_0 Processor is in use. Please stop existing Run or Debug sessions before launching. 
11:08:34.931 INFO  - Processor reset is completed for ps7_cortexa9_0 
11:09:23.279 INFO  - FPGA configured successfully with bitstream "/nfs/TUEIEDAprojects/SystemDesign/work/ipxact/benjamin-bordes/DSE/1IP/1IP_SO/SDK/SDK_Workspace/1IP_SO_hw_platform/system.bit" 
11:09:27.169 INFO  - Processor reset is completed for ps7_cortexa9_0 
11:09:27.269 INFO  - PS initialization will be done as it is not done before. 
11:09:27.270 INFO  - Running PS initialization.... 
11:09:27.390 INFO  - ps7_init is completed. 
11:09:27.490 INFO  - ps7_post_config is completed. 
11:09:27.590 INFO  - PS Initialization is complete. 
11:10:45.903 INFO  - Processor reset is completed for ps7_cortexa9_0 
11:11:13.334 INFO  - FPGA configured successfully with bitstream "/nfs/TUEIEDAprojects/SystemDesign/work/ipxact/benjamin-bordes/DSE/1IP/1IP_SO/SDK/SDK_Workspace/1IP_SO_hw_platform/system.bit" 
11:11:17.838 INFO  - Processor reset is completed for ps7_cortexa9_0 
11:11:17.938 INFO  - PS initialization will be done as it is not done before. 
11:11:17.939 INFO  - Running PS initialization.... 
11:11:18.059 INFO  - ps7_init is completed. 
11:11:18.159 INFO  - ps7_post_config is completed. 
11:11:18.259 INFO  - PS Initialization is complete. 
11:11:42.737 INFO  - FPGA configured successfully with bitstream "/nfs/TUEIEDAprojects/SystemDesign/work/ipxact/benjamin-bordes/DSE/1IP/1IP_SO/SDK/SDK_Workspace/1IP_SO_hw_platform/system.bit" 
11:11:48.434 INFO  - Processor reset is completed for ps7_cortexa9_0 
11:11:48.534 INFO  - PS initialization will be done as it is not done before. 
11:11:48.536 INFO  - Running PS initialization.... 
11:11:48.669 INFO  - ps7_init is completed. 
11:11:48.769 INFO  - ps7_post_config is completed. 
11:11:48.869 INFO  - PS Initialization is complete. 
11:13:28.162 INFO  - Processor reset is completed for ps7_cortexa9_0 
12:04:14.599 ERROR - Checking FPGA configuration failed..Connection to Board Failed


    Failed to Open JTAG Cable
    Cable target is not connected to the host
 
12:04:46.542 INFO  - FPGA configured successfully with bitstream "/nfs/TUEIEDAprojects/SystemDesign/work/ipxact/benjamin-bordes/DSE/1IP/1IP_SO/SDK/SDK_Workspace/1IP_SO_hw_platform/system.bit" 
12:04:49.242 INFO  - Processor reset is completed for ps7_cortexa9_0 
12:04:49.342 INFO  - PS initialization will be done as it is not done before. 
12:04:49.343 INFO  - Running PS initialization.... 
12:04:49.466 INFO  - ps7_init is completed. 
12:04:49.566 INFO  - ps7_post_config is completed. 
12:04:49.666 INFO  - PS Initialization is complete. 
12:09:02.480 INFO  - ps7_cortexa9_0 Processor is in use. Please stop existing Run or Debug sessions before launching. 
12:09:04.180 INFO  - Processor reset is completed for ps7_cortexa9_0 
12:15:47.386 INFO  - Processor reset is completed for ps7_cortexa9_0 
12:16:11.187 INFO  - Processor reset is completed for ps7_cortexa9_0 
12:16:30.232 INFO  - FPGA configured successfully with bitstream "/nfs/TUEIEDAprojects/SystemDesign/work/ipxact/benjamin-bordes/DSE/1IP/1IP_SO/SDK/SDK_Workspace/1IP_SO_hw_platform/system.bit" 
12:16:33.642 INFO  - Processor reset is completed for ps7_cortexa9_0 
12:16:33.742 INFO  - PS initialization will be done as it is not done before. 
12:16:33.743 INFO  - Running PS initialization.... 
12:16:33.866 INFO  - ps7_init is completed. 
12:16:33.966 INFO  - ps7_post_config is completed. 
12:16:34.066 INFO  - PS Initialization is complete. 
12:19:02.453 INFO  - Processor reset is completed for ps7_cortexa9_0 
12:19:17.932 INFO  - FPGA configured successfully with bitstream "/nfs/TUEIEDAprojects/SystemDesign/work/ipxact/benjamin-bordes/DSE/1IP/1IP_SO/SDK/SDK_Workspace/1IP_SO_hw_platform/system.bit" 
12:19:20.732 INFO  - Processor reset is completed for ps7_cortexa9_0 
12:19:20.832 INFO  - PS initialization will be done as it is not done before. 
12:19:20.833 INFO  - Running PS initialization.... 
12:19:20.955 INFO  - ps7_init is completed. 
12:19:21.055 INFO  - ps7_post_config is completed. 
12:19:21.155 INFO  - PS Initialization is complete. 
12:33:36.721 INFO  - Processor reset is completed for ps7_cortexa9_0 
12:34:06.681 INFO  - FPGA configured successfully with bitstream "/nfs/TUEIEDAprojects/SystemDesign/work/ipxact/benjamin-bordes/DSE/1IP/1IP_SO/SDK/SDK_Workspace/1IP_SO_hw_platform/system.bit" 
12:34:10.259 INFO  - Processor reset is completed for ps7_cortexa9_0 
12:34:10.359 INFO  - PS initialization will be done as it is not done before. 
12:34:10.359 INFO  - Running PS initialization.... 
12:34:10.479 INFO  - ps7_init is completed. 
12:34:10.579 INFO  - ps7_post_config is completed. 
12:34:10.679 INFO  - PS Initialization is complete. 
12:36:28.191 INFO  - Processor reset is completed for ps7_cortexa9_0 
12:37:38.025 INFO  - Processor reset is completed for ps7_cortexa9_0 
12:41:27.750 INFO  - ps7_cortexa9_0 Processor is in use. Please stop existing Run or Debug sessions before launching. 
12:41:30.150 INFO  - Processor reset is completed for ps7_cortexa9_0 
12:45:37.687 INFO  - Processor reset is completed for ps7_cortexa9_0 
12:47:15.439 INFO  - Processor reset is completed for ps7_cortexa9_0 
12:50:07.324 INFO  - ps7_cortexa9_0 Processor is in use. Please stop existing Run or Debug sessions before launching. 
12:50:09.023 INFO  - Processor reset is completed for ps7_cortexa9_0 
12:54:07.077 INFO  - Processor reset is completed for ps7_cortexa9_0 
12:54:42.665 INFO  - Processor reset is completed for ps7_cortexa9_0 
12:56:09.983 INFO  - Processor reset is completed for ps7_cortexa9_0 
12:56:57.775 INFO  - ps7_cortexa9_0 Processor is in use. Please stop existing Run or Debug sessions before launching. 
12:56:59.474 INFO  - Processor reset is completed for ps7_cortexa9_0 
13:00:49.793 INFO  - ps7_cortexa9_0 Processor is in use. Please stop existing Run or Debug sessions before launching. 
13:00:51.689 INFO  - Processor reset is completed for ps7_cortexa9_0 
13:01:34.800 INFO  - ps7_cortexa9_0 Processor is in use. Please stop existing Run or Debug sessions before launching. 
13:01:36.299 INFO  - Processor reset is completed for ps7_cortexa9_0 
13:02:10.481 INFO  - ps7_cortexa9_0 Processor is in use. Please stop existing Run or Debug sessions before launching. 
13:02:12.177 INFO  - Processor reset is completed for ps7_cortexa9_0 
13:04:22.390 INFO  - Processor reset is completed for ps7_cortexa9_0 
13:07:30.246 INFO  - ps7_cortexa9_0 Processor is in use. Please stop existing Run or Debug sessions before launching. 
13:07:31.845 INFO  - Processor reset is completed for ps7_cortexa9_0 
13:07:49.873 INFO  - FPGA configured successfully with bitstream "/nfs/TUEIEDAprojects/SystemDesign/work/ipxact/benjamin-bordes/DSE/1IP/1IP_SO/SDK/SDK_Workspace/1IP_SO_hw_platform/system.bit" 
13:07:53.251 INFO  - Processor reset is completed for ps7_cortexa9_0 
13:07:53.351 INFO  - PS initialization will be done as it is not done before. 
13:07:53.354 INFO  - Running PS initialization.... 
13:07:53.477 INFO  - ps7_init is completed. 
13:07:53.577 INFO  - ps7_post_config is completed. 
13:07:53.678 INFO  - PS Initialization is complete. 
13:08:27.992 INFO  - ps7_cortexa9_0 Processor is in use. Please stop existing Run or Debug sessions before launching. 
13:08:30.592 INFO  - Processor reset is completed for ps7_cortexa9_0 
13:08:40.587 INFO  - ps7_cortexa9_0 Processor is in use. Please stop existing Run or Debug sessions before launching. 
13:08:42.986 INFO  - Processor reset is completed for ps7_cortexa9_0 
13:08:59.857 INFO  - FPGA configured successfully with bitstream "/nfs/TUEIEDAprojects/SystemDesign/work/ipxact/benjamin-bordes/DSE/1IP/1IP_SO/SDK/SDK_Workspace/1IP_SO_hw_platform/system.bit" 
13:13:53.591 INFO  - Processor reset is completed for ps7_cortexa9_0 
13:13:53.691 INFO  - PS initialization will be done as it is not done before. 
13:13:53.710 INFO  - Running PS initialization.... 
13:13:53.832 INFO  - ps7_init is completed. 
13:13:53.932 INFO  - ps7_post_config is completed. 
13:13:54.032 INFO  - PS Initialization is complete. 
13:15:03.330 INFO  - Processor reset is completed for ps7_cortexa9_0 
13:15:42.218 INFO  - Processor reset is completed for ps7_cortexa9_0 
13:48:21.849 ERROR - Unexpected error while parsing XMD response ￿: com.google.gson.JsonSyntaxException: com.google.gson.stream.MalformedJsonException: invalid number or unquoted string near  
12:01:19.560 INFO  - Project 1IP_SO_hw_platform's source hardware specification located at /nfs/TUEIEDAprojects/SystemDesign/work/ipxact/benjamin-bordes/DSE/1IP/1IP_SO/SDK/SDK_Export/hw/system.xml is now different from the local copy.
		 The local copy will be replaced with the source specification and your workspace will be updated. 
12:01:23.348 INFO  - Copied contents of /nfs/TUEIEDAprojects/SystemDesign/work/ipxact/benjamin-bordes/DSE/1IP/1IP_SO/SDK/SDK_Export/hw/system.xml into /1IP_SO_hw_platform/system.xml. 
12:01:26.636 INFO  - Copied contents of /nfs/TUEIEDAprojects/SystemDesign/work/ipxact/benjamin-bordes/DSE/1IP/1IP_SO/SDK/SDK_Export/hw/system.bit into /1IP_SO_hw_platform/system.bit. 
12:01:27.076 INFO  - Copied contents of /nfs/TUEIEDAprojects/SystemDesign/work/ipxact/benjamin-bordes/DSE/1IP/1IP_SO/SDK/SDK_Export/hw/ps7_init.c into /1IP_SO_hw_platform/ps7_init.c. 
12:01:27.090 INFO  - Copied contents of /nfs/TUEIEDAprojects/SystemDesign/work/ipxact/benjamin-bordes/DSE/1IP/1IP_SO/SDK/SDK_Export/hw/ps7_init.h into /1IP_SO_hw_platform/ps7_init.h. 
12:01:27.183 INFO  - Copied contents of /nfs/TUEIEDAprojects/SystemDesign/work/ipxact/benjamin-bordes/DSE/1IP/1IP_SO/SDK/SDK_Export/hw/ps7_init.html into /1IP_SO_hw_platform/ps7_init.html. 
12:01:27.200 INFO  - Copied contents of /nfs/TUEIEDAprojects/SystemDesign/work/ipxact/benjamin-bordes/DSE/1IP/1IP_SO/SDK/SDK_Export/hw/ps7_init.tcl into /1IP_SO_hw_platform/ps7_init.tcl. 
12:01:28.278 INFO  - Synchronizing projects in the workspace with the hardware platform specification changes. 
12:01:30.806 INFO  - Updating hardware inferred compiler options for software_prj. 
12:01:30.810 INFO  - Clearing existing target manager status. 
12:01:33.489 WARN  - Unable to obtain port 2350 for use by XMD, java.net.BindException: Address already in use 
12:01:39.730 INFO  - Workspace synchronized with the new hardware specification file. Cleaning dependent projects... 
12:26:20.728 INFO  - Processor reset is completed for ps7_cortexa9_0 
12:26:41.487 INFO  - FPGA Cable Disconnected. All active launches will be terminated. 
12:43:49.646 ERROR - Unexpected error while parsing XMD response ￿: com.google.gson.JsonSyntaxException: com.google.gson.stream.MalformedJsonException: invalid number or unquoted string near  
14:58:20.494 INFO  - Processing command line option -hwspec /nfs/TUEIEDAprojects/SystemDesign/work/ipxact/benjamin-bordes/DSE/1IP/1IP_SO/SDK/SDK_Export/hw/system.xml. 
14:58:53.912 INFO  - FPGA configured successfully with bitstream "/nfs/TUEIEDAprojects/SystemDesign/work/ipxact/benjamin-bordes/DSE/1IP/1IP_SO/SDK/SDK_Workspace/1IP_SO_hw_platform/system.bit" 
14:58:59.157 INFO  - Processor reset is completed for ps7_cortexa9_0 
15:00:41.161 INFO  - Processor reset is completed for ps7_cortexa9_0 
15:05:50.873 ERROR - Unexpected error while parsing XMD response ￿: com.google.gson.JsonSyntaxException: com.google.gson.stream.MalformedJsonException: invalid number or unquoted string near  
12:04:48.194 INFO  - FPGA configured successfully with bitstream "/nfs/TUEIEDAprojects/SystemDesign/work/ipxact/benjamin-bordes/DSE/1IP/1IP_SO/SDK/SDK_Workspace/1IP_SO_hw_platform/system.bit" 
12:04:56.235 INFO  - Processor reset is completed for ps7_cortexa9_0 
12:04:56.335 INFO  - PS initialization will be done as it is not done before. 
12:04:56.336 INFO  - Running PS initialization.... 
12:04:56.459 INFO  - ps7_init is completed. 
12:04:56.559 INFO  - ps7_post_config is completed. 
12:04:56.562 INFO  - PS Initialization is complete. 
12:07:13.819 ERROR - Unexpected error while parsing XMD response ￿: com.google.gson.JsonSyntaxException: com.google.gson.stream.MalformedJsonException: invalid number or unquoted string near  
12:29:36.905 INFO  - FPGA configured successfully with bitstream "/nfs/TUEIEDAprojects/SystemDesign/work/ipxact/benjamin-bordes/DSE/1IP/1IP_SO/SDK/SDK_Workspace/1IP_SO_hw_platform/system.bit" 
12:30:22.022 INFO  - Processor reset is completed for ps7_cortexa9_0 
12:30:22.122 INFO  - PS initialization will be done as it is not done before. 
12:30:22.123 INFO  - Running PS initialization.... 
12:30:22.247 INFO  - ps7_init is completed. 
12:30:22.347 INFO  - ps7_post_config is completed. 
12:30:22.447 INFO  - PS Initialization is complete. 
12:30:49.709 INFO  - FPGA configured successfully with bitstream "/nfs/TUEIEDAprojects/SystemDesign/work/ipxact/benjamin-bordes/DSE/1IP/1IP_SO/SDK/SDK_Workspace/1IP_SO_hw_platform/system.bit" 
12:31:10.366 INFO  - Processor reset is completed for ps7_cortexa9_0 
12:31:10.466 INFO  - PS initialization will be done as it is not done before. 
12:31:10.467 INFO  - Running PS initialization.... 
12:31:10.588 INFO  - ps7_init is completed. 
12:31:10.688 INFO  - ps7_post_config is completed. 
12:31:10.788 INFO  - PS Initialization is complete. 
12:33:09.205 INFO  - Processor reset is completed for ps7_cortexa9_0 
12:34:12.485 INFO  - Processor reset is completed for ps7_cortexa9_0 
12:35:37.664 ERROR - Unexpected error while parsing XMD response ￿: com.google.gson.JsonSyntaxException: com.google.gson.stream.MalformedJsonException: invalid number or unquoted string near  
10:35:11.104 INFO  - Processing command line option -hwspec /nfs/TUEIEDAprojects/SystemDesign/work/ipxact/benjamin-bordes/DSE/1IP/1IP_SO/SDK/SDK_Export/hw/system.xml. 
10:35:12.997 INFO  - The hardware specification for project '1IP_SO_hw_platform' is different from /nfs/TUEIEDAprojects/SystemDesign/work/ipxact/benjamin-bordes/DSE/1IP/1IP_SO/SDK/SDK_Export/hw/system.xml. 
10:35:13.351 INFO  - Copied contents of /nfs/TUEIEDAprojects/SystemDesign/work/ipxact/benjamin-bordes/DSE/1IP/1IP_SO/SDK/SDK_Export/hw/system.xml into /1IP_SO_hw_platform/system.xml. 
10:35:13.927 INFO  - Copied contents of /nfs/TUEIEDAprojects/SystemDesign/work/ipxact/benjamin-bordes/DSE/1IP/1IP_SO/SDK/SDK_Export/hw/system.bit into /1IP_SO_hw_platform/system.bit. 
10:35:14.664 INFO  - Copied contents of /nfs/TUEIEDAprojects/SystemDesign/work/ipxact/benjamin-bordes/DSE/1IP/1IP_SO/SDK/SDK_Export/hw/ps7_init.c into /1IP_SO_hw_platform/ps7_init.c. 
10:35:14.694 INFO  - Copied contents of /nfs/TUEIEDAprojects/SystemDesign/work/ipxact/benjamin-bordes/DSE/1IP/1IP_SO/SDK/SDK_Export/hw/ps7_init.h into /1IP_SO_hw_platform/ps7_init.h. 
10:35:14.761 INFO  - Copied contents of /nfs/TUEIEDAprojects/SystemDesign/work/ipxact/benjamin-bordes/DSE/1IP/1IP_SO/SDK/SDK_Export/hw/ps7_init.html into /1IP_SO_hw_platform/ps7_init.html. 
10:35:14.768 INFO  - Copied contents of /nfs/TUEIEDAprojects/SystemDesign/work/ipxact/benjamin-bordes/DSE/1IP/1IP_SO/SDK/SDK_Export/hw/ps7_init.tcl into /1IP_SO_hw_platform/ps7_init.tcl. 
10:35:15.277 INFO  - Synchronizing projects in the workspace with the hardware platform specification changes. 
10:35:17.197 INFO  - Updating hardware inferred compiler options for software_prj. 
10:35:17.207 INFO  - Clearing existing target manager status. 
10:35:20.405 INFO  - Workspace synchronized with the new hardware specification file. Cleaning dependent projects... 
10:36:25.797 INFO  - Project standalone_bsp_0 was a BSP project. Please update references. 
10:36:25.798 ERROR - SDK has detected that project standalone_bsp_0 has been deleted (or renamed).
If this project was a BSP referenced by other C/C++ applications, then those applications will fail to build now. Please right click on those applications and click 'Change Referenced BSP' to update those projects' BSP references. 
10:36:29.893 ERROR - Unexpected error while parsing XMD response ￿: com.google.gson.JsonSyntaxException: com.google.gson.stream.MalformedJsonException: invalid number or unquoted string near  
10:36:43.763 INFO  - Processing command line option -hwspec /nfs/TUEIEDAprojects/SystemDesign/work/ipxact/benjamin-bordes/DSE/1IP/1IP_SO/SDK/SDK_Export/hw/system.xml. 
10:38:10.544 INFO  - FPGA configured successfully with bitstream "/nfs/TUEIEDAprojects/SystemDesign/work/ipxact/benjamin-bordes/DSE/1IP/1IP_SO/SDK/SDK_Workspace/1IP_SO_hw_platform/system.bit" 
10:38:17.428 INFO  - Processor reset is completed for ps7_cortexa9_0 
10:38:17.528 INFO  - PS initialization will be done as it is not done before. 
10:38:17.529 INFO  - Running PS initialization.... 
10:38:17.657 INFO  - ps7_init is completed. 
10:38:17.664 INFO  - ps7_post_config is completed. 
10:38:17.764 INFO  - PS Initialization is complete. 
10:38:54.135 ERROR - Unexpected error while parsing XMD response ￿: com.google.gson.JsonSyntaxException: com.google.gson.stream.MalformedJsonException: invalid number or unquoted string near  
