23:37:03.225 INFO  - Invoking Bootgen:  
23:37:04.270 INFO  - Bootgen command execution is done. 
23:44:14.407 INFO  - Invoking Bootgen:  
23:44:15.424 INFO  - Bootgen command execution is done. 
23:49:05.068 INFO  - Specified output file already exists 
23:49:05.973 INFO  - Invoking Bootgen:  
23:49:06.995 INFO  - Bootgen command execution is done. 
23:55:11.008 INFO  - Invoking Bootgen:  
23:55:11.526 INFO  - Bootgen command execution is done. 
23:55:38.224 INFO  - Specified output file already exists 
23:55:39.083 INFO  - Invoking Bootgen:  
23:55:40.096 INFO  - Bootgen command execution is done. 
00:01:17.967 INFO  - Specified output file already exists 
00:01:19.725 INFO  - Invoking Bootgen:  
00:01:20.740 INFO  - Bootgen command execution is done. 
00:06:03.325 INFO  - Specified output file already exists 
00:06:04.725 INFO  - Invoking Bootgen:  
00:06:05.743 INFO  - Bootgen command execution is done. 
00:16:39.170 INFO  - Specified output file already exists 
00:16:40.472 INFO  - Invoking Bootgen:  
00:16:41.584 INFO  - Bootgen command execution is done. 
00:22:35.340 INFO  - Specified output file already exists 
00:22:36.577 INFO  - Invoking Bootgen:  
00:22:37.590 INFO  - Bootgen command execution is done. 
00:25:22.646 INFO  - Specified output file already exists 
00:25:24.130 INFO  - Invoking Bootgen:  
00:25:25.143 INFO  - Bootgen command execution is done. 
00:26:54.157 INFO  - Specified output file already exists 
00:26:55.335 INFO  - Invoking Bootgen:  
00:26:56.351 INFO  - Bootgen command execution is done. 
00:30:26.586 INFO  - Specified output file already exists 
00:30:28.109 INFO  - Invoking Bootgen:  
00:30:29.158 INFO  - Bootgen command execution is done. 
00:36:36.762 INFO  - Specified output file already exists 
00:36:38.373 INFO  - Invoking Bootgen:  
00:36:39.389 INFO  - Bootgen command execution is done. 
00:38:59.284 INFO  - Specified output file already exists 
00:39:00.730 INFO  - Invoking Bootgen:  
00:39:01.744 INFO  - Bootgen command execution is done. 
00:42:10.214 INFO  - Specified output file already exists 
00:42:11.279 INFO  - Invoking Bootgen:  
00:42:12.290 INFO  - Bootgen command execution is done. 
00:45:45.561 INFO  - Specified output file already exists 
00:45:46.749 INFO  - Invoking Bootgen:  
00:45:47.763 INFO  - Bootgen command execution is done. 
00:49:13.730 INFO  - Specified output file already exists 
00:49:14.771 INFO  - Invoking Bootgen:  
00:49:15.793 INFO  - Bootgen command execution is done. 
00:51:43.839 INFO  - Specified output file already exists 
00:51:44.850 INFO  - Invoking Bootgen:  
00:51:45.861 INFO  - Bootgen command execution is done. 
00:54:48.833 INFO  - Specified output file already exists 
00:54:49.846 INFO  - Invoking Bootgen:  
00:54:50.862 INFO  - Bootgen command execution is done. 
00:57:22.526 INFO  - Invoking Bootgen:  
00:57:23.542 INFO  - Bootgen command execution is done. 
00:59:15.957 INFO  - System reset is completed. 
00:59:20.875 INFO  - FPGA configured successfully with bitstream "/home/ga38qoh/EDA_Munish/work_dir/dualCore_grayscaleProcessing/videoProcessing_prj/SDK/SDK_Workspace/videoProcessing_prj_hw_platform/system.bit" 
00:59:21.419 INFO  - ps7_init is completed. 
00:59:21.519 INFO  - ps7_post_config is completed. 
00:59:22.060 INFO  - Application is downloaded for ps7_cortexa9_0. (/home/ga38qoh/EDA_Munish/work_dir/dualCore_grayscaleProcessing/videoProcessing_prj/SDK/SDK_Workspace/app_cpu0/Debug/app_cpu0.elf) 
00:59:22.131 INFO  - Application is downloaded for ps7_cortexa9_1. (/home/ga38qoh/EDA_Munish/work_dir/dualCore_grayscaleProcessing/videoProcessing_prj/SDK/SDK_Workspace/app_cpu1/Debug/app_cpu1.elf) 
01:00:11.600 INFO  - System reset is completed. 
01:00:15.617 INFO  - FPGA configured successfully with bitstream "/home/ga38qoh/EDA_Munish/work_dir/dualCore_grayscaleProcessing/videoProcessing_prj/SDK/SDK_Workspace/videoProcessing_prj_hw_platform/system.bit" 
01:00:16.102 INFO  - ps7_init is completed. 
01:00:16.202 INFO  - ps7_post_config is completed. 
01:00:16.590 INFO  - Application is downloaded for ps7_cortexa9_0. (/home/ga38qoh/EDA_Munish/work_dir/dualCore_grayscaleProcessing/videoProcessing_prj/SDK/SDK_Workspace/app_cpu0/Debug/app_cpu0.elf) 
01:00:16.657 INFO  - Application is downloaded for ps7_cortexa9_1. (/home/ga38qoh/EDA_Munish/work_dir/dualCore_grayscaleProcessing/videoProcessing_prj/SDK/SDK_Workspace/app_cpu1/Debug/app_cpu1.elf) 
01:00:55.658 INFO  - System reset is completed. 
01:00:59.625 INFO  - FPGA configured successfully with bitstream "/home/ga38qoh/EDA_Munish/work_dir/dualCore_grayscaleProcessing/videoProcessing_prj/SDK/SDK_Workspace/videoProcessing_prj_hw_platform/system.bit" 
01:01:00.230 INFO  - ps7_init is completed. 
01:01:00.330 INFO  - ps7_post_config is completed. 
01:01:00.836 INFO  - Application is downloaded for ps7_cortexa9_0. (/home/ga38qoh/EDA_Munish/work_dir/dualCore_grayscaleProcessing/videoProcessing_prj/SDK/SDK_Workspace/app_cpu0/Debug/app_cpu0.elf) 
01:03:41.187 INFO  - Specified output file already exists 
01:03:42.360 INFO  - Invoking Bootgen:  
01:03:43.380 INFO  - Bootgen command execution is done. 
01:06:08.583 INFO  - System reset is completed. 
01:06:12.825 INFO  - FPGA configured successfully with bitstream "/home/ga38qoh/EDA_Munish/work_dir/dualCore_grayscaleProcessing/videoProcessing_prj/SDK/SDK_Workspace/videoProcessing_prj_hw_platform/system.bit" 
01:06:13.366 INFO  - ps7_init is completed. 
01:06:13.466 INFO  - ps7_post_config is completed. 
01:06:13.860 INFO  - Application is downloaded for ps7_cortexa9_0. (/home/ga38qoh/EDA_Munish/work_dir/dualCore_grayscaleProcessing/videoProcessing_prj/SDK/SDK_Workspace/app_cpu0/Debug/app_cpu0.elf) 
01:08:15.879 INFO  - Specified output file already exists 
01:08:16.794 INFO  - Invoking Bootgen:  
01:08:17.810 INFO  - Bootgen command execution is done. 
01:11:15.129 INFO  - Invoking Bootgen:  
01:11:15.647 INFO  - Bootgen command execution is done. 
01:11:26.403 INFO  - Invoking Bootgen:  
01:11:27.413 INFO  - Bootgen command execution is done. 
01:14:13.384 INFO  - Specified output file already exists 
01:14:15.180 INFO  - Invoking Bootgen:  
01:14:16.200 INFO  - Bootgen command execution is done. 
14:20:40.709 INFO  - System reset is completed. 
14:20:45.442 INFO  - FPGA configured successfully with bitstream "/home/ga38qoh/EDA_Munish/work_dir/dualCore_grayscaleProcessing/videoProcessing_prj/SDK/SDK_Workspace/videoProcessing_prj_hw_platform/system.bit" 
14:20:46.055 INFO  - ps7_init is completed. 
14:20:46.155 INFO  - ps7_post_config is completed. 
14:20:46.688 INFO  - Application is downloaded for ps7_cortexa9_0. (/home/ga38qoh/EDA_Munish/work_dir/dualCore_grayscaleProcessing/videoProcessing_prj/SDK/SDK_Workspace/app_cpu0/Debug/app_cpu0.elf) 
14:22:54.218 INFO  - Specified output file already exists 
14:22:56.537 INFO  - Invoking Bootgen:  
14:22:57.570 INFO  - Bootgen command execution is done. 
14:27:02.116 INFO  - System reset is completed. 
14:27:06.477 INFO  - FPGA configured successfully with bitstream "/home/ga38qoh/EDA_Munish/work_dir/dualCore_grayscaleProcessing/videoProcessing_prj/SDK/SDK_Workspace/videoProcessing_prj_hw_platform/system.bit" 
14:27:07.020 INFO  - ps7_init is completed. 
14:27:07.120 INFO  - ps7_post_config is completed. 
14:27:07.520 INFO  - Application is downloaded for ps7_cortexa9_0. (/home/ga38qoh/EDA_Munish/work_dir/dualCore_grayscaleProcessing/videoProcessing_prj/SDK/SDK_Workspace/app_cpu0/Debug/app_cpu0.elf) 
14:27:07.603 INFO  - Application is downloaded for ps7_cortexa9_1. (/home/ga38qoh/EDA_Munish/work_dir/dualCore_grayscaleProcessing/videoProcessing_prj/SDK/SDK_Workspace/app_cpu1/Debug/app_cpu1.elf) 
14:29:54.874 INFO  - System reset is completed. 
14:29:59.097 INFO  - FPGA configured successfully with bitstream "/home/ga38qoh/EDA_Munish/work_dir/dualCore_grayscaleProcessing/videoProcessing_prj/SDK/SDK_Workspace/videoProcessing_prj_hw_platform/system.bit" 
14:29:59.672 INFO  - ps7_init is completed. 
14:29:59.772 INFO  - ps7_post_config is completed. 
14:30:00.174 INFO  - Application is downloaded for ps7_cortexa9_0. (/home/ga38qoh/EDA_Munish/work_dir/dualCore_grayscaleProcessing/videoProcessing_prj/SDK/SDK_Workspace/app_cpu0/Debug/app_cpu0.elf) 
14:30:00.256 INFO  - Application is downloaded for ps7_cortexa9_1. (/home/ga38qoh/EDA_Munish/work_dir/dualCore_grayscaleProcessing/videoProcessing_prj/SDK/SDK_Workspace/app_cpu1/Debug/app_cpu1.elf) 
14:32:25.803 INFO  - System reset is completed. 
14:32:30.123 INFO  - FPGA configured successfully with bitstream "/home/ga38qoh/EDA_Munish/work_dir/dualCore_grayscaleProcessing/videoProcessing_prj/SDK/SDK_Workspace/videoProcessing_prj_hw_platform/system.bit" 
14:32:30.684 INFO  - ps7_init is completed. 
14:32:30.784 INFO  - ps7_post_config is completed. 
14:32:31.286 INFO  - Application is downloaded for ps7_cortexa9_0. (/home/ga38qoh/EDA_Munish/work_dir/dualCore_grayscaleProcessing/videoProcessing_prj/SDK/SDK_Workspace/app_cpu0/Debug/app_cpu0.elf) 
14:32:31.366 INFO  - Application is downloaded for ps7_cortexa9_1. (/home/ga38qoh/EDA_Munish/work_dir/dualCore_grayscaleProcessing/videoProcessing_prj/SDK/SDK_Workspace/app_cpu1/Debug/app_cpu1.elf) 
14:39:07.778 INFO  - System reset is completed. 
14:39:12.206 INFO  - FPGA configured successfully with bitstream "/home/ga38qoh/EDA_Munish/work_dir/dualCore_grayscaleProcessing/videoProcessing_prj/SDK/SDK_Workspace/videoProcessing_prj_hw_platform/system.bit" 
14:39:12.663 INFO  - ps7_init is completed. 
14:39:12.763 INFO  - ps7_post_config is completed. 
14:39:13.260 INFO  - Application is downloaded for ps7_cortexa9_0. (/home/ga38qoh/EDA_Munish/work_dir/dualCore_grayscaleProcessing/videoProcessing_prj/SDK/SDK_Workspace/app_cpu0/Debug/app_cpu0.elf) 
14:39:13.340 INFO  - Application is downloaded for ps7_cortexa9_1. (/home/ga38qoh/EDA_Munish/work_dir/dualCore_grayscaleProcessing/videoProcessing_prj/SDK/SDK_Workspace/app_cpu1/Debug/app_cpu1.elf) 
14:42:57.766 INFO  - System reset is completed. 
14:43:02.208 INFO  - FPGA configured successfully with bitstream "/home/ga38qoh/EDA_Munish/work_dir/dualCore_grayscaleProcessing/videoProcessing_prj/SDK/SDK_Workspace/videoProcessing_prj_hw_platform/system.bit" 
14:43:02.655 INFO  - ps7_init is completed. 
14:43:02.755 INFO  - ps7_post_config is completed. 
14:43:03.058 INFO  - Application is downloaded for ps7_cortexa9_0. (/home/ga38qoh/EDA_Munish/work_dir/dualCore_grayscaleProcessing/videoProcessing_prj/SDK/SDK_Workspace/app_cpu0/Debug/app_cpu0.elf) 
14:43:03.212 INFO  - Application is downloaded for ps7_cortexa9_1. (/home/ga38qoh/EDA_Munish/work_dir/dualCore_grayscaleProcessing/videoProcessing_prj/SDK/SDK_Workspace/app_cpu1/Debug/app_cpu1.elf) 
14:51:44.773 INFO  - System reset is completed. 
14:51:49.222 INFO  - FPGA configured successfully with bitstream "/home/ga38qoh/EDA_Munish/work_dir/dualCore_grayscaleProcessing/videoProcessing_prj/SDK/SDK_Workspace/videoProcessing_prj_hw_platform/system.bit" 
14:51:49.764 INFO  - ps7_init is completed. 
14:51:49.769 INFO  - ps7_post_config is completed. 
14:51:50.169 INFO  - Application is downloaded for ps7_cortexa9_0. (/home/ga38qoh/EDA_Munish/work_dir/dualCore_grayscaleProcessing/videoProcessing_prj/SDK/SDK_Workspace/app_cpu0/Debug/app_cpu0.elf) 
14:51:50.318 INFO  - Application is downloaded for ps7_cortexa9_1. (/home/ga38qoh/EDA_Munish/work_dir/dualCore_grayscaleProcessing/videoProcessing_prj/SDK/SDK_Workspace/app_cpu1/Debug/app_cpu1.elf) 
15:06:48.229 ERROR - Unexpected error while parsing XMD response ￿: com.google.gson.JsonSyntaxException: com.google.gson.stream.MalformedJsonException: invalid number or unquoted string near  
16:21:13.170 INFO  - Restoring local repository preferences: 
		 /home/ga38qoh/EDA_Munish/zedboard_training/ZynqSW/2013_3/Support_documents/sdk_repo 
19:24:40.681 INFO  - System reset is completed. 
19:24:45.818 INFO  - FPGA configured successfully with bitstream "/home/ga38qoh/EDA_Munish/work_dir/dualCore_grayscaleProcessing/videoProcessing_prj/SDK/SDK_Workspace/videoProcessing_prj_hw_platform/system.bit" 
19:24:46.353 INFO  - ps7_init is completed. 
19:24:46.453 INFO  - ps7_post_config is completed. 
19:24:46.988 INFO  - Application is downloaded for ps7_cortexa9_0. (/home/ga38qoh/EDA_Munish/work_dir/dualCore_grayscaleProcessing/videoProcessing_prj/SDK/SDK_Workspace/app_cpu0/Debug/app_cpu0.elf) 
19:24:47.119 INFO  - Application is downloaded for ps7_cortexa9_1. (/home/ga38qoh/EDA_Munish/work_dir/dualCore_grayscaleProcessing/videoProcessing_prj/SDK/SDK_Workspace/app_cpu1/Debug/app_cpu1.elf) 
19:29:25.976 INFO  - System reset is completed. 
19:29:30.349 INFO  - FPGA configured successfully with bitstream "/home/ga38qoh/EDA_Munish/work_dir/dualCore_grayscaleProcessing/videoProcessing_prj/SDK/SDK_Workspace/videoProcessing_prj_hw_platform/system.bit" 
19:29:30.895 INFO  - ps7_init is completed. 
19:29:30.995 INFO  - ps7_post_config is completed. 
19:29:31.492 INFO  - Application is downloaded for ps7_cortexa9_0. (/home/ga38qoh/EDA_Munish/work_dir/dualCore_grayscaleProcessing/videoProcessing_prj/SDK/SDK_Workspace/app_cpu0/Debug/app_cpu0.elf) 
19:29:31.634 INFO  - Application is downloaded for ps7_cortexa9_1. (/home/ga38qoh/EDA_Munish/work_dir/dualCore_grayscaleProcessing/videoProcessing_prj/SDK/SDK_Workspace/app_cpu1/Debug/app_cpu1.elf) 
19:42:55.557 INFO  - System reset is completed. 
19:42:59.831 INFO  - FPGA configured successfully with bitstream "/home/ga38qoh/EDA_Munish/work_dir/dualCore_grayscaleProcessing/videoProcessing_prj/SDK/SDK_Workspace/videoProcessing_prj_hw_platform/system.bit" 
19:43:00.278 INFO  - ps7_init is completed. 
19:43:00.378 INFO  - ps7_post_config is completed. 
19:43:00.886 INFO  - Application is downloaded for ps7_cortexa9_0. (/home/ga38qoh/EDA_Munish/work_dir/dualCore_grayscaleProcessing/videoProcessing_prj/SDK/SDK_Workspace/app_cpu0/Debug/app_cpu0.elf) 
19:43:01.027 INFO  - Application is downloaded for ps7_cortexa9_1. (/home/ga38qoh/EDA_Munish/work_dir/dualCore_grayscaleProcessing/videoProcessing_prj/SDK/SDK_Workspace/app_cpu1/Debug/app_cpu1.elf) 
19:44:45.111 INFO  - System reset is completed. 
19:44:49.566 INFO  - FPGA configured successfully with bitstream "/home/ga38qoh/EDA_Munish/work_dir/dualCore_grayscaleProcessing/videoProcessing_prj/SDK/SDK_Workspace/videoProcessing_prj_hw_platform/system.bit" 
19:44:50.109 INFO  - ps7_init is completed. 
19:44:50.209 INFO  - ps7_post_config is completed. 
19:44:50.608 INFO  - Application is downloaded for ps7_cortexa9_0. (/home/ga38qoh/EDA_Munish/work_dir/dualCore_grayscaleProcessing/videoProcessing_prj/SDK/SDK_Workspace/app_cpu0/Debug/app_cpu0.elf) 
19:44:50.756 INFO  - Application is downloaded for ps7_cortexa9_1. (/home/ga38qoh/EDA_Munish/work_dir/dualCore_grayscaleProcessing/videoProcessing_prj/SDK/SDK_Workspace/app_cpu1/Debug/app_cpu1.elf) 
19:53:32.656 INFO  - System reset is completed. 
19:53:37.039 INFO  - FPGA configured successfully with bitstream "/home/ga38qoh/EDA_Munish/work_dir/dualCore_grayscaleProcessing/videoProcessing_prj/SDK/SDK_Workspace/videoProcessing_prj_hw_platform/system.bit" 
19:53:37.545 INFO  - ps7_init is completed. 
19:53:37.645 INFO  - ps7_post_config is completed. 
19:53:38.132 INFO  - Application is downloaded for ps7_cortexa9_0. (/home/ga38qoh/EDA_Munish/work_dir/dualCore_grayscaleProcessing/videoProcessing_prj/SDK/SDK_Workspace/app_cpu0/Debug/app_cpu0.elf) 
19:53:38.261 INFO  - Application is downloaded for ps7_cortexa9_1. (/home/ga38qoh/EDA_Munish/work_dir/dualCore_grayscaleProcessing/videoProcessing_prj/SDK/SDK_Workspace/app_cpu1/Debug/app_cpu1.elf) 
19:56:07.924 INFO  - System reset is completed. 
19:56:12.452 INFO  - FPGA configured successfully with bitstream "/home/ga38qoh/EDA_Munish/work_dir/dualCore_grayscaleProcessing/videoProcessing_prj/SDK/SDK_Workspace/videoProcessing_prj_hw_platform/system.bit" 
19:56:13.041 INFO  - ps7_init is completed. 
19:56:13.141 INFO  - ps7_post_config is completed. 
19:56:13.625 INFO  - Application is downloaded for ps7_cortexa9_0. (/home/ga38qoh/EDA_Munish/work_dir/dualCore_grayscaleProcessing/videoProcessing_prj/SDK/SDK_Workspace/app_cpu0/Debug/app_cpu0.elf) 
19:56:13.755 INFO  - Application is downloaded for ps7_cortexa9_1. (/home/ga38qoh/EDA_Munish/work_dir/dualCore_grayscaleProcessing/videoProcessing_prj/SDK/SDK_Workspace/app_cpu1/Debug/app_cpu1.elf) 
19:56:29.098 INFO  - System reset is completed. 
19:56:33.515 INFO  - FPGA configured successfully with bitstream "/home/ga38qoh/EDA_Munish/work_dir/dualCore_grayscaleProcessing/videoProcessing_prj/SDK/SDK_Workspace/videoProcessing_prj_hw_platform/system.bit" 
19:56:34.061 INFO  - ps7_init is completed. 
19:56:34.161 INFO  - ps7_post_config is completed. 
19:56:34.655 INFO  - Application is downloaded for ps7_cortexa9_0. (/home/ga38qoh/EDA_Munish/work_dir/dualCore_grayscaleProcessing/videoProcessing_prj/SDK/SDK_Workspace/app_cpu0/Debug/app_cpu0.elf) 
19:57:05.430 INFO  - System reset is completed. 
19:57:09.941 INFO  - FPGA configured successfully with bitstream "/home/ga38qoh/EDA_Munish/work_dir/dualCore_grayscaleProcessing/videoProcessing_prj/SDK/SDK_Workspace/videoProcessing_prj_hw_platform/system.bit" 
19:57:10.495 INFO  - ps7_init is completed. 
19:57:10.595 INFO  - ps7_post_config is completed. 
19:57:11.098 INFO  - Application is downloaded for ps7_cortexa9_0. (/home/ga38qoh/EDA_Munish/work_dir/dualCore_grayscaleProcessing/videoProcessing_prj/SDK/SDK_Workspace/app_cpu0/Debug/app_cpu0.elf) 
19:57:46.476 INFO  - System reset is completed. 
19:57:50.926 INFO  - FPGA configured successfully with bitstream "/home/ga38qoh/EDA_Munish/work_dir/dualCore_grayscaleProcessing/videoProcessing_prj/SDK/SDK_Workspace/videoProcessing_prj_hw_platform/system.bit" 
19:57:51.465 INFO  - ps7_init is completed. 
19:57:51.565 INFO  - ps7_post_config is completed. 
19:57:52.061 INFO  - Application is downloaded for ps7_cortexa9_0. (/home/ga38qoh/EDA_Munish/work_dir/dualCore_grayscaleProcessing/videoProcessing_prj/SDK/SDK_Workspace/app_cpu0/Debug/app_cpu0.elf) 
20:04:12.935 INFO  - System reset is completed. 
20:04:17.374 INFO  - FPGA configured successfully with bitstream "/home/ga38qoh/EDA_Munish/work_dir/dualCore_grayscaleProcessing/videoProcessing_prj/SDK/SDK_Workspace/videoProcessing_prj_hw_platform/system.bit" 
20:04:17.898 INFO  - ps7_init is completed. 
20:04:17.998 INFO  - ps7_post_config is completed. 
20:04:18.496 INFO  - Application is downloaded for ps7_cortexa9_0. (/home/ga38qoh/EDA_Munish/work_dir/dualCore_grayscaleProcessing/videoProcessing_prj/SDK/SDK_Workspace/app_cpu0/Debug/app_cpu0.elf) 
20:04:18.645 INFO  - Application is downloaded for ps7_cortexa9_1. (/home/ga38qoh/EDA_Munish/work_dir/dualCore_grayscaleProcessing/videoProcessing_prj/SDK/SDK_Workspace/app_cpu1/Debug/app_cpu1.elf) 
20:56:03.149 INFO  - System reset is completed. 
20:56:07.612 INFO  - FPGA configured successfully with bitstream "/home/ga38qoh/EDA_Munish/work_dir/dualCore_grayscaleProcessing/videoProcessing_prj/SDK/SDK_Workspace/videoProcessing_prj_hw_platform/system.bit" 
20:56:08.212 INFO  - ps7_init is completed. 
20:56:08.312 INFO  - ps7_post_config is completed. 
20:56:08.830 INFO  - Application is downloaded for ps7_cortexa9_0. (/home/ga38qoh/EDA_Munish/work_dir/dualCore_grayscaleProcessing/videoProcessing_prj/SDK/SDK_Workspace/app_cpu0/Debug/app_cpu0.elf) 
20:56:08.963 INFO  - Application is downloaded for ps7_cortexa9_1. (/home/ga38qoh/EDA_Munish/work_dir/dualCore_grayscaleProcessing/videoProcessing_prj/SDK/SDK_Workspace/app_cpu1/Debug/app_cpu1.elf) 
20:57:56.935 INFO  - System reset is completed. 
20:58:01.358 INFO  - FPGA configured successfully with bitstream "/home/ga38qoh/EDA_Munish/work_dir/dualCore_grayscaleProcessing/videoProcessing_prj/SDK/SDK_Workspace/videoProcessing_prj_hw_platform/system.bit" 
20:58:01.941 INFO  - ps7_init is completed. 
20:58:02.041 INFO  - ps7_post_config is completed. 
20:58:02.552 INFO  - Application is downloaded for ps7_cortexa9_0. (/home/ga38qoh/EDA_Munish/work_dir/dualCore_grayscaleProcessing/videoProcessing_prj/SDK/SDK_Workspace/app_cpu0/Debug/app_cpu0.elf) 
20:58:02.704 INFO  - Application is downloaded for ps7_cortexa9_1. (/home/ga38qoh/EDA_Munish/work_dir/dualCore_grayscaleProcessing/videoProcessing_prj/SDK/SDK_Workspace/app_cpu1/Debug/app_cpu1.elf) 
21:00:50.202 INFO  - System reset is completed. 
21:00:54.400 INFO  - FPGA configured successfully with bitstream "/home/ga38qoh/EDA_Munish/work_dir/dualCore_grayscaleProcessing/videoProcessing_prj/SDK/SDK_Workspace/videoProcessing_prj_hw_platform/system.bit" 
21:00:54.951 INFO  - ps7_init is completed. 
21:00:55.051 INFO  - ps7_post_config is completed. 
21:00:55.544 INFO  - Application is downloaded for ps7_cortexa9_0. (/home/ga38qoh/EDA_Munish/work_dir/dualCore_grayscaleProcessing/videoProcessing_prj/SDK/SDK_Workspace/app_cpu0/Debug/app_cpu0.elf) 
21:01:00.572 INFO  - System reset is completed. 
21:01:05.007 INFO  - FPGA configured successfully with bitstream "/home/ga38qoh/EDA_Munish/work_dir/dualCore_grayscaleProcessing/videoProcessing_prj/SDK/SDK_Workspace/videoProcessing_prj_hw_platform/system.bit" 
21:01:05.577 INFO  - ps7_init is completed. 
21:01:05.677 INFO  - ps7_post_config is completed. 
21:01:06.167 INFO  - Application is downloaded for ps7_cortexa9_0. (/home/ga38qoh/EDA_Munish/work_dir/dualCore_grayscaleProcessing/videoProcessing_prj/SDK/SDK_Workspace/app_cpu0/Debug/app_cpu0.elf) 
21:34:01.513 ERROR - Unexpected error while parsing XMD response ￿: com.google.gson.JsonSyntaxException: com.google.gson.stream.MalformedJsonException: invalid number or unquoted string near  
21:38:55.992 ERROR - Unexpected error while launching program. com.xilinx.sdk.targetmanager.TMException: 
    Failed to claim Device 1 for debug. It could be claimed by other debug client

	at com.xilinx.sdk.targetmanager.internal.TM.connectToProcessor(Unknown Source)
	at com.xilinx.sdk.debug.core.XilinxAppLaunchConfigurationDelegate.debugApplication(Unknown Source)

21:46:20.184 WARN  - Since the executable is not downloaded to the target, debugging will start from current PC. 
21:46:57.897 WARN  - Since the executable is not downloaded to the target, debugging will start from current PC. 
21:49:24.468 INFO  - FPGA configured successfully with bitstream "/home/ga38qoh/EDA_Munish/work_dir/dualCore_grayscaleProcessing/videoProcessing_prj/SDK/SDK_Workspace/videoProcessing_prj_hw_platform/system.bit" 
21:50:20.304 INFO  - Processor reset is completed for ps7_cortexa9_0 
21:50:20.404 INFO  - PS initialization will be done as it is not done before. 
21:50:20.405 INFO  - Running PS initialization.... 
21:50:20.528 INFO  - ps7_init is completed. 
21:50:20.628 INFO  - ps7_post_config is completed. 
21:50:20.729 INFO  - PS Initialization is complete. 
21:53:41.048 INFO  - Processor reset is completed for ps7_cortexa9_0 
21:55:01.584 INFO  - Processor reset is completed for ps7_cortexa9_0 
22:08:07.646 INFO  - FPGA configured successfully with bitstream "/home/ga38qoh/EDA_Munish/work_dir/dualCore_grayscaleProcessing/videoProcessing_prj/SDK/SDK_Workspace/videoProcessing_prj_hw_platform/system.bit" 
22:11:37.414 WARN  - Since the executable is not downloaded to the target, debugging will start from current PC. 
22:22:51.175 WARN  - Since the executable is not downloaded to the target, debugging will start from current PC. 
22:23:31.042 WARN  - Since the executable is not downloaded to the target, debugging will start from current PC. 
22:23:31.307 ERROR - Unexpected error while launching program. java.lang.RuntimeException: Target request failed: Cannot access memory at address 0x5e1d7734.
	at com.xilinx.sdk.debug.core.XilinxAppLaunchConfigurationDelegate.debugApplication(Unknown Source)
	at com.xilinx.sdk.debug.core.XilinxAppLaunchConfigurationDelegate.launch(Unknown Source)

22:23:54.317 WARN  - Since the executable is not downloaded to the target, debugging will start from current PC. 
22:23:54.381 ERROR - Unexpected error while launching program. java.lang.RuntimeException: Target request failed: Cannot access memory at address 0x5e1d7734.
	at com.xilinx.sdk.debug.core.XilinxAppLaunchConfigurationDelegate.debugApplication(Unknown Source)
	at com.xilinx.sdk.debug.core.XilinxAppLaunchConfigurationDelegate.launch(Unknown Source)

22:28:17.540 WARN  - Since the executable is not downloaded to the target, debugging will start from current PC. 
22:28:17.682 ERROR - Unexpected error while launching program. java.lang.RuntimeException: Target request failed: Cannot access memory at address 0x5e1d7734.
	at com.xilinx.sdk.debug.core.XilinxAppLaunchConfigurationDelegate.debugApplication(Unknown Source)
	at com.xilinx.sdk.debug.core.XilinxAppLaunchConfigurationDelegate.launch(Unknown Source)

22:28:46.563 WARN  - Since the executable is not downloaded to the target, debugging will start from current PC. 
22:28:53.185 ERROR - Unexpected error while launching program. java.lang.RuntimeException: Target request failed: Cannot access memory at address 0x5e1d7734.
	at com.xilinx.sdk.debug.core.XilinxAppLaunchConfigurationDelegate.debugApplication(Unknown Source)
	at com.xilinx.sdk.debug.core.XilinxAppLaunchConfigurationDelegate.launch(Unknown Source)

22:29:27.976 WARN  - Since the executable is not downloaded to the target, debugging will start from current PC. 
22:29:28.057 ERROR - Unexpected error while launching program. java.lang.RuntimeException: Target request failed: Cannot access memory at address 0x5e1d7734.
	at com.xilinx.sdk.debug.core.XilinxAppLaunchConfigurationDelegate.debugApplication(Unknown Source)
	at com.xilinx.sdk.debug.core.XilinxAppLaunchConfigurationDelegate.launch(Unknown Source)

22:32:36.916 WARN  - Since the executable is not downloaded to the target, debugging will start from current PC. 
22:32:45.360 WARN  - Since the executable is not downloaded to the target, debugging will start from current PC. 
22:32:45.449 ERROR - Unexpected error while launching program. java.lang.RuntimeException: Target request failed: Cannot access memory at address 0x5e1d7734.
	at com.xilinx.sdk.debug.core.XilinxAppLaunchConfigurationDelegate.debugApplication(Unknown Source)
	at com.xilinx.sdk.debug.core.XilinxAppLaunchConfigurationDelegate.launch(Unknown Source)

22:37:33.904 WARN  - Since the executable is not downloaded to the target, debugging will start from current PC. 
22:37:33.985 ERROR - Unexpected error while launching program. java.lang.RuntimeException: Target request failed: Cannot access memory at address 0x5e1d7734.
	at com.xilinx.sdk.debug.core.XilinxAppLaunchConfigurationDelegate.debugApplication(Unknown Source)
	at com.xilinx.sdk.debug.core.XilinxAppLaunchConfigurationDelegate.launch(Unknown Source)

22:37:55.725 ERROR - Unexpected error while launching program. java.lang.RuntimeException: Target selection failed.
	at com.xilinx.sdk.debug.core.XilinxAppLaunchConfigurationDelegate.debugApplication(Unknown Source)
	at com.xilinx.sdk.debug.core.XilinxAppLaunchConfigurationDelegate.launch(Unknown Source)

22:38:26.298 WARN  - Since the executable is not downloaded to the target, debugging will start from current PC. 
22:38:26.365 ERROR - Unexpected error while launching program. java.lang.RuntimeException: Target request failed: Cannot access memory at address 0x5e1d7734.
	at com.xilinx.sdk.debug.core.XilinxAppLaunchConfigurationDelegate.debugApplication(Unknown Source)
	at com.xilinx.sdk.debug.core.XilinxAppLaunchConfigurationDelegate.launch(Unknown Source)

22:46:11.766 WARN  - Since the executable is not downloaded to the target, debugging will start from current PC. 
22:47:28.271 WARN  - Since the executable is not downloaded to the target, debugging will start from current PC. 
22:47:28.348 ERROR - Unexpected error while launching program. java.lang.RuntimeException: Target request failed: Cannot access memory at address 0x5e1d7734.
	at com.xilinx.sdk.debug.core.XilinxAppLaunchConfigurationDelegate.debugApplication(Unknown Source)
	at com.xilinx.sdk.debug.core.XilinxAppLaunchConfigurationDelegate.launch(Unknown Source)

22:47:54.315 WARN  - Since the executable is not downloaded to the target, debugging will start from current PC. 
22:48:00.956 ERROR - Unexpected error while launching program. java.lang.RuntimeException: Target request failed: Cannot access memory at address 0x5e1d7734.
	at com.xilinx.sdk.debug.core.XilinxAppLaunchConfigurationDelegate.debugApplication(Unknown Source)
	at com.xilinx.sdk.debug.core.XilinxAppLaunchConfigurationDelegate.launch(Unknown Source)

22:49:49.352 WARN  - Since the executable is not downloaded to the target, debugging will start from current PC. 
22:50:32.175 WARN  - Since the executable is not downloaded to the target, debugging will start from current PC. 
22:51:57.664 WARN  - Since the executable is not downloaded to the target, debugging will start from current PC. 
22:52:59.800 WARN  - Since the executable is not downloaded to the target, debugging will start from current PC. 
22:54:08.319 WARN  - Since the executable is not downloaded to the target, debugging will start from current PC. 
22:54:08.444 ERROR - Unexpected error while launching program. java.lang.RuntimeException: Target request failed: Cannot access memory at address 0x5e1d7734.
	at com.xilinx.sdk.debug.core.XilinxAppLaunchConfigurationDelegate.debugApplication(Unknown Source)
	at com.xilinx.sdk.debug.core.XilinxAppLaunchConfigurationDelegate.launch(Unknown Source)

22:54:45.399 WARN  - Since the executable is not downloaded to the target, debugging will start from current PC. 
22:54:45.460 ERROR - Unexpected error while launching program. java.lang.RuntimeException: Target request failed: Cannot access memory at address 0x5e1d7734.
	at com.xilinx.sdk.debug.core.XilinxAppLaunchConfigurationDelegate.debugApplication(Unknown Source)
	at com.xilinx.sdk.debug.core.XilinxAppLaunchConfigurationDelegate.launch(Unknown Source)

22:56:42.299 WARN  - Since the executable is not downloaded to the target, debugging will start from current PC. 
22:56:42.379 ERROR - Unexpected error while launching program. java.lang.RuntimeException: Target request failed: Cannot access memory at address 0x5e1d7734.
	at com.xilinx.sdk.debug.core.XilinxAppLaunchConfigurationDelegate.debugApplication(Unknown Source)
	at com.xilinx.sdk.debug.core.XilinxAppLaunchConfigurationDelegate.launch(Unknown Source)

23:05:32.223 ERROR - Unexpected error while launching program. com.xilinx.sdk.targetmanager.TMException: 
    Failed to claim Device 1 for debug. It could be claimed by other debug client

	at com.xilinx.sdk.targetmanager.internal.TM.connectToProcessor(Unknown Source)
	at com.xilinx.sdk.debug.core.XilinxAppLaunchConfigurationDelegate.debugApplication(Unknown Source)

23:10:03.838 INFO  - FPGA configured successfully with bitstream "/home/ga38qoh/EDA_Munish/work_dir/dualCore_grayscaleProcessing/videoProcessing_prj/SDK/SDK_Workspace/videoProcessing_prj_hw_platform/system.bit" 
23:16:20.742 ERROR - Unexpected error while launching program. com.xilinx.sdk.targetmanager.TMException: 
    Failed to claim Device 1 for debug. It could be claimed by other debug client

	at com.xilinx.sdk.targetmanager.internal.TM.connectToProcessor(Unknown Source)
	at com.xilinx.sdk.debug.core.XilinxAppLaunchConfigurationDelegate.debugApplication(Unknown Source)

23:16:42.061 INFO  - Processor reset is completed for ps7_cortexa9_0 
23:16:42.161 INFO  - PS initialization will be done as it is not done before. 
23:16:42.162 INFO  - Running PS initialization.... 
23:16:42.285 INFO  - ps7_init is completed. 
23:16:42.385 INFO  - ps7_post_config is completed. 
23:16:42.485 INFO  - PS Initialization is complete. 
23:18:08.669 INFO  - FPGA Cable Disconnected. All active launches will be terminated. 
23:18:08.677 WARN  - Terminating existing sessions on processor ps7_cortexa9_0 
23:19:14.078 ERROR - Unexpected error while launching program. java.lang.RuntimeException: Target selection failed.
	at com.xilinx.sdk.debug.core.XilinxAppLaunchConfigurationDelegate.debugApplication(Unknown Source)
	at com.xilinx.sdk.debug.core.XilinxAppLaunchConfigurationDelegate.launch(Unknown Source)

23:19:30.439 ERROR - Unexpected error while parsing XMD response ￿: com.google.gson.JsonSyntaxException: com.google.gson.stream.MalformedJsonException: invalid number or unquoted string near  
23:20:20.674 INFO  - FPGA configured successfully with bitstream "/home/ga38qoh/EDA_Munish/work_dir/dualCore_grayscaleProcessing/videoProcessing_prj/SDK/SDK_Workspace/videoProcessing_prj_hw_platform/system.bit" 
23:22:23.517 ERROR - Unexpected error while launching program. com.xilinx.sdk.targetmanager.TMException: Error downloading program to target: 
	at com.xilinx.sdk.debug.core.XilinxAppLaunchConfigurationDelegate.loadProgram(Unknown Source)
	at com.xilinx.sdk.debug.core.XilinxAppLaunchConfigurationDelegate.debugApplication(Unknown Source)

23:23:15.140 ERROR - Unexpected error while launching program. com.xilinx.sdk.targetmanager.TMException: Error downloading program to target: 
	at com.xilinx.sdk.debug.core.XilinxAppLaunchConfigurationDelegate.loadProgram(Unknown Source)
	at com.xilinx.sdk.debug.core.XilinxAppLaunchConfigurationDelegate.debugApplication(Unknown Source)

23:23:52.316 INFO  - FPGA configured successfully with bitstream "/home/ga38qoh/EDA_Munish/work_dir/dualCore_grayscaleProcessing/videoProcessing_prj/SDK/SDK_Workspace/videoProcessing_prj_hw_platform/system.bit" 
23:24:21.604 ERROR - Unexpected error while launching program. com.xilinx.sdk.targetmanager.TMException: Error downloading program to target: 
	at com.xilinx.sdk.debug.core.XilinxAppLaunchConfigurationDelegate.loadProgram(Unknown Source)
	at com.xilinx.sdk.debug.core.XilinxAppLaunchConfigurationDelegate.debugApplication(Unknown Source)

00:30:20.778 INFO  - FPGA configured successfully with bitstream "/home/ga38qoh/EDA_Munish/work_dir/dualCore_grayscaleProcessing/videoProcessing_prj/SDK/SDK_Workspace/videoProcessing_prj_hw_platform/system.bit" 
00:30:42.254 ERROR - Unexpected error while launching program. java.lang.RuntimeException: Target selection failed.
	at com.xilinx.sdk.debug.core.XilinxAppLaunchConfigurationDelegate.debugApplication(Unknown Source)
	at com.xilinx.sdk.debug.core.XilinxAppLaunchConfigurationDelegate.launch(Unknown Source)

00:31:01.156 INFO  - ps7_init.tcl file does not exists in HwPlatform 
00:31:01.256 INFO  - Processor reset is completed for ps7_cortexa9_0 
00:31:01.357 INFO  - PS initialization will be done as it is not done before. 
00:31:01.357 INFO  - Running PS initialization.... 
00:31:01.457 ERROR - Unexpected error while launching program. java.lang.RuntimeException: Error while running ps7_init method.
invalid command name "ps7_init"
	at com.xilinx.sdk.targetmanager.internal.TM.run_ps7_init(Unknown Source)
	at com.xilinx.sdk.targetmanager.internal.TM.runPs7Init(Unknown Source)

00:31:32.110 INFO  - Processor reset is completed for ps7_cortexa9_0 
00:31:32.210 INFO  - PS initialization will be done as it is not done before. 
00:31:32.211 INFO  - Running PS initialization.... 
00:31:32.333 INFO  - ps7_init is completed. 
00:31:32.433 INFO  - ps7_post_config is completed. 
00:31:32.533 INFO  - PS Initialization is complete. 
00:43:09.034 INFO  - Processor reset is completed for ps7_cortexa9_0 
00:43:09.134 INFO  - PS initialization will be done as it is not done before. 
00:43:09.135 INFO  - Running PS initialization.... 
00:43:09.252 INFO  - ps7_init is completed. 
00:43:09.352 INFO  - ps7_post_config is completed. 
00:43:09.452 INFO  - PS Initialization is complete. 
00:47:19.655 INFO  - FPGA configured successfully with bitstream "/home/ga38qoh/EDA_Munish/work_dir/dualCore_grayscaleProcessing/videoProcessing_prj/SDK/SDK_Workspace/videoProcessing_prj_hw_platform/system.bit" 
00:51:55.537 INFO  - FPGA configured successfully with bitstream "/home/ga38qoh/EDA_Munish/work_dir/dualCore_grayscaleProcessing/videoProcessing_prj/SDK/SDK_Workspace/videoProcessing_prj_hw_platform/system.bit" 
00:54:04.709 INFO  - FPGA configured successfully with bitstream "/home/ga38qoh/EDA_Munish/work_dir/dualCore_grayscaleProcessing/videoProcessing_prj/SDK/SDK_Workspace/videoProcessing_prj_hw_platform/system.bit" 
00:56:25.902 INFO  - Processor reset is completed for ps7_cortexa9_0 
00:56:26.002 INFO  - PS initialization will be done as it is not done before. 
00:56:26.003 INFO  - Running PS initialization.... 
00:56:26.123 INFO  - ps7_init is completed. 
00:56:26.223 INFO  - ps7_post_config is completed. 
00:56:26.323 INFO  - PS Initialization is complete. 
01:03:13.915 INFO  - FPGA configured successfully with bitstream "/home/ga38qoh/EDA_Munish/work_dir/dualCore_grayscaleProcessing/videoProcessing_prj/SDK/SDK_Workspace/videoProcessing_prj_hw_platform/system.bit" 
01:07:35.717 INFO  - FPGA configured successfully with bitstream "/home/ga38qoh/EDA_Munish/work_dir/dualCore_grayscaleProcessing/videoProcessing_prj/SDK/SDK_Workspace/videoProcessing_prj_hw_platform/system.bit" 
01:17:51.338 INFO  - Processor reset is completed for ps7_cortexa9_0 
01:17:51.438 INFO  - PS initialization will be done as it is not done before. 
01:17:51.439 INFO  - Running PS initialization.... 
01:17:51.556 INFO  - ps7_init is completed. 
01:17:51.656 INFO  - ps7_post_config is completed. 
01:17:51.756 INFO  - PS Initialization is complete. 
01:22:14.970 INFO  - FPGA configured successfully with bitstream "/home/ga38qoh/EDA_Munish/work_dir/dualCore_grayscaleProcessing/videoProcessing_prj/SDK/SDK_Workspace/videoProcessing_prj_hw_platform/system.bit" 
01:26:46.569 INFO  - Processor reset is completed for ps7_cortexa9_0 
01:34:07.137 INFO  - FPGA configured successfully with bitstream "/home/ga38qoh/EDA_Munish/work_dir/dualCore_grayscaleProcessing/videoProcessing_prj/SDK/SDK_Workspace/videoProcessing_prj_hw_platform/system.bit" 
01:39:16.624 ERROR - Unexpected error while parsing XMD response ￿: com.google.gson.JsonSyntaxException: com.google.gson.stream.MalformedJsonException: invalid number or unquoted string near  
14:28:44.796 INFO  - FPGA configured successfully with bitstream "/home/ga38qoh/EDA_Munish/work_dir/dualCore_grayscaleProcessing/videoProcessing_prj/SDK/SDK_Workspace/videoProcessing_prj_hw_platform/system.bit" 
14:33:53.004 WARN  - Since the executable is not downloaded to the target, debugging will start from current PC. 
14:35:17.051 ERROR - Unexpected error while launching program. java.lang.RuntimeException: Target selection failed.
	at com.xilinx.sdk.debug.core.XilinxAppLaunchConfigurationDelegate.debugApplication(Unknown Source)
	at com.xilinx.sdk.debug.core.XilinxAppLaunchConfigurationDelegate.launch(Unknown Source)

14:36:09.776 ERROR - Unexpected error while launching program. java.lang.RuntimeException: Target selection failed.
	at com.xilinx.sdk.debug.core.XilinxAppLaunchConfigurationDelegate.debugApplication(Unknown Source)
	at com.xilinx.sdk.debug.core.XilinxAppLaunchConfigurationDelegate.launch(Unknown Source)

14:40:16.582 WARN  - Since the executable is not downloaded to the target, debugging will start from current PC. 
14:43:05.160 INFO  - FPGA configured successfully with bitstream "/home/ga38qoh/EDA_Munish/work_dir/dualCore_grayscaleProcessing/videoProcessing_prj/SDK/SDK_Workspace/videoProcessing_prj_hw_platform/system.bit" 
14:43:58.046 ERROR - Unexpected error while launching program. java.lang.RuntimeException: Target selection failed.
	at com.xilinx.sdk.debug.core.XilinxAppLaunchConfigurationDelegate.debugApplication(Unknown Source)
	at com.xilinx.sdk.debug.core.XilinxAppLaunchConfigurationDelegate.launch(Unknown Source)

14:44:39.522 ERROR - Unexpected error while launching program. com.xilinx.sdk.targetmanager.TMException: Error downloading program to target: 
	at com.xilinx.sdk.debug.core.XilinxAppLaunchConfigurationDelegate.loadProgram(Unknown Source)
	at com.xilinx.sdk.debug.core.XilinxAppLaunchConfigurationDelegate.debugApplication(Unknown Source)

14:49:01.978 INFO  - FPGA configured successfully with bitstream "/home/ga38qoh/EDA_Munish/work_dir/dualCore_grayscaleProcessing/videoProcessing_prj/SDK/SDK_Workspace/videoProcessing_prj_hw_platform/system.bit" 
14:49:09.356 INFO  - Processor reset is completed for ps7_cortexa9_0 
14:49:09.456 INFO  - PS initialization will be done as it is not done before. 
14:49:09.457 INFO  - Running PS initialization.... 
14:49:09.575 INFO  - ps7_init is completed. 
14:49:09.675 INFO  - ps7_post_config is completed. 
14:49:09.775 INFO  - PS Initialization is complete. 
14:50:58.282 INFO  - Processor reset is completed for ps7_cortexa9_0 
14:52:05.501 ERROR - Unexpected error while launching program. java.lang.RuntimeException: Error in Resetting Target

    Could not stop the processor after reset


	at com.xilinx.sdk.targetmanager.internal.TM.doProcessorReset(Unknown Source)
	at com.xilinx.sdk.debug.core.XilinxAppLaunchConfigurationDelegate.debugApplication(Unknown Source)

14:52:20.403 INFO  - FPGA configured successfully with bitstream "/home/ga38qoh/EDA_Munish/work_dir/dualCore_grayscaleProcessing/videoProcessing_prj/SDK/SDK_Workspace/videoProcessing_prj_hw_platform/system.bit" 
14:52:37.992 INFO  - Processor reset is completed for ps7_cortexa9_0 
14:52:38.092 INFO  - PS initialization will be done as it is not done before. 
14:52:38.093 INFO  - Running PS initialization.... 
14:52:38.216 INFO  - ps7_init is completed. 
14:52:38.316 INFO  - ps7_post_config is completed. 
14:52:38.416 INFO  - PS Initialization is complete. 
14:53:56.899 INFO  - Processor reset is completed for ps7_cortexa9_0 
14:55:44.752 INFO  - Processor reset is completed for ps7_cortexa9_0 
19:45:14.638 INFO  - FPGA configured successfully with bitstream "/home/ga38qoh/EDA_Munish/work_dir/dualCore_grayscaleProcessing/videoProcessing_prj/SDK/SDK_Workspace/videoProcessing_prj_hw_platform/system.bit" 
19:45:41.703 INFO  - System reset is completed. 
19:45:45.869 INFO  - FPGA configured successfully with bitstream "/home/ga38qoh/EDA_Munish/work_dir/dualCore_grayscaleProcessing/videoProcessing_prj/SDK/SDK_Workspace/videoProcessing_prj_hw_platform/system.bit" 
19:45:46.454 INFO  - ps7_init is completed. 
19:45:46.554 INFO  - ps7_post_config is completed. 
19:45:47.044 INFO  - Application is downloaded for ps7_cortexa9_0. (/home/ga38qoh/EDA_Munish/work_dir/dualCore_grayscaleProcessing/videoProcessing_prj/SDK/SDK_Workspace/app_cpu0/Debug/app_cpu0.elf) 
19:47:57.520 INFO  - System reset is completed. 
19:48:02.014 INFO  - FPGA configured successfully with bitstream "/home/ga38qoh/EDA_Munish/work_dir/dualCore_grayscaleProcessing/videoProcessing_prj/SDK/SDK_Workspace/videoProcessing_prj_hw_platform/system.bit" 
19:48:02.607 INFO  - ps7_init is completed. 
19:48:02.707 INFO  - ps7_post_config is completed. 
19:48:03.168 INFO  - Application is downloaded for ps7_cortexa9_0. (/home/ga38qoh/EDA_Munish/work_dir/dualCore_grayscaleProcessing/videoProcessing_prj/SDK/SDK_Workspace/app_cpu0/Debug/app_cpu0.elf) 
19:52:50.879 INFO  - System reset is completed. 
19:52:55.101 INFO  - FPGA configured successfully with bitstream "/home/ga38qoh/EDA_Munish/work_dir/dualCore_grayscaleProcessing/videoProcessing_prj/SDK/SDK_Workspace/videoProcessing_prj_hw_platform/system.bit" 
19:52:55.639 INFO  - ps7_init is completed. 
19:52:55.739 INFO  - ps7_post_config is completed. 
19:52:56.201 INFO  - Application is downloaded for ps7_cortexa9_0. (/home/ga38qoh/EDA_Munish/work_dir/dualCore_grayscaleProcessing/videoProcessing_prj/SDK/SDK_Workspace/app_cpu0/Debug/app_cpu0.elf) 
23:20:29.019 INFO  - System reset is completed. 
23:20:33.568 INFO  - FPGA configured successfully with bitstream "/home/ga38qoh/EDA_Munish/work_dir/dualCore_grayscaleProcessing/videoProcessing_prj/SDK/SDK_Workspace/videoProcessing_prj_hw_platform/system.bit" 
23:20:34.013 INFO  - ps7_init is completed. 
23:20:34.113 INFO  - ps7_post_config is completed. 
23:20:34.570 INFO  - Application is downloaded for ps7_cortexa9_0. (/home/ga38qoh/EDA_Munish/work_dir/dualCore_grayscaleProcessing/videoProcessing_prj/SDK/SDK_Workspace/app_cpu0/Debug/app_cpu0.elf) 
23:33:23.678 INFO  - System reset is completed. 
23:33:28.115 INFO  - FPGA configured successfully with bitstream "/home/ga38qoh/EDA_Munish/work_dir/dualCore_grayscaleProcessing/videoProcessing_prj/SDK/SDK_Workspace/videoProcessing_prj_hw_platform/system.bit" 
23:33:28.672 INFO  - ps7_init is completed. 
23:33:28.772 INFO  - ps7_post_config is completed. 
23:33:29.226 INFO  - Application is downloaded for ps7_cortexa9_0. (/home/ga38qoh/EDA_Munish/work_dir/dualCore_grayscaleProcessing/videoProcessing_prj/SDK/SDK_Workspace/app_cpu0/Debug/app_cpu0.elf) 
23:57:00.837 INFO  - System reset is completed. 
23:57:05.257 INFO  - FPGA configured successfully with bitstream "/home/ga38qoh/EDA_Munish/work_dir/dualCore_grayscaleProcessing/videoProcessing_prj/SDK/SDK_Workspace/videoProcessing_prj_hw_platform/system.bit" 
23:57:05.703 INFO  - ps7_init is completed. 
23:57:05.803 INFO  - ps7_post_config is completed. 
23:57:06.260 INFO  - Application is downloaded for ps7_cortexa9_0. (/home/ga38qoh/EDA_Munish/work_dir/dualCore_grayscaleProcessing/videoProcessing_prj/SDK/SDK_Workspace/app_cpu0/Debug/app_cpu0.elf) 
00:01:53.128 ERROR - Unexpected error while parsing XMD response ￿: com.google.gson.JsonSyntaxException: com.google.gson.stream.MalformedJsonException: invalid number or unquoted string near  
