

================================================================
== Vivado HLS Report for 'dct_1d'
================================================================
* Date:           Fri Mar 13 21:35:22 2015

* Version:        2013.3 (build date: Wed Oct 16 18:12:55 PM 2013)
* Project:        DCT_HLS_Project
* Solution:       solution2
* Product family: zynq zynq_fpv6 
* Target device:  xc7z020clg484-1


================================================================
== Performance Estimates
================================================================
+ Timing (ns): 
    * Summary: 
    +---------+-------+----------+------------+
    |  Clock  | Target| Estimated| Uncertainty|
    +---------+-------+----------+------------+
    |default  |   8.00|      6.38|        1.00|
    +---------+-------+----------+------------+

+ Latency (clock cycles): 
    * Summary: 
    +-----+-----+-----+-----+---------+
    |  Latency  |  Interval | Pipeline|
    | min | max | min | max |   Type  |
    +-----+-----+-----+-----+---------+
    |  105|  105|  105|  105|   none  |
    +-----+-----+-----+-----+---------+

    + Detail: 
        * Instance: 
        N/A

        * Loop: 
        +-------------------+-----+-----+----------+-----------+-----------+------+----------+
        |                   |  Latency  | Iteration|  Initiation Interval  | Trip |          |
        |     Loop Name     | min | max |  Latency |  achieved |   target  | Count| Pipelined|
        +-------------------+-----+-----+----------+-----------+-----------+------+----------+
        |- DCT_Outer_Loop   |  104|  104|        13|          -|          -|     8|    no    |
        | + DCT_Inner_Loop  |   10|   10|         3|          1|          1|     8|    yes   |
        +-------------------+-----+-----+----------+-----------+-----------+------+----------+



================================================================
== Utilization Estimates
================================================================
* Summary: 
+-----------------+---------+-------+--------+-------+
|       Name      | BRAM_18K| DSP48E|   FF   |  LUT  |
+-----------------+---------+-------+--------+-------+
|Expression       |        -|      1|       0|     71|
|FIFO             |        -|      -|       -|      -|
|Instance         |        -|      -|       -|      -|
|Memory           |        1|      -|       -|      -|
|Multiplexer      |        -|      -|       -|     40|
|Register         |        -|      -|     111|      -|
|ShiftMemory      |        -|      -|       -|      -|
+-----------------+---------+-------+--------+-------+
|Total            |        1|      1|     111|    111|
+-----------------+---------+-------+--------+-------+
|Available        |      280|    220|  106400|  53200|
+-----------------+---------+-------+--------+-------+
|Utilization (%)  |    ~0   |   ~0  |   ~0   |   ~0  |
+-----------------+---------+-------+--------+-------+

+ Detail: 
    * Instance: 
    N/A

    * Memory: 
    +-------------------+------------------------+---------+------+-----+------+-------------+
    |       Memory      |         Module         | BRAM_18K| Words| Bits| Banks| W*Bits*Banks|
    +-------------------+------------------------+---------+------+-----+------+-------------+
    |dct_coeff_table_U  |dct_1d_dct_coeff_table  |        1|    64|   15|     1|          960|
    +-------------------+------------------------+---------+------+-----+------+-------------+
    |Total              |                        |        1|    64|   15|     1|          960|
    +-------------------+------------------------+---------+------+-----+------+-------------+

    * FIFO: 
    N/A

    * Shift register: 
    N/A

    * Expression: 
    +---------------------------------+----------+-------+---+----+------------+------------+
    |          Variable Name          | Operation| DSP48E| FF| LUT| Bitwidth P0| Bitwidth P1|
    +---------------------------------+----------+-------+---+----+------------+------------+
    |tmp_8_fu_220_p2                  |     *    |      1|  0|   0|          16|          15|
    |dct_coeff_table_addr7_fu_177_p2  |     +    |      0|  0|   8|           8|           8|
    |k_1_fu_143_p2                    |     +    |      0|  0|   4|           4|           1|
    |n_1_fu_155_p2                    |     +    |      0|  0|   4|           4|           1|
    |p_addr1_fu_199_p2                |     +    |      0|  0|   8|           8|           8|
    |p_addr3_fu_267_p2                |     +    |      0|  0|   8|           8|           8|
    |tmp_2_fu_236_p2                  |     +    |      0|  0|  29|          29|          13|
    |exitcond1_fu_137_p2              |   icmp   |      0|  0|   5|           4|           5|
    |exitcond_fu_149_p2               |   icmp   |      0|  0|   5|           4|           5|
    +---------------------------------+----------+-------+---+----+------------+------------+
    |Total                            |          |      1|  0|  71|          85|          64|
    +---------------------------------+----------+-------+---+----+------------+------------+

    * Multiplexer: 
    +--------------+----+-----------+-----+-----------+
    |     Name     | LUT| Input Size| Bits| Total Bits|
    +--------------+----+-----------+-----+-----------+
    |k_reg_102     |   4|          2|    4|          8|
    |n_reg_114     |   4|          2|    4|          8|
    |tmp1_reg_125  |  32|          2|   32|         64|
    +--------------+----+-----------+-----+-----------+
    |Total         |  40|          6|   40|         80|
    +--------------+----+-----------+-----+-----------+

    * Register: 
    +---------------------------------------+----+-----+-----------+
    |                  Name                 | FF | Bits| Const Bits|
    +---------------------------------------+----+-----+-----------+
    |ap_CS_fsm                              |   2|    2|          0|
    |ap_reg_ppiten_pp0_it0                  |   1|    1|          0|
    |ap_reg_ppiten_pp0_it1                  |   1|    1|          0|
    |ap_reg_ppiten_pp0_it2                  |   1|    1|          0|
    |ap_reg_ppstg_exitcond_reg_296_pp0_it1  |   1|    1|          0|
    |dct_coeff_table_load_reg_315           |  15|   15|          0|
    |exitcond_reg_296                       |   1|    1|          0|
    |k_1_reg_291                            |   4|    4|          0|
    |k_reg_102                              |   4|    4|          0|
    |n_reg_114                              |   4|    4|          0|
    |src_load_reg_320                       |  16|   16|          0|
    |tmp1_reg_125                           |  32|   32|          0|
    |tmp_6_reg_325                          |  29|   29|          0|
    +---------------------------------------+----+-----+-----------+
    |Total                                  | 111|  111|          0|
    +---------------------------------------+----+-----+-----------+



================================================================
== Interface
================================================================
* Summary: 
+--------------+-----+-----+------------+--------------+--------------+
|   RTL Ports  | Dir | Bits|  Protocol  | Source Object|    C Type    |
+--------------+-----+-----+------------+--------------+--------------+
|ap_clk        |  in |    1| ap_ctrl_hs |    dct_1d    | return value |
|ap_rst        |  in |    1| ap_ctrl_hs |    dct_1d    | return value |
|ap_start      |  in |    1| ap_ctrl_hs |    dct_1d    | return value |
|ap_done       | out |    1| ap_ctrl_hs |    dct_1d    | return value |
|ap_idle       | out |    1| ap_ctrl_hs |    dct_1d    | return value |
|ap_ready      | out |    1| ap_ctrl_hs |    dct_1d    | return value |
|src_address0  | out |    6|  ap_memory |      src     |     array    |
|src_ce0       | out |    1|  ap_memory |      src     |     array    |
|src_q0        |  in |   16|  ap_memory |      src     |     array    |
|tmp_1         |  in |    4|   ap_none  |     tmp_1    |    scalar    |
|dst_address0  | out |    6|  ap_memory |      dst     |     array    |
|dst_ce0       | out |    1|  ap_memory |      dst     |     array    |
|dst_we0       | out |    1|  ap_memory |      dst     |     array    |
|dst_d0        | out |   16|  ap_memory |      dst     |     array    |
|tmp_11        |  in |    4|   ap_none  |    tmp_11    |    scalar    |
+--------------+-----+-----+------------+--------------+--------------+

============================================================
+ Verbose Summary: Synthesis Manager
============================================================
InlineROM: 1
ExposeGlobal: 0
============================================================
+ Verbose Summary: CDFG Model
============================================================
IsTopModel: 0
ResetActiveHigh: 1
IsCombinational: 2
IsDatapathOnly: 2
HasWiredReturn: 1
HasMFsm: 0
HasVarLatency: 1
IsPipeline: 0
IsRtlPipelined: 0
IsInstanceOverlapped: 0
IsDontTouch: 0
HasImplIP: 0
IsGatedGlobalClock: 0

+ Individual pipeline summary: 
  * Pipeline-0: initiation interval (II) = 1, depth = 3


============================================================
+ Verbose Summary: Schedule
============================================================
* Number of FSM states: 6
* Pipeline: 1
  Pipeline-0: II = 1, D = 3, States = { 3 4 5 }
* Dataflow Pipeline: 0

* FSM state transitions: 
1 --> 
	2  / true
2 --> 
	3  / (!exitcond1)
3 --> 
	4  / true
4 --> 
	5  / true
5 --> 
	6  / (exitcond)
	3  / (!exitcond)
6 --> 
	2  / true
* FSM state operations: 

 <State 1>: 1.21ns
ST_1: tmp_11_read [1/1] 0.86ns
:0  %tmp_11_read = call i4 @_ssdm_op_Read.ap_auto.i4(i4 %tmp_11)

ST_1: tmp_1_read [1/1] 0.86ns
:1  %tmp_1_read = call i4 @_ssdm_op_Read.ap_auto.i4(i4 %tmp_1)

ST_1: stg_9 [1/1] 1.21ns
:2  br label %1


 <State 2>: 1.88ns
ST_2: k [1/1] 0.00ns
:0  %k = phi i4 [ 0, %0 ], [ %k_1, %5 ]

ST_2: exitcond1 [1/1] 1.88ns
:1  %exitcond1 = icmp eq i4 %k, -8

ST_2: k_1 [1/1] 0.80ns
:2  %k_1 = add i4 %k, 1

ST_2: stg_13 [1/1] 0.00ns
:3  br i1 %exitcond1, label %6, label %2

ST_2: empty [1/1] 0.00ns
:0  %empty = call i32 (...)* @_ssdm_op_SpecLoopTripCount(i64 8, i64 8, i64 8)

ST_2: stg_15 [1/1] 0.00ns
:1  call void (...)* @_ssdm_op_SpecLoopName([15 x i8]* @p_str) nounwind

ST_2: tmp_s [1/1] 0.00ns
:2  %tmp_s = call i32 (...)* @_ssdm_op_SpecRegionBegin([15 x i8]* @p_str) nounwind

ST_2: stg_17 [1/1] 1.57ns
:3  br label %3

ST_2: stg_18 [1/1] 0.00ns
:0  ret void


 <State 3>: 4.11ns
ST_3: n [1/1] 0.00ns
:0  %n = phi i4 [ 0, %2 ], [ %n_1, %4 ]

ST_3: exitcond [1/1] 1.88ns
:3  %exitcond = icmp eq i4 %n, -8

ST_3: n_1 [1/1] 0.80ns
:4  %n_1 = add i4 %n, 1

ST_3: tmp_6_trn5_cast [1/1] 0.00ns
:4  %tmp_6_trn5_cast = zext i4 %n to i8

ST_3: tmp_10 [1/1] 0.00ns
:5  %tmp_10 = call i7 @_ssdm_op_BitConcatenate.i7.i4.i3(i4 %k, i3 0)

ST_3: dct_coeff_table_addr6_cast [1/1] 0.00ns
:6  %dct_coeff_table_addr6_cast = zext i7 %tmp_10 to i8

ST_3: dct_coeff_table_addr7 [1/1] 1.72ns
:7  %dct_coeff_table_addr7 = add i8 %dct_coeff_table_addr6_cast, %tmp_6_trn5_cast

ST_3: tmp_12 [1/1] 0.00ns
:8  %tmp_12 = zext i8 %dct_coeff_table_addr7 to i64

ST_3: dct_coeff_table_addr [1/1] 0.00ns
:9  %dct_coeff_table_addr = getelementptr [64 x i15]* @dct_coeff_table, i64 0, i64 %tmp_12

ST_3: dct_coeff_table_load [2/2] 2.39ns
:10  %dct_coeff_table_load = load i15* %dct_coeff_table_addr, align 2

ST_3: tmp_13 [1/1] 0.00ns
:12  %tmp_13 = call i7 @_ssdm_op_BitConcatenate.i7.i4.i3(i4 %tmp_1_read, i3 0)

ST_3: p_addr_cast [1/1] 0.00ns
:13  %p_addr_cast = zext i7 %tmp_13 to i8

ST_3: p_addr1 [1/1] 1.72ns
:14  %p_addr1 = add i8 %p_addr_cast, %tmp_6_trn5_cast

ST_3: tmp_14 [1/1] 0.00ns
:15  %tmp_14 = zext i8 %p_addr1 to i64

ST_3: src_addr [1/1] 0.00ns
:16  %src_addr = getelementptr [64 x i16]* %src, i64 0, i64 %tmp_14

ST_3: src_load [2/2] 2.39ns
:17  %src_load = load i16* %src_addr, align 2


 <State 4>: 2.39ns
ST_4: dct_coeff_table_load [1/2] 2.39ns
:10  %dct_coeff_table_load = load i15* %dct_coeff_table_addr, align 2

ST_4: src_load [1/2] 2.39ns
:17  %src_load = load i16* %src_addr, align 2


 <State 5>: 6.38ns
ST_5: tmp1 [1/1] 0.00ns
:1  %tmp1 = phi i32 [ 0, %2 ], [ %tmp_5, %4 ]

ST_5: tmp_6 [1/1] 0.00ns
:2  %tmp_6 = trunc i32 %tmp1 to i29

ST_5: stg_39 [1/1] 0.00ns
:5  br i1 %exitcond, label %5, label %4

ST_5: empty_23 [1/1] 0.00ns
:0  %empty_23 = call i32 (...)* @_ssdm_op_SpecLoopTripCount(i64 8, i64 8, i64 8)

ST_5: stg_41 [1/1] 0.00ns
:1  call void (...)* @_ssdm_op_SpecLoopName([15 x i8]* @p_str1) nounwind

ST_5: tmp_9 [1/1] 0.00ns
:2  %tmp_9 = call i32 (...)* @_ssdm_op_SpecRegionBegin([15 x i8]* @p_str1) nounwind

ST_5: stg_43 [1/1] 0.00ns
:3  call void (...)* @_ssdm_op_SpecPipeline(i32 1, i32 1, i32 1, [1 x i8]* @p_str2) nounwind

ST_5: coeff_cast [1/1] 0.00ns
:11  %coeff_cast = sext i15 %dct_coeff_table_load to i31

ST_5: tmp_7_cast [1/1] 0.00ns
:18  %tmp_7_cast = sext i16 %src_load to i31

ST_5: tmp_8 [1/1] 3.36ns
:19  %tmp_8 = mul i31 %tmp_7_cast, %coeff_cast

ST_5: tmp_8_cast [1/1] 0.00ns
:20  %tmp_8_cast = sext i31 %tmp_8 to i32

ST_5: tmp_5 [1/1] 3.02ns
:21  %tmp_5 = add nsw i32 %tmp_8_cast, %tmp1

ST_5: empty_24 [1/1] 0.00ns
:22  %empty_24 = call i32 (...)* @_ssdm_op_SpecRegionEnd([15 x i8]* @p_str1, i32 %tmp_9) nounwind

ST_5: stg_50 [1/1] 0.00ns
:23  br label %3


 <State 6>: 4.83ns
ST_6: tmp_2 [1/1] 2.44ns
:0  %tmp_2 = add i29 %tmp_6, 4096

ST_6: tmp_4 [1/1] 0.00ns
:1  %tmp_4 = call i16 @_ssdm_op_PartSelect.i16.i29.i32.i32(i29 %tmp_2, i32 13, i32 28)

ST_6: tmp_trn_cast [1/1] 0.00ns
:2  %tmp_trn_cast = zext i4 %k to i8

ST_6: tmp [1/1] 0.00ns
:3  %tmp = call i7 @_ssdm_op_BitConcatenate.i7.i4.i3(i4 %tmp_11_read, i3 0)

ST_6: p_addr2_cast [1/1] 0.00ns
:4  %p_addr2_cast = zext i7 %tmp to i8

ST_6: p_addr3 [1/1] 1.72ns
:5  %p_addr3 = add i8 %p_addr2_cast, %tmp_trn_cast

ST_6: tmp_7 [1/1] 0.00ns
:6  %tmp_7 = zext i8 %p_addr3 to i64

ST_6: dst_addr [1/1] 0.00ns
:7  %dst_addr = getelementptr [64 x i16]* %dst, i64 0, i64 %tmp_7

ST_6: stg_59 [1/1] 2.39ns
:8  store i16 %tmp_4, i16* %dst_addr, align 2

ST_6: empty_25 [1/1] 0.00ns
:9  %empty_25 = call i32 (...)* @_ssdm_op_SpecRegionEnd([15 x i8]* @p_str, i32 %tmp_s) nounwind

ST_6: stg_61 [1/1] 0.00ns
:10  br label %1



============================================================
+ Verbose Summary: Binding
============================================================
STG Binding: 
---------------- STG Properties BEGIN ----------------
- Is combinational: 0
- Is one-state seq: 0
- Is datapath-only: 0
- Is clock enabled: 0
- Is pipelined: 0
- Is top level: 0
Port [ Return ] is wired: 1; IO mode=ap_ctrl_hs:ce=0
Port [ src]:  wired=1; compound=1; hidden=0; nouse=0; global=0; static=0; extern=0; dir=0; type=1; mode=0x4286f40; pingpong=0; private_global=0; MemPort=[13]; IO mode=ap_memory:ce=0
Port [ tmp_1]:  wired=1; compound=0; hidden=0; nouse=0; global=0; static=0; extern=0; dir=0; type=0; mode=0x4070320; pingpong=0; private_global=0; IO mode=ap_none:ce=0
Port [ dst]:  wired=1; compound=1; hidden=0; nouse=0; global=0; static=0; extern=0; dir=1; type=1; mode=0x4015c20; pingpong=0; private_global=0; MemPort=[03]; IO mode=ap_memory:ce=0
Port [ tmp_11]:  wired=1; compound=0; hidden=0; nouse=0; global=0; static=0; extern=0; dir=0; type=0; mode=0x40351c0; pingpong=0; private_global=0; IO mode=ap_none:ce=0
Port [ dct_coeff_table]:  wired=0; compound=1; hidden=1; nouse=0; global=1; static=1; extern=0; dir=0; type=1; mode=0x401bdb0; pingpong=0; private_global=1; linkage=7; visibility=0; MemPort=[1]; IO mode=ap_memory:ce=0
---------------- STG Properties END ------------------

---------------- Datapath Model BEGIN ----------------

<LifeTime>
<method=bitvector/>
tmp_11_read                (read             ) [ 0011111]
tmp_1_read                 (read             ) [ 0011111]
stg_9                      (br               ) [ 0111111]
k                          (phi              ) [ 0011111]
exitcond1                  (icmp             ) [ 0011111]
k_1                        (add              ) [ 0111111]
stg_13                     (br               ) [ 0000000]
empty                      (speclooptripcount) [ 0000000]
stg_15                     (specloopname     ) [ 0000000]
tmp_s                      (specregionbegin  ) [ 0001111]
stg_17                     (br               ) [ 0011111]
stg_18                     (ret              ) [ 0000000]
n                          (phi              ) [ 0001000]
exitcond                   (icmp             ) [ 0011111]
n_1                        (add              ) [ 0011111]
tmp_6_trn5_cast            (zext             ) [ 0000000]
tmp_10                     (bitconcatenate   ) [ 0000000]
dct_coeff_table_addr6_cast (zext             ) [ 0000000]
dct_coeff_table_addr7      (add              ) [ 0000000]
tmp_12                     (zext             ) [ 0000000]
dct_coeff_table_addr       (getelementptr    ) [ 0001100]
tmp_13                     (bitconcatenate   ) [ 0000000]
p_addr_cast                (zext             ) [ 0000000]
p_addr1                    (add              ) [ 0000000]
tmp_14                     (zext             ) [ 0000000]
src_addr                   (getelementptr    ) [ 0001100]
dct_coeff_table_load       (load             ) [ 0001010]
src_load                   (load             ) [ 0001010]
tmp1                       (phi              ) [ 0001110]
tmp_6                      (trunc            ) [ 0000001]
stg_39                     (br               ) [ 0000000]
empty_23                   (speclooptripcount) [ 0000000]
stg_41                     (specloopname     ) [ 0000000]
tmp_9                      (specregionbegin  ) [ 0000000]
stg_43                     (specpipeline     ) [ 0000000]
coeff_cast                 (sext             ) [ 0000000]
tmp_7_cast                 (sext             ) [ 0000000]
tmp_8                      (mul              ) [ 0000000]
tmp_8_cast                 (sext             ) [ 0000000]
tmp_5                      (add              ) [ 0011111]
empty_24                   (specregionend    ) [ 0000000]
stg_50                     (br               ) [ 0011111]
tmp_2                      (add              ) [ 0000000]
tmp_4                      (partselect       ) [ 0000000]
tmp_trn_cast               (zext             ) [ 0000000]
tmp                        (bitconcatenate   ) [ 0000000]
p_addr2_cast               (zext             ) [ 0000000]
p_addr3                    (add              ) [ 0000000]
tmp_7                      (zext             ) [ 0000000]
dst_addr                   (getelementptr    ) [ 0000000]
stg_59                     (store            ) [ 0000000]
empty_25                   (specregionend    ) [ 0000000]
stg_61                     (br               ) [ 0111111]
</LifeTime>

<model>

<comp_list>
<comp id="0" class="1000" name="src">
<pin_list>
<pin id="1" dir="1" index="0" bw="1" slack="0"/>
</pin_list>
<bind>
<StgValue><ssdm name="src"/><MemPortTyVec>1 3 </MemPortTyVec>
</StgValue>
</bind>
</comp>

<comp id="2" class="1000" name="tmp_1">
<pin_list>
<pin id="3" dir="1" index="0" bw="1" slack="0"/>
</pin_list>
<bind>
<StgValue><ssdm name="tmp_1"/></StgValue>
</bind>
</comp>

<comp id="4" class="1000" name="dst">
<pin_list>
<pin id="5" dir="1" index="0" bw="1" slack="0"/>
</pin_list>
<bind>
<StgValue><ssdm name="dst"/><MemPortTyVec>0 3 </MemPortTyVec>
</StgValue>
</bind>
</comp>

<comp id="6" class="1000" name="tmp_11">
<pin_list>
<pin id="7" dir="1" index="0" bw="1" slack="0"/>
</pin_list>
<bind>
<StgValue><ssdm name="tmp_11"/></StgValue>
</bind>
</comp>

<comp id="8" class="1000" name="dct_coeff_table">
<pin_list>
<pin id="9" dir="1" index="0" bw="1" slack="0"/>
</pin_list>
<bind>
<StgValue><ssdm name="dct_coeff_table"/><MemPortTyVec>1 </MemPortTyVec>
</StgValue>
</bind>
</comp>

<comp id="10" class="1001" name="const_10">
<pin_list>
<pin id="11" dir="1" index="0" bw="1" slack="0"/>
</pin_list>
<bind>
<StgValue><ssdm name="_ssdm_op_Read.ap_auto.i4"/></StgValue>
</bind>
</comp>

<comp id="12" class="1001" name="const_12">
<pin_list>
<pin id="13" dir="1" index="0" bw="1" slack="1"/>
</pin_list>
<bind>
<StgValue><ssdm name=""/></StgValue>
</bind>
</comp>

<comp id="14" class="1001" name="const_14">
<pin_list>
<pin id="15" dir="1" index="0" bw="1" slack="0"/>
</pin_list>
<bind>
<StgValue><ssdm name=""/></StgValue>
</bind>
</comp>

<comp id="16" class="1001" name="const_16">
<pin_list>
<pin id="17" dir="1" index="0" bw="1" slack="0"/>
</pin_list>
<bind>
<StgValue><ssdm name=""/></StgValue>
</bind>
</comp>

<comp id="18" class="1001" name="const_18">
<pin_list>
<pin id="19" dir="1" index="0" bw="1" slack="2147483647"/>
</pin_list>
<bind>
<StgValue><ssdm name="_ssdm_op_SpecLoopTripCount"/></StgValue>
</bind>
</comp>

<comp id="20" class="1001" name="const_20">
<pin_list>
<pin id="21" dir="1" index="0" bw="1" slack="2147483647"/>
</pin_list>
<bind>
<StgValue><ssdm name=""/></StgValue>
</bind>
</comp>

<comp id="22" class="1001" name="const_22">
<pin_list>
<pin id="23" dir="1" index="0" bw="1" slack="2147483647"/>
</pin_list>
<bind>
<StgValue><ssdm name="_ssdm_op_SpecLoopName"/></StgValue>
</bind>
</comp>

<comp id="24" class="1001" name="const_24">
<pin_list>
<pin id="25" dir="1" index="0" bw="1" slack="2147483647"/>
</pin_list>
<bind>
<StgValue><ssdm name="p_str"/></StgValue>
</bind>
</comp>

<comp id="26" class="1001" name="const_26">
<pin_list>
<pin id="27" dir="1" index="0" bw="1" slack="2147483647"/>
</pin_list>
<bind>
<StgValue><ssdm name="_ssdm_op_SpecRegionBegin"/></StgValue>
</bind>
</comp>

<comp id="28" class="1001" name="const_28">
<pin_list>
<pin id="29" dir="1" index="0" bw="1" slack="0"/>
</pin_list>
<bind>
<StgValue><ssdm name="_ssdm_op_BitConcatenate.i7.i4.i3"/></StgValue>
</bind>
</comp>

<comp id="30" class="1001" name="const_30">
<pin_list>
<pin id="31" dir="1" index="0" bw="1" slack="0"/>
</pin_list>
<bind>
<StgValue><ssdm name=""/></StgValue>
</bind>
</comp>

<comp id="32" class="1001" name="const_32">
<pin_list>
<pin id="33" dir="1" index="0" bw="1" slack="0"/>
</pin_list>
<bind>
<StgValue><ssdm name=""/></StgValue>
</bind>
</comp>

<comp id="34" class="1001" name="const_34">
<pin_list>
<pin id="35" dir="1" index="0" bw="1" slack="3"/>
</pin_list>
<bind>
<StgValue><ssdm name=""/></StgValue>
</bind>
</comp>

<comp id="36" class="1001" name="const_36">
<pin_list>
<pin id="37" dir="1" index="0" bw="1" slack="2147483647"/>
</pin_list>
<bind>
<StgValue><ssdm name="p_str1"/></StgValue>
</bind>
</comp>

<comp id="38" class="1001" name="const_38">
<pin_list>
<pin id="39" dir="1" index="0" bw="1" slack="2147483647"/>
</pin_list>
<bind>
<StgValue><ssdm name="_ssdm_op_SpecPipeline"/></StgValue>
</bind>
</comp>

<comp id="40" class="1001" name="const_40">
<pin_list>
<pin id="41" dir="1" index="0" bw="1" slack="2147483647"/>
</pin_list>
<bind>
<StgValue><ssdm name=""/></StgValue>
</bind>
</comp>

<comp id="42" class="1001" name="const_42">
<pin_list>
<pin id="43" dir="1" index="0" bw="1" slack="2147483647"/>
</pin_list>
<bind>
<StgValue><ssdm name="p_str2"/></StgValue>
</bind>
</comp>

<comp id="44" class="1001" name="const_44">
<pin_list>
<pin id="45" dir="1" index="0" bw="1" slack="2147483647"/>
</pin_list>
<bind>
<StgValue><ssdm name="_ssdm_op_SpecRegionEnd"/></StgValue>
</bind>
</comp>

<comp id="46" class="1001" name="const_46">
<pin_list>
<pin id="47" dir="1" index="0" bw="1" slack="0"/>
</pin_list>
<bind>
<StgValue><ssdm name=""/></StgValue>
</bind>
</comp>

<comp id="48" class="1001" name="const_48">
<pin_list>
<pin id="49" dir="1" index="0" bw="1" slack="0"/>
</pin_list>
<bind>
<StgValue><ssdm name="_ssdm_op_PartSelect.i16.i29.i32.i32"/></StgValue>
</bind>
</comp>

<comp id="50" class="1001" name="const_50">
<pin_list>
<pin id="51" dir="1" index="0" bw="1" slack="0"/>
</pin_list>
<bind>
<StgValue><ssdm name=""/></StgValue>
</bind>
</comp>

<comp id="52" class="1001" name="const_52">
<pin_list>
<pin id="53" dir="1" index="0" bw="1" slack="0"/>
</pin_list>
<bind>
<StgValue><ssdm name=""/></StgValue>
</bind>
</comp>

<comp id="54" class="1004" name="tmp_11_read_read_fu_54">
<pin_list>
<pin id="55" dir="0" index="0" bw="4" slack="0"/>
<pin id="56" dir="0" index="1" bw="4" slack="0"/>
<pin id="57" dir="1" index="2" bw="4" slack="5"/>
</pin_list>
<bind>
<opcode="read(1150) " fcode="read"/>
<opset="tmp_11_read/1 "/>
</bind>
</comp>

<comp id="60" class="1004" name="tmp_1_read_read_fu_60">
<pin_list>
<pin id="61" dir="0" index="0" bw="4" slack="0"/>
<pin id="62" dir="0" index="1" bw="4" slack="0"/>
<pin id="63" dir="1" index="2" bw="4" slack="2"/>
</pin_list>
<bind>
<opcode="read(1150) " fcode="read"/>
<opset="tmp_1_read/1 "/>
</bind>
</comp>

<comp id="66" class="1004" name="dct_coeff_table_addr_gep_fu_66">
<pin_list>
<pin id="67" dir="0" index="0" bw="15" slack="0"/>
<pin id="68" dir="0" index="1" bw="1" slack="0"/>
<pin id="69" dir="0" index="2" bw="8" slack="0"/>
<pin id="70" dir="1" index="3" bw="6" slack="0"/>
</pin_list>
<bind>
<opcode="getelementptr(29) " fcode="getelementptr"/>
<opset="dct_coeff_table_addr/3 "/>
</bind>
</comp>

<comp id="73" class="1004" name="grp_access_fu_73">
<pin_list>
<pin id="74" dir="0" index="0" bw="6" slack="0"/>
<pin id="75" dir="0" index="1" bw="15" slack="2147483647"/>
<pin id="76" dir="1" index="2" bw="15" slack="1"/>
</pin_list>
<bind>
<opcode="load(27) " fcode="load"/>
<opset="dct_coeff_table_load/3 "/>
</bind>
</comp>

<comp id="78" class="1004" name="src_addr_gep_fu_78">
<pin_list>
<pin id="79" dir="0" index="0" bw="16" slack="0"/>
<pin id="80" dir="0" index="1" bw="1" slack="0"/>
<pin id="81" dir="0" index="2" bw="8" slack="0"/>
<pin id="82" dir="1" index="3" bw="6" slack="0"/>
</pin_list>
<bind>
<opcode="getelementptr(29) " fcode="getelementptr"/>
<opset="src_addr/3 "/>
</bind>
</comp>

<comp id="85" class="1004" name="grp_access_fu_85">
<pin_list>
<pin id="86" dir="0" index="0" bw="6" slack="0"/>
<pin id="87" dir="0" index="1" bw="16" slack="2147483647"/>
<pin id="88" dir="1" index="2" bw="16" slack="1"/>
</pin_list>
<bind>
<opcode="load(27) " fcode="load"/>
<opset="src_load/3 "/>
</bind>
</comp>

<comp id="90" class="1004" name="dst_addr_gep_fu_90">
<pin_list>
<pin id="91" dir="0" index="0" bw="16" slack="0"/>
<pin id="92" dir="0" index="1" bw="1" slack="0"/>
<pin id="93" dir="0" index="2" bw="8" slack="0"/>
<pin id="94" dir="1" index="3" bw="6" slack="0"/>
</pin_list>
<bind>
<opcode="getelementptr(29) " fcode="getelementptr"/>
<opset="dst_addr/6 "/>
</bind>
</comp>

<comp id="97" class="1004" name="stg_59_access_fu_97">
<pin_list>
<pin id="98" dir="0" index="0" bw="6" slack="0"/>
<pin id="99" dir="0" index="1" bw="16" slack="0"/>
<pin id="100" dir="1" index="2" bw="16" slack="2147483647"/>
</pin_list>
<bind>
<opcode="store(28) " fcode="store"/>
<opset="stg_59/6 "/>
</bind>
</comp>

<comp id="102" class="1005" name="k_reg_102">
<pin_list>
<pin id="103" dir="0" index="0" bw="4" slack="1"/>
<pin id="104" dir="1" index="1" bw="4" slack="1"/>
</pin_list>
<bind>
<opset="k (phireg) "/>
</bind>
</comp>

<comp id="106" class="1004" name="k_phi_fu_106">
<pin_list>
<pin id="107" dir="0" index="0" bw="1" slack="1"/>
<pin id="108" dir="0" index="1" bw="0" slack="2147483647"/>
<pin id="109" dir="0" index="2" bw="4" slack="0"/>
<pin id="110" dir="0" index="3" bw="0" slack="2147483647"/>
<pin id="111" dir="1" index="4" bw="4" slack="0"/>
</pin_list>
<bind>
<opcode="phi(47) " fcode="phi"/>
<opset="k/2 "/>
</bind>
</comp>

<comp id="114" class="1005" name="n_reg_114">
<pin_list>
<pin id="115" dir="0" index="0" bw="4" slack="1"/>
<pin id="116" dir="1" index="1" bw="4" slack="1"/>
</pin_list>
<bind>
<opset="n (phireg) "/>
</bind>
</comp>

<comp id="118" class="1004" name="n_phi_fu_118">
<pin_list>
<pin id="119" dir="0" index="0" bw="1" slack="1"/>
<pin id="120" dir="0" index="1" bw="0" slack="2147483647"/>
<pin id="121" dir="0" index="2" bw="4" slack="0"/>
<pin id="122" dir="0" index="3" bw="0" slack="2147483647"/>
<pin id="123" dir="1" index="4" bw="4" slack="0"/>
</pin_list>
<bind>
<opcode="phi(47) " fcode="phi"/>
<opset="n/3 "/>
</bind>
</comp>

<comp id="125" class="1005" name="tmp1_reg_125">
<pin_list>
<pin id="126" dir="0" index="0" bw="32" slack="3"/>
<pin id="127" dir="1" index="1" bw="32" slack="3"/>
</pin_list>
<bind>
<opset="tmp1 (phireg) "/>
</bind>
</comp>

<comp id="129" class="1004" name="tmp1_phi_fu_129">
<pin_list>
<pin id="130" dir="0" index="0" bw="1" slack="3"/>
<pin id="131" dir="0" index="1" bw="0" slack="2147483647"/>
<pin id="132" dir="0" index="2" bw="32" slack="0"/>
<pin id="133" dir="0" index="3" bw="0" slack="2147483647"/>
<pin id="134" dir="1" index="4" bw="32" slack="0"/>
</pin_list>
<bind>
<opcode="phi(47) " fcode="phi"/>
<opset="tmp1/5 "/>
</bind>
</comp>

<comp id="137" class="1004" name="exitcond1_fu_137">
<pin_list>
<pin id="138" dir="0" index="0" bw="4" slack="0"/>
<pin id="139" dir="0" index="1" bw="4" slack="0"/>
<pin id="140" dir="1" index="2" bw="1" slack="2147483647"/>
</pin_list>
<bind>
<opcode="icmp(45) " fcode="icmp"/>
<opset="exitcond1/2 "/>
</bind>
</comp>

<comp id="143" class="1004" name="k_1_fu_143">
<pin_list>
<pin id="144" dir="0" index="0" bw="4" slack="0"/>
<pin id="145" dir="0" index="1" bw="1" slack="0"/>
<pin id="146" dir="1" index="2" bw="4" slack="0"/>
</pin_list>
<bind>
<opcode="add(8) " fcode="add"/>
<opset="k_1/2 "/>
</bind>
</comp>

<comp id="149" class="1004" name="exitcond_fu_149">
<pin_list>
<pin id="150" dir="0" index="0" bw="4" slack="0"/>
<pin id="151" dir="0" index="1" bw="4" slack="0"/>
<pin id="152" dir="1" index="2" bw="1" slack="1"/>
</pin_list>
<bind>
<opcode="icmp(45) " fcode="icmp"/>
<opset="exitcond/3 "/>
</bind>
</comp>

<comp id="155" class="1004" name="n_1_fu_155">
<pin_list>
<pin id="156" dir="0" index="0" bw="4" slack="0"/>
<pin id="157" dir="0" index="1" bw="1" slack="0"/>
<pin id="158" dir="1" index="2" bw="4" slack="0"/>
</pin_list>
<bind>
<opcode="add(8) " fcode="add"/>
<opset="n_1/3 "/>
</bind>
</comp>

<comp id="161" class="1004" name="tmp_6_trn5_cast_fu_161">
<pin_list>
<pin id="162" dir="0" index="0" bw="4" slack="0"/>
<pin id="163" dir="1" index="1" bw="8" slack="0"/>
</pin_list>
<bind>
<opcode="zext(34) " fcode="zext"/>
<opset="tmp_6_trn5_cast/3 "/>
</bind>
</comp>

<comp id="165" class="1004" name="tmp_10_fu_165">
<pin_list>
<pin id="166" dir="0" index="0" bw="7" slack="0"/>
<pin id="167" dir="0" index="1" bw="4" slack="1"/>
<pin id="168" dir="0" index="2" bw="1" slack="0"/>
<pin id="169" dir="1" index="3" bw="7" slack="0"/>
</pin_list>
<bind>
<opcode="bitconcatenate(1004) " fcode="bitconcatenate"/>
<opset="tmp_10/3 "/>
</bind>
</comp>

<comp id="173" class="1004" name="dct_coeff_table_addr6_cast_fu_173">
<pin_list>
<pin id="174" dir="0" index="0" bw="7" slack="0"/>
<pin id="175" dir="1" index="1" bw="8" slack="0"/>
</pin_list>
<bind>
<opcode="zext(34) " fcode="zext"/>
<opset="dct_coeff_table_addr6_cast/3 "/>
</bind>
</comp>

<comp id="177" class="1004" name="dct_coeff_table_addr7_fu_177">
<pin_list>
<pin id="178" dir="0" index="0" bw="7" slack="0"/>
<pin id="179" dir="0" index="1" bw="4" slack="0"/>
<pin id="180" dir="1" index="2" bw="8" slack="0"/>
</pin_list>
<bind>
<opcode="add(8) " fcode="add"/>
<opset="dct_coeff_table_addr7/3 "/>
</bind>
</comp>

<comp id="183" class="1004" name="tmp_12_fu_183">
<pin_list>
<pin id="184" dir="0" index="0" bw="8" slack="0"/>
<pin id="185" dir="1" index="1" bw="64" slack="0"/>
</pin_list>
<bind>
<opcode="zext(34) " fcode="zext"/>
<opset="tmp_12/3 "/>
</bind>
</comp>

<comp id="188" class="1004" name="tmp_13_fu_188">
<pin_list>
<pin id="189" dir="0" index="0" bw="7" slack="0"/>
<pin id="190" dir="0" index="1" bw="4" slack="2"/>
<pin id="191" dir="0" index="2" bw="1" slack="0"/>
<pin id="192" dir="1" index="3" bw="7" slack="0"/>
</pin_list>
<bind>
<opcode="bitconcatenate(1004) " fcode="bitconcatenate"/>
<opset="tmp_13/3 "/>
</bind>
</comp>

<comp id="195" class="1004" name="p_addr_cast_fu_195">
<pin_list>
<pin id="196" dir="0" index="0" bw="7" slack="0"/>
<pin id="197" dir="1" index="1" bw="8" slack="0"/>
</pin_list>
<bind>
<opcode="zext(34) " fcode="zext"/>
<opset="p_addr_cast/3 "/>
</bind>
</comp>

<comp id="199" class="1004" name="p_addr1_fu_199">
<pin_list>
<pin id="200" dir="0" index="0" bw="7" slack="0"/>
<pin id="201" dir="0" index="1" bw="4" slack="0"/>
<pin id="202" dir="1" index="2" bw="8" slack="0"/>
</pin_list>
<bind>
<opcode="add(8) " fcode="add"/>
<opset="p_addr1/3 "/>
</bind>
</comp>

<comp id="205" class="1004" name="tmp_14_fu_205">
<pin_list>
<pin id="206" dir="0" index="0" bw="8" slack="0"/>
<pin id="207" dir="1" index="1" bw="64" slack="0"/>
</pin_list>
<bind>
<opcode="zext(34) " fcode="zext"/>
<opset="tmp_14/3 "/>
</bind>
</comp>

<comp id="210" class="1004" name="tmp_6_fu_210">
<pin_list>
<pin id="211" dir="0" index="0" bw="32" slack="0"/>
<pin id="212" dir="1" index="1" bw="29" slack="1"/>
</pin_list>
<bind>
<opcode="trunc(33) " fcode="trunc"/>
<opset="tmp_6/5 "/>
</bind>
</comp>

<comp id="214" class="1004" name="coeff_cast_fu_214">
<pin_list>
<pin id="215" dir="0" index="0" bw="15" slack="1"/>
<pin id="216" dir="1" index="1" bw="31" slack="0"/>
</pin_list>
<bind>
<opcode="sext(35) " fcode="sext"/>
<opset="coeff_cast/5 "/>
</bind>
</comp>

<comp id="217" class="1004" name="tmp_7_cast_fu_217">
<pin_list>
<pin id="218" dir="0" index="0" bw="16" slack="1"/>
<pin id="219" dir="1" index="1" bw="31" slack="0"/>
</pin_list>
<bind>
<opcode="sext(35) " fcode="sext"/>
<opset="tmp_7_cast/5 "/>
</bind>
</comp>

<comp id="220" class="1004" name="tmp_8_fu_220">
<pin_list>
<pin id="221" dir="0" index="0" bw="16" slack="0"/>
<pin id="222" dir="0" index="1" bw="15" slack="0"/>
<pin id="223" dir="1" index="2" bw="31" slack="0"/>
</pin_list>
<bind>
<opcode="mul(12) " fcode="mul"/>
<opset="tmp_8/5 "/>
</bind>
</comp>

<comp id="226" class="1004" name="tmp_8_cast_fu_226">
<pin_list>
<pin id="227" dir="0" index="0" bw="31" slack="0"/>
<pin id="228" dir="1" index="1" bw="32" slack="0"/>
</pin_list>
<bind>
<opcode="sext(35) " fcode="sext"/>
<opset="tmp_8_cast/5 "/>
</bind>
</comp>

<comp id="230" class="1004" name="tmp_5_fu_230">
<pin_list>
<pin id="231" dir="0" index="0" bw="31" slack="0"/>
<pin id="232" dir="0" index="1" bw="32" slack="0"/>
<pin id="233" dir="1" index="2" bw="32" slack="0"/>
</pin_list>
<bind>
<opcode="add(8) " fcode="add"/>
<opset="tmp_5/5 "/>
</bind>
</comp>

<comp id="236" class="1004" name="tmp_2_fu_236">
<pin_list>
<pin id="237" dir="0" index="0" bw="29" slack="1"/>
<pin id="238" dir="0" index="1" bw="14" slack="0"/>
<pin id="239" dir="1" index="2" bw="29" slack="0"/>
</pin_list>
<bind>
<opcode="add(8) " fcode="add"/>
<opset="tmp_2/6 "/>
</bind>
</comp>

<comp id="241" class="1004" name="tmp_4_fu_241">
<pin_list>
<pin id="242" dir="0" index="0" bw="16" slack="0"/>
<pin id="243" dir="0" index="1" bw="29" slack="0"/>
<pin id="244" dir="0" index="2" bw="5" slack="0"/>
<pin id="245" dir="0" index="3" bw="6" slack="0"/>
<pin id="246" dir="1" index="4" bw="16" slack="0"/>
</pin_list>
<bind>
<opcode="partselect(1002) " fcode="partselect"/>
<opset="tmp_4/6 "/>
</bind>
</comp>

<comp id="252" class="1004" name="tmp_trn_cast_fu_252">
<pin_list>
<pin id="253" dir="0" index="0" bw="4" slack="4"/>
<pin id="254" dir="1" index="1" bw="8" slack="0"/>
</pin_list>
<bind>
<opcode="zext(34) " fcode="zext"/>
<opset="tmp_trn_cast/6 "/>
</bind>
</comp>

<comp id="256" class="1004" name="tmp_fu_256">
<pin_list>
<pin id="257" dir="0" index="0" bw="7" slack="0"/>
<pin id="258" dir="0" index="1" bw="4" slack="5"/>
<pin id="259" dir="0" index="2" bw="1" slack="0"/>
<pin id="260" dir="1" index="3" bw="7" slack="0"/>
</pin_list>
<bind>
<opcode="bitconcatenate(1004) " fcode="bitconcatenate"/>
<opset="tmp/6 "/>
</bind>
</comp>

<comp id="263" class="1004" name="p_addr2_cast_fu_263">
<pin_list>
<pin id="264" dir="0" index="0" bw="7" slack="0"/>
<pin id="265" dir="1" index="1" bw="8" slack="0"/>
</pin_list>
<bind>
<opcode="zext(34) " fcode="zext"/>
<opset="p_addr2_cast/6 "/>
</bind>
</comp>

<comp id="267" class="1004" name="p_addr3_fu_267">
<pin_list>
<pin id="268" dir="0" index="0" bw="7" slack="0"/>
<pin id="269" dir="0" index="1" bw="4" slack="0"/>
<pin id="270" dir="1" index="2" bw="8" slack="0"/>
</pin_list>
<bind>
<opcode="add(8) " fcode="add"/>
<opset="p_addr3/6 "/>
</bind>
</comp>

<comp id="273" class="1004" name="tmp_7_fu_273">
<pin_list>
<pin id="274" dir="0" index="0" bw="8" slack="0"/>
<pin id="275" dir="1" index="1" bw="64" slack="0"/>
</pin_list>
<bind>
<opcode="zext(34) " fcode="zext"/>
<opset="tmp_7/6 "/>
</bind>
</comp>

<comp id="278" class="1005" name="tmp_11_read_reg_278">
<pin_list>
<pin id="279" dir="0" index="0" bw="4" slack="5"/>
<pin id="280" dir="1" index="1" bw="4" slack="5"/>
</pin_list>
<bind>
<opset="tmp_11_read "/>
</bind>
</comp>

<comp id="283" class="1005" name="tmp_1_read_reg_283">
<pin_list>
<pin id="284" dir="0" index="0" bw="4" slack="2"/>
<pin id="285" dir="1" index="1" bw="4" slack="2"/>
</pin_list>
<bind>
<opset="tmp_1_read "/>
</bind>
</comp>

<comp id="291" class="1005" name="k_1_reg_291">
<pin_list>
<pin id="292" dir="0" index="0" bw="4" slack="0"/>
<pin id="293" dir="1" index="1" bw="4" slack="0"/>
</pin_list>
<bind>
<opset="k_1 "/>
</bind>
</comp>

<comp id="296" class="1005" name="exitcond_reg_296">
<pin_list>
<pin id="297" dir="0" index="0" bw="1" slack="1"/>
<pin id="298" dir="1" index="1" bw="1" slack="2147483647"/>
</pin_list>
<bind>
<opset="exitcond "/>
</bind>
</comp>

<comp id="300" class="1005" name="n_1_reg_300">
<pin_list>
<pin id="301" dir="0" index="0" bw="4" slack="0"/>
<pin id="302" dir="1" index="1" bw="4" slack="0"/>
</pin_list>
<bind>
<opset="n_1 "/>
</bind>
</comp>

<comp id="305" class="1005" name="dct_coeff_table_addr_reg_305">
<pin_list>
<pin id="306" dir="0" index="0" bw="6" slack="1"/>
<pin id="307" dir="1" index="1" bw="6" slack="1"/>
</pin_list>
<bind>
<opset="dct_coeff_table_addr "/>
</bind>
</comp>

<comp id="310" class="1005" name="src_addr_reg_310">
<pin_list>
<pin id="311" dir="0" index="0" bw="6" slack="1"/>
<pin id="312" dir="1" index="1" bw="6" slack="1"/>
</pin_list>
<bind>
<opset="src_addr "/>
</bind>
</comp>

<comp id="315" class="1005" name="dct_coeff_table_load_reg_315">
<pin_list>
<pin id="316" dir="0" index="0" bw="15" slack="1"/>
<pin id="317" dir="1" index="1" bw="15" slack="1"/>
</pin_list>
<bind>
<opset="dct_coeff_table_load "/>
</bind>
</comp>

<comp id="320" class="1005" name="src_load_reg_320">
<pin_list>
<pin id="321" dir="0" index="0" bw="16" slack="1"/>
<pin id="322" dir="1" index="1" bw="16" slack="1"/>
</pin_list>
<bind>
<opset="src_load "/>
</bind>
</comp>

<comp id="325" class="1005" name="tmp_6_reg_325">
<pin_list>
<pin id="326" dir="0" index="0" bw="29" slack="1"/>
<pin id="327" dir="1" index="1" bw="29" slack="1"/>
</pin_list>
<bind>
<opset="tmp_6 "/>
</bind>
</comp>

<comp id="330" class="1005" name="tmp_5_reg_330">
<pin_list>
<pin id="331" dir="0" index="0" bw="32" slack="0"/>
<pin id="332" dir="1" index="1" bw="32" slack="0"/>
</pin_list>
<bind>
<opset="tmp_5 "/>
</bind>
</comp>

</comp_list>

<net_list>
<net id="58"><net_src comp="10" pin="0"/><net_sink comp="54" pin=0"/></net>

<net id="59"><net_src comp="6" pin="0"/><net_sink comp="54" pin=1"/></net>

<net id="64"><net_src comp="10" pin="0"/><net_sink comp="60" pin=0"/></net>

<net id="65"><net_src comp="2" pin="0"/><net_sink comp="60" pin=1"/></net>

<net id="71"><net_src comp="8" pin="0"/><net_sink comp="66" pin=0"/></net>

<net id="72"><net_src comp="32" pin="0"/><net_sink comp="66" pin=1"/></net>

<net id="77"><net_src comp="66" pin="3"/><net_sink comp="73" pin=0"/></net>

<net id="83"><net_src comp="0" pin="0"/><net_sink comp="78" pin=0"/></net>

<net id="84"><net_src comp="32" pin="0"/><net_sink comp="78" pin=1"/></net>

<net id="89"><net_src comp="78" pin="3"/><net_sink comp="85" pin=0"/></net>

<net id="95"><net_src comp="4" pin="0"/><net_sink comp="90" pin=0"/></net>

<net id="96"><net_src comp="32" pin="0"/><net_sink comp="90" pin=1"/></net>

<net id="101"><net_src comp="90" pin="3"/><net_sink comp="97" pin=0"/></net>

<net id="105"><net_src comp="12" pin="0"/><net_sink comp="102" pin=0"/></net>

<net id="112"><net_src comp="102" pin="1"/><net_sink comp="106" pin=0"/></net>

<net id="113"><net_src comp="106" pin="4"/><net_sink comp="102" pin=0"/></net>

<net id="117"><net_src comp="12" pin="0"/><net_sink comp="114" pin=0"/></net>

<net id="124"><net_src comp="114" pin="1"/><net_sink comp="118" pin=0"/></net>

<net id="128"><net_src comp="34" pin="0"/><net_sink comp="125" pin=0"/></net>

<net id="135"><net_src comp="125" pin="1"/><net_sink comp="129" pin=0"/></net>

<net id="141"><net_src comp="106" pin="4"/><net_sink comp="137" pin=0"/></net>

<net id="142"><net_src comp="14" pin="0"/><net_sink comp="137" pin=1"/></net>

<net id="147"><net_src comp="106" pin="4"/><net_sink comp="143" pin=0"/></net>

<net id="148"><net_src comp="16" pin="0"/><net_sink comp="143" pin=1"/></net>

<net id="153"><net_src comp="118" pin="4"/><net_sink comp="149" pin=0"/></net>

<net id="154"><net_src comp="14" pin="0"/><net_sink comp="149" pin=1"/></net>

<net id="159"><net_src comp="118" pin="4"/><net_sink comp="155" pin=0"/></net>

<net id="160"><net_src comp="16" pin="0"/><net_sink comp="155" pin=1"/></net>

<net id="164"><net_src comp="118" pin="4"/><net_sink comp="161" pin=0"/></net>

<net id="170"><net_src comp="28" pin="0"/><net_sink comp="165" pin=0"/></net>

<net id="171"><net_src comp="102" pin="1"/><net_sink comp="165" pin=1"/></net>

<net id="172"><net_src comp="30" pin="0"/><net_sink comp="165" pin=2"/></net>

<net id="176"><net_src comp="165" pin="3"/><net_sink comp="173" pin=0"/></net>

<net id="181"><net_src comp="173" pin="1"/><net_sink comp="177" pin=0"/></net>

<net id="182"><net_src comp="161" pin="1"/><net_sink comp="177" pin=1"/></net>

<net id="186"><net_src comp="177" pin="2"/><net_sink comp="183" pin=0"/></net>

<net id="187"><net_src comp="183" pin="1"/><net_sink comp="66" pin=2"/></net>

<net id="193"><net_src comp="28" pin="0"/><net_sink comp="188" pin=0"/></net>

<net id="194"><net_src comp="30" pin="0"/><net_sink comp="188" pin=2"/></net>

<net id="198"><net_src comp="188" pin="3"/><net_sink comp="195" pin=0"/></net>

<net id="203"><net_src comp="195" pin="1"/><net_sink comp="199" pin=0"/></net>

<net id="204"><net_src comp="161" pin="1"/><net_sink comp="199" pin=1"/></net>

<net id="208"><net_src comp="199" pin="2"/><net_sink comp="205" pin=0"/></net>

<net id="209"><net_src comp="205" pin="1"/><net_sink comp="78" pin=2"/></net>

<net id="213"><net_src comp="129" pin="4"/><net_sink comp="210" pin=0"/></net>

<net id="224"><net_src comp="217" pin="1"/><net_sink comp="220" pin=0"/></net>

<net id="225"><net_src comp="214" pin="1"/><net_sink comp="220" pin=1"/></net>

<net id="229"><net_src comp="220" pin="2"/><net_sink comp="226" pin=0"/></net>

<net id="234"><net_src comp="226" pin="1"/><net_sink comp="230" pin=0"/></net>

<net id="235"><net_src comp="129" pin="4"/><net_sink comp="230" pin=1"/></net>

<net id="240"><net_src comp="46" pin="0"/><net_sink comp="236" pin=1"/></net>

<net id="247"><net_src comp="48" pin="0"/><net_sink comp="241" pin=0"/></net>

<net id="248"><net_src comp="236" pin="2"/><net_sink comp="241" pin=1"/></net>

<net id="249"><net_src comp="50" pin="0"/><net_sink comp="241" pin=2"/></net>

<net id="250"><net_src comp="52" pin="0"/><net_sink comp="241" pin=3"/></net>

<net id="251"><net_src comp="241" pin="4"/><net_sink comp="97" pin=1"/></net>

<net id="255"><net_src comp="102" pin="1"/><net_sink comp="252" pin=0"/></net>

<net id="261"><net_src comp="28" pin="0"/><net_sink comp="256" pin=0"/></net>

<net id="262"><net_src comp="30" pin="0"/><net_sink comp="256" pin=2"/></net>

<net id="266"><net_src comp="256" pin="3"/><net_sink comp="263" pin=0"/></net>

<net id="271"><net_src comp="263" pin="1"/><net_sink comp="267" pin=0"/></net>

<net id="272"><net_src comp="252" pin="1"/><net_sink comp="267" pin=1"/></net>

<net id="276"><net_src comp="267" pin="2"/><net_sink comp="273" pin=0"/></net>

<net id="277"><net_src comp="273" pin="1"/><net_sink comp="90" pin=2"/></net>

<net id="281"><net_src comp="54" pin="2"/><net_sink comp="278" pin=0"/></net>

<net id="282"><net_src comp="278" pin="1"/><net_sink comp="256" pin=1"/></net>

<net id="286"><net_src comp="60" pin="2"/><net_sink comp="283" pin=0"/></net>

<net id="287"><net_src comp="283" pin="1"/><net_sink comp="188" pin=1"/></net>

<net id="294"><net_src comp="143" pin="2"/><net_sink comp="291" pin=0"/></net>

<net id="295"><net_src comp="291" pin="1"/><net_sink comp="106" pin=2"/></net>

<net id="299"><net_src comp="149" pin="2"/><net_sink comp="296" pin=0"/></net>

<net id="303"><net_src comp="155" pin="2"/><net_sink comp="300" pin=0"/></net>

<net id="304"><net_src comp="300" pin="1"/><net_sink comp="118" pin=2"/></net>

<net id="308"><net_src comp="66" pin="3"/><net_sink comp="305" pin=0"/></net>

<net id="309"><net_src comp="305" pin="1"/><net_sink comp="73" pin=0"/></net>

<net id="313"><net_src comp="78" pin="3"/><net_sink comp="310" pin=0"/></net>

<net id="314"><net_src comp="310" pin="1"/><net_sink comp="85" pin=0"/></net>

<net id="318"><net_src comp="73" pin="2"/><net_sink comp="315" pin=0"/></net>

<net id="319"><net_src comp="315" pin="1"/><net_sink comp="214" pin=0"/></net>

<net id="323"><net_src comp="85" pin="2"/><net_sink comp="320" pin=0"/></net>

<net id="324"><net_src comp="320" pin="1"/><net_sink comp="217" pin=0"/></net>

<net id="328"><net_src comp="210" pin="1"/><net_sink comp="325" pin=0"/></net>

<net id="329"><net_src comp="325" pin="1"/><net_sink comp="236" pin=0"/></net>

<net id="333"><net_src comp="230" pin="2"/><net_sink comp="330" pin=0"/></net>

<net id="334"><net_src comp="330" pin="1"/><net_sink comp="129" pin=2"/></net>

</net_list>

</model> 
---------------- Datapath Model END ------------------

* FSMD analyzer results:
  - Output states:
	Port: src | {}
	Port: dct_coeff_table | {}
  - Chain level:
	State 1
	State 2
		exitcond1 : 1
		k_1 : 1
		stg_13 : 2
	State 3
		exitcond : 1
		n_1 : 1
		tmp_6_trn5_cast : 1
		dct_coeff_table_addr6_cast : 1
		dct_coeff_table_addr7 : 2
		tmp_12 : 3
		dct_coeff_table_addr : 4
		dct_coeff_table_load : 5
		p_addr_cast : 1
		p_addr1 : 2
		tmp_14 : 3
		src_addr : 4
		src_load : 5
	State 4
	State 5
		tmp_6 : 1
		tmp_8 : 1
		tmp_8_cast : 2
		tmp_5 : 3
		empty_24 : 1
	State 6
		tmp_4 : 1
		p_addr2_cast : 1
		p_addr3 : 2
		tmp_7 : 3
		dst_addr : 4
		stg_59 : 5


============================================================
+ Verbose Summary: Datapath Resource usage 
============================================================

* Functional unit list:
|----------|-----------------------------------|---------|---------|
| Operation|          Functional Unit          |    FF   |   LUT   |
|----------|-----------------------------------|---------|---------|
|          |             k_1_fu_143            |    0    |    4    |
|          |             n_1_fu_155            |    0    |    4    |
|          |    dct_coeff_table_addr7_fu_177   |    0    |    7    |
|    add   |           p_addr1_fu_199          |    0    |    7    |
|          |            tmp_5_fu_230           |    0    |    0    |
|          |            tmp_2_fu_236           |    0    |    29   |
|          |           p_addr3_fu_267          |    0    |    7    |
|----------|-----------------------------------|---------|---------|
|   icmp   |          exitcond1_fu_137         |    0    |    4    |
|          |          exitcond_fu_149          |    0    |    4    |
|----------|-----------------------------------|---------|---------|
|   read   |       tmp_11_read_read_fu_54      |    0    |    0    |
|          |       tmp_1_read_read_fu_60       |    0    |    0    |
|----------|-----------------------------------|---------|---------|
|          |       tmp_6_trn5_cast_fu_161      |    0    |    0    |
|          | dct_coeff_table_addr6_cast_fu_173 |    0    |    0    |
|          |           tmp_12_fu_183           |    0    |    0    |
|   zext   |         p_addr_cast_fu_195        |    0    |    0    |
|          |           tmp_14_fu_205           |    0    |    0    |
|          |        tmp_trn_cast_fu_252        |    0    |    0    |
|          |        p_addr2_cast_fu_263        |    0    |    0    |
|          |            tmp_7_fu_273           |    0    |    0    |
|----------|-----------------------------------|---------|---------|
|          |           tmp_10_fu_165           |    0    |    0    |
|bitconcatenate|           tmp_13_fu_188           |    0    |    0    |
|          |             tmp_fu_256            |    0    |    0    |
|----------|-----------------------------------|---------|---------|
|   trunc  |            tmp_6_fu_210           |    0    |    0    |
|----------|-----------------------------------|---------|---------|
|          |         coeff_cast_fu_214         |    0    |    0    |
|   sext   |         tmp_7_cast_fu_217         |    0    |    0    |
|          |         tmp_8_cast_fu_226         |    0    |    0    |
|----------|-----------------------------------|---------|---------|
|    mul   |            tmp_8_fu_220           |    0    |    0    |
|----------|-----------------------------------|---------|---------|
|partselect|            tmp_4_fu_241           |    0    |    0    |
|----------|-----------------------------------|---------|---------|
|   Total  |                                   |    0    |    66   |
|----------|-----------------------------------|---------|---------|

Memories:
N/A

* Register list:
+----------------------------+--------+
|                            |   FF   |
+----------------------------+--------+
|dct_coeff_table_addr_reg_305|    6   |
|dct_coeff_table_load_reg_315|   15   |
|      exitcond_reg_296      |    1   |
|         k_1_reg_291        |    4   |
|          k_reg_102         |    4   |
|         n_1_reg_300        |    4   |
|          n_reg_114         |    4   |
|      src_addr_reg_310      |    6   |
|      src_load_reg_320      |   16   |
|        tmp1_reg_125        |   32   |
|     tmp_11_read_reg_278    |    4   |
|     tmp_1_read_reg_283     |    4   |
|        tmp_5_reg_330       |   32   |
|        tmp_6_reg_325       |   29   |
+----------------------------+--------+
|            Total           |   161  |
+----------------------------+--------+

* Multiplexer (MUX) list: 
|------------------|------|------|------|--------||---------||---------|
|       Comp       |  Pin | Size |  BW  | S x BW ||  Delay  ||   LUT   |
|------------------|------|------|------|--------||---------||---------|
| grp_access_fu_73 |  p0  |   2  |   6  |   12   ||    6    |
| grp_access_fu_85 |  p0  |   2  |   6  |   12   ||    6    |
|     k_reg_102    |  p0  |   2  |   4  |    8   ||    4    |
|------------------|------|------|------|--------||---------||---------|
|       Total      |      |      |      |   32   ||  3.816  ||    16   |
|------------------|------|------|------|--------||---------||---------|



* Summary:
+-----------+--------+--------+--------+
|           |  Delay |   FF   |   LUT  |
+-----------+--------+--------+--------+
|  Function |    -   |    0   |   66   |
|   Memory  |    -   |    -   |    -   |
|Multiplexer|    3   |    -   |   16   |
|  Register |    -   |   161  |    -   |
+-----------+--------+--------+--------+
|   Total   |    3   |   161  |   82   |
+-----------+--------+--------+--------+
