20:16:26.179 INFO  - Project videoProcessing_prj_hw_platform's source hardware specification located at /nfs/TUEIEDAprojects/SystemDesign/work/zynq/mamatha/uzair_sharif/EDA_Munish/work_dir/dualCore_SOGRER/videoProcessing_prj/SDK/SDK_Export/hw/system.xml is now different from the local copy.
		 The local copy will be replaced with the source specification and your workspace will be updated. 
20:16:39.919 INFO  - Copied contents of /nfs/TUEIEDAprojects/SystemDesign/work/zynq/mamatha/uzair_sharif/EDA_Munish/work_dir/dualCore_SOGRER/videoProcessing_prj/SDK/SDK_Export/hw/system.xml into /videoProcessing_prj_hw_platform/system.xml. 
20:16:39.973 INFO  - Copied contents of /nfs/TUEIEDAprojects/SystemDesign/work/zynq/mamatha/uzair_sharif/EDA_Munish/work_dir/dualCore_SOGRER/videoProcessing_prj/SDK/SDK_Export/hw/system.bit into /videoProcessing_prj_hw_platform/system.bit. 
20:16:39.992 INFO  - Copied contents of /nfs/TUEIEDAprojects/SystemDesign/work/zynq/mamatha/uzair_sharif/EDA_Munish/work_dir/dualCore_SOGRER/videoProcessing_prj/SDK/SDK_Export/hw/ps7_init.c into /videoProcessing_prj_hw_platform/ps7_init.c. 
20:16:40.038 INFO  - Copied contents of /nfs/TUEIEDAprojects/SystemDesign/work/zynq/mamatha/uzair_sharif/EDA_Munish/work_dir/dualCore_SOGRER/videoProcessing_prj/SDK/SDK_Export/hw/ps7_init.h into /videoProcessing_prj_hw_platform/ps7_init.h. 
20:16:40.052 INFO  - Copied contents of /nfs/TUEIEDAprojects/SystemDesign/work/zynq/mamatha/uzair_sharif/EDA_Munish/work_dir/dualCore_SOGRER/videoProcessing_prj/SDK/SDK_Export/hw/ps7_init.html into /videoProcessing_prj_hw_platform/ps7_init.html. 
20:16:40.059 INFO  - Copied contents of /nfs/TUEIEDAprojects/SystemDesign/work/zynq/mamatha/uzair_sharif/EDA_Munish/work_dir/dualCore_SOGRER/videoProcessing_prj/SDK/SDK_Export/hw/ps7_init.tcl into /videoProcessing_prj_hw_platform/ps7_init.tcl. 
20:16:40.324 INFO  - Synchronizing projects in the workspace with the hardware platform specification changes. 
20:16:42.369 INFO  - Restoring local repository preferences: 
		 /home/ga38qoh/EDA_Munish/zedboard_training/ZynqSW/2013_3/Support_documents/sdk_repo 
20:16:43.833 INFO  - Updating hardware inferred compiler options for SOERGR_sw. 
20:16:44.587 INFO  - Updating hardware inferred compiler options for zynq_fsbl. 
20:16:44.610 INFO  - Clearing existing target manager status. 
20:16:45.810 INFO  - Copied contents of /nfs/TUEIEDAprojects/SystemDesign/work/zynq/mamatha/uzair_sharif/EDA_Munish/work_dir/dualCore_SOGRER/videoProcessing_prj/SDK/SDK_Workspace/videoProcessing_prj_hw_platform/ps7_init.c into /zynq_fsbl/src/ps7_init.c. 
20:16:45.817 INFO  - Copied contents of /nfs/TUEIEDAprojects/SystemDesign/work/zynq/mamatha/uzair_sharif/EDA_Munish/work_dir/dualCore_SOGRER/videoProcessing_prj/SDK/SDK_Workspace/videoProcessing_prj_hw_platform/ps7_init.h into /zynq_fsbl/src/ps7_init.h. 
20:16:45.839 INFO  - Copied contents of /nfs/TUEIEDAprojects/SystemDesign/work/zynq/mamatha/uzair_sharif/EDA_Munish/work_dir/dualCore_SOGRER/videoProcessing_prj/SDK/SDK_Workspace/videoProcessing_prj_hw_platform/ps7_init.html into /zynq_fsbl/src/ps7_init.html. 
20:16:45.845 INFO  - Copied contents of /nfs/TUEIEDAprojects/SystemDesign/work/zynq/mamatha/uzair_sharif/EDA_Munish/work_dir/dualCore_SOGRER/videoProcessing_prj/SDK/SDK_Workspace/videoProcessing_prj_hw_platform/ps7_init.tcl into /zynq_fsbl/src/ps7_init.tcl. 
20:16:46.849 INFO  - Workspace synchronized with the new hardware specification file. Cleaning dependent projects... 
20:17:47.918 INFO  - System reset is completed. 
20:17:52.596 INFO  - FPGA configured successfully with bitstream "/nfs/TUEIEDAprojects/SystemDesign/work/zynq/mamatha/uzair_sharif/EDA_Munish/work_dir/dualCore_SOGRER/videoProcessing_prj/SDK/SDK_Workspace/videoProcessing_prj_hw_platform/system.bit" 
20:17:53.148 INFO  - ps7_init is completed. 
20:17:53.248 INFO  - ps7_post_config is completed. 
20:17:53.908 INFO  - Application is downloaded for ps7_cortexa9_0. (/nfs/TUEIEDAprojects/SystemDesign/work/zynq/mamatha/uzair_sharif/EDA_Munish/work_dir/dualCore_SOGRER/videoProcessing_prj/SDK/SDK_Workspace/SOERGR_sw/Debug/SOERGR_sw.elf) 
20:18:43.428 ERROR - Unexpected error while parsing XMD response ￿: com.google.gson.JsonSyntaxException: com.google.gson.stream.MalformedJsonException: invalid number or unquoted string near  
20:22:41.460 INFO  - Project standalone_bsp_0 was a BSP project. Please update references. 
20:22:41.477 ERROR - SDK has detected that project standalone_bsp_0 has been deleted (or renamed).
If this project was a BSP referenced by other C/C++ applications, then those applications will fail to build now. Please right click on those applications and click 'Change Referenced BSP' to update those projects' BSP references. 
20:22:56.832 INFO  - Restoring local repository preferences: 
		 /home/ga38qoh/EDA_Munish/zedboard_training/ZynqSW/2013_3/Support_documents/sdk_repo 
20:24:28.711 INFO  - Processor reset is completed for ps7_cortexa9_0 
20:24:29.299 INFO  - Application is downloaded for ps7_cortexa9_0. (/nfs/TUEIEDAprojects/SystemDesign/work/zynq/mamatha/uzair_sharif/EDA_Munish/work_dir/dualCore_SOGRER/videoProcessing_prj/SDK/SDK_Workspace/SOERGR_sw/Debug/SOERGR_sw.elf) 
20:24:53.903 INFO  - System reset is completed. 
20:24:58.300 INFO  - FPGA configured successfully with bitstream "/nfs/TUEIEDAprojects/SystemDesign/work/zynq/mamatha/uzair_sharif/EDA_Munish/work_dir/dualCore_SOGRER/videoProcessing_prj/SDK/SDK_Workspace/videoProcessing_prj_hw_platform/system.bit" 
20:24:58.761 INFO  - ps7_init is completed. 
20:24:58.861 INFO  - ps7_post_config is completed. 
20:24:59.373 INFO  - Application is downloaded for ps7_cortexa9_0. (/nfs/TUEIEDAprojects/SystemDesign/work/zynq/mamatha/uzair_sharif/EDA_Munish/work_dir/dualCore_SOGRER/videoProcessing_prj/SDK/SDK_Workspace/SOERGR_sw/Debug/SOERGR_sw.elf) 
20:25:53.703 ERROR - Unexpected error while parsing XMD response ￿: com.google.gson.JsonSyntaxException: com.google.gson.stream.MalformedJsonException: invalid number or unquoted string near  
20:32:44.777 INFO  - Processing command line option -hwspec /nfs/TUEIEDAprojects/SystemDesign/work/zynq/mamatha/uzair_sharif/EDA_Munish/work_dir/dualCore_SOGRER/videoProcessing_prj/SDK/SDK_Export/hw/system.xml. 
20:32:48.876 INFO  - Restoring local repository preferences: 
		 /home/ga38qoh/EDA_Munish/zedboard_training/ZynqSW/2013_3/Support_documents/sdk_repo 
20:33:48.176 INFO  - System reset is completed. 
20:33:52.704 INFO  - FPGA configured successfully with bitstream "/nfs/TUEIEDAprojects/SystemDesign/work/zynq/mamatha/uzair_sharif/EDA_Munish/work_dir/dualCore_SOGRER/videoProcessing_prj/SDK/SDK_Workspace/videoProcessing_prj_hw_platform/system.bit" 
20:33:53.262 INFO  - ps7_init is completed. 
20:33:53.362 INFO  - ps7_post_config is completed. 
20:33:54.023 INFO  - Application is downloaded for ps7_cortexa9_0. (/nfs/TUEIEDAprojects/SystemDesign/work/zynq/mamatha/uzair_sharif/EDA_Munish/work_dir/dualCore_SOGRER/videoProcessing_prj/SDK/SDK_Workspace/SOERGR_sw/Debug/SOERGR_sw.elf) 
20:34:43.501 INFO  - System reset is completed. 
20:34:47.766 INFO  - FPGA configured successfully with bitstream "/nfs/TUEIEDAprojects/SystemDesign/work/zynq/mamatha/uzair_sharif/EDA_Munish/work_dir/dualCore_SOGRER/videoProcessing_prj/SDK/SDK_Workspace/videoProcessing_prj_hw_platform/system.bit" 
20:34:48.132 INFO  - ps7_init is completed. 
20:34:48.232 INFO  - ps7_post_config is completed. 
20:34:48.770 INFO  - Application is downloaded for ps7_cortexa9_0. (/nfs/TUEIEDAprojects/SystemDesign/work/zynq/mamatha/uzair_sharif/EDA_Munish/work_dir/dualCore_SOGRER/videoProcessing_prj/SDK/SDK_Workspace/SOERGR_sw/Debug/SOERGR_sw.elf) 
20:35:03.998 ERROR - Unexpected error while parsing XMD response ￿: com.google.gson.JsonSyntaxException: com.google.gson.stream.MalformedJsonException: invalid number or unquoted string near  
23:44:34.763 INFO  - Processing command line option -hwspec /nfs/TUEIEDAprojects/SystemDesign/work/zynq/mamatha/uzair_sharif/EDA_Munish/work_dir/dualCore_SOGRER/videoProcessing_prj/SDK/SDK_Export/hw/system.xml. 
23:45:22.097 INFO  - System reset is completed. 
23:45:26.408 INFO  - FPGA configured successfully with bitstream "/nfs/TUEIEDAprojects/SystemDesign/work/zynq/mamatha/uzair_sharif/EDA_Munish/work_dir/dualCore_SOGRER/videoProcessing_prj/SDK/SDK_Workspace/videoProcessing_prj_hw_platform/system.bit" 
23:45:26.980 INFO  - ps7_init is completed. 
23:45:27.080 INFO  - ps7_post_config is completed. 
23:45:27.716 INFO  - Application is downloaded for ps7_cortexa9_0. (/nfs/TUEIEDAprojects/SystemDesign/work/zynq/mamatha/uzair_sharif/EDA_Munish/work_dir/dualCore_SOGRER/videoProcessing_prj/SDK/SDK_Workspace/SOERGR_sw/Debug/SOERGR_sw.elf) 
23:55:42.290 ERROR - Unexpected error while parsing XMD response ￿: com.google.gson.JsonSyntaxException: com.google.gson.stream.MalformedJsonException: invalid number or unquoted string near  
00:21:29.359 INFO  - Processing command line option -hwspec /nfs/TUEIEDAprojects/SystemDesign/work/zynq/mamatha/uzair_sharif/EDA_Munish/work_dir/dualCore_SOGRER/videoProcessing_prj/SDK/SDK_Export/hw/system.xml. 
00:21:32.210 INFO  - The hardware specification for project 'videoProcessing_prj_hw_platform' is different from /nfs/TUEIEDAprojects/SystemDesign/work/zynq/mamatha/uzair_sharif/EDA_Munish/work_dir/dualCore_SOGRER/videoProcessing_prj/SDK/SDK_Export/hw/system.xml. 
00:21:32.473 INFO  - Copied contents of /nfs/TUEIEDAprojects/SystemDesign/work/zynq/mamatha/uzair_sharif/EDA_Munish/work_dir/dualCore_SOGRER/videoProcessing_prj/SDK/SDK_Export/hw/system.xml into /videoProcessing_prj_hw_platform/system.xml. 
00:21:33.964 INFO  - Copied contents of /nfs/TUEIEDAprojects/SystemDesign/work/zynq/mamatha/uzair_sharif/EDA_Munish/work_dir/dualCore_SOGRER/videoProcessing_prj/SDK/SDK_Export/hw/system.bit into /videoProcessing_prj_hw_platform/system.bit. 
00:21:35.075 INFO  - Copied contents of /nfs/TUEIEDAprojects/SystemDesign/work/zynq/mamatha/uzair_sharif/EDA_Munish/work_dir/dualCore_SOGRER/videoProcessing_prj/SDK/SDK_Export/hw/ps7_init.c into /videoProcessing_prj_hw_platform/ps7_init.c. 
00:21:35.343 INFO  - Copied contents of /nfs/TUEIEDAprojects/SystemDesign/work/zynq/mamatha/uzair_sharif/EDA_Munish/work_dir/dualCore_SOGRER/videoProcessing_prj/SDK/SDK_Export/hw/ps7_init.h into /videoProcessing_prj_hw_platform/ps7_init.h. 
00:21:36.090 INFO  - Copied contents of /nfs/TUEIEDAprojects/SystemDesign/work/zynq/mamatha/uzair_sharif/EDA_Munish/work_dir/dualCore_SOGRER/videoProcessing_prj/SDK/SDK_Export/hw/ps7_init.html into /videoProcessing_prj_hw_platform/ps7_init.html. 
00:21:36.177 INFO  - Copied contents of /nfs/TUEIEDAprojects/SystemDesign/work/zynq/mamatha/uzair_sharif/EDA_Munish/work_dir/dualCore_SOGRER/videoProcessing_prj/SDK/SDK_Export/hw/ps7_init.tcl into /videoProcessing_prj_hw_platform/ps7_init.tcl. 
00:21:36.627 INFO  - Synchronizing projects in the workspace with the hardware platform specification changes. 
00:22:10.204 INFO  - Restoring local repository preferences: 
		 /home/ga38qoh/EDA_Munish/zedboard_training/ZynqSW/2013_3/Support_documents/sdk_repo 
00:22:11.094 INFO  - Updating hardware inferred compiler options for SOERGR_sw. 
00:22:11.849 INFO  - Updating hardware inferred compiler options for zynq_fsbl. 
00:22:11.865 INFO  - Clearing existing target manager status. 
00:22:18.693 INFO  - Copied contents of /nfs/TUEIEDAprojects/SystemDesign/work/zynq/mamatha/uzair_sharif/EDA_Munish/work_dir/dualCore_SOGRER/videoProcessing_prj/SDK/SDK_Workspace/videoProcessing_prj_hw_platform/ps7_init.c into /zynq_fsbl/src/ps7_init.c. 
00:22:18.757 INFO  - Copied contents of /nfs/TUEIEDAprojects/SystemDesign/work/zynq/mamatha/uzair_sharif/EDA_Munish/work_dir/dualCore_SOGRER/videoProcessing_prj/SDK/SDK_Workspace/videoProcessing_prj_hw_platform/ps7_init.h into /zynq_fsbl/src/ps7_init.h. 
00:22:18.969 INFO  - Copied contents of /nfs/TUEIEDAprojects/SystemDesign/work/zynq/mamatha/uzair_sharif/EDA_Munish/work_dir/dualCore_SOGRER/videoProcessing_prj/SDK/SDK_Workspace/videoProcessing_prj_hw_platform/ps7_init.html into /zynq_fsbl/src/ps7_init.html. 
00:22:22.245 INFO  - Copied contents of /nfs/TUEIEDAprojects/SystemDesign/work/zynq/mamatha/uzair_sharif/EDA_Munish/work_dir/dualCore_SOGRER/videoProcessing_prj/SDK/SDK_Workspace/videoProcessing_prj_hw_platform/ps7_init.tcl into /zynq_fsbl/src/ps7_init.tcl. 
00:24:11.216 INFO  - Project standalone_bsp_0 was a BSP project. Please update references. 
00:24:11.217 ERROR - SDK has detected that project standalone_bsp_0 has been deleted (or renamed).
If this project was a BSP referenced by other C/C++ applications, then those applications will fail to build now. Please right click on those applications and click 'Change Referenced BSP' to update those projects' BSP references. 
00:28:35.151 INFO  - System reset is completed. 
00:28:42.678 INFO  - FPGA configured successfully with bitstream "/nfs/TUEIEDAprojects/SystemDesign/work/zynq/mamatha/uzair_sharif/EDA_Munish/work_dir/dualCore_SOGRER/videoProcessing_prj/SDK/SDK_Workspace/videoProcessing_prj_hw_platform/system.bit" 
00:28:43.252 INFO  - ps7_init is completed. 
00:28:43.352 INFO  - ps7_post_config is completed. 
00:28:44.336 INFO  - Application is downloaded for ps7_cortexa9_0. (/nfs/TUEIEDAprojects/SystemDesign/work/zynq/mamatha/uzair_sharif/EDA_Munish/work_dir/dualCore_SOGRER/videoProcessing_prj/SDK/SDK_Workspace/SOERGR_sw/Debug/SOERGR_sw.elf) 
00:29:15.689 INFO  - Project videoProcessing_prj_hw_platform's source hardware specification located at /nfs/TUEIEDAprojects/SystemDesign/work/zynq/mamatha/uzair_sharif/EDA_Munish/work_dir/dualCore_SOGRER/videoProcessing_prj/SDK/SDK_Export/hw/system.xml is now different from the local copy.
		 The local copy will be replaced with the source specification and your workspace will be updated. 
00:29:56.459 INFO  - Project videoProcessing_prj_hw_platform's source hardware specification location will not be monitored anymore. 
00:30:02.555 ERROR - Unexpected error while parsing XMD response ￿: com.google.gson.JsonSyntaxException: com.google.gson.stream.MalformedJsonException: invalid number or unquoted string near  
00:50:21.265 INFO  - Processing command line option -hwspec /nfs/TUEIEDAprojects/SystemDesign/work/zynq/mamatha/uzair_sharif/EDA_Munish/work_dir/dualCore_SOGRER/videoProcessing_prj/SDK/SDK_Export/hw/system.xml. 
00:50:22.585 INFO  - The hardware specification for project 'videoProcessing_prj_hw_platform' is different from /nfs/TUEIEDAprojects/SystemDesign/work/zynq/mamatha/uzair_sharif/EDA_Munish/work_dir/dualCore_SOGRER/videoProcessing_prj/SDK/SDK_Export/hw/system.xml. 
00:50:23.021 INFO  - Copied contents of /nfs/TUEIEDAprojects/SystemDesign/work/zynq/mamatha/uzair_sharif/EDA_Munish/work_dir/dualCore_SOGRER/videoProcessing_prj/SDK/SDK_Export/hw/system.xml into /videoProcessing_prj_hw_platform/system.xml. 
00:50:23.113 INFO  - Copied contents of /nfs/TUEIEDAprojects/SystemDesign/work/zynq/mamatha/uzair_sharif/EDA_Munish/work_dir/dualCore_SOGRER/videoProcessing_prj/SDK/SDK_Export/hw/system.bit into /videoProcessing_prj_hw_platform/system.bit. 
00:50:23.208 INFO  - Copied contents of /nfs/TUEIEDAprojects/SystemDesign/work/zynq/mamatha/uzair_sharif/EDA_Munish/work_dir/dualCore_SOGRER/videoProcessing_prj/SDK/SDK_Export/hw/ps7_init.c into /videoProcessing_prj_hw_platform/ps7_init.c. 
00:50:23.232 INFO  - Copied contents of /nfs/TUEIEDAprojects/SystemDesign/work/zynq/mamatha/uzair_sharif/EDA_Munish/work_dir/dualCore_SOGRER/videoProcessing_prj/SDK/SDK_Export/hw/ps7_init.h into /videoProcessing_prj_hw_platform/ps7_init.h. 
00:50:23.354 INFO  - Copied contents of /nfs/TUEIEDAprojects/SystemDesign/work/zynq/mamatha/uzair_sharif/EDA_Munish/work_dir/dualCore_SOGRER/videoProcessing_prj/SDK/SDK_Export/hw/ps7_init.html into /videoProcessing_prj_hw_platform/ps7_init.html. 
00:50:23.380 INFO  - Copied contents of /nfs/TUEIEDAprojects/SystemDesign/work/zynq/mamatha/uzair_sharif/EDA_Munish/work_dir/dualCore_SOGRER/videoProcessing_prj/SDK/SDK_Export/hw/ps7_init.tcl into /videoProcessing_prj_hw_platform/ps7_init.tcl. 
00:50:23.616 INFO  - Synchronizing projects in the workspace with the hardware platform specification changes. 
00:50:25.198 INFO  - Restoring local repository preferences: 
		 /home/ga38qoh/EDA_Munish/zedboard_training/ZynqSW/2013_3/Support_documents/sdk_repo 
00:50:26.039 INFO  - Updating hardware inferred compiler options for SOERGR_sw. 
00:50:26.793 INFO  - Updating hardware inferred compiler options for zynq_fsbl. 
00:50:26.828 INFO  - Clearing existing target manager status. 
00:50:28.030 INFO  - Copied contents of /nfs/TUEIEDAprojects/SystemDesign/work/zynq/mamatha/uzair_sharif/EDA_Munish/work_dir/dualCore_SOGRER/videoProcessing_prj/SDK/SDK_Workspace/videoProcessing_prj_hw_platform/ps7_init.c into /zynq_fsbl/src/ps7_init.c. 
00:50:28.040 INFO  - Copied contents of /nfs/TUEIEDAprojects/SystemDesign/work/zynq/mamatha/uzair_sharif/EDA_Munish/work_dir/dualCore_SOGRER/videoProcessing_prj/SDK/SDK_Workspace/videoProcessing_prj_hw_platform/ps7_init.h into /zynq_fsbl/src/ps7_init.h. 
00:50:28.072 INFO  - Copied contents of /nfs/TUEIEDAprojects/SystemDesign/work/zynq/mamatha/uzair_sharif/EDA_Munish/work_dir/dualCore_SOGRER/videoProcessing_prj/SDK/SDK_Workspace/videoProcessing_prj_hw_platform/ps7_init.html into /zynq_fsbl/src/ps7_init.html. 
00:50:28.077 INFO  - Copied contents of /nfs/TUEIEDAprojects/SystemDesign/work/zynq/mamatha/uzair_sharif/EDA_Munish/work_dir/dualCore_SOGRER/videoProcessing_prj/SDK/SDK_Workspace/videoProcessing_prj_hw_platform/ps7_init.tcl into /zynq_fsbl/src/ps7_init.tcl. 
00:55:16.156 INFO  - System reset is completed. 
00:55:20.659 INFO  - FPGA configured successfully with bitstream "/nfs/TUEIEDAprojects/SystemDesign/work/zynq/mamatha/uzair_sharif/EDA_Munish/work_dir/dualCore_SOGRER/videoProcessing_prj/SDK/SDK_Workspace/videoProcessing_prj_hw_platform/system.bit" 
00:55:21.218 INFO  - ps7_init is completed. 
00:55:21.318 INFO  - ps7_post_config is completed. 
00:55:21.982 INFO  - Application is downloaded for ps7_cortexa9_0. (/nfs/TUEIEDAprojects/SystemDesign/work/zynq/mamatha/uzair_sharif/EDA_Munish/work_dir/dualCore_SOGRER/videoProcessing_prj/SDK/SDK_Workspace/SOERGR_sw/Debug/SOERGR_sw.elf) 
00:57:09.544 INFO  - System reset is completed. 
00:57:13.787 INFO  - FPGA configured successfully with bitstream "/nfs/TUEIEDAprojects/SystemDesign/work/zynq/mamatha/uzair_sharif/EDA_Munish/work_dir/dualCore_SOGRER/videoProcessing_prj/SDK/SDK_Workspace/videoProcessing_prj_hw_platform/system.bit" 
00:57:14.375 INFO  - ps7_init is completed. 
00:57:14.475 INFO  - ps7_post_config is completed. 
00:57:15.095 INFO  - Application is downloaded for ps7_cortexa9_0. (/nfs/TUEIEDAprojects/SystemDesign/work/zynq/mamatha/uzair_sharif/EDA_Munish/work_dir/dualCore_SOGRER/videoProcessing_prj/SDK/SDK_Workspace/SOERGR_sw/Debug/SOERGR_sw.elf) 
00:57:49.905 ERROR - Unexpected error while parsing XMD response ￿: com.google.gson.JsonSyntaxException: com.google.gson.stream.MalformedJsonException: invalid number or unquoted string near  
01:25:58.182 INFO  - Processing command line option -hwspec /nfs/TUEIEDAprojects/SystemDesign/work/zynq/mamatha/uzair_sharif/EDA_Munish/work_dir/dualCore_SOGRER/videoProcessing_prj/SDK/SDK_Export/hw/system.xml. 
01:25:59.439 INFO  - The hardware specification for project 'videoProcessing_prj_hw_platform' is different from /nfs/TUEIEDAprojects/SystemDesign/work/zynq/mamatha/uzair_sharif/EDA_Munish/work_dir/dualCore_SOGRER/videoProcessing_prj/SDK/SDK_Export/hw/system.xml. 
01:25:59.828 INFO  - Copied contents of /nfs/TUEIEDAprojects/SystemDesign/work/zynq/mamatha/uzair_sharif/EDA_Munish/work_dir/dualCore_SOGRER/videoProcessing_prj/SDK/SDK_Export/hw/system.xml into /videoProcessing_prj_hw_platform/system.xml. 
01:25:59.909 INFO  - Copied contents of /nfs/TUEIEDAprojects/SystemDesign/work/zynq/mamatha/uzair_sharif/EDA_Munish/work_dir/dualCore_SOGRER/videoProcessing_prj/SDK/SDK_Export/hw/system.bit into /videoProcessing_prj_hw_platform/system.bit. 
01:25:59.980 INFO  - Copied contents of /nfs/TUEIEDAprojects/SystemDesign/work/zynq/mamatha/uzair_sharif/EDA_Munish/work_dir/dualCore_SOGRER/videoProcessing_prj/SDK/SDK_Export/hw/ps7_init.c into /videoProcessing_prj_hw_platform/ps7_init.c. 
01:26:00.001 INFO  - Copied contents of /nfs/TUEIEDAprojects/SystemDesign/work/zynq/mamatha/uzair_sharif/EDA_Munish/work_dir/dualCore_SOGRER/videoProcessing_prj/SDK/SDK_Export/hw/ps7_init.h into /videoProcessing_prj_hw_platform/ps7_init.h. 
01:26:00.044 INFO  - Copied contents of /nfs/TUEIEDAprojects/SystemDesign/work/zynq/mamatha/uzair_sharif/EDA_Munish/work_dir/dualCore_SOGRER/videoProcessing_prj/SDK/SDK_Export/hw/ps7_init.html into /videoProcessing_prj_hw_platform/ps7_init.html. 
01:26:00.061 INFO  - Copied contents of /nfs/TUEIEDAprojects/SystemDesign/work/zynq/mamatha/uzair_sharif/EDA_Munish/work_dir/dualCore_SOGRER/videoProcessing_prj/SDK/SDK_Export/hw/ps7_init.tcl into /videoProcessing_prj_hw_platform/ps7_init.tcl. 
01:26:00.456 INFO  - Synchronizing projects in the workspace with the hardware platform specification changes. 
01:26:02.283 INFO  - Restoring local repository preferences: 
		 /home/ga38qoh/EDA_Munish/zedboard_training/ZynqSW/2013_3/Support_documents/sdk_repo 
01:26:03.130 INFO  - Updating hardware inferred compiler options for SOERGR_sw. 
01:26:03.884 INFO  - Updating hardware inferred compiler options for zynq_fsbl. 
01:26:03.915 INFO  - Clearing existing target manager status. 
01:26:06.141 INFO  - Copied contents of /nfs/TUEIEDAprojects/SystemDesign/work/zynq/mamatha/uzair_sharif/EDA_Munish/work_dir/dualCore_SOGRER/videoProcessing_prj/SDK/SDK_Workspace/videoProcessing_prj_hw_platform/ps7_init.c into /zynq_fsbl/src/ps7_init.c. 
01:26:06.151 INFO  - Copied contents of /nfs/TUEIEDAprojects/SystemDesign/work/zynq/mamatha/uzair_sharif/EDA_Munish/work_dir/dualCore_SOGRER/videoProcessing_prj/SDK/SDK_Workspace/videoProcessing_prj_hw_platform/ps7_init.h into /zynq_fsbl/src/ps7_init.h. 
01:26:06.184 INFO  - Copied contents of /nfs/TUEIEDAprojects/SystemDesign/work/zynq/mamatha/uzair_sharif/EDA_Munish/work_dir/dualCore_SOGRER/videoProcessing_prj/SDK/SDK_Workspace/videoProcessing_prj_hw_platform/ps7_init.html into /zynq_fsbl/src/ps7_init.html. 
01:26:06.192 INFO  - Copied contents of /nfs/TUEIEDAprojects/SystemDesign/work/zynq/mamatha/uzair_sharif/EDA_Munish/work_dir/dualCore_SOGRER/videoProcessing_prj/SDK/SDK_Workspace/videoProcessing_prj_hw_platform/ps7_init.tcl into /zynq_fsbl/src/ps7_init.tcl. 
01:26:06.217 INFO  - Closing and re-opening the MSS file of ther project standalone_bsp_0 
01:28:08.100 INFO  - Project standalone_bsp_0 was a BSP project. Please update references. 
01:28:08.100 ERROR - SDK has detected that project standalone_bsp_0 has been deleted (or renamed).
If this project was a BSP referenced by other C/C++ applications, then those applications will fail to build now. Please right click on those applications and click 'Change Referenced BSP' to update those projects' BSP references. 
01:28:53.700 INFO  - Project standalone_bsp_0 was a BSP project. Please update references. 
01:28:53.701 ERROR - SDK has detected that project standalone_bsp_0 has been deleted (or renamed).
If this project was a BSP referenced by other C/C++ applications, then those applications will fail to build now. Please right click on those applications and click 'Change Referenced BSP' to update those projects' BSP references. 
01:29:53.735 ERROR - Unexpected error while parsing XMD response ￿: com.google.gson.JsonSyntaxException: com.google.gson.stream.MalformedJsonException: invalid number or unquoted string near  
01:30:10.239 INFO  - Processing command line option -hwspec /nfs/TUEIEDAprojects/SystemDesign/work/zynq/mamatha/uzair_sharif/EDA_Munish/work_dir/dualCore_SOGRER/videoProcessing_prj/SDK/SDK_Export/hw/system.xml. 
01:30:20.318 INFO  - Project standalone_bsp_0 was a BSP project. Please update references. 
01:30:20.319 ERROR - SDK has detected that project standalone_bsp_0 has been deleted (or renamed).
If this project was a BSP referenced by other C/C++ applications, then those applications will fail to build now. Please right click on those applications and click 'Change Referenced BSP' to update those projects' BSP references. 
01:30:29.050 INFO  - Restoring local repository preferences: 
		 /home/ga38qoh/EDA_Munish/zedboard_training/ZynqSW/2013_3/Support_documents/sdk_repo 
01:35:02.765 INFO  - System reset is completed. 
01:35:07.166 INFO  - FPGA configured successfully with bitstream "/nfs/TUEIEDAprojects/SystemDesign/work/zynq/mamatha/uzair_sharif/EDA_Munish/work_dir/dualCore_SOGRER/videoProcessing_prj/SDK/SDK_Workspace/videoProcessing_prj_hw_platform/system.bit" 
01:35:07.743 INFO  - ps7_init is completed. 
01:35:07.843 INFO  - ps7_post_config is completed. 
01:35:08.408 INFO  - Application is downloaded for ps7_cortexa9_0. (/nfs/TUEIEDAprojects/SystemDesign/work/zynq/mamatha/uzair_sharif/EDA_Munish/work_dir/dualCore_SOGRER/videoProcessing_prj/SDK/SDK_Workspace/SOERGR_sw/Debug/SOERGR_sw.elf) 
01:37:16.754 INFO  - System reset is completed. 
01:37:21.125 INFO  - FPGA configured successfully with bitstream "/nfs/TUEIEDAprojects/SystemDesign/work/zynq/mamatha/uzair_sharif/EDA_Munish/work_dir/dualCore_SOGRER/videoProcessing_prj/SDK/SDK_Workspace/videoProcessing_prj_hw_platform/system.bit" 
01:37:21.612 INFO  - ps7_init is completed. 
01:37:21.712 INFO  - ps7_post_config is completed. 
01:37:22.234 INFO  - Application is downloaded for ps7_cortexa9_0. (/nfs/TUEIEDAprojects/SystemDesign/work/zynq/mamatha/uzair_sharif/EDA_Munish/work_dir/dualCore_SOGRER/videoProcessing_prj/SDK/SDK_Workspace/SOERGR_sw/Debug/SOERGR_sw.elf) 
01:38:35.261 INFO  - System reset is completed. 
01:38:39.625 INFO  - FPGA configured successfully with bitstream "/nfs/TUEIEDAprojects/SystemDesign/work/zynq/mamatha/uzair_sharif/EDA_Munish/work_dir/dualCore_SOGRER/videoProcessing_prj/SDK/SDK_Workspace/videoProcessing_prj_hw_platform/system.bit" 
01:38:40.183 INFO  - ps7_init is completed. 
01:38:40.283 INFO  - ps7_post_config is completed. 
01:38:40.904 INFO  - Application is downloaded for ps7_cortexa9_0. (/nfs/TUEIEDAprojects/SystemDesign/work/zynq/mamatha/uzair_sharif/EDA_Munish/work_dir/dualCore_SOGRER/videoProcessing_prj/SDK/SDK_Workspace/SOERGR_sw/Debug/SOERGR_sw.elf) 
01:39:13.960 INFO  - System reset is completed. 
01:39:18.379 INFO  - FPGA configured successfully with bitstream "/nfs/TUEIEDAprojects/SystemDesign/work/zynq/mamatha/uzair_sharif/EDA_Munish/work_dir/dualCore_SOGRER/videoProcessing_prj/SDK/SDK_Workspace/videoProcessing_prj_hw_platform/system.bit" 
01:39:18.830 INFO  - ps7_init is completed. 
01:39:18.930 INFO  - ps7_post_config is completed. 
01:39:19.445 INFO  - Application is downloaded for ps7_cortexa9_0. (/nfs/TUEIEDAprojects/SystemDesign/work/zynq/mamatha/uzair_sharif/EDA_Munish/work_dir/dualCore_SOGRER/videoProcessing_prj/SDK/SDK_Workspace/SOERGR_sw/Debug/SOERGR_sw.elf) 
