/nfs/TUEIEDAprojects/SystemDesign/work/ipxact/benjamin-bordes/DSE/1IP/1IP_GR/implementation/system.ngc 1412586048
/nfs/TUEIEDAprojects/SystemDesign/work/ipxact/benjamin-bordes/DSE/1IP/1IP_GR/implementation/system_cam_mem_0_wrapper.ngc 1412585811
/nfs/TUEIEDAprojects/SystemDesign/work/ipxact/benjamin-bordes/DSE/1IP/1IP_GR/implementation/system_util_vector_logic_0_wrapper.ngc 1412585775
/nfs/TUEIEDAprojects/SystemDesign/work/ipxact/benjamin-bordes/DSE/1IP/1IP_GR/implementation/system_axi_i2s_adi_0_wrapper.ngc 1412585926
/nfs/TUEIEDAprojects/SystemDesign/work/ipxact/benjamin-bordes/DSE/1IP/1IP_GR/implementation/system_processing_system7_0_wrapper.ngc 1412585776
/nfs/TUEIEDAprojects/SystemDesign/work/ipxact/benjamin-bordes/DSE/1IP/1IP_GR/implementation/system_axi_dma_i2s_wrapper.ngc 1412585778
/nfs/TUEIEDAprojects/SystemDesign/work/ipxact/benjamin-bordes/DSE/1IP/1IP_GR/implementation/system_axi_interconnect_1_wrapper.ngc 1412585776
/nfs/TUEIEDAprojects/SystemDesign/work/ipxact/benjamin-bordes/DSE/1IP/1IP_GR/implementation/system_axi_interconnect_2_wrapper.ngc 1412585776
/nfs/TUEIEDAprojects/SystemDesign/work/ipxact/benjamin-bordes/DSE/1IP/1IP_GR/implementation/system_axi_interconnect_0_wrapper.ngc 1412585777
/nfs/TUEIEDAprojects/SystemDesign/work/ipxact/benjamin-bordes/DSE/1IP/1IP_GR/implementation/system_axi_interconnect_3_wrapper.ngc 1412585778
/nfs/TUEIEDAprojects/SystemDesign/work/ipxact/benjamin-bordes/DSE/1IP/1IP_GR/implementation/system_axi_perf_mon_0_wrapper.ngc 1412585779
/nfs/TUEIEDAprojects/SystemDesign/work/ipxact/benjamin-bordes/DSE/1IP/1IP_GR/implementation/system_clock_generator_0_wrapper.ngc 1412585981
/nfs/TUEIEDAprojects/SystemDesign/work/ipxact/benjamin-bordes/DSE/1IP/1IP_GR/implementation/system_axi_clkgen_0_wrapper.ngc 1412585960
/nfs/TUEIEDAprojects/SystemDesign/work/ipxact/benjamin-bordes/DSE/1IP/1IP_GR/implementation/system_axi_vdma_0_wrapper.ngc 1412585776
/nfs/TUEIEDAprojects/SystemDesign/work/ipxact/benjamin-bordes/DSE/1IP/1IP_GR/implementation/system_axi_hdmi_tx_16b_0_wrapper.ngc 1412585945
/nfs/TUEIEDAprojects/SystemDesign/work/ipxact/benjamin-bordes/DSE/1IP/1IP_GR/implementation/system_axi_vdma_3_wrapper.ngc 1412585778
/nfs/TUEIEDAprojects/SystemDesign/work/ipxact/benjamin-bordes/DSE/1IP/1IP_GR/implementation/system_convert_to_gray_top_0_wrapper.ngc 1412585975
/nfs/TUEIEDAprojects/SystemDesign/work/ipxact/benjamin-bordes/DSE/1IP/1IP_GR/implementation/system_axi_spdif_tx_0_wrapper.ngc 1412585825
/nfs/TUEIEDAprojects/SystemDesign/work/ipxact/benjamin-bordes/DSE/1IP/1IP_GR/implementation/system_axi_iic_0_wrapper.ngc 1412585777
/nfs/TUEIEDAprojects/SystemDesign/work/ipxact/benjamin-bordes/DSE/1IP/1IP_GR/implementation/system_axi_dma_spdif_wrapper.ngc 1412585777
/nfs/TUEIEDAprojects/SystemDesign/work/ipxact/benjamin-bordes/DSE/1IP/1IP_GR/implementation/system_util_i2c_mixer_0_wrapper.ngc 1412585791
OK
