

================================================================
== Vivado HLS Report for 'dct_2d'
================================================================
* Date:           Fri Mar 13 22:09:05 2015

* Version:        2013.3 (build date: Wed Oct 16 18:12:55 PM 2013)
* Project:        DCT_HLS_Project
* Solution:       solution4
* Product family: zynq zynq_fpv6 
* Target device:  xc7z020clg484-1


================================================================
== Performance Estimates
================================================================
+ Timing (ns): 
    * Summary: 
    +---------+-------+----------+------------+
    |  Clock  | Target| Estimated| Uncertainty|
    +---------+-------+----------+------------+
    |default  |   8.00|      6.38|        1.00|
    +---------+-------+----------+------------+

+ Latency (clock cycles): 
    * Summary: 
    +-----+-----+-----+-----+---------+
    |  Latency  |  Interval | Pipeline|
    | min | max | min | max |   Type  |
    +-----+-----+-----+-----+---------+
    |  759|  759|  759|  759|   none  |
    +-----+-----+-----+-----+---------+

    + Detail: 
        * Instance: 
        +-------------------+--------+-----+-----+-----+-----+---------+
        |                   |        |  Latency  |  Interval | Pipeline|
        |      Instance     | Module | min | max | min | max |   Type  |
        +-------------------+--------+-----+-----+-----+-----+---------+
        |grp_dct_1d_fu_222  |dct_1d  |   37|   37|   37|   37|   none  |
        +-------------------+--------+-----+-----+-----+-----+---------+

        * Loop: 
        +---------------------------------------------+-----+-----+----------+-----------+-----------+------+----------+
        |                                             |  Latency  | Iteration|  Initiation Interval  | Trip |          |
        |                  Loop Name                  | min | max |  Latency |  achieved |   target  | Count| Pipelined|
        +---------------------------------------------+-----+-----+----------+-----------+-----------+------+----------+
        |- Row_DCT_Loop                               |  312|  312|        39|          -|          -|     8|    no    |
        |- Xpose_Row_Outer_Loop_Xpose_Row_Inner_Loop  |   65|   65|         3|          1|          1|    64|    yes   |
        |- Col_DCT_Loop                               |  312|  312|        39|          -|          -|     8|    no    |
        |- Xpose_Col_Outer_Loop_Xpose_Col_Inner_Loop  |   65|   65|         3|          1|          1|    64|    yes   |
        +---------------------------------------------+-----+-----+----------+-----------+-----------+------+----------+



================================================================
== Utilization Estimates
================================================================
* Summary: 
+-----------------+---------+-------+--------+-------+
|       Name      | BRAM_18K| DSP48E|   FF   |  LUT  |
+-----------------+---------+-------+--------+-------+
|Expression       |        -|      -|       0|    124|
|FIFO             |        -|      -|       -|      -|
|Instance         |        8|      8|     426|    140|
|Memory           |        3|      -|       0|      0|
|Multiplexer      |        -|      -|       -|    104|
|Register         |        -|      -|      93|      -|
|ShiftMemory      |        -|      -|       -|      -|
+-----------------+---------+-------+--------+-------+
|Total            |       11|      8|     519|    368|
+-----------------+---------+-------+--------+-------+
|Available        |      280|    220|  106400|  53200|
+-----------------+---------+-------+--------+-------+
|Utilization (%)  |        3|      3|   ~0   |   ~0  |
+-----------------+---------+-------+--------+-------+

+ Detail: 
    * Instance: 
    +-------------------+--------+---------+-------+-----+-----+
    |      Instance     | Module | BRAM_18K| DSP48E|  FF | LUT |
    +-------------------+--------+---------+-------+-----+-----+
    |grp_dct_1d_fu_222  |dct_1d  |        8|      8|  426|  140|
    +-------------------+--------+---------+-------+-----+-----+
    |Total              |        |        8|      8|  426|  140|
    +-------------------+--------+---------+-------+-----+-----+

    * Memory: 
    +--------------+-------------------+---------+------+-----+------+-------------+
    |    Memory    |       Module      | BRAM_18K| Words| Bits| Banks| W*Bits*Banks|
    +--------------+-------------------+---------+------+-----+------+-------------+
    |col_inbuf_U   |dct_2d_col_inbuf   |        1|    64|   16|     1|         1024|
    |row_outbuf_U  |dct_2d_row_outbuf  |        1|    64|   16|     1|         1024|
    |col_outbuf_U  |dct_2d_row_outbuf  |        1|    64|   16|     1|         1024|
    +--------------+-------------------+---------+------+-----+------+-------------+
    |Total         |                   |        3|   192|   48|     3|         3072|
    +--------------+-------------------+---------+------+-----+------+-------------+

    * FIFO: 
    N/A

    * Shift register: 
    N/A

    * Expression: 
    +--------------------------------+----------+-------+---+----+------------+------------+
    |          Variable Name         | Operation| DSP48E| FF| LUT| Bitwidth P0| Bitwidth P1|
    +--------------------------------+----------+-------+---+----+------------+------------+
    |i_4_fu_257_p2                   |     +    |      0|  0|   4|           4|           1|
    |i_5_fu_365_p2                   |     +    |      0|  0|   4|           4|           1|
    |i_6_fu_303_p2                   |     +    |      0|  0|   4|           4|           1|
    |i_7_fu_411_p2                   |     +    |      0|  0|   4|           4|           1|
    |indvar_flatten_next1_fu_377_p2  |     +    |      0|  0|   7|           7|           1|
    |indvar_flatten_next_fu_269_p2   |     +    |      0|  0|   7|           7|           1|
    |j_2_fu_397_p2                   |     +    |      0|  0|   4|           4|           1|
    |j_s_fu_289_p2                   |     +    |      0|  0|   4|           4|           1|
    |p_addr1_fu_323_p2               |     +    |      0|  0|   8|           8|           8|
    |p_addr4_fu_456_p2               |     +    |      0|  0|   8|           8|           8|
    |p_addr5_fu_348_p2               |     +    |      0|  0|   8|           8|           8|
    |p_addr7_fu_431_p2               |     +    |      0|  0|   8|           8|           8|
    |i_1_mid2_fu_281_p3              |  Select  |      0|  0|   4|           1|           1|
    |i_3_mid2_fu_389_p3              |  Select  |      0|  0|   4|           1|           1|
    |j_1_mid2_fu_403_p3              |  Select  |      0|  0|   4|           1|           4|
    |j_mid2_fu_295_p3                |  Select  |      0|  0|   4|           1|           4|
    |exitcond1_fu_383_p2             |   icmp   |      0|  0|   5|           4|           5|
    |exitcond4_fu_359_p2             |   icmp   |      0|  0|   5|           4|           5|
    |exitcond7_fu_251_p2             |   icmp   |      0|  0|   5|           4|           5|
    |exitcond_flatten1_fu_371_p2     |   icmp   |      0|  0|   8|           7|           8|
    |exitcond_flatten_fu_263_p2      |   icmp   |      0|  0|   8|           7|           8|
    |exitcond_fu_275_p2              |   icmp   |      0|  0|   5|           4|           5|
    |ap_sig_bdd_196                  |    or    |      0|  0|   2|           1|           1|
    +--------------------------------+----------+-------+---+----+------------+------------+
    |Total                           |          |      0|  0| 124|         105|          87|
    +--------------------------------+----------+-------+---+----+------------+------------+

    * Multiplexer: 
    +--------------------------+----+-----------+-----+-----------+
    |           Name           | LUT| Input Size| Bits| Total Bits|
    +--------------------------+----+-----------+-----+-----------+
    |col_inbuf_address0        |   6|          3|    6|         18|
    |col_outbuf_address0       |   6|          3|    6|         18|
    |grp_dct_1d_fu_222_src_q0  |  16|          3|   16|         48|
    |grp_dct_1d_fu_222_src_q1  |  16|          3|   16|         48|
    |grp_dct_1d_fu_222_tmp_1   |   4|          3|    4|         12|
    |grp_dct_1d_fu_222_tmp_11  |   4|          3|    4|         12|
    |i_1_reg_165               |   4|          2|    4|          8|
    |i_2_reg_176               |   4|          2|    4|          8|
    |i_3_reg_210               |   4|          2|    4|          8|
    |i_reg_131                 |   4|          2|    4|          8|
    |indvar_flatten1_reg_188   |   7|          2|    7|         14|
    |indvar_flatten_reg_143    |   7|          2|    7|         14|
    |j_1_phi_fu_203_p4         |   4|          2|    4|          8|
    |j_1_reg_199               |   4|          2|    4|          8|
    |j_phi_fu_158_p4           |   4|          2|    4|          8|
    |j_reg_154                 |   4|          2|    4|          8|
    |row_outbuf_address0       |   6|          3|    6|         18|
    +--------------------------+----+-----------+-----+-----------+
    |Total                     | 104|         41|  104|        266|
    +--------------------------+----+-----------+-----+-----------+

    * Register: 
    +------------------------------------------------+---+-----+-----------+
    |                      Name                      | FF| Bits| Const Bits|
    +------------------------------------------------+---+-----+-----------+
    |ap_CS_fsm                                       |  3|    3|          0|
    |ap_done_reg                                     |  1|    1|          0|
    |ap_reg_ppiten_pp0_it0                           |  1|    1|          0|
    |ap_reg_ppiten_pp0_it1                           |  1|    1|          0|
    |ap_reg_ppiten_pp0_it2                           |  1|    1|          0|
    |ap_reg_ppiten_pp1_it0                           |  1|    1|          0|
    |ap_reg_ppiten_pp1_it1                           |  1|    1|          0|
    |ap_reg_ppiten_pp1_it2                           |  1|    1|          0|
    |ap_reg_ppstg_exitcond_flatten1_reg_515_pp1_it1  |  1|    1|          0|
    |ap_reg_ppstg_exitcond_flatten_reg_475_pp0_it1   |  1|    1|          0|
    |ap_reg_ppstg_i_1_mid2_reg_484_pp0_it1           |  4|    4|          0|
    |ap_reg_ppstg_i_3_mid2_reg_524_pp1_it1           |  4|    4|          0|
    |ap_reg_ppstg_j_1_mid2_reg_530_pp1_it1           |  4|    4|          0|
    |ap_reg_ppstg_j_mid2_reg_490_pp0_it1             |  4|    4|          0|
    |exitcond_flatten1_reg_515                       |  1|    1|          0|
    |exitcond_flatten_reg_475                        |  1|    1|          0|
    |grp_dct_1d_fu_222_ap_start_ap_start_reg         |  1|    1|          0|
    |i_1_mid2_reg_484                                |  4|    4|          0|
    |i_1_reg_165                                     |  4|    4|          0|
    |i_2_reg_176                                     |  4|    4|          0|
    |i_3_mid2_reg_524                                |  4|    4|          0|
    |i_3_reg_210                                     |  4|    4|          0|
    |i_4_reg_470                                     |  4|    4|          0|
    |i_5_reg_510                                     |  4|    4|          0|
    |i_reg_131                                       |  4|    4|          0|
    |indvar_flatten1_reg_188                         |  7|    7|          0|
    |indvar_flatten_reg_143                          |  7|    7|          0|
    |j_1_mid2_reg_530                                |  4|    4|          0|
    |j_1_reg_199                                     |  4|    4|          0|
    |j_mid2_reg_490                                  |  4|    4|          0|
    |j_reg_154                                       |  4|    4|          0|
    +------------------------------------------------+---+-----+-----------+
    |Total                                           | 93|   93|          0|
    +------------------------------------------------+---+-----+-----------+



================================================================
== Interface
================================================================
* Summary: 
+--------------------+-----+-----+------------+--------------+--------------+
|      RTL Ports     | Dir | Bits|  Protocol  | Source Object|    C Type    |
+--------------------+-----+-----+------------+--------------+--------------+
|ap_clk              |  in |    1| ap_ctrl_hs |    dct_2d    | return value |
|ap_rst              |  in |    1| ap_ctrl_hs |    dct_2d    | return value |
|ap_start            |  in |    1| ap_ctrl_hs |    dct_2d    | return value |
|ap_done             | out |    1| ap_ctrl_hs |    dct_2d    | return value |
|ap_continue         |  in |    1| ap_ctrl_hs |    dct_2d    | return value |
|ap_idle             | out |    1| ap_ctrl_hs |    dct_2d    | return value |
|ap_ready            | out |    1| ap_ctrl_hs |    dct_2d    | return value |
|in_block_address0   | out |    6|  ap_memory |   in_block   |     array    |
|in_block_ce0        | out |    1|  ap_memory |   in_block   |     array    |
|in_block_q0         |  in |   16|  ap_memory |   in_block   |     array    |
|in_block_address1   | out |    6|  ap_memory |   in_block   |     array    |
|in_block_ce1        | out |    1|  ap_memory |   in_block   |     array    |
|in_block_q1         |  in |   16|  ap_memory |   in_block   |     array    |
|out_block_address0  | out |    6|  ap_memory |   out_block  |     array    |
|out_block_ce0       | out |    1|  ap_memory |   out_block  |     array    |
|out_block_we0       | out |    1|  ap_memory |   out_block  |     array    |
|out_block_d0        | out |   16|  ap_memory |   out_block  |     array    |
+--------------------+-----+-----+------------+--------------+--------------+

