

================================================================
== Vivado HLS Report for 'read_data'
================================================================
* Date:           Fri Mar 13 22:09:04 2015

* Version:        2013.3 (build date: Wed Oct 16 18:12:55 PM 2013)
* Project:        DCT_HLS_Project
* Solution:       solution4
* Product family: zynq zynq_fpv6 
* Target device:  xc7z020clg484-1


================================================================
== Performance Estimates
================================================================
+ Timing (ns): 
    * Summary: 
    +---------+-------+----------+------------+
    |  Clock  | Target| Estimated| Uncertainty|
    +---------+-------+----------+------------+
    |default  |   8.00|      6.28|        1.00|
    +---------+-------+----------+------------+

+ Latency (clock cycles): 
    * Summary: 
    +-----+-----+-----+-----+---------+
    |  Latency  |  Interval | Pipeline|
    | min | max | min | max |   Type  |
    +-----+-----+-----+-----+---------+
    |   67|   67|   67|   67|   none  |
    +-----+-----+-----+-----+---------+

    + Detail: 
        * Instance: 
        N/A

        * Loop: 
        +---------------------------+-----+-----+----------+-----------+-----------+------+----------+
        |                           |  Latency  | Iteration|  Initiation Interval  | Trip |          |
        |         Loop Name         | min | max |  Latency |  achieved |   target  | Count| Pipelined|
        +---------------------------+-----+-----+----------+-----------+-----------+------+----------+
        |- RD_Loop_Row_RD_Loop_Col  |   65|   65|         3|          1|          1|    64|    yes   |
        +---------------------------+-----+-----+----------+-----------+-----------+------+----------+



================================================================
== Utilization Estimates
================================================================
* Summary: 
+-----------------+---------+-------+--------+-------+
|       Name      | BRAM_18K| DSP48E|   FF   |  LUT  |
+-----------------+---------+-------+--------+-------+
|Expression       |        -|      -|       0|     52|
|FIFO             |        -|      -|       -|      -|
|Instance         |        -|      -|       -|      -|
|Memory           |        -|      -|       -|      -|
|Multiplexer      |        -|      -|       -|     19|
|Register         |        -|      -|      36|      -|
|ShiftMemory      |        -|      -|       -|      -|
+-----------------+---------+-------+--------+-------+
|Total            |        0|      0|      36|     71|
+-----------------+---------+-------+--------+-------+
|Available        |      280|    220|  106400|  53200|
+-----------------+---------+-------+--------+-------+
|Utilization (%)  |        0|      0|   ~0   |   ~0  |
+-----------------+---------+-------+--------+-------+

+ Detail: 
    * Instance: 
    N/A

    * Memory: 
    N/A

    * FIFO: 
    N/A

    * Shift register: 
    N/A

    * Expression: 
    +-------------------------------+----------+-------+---+----+------------+------------+
    |         Variable Name         | Operation| DSP48E| FF| LUT| Bitwidth P0| Bitwidth P1|
    +-------------------------------+----------+-------+---+----+------------+------------+
    |c_1_fu_130_p2                  |     +    |      0|  0|   4|           4|           1|
    |indvar_flatten_next_fu_110_p2  |     +    |      0|  0|   7|           7|           1|
    |p_addr1_fu_189_p2              |     +    |      0|  0|   8|           8|           8|
    |r_s_fu_136_p2                  |     +    |      0|  0|   4|           4|           1|
    |tmp_5_fu_164_p2                |     +    |      0|  0|   6|           6|           6|
    |c_mid2_fu_122_p3               |  Select  |      0|  0|   4|           1|           1|
    |r_mid2_fu_142_p3               |  Select  |      0|  0|   4|           1|           4|
    |exitcond4_fu_116_p2            |   icmp   |      0|  0|   5|           4|           5|
    |exitcond_flatten_fu_104_p2     |   icmp   |      0|  0|   8|           7|           8|
    |ap_sig_bdd_76                  |    or    |      0|  0|   2|           1|           1|
    +-------------------------------+----------+-------+---+----+------------+------------+
    |Total                          |          |      0|  0|  52|          43|          36|
    +-------------------------------+----------+-------+---+----+------------+------------+

    * Multiplexer: 
    +-----------------------+----+-----------+-----+-----------+
    |          Name         | LUT| Input Size| Bits| Total Bits|
    +-----------------------+----+-----------+-----+-----------+
    |c_reg_92               |   4|          2|    4|          8|
    |indvar_flatten_reg_69  |   7|          2|    7|         14|
    |r_phi_fu_84_p4         |   4|          2|    4|          8|
    |r_reg_80               |   4|          2|    4|          8|
    +-----------------------+----+-----------+-----+-----------+
    |Total                  |  19|          8|   19|         38|
    +-----------------------+----+-----------+-----+-----------+

    * Register: 
    +-----------------------------------------------+---+-----+-----------+
    |                      Name                     | FF| Bits| Const Bits|
    +-----------------------------------------------+---+-----+-----------+
    |ap_CS_fsm                                      |  2|    2|          0|
    |ap_done_reg                                    |  1|    1|          0|
    |ap_reg_ppiten_pp0_it0                          |  1|    1|          0|
    |ap_reg_ppiten_pp0_it1                          |  1|    1|          0|
    |ap_reg_ppiten_pp0_it2                          |  1|    1|          0|
    |ap_reg_ppstg_c_mid2_reg_214_pp0_it1            |  4|    4|          0|
    |ap_reg_ppstg_exitcond_flatten_reg_200_pp0_it1  |  1|    1|          0|
    |c_mid2_reg_214                                 |  4|    4|          0|
    |c_reg_92                                       |  4|    4|          0|
    |exitcond4_reg_209                              |  1|    1|          0|
    |exitcond_flatten_reg_200                       |  1|    1|          0|
    |indvar_flatten_reg_69                          |  7|    7|          0|
    |r_mid2_reg_225                                 |  4|    4|          0|
    |r_reg_80                                       |  4|    4|          0|
    +-----------------------------------------------+---+-----+-----------+
    |Total                                          | 36|   36|          0|
    +-----------------------------------------------+---+-----+-----------+



================================================================
== Interface
================================================================
* Summary: 
+------------------+-----+-----+------------+--------------+--------------+
|     RTL Ports    | Dir | Bits|  Protocol  | Source Object|    C Type    |
+------------------+-----+-----+------------+--------------+--------------+
|ap_clk            |  in |    1| ap_ctrl_hs |   read_data  | return value |
|ap_rst            |  in |    1| ap_ctrl_hs |   read_data  | return value |
|ap_start          |  in |    1| ap_ctrl_hs |   read_data  | return value |
|ap_done           | out |    1| ap_ctrl_hs |   read_data  | return value |
|ap_continue       |  in |    1| ap_ctrl_hs |   read_data  | return value |
|ap_idle           | out |    1| ap_ctrl_hs |   read_data  | return value |
|ap_ready          | out |    1| ap_ctrl_hs |   read_data  | return value |
|input_r_address0  | out |    6|  ap_memory |    input_r   |     array    |
|input_r_ce0       | out |    1|  ap_memory |    input_r   |     array    |
|input_r_q0        |  in |   16|  ap_memory |    input_r   |     array    |
|buf_r_address0    | out |    6|  ap_memory |     buf_r    |     array    |
|buf_r_ce0         | out |    1|  ap_memory |     buf_r    |     array    |
|buf_r_we0         | out |    1|  ap_memory |     buf_r    |     array    |
|buf_r_d0          | out |   16|  ap_memory |     buf_r    |     array    |
+------------------+-----+-----+------------+--------------+--------------+

