/nfs/TUEIEDAprojects/SystemDesign/work/zynq/uzair-sharif/EDA_Munish/work_dir/dualCore_SOGRER/videoProcessing_prj/implementation/system.ngc 1434982966
/nfs/TUEIEDAprojects/SystemDesign/work/zynq/uzair-sharif/EDA_Munish/work_dir/dualCore_SOGRER/videoProcessing_prj/implementation/system_cam_interface_0_wrapper.ngc 1434982865
/nfs/TUEIEDAprojects/SystemDesign/work/zynq/uzair-sharif/EDA_Munish/work_dir/dualCore_SOGRER/videoProcessing_prj/implementation/system_util_vector_logic_0_wrapper.ngc 1434982589
/nfs/TUEIEDAprojects/SystemDesign/work/zynq/uzair-sharif/EDA_Munish/work_dir/dualCore_SOGRER/videoProcessing_prj/implementation/system_axi_i2s_adi_0_wrapper.ngc 1434982845
/nfs/TUEIEDAprojects/SystemDesign/work/zynq/uzair-sharif/EDA_Munish/work_dir/dualCore_SOGRER/videoProcessing_prj/implementation/system_processing_system7_0_wrapper.ngc 1434982589
/nfs/TUEIEDAprojects/SystemDesign/work/zynq/uzair-sharif/EDA_Munish/work_dir/dualCore_SOGRER/videoProcessing_prj/implementation/system_axi_dma_i2s_wrapper.ngc 1434982589
/nfs/TUEIEDAprojects/SystemDesign/work/zynq/uzair-sharif/EDA_Munish/work_dir/dualCore_SOGRER/videoProcessing_prj/implementation/system_axi_interconnect_1_wrapper.ngc 1434982897
/nfs/TUEIEDAprojects/SystemDesign/work/zynq/uzair-sharif/EDA_Munish/work_dir/dualCore_SOGRER/videoProcessing_prj/implementation/system_axi_interconnect_2_wrapper.ngc 1434982589
/nfs/TUEIEDAprojects/SystemDesign/work/zynq/uzair-sharif/EDA_Munish/work_dir/dualCore_SOGRER/videoProcessing_prj/implementation/system_axi_interconnect_3_wrapper.ngc 1434982590
/nfs/TUEIEDAprojects/SystemDesign/work/zynq/uzair-sharif/EDA_Munish/work_dir/dualCore_SOGRER/videoProcessing_prj/implementation/system_axi_interconnect_0_wrapper.ngc 1434982589
/nfs/TUEIEDAprojects/SystemDesign/work/zynq/uzair-sharif/EDA_Munish/work_dir/dualCore_SOGRER/videoProcessing_prj/implementation/system_axi_clkgen_0_wrapper.ngc 1434982740
/nfs/TUEIEDAprojects/SystemDesign/work/zynq/uzair-sharif/EDA_Munish/work_dir/dualCore_SOGRER/videoProcessing_prj/implementation/system_clock_generator_0_wrapper.ngc 1434982901
/nfs/TUEIEDAprojects/SystemDesign/work/zynq/uzair-sharif/EDA_Munish/work_dir/dualCore_SOGRER/videoProcessing_prj/implementation/system_axi_vdma_0_wrapper.ngc 1434982589
/nfs/TUEIEDAprojects/SystemDesign/work/zynq/uzair-sharif/EDA_Munish/work_dir/dualCore_SOGRER/videoProcessing_prj/implementation/system_axi_hdmi_tx_16b_0_wrapper.ngc 1434982725
/nfs/TUEIEDAprojects/SystemDesign/work/zynq/uzair-sharif/EDA_Munish/work_dir/dualCore_SOGRER/videoProcessing_prj/implementation/system_axi_vdma_1_wrapper.ngc 1434982590
/nfs/TUEIEDAprojects/SystemDesign/work/zynq/uzair-sharif/EDA_Munish/work_dir/dualCore_SOGRER/videoProcessing_prj/implementation/system_gray_scale_top_0_wrapper.ngc 1434982879
/nfs/TUEIEDAprojects/SystemDesign/work/zynq/uzair-sharif/EDA_Munish/work_dir/dualCore_SOGRER/videoProcessing_prj/implementation/system_sobel_filter_top_0_wrapper.ngc 1434982892
/nfs/TUEIEDAprojects/SystemDesign/work/zynq/uzair-sharif/EDA_Munish/work_dir/dualCore_SOGRER/videoProcessing_prj/implementation/system_axi_vdma_2_wrapper.ngc 1434982590
/nfs/TUEIEDAprojects/SystemDesign/work/zynq/uzair-sharif/EDA_Munish/work_dir/dualCore_SOGRER/videoProcessing_prj/implementation/system_axi_iic_0_wrapper.ngc 1434982589
/nfs/TUEIEDAprojects/SystemDesign/work/zynq/uzair-sharif/EDA_Munish/work_dir/dualCore_SOGRER/videoProcessing_prj/implementation/system_util_i2c_mixer_0_wrapper.ngc 1434982854
OK
