Xilinx Platform Studio (XPS)
Xilinx EDK 14.7 Build EDK_P.20131013
Copyright (c) 1995-2012 Xilinx, Inc.  All rights reserved.

WARNING:EDK:4058 - INSTANCE: axi_vdma_2, BUS_INTERFACE: M_AXI_MM2S -  is not connected to any slave. 
WARNING:EDK:4058 - INSTANCE: axi_vdma_2, BUS_INTERFACE: M_AXI_S2MM -  is not connected to any slave. 
WARNING:EDK:4058 - INSTANCE: axi_vdma_3, BUS_INTERFACE: M_AXI_MM2S -  is not connected to any slave. 
WARNING:EDK:4058 - INSTANCE: axi_vdma_3, BUS_INTERFACE: M_AXI_S2MM -  is not connected to any slave. 
WARNING:EDK:4058 - INSTANCE: axi_vdma_2, BUS_INTERFACE: M_AXI_MM2S -  is not connected to any slave. 
WARNING:EDK:4058 - INSTANCE: axi_vdma_2, BUS_INTERFACE: M_AXI_S2MM -  is not connected to any slave. 
WARNING:EDK:4058 - INSTANCE: axi_vdma_3, BUS_INTERFACE: M_AXI_MM2S -  is not connected to any slave. 
WARNING:EDK:4058 - INSTANCE: axi_vdma_3, BUS_INTERFACE: M_AXI_S2MM -  is not connected to any slave. 
WARNING:EDK:4058 - INSTANCE: axi_vdma_2, BUS_INTERFACE: M_AXI_MM2S -  is not connected to any slave. 
WARNING:EDK:4058 - INSTANCE: axi_vdma_2, BUS_INTERFACE: M_AXI_S2MM -  is not connected to any slave. 
WARNING:EDK:4058 - INSTANCE: axi_vdma_3, BUS_INTERFACE: M_AXI_MM2S -  is not connected to any slave. 
WARNING:EDK:4058 - INSTANCE: axi_vdma_3, BUS_INTERFACE: M_AXI_S2MM -  is not connected to any slave. 
Writing filter settings....
Done writing filter settings to:
	/nfs/TUEIEDAprojects/SystemDesign/work/zynq/mamatha/uzair_sharif/EDA_Munish/work_dir/dualCore_SOGRER/videoProcessing_prj/etc/system.filters
Done writing Tab View settings to:
	/nfs/TUEIEDAprojects/SystemDesign/work/zynq/mamatha/uzair_sharif/EDA_Munish/work_dir/dualCore_SOGRER/videoProcessing_prj/etc/system.gui
Xilinx Platform Studio (XPS)
Xilinx EDK 14.7 Build EDK_P.20131013
Copyright (c) 1995-2012 Xilinx, Inc.  All rights reserved.

WARNING:EDK:4058 - INSTANCE: axi_vdma_2, BUS_INTERFACE: M_AXI_MM2S -  is not connected to any slave. 
WARNING:EDK:4058 - INSTANCE: axi_vdma_2, BUS_INTERFACE: M_AXI_S2MM -  is not connected to any slave. 
WARNING:EDK:4058 - INSTANCE: axi_vdma_3, BUS_INTERFACE: M_AXI_MM2S -  is not connected to any slave. 
WARNING:EDK:4058 - INSTANCE: axi_vdma_3, BUS_INTERFACE: M_AXI_S2MM -  is not connected to any slave. 
WARNING:EDK:4058 - INSTANCE: axi_vdma_2, BUS_INTERFACE: M_AXI_MM2S -  is not connected to any slave. 
WARNING:EDK:4058 - INSTANCE: axi_vdma_2, BUS_INTERFACE: M_AXI_S2MM -  is not connected to any slave. 
WARNING:EDK:4058 - INSTANCE: axi_vdma_3, BUS_INTERFACE: M_AXI_MM2S -  is not connected to any slave. 
WARNING:EDK:4058 - INSTANCE: axi_vdma_3, BUS_INTERFACE: M_AXI_S2MM -  is not connected to any slave. 
WARNING:EDK:4058 - INSTANCE: axi_vdma_2, BUS_INTERFACE: M_AXI_MM2S -  is not connected to any slave. 
WARNING:EDK:4058 - INSTANCE: axi_vdma_2, BUS_INTERFACE: M_AXI_S2MM -  is not connected to any slave. 
WARNING:EDK:4058 - INSTANCE: axi_vdma_3, BUS_INTERFACE: M_AXI_MM2S -  is not connected to any slave. 
WARNING:EDK:4058 - INSTANCE: axi_vdma_3, BUS_INTERFACE: M_AXI_S2MM -  is not connected to any slave. 

********************************************************************************
At Local date and time: Sat Jul  4 07:01:24 2015
 make -f system.make exporttosdk started...
make: Nothing to be done for `exporttosdk'.
Done!
Xilinx Platform Studio (XPS)
Xilinx EDK 14.7 Build EDK_P.20131013
Copyright (c) 1995-2012 Xilinx, Inc.  All rights reserved.

WARNING:EDK:4058 - INSTANCE: axi_vdma_2, BUS_INTERFACE: M_AXI_MM2S -  is not connected to any slave. 
WARNING:EDK:4058 - INSTANCE: axi_vdma_2, BUS_INTERFACE: M_AXI_S2MM -  is not connected to any slave. 
WARNING:EDK:4058 - INSTANCE: axi_vdma_3, BUS_INTERFACE: M_AXI_MM2S -  is not connected to any slave. 
WARNING:EDK:4058 - INSTANCE: axi_vdma_3, BUS_INTERFACE: M_AXI_S2MM -  is not connected to any slave. 
WARNING:EDK:4058 - INSTANCE: axi_vdma_2, BUS_INTERFACE: M_AXI_MM2S -  is not connected to any slave. 
WARNING:EDK:4058 - INSTANCE: axi_vdma_2, BUS_INTERFACE: M_AXI_S2MM -  is not connected to any slave. 
WARNING:EDK:4058 - INSTANCE: axi_vdma_3, BUS_INTERFACE: M_AXI_MM2S -  is not connected to any slave. 
WARNING:EDK:4058 - INSTANCE: axi_vdma_3, BUS_INTERFACE: M_AXI_S2MM -  is not connected to any slave. 
WARNING:EDK:4058 - INSTANCE: axi_vdma_2, BUS_INTERFACE: M_AXI_MM2S -  is not connected to any slave. 
WARNING:EDK:4058 - INSTANCE: axi_vdma_2, BUS_INTERFACE: M_AXI_S2MM -  is not connected to any slave. 
WARNING:EDK:4058 - INSTANCE: axi_vdma_3, BUS_INTERFACE: M_AXI_MM2S -  is not connected to any slave. 
WARNING:EDK:4058 - INSTANCE: axi_vdma_3, BUS_INTERFACE: M_AXI_S2MM -  is not connected to any slave. 

********************************************************************************
At Local date and time: Sat Jul  4 13:19:01 2015
 make -f system.make exporttosdk started...
make: Nothing to be done for `exporttosdk'.
Done!
Writing filter settings....
Done writing filter settings to:
	/nfs/TUEIEDAprojects/SystemDesign/work/zynq/mamatha/uzair_sharif/EDA_Munish/work_dir/dualCore_SOGRER/videoProcessing_prj/etc/system.filters
Done writing Tab View settings to:
	/nfs/TUEIEDAprojects/SystemDesign/work/zynq/mamatha/uzair_sharif/EDA_Munish/work_dir/dualCore_SOGRER/videoProcessing_prj/etc/system.gui
WARNING:EDK:4058 - INSTANCE: axi_vdma_2, BUS_INTERFACE: M_AXI_MM2S -  is not connected to any slave. 
WARNING:EDK:4058 - INSTANCE: axi_vdma_2, BUS_INTERFACE: M_AXI_S2MM -  is not connected to any slave. 
WARNING:EDK:4058 - INSTANCE: axi_vdma_3, BUS_INTERFACE: M_AXI_MM2S -  is not connected to any slave. 
WARNING:EDK:4058 - INSTANCE: axi_vdma_3, BUS_INTERFACE: M_AXI_S2MM -  is not connected to any slave. 
WARNING:EDK:4058 - INSTANCE: axi_vdma_2, BUS_INTERFACE: M_AXI_MM2S -  is not connected to any slave. 
WARNING:EDK:4058 - INSTANCE: axi_vdma_2, BUS_INTERFACE: M_AXI_S2MM -  is not connected to any slave. 
WARNING:EDK:4058 - INSTANCE: axi_vdma_3, BUS_INTERFACE: M_AXI_MM2S -  is not connected to any slave. 
WARNING:EDK:4058 - INSTANCE: axi_vdma_3, BUS_INTERFACE: M_AXI_S2MM -  is not connected to any slave. 
WARNING:EDK:4058 - INSTANCE: axi_vdma_2, BUS_INTERFACE: M_AXI_MM2S -  is not connected to any slave. 
WARNING:EDK:4058 - INSTANCE: axi_vdma_2, BUS_INTERFACE: M_AXI_S2MM -  is not connected to any slave. 
WARNING:EDK:4058 - INSTANCE: axi_vdma_3, BUS_INTERFACE: M_AXI_MM2S -  is not connected to any slave. 
WARNING:EDK:4058 - INSTANCE: axi_vdma_3, BUS_INTERFACE: M_AXI_S2MM -  is not connected to any slave. 
Writing filter settings....
Done writing filter settings to:
	/nfs/TUEIEDAprojects/SystemDesign/work/zynq/mamatha/uzair_sharif/EDA_Munish/work_dir/dualCore_SOGRER/videoProcessing_prj/etc/system.filters
Done writing Tab View settings to:
	/nfs/TUEIEDAprojects/SystemDesign/work/zynq/mamatha/uzair_sharif/EDA_Munish/work_dir/dualCore_SOGRER/videoProcessing_prj/etc/system.gui
Xilinx Platform Studio (XPS)
Xilinx EDK 14.7 Build EDK_P.20131013
Copyright (c) 1995-2012 Xilinx, Inc.  All rights reserved.

WARNING:EDK:4058 - INSTANCE: axi_vdma_2, BUS_INTERFACE: M_AXI_MM2S -  is not connected to any slave. 
WARNING:EDK:4058 - INSTANCE: axi_vdma_2, BUS_INTERFACE: M_AXI_S2MM -  is not connected to any slave. 
WARNING:EDK:4058 - INSTANCE: axi_vdma_3, BUS_INTERFACE: M_AXI_MM2S -  is not connected to any slave. 
WARNING:EDK:4058 - INSTANCE: axi_vdma_3, BUS_INTERFACE: M_AXI_S2MM -  is not connected to any slave. 
WARNING:EDK:4058 - INSTANCE: axi_vdma_2, BUS_INTERFACE: M_AXI_MM2S -  is not connected to any slave. 
WARNING:EDK:4058 - INSTANCE: axi_vdma_2, BUS_INTERFACE: M_AXI_S2MM -  is not connected to any slave. 
WARNING:EDK:4058 - INSTANCE: axi_vdma_3, BUS_INTERFACE: M_AXI_MM2S -  is not connected to any slave. 
WARNING:EDK:4058 - INSTANCE: axi_vdma_3, BUS_INTERFACE: M_AXI_S2MM -  is not connected to any slave. 
WARNING:EDK:4058 - INSTANCE: axi_vdma_2, BUS_INTERFACE: M_AXI_MM2S -  is not connected to any slave. 
WARNING:EDK:4058 - INSTANCE: axi_vdma_2, BUS_INTERFACE: M_AXI_S2MM -  is not connected to any slave. 
WARNING:EDK:4058 - INSTANCE: axi_vdma_3, BUS_INTERFACE: M_AXI_MM2S -  is not connected to any slave. 
WARNING:EDK:4058 - INSTANCE: axi_vdma_3, BUS_INTERFACE: M_AXI_S2MM -  is not connected to any slave. 
Writing filter settings....
Done writing filter settings to:
	/nfs/TUEIEDAprojects/SystemDesign/work/zynq/mamatha/uzair_sharif/EDA_Munish/work_dir/dualCore_SOGRER_libIntegration/videoProcessing_prj/etc/system.filters
Done writing Tab View settings to:
	/nfs/TUEIEDAprojects/SystemDesign/work/zynq/mamatha/uzair_sharif/EDA_Munish/work_dir/dualCore_SOGRER_libIntegration/videoProcessing_prj/etc/system.gui
Xilinx Platform Studio (XPS)
Xilinx EDK 14.7 Build EDK_P.20131013
Copyright (c) 1995-2012 Xilinx, Inc.  All rights reserved.

WARNING:EDK:4058 - INSTANCE: axi_vdma_2, BUS_INTERFACE: M_AXI_MM2S -  is not connected to any slave. 
WARNING:EDK:4058 - INSTANCE: axi_vdma_2, BUS_INTERFACE: M_AXI_S2MM -  is not connected to any slave. 
WARNING:EDK:4058 - INSTANCE: axi_vdma_3, BUS_INTERFACE: M_AXI_MM2S -  is not connected to any slave. 
WARNING:EDK:4058 - INSTANCE: axi_vdma_3, BUS_INTERFACE: M_AXI_S2MM -  is not connected to any slave. 
WARNING:EDK:4058 - INSTANCE: axi_vdma_2, BUS_INTERFACE: M_AXI_MM2S -  is not connected to any slave. 
WARNING:EDK:4058 - INSTANCE: axi_vdma_2, BUS_INTERFACE: M_AXI_S2MM -  is not connected to any slave. 
WARNING:EDK:4058 - INSTANCE: axi_vdma_3, BUS_INTERFACE: M_AXI_MM2S -  is not connected to any slave. 
WARNING:EDK:4058 - INSTANCE: axi_vdma_3, BUS_INTERFACE: M_AXI_S2MM -  is not connected to any slave. 
WARNING:EDK:4058 - INSTANCE: axi_vdma_2, BUS_INTERFACE: M_AXI_MM2S -  is not connected to any slave. 
WARNING:EDK:4058 - INSTANCE: axi_vdma_2, BUS_INTERFACE: M_AXI_S2MM -  is not connected to any slave. 
WARNING:EDK:4058 - INSTANCE: axi_vdma_3, BUS_INTERFACE: M_AXI_MM2S -  is not connected to any slave. 
WARNING:EDK:4058 - INSTANCE: axi_vdma_3, BUS_INTERFACE: M_AXI_S2MM -  is not connected to any slave. 
Xilinx Platform Studio (XPS)
Xilinx EDK 14.7 Build EDK_P.20131013
Copyright (c) 1995-2012 Xilinx, Inc.  All rights reserved.

WARNING:EDK:4058 - INSTANCE: axi_vdma_2, BUS_INTERFACE: M_AXI_MM2S -  is not connected to any slave. 
WARNING:EDK:4058 - INSTANCE: axi_vdma_2, BUS_INTERFACE: M_AXI_S2MM -  is not connected to any slave. 
WARNING:EDK:4058 - INSTANCE: axi_vdma_3, BUS_INTERFACE: M_AXI_MM2S -  is not connected to any slave. 
WARNING:EDK:4058 - INSTANCE: axi_vdma_3, BUS_INTERFACE: M_AXI_S2MM -  is not connected to any slave. 
WARNING:EDK:4058 - INSTANCE: axi_vdma_2, BUS_INTERFACE: M_AXI_MM2S -  is not connected to any slave. 
WARNING:EDK:4058 - INSTANCE: axi_vdma_2, BUS_INTERFACE: M_AXI_S2MM -  is not connected to any slave. 
WARNING:EDK:4058 - INSTANCE: axi_vdma_3, BUS_INTERFACE: M_AXI_MM2S -  is not connected to any slave. 
WARNING:EDK:4058 - INSTANCE: axi_vdma_3, BUS_INTERFACE: M_AXI_S2MM -  is not connected to any slave. 
WARNING:EDK:4058 - INSTANCE: axi_vdma_2, BUS_INTERFACE: M_AXI_MM2S -  is not connected to any slave. 
WARNING:EDK:4058 - INSTANCE: axi_vdma_2, BUS_INTERFACE: M_AXI_S2MM -  is not connected to any slave. 
WARNING:EDK:4058 - INSTANCE: axi_vdma_3, BUS_INTERFACE: M_AXI_MM2S -  is not connected to any slave. 
WARNING:EDK:4058 - INSTANCE: axi_vdma_3, BUS_INTERFACE: M_AXI_S2MM -  is not connected to any slave. 
Writing filter settings....
Done writing filter settings to:
	/nfs/TUEIEDAprojects/SystemDesign/work/zynq/mamatha/uzair_sharif/EDA_Munish/work_dir/dualCore_SOGRER_libIntegration/videoProcessing_prj/etc/system.filters
Done writing Tab View settings to:
	/nfs/TUEIEDAprojects/SystemDesign/work/zynq/mamatha/uzair_sharif/EDA_Munish/work_dir/dualCore_SOGRER_libIntegration/videoProcessing_prj/etc/system.gui
Xilinx Platform Studio (XPS)
Xilinx EDK 14.7 Build EDK_P.20131013
Copyright (c) 1995-2012 Xilinx, Inc.  All rights reserved.

WARNING:EDK:4058 - INSTANCE: axi_vdma_2, BUS_INTERFACE: M_AXI_MM2S -  is not connected to any slave. 
WARNING:EDK:4058 - INSTANCE: axi_vdma_2, BUS_INTERFACE: M_AXI_S2MM -  is not connected to any slave. 
WARNING:EDK:4058 - INSTANCE: axi_vdma_3, BUS_INTERFACE: M_AXI_MM2S -  is not connected to any slave. 
WARNING:EDK:4058 - INSTANCE: axi_vdma_3, BUS_INTERFACE: M_AXI_S2MM -  is not connected to any slave. 
WARNING:EDK:4058 - INSTANCE: axi_vdma_2, BUS_INTERFACE: M_AXI_MM2S -  is not connected to any slave. 
WARNING:EDK:4058 - INSTANCE: axi_vdma_2, BUS_INTERFACE: M_AXI_S2MM -  is not connected to any slave. 
WARNING:EDK:4058 - INSTANCE: axi_vdma_3, BUS_INTERFACE: M_AXI_MM2S -  is not connected to any slave. 
WARNING:EDK:4058 - INSTANCE: axi_vdma_3, BUS_INTERFACE: M_AXI_S2MM -  is not connected to any slave. 
WARNING:EDK:4058 - INSTANCE: axi_vdma_2, BUS_INTERFACE: M_AXI_MM2S -  is not connected to any slave. 
WARNING:EDK:4058 - INSTANCE: axi_vdma_2, BUS_INTERFACE: M_AXI_S2MM -  is not connected to any slave. 
WARNING:EDK:4058 - INSTANCE: axi_vdma_3, BUS_INTERFACE: M_AXI_MM2S -  is not connected to any slave. 
WARNING:EDK:4058 - INSTANCE: axi_vdma_3, BUS_INTERFACE: M_AXI_S2MM -  is not connected to any slave. 
Writing filter settings....
Done writing filter settings to:
	/nfs/TUEIEDAprojects/SystemDesign/work/zynq/mamatha/uzair_sharif/EDA_Munish/work_dir/dualCore_SOGRER_libIntegration/videoProcessing_prj/etc/system.filters
Done writing Tab View settings to:
	/nfs/TUEIEDAprojects/SystemDesign/work/zynq/mamatha/uzair_sharif/EDA_Munish/work_dir/dualCore_SOGRER_libIntegration/videoProcessing_prj/etc/system.gui
Xilinx Platform Studio (XPS)
Xilinx EDK 14.7 Build EDK_P.20131013
Copyright (c) 1995-2012 Xilinx, Inc.  All rights reserved.

WARNING:EDK:4058 - INSTANCE: axi_vdma_2, BUS_INTERFACE: M_AXI_MM2S -  is not connected to any slave. 
WARNING:EDK:4058 - INSTANCE: axi_vdma_2, BUS_INTERFACE: M_AXI_S2MM -  is not connected to any slave. 
WARNING:EDK:4058 - INSTANCE: axi_vdma_3, BUS_INTERFACE: M_AXI_MM2S -  is not connected to any slave. 
WARNING:EDK:4058 - INSTANCE: axi_vdma_3, BUS_INTERFACE: M_AXI_S2MM -  is not connected to any slave. 
WARNING:EDK:4058 - INSTANCE: axi_vdma_2, BUS_INTERFACE: M_AXI_MM2S -  is not connected to any slave. 
WARNING:EDK:4058 - INSTANCE: axi_vdma_2, BUS_INTERFACE: M_AXI_S2MM -  is not connected to any slave. 
WARNING:EDK:4058 - INSTANCE: axi_vdma_3, BUS_INTERFACE: M_AXI_MM2S -  is not connected to any slave. 
WARNING:EDK:4058 - INSTANCE: axi_vdma_3, BUS_INTERFACE: M_AXI_S2MM -  is not connected to any slave. 
WARNING:EDK:4058 - INSTANCE: axi_vdma_2, BUS_INTERFACE: M_AXI_MM2S -  is not connected to any slave. 
WARNING:EDK:4058 - INSTANCE: axi_vdma_2, BUS_INTERFACE: M_AXI_S2MM -  is not connected to any slave. 
WARNING:EDK:4058 - INSTANCE: axi_vdma_3, BUS_INTERFACE: M_AXI_MM2S -  is not connected to any slave. 
WARNING:EDK:4058 - INSTANCE: axi_vdma_3, BUS_INTERFACE: M_AXI_S2MM -  is not connected to any slave. 
Xilinx Platform Studio (XPS)
Xilinx EDK 14.7 Build EDK_P.20131013
Copyright (c) 1995-2012 Xilinx, Inc.  All rights reserved.

WARNING:EDK:4058 - INSTANCE: axi_vdma_2, BUS_INTERFACE: M_AXI_MM2S -  is not connected to any slave. 
WARNING:EDK:4058 - INSTANCE: axi_vdma_2, BUS_INTERFACE: M_AXI_S2MM -  is not connected to any slave. 
WARNING:EDK:4058 - INSTANCE: axi_vdma_3, BUS_INTERFACE: M_AXI_MM2S -  is not connected to any slave. 
WARNING:EDK:4058 - INSTANCE: axi_vdma_3, BUS_INTERFACE: M_AXI_S2MM -  is not connected to any slave. 
WARNING:EDK:4058 - INSTANCE: axi_vdma_2, BUS_INTERFACE: M_AXI_MM2S -  is not connected to any slave. 
WARNING:EDK:4058 - INSTANCE: axi_vdma_2, BUS_INTERFACE: M_AXI_S2MM -  is not connected to any slave. 
WARNING:EDK:4058 - INSTANCE: axi_vdma_3, BUS_INTERFACE: M_AXI_MM2S -  is not connected to any slave. 
WARNING:EDK:4058 - INSTANCE: axi_vdma_3, BUS_INTERFACE: M_AXI_S2MM -  is not connected to any slave. 
WARNING:EDK:4058 - INSTANCE: axi_vdma_2, BUS_INTERFACE: M_AXI_MM2S -  is not connected to any slave. 
WARNING:EDK:4058 - INSTANCE: axi_vdma_2, BUS_INTERFACE: M_AXI_S2MM -  is not connected to any slave. 
WARNING:EDK:4058 - INSTANCE: axi_vdma_3, BUS_INTERFACE: M_AXI_MM2S -  is not connected to any slave. 
WARNING:EDK:4058 - INSTANCE: axi_vdma_3, BUS_INTERFACE: M_AXI_S2MM -  is not connected to any slave. 
Writing filter settings....
Done writing filter settings to:
	/nfs/TUEIEDAprojects/SystemDesign/work/zynq/mamatha/uzair_sharif/EDA_Munish/work_dir/dualCore_SOGRER_libIntegration/videoProcessing_prj/etc/system.filters
Done writing Tab View settings to:
	/nfs/TUEIEDAprojects/SystemDesign/work/zynq/mamatha/uzair_sharif/EDA_Munish/work_dir/dualCore_SOGRER_libIntegration/videoProcessing_prj/etc/system.gui
WARNING:EDK:4058 - INSTANCE: axi_vdma_2, BUS_INTERFACE: M_AXI_MM2S -  is not connected to any slave. 
WARNING:EDK:4058 - INSTANCE: axi_vdma_2, BUS_INTERFACE: M_AXI_S2MM -  is not connected to any slave. 
WARNING:EDK:4058 - INSTANCE: axi_vdma_3, BUS_INTERFACE: M_AXI_MM2S -  is not connected to any slave. 
WARNING:EDK:4058 - INSTANCE: axi_vdma_3, BUS_INTERFACE: M_AXI_S2MM -  is not connected to any slave. 
WARNING:EDK:4058 - INSTANCE: axi_vdma_2, BUS_INTERFACE: M_AXI_MM2S -  is not connected to any slave. 
WARNING:EDK:4058 - INSTANCE: axi_vdma_2, BUS_INTERFACE: M_AXI_S2MM -  is not connected to any slave. 
WARNING:EDK:4058 - INSTANCE: axi_vdma_3, BUS_INTERFACE: M_AXI_MM2S -  is not connected to any slave. 
WARNING:EDK:4058 - INSTANCE: axi_vdma_3, BUS_INTERFACE: M_AXI_S2MM -  is not connected to any slave. 
WARNING:EDK:4058 - INSTANCE: axi_vdma_2, BUS_INTERFACE: M_AXI_MM2S -  is not connected to any slave. 
WARNING:EDK:4058 - INSTANCE: axi_vdma_2, BUS_INTERFACE: M_AXI_S2MM -  is not connected to any slave. 
WARNING:EDK:4058 - INSTANCE: axi_vdma_3, BUS_INTERFACE: M_AXI_MM2S -  is not connected to any slave. 
WARNING:EDK:4058 - INSTANCE: axi_vdma_3, BUS_INTERFACE: M_AXI_S2MM -  is not connected to any slave. 
Writing filter settings....
Done writing filter settings to:
	/nfs/TUEIEDAprojects/SystemDesign/work/zynq/mamatha/uzair_sharif/EDA_Munish/work_dir/dualCore_SOGRER_libIntegration/videoProcessing_prj/etc/system.filters
Done writing Tab View settings to:
	/nfs/TUEIEDAprojects/SystemDesign/work/zynq/mamatha/uzair_sharif/EDA_Munish/work_dir/dualCore_SOGRER_libIntegration/videoProcessing_prj/etc/system.gui
