

================================================================
== Vivado HLS Report for 'Erode_16_16_1080_1920_s'
================================================================
* Date:           Fri Oct 11 11:36:08 2013

* Version:        2013.1 (build date: Thu Mar 21 12:53:03 PM 2013)
* Project:        prj
* Solution:       solution2
* Product family: zynq zynq_fpv6 
* Target device:  xc7z020clg484-1


================================================================
== Performance Estimates
================================================================
+ Timing (ns): 
    * Summary: 
    +---------+-------+----------+------------+
    |  Clock  | Target| Estimated| Uncertainty|
    +---------+-------+----------+------------+
    |default  |   5.00|      4.36|        0.62|
    +---------+-------+----------+------------+

+ Latency (clock cycles): 
    * Summary: 
    +-----+-----+-----+-----+---------+
    |  Latency  |  Interval | Pipeline|
    | min | max | min | max |   Type  |
    +-----+-----+-----+-----+---------+
    |    ?|    ?|    ?|    ?|   none  |
    +-----+-----+-----+-----+---------+

    + Detail: 
        * Instance: 
        +----------------------------------------------------------------------------+-----------------------------------------------------------------+-----+---------+-----+---------+---------+
        |                                                                            |                                                                 |    Latency    |    Interval   | Pipeline|
        |                                  Instance                                  |                              Module                             | min |   max   | min |   max   |   Type  |
        +----------------------------------------------------------------------------+-----------------------------------------------------------------+-----+---------+-----+---------+---------+
        |grp_filter_opr_erode_kernel_16_16_unsigned_char_int_1080_1920_3_3_s_fu_420  |filter_opr_erode_kernel_16_16_unsigned_char_int_1080_1920_3_3_s  |  113|  4164493|  113|  4164493|   none  |
        +----------------------------------------------------------------------------+-----------------------------------------------------------------+-----+---------+-----+---------+---------+

        * Loop: 
        +-------------+-----+-----+----------+-----------+-----------+------+----------+
        |             |  Latency  | Iteration|  Initiation Interval  | Trip |          |
        |  Loop Name  | min | max |  Latency |  achieved |   target  | Count| Pipelined|
        +-------------+-----+-----+----------+-----------+-----------+------+----------+
        |- Loop 1     |    ?|    ?|         ?|          -|          -|     3|    no    |
        | + Loop 1.1  |    9|    9|         3|          -|          -|     3|    no    |
        | + Loop 1.2  |    ?|    ?|         3|          -|          -|     ?|    no    |
        +-------------+-----+-----+----------+-----------+-----------+------+----------+



================================================================
== Utilization Estimates
================================================================
* Summary: 
+-----------------+---------+-------+--------+-------+
|       Name      | BRAM_18K| DSP48E|   FF   |  LUT  |
+-----------------+---------+-------+--------+-------+
|Expression       |        -|      -|       0|    506|
|FIFO             |        -|      -|       -|      -|
|Instance         |        9|      -|    1273|   1919|
|Memory           |        -|      -|       -|      -|
|Multiplexer      |        -|      -|       -|    180|
|Register         |        -|      -|     461|      -|
|ShiftMemory      |        -|      -|       -|      -|
+-----------------+---------+-------+--------+-------+
|Total            |        9|      0|    1734|   2605|
+-----------------+---------+-------+--------+-------+
|Available        |      280|    220|  106400|  53200|
+-----------------+---------+-------+--------+-------+
|Utilization (%)  |        3|      0|       1|      4|
+-----------------+---------+-------+--------+-------+

+ Detail: 
    * Instance: 
    +----------------------------------------------------------------------------+-----------------------------------------------------------------+---------+-------+------+------+
    |                                  Instance                                  |                              Module                             | BRAM_18K| DSP48E|  FF  |  LUT |
    +----------------------------------------------------------------------------+-----------------------------------------------------------------+---------+-------+------+------+
    |grp_filter_opr_erode_kernel_16_16_unsigned_char_int_1080_1920_3_3_s_fu_420  |filter_opr_erode_kernel_16_16_unsigned_char_int_1080_1920_3_3_s  |        9|      0|  1273|  1919|
    +----------------------------------------------------------------------------+-----------------------------------------------------------------+---------+-------+------+------+
    |Total                                                                       |                                                                 |        9|      0|  1273|  1919|
    +----------------------------------------------------------------------------+-----------------------------------------------------------------+---------+-------+------+------+

    * Memory: 
    N/A

    * FIFO: 
    N/A

    * Shift register: 
    N/A

    * Expression: 
    +----------------------------+----------+-------+---+----+------------+------------+
    |        Variable Name       | Operation| DSP48E| FF| LUT| Bitwidth P0| Bitwidth P1|
    +----------------------------+----------+-------+---+----+------------+------------+
    |i_2_fu_466_p2               |     +    |      0|  0|   2|           2|           1|
    |indvar_next1_i_fu_508_p2    |     +    |      0|  0|   2|           2|           1|
    |indvar_next_i_fu_778_p2     |     +    |      0|  0|  32|          32|           1|
    |newSel10_i_fu_699_p3        |  Select  |      0|  0|   8|           1|           8|
    |newSel11_i_fu_707_p3        |  Select  |      0|  0|   8|           1|           8|
    |newSel12_i_fu_722_p3        |  Select  |      0|  0|   8|           1|           1|
    |newSel13_i_fu_729_p3        |  Select  |      0|  0|   8|           1|           8|
    |newSel14_i_fu_736_p3        |  Select  |      0|  0|   8|           1|           8|
    |newSel15_i_fu_743_p3        |  Select  |      0|  0|   8|           1|           8|
    |newSel16_i_fu_750_p3        |  Select  |      0|  0|   8|           1|           8|
    |newSel17_i_fu_758_p3        |  Select  |      0|  0|   8|           1|           8|
    |newSel18_i_fu_878_p3        |  Select  |      0|  0|   8|           1|           8|
    |newSel19_i_fu_889_p3        |  Select  |      0|  0|   8|           1|           8|
    |newSel1_i_fu_614_p3         |  Select  |      0|  0|   8|           1|           8|
    |newSel20_i_fu_901_p3        |  Select  |      0|  0|   8|           1|           8|
    |newSel21_i_fu_1034_p3       |  Select  |      0|  0|   8|           1|           8|
    |newSel22_i_fu_929_p3        |  Select  |      0|  0|   8|           1|           1|
    |newSel23_i_fu_936_p3        |  Select  |      0|  0|   8|           1|           8|
    |newSel24_i_fu_944_p3        |  Select  |      0|  0|   8|           1|           1|
    |newSel25_i_fu_951_p3        |  Select  |      0|  0|   8|           1|           8|
    |newSel26_i_fu_959_p3        |  Select  |      0|  0|   8|           1|           8|
    |newSel27_i_fu_967_p3        |  Select  |      0|  0|   8|           1|           8|
    |newSel28_i_fu_974_p3        |  Select  |      0|  0|   8|           1|           8|
    |newSel29_i_fu_982_p3        |  Select  |      0|  0|   8|           1|           8|
    |newSel2_i_fu_626_p3         |  Select  |      0|  0|   8|           1|           8|
    |newSel30_i_fu_990_p3        |  Select  |      0|  0|   8|           1|           1|
    |newSel31_i_fu_997_p3        |  Select  |      0|  0|   8|           1|           8|
    |newSel32_i_fu_1004_p3       |  Select  |      0|  0|   8|           1|           8|
    |newSel33_i_fu_1011_p3       |  Select  |      0|  0|   8|           1|           8|
    |newSel34_i_fu_1018_p3       |  Select  |      0|  0|   8|           1|           8|
    |newSel35_i_fu_1026_p3       |  Select  |      0|  0|   8|           1|           8|
    |newSel3_i_fu_766_p3         |  Select  |      0|  0|   8|           1|           8|
    |newSel4_i_fu_654_p3         |  Select  |      0|  0|   8|           1|           1|
    |newSel5_i_fu_661_p3         |  Select  |      0|  0|   8|           1|           8|
    |newSel6_i_fu_669_p3         |  Select  |      0|  0|   8|           1|           1|
    |newSel7_i_fu_676_p3         |  Select  |      0|  0|   8|           1|           8|
    |newSel8_i_fu_684_p3         |  Select  |      0|  0|   8|           1|           8|
    |newSel9_i_fu_692_p3         |  Select  |      0|  0|   8|           1|           8|
    |newSel_i_fu_603_p3          |  Select  |      0|  0|   8|           1|           8|
    |result_val13_1_i_fu_922_p3  |  Select  |      0|  0|   8|           1|           8|
    |result_val13_5_i_fu_647_p3  |  Select  |      0|  0|   8|           1|           8|
    |result_val26_1_i_fu_866_p3  |  Select  |      0|  0|   8|           1|           1|
    |result_val26_5_i_fu_715_p3  |  Select  |      0|  0|   8|           1|           1|
    |sel_tmp17_i_fu_640_p3       |  Select  |      0|  0|   8|           1|           1|
    |sel_tmp44_i_fu_915_p3       |  Select  |      0|  0|   8|           1|           1|
    |or_cond2_i_fu_599_p2        |    and   |      0|  0|   2|           1|           1|
    |or_cond31_i_fu_874_p2       |    and   |      0|  0|   2|           1|           1|
    |or_cond34_i_fu_897_p2       |    and   |      0|  0|   2|           1|           1|
    |or_cond5_i_fu_622_p2        |    and   |      0|  0|   2|           1|           1|
    |sel_tmp13_i_fu_554_p2       |    and   |      0|  0|   2|           1|           1|
    |sel_tmp15_i_fu_559_p2       |    and   |      0|  0|   2|           1|           1|
    |sel_tmp16_i_fu_564_p2       |    and   |      0|  0|   2|           1|           1|
    |sel_tmp28_i_fu_794_p2       |    and   |      0|  0|   2|           1|           1|
    |sel_tmp2_i_fu_520_p2        |    and   |      0|  0|   2|           1|           1|
    |sel_tmp32_i_fu_799_p2       |    and   |      0|  0|   2|           1|           1|
    |sel_tmp39_i_fu_828_p2       |    and   |      0|  0|   2|           1|           1|
    |sel_tmp41_i_fu_833_p2       |    and   |      0|  0|   2|           1|           1|
    |sel_tmp42_i_fu_838_p2       |    and   |      0|  0|   2|           1|           1|
    |sel_tmp43_i_fu_843_p2       |    and   |      0|  0|   2|           1|           1|
    |sel_tmp5_i_fu_490_p2        |    and   |      0|  0|   2|           1|           1|
    |sel_tmp6_i_fu_525_p2        |    and   |      0|  0|   2|           1|           1|
    |tmp1_i_fu_542_p2            |    and   |      0|  0|   2|           1|           1|
    |tmp29_i_fu_816_p2           |    and   |      0|  0|   2|           1|           1|
    |exitcond7_fu_502_p2         |   icmp   |      0|  0|   2|           2|           2|
    |exitcond8_i_fu_772_p2       |   icmp   |      0|  0|  40|          32|           1|
    |exitcond_fu_460_p2          |   icmp   |      0|  0|   2|           2|           2|
    |sel_tmp10_i_fu_536_p2       |   icmp   |      0|  0|   2|           2|           1|
    |sel_tmp12_i_fu_548_p2       |   icmp   |      0|  0|   2|           2|           1|
    |sel_tmp1_i_fu_514_p2        |   icmp   |      0|  0|   2|           2|           1|
    |sel_tmp27_i_fu_788_p2       |   icmp   |      0|  0|   2|           2|           1|
    |sel_tmp35_i_fu_804_p2       |   icmp   |      0|  0|   2|           2|           1|
    |sel_tmp36_i_fu_810_p2       |   icmp   |      0|  0|   3|           2|           3|
    |sel_tmp38_i_fu_822_p2       |   icmp   |      0|  0|   3|           2|           3|
    |sel_tmp3_i_fu_478_p2        |   icmp   |      0|  0|   2|           2|           1|
    |sel_tmp4_i_fu_484_p2        |   icmp   |      0|  0|   2|           2|           1|
    |sel_tmp8_i_fu_496_p2        |   icmp   |      0|  0|   2|           2|           1|
    |sel_tmp9_i_fu_530_p2        |   icmp   |      0|  0|   2|           2|           1|
    |sel_tmp_i_fu_472_p2         |   icmp   |      0|  0|   2|           2|           1|
    |tmp_2_i_fu_575_p2           |   icmp   |      0|  0|   2|           2|           1|
    |ap_sig_bdd_59               |    or    |      0|  0|   2|           1|           1|
    |grp_fu_456_p2               |    or    |      0|  0|   2|           1|           1|
    |or_cond1_i_fu_587_p2        |    or    |      0|  0|   2|           1|           1|
    |or_cond29_i_fu_848_p2       |    or    |      0|  0|   2|           1|           1|
    |or_cond30_i_fu_854_p2       |    or    |      0|  0|   2|           1|           1|
    |or_cond33_i_fu_885_p2       |    or    |      0|  0|   2|           1|           1|
    |or_cond35_i_fu_909_p2       |    or    |      0|  0|   2|           1|           1|
    |or_cond4_i_fu_610_p2        |    or    |      0|  0|   2|           1|           1|
    |or_cond6_i_fu_634_p2        |    or    |      0|  0|   2|           1|           1|
    |or_cond_i_fu_581_p2         |    or    |      0|  0|   2|           1|           1|
    |tmp3_fu_860_p2              |    or    |      0|  0|   2|           1|           1|
    |tmp_1_i_fu_569_p2           |    or    |      0|  0|   2|           2|           2|
    |tmp_fu_593_p2               |    or    |      0|  0|   2|           1|           1|
    +----------------------------+----------+-------+---+----+------------+------------+
    |Total                       |          |      0|  0| 506|         172|         323|
    +----------------------------+----------+-------+---+----+------------+------------+

    * Multiplexer: 
    +----------------------------+----+-----------+-----+-----------+
    |            Name            | LUT| Input Size| Bits| Total Bits|
    +----------------------------+----+-----------+-----+-----------+
    |i_reg_178                   |   2|          2|    2|          4|
    |indvar_i_reg_408            |  32|          2|   32|         64|
    |j_reg_289                   |   2|          2|    2|          4|
    |result_val13_2_i_reg_312    |   8|          2|    8|         16|
    |result_val13_6_i_reg_201    |   8|          2|    8|         16|
    |result_val14_2_i_reg_324    |   8|          2|    8|         16|
    |result_val14_6_i_reg_212    |   8|          2|    8|         16|
    |result_val1520_2_i_reg_348  |   8|          2|    8|         16|
    |result_val1520_6_i_reg_234  |   8|          2|    8|         16|
    |result_val16_2_i_reg_336    |   8|          2|    8|         16|
    |result_val16_6_i_reg_223    |   8|          2|    8|         16|
    |result_val26_2_i_reg_360    |   8|          2|    8|         16|
    |result_val26_6_i_reg_245    |   8|          2|    8|         16|
    |result_val27_2_i_reg_384    |   8|          2|    8|         16|
    |result_val27_6_i_reg_267    |   8|          2|    8|         16|
    |result_val28_2_i_reg_396    |   8|          2|    8|         16|
    |result_val28_6_i_reg_278    |   8|          2|    8|         16|
    |result_val2_2_i_reg_300     |   8|          2|    8|         16|
    |result_val2_6_i_reg_190     |   8|          2|    8|         16|
    |result_val_2_i_reg_372      |   8|          2|    8|         16|
    |result_val_6_i_reg_256      |   8|          2|    8|         16|
    +----------------------------+----+-----------+-----+-----------+
    |Total                       | 180|         42|  180|        360|
    +----------------------------+----+-----------+-----+-----------+

    * Register: 
    +--------------------------------------------------------------------------------------------------+----+-----+-----------+
    |                                               Name                                               | FF | Bits| Const Bits|
    +--------------------------------------------------------------------------------------------------+----+-----+-----------+
    |ap_CS_fsm                                                                                         |   4|    4|          0|
    |ap_done_reg                                                                                       |   1|    1|          0|
    |grp_filter_opr_erode_kernel_16_16_unsigned_char_int_1080_1920_3_3_s_fu_420_ap_start_ap_start_reg  |   1|    1|          0|
    |i_2_reg_1053                                                                                      |   2|    2|          0|
    |i_reg_178                                                                                         |   2|    2|          0|
    |indvar_i_reg_408                                                                                  |  32|   32|          0|
    |indvar_next1_i_reg_1088                                                                           |   2|    2|          0|
    |indvar_next_i_reg_1203                                                                            |  32|   32|          0|
    |j_reg_289                                                                                         |   2|    2|          0|
    |newSel11_i_reg_1170                                                                               |   8|    8|          0|
    |newSel13_i_reg_1180                                                                               |   8|    8|          0|
    |newSel16_i_reg_1185                                                                               |   8|    8|          0|
    |newSel17_i_reg_1190                                                                               |   8|    8|          0|
    |newSel20_i_reg_1264                                                                               |   8|    8|          0|
    |newSel23_i_reg_1279                                                                               |   8|    8|          0|
    |newSel26_i_reg_1284                                                                               |   8|    8|          0|
    |newSel29_i_reg_1289                                                                               |   8|    8|          0|
    |newSel2_i_reg_1145                                                                                |   8|    8|          0|
    |newSel31_i_reg_1294                                                                               |   8|    8|          0|
    |newSel34_i_reg_1299                                                                               |   8|    8|          0|
    |newSel35_i_reg_1304                                                                               |   8|    8|          0|
    |newSel5_i_reg_1160                                                                                |   8|    8|          0|
    |newSel8_i_reg_1165                                                                                |   8|    8|          0|
    |or_cond1_i_reg_1129                                                                               |   1|    1|          0|
    |or_cond29_i_reg_1236                                                                              |   1|    1|          0|
    |or_cond30_i_reg_1243                                                                              |   1|    1|          0|
    |or_cond35_i_reg_1269                                                                              |   1|    1|          0|
    |or_cond6_i_reg_1150                                                                               |   1|    1|          0|
    |or_cond_i_reg_1122                                                                                |   1|    1|          0|
    |result_val13_1_i_reg_1274                                                                         |   8|    8|          0|
    |result_val13_2_i_reg_312                                                                          |   8|    8|          0|
    |result_val13_5_i_reg_1155                                                                         |   8|    8|          0|
    |result_val13_6_i_reg_201                                                                          |   8|    8|          0|
    |result_val14_2_i_reg_324                                                                          |   8|    8|          0|
    |result_val14_6_i_reg_212                                                                          |   8|    8|          0|
    |result_val1520_2_i_reg_348                                                                        |   8|    8|          0|
    |result_val1520_6_i_reg_234                                                                        |   8|    8|          0|
    |result_val16_2_i_reg_336                                                                          |   8|    8|          0|
    |result_val16_6_i_reg_223                                                                          |   8|    8|          0|
    |result_val26_1_i_reg_1259                                                                         |   8|    8|          0|
    |result_val26_2_i_reg_360                                                                          |   8|    8|          0|
    |result_val26_5_i_reg_1175                                                                         |   8|    8|          0|
    |result_val26_6_i_reg_245                                                                          |   8|    8|          0|
    |result_val27_2_i_reg_384                                                                          |   8|    8|          0|
    |result_val27_6_i_reg_267                                                                          |   8|    8|          0|
    |result_val28_2_i_reg_396                                                                          |   8|    8|          0|
    |result_val28_6_i_reg_278                                                                          |   8|    8|          0|
    |result_val2_2_i_reg_300                                                                           |   8|    8|          0|
    |result_val2_6_i_reg_190                                                                           |   8|    8|          0|
    |result_val_2_i_reg_372                                                                            |   8|    8|          0|
    |result_val_6_i_reg_256                                                                            |   8|    8|          0|
    |sel_tmp13_i_reg_1104                                                                              |   1|    1|          0|
    |sel_tmp15_i_reg_1110                                                                              |   1|    1|          0|
    |sel_tmp28_i_reg_1208                                                                              |   1|    1|          0|
    |sel_tmp2_i_reg_1093                                                                               |   1|    1|          0|
    |sel_tmp32_i_reg_1213                                                                              |   1|    1|          0|
    |sel_tmp39_i_reg_1218                                                                              |   1|    1|          0|
    |sel_tmp41_i_reg_1224                                                                              |   1|    1|          0|
    |sel_tmp43_i_reg_1230                                                                              |   1|    1|          0|
    |sel_tmp5_i_reg_1069                                                                               |   1|    1|          0|
    |sel_tmp6_i_reg_1098                                                                               |   1|    1|          0|
    |sel_tmp8_i_reg_1077                                                                               |   1|    1|          0|
    |sel_tmp_i_reg_1058                                                                                |   1|    1|          0|
    |temp_kernel_val_0_0_reg_142                                                                       |   8|    8|          0|
    |temp_kernel_val_0_1_reg_106                                                                       |   8|    8|          0|
    |temp_kernel_val_0_2_reg_70                                                                        |   8|    8|          0|
    |temp_kernel_val_1_0_reg_82                                                                        |   8|    8|          0|
    |temp_kernel_val_1_1_reg_94                                                                        |   8|    8|          0|
    |temp_kernel_val_1_2_reg_118                                                                       |   8|    8|          0|
    |temp_kernel_val_2_0_reg_130                                                                       |   8|    8|          0|
    |temp_kernel_val_2_1_reg_154                                                                       |   8|    8|          0|
    |temp_kernel_val_2_2_reg_166                                                                       |   8|    8|          0|
    |tmp3_reg_1248                                                                                     |   1|    1|          0|
    |tmp5_reg_1140                                                                                     |   1|    1|          0|
    |tmp6_reg_1254                                                                                     |   1|    1|          0|
    |tmp_2_i_reg_1116                                                                                  |   1|    1|          0|
    |tmp_reg_1134                                                                                      |   1|    1|          0|
    +--------------------------------------------------------------------------------------------------+----+-----+-----------+
    |Total                                                                                             | 461|  461|          0|
    +--------------------------------------------------------------------------------------------------+----+-----+-----------+



================================================================
== Interface
================================================================
* Summary: 
+-------------------------------+-----+-----+---------+------------------------+--------------+
|           RTL Ports           | Dir | Bits| Protocol|      Source Object     |    C Type    |
+-------------------------------+-----+-----+---------+------------------------+--------------+
|ap_clk                         |  in |    1|        -| Erode<16,16,1080,1920> | return value |
|ap_rst                         |  in |    1|        -| Erode<16,16,1080,1920> | return value |
|ap_start                       |  in |    1|        -| Erode<16,16,1080,1920> | return value |
|ap_done                        | out |    1|        -| Erode<16,16,1080,1920> | return value |
|ap_continue                    |  in |    1|        -| Erode<16,16,1080,1920> | return value |
|ap_idle                        | out |    1|        -| Erode<16,16,1080,1920> | return value |
|ap_ready                       | out |    1|        -| Erode<16,16,1080,1920> | return value |
|p_src_rows_V_read              |  in |   12| ap_none |    p_src_rows_V_read   |    scalar    |
|p_src_cols_V_read              |  in |   12| ap_none |    p_src_cols_V_read   |    scalar    |
|p_src_data_stream_0_V_dout     |  in |    8| ap_fifo |  p_src_data_stream_0_V |    pointer   |
|p_src_data_stream_0_V_empty_n  |  in |    1| ap_fifo |  p_src_data_stream_0_V |    pointer   |
|p_src_data_stream_0_V_read     | out |    1| ap_fifo |  p_src_data_stream_0_V |    pointer   |
|p_src_data_stream_1_V_dout     |  in |    8| ap_fifo |  p_src_data_stream_1_V |    pointer   |
|p_src_data_stream_1_V_empty_n  |  in |    1| ap_fifo |  p_src_data_stream_1_V |    pointer   |
|p_src_data_stream_1_V_read     | out |    1| ap_fifo |  p_src_data_stream_1_V |    pointer   |
|p_src_data_stream_2_V_dout     |  in |    8| ap_fifo |  p_src_data_stream_2_V |    pointer   |
|p_src_data_stream_2_V_empty_n  |  in |    1| ap_fifo |  p_src_data_stream_2_V |    pointer   |
|p_src_data_stream_2_V_read     | out |    1| ap_fifo |  p_src_data_stream_2_V |    pointer   |
|p_dst_data_stream_0_V_din      | out |    8| ap_fifo |  p_dst_data_stream_0_V |    pointer   |
|p_dst_data_stream_0_V_full_n   |  in |    1| ap_fifo |  p_dst_data_stream_0_V |    pointer   |
|p_dst_data_stream_0_V_write    | out |    1| ap_fifo |  p_dst_data_stream_0_V |    pointer   |
|p_dst_data_stream_1_V_din      | out |    8| ap_fifo |  p_dst_data_stream_1_V |    pointer   |
|p_dst_data_stream_1_V_full_n   |  in |    1| ap_fifo |  p_dst_data_stream_1_V |    pointer   |
|p_dst_data_stream_1_V_write    | out |    1| ap_fifo |  p_dst_data_stream_1_V |    pointer   |
|p_dst_data_stream_2_V_din      | out |    8| ap_fifo |  p_dst_data_stream_2_V |    pointer   |
|p_dst_data_stream_2_V_full_n   |  in |    1| ap_fifo |  p_dst_data_stream_2_V |    pointer   |
|p_dst_data_stream_2_V_write    | out |    1| ap_fifo |  p_dst_data_stream_2_V |    pointer   |
+-------------------------------+-----+-----+---------+------------------------+--------------+

