20:24:33 **** Build of project app_cpu1_bsp ****
make -k all 
libgen -hw ../ZynqHW/system.xml\
	       -lp /home/ga38qoh/EDA_Munish/zedboard_training/ZynqSW/2013_3/Support_documents/sdk_repo\
	       -pe ps7_cortexa9_1 \
	       -log libgen.log \
	       system.mss
libgen
Xilinx EDK 14.7 Build EDK_P.20131013
Copyright (c) 1995-2012 Xilinx, Inc.  All rights reserved.

Command Line: libgen -hw ../ZynqHW/system.xml -lp
/home/ga38qoh/EDA_Munish/zedboard_training/ZynqSW/2013_3/Support_documents/sdk_r
epo -pe ps7_cortexa9_1 -log libgen.log system.mss 

ERROR:EDK:410 - generic -
   /home/ga38qoh/EDA_Munish/zedboard_training/ZynqSW/2013_3/SDK_Workspace/app_cp
   u1_bsp/system.mss line 22 - No IP instance named PWM_w_Int_0 is present in
   the hardware!
ERROR:EDK:410 - bram -
   /home/ga38qoh/EDA_Munish/zedboard_training/ZynqSW/2013_3/SDK_Workspace/app_cp
   u1_bsp/system.mss line 28 - No IP instance named axi_bram_ctrl_0 is present
make: *** [ps7_cortexa9_1/lib/libxil.a] Error 2
   in the hardware!
make: Target `all' not remade because of errors.
ERROR:EDK:1206 - Errors occured while parsing MSS file.

20:24:34 Build Finished (took 1s.16ms)

