

================================================================
== Vivado HLS Report for 'write_data'
================================================================
* Date:           Fri Mar 13 22:09:04 2015

* Version:        2013.3 (build date: Wed Oct 16 18:12:55 PM 2013)
* Project:        DCT_HLS_Project
* Solution:       solution4
* Product family: zynq zynq_fpv6 
* Target device:  xc7z020clg484-1


================================================================
== Performance Estimates
================================================================
+ Timing (ns): 
    * Summary: 
    +---------+-------+----------+------------+
    |  Clock  | Target| Estimated| Uncertainty|
    +---------+-------+----------+------------+
    |default  |   8.00|      6.28|        1.00|
    +---------+-------+----------+------------+

+ Latency (clock cycles): 
    * Summary: 
    +-----+-----+-----+-----+---------+
    |  Latency  |  Interval | Pipeline|
    | min | max | min | max |   Type  |
    +-----+-----+-----+-----+---------+
    |   67|   67|   67|   67|   none  |
    +-----+-----+-----+-----+---------+

    + Detail: 
        * Instance: 
        N/A

        * Loop: 
        +---------------------------+-----+-----+----------+-----------+-----------+------+----------+
        |                           |  Latency  | Iteration|  Initiation Interval  | Trip |          |
        |         Loop Name         | min | max |  Latency |  achieved |   target  | Count| Pipelined|
        +---------------------------+-----+-----+----------+-----------+-----------+------+----------+
        |- WR_Loop_Row_WR_Loop_Col  |   65|   65|         3|          1|          1|    64|    yes   |
        +---------------------------+-----+-----+----------+-----------+-----------+------+----------+



================================================================
== Utilization Estimates
================================================================
* Summary: 
+-----------------+---------+-------+--------+-------+
|       Name      | BRAM_18K| DSP48E|   FF   |  LUT  |
+-----------------+---------+-------+--------+-------+
|Expression       |        -|      -|       -|      -|
|FIFO             |        -|      -|       -|      -|
|Instance         |        -|      -|       -|      -|
|Memory           |        -|      -|       -|      -|
|Multiplexer      |        -|      -|       -|      -|
|Register         |        -|      -|       -|      -|
|ShiftMemory      |        -|      -|       -|      -|
+-----------------+---------+-------+--------+-------+
|Total            |        0|      0|       0|      0|
+-----------------+---------+-------+--------+-------+
|Available        |      280|    220|  106400|  53200|
+-----------------+---------+-------+--------+-------+
|Utilization (%)  |        0|      0|       0|      0|
+-----------------+---------+-------+--------+-------+

+ Detail: 
    * Instance: 
    N/A

    * Memory: 
    N/A

    * FIFO: 
    N/A

    * Shift register: 
    N/A

    * Expression: 
    N/A

    * Multiplexer: 
    N/A

    * Register: 
    N/A



================================================================
== Interface
================================================================
* Summary: 
N/A

============================================================
+ Verbose Summary: Synthesis Manager
============================================================
InlineROM: 1
ExposeGlobal: 0
============================================================
+ Verbose Summary: CDFG Model
============================================================
IsTopModel: 0
ResetActiveHigh: 1
IsCombinational: 2
IsDatapathOnly: 0
HasWiredReturn: 1
HasMFsm: 0
HasVarLatency: 1
IsPipeline: 0
IsRtlPipelined: 0
IsInstanceOverlapped: 0
IsDontTouch: 0
HasImplIP: 0
IsGatedGlobalClock: 0

+ Individual pipeline summary: 
  * Pipeline-0: initiation interval (II) = 1, depth = 3


============================================================
+ Verbose Summary: Schedule
============================================================
* Number of FSM states: 5
* Pipeline: 1
  Pipeline-0: II = 1, D = 3, States = { 2 3 4 }
* Dataflow Pipeline: 0

* FSM state transitions: 
1 --> 
	2  / true
2 --> 
	5  / (exitcond_flatten)
	3  / (!exitcond_flatten)
3 --> 
	4  / true
4 --> 
	2  / true
5 --> 
* FSM state operations: 

 <State 1>: 1.35ns
ST_1: stg_6 [1/1] 1.35ns
:0  br label %1


 <State 2>: 4.05ns
ST_2: indvar_flatten [1/1] 0.00ns
:0  %indvar_flatten = phi i7 [ 0, %0 ], [ %indvar_flatten_next, %.reset ]

ST_2: r [1/1] 0.00ns
:1  %r = phi i4 [ 0, %0 ], [ %r_mid2, %.reset ]

ST_2: c [1/1] 0.00ns
:2  %c = phi i4 [ 0, %0 ], [ %c_1, %.reset ]

ST_2: exitcond_flatten [1/1] 1.97ns
:3  %exitcond_flatten = icmp eq i7 %indvar_flatten, -64

ST_2: indvar_flatten_next [1/1] 1.72ns
:4  %indvar_flatten_next = add i7 %indvar_flatten, 1

ST_2: stg_12 [1/1] 0.00ns
:5  br i1 %exitcond_flatten, label %2, label %.reset

ST_2: exitcond4 [1/1] 1.88ns
.reset:2  %exitcond4 = icmp eq i4 %c, -8

ST_2: c_mid2 [1/1] 1.37ns
.reset:3  %c_mid2 = select i1 %exitcond4, i4 0, i4 %c

ST_2: c_1 [1/1] 0.80ns
.reset:24  %c_1 = add i4 %c_mid2, 1


 <State 3>: 6.28ns
ST_3: r_s [1/1] 0.80ns
.reset:4  %r_s = add i4 %r, 1

ST_3: r_mid2 [1/1] 1.37ns
.reset:5  %r_mid2 = select i1 %exitcond4, i4 %r_s, i4 %r

ST_3: tmp [1/1] 0.00ns
.reset:6  %tmp = trunc i4 %r_mid2 to i3

ST_3: tmp_s [1/1] 0.00ns
.reset:7  %tmp_s = call i6 @_ssdm_op_BitConcatenate.i6.i3.i3(i3 %tmp, i3 0)

ST_3: c_cast6 [1/1] 0.00ns
.reset:8  %c_cast6 = zext i4 %c_mid2 to i6

ST_3: tmp_8_trn_cast [1/1] 0.00ns
.reset:12  %tmp_8_trn_cast = zext i4 %c_mid2 to i8

ST_3: tmp_1 [1/1] 0.00ns
.reset:13  %tmp_1 = call i7 @_ssdm_op_BitConcatenate.i7.i4.i3(i4 %r_mid2, i3 0)

ST_3: p_addr_cast [1/1] 0.00ns
.reset:14  %p_addr_cast = zext i7 %tmp_1 to i8

ST_3: p_addr1 [1/1] 1.72ns
.reset:15  %p_addr1 = add i8 %p_addr_cast, %tmp_8_trn_cast

ST_3: tmp_4 [1/1] 0.00ns
.reset:16  %tmp_4 = zext i8 %p_addr1 to i64

ST_3: buf_addr [1/1] 0.00ns
.reset:17  %buf_addr = getelementptr [64 x i16]* %buf_r, i64 0, i64 %tmp_4

ST_3: buf_load [2/2] 2.39ns
.reset:18  %buf_load = load i16* %buf_addr, align 2

ST_3: tmp_9 [1/1] 1.72ns
.reset:19  %tmp_9 = add i6 %tmp_s, %c_cast6


 <State 4>: 4.78ns
ST_4: stg_29 [1/1] 0.00ns
.reset:0  call void (...)* @_ssdm_op_SpecLoopName([24 x i8]* @str1)

ST_4: empty [1/1] 0.00ns
.reset:1  %empty = call i32 (...)* @_ssdm_op_SpecLoopTripCount(i64 64, i64 64, i64 64)

ST_4: stg_31 [1/1] 0.00ns
.reset:9  call void (...)* @_ssdm_op_SpecLoopName([12 x i8]* @p_str12) nounwind

ST_4: tmp_2 [1/1] 0.00ns
.reset:10  %tmp_2 = call i32 (...)* @_ssdm_op_SpecRegionBegin([12 x i8]* @p_str12)

ST_4: stg_33 [1/1] 0.00ns
.reset:11  call void (...)* @_ssdm_op_SpecPipeline(i32 1, i32 1, i32 1, [1 x i8]* @p_str1) nounwind

ST_4: buf_load [1/2] 2.39ns
.reset:18  %buf_load = load i16* %buf_addr, align 2

ST_4: tmp_3 [1/1] 0.00ns
.reset:20  %tmp_3 = zext i6 %tmp_9 to i64

ST_4: output_addr [1/1] 0.00ns
.reset:21  %output_addr = getelementptr [64 x i16]* %output_r, i64 0, i64 %tmp_3

ST_4: stg_37 [1/1] 2.39ns
.reset:22  store i16 %buf_load, i16* %output_addr, align 2

ST_4: empty_15 [1/1] 0.00ns
.reset:23  %empty_15 = call i32 (...)* @_ssdm_op_SpecRegionEnd([12 x i8]* @p_str12, i32 %tmp_2)

ST_4: stg_39 [1/1] 0.00ns
.reset:25  br label %1


 <State 5>: 0.00ns
ST_5: stg_40 [1/1] 0.00ns
:0  ret void



============================================================
+ Verbose Summary: Binding
============================================================
STG Binding: 
---------------- STG Properties BEGIN ----------------
- Is combinational: 0
- Is one-state seq: 0
- Is datapath-only: 0
- Is clock enabled: 0
- Is pipelined: 0
- Is top level: 0
Port [ Return ] is wired: 1; IO mode=ap_ctrl_hs:ce=0
Port [ buf_r]:  wired=1; compound=1; hidden=0; nouse=0; global=0; static=0; extern=0; dir=0; type=1; mode=0x7669320; pingpong=1; private_global=0; MemPort=[13]; IO mode=ap_memory:ce=0
Port [ output_r]:  wired=1; compound=1; hidden=0; nouse=0; global=0; static=0; extern=0; dir=1; type=1; mode=0x7668c60; pingpong=0; private_global=0; MemPort=[03]; IO mode=ap_memory:ce=0
---------------- STG Properties END ------------------

---------------- Datapath Model BEGIN ----------------

<LifeTime>
<method=bitvector/>
stg_6               (br               ) [ 011110]
indvar_flatten      (phi              ) [ 001000]
r                   (phi              ) [ 001100]
c                   (phi              ) [ 001000]
exitcond_flatten    (icmp             ) [ 001110]
indvar_flatten_next (add              ) [ 011110]
stg_12              (br               ) [ 000000]
exitcond4           (icmp             ) [ 001100]
c_mid2              (select           ) [ 001100]
c_1                 (add              ) [ 011110]
r_s                 (add              ) [ 000000]
r_mid2              (select           ) [ 011010]
tmp                 (trunc            ) [ 000000]
tmp_s               (bitconcatenate   ) [ 000000]
c_cast6             (zext             ) [ 000000]
tmp_8_trn_cast      (zext             ) [ 000000]
tmp_1               (bitconcatenate   ) [ 000000]
p_addr_cast         (zext             ) [ 000000]
p_addr1             (add              ) [ 000000]
tmp_4               (zext             ) [ 000000]
buf_addr            (getelementptr    ) [ 001010]
tmp_9               (add              ) [ 001010]
stg_29              (specloopname     ) [ 000000]
empty               (speclooptripcount) [ 000000]
stg_31              (specloopname     ) [ 000000]
tmp_2               (specregionbegin  ) [ 000000]
stg_33              (specpipeline     ) [ 000000]
buf_load            (load             ) [ 000000]
tmp_3               (zext             ) [ 000000]
output_addr         (getelementptr    ) [ 000000]
stg_37              (store            ) [ 000000]
empty_15            (specregionend    ) [ 000000]
stg_39              (br               ) [ 011110]
stg_40              (ret              ) [ 000000]
</LifeTime>

<model>

<comp_list>
<comp id="0" class="1000" name="buf_r">
<pin_list>
<pin id="1" dir="1" index="0" bw="1" slack="0"/>
</pin_list>
<bind>
<StgValue><ssdm name="buf_r"/><MemPortTyVec>1 3 </MemPortTyVec>
</StgValue>
</bind>
</comp>

<comp id="2" class="1000" name="output_r">
<pin_list>
<pin id="3" dir="1" index="0" bw="1" slack="0"/>
</pin_list>
<bind>
<StgValue><ssdm name="output_r"/><MemPortTyVec>0 3 </MemPortTyVec>
</StgValue>
</bind>
</comp>

<comp id="4" class="1001" name="const_4">
<pin_list>
<pin id="5" dir="1" index="0" bw="1" slack="1"/>
</pin_list>
<bind>
<StgValue><ssdm name=""/></StgValue>
</bind>
</comp>

<comp id="6" class="1001" name="const_6">
<pin_list>
<pin id="7" dir="1" index="0" bw="1" slack="0"/>
</pin_list>
<bind>
<StgValue><ssdm name=""/></StgValue>
</bind>
</comp>

<comp id="8" class="1001" name="const_8">
<pin_list>
<pin id="9" dir="1" index="0" bw="1" slack="0"/>
</pin_list>
<bind>
<StgValue><ssdm name=""/></StgValue>
</bind>
</comp>

<comp id="10" class="1001" name="const_10">
<pin_list>
<pin id="11" dir="1" index="0" bw="1" slack="0"/>
</pin_list>
<bind>
<StgValue><ssdm name=""/></StgValue>
</bind>
</comp>

<comp id="12" class="1001" name="const_12">
<pin_list>
<pin id="13" dir="1" index="0" bw="1" slack="0"/>
</pin_list>
<bind>
<StgValue><ssdm name=""/></StgValue>
</bind>
</comp>

<comp id="14" class="1001" name="const_14">
<pin_list>
<pin id="15" dir="1" index="0" bw="1" slack="0"/>
</pin_list>
<bind>
<StgValue><ssdm name=""/></StgValue>
</bind>
</comp>

<comp id="16" class="1001" name="const_16">
<pin_list>
<pin id="17" dir="1" index="0" bw="1" slack="0"/>
</pin_list>
<bind>
<StgValue><ssdm name="_ssdm_op_BitConcatenate.i6.i3.i3"/></StgValue>
</bind>
</comp>

<comp id="18" class="1001" name="const_18">
<pin_list>
<pin id="19" dir="1" index="0" bw="1" slack="0"/>
</pin_list>
<bind>
<StgValue><ssdm name=""/></StgValue>
</bind>
</comp>

<comp id="20" class="1001" name="const_20">
<pin_list>
<pin id="21" dir="1" index="0" bw="1" slack="0"/>
</pin_list>
<bind>
<StgValue><ssdm name="_ssdm_op_BitConcatenate.i7.i4.i3"/></StgValue>
</bind>
</comp>

<comp id="22" class="1001" name="const_22">
<pin_list>
<pin id="23" dir="1" index="0" bw="1" slack="0"/>
</pin_list>
<bind>
<StgValue><ssdm name=""/></StgValue>
</bind>
</comp>

<comp id="24" class="1001" name="const_24">
<pin_list>
<pin id="25" dir="1" index="0" bw="1" slack="2147483647"/>
</pin_list>
<bind>
<StgValue><ssdm name="_ssdm_op_SpecLoopName"/></StgValue>
</bind>
</comp>

<comp id="26" class="1001" name="const_26">
<pin_list>
<pin id="27" dir="1" index="0" bw="1" slack="2147483647"/>
</pin_list>
<bind>
<StgValue><ssdm name="str1"/></StgValue>
</bind>
</comp>

<comp id="28" class="1001" name="const_28">
<pin_list>
<pin id="29" dir="1" index="0" bw="1" slack="2147483647"/>
</pin_list>
<bind>
<StgValue><ssdm name="_ssdm_op_SpecLoopTripCount"/></StgValue>
</bind>
</comp>

<comp id="30" class="1001" name="const_30">
<pin_list>
<pin id="31" dir="1" index="0" bw="1" slack="2147483647"/>
</pin_list>
<bind>
<StgValue><ssdm name=""/></StgValue>
</bind>
</comp>

<comp id="32" class="1001" name="const_32">
<pin_list>
<pin id="33" dir="1" index="0" bw="1" slack="2147483647"/>
</pin_list>
<bind>
<StgValue><ssdm name="p_str12"/></StgValue>
</bind>
</comp>

<comp id="34" class="1001" name="const_34">
<pin_list>
<pin id="35" dir="1" index="0" bw="1" slack="2147483647"/>
</pin_list>
<bind>
<StgValue><ssdm name="_ssdm_op_SpecRegionBegin"/></StgValue>
</bind>
</comp>

<comp id="36" class="1001" name="const_36">
<pin_list>
<pin id="37" dir="1" index="0" bw="1" slack="2147483647"/>
</pin_list>
<bind>
<StgValue><ssdm name="_ssdm_op_SpecPipeline"/></StgValue>
</bind>
</comp>

<comp id="38" class="1001" name="const_38">
<pin_list>
<pin id="39" dir="1" index="0" bw="1" slack="2147483647"/>
</pin_list>
<bind>
<StgValue><ssdm name=""/></StgValue>
</bind>
</comp>

<comp id="40" class="1001" name="const_40">
<pin_list>
<pin id="41" dir="1" index="0" bw="1" slack="2147483647"/>
</pin_list>
<bind>
<StgValue><ssdm name="p_str1"/></StgValue>
</bind>
</comp>

<comp id="42" class="1001" name="const_42">
<pin_list>
<pin id="43" dir="1" index="0" bw="1" slack="2147483647"/>
</pin_list>
<bind>
<StgValue><ssdm name="_ssdm_op_SpecRegionEnd"/></StgValue>
</bind>
</comp>

<comp id="44" class="1004" name="buf_addr_gep_fu_44">
<pin_list>
<pin id="45" dir="0" index="0" bw="16" slack="0"/>
<pin id="46" dir="0" index="1" bw="1" slack="0"/>
<pin id="47" dir="0" index="2" bw="8" slack="0"/>
<pin id="48" dir="1" index="3" bw="6" slack="0"/>
</pin_list>
<bind>
<opcode="getelementptr(29) " fcode="getelementptr"/>
<opset="buf_addr/3 "/>
</bind>
</comp>

<comp id="51" class="1004" name="grp_access_fu_51">
<pin_list>
<pin id="52" dir="0" index="0" bw="6" slack="0"/>
<pin id="53" dir="0" index="1" bw="16" slack="2147483647"/>
<pin id="54" dir="1" index="2" bw="16" slack="0"/>
</pin_list>
<bind>
<opcode="load(27) " fcode="load"/>
<opset="buf_load/3 "/>
</bind>
</comp>

<comp id="56" class="1004" name="output_addr_gep_fu_56">
<pin_list>
<pin id="57" dir="0" index="0" bw="16" slack="0"/>
<pin id="58" dir="0" index="1" bw="1" slack="0"/>
<pin id="59" dir="0" index="2" bw="6" slack="0"/>
<pin id="60" dir="1" index="3" bw="6" slack="0"/>
</pin_list>
<bind>
<opcode="getelementptr(29) " fcode="getelementptr"/>
<opset="output_addr/4 "/>
</bind>
</comp>

<comp id="63" class="1004" name="stg_37_access_fu_63">
<pin_list>
<pin id="64" dir="0" index="0" bw="6" slack="0"/>
<pin id="65" dir="0" index="1" bw="16" slack="0"/>
<pin id="66" dir="1" index="2" bw="16" slack="2147483647"/>
</pin_list>
<bind>
<opcode="store(28) " fcode="store"/>
<opset="stg_37/4 "/>
</bind>
</comp>

<comp id="69" class="1005" name="indvar_flatten_reg_69">
<pin_list>
<pin id="70" dir="0" index="0" bw="7" slack="1"/>
<pin id="71" dir="1" index="1" bw="7" slack="1"/>
</pin_list>
<bind>
<opset="indvar_flatten (phireg) "/>
</bind>
</comp>

<comp id="73" class="1004" name="indvar_flatten_phi_fu_73">
<pin_list>
<pin id="74" dir="0" index="0" bw="1" slack="1"/>
<pin id="75" dir="0" index="1" bw="0" slack="2147483647"/>
<pin id="76" dir="0" index="2" bw="7" slack="0"/>
<pin id="77" dir="0" index="3" bw="0" slack="2147483647"/>
<pin id="78" dir="1" index="4" bw="7" slack="0"/>
</pin_list>
<bind>
<opcode="phi(47) " fcode="phi"/>
<opset="indvar_flatten/2 "/>
</bind>
</comp>

<comp id="80" class="1005" name="r_reg_80">
<pin_list>
<pin id="81" dir="0" index="0" bw="4" slack="1"/>
<pin id="82" dir="1" index="1" bw="4" slack="1"/>
</pin_list>
<bind>
<opset="r (phireg) "/>
</bind>
</comp>

<comp id="84" class="1004" name="r_phi_fu_84">
<pin_list>
<pin id="85" dir="0" index="0" bw="1" slack="1"/>
<pin id="86" dir="0" index="1" bw="0" slack="2147483647"/>
<pin id="87" dir="0" index="2" bw="4" slack="1"/>
<pin id="88" dir="0" index="3" bw="0" slack="2147483647"/>
<pin id="89" dir="1" index="4" bw="4" slack="1"/>
</pin_list>
<bind>
<opcode="phi(47) " fcode="phi"/>
<opset="r/2 "/>
</bind>
</comp>

<comp id="92" class="1005" name="c_reg_92">
<pin_list>
<pin id="93" dir="0" index="0" bw="4" slack="1"/>
<pin id="94" dir="1" index="1" bw="4" slack="1"/>
</pin_list>
<bind>
<opset="c (phireg) "/>
</bind>
</comp>

<comp id="96" class="1004" name="c_phi_fu_96">
<pin_list>
<pin id="97" dir="0" index="0" bw="1" slack="1"/>
<pin id="98" dir="0" index="1" bw="0" slack="2147483647"/>
<pin id="99" dir="0" index="2" bw="4" slack="0"/>
<pin id="100" dir="0" index="3" bw="0" slack="2147483647"/>
<pin id="101" dir="1" index="4" bw="4" slack="0"/>
</pin_list>
<bind>
<opcode="phi(47) " fcode="phi"/>
<opset="c/2 "/>
</bind>
</comp>

<comp id="104" class="1004" name="exitcond_flatten_fu_104">
<pin_list>
<pin id="105" dir="0" index="0" bw="7" slack="0"/>
<pin id="106" dir="0" index="1" bw="7" slack="0"/>
<pin id="107" dir="1" index="2" bw="1" slack="1"/>
</pin_list>
<bind>
<opcode="icmp(45) " fcode="icmp"/>
<opset="exitcond_flatten/2 "/>
</bind>
</comp>

<comp id="110" class="1004" name="indvar_flatten_next_fu_110">
<pin_list>
<pin id="111" dir="0" index="0" bw="7" slack="0"/>
<pin id="112" dir="0" index="1" bw="1" slack="0"/>
<pin id="113" dir="1" index="2" bw="7" slack="0"/>
</pin_list>
<bind>
<opcode="add(8) " fcode="add"/>
<opset="indvar_flatten_next/2 "/>
</bind>
</comp>

<comp id="116" class="1004" name="exitcond4_fu_116">
<pin_list>
<pin id="117" dir="0" index="0" bw="4" slack="0"/>
<pin id="118" dir="0" index="1" bw="4" slack="0"/>
<pin id="119" dir="1" index="2" bw="1" slack="0"/>
</pin_list>
<bind>
<opcode="icmp(45) " fcode="icmp"/>
<opset="exitcond4/2 "/>
</bind>
</comp>

<comp id="122" class="1004" name="c_mid2_fu_122">
<pin_list>
<pin id="123" dir="0" index="0" bw="1" slack="0"/>
<pin id="124" dir="0" index="1" bw="1" slack="0"/>
<pin id="125" dir="0" index="2" bw="4" slack="0"/>
<pin id="126" dir="1" index="3" bw="4" slack="0"/>
</pin_list>
<bind>
<opcode="select(49) " fcode="select"/>
<opset="c_mid2/2 "/>
</bind>
</comp>

<comp id="130" class="1004" name="c_1_fu_130">
<pin_list>
<pin id="131" dir="0" index="0" bw="4" slack="0"/>
<pin id="132" dir="0" index="1" bw="1" slack="0"/>
<pin id="133" dir="1" index="2" bw="4" slack="0"/>
</pin_list>
<bind>
<opcode="add(8) " fcode="add"/>
<opset="c_1/2 "/>
</bind>
</comp>

<comp id="136" class="1004" name="r_s_fu_136">
<pin_list>
<pin id="137" dir="0" index="0" bw="4" slack="1"/>
<pin id="138" dir="0" index="1" bw="1" slack="0"/>
<pin id="139" dir="1" index="2" bw="4" slack="0"/>
</pin_list>
<bind>
<opcode="add(8) " fcode="add"/>
<opset="r_s/3 "/>
</bind>
</comp>

<comp id="142" class="1004" name="r_mid2_fu_142">
<pin_list>
<pin id="143" dir="0" index="0" bw="1" slack="1"/>
<pin id="144" dir="0" index="1" bw="4" slack="0"/>
<pin id="145" dir="0" index="2" bw="4" slack="1"/>
<pin id="146" dir="1" index="3" bw="4" slack="0"/>
</pin_list>
<bind>
<opcode="select(49) " fcode="select"/>
<opset="r_mid2/3 "/>
</bind>
</comp>

<comp id="149" class="1004" name="tmp_fu_149">
<pin_list>
<pin id="150" dir="0" index="0" bw="4" slack="0"/>
<pin id="151" dir="1" index="1" bw="3" slack="0"/>
</pin_list>
<bind>
<opcode="trunc(33) " fcode="trunc"/>
<opset="tmp/3 "/>
</bind>
</comp>

<comp id="153" class="1004" name="tmp_s_fu_153">
<pin_list>
<pin id="154" dir="0" index="0" bw="6" slack="0"/>
<pin id="155" dir="0" index="1" bw="3" slack="0"/>
<pin id="156" dir="0" index="2" bw="1" slack="0"/>
<pin id="157" dir="1" index="3" bw="6" slack="0"/>
</pin_list>
<bind>
<opcode="bitconcatenate(1004) " fcode="bitconcatenate"/>
<opset="tmp_s/3 "/>
</bind>
</comp>

<comp id="161" class="1004" name="c_cast6_fu_161">
<pin_list>
<pin id="162" dir="0" index="0" bw="4" slack="1"/>
<pin id="163" dir="1" index="1" bw="6" slack="0"/>
</pin_list>
<bind>
<opcode="zext(34) " fcode="zext"/>
<opset="c_cast6/3 "/>
</bind>
</comp>

<comp id="164" class="1004" name="tmp_8_trn_cast_fu_164">
<pin_list>
<pin id="165" dir="0" index="0" bw="4" slack="1"/>
<pin id="166" dir="1" index="1" bw="8" slack="0"/>
</pin_list>
<bind>
<opcode="zext(34) " fcode="zext"/>
<opset="tmp_8_trn_cast/3 "/>
</bind>
</comp>

<comp id="167" class="1004" name="tmp_1_fu_167">
<pin_list>
<pin id="168" dir="0" index="0" bw="7" slack="0"/>
<pin id="169" dir="0" index="1" bw="4" slack="0"/>
<pin id="170" dir="0" index="2" bw="1" slack="0"/>
<pin id="171" dir="1" index="3" bw="7" slack="0"/>
</pin_list>
<bind>
<opcode="bitconcatenate(1004) " fcode="bitconcatenate"/>
<opset="tmp_1/3 "/>
</bind>
</comp>

<comp id="175" class="1004" name="p_addr_cast_fu_175">
<pin_list>
<pin id="176" dir="0" index="0" bw="7" slack="0"/>
<pin id="177" dir="1" index="1" bw="8" slack="0"/>
</pin_list>
<bind>
<opcode="zext(34) " fcode="zext"/>
<opset="p_addr_cast/3 "/>
</bind>
</comp>

<comp id="179" class="1004" name="p_addr1_fu_179">
<pin_list>
<pin id="180" dir="0" index="0" bw="7" slack="0"/>
<pin id="181" dir="0" index="1" bw="4" slack="0"/>
<pin id="182" dir="1" index="2" bw="8" slack="0"/>
</pin_list>
<bind>
<opcode="add(8) " fcode="add"/>
<opset="p_addr1/3 "/>
</bind>
</comp>

<comp id="185" class="1004" name="tmp_4_fu_185">
<pin_list>
<pin id="186" dir="0" index="0" bw="8" slack="0"/>
<pin id="187" dir="1" index="1" bw="64" slack="0"/>
</pin_list>
<bind>
<opcode="zext(34) " fcode="zext"/>
<opset="tmp_4/3 "/>
</bind>
</comp>

<comp id="190" class="1004" name="tmp_9_fu_190">
<pin_list>
<pin id="191" dir="0" index="0" bw="6" slack="0"/>
<pin id="192" dir="0" index="1" bw="4" slack="0"/>
<pin id="193" dir="1" index="2" bw="6" slack="1"/>
</pin_list>
<bind>
<opcode="add(8) " fcode="add"/>
<opset="tmp_9/3 "/>
</bind>
</comp>

<comp id="196" class="1004" name="tmp_3_fu_196">
<pin_list>
<pin id="197" dir="0" index="0" bw="6" slack="1"/>
<pin id="198" dir="1" index="1" bw="64" slack="0"/>
</pin_list>
<bind>
<opcode="zext(34) " fcode="zext"/>
<opset="tmp_3/4 "/>
</bind>
</comp>

<comp id="200" class="1005" name="exitcond_flatten_reg_200">
<pin_list>
<pin id="201" dir="0" index="0" bw="1" slack="1"/>
<pin id="202" dir="1" index="1" bw="1" slack="2147483647"/>
</pin_list>
<bind>
<opset="exitcond_flatten "/>
</bind>
</comp>

<comp id="204" class="1005" name="indvar_flatten_next_reg_204">
<pin_list>
<pin id="205" dir="0" index="0" bw="7" slack="0"/>
<pin id="206" dir="1" index="1" bw="7" slack="0"/>
</pin_list>
<bind>
<opset="indvar_flatten_next "/>
</bind>
</comp>

<comp id="209" class="1005" name="exitcond4_reg_209">
<pin_list>
<pin id="210" dir="0" index="0" bw="1" slack="1"/>
<pin id="211" dir="1" index="1" bw="1" slack="1"/>
</pin_list>
<bind>
<opset="exitcond4 "/>
</bind>
</comp>

<comp id="214" class="1005" name="c_mid2_reg_214">
<pin_list>
<pin id="215" dir="0" index="0" bw="4" slack="1"/>
<pin id="216" dir="1" index="1" bw="4" slack="1"/>
</pin_list>
<bind>
<opset="c_mid2 "/>
</bind>
</comp>

<comp id="220" class="1005" name="c_1_reg_220">
<pin_list>
<pin id="221" dir="0" index="0" bw="4" slack="0"/>
<pin id="222" dir="1" index="1" bw="4" slack="0"/>
</pin_list>
<bind>
<opset="c_1 "/>
</bind>
</comp>

<comp id="225" class="1005" name="r_mid2_reg_225">
<pin_list>
<pin id="226" dir="0" index="0" bw="4" slack="1"/>
<pin id="227" dir="1" index="1" bw="4" slack="1"/>
</pin_list>
<bind>
<opset="r_mid2 "/>
</bind>
</comp>

<comp id="230" class="1005" name="buf_addr_reg_230">
<pin_list>
<pin id="231" dir="0" index="0" bw="6" slack="1"/>
<pin id="232" dir="1" index="1" bw="6" slack="1"/>
</pin_list>
<bind>
<opset="buf_addr "/>
</bind>
</comp>

<comp id="235" class="1005" name="tmp_9_reg_235">
<pin_list>
<pin id="236" dir="0" index="0" bw="6" slack="1"/>
<pin id="237" dir="1" index="1" bw="6" slack="1"/>
</pin_list>
<bind>
<opset="tmp_9 "/>
</bind>
</comp>

</comp_list>

<net_list>
<net id="49"><net_src comp="0" pin="0"/><net_sink comp="44" pin=0"/></net>

<net id="50"><net_src comp="22" pin="0"/><net_sink comp="44" pin=1"/></net>

<net id="55"><net_src comp="44" pin="3"/><net_sink comp="51" pin=0"/></net>

<net id="61"><net_src comp="2" pin="0"/><net_sink comp="56" pin=0"/></net>

<net id="62"><net_src comp="22" pin="0"/><net_sink comp="56" pin=1"/></net>

<net id="67"><net_src comp="51" pin="2"/><net_sink comp="63" pin=1"/></net>

<net id="68"><net_src comp="56" pin="3"/><net_sink comp="63" pin=0"/></net>

<net id="72"><net_src comp="4" pin="0"/><net_sink comp="69" pin=0"/></net>

<net id="79"><net_src comp="69" pin="1"/><net_sink comp="73" pin=0"/></net>

<net id="83"><net_src comp="6" pin="0"/><net_sink comp="80" pin=0"/></net>

<net id="90"><net_src comp="80" pin="1"/><net_sink comp="84" pin=0"/></net>

<net id="91"><net_src comp="84" pin="4"/><net_sink comp="80" pin=0"/></net>

<net id="95"><net_src comp="6" pin="0"/><net_sink comp="92" pin=0"/></net>

<net id="102"><net_src comp="92" pin="1"/><net_sink comp="96" pin=0"/></net>

<net id="108"><net_src comp="73" pin="4"/><net_sink comp="104" pin=0"/></net>

<net id="109"><net_src comp="8" pin="0"/><net_sink comp="104" pin=1"/></net>

<net id="114"><net_src comp="73" pin="4"/><net_sink comp="110" pin=0"/></net>

<net id="115"><net_src comp="10" pin="0"/><net_sink comp="110" pin=1"/></net>

<net id="120"><net_src comp="96" pin="4"/><net_sink comp="116" pin=0"/></net>

<net id="121"><net_src comp="12" pin="0"/><net_sink comp="116" pin=1"/></net>

<net id="127"><net_src comp="116" pin="2"/><net_sink comp="122" pin=0"/></net>

<net id="128"><net_src comp="6" pin="0"/><net_sink comp="122" pin=1"/></net>

<net id="129"><net_src comp="96" pin="4"/><net_sink comp="122" pin=2"/></net>

<net id="134"><net_src comp="122" pin="3"/><net_sink comp="130" pin=0"/></net>

<net id="135"><net_src comp="14" pin="0"/><net_sink comp="130" pin=1"/></net>

<net id="140"><net_src comp="80" pin="1"/><net_sink comp="136" pin=0"/></net>

<net id="141"><net_src comp="14" pin="0"/><net_sink comp="136" pin=1"/></net>

<net id="147"><net_src comp="136" pin="2"/><net_sink comp="142" pin=1"/></net>

<net id="148"><net_src comp="80" pin="1"/><net_sink comp="142" pin=2"/></net>

<net id="152"><net_src comp="142" pin="3"/><net_sink comp="149" pin=0"/></net>

<net id="158"><net_src comp="16" pin="0"/><net_sink comp="153" pin=0"/></net>

<net id="159"><net_src comp="149" pin="1"/><net_sink comp="153" pin=1"/></net>

<net id="160"><net_src comp="18" pin="0"/><net_sink comp="153" pin=2"/></net>

<net id="172"><net_src comp="20" pin="0"/><net_sink comp="167" pin=0"/></net>

<net id="173"><net_src comp="142" pin="3"/><net_sink comp="167" pin=1"/></net>

<net id="174"><net_src comp="18" pin="0"/><net_sink comp="167" pin=2"/></net>

<net id="178"><net_src comp="167" pin="3"/><net_sink comp="175" pin=0"/></net>

<net id="183"><net_src comp="175" pin="1"/><net_sink comp="179" pin=0"/></net>

<net id="184"><net_src comp="164" pin="1"/><net_sink comp="179" pin=1"/></net>

<net id="188"><net_src comp="179" pin="2"/><net_sink comp="185" pin=0"/></net>

<net id="189"><net_src comp="185" pin="1"/><net_sink comp="44" pin=2"/></net>

<net id="194"><net_src comp="153" pin="3"/><net_sink comp="190" pin=0"/></net>

<net id="195"><net_src comp="161" pin="1"/><net_sink comp="190" pin=1"/></net>

<net id="199"><net_src comp="196" pin="1"/><net_sink comp="56" pin=2"/></net>

<net id="203"><net_src comp="104" pin="2"/><net_sink comp="200" pin=0"/></net>

<net id="207"><net_src comp="110" pin="2"/><net_sink comp="204" pin=0"/></net>

<net id="208"><net_src comp="204" pin="1"/><net_sink comp="73" pin=2"/></net>

<net id="212"><net_src comp="116" pin="2"/><net_sink comp="209" pin=0"/></net>

<net id="213"><net_src comp="209" pin="1"/><net_sink comp="142" pin=0"/></net>

<net id="217"><net_src comp="122" pin="3"/><net_sink comp="214" pin=0"/></net>

<net id="218"><net_src comp="214" pin="1"/><net_sink comp="161" pin=0"/></net>

<net id="219"><net_src comp="214" pin="1"/><net_sink comp="164" pin=0"/></net>

<net id="223"><net_src comp="130" pin="2"/><net_sink comp="220" pin=0"/></net>

<net id="224"><net_src comp="220" pin="1"/><net_sink comp="96" pin=2"/></net>

<net id="228"><net_src comp="142" pin="3"/><net_sink comp="225" pin=0"/></net>

<net id="229"><net_src comp="225" pin="1"/><net_sink comp="84" pin=2"/></net>

<net id="233"><net_src comp="44" pin="3"/><net_sink comp="230" pin=0"/></net>

<net id="234"><net_src comp="230" pin="1"/><net_sink comp="51" pin=0"/></net>

<net id="238"><net_src comp="190" pin="2"/><net_sink comp="235" pin=0"/></net>

<net id="239"><net_src comp="235" pin="1"/><net_sink comp="196" pin=0"/></net>

</net_list>

</model> 
---------------- Datapath Model END ------------------

* FSMD analyzer results:
  - Output states:
  - Chain level:
	State 1
	State 2
		exitcond_flatten : 1
		indvar_flatten_next : 1
		stg_12 : 2
		exitcond4 : 1
		c_mid2 : 2
		c_1 : 3
	State 3
		r_mid2 : 1
		tmp : 2
		tmp_s : 3
		tmp_1 : 2
		p_addr_cast : 3
		p_addr1 : 4
		tmp_4 : 5
		buf_addr : 6
		buf_load : 7
		tmp_9 : 4
	State 4
		output_addr : 1
		stg_37 : 2
		empty_15 : 1
	State 5


============================================================
+ Verbose Summary: Datapath Resource usage 
============================================================

* Functional unit list:
|----------|----------------------------|---------|---------|
| Operation|       Functional Unit      |    FF   |   LUT   |
|----------|----------------------------|---------|---------|
|          | indvar_flatten_next_fu_110 |    0    |    7    |
|          |         c_1_fu_130         |    0    |    4    |
|    add   |         r_s_fu_136         |    0    |    4    |
|          |       p_addr1_fu_179       |    0    |    7    |
|          |        tmp_9_fu_190        |    0    |    6    |
|----------|----------------------------|---------|---------|
|   icmp   |   exitcond_flatten_fu_104  |    0    |    7    |
|          |      exitcond4_fu_116      |    0    |    4    |
|----------|----------------------------|---------|---------|
|  select  |        c_mid2_fu_122       |    0    |    4    |
|          |        r_mid2_fu_142       |    0    |    4    |
|----------|----------------------------|---------|---------|
|   trunc  |         tmp_fu_149         |    0    |    0    |
|----------|----------------------------|---------|---------|
|bitconcatenate|        tmp_s_fu_153        |    0    |    0    |
|          |        tmp_1_fu_167        |    0    |    0    |
|----------|----------------------------|---------|---------|
|          |       c_cast6_fu_161       |    0    |    0    |
|          |    tmp_8_trn_cast_fu_164   |    0    |    0    |
|   zext   |     p_addr_cast_fu_175     |    0    |    0    |
|          |        tmp_4_fu_185        |    0    |    0    |
|          |        tmp_3_fu_196        |    0    |    0    |
|----------|----------------------------|---------|---------|
|   Total  |                            |    0    |    47   |
|----------|----------------------------|---------|---------|

Memories:
N/A

* Register list:
+---------------------------+--------+
|                           |   FF   |
+---------------------------+--------+
|      buf_addr_reg_230     |    6   |
|        c_1_reg_220        |    4   |
|       c_mid2_reg_214      |    4   |
|          c_reg_92         |    4   |
|     exitcond4_reg_209     |    1   |
|  exitcond_flatten_reg_200 |    1   |
|indvar_flatten_next_reg_204|    7   |
|   indvar_flatten_reg_69   |    7   |
|       r_mid2_reg_225      |    4   |
|          r_reg_80         |    4   |
|       tmp_9_reg_235       |    6   |
+---------------------------+--------+
|           Total           |   48   |
+---------------------------+--------+

* Multiplexer (MUX) list: 
|------------------|------|------|------|--------||---------||---------|
|       Comp       |  Pin | Size |  BW  | S x BW ||  Delay  ||   LUT   |
|------------------|------|------|------|--------||---------||---------|
| grp_access_fu_51 |  p0  |   2  |   6  |   12   ||    6    |
|     r_reg_80     |  p0  |   2  |   4  |    8   ||    4    |
|------------------|------|------|------|--------||---------||---------|
|       Total      |      |      |      |   20   ||  2.5135 ||    10   |
|------------------|------|------|------|--------||---------||---------|



* Summary:
+-----------+--------+--------+--------+
|           |  Delay |   FF   |   LUT  |
+-----------+--------+--------+--------+
|  Function |    -   |    0   |   47   |
|   Memory  |    -   |    -   |    -   |
|Multiplexer|    2   |    -   |   10   |
|  Register |    -   |   48   |    -   |
+-----------+--------+--------+--------+
|   Total   |    2   |   48   |   57   |
+-----------+--------+--------+--------+
