

================================================================
== Vivado HLS Report for 'init'
================================================================
* Date:           Wed Jul  1 02:39:15 2015

* Version:        2013.3 (build date: Wed Oct 16 18:12:55 PM 2013)
* Project:        grayscale_prj
* Solution:       solution1
* Product family: zynq zynq_fpv6 
* Target device:  xc7z020clg484-1


================================================================
== Performance Estimates
================================================================
+ Timing (ns): 
    * Summary: 
    +---------+--------+----------+------------+
    |  Clock  | Target | Estimated| Uncertainty|
    +---------+--------+----------+------------+
    |default  |  125.00|      0.00|       15.62|
    +---------+--------+----------+------------+

+ Latency (clock cycles): 
    * Summary: 
    +-----+-----+-----+-----+---------+
    |  Latency  |  Interval | Pipeline|
    | min | max | min | max |   Type  |
    +-----+-----+-----+-----+---------+
    |    0|    0|    0|    0|   none  |
    +-----+-----+-----+-----+---------+

    + Detail: 
        * Instance: 
        N/A

        * Loop: 
        N/A



================================================================
== Utilization Estimates
================================================================
* Summary: 
+-----------------+---------+-------+--------+-------+
|       Name      | BRAM_18K| DSP48E|   FF   |  LUT  |
+-----------------+---------+-------+--------+-------+
|Expression       |        -|      -|       -|      -|
|FIFO             |        -|      -|       -|      -|
|Instance         |        -|      -|       -|      -|
|Memory           |        -|      -|       -|      -|
|Multiplexer      |        -|      -|       -|      -|
|Register         |        -|      -|       -|      -|
|ShiftMemory      |        -|      -|       -|      -|
+-----------------+---------+-------+--------+-------+
|Total            |        0|      0|       0|      0|
+-----------------+---------+-------+--------+-------+
|Available        |      280|    220|  106400|  53200|
+-----------------+---------+-------+--------+-------+
|Utilization (%)  |        0|      0|       0|      0|
+-----------------+---------+-------+--------+-------+

+ Detail: 
    * Instance: 
    N/A

    * Memory: 
    N/A

    * FIFO: 
    N/A

    * Shift register: 
    N/A

    * Expression: 
    N/A

    * Multiplexer: 
    N/A

    * Register: 
    N/A



================================================================
== Interface
================================================================
* Summary: 
N/A

============================================================
+ Verbose Summary: Synthesis Manager
============================================================
InlineROM: 1
ExposeGlobal: 0
============================================================
+ Verbose Summary: CDFG Model
============================================================
IsTopModel: 0
ResetActiveHigh: 1
IsCombinational: 2
IsDatapathOnly: 0
HasWiredReturn: 1
HasMFsm: 0
HasVarLatency: 0
IsPipeline: 0
IsRtlPipelined: 0
IsInstanceOverlapped: 0
IsDontTouch: 0
HasImplIP: 0
IsGatedGlobalClock: 0


============================================================
+ Verbose Summary: Schedule
============================================================
* Number of FSM states: 1
* Pipeline: 0
* Dataflow Pipeline: 0

* FSM state transitions: 
1 --> 
* FSM state operations: 

 <State 1>: 0.00ns
ST_1: stg_2 [1/1] 0.00ns
:0  call void (...)* @_ssdm_op_SpecIFCore(i32 %p_cols, [1 x i8]* @p_str1805, [10 x i8]* @p_str1809, [1 x i8]* @p_str1805, [1 x i8]* @p_str1805, [1 x i8]* @p_str1805, [24 x i8]* @p_str1810)

ST_1: stg_3 [1/1] 0.00ns
:1  call void (...)* @_ssdm_op_SpecIFCore(i32 %p_rows, [1 x i8]* @p_str1805, [10 x i8]* @p_str1809, [1 x i8]* @p_str1805, [1 x i8]* @p_str1805, [1 x i8]* @p_str1805, [24 x i8]* @p_str1810)

ST_1: p_cols_read [1/1] 0.00ns
:2  %p_cols_read = call i32 @_ssdm_op_Read.ap_auto.i32(i32 %p_cols)

ST_1: p_rows_read [1/1] 0.00ns
:3  %p_rows_read = call i32 @_ssdm_op_Read.ap_auto.i32(i32 %p_rows)

ST_1: tmp [1/1] 0.00ns
:4  %tmp = trunc i32 %p_rows_read to i12

ST_1: tmp_18 [1/1] 0.00ns
:5  %tmp_18 = trunc i32 %p_cols_read to i12

ST_1: mrv [1/1] 0.00ns
:6  %mrv = insertvalue { i12, i12, i12, i12 } undef, i12 %tmp, 0

ST_1: mrv_1 [1/1] 0.00ns
:7  %mrv_1 = insertvalue { i12, i12, i12, i12 } %mrv, i12 %tmp, 1

ST_1: mrv_2 [1/1] 0.00ns
:8  %mrv_2 = insertvalue { i12, i12, i12, i12 } %mrv_1, i12 %tmp_18, 2

ST_1: mrv_3 [1/1] 0.00ns
:9  %mrv_3 = insertvalue { i12, i12, i12, i12 } %mrv_2, i12 %tmp_18, 3

ST_1: stg_12 [1/1] 0.00ns
:10  ret { i12, i12, i12, i12 } %mrv_3



============================================================
+ Verbose Summary: Binding
============================================================
N/A
* FSMD analyzer results:
  - Output states:
  - Chain level:
	State 1


============================================================
+ Verbose Summary: Datapath Resource usage 
============================================================
N/A
