#-----------------------------------------------------------
# PlanAhead v14.7 (64-bit)
# Build 321239 by xbuild on Fri Sep 27 19:24:36 MDT 2013
# Start of session at: Thu Mar 12 16:10:43 2015
# Process ID: 27508
# Log file: /home/ga38qoh/EDA_Munish/SDSlabWork/work_dir/HelloWorld/planAhead.log
# Journal file: /home/ga38qoh/EDA_Munish/SDSlabWork/work_dir/HelloWorld/planAhead.jou
#-----------------------------------------------------------
INFO: [Common 17-78] Attempting to get a license: PlanAhead
INFO: [Common 17-290] Got license for PlanAhead
INFO: [Common 17-86] Your PlanAhead license expires in -436 day(s)
INFO: [Device 21-36] Loading parts and site information from /nfs/tools/xilinx/ise/14.7/ISE_DS/PlanAhead/data/parts/arch.xml
Parsing RTL primitives file [/nfs/tools/xilinx/ise/14.7/ISE_DS/PlanAhead/data/parts/xilinx/rtl/prims/rtl_prims.xml]
Finished parsing RTL primitives file [/nfs/tools/xilinx/ise/14.7/ISE_DS/PlanAhead/data/parts/xilinx/rtl/prims/rtl_prims.xml]
start_gui
open_project /home/ga38qoh/EDA_Munish/SDSlabWork/work_dir/HelloWorld/HelloWorld.ppr
Scanning sources...
Finished scanning sources
open_project: Time (s): cpu = 00:00:05 ; elapsed = 00:00:08 . Memory (MB): peak = 2660.340 ; gain = 17.137
INFO: [Edk 24-184] Launching XPS (Xilinx Platform Studio) for configuring XPS sub-design source 'system'...

Xilinx Platform Studio
Xilinx EDK 14.7 Build EDK_P.20131013
Copyright (c) 1995-2012 Xilinx, Inc.  All rights reserved.

Launching XPS GUI...
INFO:EDK - Simulation, Implementation and Device configuration flows are
   disabled in XPS when launched from PlanAhead. All these features are
   available in PlanAhead.
MainWindow
INFO:EDK - INFO:Security:67 - XILINXD_LICENSE_FILE is set to
   '/nfs/labs/hwswc/tools/Xilinx_EDK_82i/data/core_licenses' in
   /home/ga38qoh/.flexlmrc.
   INFO:Security:51 - The XILINXD_LICENSE_FILE environment variable is not set.
   INFO:Security:52 - The LM_LICENSE_FILE environment variable is set to
   ':5280@refile:27000@refile:2100@refile:1717@refile:27001@refile:5281@refile:2
   8000@mlm3.rbg.tum.de:1720@license.lrz-muenchen.de'.
   WARNING:Security:43 - No license file was found in the standard Xilinx
   license directory.
   WARNING:Security:44 - Since no license file was found,
          please run the Xilinx License Configuration Manager
          (xlcm or "Manage Xilinx Licenses")
          to assist in obtaining a license.
   WARNING:Security:42 - Your software subscription period has lapsed. Your
   current version of Xilinx tools will continue to function, but you no longer
   qualify for Xilinx software updates or new releases.

ZynqConfig: Terminated for gui mode
Writing filter settings....
Done writing filter settings to:
	/home/ga38qoh/EDA_Munish/SDSlabWork/work_dir/HelloWorld/HelloWorld.srcs/sources
_1/edk/system/etc/system.filters
Done writing Tab View settings to:
	/home/ga38qoh/EDA_Munish/SDSlabWork/work_dir/HelloWorld/HelloWorld.srcs/sources
_1/edk/system/etc/system.gui
INFO: [Edk 24-128] XPS launched
export_hardware [get_files /home/ga38qoh/EDA_Munish/SDSlabWork/work_dir/HelloWorld/HelloWorld.srcs/sources_1/edk/system/system.xmp]
INFO: [Edk 24-140] Exporting hardware platform for 'system'...

Xilinx Platform Studio
Xilinx EDK 14.7 Build EDK_P.20131013
Copyright (c) 1995-2012 Xilinx, Inc.  All rights reserved.

XPS% Evaluating file
/home/ga38qoh/EDA_Munish/SDSlabWork/work_dir/HelloWorld/HelloWorld.srcs/sources_
1/edk/system/__xps/pa/_system_export2sdk.tcl

Overriding IP level properties ...
INFO:EDK - IPNAME: processing_system7, INSTANCE:processing_system7_0 - tcl is
   overriding PARAMETER C_S_AXI_HP0_HIGHADDR value to 0x1FFFFFFF -
   /nfs/tools/xilinx/ise/14.7/ISE_DS/EDK/hw/XilinxProcessorIPLib/pcores/processi
   ng_system7_v4_03_a/data/processing_system7_v2_1_0.mpd line 300 
INFO:EDK - IPNAME: processing_system7, INSTANCE:processing_system7_0 - tcl is
   overriding PARAMETER C_S_AXI_HP1_HIGHADDR value to 0x1FFFFFFF -
   /nfs/tools/xilinx/ise/14.7/ISE_DS/EDK/hw/XilinxProcessorIPLib/pcores/processi
   ng_system7_v4_03_a/data/processing_system7_v2_1_0.mpd line 304 
INFO:EDK - IPNAME: processing_system7, INSTANCE:processing_system7_0 - tcl is
   overriding PARAMETER C_S_AXI_HP2_HIGHADDR value to 0x1FFFFFFF -
   /nfs/tools/xilinx/ise/14.7/ISE_DS/EDK/hw/XilinxProcessorIPLib/pcores/processi
   ng_system7_v4_03_a/data/processing_system7_v2_1_0.mpd line 308 
INFO:EDK - IPNAME: processing_system7, INSTANCE:processing_system7_0 - tcl is
   overriding PARAMETER C_S_AXI_HP3_HIGHADDR value to 0x1FFFFFFF -
   /nfs/tools/xilinx/ise/14.7/ISE_DS/EDK/hw/XilinxProcessorIPLib/pcores/processi
   ng_system7_v4_03_a/data/processing_system7_v2_1_0.mpd line 312 
INFO:EDK - IPNAME: processing_system7, INSTANCE:processing_system7_0 - tcl is
   overriding PARAMETER C_NUM_F2P_INTR_INPUTS value to 1 -
   /nfs/tools/xilinx/ise/14.7/ISE_DS/EDK/hw/XilinxProcessorIPLib/pcores/processi
   ng_system7_v4_03_a/data/processing_system7_v2_1_0.mpd line 319 

Computing clock values...
INFO:EDK - Frequency for Top-Level Input Clock 'processing_system7_0_PS_CLK_pin'
   is not specified. Clock DRCs will not be performed for IPs connected to that
   clock port, unless they are connected through the clock generator IP. 


Performing IP level DRCs on properties...

Running DRC Tcl procedures for OPTION IPLEVEL_DRC_PROC...
INFO:EDK - INFO: DDR Base and High address in current configuration is
   0x00000000 and 0x1FFFFFFF respectively. 
INFO:EDK - INFO: You can modify the DDR address range accessed by Programmable
   Logic through the processing_system7 AXI slave interfaces. If MicroBlaze is a
   master on processing_system7 AXI slave interfaces, please use the top half of
   the address range (Base Address = 0x10000000; High Address = 0x1FFFFFFF). For
   all other master, any subset of the DDR address can be used. See Xilinx
   Answer 47167 for more information. 
Address Map for Processor processing_system7_0

Checking platform address map ...

Overriding IP level properties ...
INFO:EDK - IPNAME: processing_system7, INSTANCE:processing_system7_0 - tcl is
   overriding PARAMETER C_S_AXI_HP0_HIGHADDR value to 0x1FFFFFFF -
   /nfs/tools/xilinx/ise/14.7/ISE_DS/EDK/hw/XilinxProcessorIPLib/pcores/processi
   ng_system7_v4_03_a/data/processing_system7_v2_1_0.mpd line 300 
INFO:EDK - IPNAME: processing_system7, INSTANCE:processing_system7_0 - tcl is
   overriding PARAMETER C_S_AXI_HP1_HIGHADDR value to 0x1FFFFFFF -
   /nfs/tools/xilinx/ise/14.7/ISE_DS/EDK/hw/XilinxProcessorIPLib/pcores/processi
   ng_system7_v4_03_a/data/processing_system7_v2_1_0.mpd line 304 
INFO:EDK - IPNAME: processing_system7, INSTANCE:processing_system7_0 - tcl is
   overriding PARAMETER C_S_AXI_HP2_HIGHADDR value to 0x1FFFFFFF -
   /nfs/tools/xilinx/ise/14.7/ISE_DS/EDK/hw/XilinxProcessorIPLib/pcores/processi
   ng_system7_v4_03_a/data/processing_system7_v2_1_0.mpd line 308 
INFO:EDK - IPNAME: processing_system7, INSTANCE:processing_system7_0 - tcl is
   overriding PARAMETER C_S_AXI_HP3_HIGHADDR value to 0x1FFFFFFF -
   /nfs/tools/xilinx/ise/14.7/ISE_DS/EDK/hw/XilinxProcessorIPLib/pcores/processi
   ng_system7_v4_03_a/data/processing_system7_v2_1_0.mpd line 312 
INFO:EDK - IPNAME: processing_system7, INSTANCE:processing_system7_0 - tcl is
   overriding PARAMETER C_NUM_F2P_INTR_INPUTS value to 1 -
   /nfs/tools/xilinx/ise/14.7/ISE_DS/EDK/hw/XilinxProcessorIPLib/pcores/processi
   ng_system7_v4_03_a/data/processing_system7_v2_1_0.mpd line 319 

Computing clock values...
INFO:EDK - Frequency for Top-Level Input Clock 'processing_system7_0_PS_CLK_pin'
   is not specified. Clock DRCs will not be performed for IPs connected to that
   clock port, unless they are connected through the clock generator IP. 


Performing IP level DRCs on properties...

Running DRC Tcl procedures for OPTION IPLEVEL_DRC_PROC...
INFO:EDK - INFO: DDR Base and High address in current configuration is
   0x00000000 and 0x1FFFFFFF respectively. 
INFO:EDK - INFO: You can modify the DDR address range accessed by Programmable
   Logic through the processing_system7 AXI slave interfaces. If MicroBlaze is a
   master on processing_system7 AXI slave interfaces, please use the top half of
   the address range (Base Address = 0x10000000; High Address = 0x1FFFFFFF). For
   all other master, any subset of the DDR address can be used. See Xilinx
   Answer 47167 for more information. 
Address Map for Processor processing_system7_0

Checking platform address map ...
make: Nothing to be done for `exporttosdk'.
INFO: [Edk 24-142] Hardware platform data exported to '/home/ga38qoh/EDA_Munish/SDSlabWork/work_dir/HelloWorld/HelloWorld.sdk/SDK/SDK_Export/hw'
export_hardware: Time (s): cpu = 00:00:04 ; elapsed = 00:00:10 . Memory (MB): peak = 2667.348 ; gain = 0.000
launch_sdk -workspace /home/ga38qoh/EDA_Munish/SDSlabWork/work_dir/HelloWorld/HelloWorld.sdk/SDK/SDK_Export -hwspec /home/ga38qoh/EDA_Munish/SDSlabWork/work_dir/HelloWorld/HelloWorld.sdk/SDK/SDK_Export/hw/system.xml
INFO: [PlanAhead 12-393] Launching SDK...
INFO: [PlanAhead 12-417] Running xsdk -workspace /home/ga38qoh/EDA_Munish/SDSlabWork/work_dir/HelloWorld/HelloWorld.sdk/SDK/SDK_Export -hwspec /home/ga38qoh/EDA_Munish/SDSlabWork/work_dir/HelloWorld/HelloWorld.sdk/SDK/SDK_Export/hw/system.xml
INFO: [PlanAhead 12-418] SDK launched successfully
exit
INFO: [Common 17-206] Exiting PlanAhead at Thu Mar 12 16:41:50 2015...
INFO: [Common 17-83] Releasing license: PlanAhead
