   Build using "/nfs/tools/xilinx/Vivado_HLS/2013.3/lnx64/tools/gcc/bin/g++"
   Compiling AESL_automem_input_r.cpp
   Compiling AESL_automem_output_r.cpp
   Compiling dct.autotb.cpp
   Compiling dct_buf_2d_in.cpp
   Compiling dct_buf_2d_in_memcore.cpp
   Compiling dct.cpp
   Compiling dct_Loop_Col_DCT_Loop_proc.cpp
   Compiling dct_Loop_Row_DCT_Loop_proc.cpp
   Compiling dct_Loop_Row_DCT_Loop_proc_dct_coeff_table_0.cpp
   Compiling dct_Loop_Row_DCT_Loop_proc_dct_coeff_table_1.cpp
   Compiling dct_Loop_Row_DCT_Loop_proc_dct_coeff_table_2.cpp
   Compiling dct_Loop_Row_DCT_Loop_proc_dct_coeff_table_3.cpp
   Compiling dct_Loop_Row_DCT_Loop_proc_dct_coeff_table_4.cpp
   Compiling dct_Loop_Row_DCT_Loop_proc_dct_coeff_table_5.cpp
   Compiling dct_Loop_Row_DCT_Loop_proc_dct_coeff_table_6.cpp
   Compiling dct_Loop_Row_DCT_Loop_proc_dct_coeff_table_7.cpp
   Compiling dct_Loop_Xpose_Col_Outer_Loop_proc.cpp
   Compiling dct_Loop_Xpose_Row_Outer_Loop_proc.cpp
   Compiling dct_row_outbuf.cpp
   Compiling dct_row_outbuf_memcore.cpp
   Compiling read_data.cpp
   Compiling write_data.cpp
   Generating cosim.sc.exe
