--------------------------------------------------------------------------------
Release 14.7 Trace  (lin64)
Copyright (c) 1995-2013 Xilinx, Inc.  All rights reserved.

/nfs/tools/xilinx/ise/14.7/ISE_DS/ISE/bin/lin64/unwrapped/trce -e 3 -xml
system.twx system.ncd system.pcf

Design file:              system.ncd
Physical constraint file: system.pcf
Device,package,speed:     xc7z020,clg484,C,-1 (PRODUCTION 1.08 2013-10-13)
Report level:             error report

Environment Variable      Effect 
--------------------      ------ 
NONE                      No environment variables were set
--------------------------------------------------------------------------------

INFO:Timing:3386 - Intersecting Constraints found and resolved.  For more 
   information, see the TSI report.  Please consult the Xilinx Command Line 
   Tools User Guide for information on generating a TSI report.
INFO:Timing:3412 - To improve timing, see the Timing Closure User Guide (UG612).
INFO:Timing:2752 - To get complete path coverage, use the unconstrained paths 
   option. All paths that are not constrained will be reported in the 
   unconstrained paths section(s) of the report.
INFO:Timing:3339 - The clock-to-out numbers in this timing report are based on 
   a 50 Ohm transmission line loading model.  For the details of this model, 
   and for more information on accounting for different loading conditions, 
   please see the device datasheet.

================================================================================
Timing constraint: PATH "TS_axi_interconnect_2_reset_resync_path" TIG;

 2 paths analyzed, 2 endpoints analyzed, 0 failing endpoints
 0 timing errors detected. (0 setup errors, 0 hold errors)
--------------------------------------------------------------------------------

================================================================================
Timing constraint: PATH "TS_axi_interconnect_1_reset_resync_path" TIG;

 2 paths analyzed, 2 endpoints analyzed, 0 failing endpoints
 0 timing errors detected. (0 setup errors, 0 hold errors)
--------------------------------------------------------------------------------

================================================================================
Timing constraint: TS_clk_fpga_0 = PERIOD TIMEGRP "clk_fpga_0" 100 MHz HIGH 
50%;
For more information, see Period Analysis in the Timing Closure User Guide (UG612).

 100466 paths analyzed, 17398 endpoints analyzed, 0 failing endpoints
 0 timing errors detected. (0 setup errors, 0 hold errors, 0 component switching limit errors)
 Minimum period is   9.356ns.
--------------------------------------------------------------------------------

================================================================================
Timing constraint: TS_clk_fpga_1 = PERIOD TIMEGRP "clk_fpga_1" 200 MHz HIGH 
50%;
For more information, see Period Analysis in the Timing Closure User Guide (UG612).

 0 paths analyzed, 0 endpoints analyzed, 0 failing endpoints
 0 timing errors detected. (0 component switching limit errors)
 Minimum period is   2.800ns.
--------------------------------------------------------------------------------

================================================================================
Timing constraint: TS_axi_clkgen_0_axi_clkgen_0_i_mmcm_drp_mmcm_clk_0_s = 
PERIOD TIMEGRP         "axi_clkgen_0_axi_clkgen_0_i_mmcm_drp_mmcm_clk_0_s" 
TS_clk_fpga_1 *         0.742424242 HIGH 50%;
For more information, see Period Analysis in the Timing Closure User Guide (UG612).

 40065 paths analyzed, 5161 endpoints analyzed, 0 failing endpoints
 0 timing errors detected. (0 setup errors, 0 hold errors, 0 component switching limit errors)
 Minimum period is   5.812ns.
--------------------------------------------------------------------------------

================================================================================
Timing constraint: TS_clock_generator_0_clock_generator_0_SIG_MMCM1_CLKOUT0 = 
PERIOD TIMEGRP         "clock_generator_0_clock_generator_0_SIG_MMCM1_CLKOUT0" 
TS_clk_fpga_1         * 0.061440678 HIGH 50%;
For more information, see Period Analysis in the Timing Closure User Guide (UG612).

 57 paths analyzed, 45 endpoints analyzed, 0 failing endpoints
 0 timing errors detected. (0 setup errors, 0 hold errors, 0 component switching limit errors)
 Minimum period is   4.482ns.
--------------------------------------------------------------------------------


Derived Constraint Report
Derived Constraints for TS_clk_fpga_1
+-------------------------------+-------------+-------------+-------------+-------------+-------------+-------------+-------------+
|                               |   Period    |       Actual Period       |      Timing Errors        |      Paths Analyzed       |
|           Constraint          | Requirement |-------------+-------------|-------------+-------------|-------------+-------------|
|                               |             |   Direct    | Derivative  |   Direct    | Derivative  |   Direct    | Derivative  |
+-------------------------------+-------------+-------------+-------------+-------------+-------------+-------------+-------------+
|TS_clk_fpga_1                  |      5.000ns|      2.800ns|      4.315ns|            0|            0|            0|        40122|
| TS_axi_clkgen_0_axi_clkgen_0_i|      6.735ns|      5.812ns|          N/A|            0|            0|        40065|            0|
| _mmcm_drp_mmcm_clk_0_s        |             |             |             |             |             |             |             |
| TS_clock_generator_0_clock_gen|     81.379ns|      4.482ns|          N/A|            0|            0|           57|            0|
| erator_0_SIG_MMCM1_CLKOUT0    |             |             |             |             |             |             |             |
+-------------------------------+-------------+-------------+-------------+-------------+-------------+-------------+-------------+

All constraints were met.


Data Sheet report:
-----------------
No constraints were found to generate data for the Data Sheet Report section.
Use the Advanced Analysis (-a) option or generate global constraints for each
clock, its pad to setup and clock to pad paths, and a pad to pad constraint.

Timing summary:
---------------

Timing errors: 0  Score: 0  (Setup/Max: 0, Hold: 0)

Constraints cover 140592 paths, 0 nets, and 24951 connections

Design statistics:
   Minimum period:   9.356ns   (Maximum frequency: 106.883MHz)


Analysis completed Mon Jul 27 18:42:58 2015 
--------------------------------------------------------------------------------

Trace Settings:
-------------------------
Trace Settings 

Peak Memory Usage: 865 MB



