#-----------------------------------------------------------
# PlanAhead v14.7 (64-bit)
# Build 321239 by xbuild on Fri Sep 27 19:24:36 MDT 2013
# Start of session at: Fri Mar 13 16:36:59 2015
# Process ID: 19434
# Log file: /home/ga38qoh/EDA_Munish/SDSlabWork/work_dir/LabA/LED_project/planAhead.log
# Journal file: /home/ga38qoh/EDA_Munish/SDSlabWork/work_dir/LabA/LED_project/planAhead.jou
#-----------------------------------------------------------
INFO: [Common 17-78] Attempting to get a license: PlanAhead
INFO: [Common 17-290] Got license for PlanAhead
INFO: [Common 17-86] Your PlanAhead license expires in -437 day(s)
INFO: [Device 21-36] Loading parts and site information from /nfs/tools/xilinx/ise/14.7/ISE_DS/PlanAhead/data/parts/arch.xml
Parsing RTL primitives file [/nfs/tools/xilinx/ise/14.7/ISE_DS/PlanAhead/data/parts/xilinx/rtl/prims/rtl_prims.xml]
Finished parsing RTL primitives file [/nfs/tools/xilinx/ise/14.7/ISE_DS/PlanAhead/data/parts/xilinx/rtl/prims/rtl_prims.xml]
start_gui
open_project /home/ga38qoh/EDA_Munish/SDSlabWork/work_dir/LabA/LED_project/LED_project.ppr
Scanning sources...
Finished scanning sources
open_project: Time (s): cpu = 00:00:05 ; elapsed = 00:00:05 . Memory (MB): peak = 2648.477 ; gain = 33.199
INFO: [Edk 24-184] Launching XPS (Xilinx Platform Studio) for configuring XPS sub-design source 'system'...

Xilinx Platform Studio
Xilinx EDK 14.7 Build EDK_P.20131013
Copyright (c) 1995-2012 Xilinx, Inc.  All rights reserved.

Launching XPS GUI...
INFO:EDK - Simulation, Implementation and Device configuration flows are
   disabled in XPS when launched from PlanAhead. All these features are
   available in PlanAhead.
MainWindow
INFO:EDK - INFO:Security:67 - XILINXD_LICENSE_FILE is set to
   '/nfs/labs/hwswc/tools/Xilinx_EDK_82i/data/core_licenses' in
   /home/ga38qoh/.flexlmrc.
   INFO:Security:51 - The XILINXD_LICENSE_FILE environment variable is not set.
   INFO:Security:52 - The LM_LICENSE_FILE environment variable is set to
   ':5280@refile:27000@refile:2100@refile:1717@refile:27001@refile:5281@refile:2
   8000@mlm3.rbg.tum.de:1720@license.lrz-muenchen.de'.
   WARNING:Security:43 - No license file was found in the standard Xilinx
   license directory.
   WARNING:Security:44 - Since no license file was found,
          please run the Xilinx License Configuration Manager
          (xlcm or "Manage Xilinx Licenses")
          to assist in obtaining a license.
   WARNING:Security:42 - Your software subscription period has lapsed. Your
   current version of Xilinx tools will continue to function, but you no longer
   qualify for Xilinx software updates or new releases.

