Release 14.7 - platgen Xilinx EDK 14.7 Build EDK_P.20131013
 (lin64)
Copyright (c) 1995-2013 Xilinx, Inc.  All rights reserved.

Command Line: platgen -p xc7z020clg484-1 -lang vhdl -intstyle default -lp
/ise_local2/umair_temp/SDS_Lab_14p7/project_documents/LabC_new/videoprocessing/c
f_lib/ -msg __xps/ise/xmsgprops.lst system.mhs 

WARNING:EDK - INFO:Security:67 - XILINXD_LICENSE_FILE is set to '2100@refile' in
   /home/ga73koz/.flexlmrc.
   INFO:Security:71 - If a license for part 'xc7z020' is available, it will be
   possible to use 'XPS_TDP' instead of 'XPS'.
   WARNING:Security:42 - Your software subscription period has lapsed. Your
   current version of Xilinx tools will continue to function, but you no longer
   qualify for Xilinx software updates or new releases.


Parse
/ise_local2/umair_temp/SDS_Lab_14p7/project_documents/LabC_new/videoprocessing/v
ideoProcessing_prj/system.mhs ...

Read MPD definitions ...
WARNING:EDK:4088 - IPNAME: processing_system7, INSTANCE: processing_system7_0 -
   Superseded core for architecture 'zynq' -
   /ise_local2/umair_temp/SDS_Lab_14p7/project_documents/LabC_new/videoprocessin
   g/videoProcessing_prj/system.mhs line 44 
WARNING:EDK:4092 - IPNAME: clock_generator, INSTANCE: clock_generator_0 -
   Pre-Production version not verified on hardware for architecture 'zynq' -
   /ise_local2/umair_temp/SDS_Lab_14p7/project_documents/LabC_new/videoprocessin
   g/videoProcessing_prj/system.mhs line 236 
WARNING:EDK:4088 - IPNAME: axi_dma, INSTANCE: axi_dma_i2s - Superseded core for
   architecture 'zynq' -
   /ise_local2/umair_temp/SDS_Lab_14p7/project_documents/LabC_new/videoprocessin
   g/videoProcessing_prj/system.mhs line 289 
WARNING:EDK:4088 - IPNAME: processing_system7, INSTANCE: processing_system7_0 -
   Superseded core for architecture 'zynq' -
   /ise_local2/umair_temp/SDS_Lab_14p7/project_documents/LabC_new/videoprocessin
   g/videoProcessing_prj/system.mhs line 44 
WARNING:EDK:4092 - IPNAME: clock_generator, INSTANCE: clock_generator_0 -
   Pre-Production version not verified on hardware for architecture 'zynq' -
   /ise_local2/umair_temp/SDS_Lab_14p7/project_documents/LabC_new/videoprocessin
   g/videoProcessing_prj/system.mhs line 236 
WARNING:EDK:4088 - IPNAME: axi_dma, INSTANCE: axi_dma_i2s - Superseded core for
   architecture 'zynq' -
   /ise_local2/umair_temp/SDS_Lab_14p7/project_documents/LabC_new/videoprocessin
   g/videoProcessing_prj/system.mhs line 289 

Overriding IP level properties ...
INFO:EDK:4130 - IPNAME: processing_system7, INSTANCE:processing_system7_0 - tcl
   is overriding PARAMETER C_NUM_F2P_INTR_INPUTS value to 5 -
   /nfs/tools/xilinx/ise/14.7/ISE_DS/EDK/hw/XilinxProcessorIPLib/pcores/processi
   ng_system7_v3_00_a/data/processing_system7_v2_1_0.mpd line 254 
INFO:EDK:4130 - IPNAME: axi_interconnect, INSTANCE:axi_interconnect_1 - tcl is
   overriding PARAMETER C_BASEFAMILY value to zynq -
   /nfs/tools/xilinx/ise/14.7/ISE_DS/EDK/hw/XilinxProcessorIPLib/pcores/axi_inte
   rconnect_v1_06_a/data/axi_interconnect_v2_1_0.mpd line 81 
INFO:EDK:4130 - IPNAME: axi_interconnect, INSTANCE:axi_interconnect_2 - tcl is
   overriding PARAMETER C_BASEFAMILY value to zynq -
   /nfs/tools/xilinx/ise/14.7/ISE_DS/EDK/hw/XilinxProcessorIPLib/pcores/axi_inte
   rconnect_v1_06_a/data/axi_interconnect_v2_1_0.mpd line 81 
INFO:EDK:4130 - IPNAME: axi_interconnect, INSTANCE:axi_interconnect_0 - tcl is
   overriding PARAMETER C_BASEFAMILY value to zynq -
   /nfs/tools/xilinx/ise/14.7/ISE_DS/EDK/hw/XilinxProcessorIPLib/pcores/axi_inte
   rconnect_v1_06_a/data/axi_interconnect_v2_1_0.mpd line 81 

Computing clock values...
WARNING:EDK:1954 - No Top-level Input clock for the design. 
WARNING:EDK:3712 - IPNAME: axi_interconnect, INSTANCE: axi_interconnect_1 -
   Frequency of the interconnect's clock port could not be determined. All IPs
   in the design will be considered to be asynchronous with respect to the
   interconnect. This will lead to more resource usage. You can avoid this by
   specifying the clock frequency on the port that the interconnect's clock is
   connected to.
WARNING:EDK:3712 - IPNAME: axi_interconnect, INSTANCE: axi_interconnect_2 -
   Frequency of the interconnect's clock port could not be determined. All IPs
   in the design will be considered to be asynchronous with respect to the
   interconnect. This will lead to more resource usage. You can avoid this by
   specifying the clock frequency on the port that the interconnect's clock is
   connected to.
WARNING:EDK:3712 - IPNAME: axi_interconnect, INSTANCE: axi_interconnect_0 -
   Frequency of the interconnect's clock port could not be determined. All IPs
   in the design will be considered to be asynchronous with respect to the
   interconnect. This will lead to more resource usage. You can avoid this by
   specifying the clock frequency on the port that the interconnect's clock is
   connected to.
INFO:EDK:3707 - Frequency of the clock port of the interconnect
   'axi_interconnect_1' could not be determined. Tools are updating the value of
   the parameter C_INTERCONNECT_M_AXI_GP0_IS_ACLK_ASYNC on core
   processing_system7_0 to '1'. 
INFO:EDK:3707 - Frequency of the clock port of the interconnect
   'axi_interconnect_1' could not be determined. Tools are updating the value of
   the parameter C_INTERCONNECT_S_AXI_LITE_IS_ACLK_ASYNC on core axi_vdma_0 to
   '1'. 
INFO:EDK:3707 - Frequency of the clock port of the interconnect
   'axi_interconnect_1' could not be determined. Tools are updating the value of
   the parameter C_INTERCONNECT_S_AXI_IS_ACLK_ASYNC on core axi_hdmi_tx_16b_0 to
   '1'. 
INFO:EDK:3707 - Frequency of the clock port of the interconnect
   'axi_interconnect_1' could not be determined. Tools are updating the value of
   the parameter C_INTERCONNECT_S_AXI_IS_ACLK_ASYNC on core axi_iic_0 to '1'. 
INFO:EDK:3707 - Frequency of the clock port of the interconnect
   'axi_interconnect_1' could not be determined. Tools are updating the value of
   the parameter C_INTERCONNECT_S_AXI_IS_ACLK_ASYNC on core axi_clkgen_0 to '1'.
    
INFO:EDK:3707 - Frequency of the clock port of the interconnect
   'axi_interconnect_1' could not be determined. Tools are updating the value of
   the parameter C_INTERCONNECT_S_AXI_IS_ACLK_ASYNC on core axi_i2s_adi_0 to
   '1'. 
INFO:EDK:3707 - Frequency of the clock port of the interconnect
   'axi_interconnect_1' could not be determined. Tools are updating the value of
   the parameter C_INTERCONNECT_S_AXI_LITE_IS_ACLK_ASYNC on core axi_dma_i2s to
   '1'. 
INFO:EDK:3707 - Frequency of the clock port of the interconnect
   'axi_interconnect_2' could not be determined. Tools are updating the value of
   the parameter C_INTERCONNECT_M_AXI_MM2S_IS_ACLK_ASYNC on core axi_vdma_0 to
   '1'. 
INFO:EDK:3707 - Frequency of the clock port of the interconnect
   'axi_interconnect_2' could not be determined. Tools are updating the value of
   the parameter C_INTERCONNECT_S_AXI_HP0_IS_ACLK_ASYNC on core
   processing_system7_0 to '1'. 
INFO:EDK:3707 - Frequency of the clock port of the interconnect
   'axi_interconnect_0' could not be determined. Tools are updating the value of
   the parameter C_INTERCONNECT_M_AXI_SG_IS_ACLK_ASYNC on core axi_dma_i2s to
   '1'. 
INFO:EDK:3707 - Frequency of the clock port of the interconnect
   'axi_interconnect_0' could not be determined. Tools are updating the value of
   the parameter C_INTERCONNECT_M_AXI_MM2S_IS_ACLK_ASYNC on core axi_dma_i2s to
   '1'. 
INFO:EDK:3707 - Frequency of the clock port of the interconnect
   'axi_interconnect_0' could not be determined. Tools are updating the value of
   the parameter C_INTERCONNECT_M_AXI_S2MM_IS_ACLK_ASYNC on core axi_dma_i2s to
   '1'. 
INFO:EDK:3707 - Frequency of the clock port of the interconnect
   'axi_interconnect_0' could not be determined. Tools are updating the value of
   the parameter C_INTERCONNECT_S_AXI_HP2_IS_ACLK_ASYNC on core
   processing_system7_0 to '1'. 

Performing IP level DRCs on properties...

Running DRC Tcl procedures for OPTION IPLEVEL_DRC_PROC...
Address Map for Processor processing_system7_0
  (0x40410000-0x4041ffff) axi_dma_i2s	axi_interconnect_1
  (0x41600000-0x4160ffff) axi_iic_0	axi_interconnect_1
  (0x43000000-0x4300ffff) axi_vdma_0	axi_interconnect_1
  (0x66000000-0x6600ffff) axi_clkgen_0	axi_interconnect_1
  (0x6c000000-0x6c00ffff) axi_hdmi_tx_16b_0	axi_interconnect_1
  (0x77600000-0x7760ffff) axi_i2s_adi_0	axi_interconnect_1

Checking platform address map ...

Checking platform configuration ...
IPNAME: axi_interconnect, INSTANCE: axi_interconnect_1 - 1 master(s) : 6
slave(s) 
IPNAME: axi_interconnect, INSTANCE: axi_interconnect_2 - 1 master(s) : 1
slave(s) 
IPNAME: axi_interconnect, INSTANCE: axi_interconnect_0 - 3 master(s) : 1
slave(s) 

Checking port drivers...
WARNING:EDK:4180 - PORT: ARESETN, CONNECTOR: axi_dma_i2s_M_AXIS_MM2S_ARESETN -
   No driver found. Port will be driven to GND -
   /ise_local2/umair_temp/SDS_Lab_14p7/project_documents/LabC_new/videoprocessin
   g/cf_lib/edk/pcores/axi_i2s_adi_v1_00_a/data/axi_i2s_adi_v2_1_0.mpd line 59 
WARNING:EDK:4181 - PORT: util_vector_logic_0_Op1_pin, CONNECTOR:
   net_util_vector_logic_0_Op1_pin - floating connection -
   /ise_local2/umair_temp/SDS_Lab_14p7/project_documents/LabC_new/videoprocessin
   g/videoProcessing_prj/system.mhs line 34 
WARNING:EDK:4181 - PORT: m_axis_mm2s_tuser, CONNECTOR:
   axi_vdma_0_M_AXIS_MM2S_TUSER - floating connection -
   /nfs/tools/xilinx/ise/14.7/ISE_DS/EDK/hw/XilinxProcessorIPLib/pcores/axi_vdma
   _v5_04_a/data/axi_vdma_v2_1_0.mpd line 212 
WARNING:EDK:4181 - PORT: mm2s_prmry_reset_out_n, CONNECTOR: RESET_OUT_N -
   floating connection -
   /nfs/tools/xilinx/ise/14.7/ISE_DS/EDK/hw/XilinxProcessorIPLib/pcores/axi_dma_
   v5_00_a/data/axi_dma_v2_1_0.mpd line 212 
WARNING:EDK:4181 - PORT: mm2s_cntrl_reset_out_n, CONNECTOR: RESET_OUT_N -
   floating connection -
   /nfs/tools/xilinx/ise/14.7/ISE_DS/EDK/hw/XilinxProcessorIPLib/pcores/axi_dma_
   v5_00_a/data/axi_dma_v2_1_0.mpd line 218 
WARNING:EDK:4181 - PORT: s2mm_prmry_reset_out_n, CONNECTOR: RESET_OUT_N -
   floating connection -
   /nfs/tools/xilinx/ise/14.7/ISE_DS/EDK/hw/XilinxProcessorIPLib/pcores/axi_dma_
   v5_00_a/data/axi_dma_v2_1_0.mpd line 240 
WARNING:EDK:4181 - PORT: s2mm_sts_reset_out_n, CONNECTOR: RESET_OUT_N - floating
   connection -
   /nfs/tools/xilinx/ise/14.7/ISE_DS/EDK/hw/XilinxProcessorIPLib/pcores/axi_dma_
   v5_00_a/data/axi_dma_v2_1_0.mpd line 246 
WARNING:EDK:4181 - PORT: m_axis_mm2s_tkeep, CONNECTOR:
   axi_dma_i2s_M_AXIS_MM2S_TKEEP - floating connection -
   /nfs/tools/xilinx/ise/14.7/ISE_DS/EDK/hw/XilinxProcessorIPLib/pcores/axi_dma_
   v5_00_a/data/axi_dma_v2_1_0.mpd line 214 

Performing Clock DRCs...
INFO:EDK:4060 - INSTANCE: axi_iic_0, PARAMETER: C_S_AXI_ACLK_FREQ_HZ - Did not
   implement clock DRCs for the parameter. Top-level frequency could not be
   propagated to this IP. Please make sure that you have specified the frequency
   of the top-level clock port, and that the clocks are properly connected.
INFO:EDK:4060 - INSTANCE: axi_dma_i2s, PARAMETER: C_S_AXI_LITE_ACLK_FREQ_HZ -
   Did not implement clock DRCs for the parameter. Top-level frequency could not
   be propagated to this IP. Please make sure that you have specified the
   frequency of the top-level clock port, and that the clocks are properly
   connected.
INFO:EDK:4060 - INSTANCE: axi_dma_i2s, PARAMETER: C_M_AXI_SG_ACLK_FREQ_HZ - Did
   not implement clock DRCs for the parameter. Top-level frequency could not be
   propagated to this IP. Please make sure that you have specified the frequency
   of the top-level clock port, and that the clocks are properly connected.
INFO:EDK:4060 - INSTANCE: axi_dma_i2s, PARAMETER: C_M_AXI_MM2S_ACLK_FREQ_HZ -
   Did not implement clock DRCs for the parameter. Top-level frequency could not
   be propagated to this IP. Please make sure that you have specified the
   frequency of the top-level clock port, and that the clocks are properly
   connected.
INFO:EDK:4060 - INSTANCE: axi_dma_i2s, PARAMETER: C_M_AXI_S2MM_ACLK_FREQ_HZ -
   Did not implement clock DRCs for the parameter. Top-level frequency could not
   be propagated to this IP. Please make sure that you have specified the
   frequency of the top-level clock port, and that the clocks are properly
   connected.

Performing Reset DRCs...

Overriding system level properties...

INFO: Setting C_RANGE_CHECK = ON for axi_interconnect axi_interconnect_1.
INFO:EDK:4130 - IPNAME: axi_interconnect, INSTANCE:axi_interconnect_1 - tcl is
   overriding PARAMETER C_RANGE_CHECK value to 1 -
   /nfs/tools/xilinx/ise/14.7/ISE_DS/EDK/hw/XilinxProcessorIPLib/pcores/axi_inte
   rconnect_v1_06_a/data/axi_interconnect_v2_1_0.mpd line 149 

INFO: Setting C_RANGE_CHECK = OFF for axi_interconnect axi_interconnect_2; no
DECERR checking will be performed.
INFO:EDK:4130 - IPNAME: axi_interconnect, INSTANCE:axi_interconnect_2 - tcl is
   overriding PARAMETER C_RANGE_CHECK value to 0 -
   /nfs/tools/xilinx/ise/14.7/ISE_DS/EDK/hw/XilinxProcessorIPLib/pcores/axi_inte
   rconnect_v1_06_a/data/axi_interconnect_v2_1_0.mpd line 149 

INFO: Setting C_RANGE_CHECK = OFF for axi_interconnect axi_interconnect_0; no
DECERR checking will be performed.
INFO:EDK:4130 - IPNAME: axi_interconnect, INSTANCE:axi_interconnect_0 - tcl is
   overriding PARAMETER C_RANGE_CHECK value to 0 -
   /nfs/tools/xilinx/ise/14.7/ISE_DS/EDK/hw/XilinxProcessorIPLib/pcores/axi_inte
   rconnect_v1_06_a/data/axi_interconnect_v2_1_0.mpd line 149 

Running system level update procedures...

Running UPDATE Tcl procedures for OPTION SYSLEVEL_UPDATE_PROC...

Running system level DRCs...

Performing System level DRCs on properties...

Running DRC Tcl procedures for OPTION SYSLEVEL_DRC_PROC...
WARNING:EDK -  ****************************************************************
WARNING:EDK -  Optimization Alert: axi_interconnect axi_interconnect_1: Port 
WARNING:EDK -  INTERCONNECT_ACLK is not connected to the same clock source as 
WARNING:EDK -  any SI or MI slot. Your configuration may have unnecessary clock 
WARNING:EDK -  conversion(s). Typically, best throughput is achieved by 
WARNING:EDK -  connecting INTERCONNECT_ACLK to the same clock source as the 
WARNING:EDK -  fastest performance-critical MI slot (connected slave).

WARNING:EDK -  ****************************************************************
WARNING:EDK -  Optimization Alert: axi_interconnect axi_interconnect_2: Port 
WARNING:EDK -  INTERCONNECT_ACLK is not connected to the same clock source as 
WARNING:EDK -  any SI or MI slot. Your configuration may have unnecessary clock 
WARNING:EDK -  conversion(s). Typically, best throughput is achieved by 
WARNING:EDK -  connecting INTERCONNECT_ACLK to the same clock source as the 
WARNING:EDK -  fastest performance-critical MI slot (connected slave).

WARNING:EDK -  ****************************************************************
WARNING:EDK -  Optimization Alert: axi_interconnect axi_interconnect_0: Port 
WARNING:EDK -  INTERCONNECT_ACLK is not connected to the same clock source as 
WARNING:EDK -  any SI or MI slot. Your configuration may have unnecessary clock 
WARNING:EDK -  conversion(s). Typically, best throughput is achieved by 
WARNING:EDK -  connecting INTERCONNECT_ACLK to the same clock source as the 
WARNING:EDK -  fastest performance-critical MI slot (connected slave).


Running UPDATE Tcl procedures for OPTION PLATGEN_SYSLEVEL_UPDATE_PROC...
INFO: Generating core-level timing constraints for asynchronous clock
conversions in axi_interconnect axi_interconnect_1.
WARNING:EDK -  ****************************************************************
WARNING:EDK -  Cannot determine frequency of INTERCONNECT_ACLK for 
WARNING:EDK -  axi_interconnect axi_interconnect_1; generating TIG constraint 
WARNING:EDK -  for asynchronous clock-converter data pathways.

INFO: Generating core-level timing constraints for asynchronous clock
conversions in axi_interconnect axi_interconnect_2.
WARNING:EDK -  ****************************************************************
WARNING:EDK -  Cannot determine frequency of INTERCONNECT_ACLK for 
WARNING:EDK -  axi_interconnect axi_interconnect_2; generating TIG constraint 
WARNING:EDK -  for asynchronous clock-converter data pathways.

INFO: Generating core-level timing constraints for asynchronous clock
conversions in axi_interconnect axi_interconnect_0.
WARNING:EDK -  ****************************************************************
WARNING:EDK -  Cannot determine frequency of INTERCONNECT_ACLK for 
WARNING:EDK -  axi_interconnect axi_interconnect_0; generating TIG constraint 
WARNING:EDK -  for asynchronous clock-converter data pathways.


Modify defaults ...

Creating stub ...

Processing licensed instances ...
Completion time: 0.00 seconds

Creating hardware output directories ...

Managing hardware (BBD-specified) netlist files ...

Managing cache ...
IPNAME:axi_vdma INSTANCE:axi_vdma_0 -
/ise_local2/umair_temp/SDS_Lab_14p7/project_documents/LabC_new/videoprocessing/v
ideoProcessing_prj/system.mhs line 141 - Copying cache implementation netlist
IPNAME:axi_interconnect INSTANCE:axi_interconnect_2 -
/ise_local2/umair_temp/SDS_Lab_14p7/project_documents/LabC_new/videoprocessing/v
ideoProcessing_prj/system.mhs line 172 - Copying cache implementation netlist
IPNAME:axi_hdmi_tx_16b INSTANCE:axi_hdmi_tx_16b_0 -
/ise_local2/umair_temp/SDS_Lab_14p7/project_documents/LabC_new/videoprocessing/v
ideoProcessing_prj/system.mhs line 180 - Copying cache implementation netlist
IPNAME:axi_iic INSTANCE:axi_iic_0 -
/ise_local2/umair_temp/SDS_Lab_14p7/project_documents/LabC_new/videoprocessing/v
ideoProcessing_prj/system.mhs line 208 - Copying cache implementation netlist
IPNAME:axi_clkgen INSTANCE:axi_clkgen_0 -
/ise_local2/umair_temp/SDS_Lab_14p7/project_documents/LabC_new/videoprocessing/v
ideoProcessing_prj/system.mhs line 225 - Copying cache implementation netlist
IPNAME:util_vector_logic INSTANCE:util_vector_logic_0 -
/ise_local2/umair_temp/SDS_Lab_14p7/project_documents/LabC_new/videoprocessing/v
ideoProcessing_prj/system.mhs line 246 - Copying cache implementation netlist
IPNAME:axi_i2s_adi INSTANCE:axi_i2s_adi_0 -
/ise_local2/umair_temp/SDS_Lab_14p7/project_documents/LabC_new/videoprocessing/v
ideoProcessing_prj/system.mhs line 255 - Copying cache implementation netlist
IPNAME:util_i2c_mixer INSTANCE:util_i2c_mixer_0 -
/ise_local2/umair_temp/SDS_Lab_14p7/project_documents/LabC_new/videoprocessing/v
ideoProcessing_prj/system.mhs line 276 - Copying cache implementation netlist
IPNAME:axi_dma INSTANCE:axi_dma_i2s -
/ise_local2/umair_temp/SDS_Lab_14p7/project_documents/LabC_new/videoprocessing/v
ideoProcessing_prj/system.mhs line 289 - Copying cache implementation netlist

Elaborating instances ...
IPNAME:clock_generator INSTANCE:clock_generator_0 -
/ise_local2/umair_temp/SDS_Lab_14p7/project_documents/LabC_new/videoprocessing/v
ideoProcessing_prj/system.mhs line 236 - elaborating IP
ClkGen elaborate status: PASSED
----------------------------------------
----------------------------------------

Writing HDL for elaborated instances ...

Inserting wrapper level ...
Completion time: 1.00 seconds

Constructing platform-level connectivity ...
Completion time: 0.00 seconds

Writing (top-level) BMM ...

Writing (top-level and wrappers) HDL ...

Generating synthesis project file ...

Running XST synthesis ...

INFO:EDK:4211 - The following instances are synthesized with XST. The MPD option
   IMP_NETLIST=TRUE indicates that a NGC file is to be produced using XST
   synthesis. IMP_NETLIST=FALSE (default) instances are not synthesized. 
INSTANCE:processing_system7_0 -
/ise_local2/umair_temp/SDS_Lab_14p7/project_documents/LabC_new/videoprocessing/v
ideoProcessing_prj/system.mhs line 44 - Running XST synthesis
INSTANCE:axi_interconnect_1 -
/ise_local2/umair_temp/SDS_Lab_14p7/project_documents/LabC_new/videoprocessing/v
ideoProcessing_prj/system.mhs line 164 - Running XST synthesis
