@I [HLS-0] Workspace /home/ga38qoh/EDA_Munish/work_dir/dualCore_grayscaleProcessing/GrayScaleIP/grayscale_prj/solution1 opened at Mon Apr 20 19:05:21 CEST 2015
@I [HLS-100] Command "config_clock -quiet -name default -period 6.6667 -default=false "
@I [SYN-201] Setting up clock 'default' with a period of 6.6667ns.
@I [HLS-100] Command 'config_clock' returned 0; elapsed 0Total elapsed time: 10.627 sec.
@I [HLS-100] Command "open_platform DefaultPlatform "
@I [HLS-100] Command 'open_platform' returned 0; elapsed 0Total elapsed time: 10.629 sec.
@I [HLS-100] Command "import_lib /nfs/tools/xilinx/Vivado_HLS/2013.3/common/technology/xilinx/zynq/zynq "
@I [HLS-100] Command "source /nfs/tools/xilinx/Vivado_HLS/2013.3/common/technology/xilinx/common/xilinx.lib "
@I [HLS-100] Command "source /nfs/tools/xilinx/Vivado_HLS/2013.3/common/technology/xilinx/interface/xilinx_interface.lib "
@I [HLS-100] Command "source /nfs/tools/xilinx/Vivado_HLS/2013.3/common/technology/xilinx/interface/plb46.lib "
@I [HLS-100] Command 'ap_source' returned 0; elapsed 0Total elapsed time: 10.634 sec.
@I [HLS-100] Command "source /nfs/tools/xilinx/Vivado_HLS/2013.3/common/technology/xilinx/interface/fsl.lib "
@I [HLS-100] Command 'ap_source' returned 0; elapsed 0Total elapsed time: 10.635 sec.
@I [HLS-100] Command "source /nfs/tools/xilinx/Vivado_HLS/2013.3/common/technology/xilinx/interface/axi4.lib "
@I [HLS-100] Command 'ap_source' returned 0; elapsed 0Total elapsed time: 10.636 sec.
@I [HLS-100] Command 'ap_source' returned 0; elapsed 0Total elapsed time: 10.636 sec.
@I [HLS-100] Command "source /nfs/tools/xilinx/Vivado_HLS/2013.3/common/technology/xilinx/common/dsp48.lib "
@I [HLS-100] Command 'ap_source' returned 0; elapsed 0Total elapsed time: 10.638 sec.
@I [HLS-100] Command "source /nfs/tools/xilinx/Vivado_HLS/2013.3/common/technology/xilinx/ip/xfft.lib "
@I [HLS-100] Command 'ap_source' returned 0; elapsed 0.01Total elapsed time: 10.640 sec.
@I [HLS-100] Command "source /nfs/tools/xilinx/Vivado_HLS/2013.3/common/technology/xilinx/ip/xfir.lib "
@I [HLS-100] Command 'ap_source' returned 0; elapsed 0Total elapsed time: 10.642 sec.
@I [HLS-100] Command 'ap_source' returned 0; elapsed 0.01Total elapsed time: 10.646 sec.
@I [HLS-100] Command "source /nfs/tools/xilinx/Vivado_HLS/2013.3/common/technology/xilinx/common/xilinx_old.lib "
@I [HLS-100] Command 'ap_source' returned 0; elapsed 0Total elapsed time: 10.651 sec.
@I [HLS-100] Command "source /nfs/tools/xilinx/Vivado_HLS/2013.3/common/technology/xilinx/common/xilinx_vivado.lib "
@I [HLS-100] Command 'ap_source' returned 0; elapsed 0Total elapsed time: 10.652 sec.
@I [HLS-100] Command "source /nfs/tools/xilinx/Vivado_HLS/2013.3/common/technology/xilinx/common/xilinx.hlp "
@I [HLS-100] Command "source /nfs/tools/xilinx/Vivado_HLS/2013.3/common/technology/xilinx/common/target_info.tcl "
@I [HLS-100] Command 'ap_source' returned 0; elapsed 0Total elapsed time: 10.660 sec.
@I [HLS-100] Command "source /nfs/tools/xilinx/Vivado_HLS/2013.3/common/technology/xilinx/common/dsp48.hlp "
@I [HLS-100] Command 'ap_source' returned 0; elapsed 0Total elapsed time: 10.662 sec.
@I [HLS-100] Command 'ap_source' returned 0; elapsed 0.01Total elapsed time: 10.663 sec.
@I [HLS-100] Command "source /nfs/tools/xilinx/Vivado_HLS/2013.3/common/technology/xilinx/zynq/dsp48e1.hlp "
@I [HLS-100] Command 'ap_source' returned 0; elapsed 0Total elapsed time: 10.664 sec.
@I [HLS-100] Command "get_default_platform "
@I [HLS-100] Command 'get_default_platform' returned 0; elapsed 0Total elapsed time: 10.664 sec.
@I [HLS-100] Command "config_chip_info -quiet -resource  {SLICE 13300}  {LUT 53200}     {FF 106400} {DSP48E 220}   {BRAM 280}  "
@I [HLS-100] Command 'config_chip_info' returned 0; elapsed 0Total elapsed time: 10.665 sec.
@I [HLS-100] Command "config_chip_info -quiet -speed medium "
@I [HLS-100] Command 'config_chip_info' returned 0; elapsed 0Total elapsed time: 10.665 sec.
@I [HLS-100] Command 'import_lib' returned 0; elapsed 0.02Total elapsed time: 10.668 sec.
@I [HLS-100] Command "source /nfs/tools/xilinx/Vivado_HLS/2013.3/common/technology/xilinx/zynq/zynq.gen "
@I [HLS-100] Command "source /nfs/tools/xilinx/Vivado_HLS/2013.3/common/technology/xilinx/common/virtex.gen "
@I [HLS-100] Command "source /nfs/tools/xilinx/Vivado_HLS/2013.3/common/technology/xilinx/common/xilinx.gen "
@I [HLS-100] Command "source /nfs/tools/xilinx/Vivado_HLS/2013.3/common/technology/xilinx/interface/plb46.gen "
@I [HLS-100] Command 'ap_source' returned 0; elapsed 0Total elapsed time: 10.676 sec.
@I [HLS-100] Command "source /nfs/tools/xilinx/Vivado_HLS/2013.3/common/technology/xilinx/interface/fsl.gen "
@I [HLS-100] Command 'ap_source' returned 0; elapsed 0.01Total elapsed time: 10.678 sec.
@I [HLS-100] Command "source /nfs/tools/xilinx/Vivado_HLS/2013.3/common/technology/xilinx/interface/axi4.gen "
@I [HLS-100] Command 'ap_source' returned 0; elapsed 0Total elapsed time: 10.685 sec.
@I [HLS-100] Command "source /nfs/tools/xilinx/Vivado_HLS/2013.3/common/technology/xilinx/scripts/xilinxcoregen.gen "
@I [HLS-100] Command 'ap_source' returned 0; elapsed 0.01Total elapsed time: 10.699 sec.
@I [HLS-100] Command "source /nfs/tools/xilinx/Vivado_HLS/2013.3/common/technology/xilinx/interface/XilEDKCoreGen.gen "
@I [HLS-100] Command 'ap_source' returned 0; elapsed 0.01Total elapsed time: 10.705 sec.
@I [HLS-100] Command "source /nfs/tools/xilinx/Vivado_HLS/2013.3/common/technology/xilinx/ip/util.gen "
@I [HLS-100] Command 'ap_source' returned 0; elapsed 0Total elapsed time: 10.706 sec.
@I [HLS-100] Command "source /nfs/tools/xilinx/Vivado_HLS/2013.3/common/technology/xilinx/ip/xfft.gen "
@I [HLS-100] Command 'ap_source' returned 0; elapsed 0.06Total elapsed time: 10.768 sec.
@I [HLS-100] Command "source /nfs/tools/xilinx/Vivado_HLS/2013.3/common/technology/xilinx/ip/xfir.gen "
@I [HLS-100] Command "source /nfs/tools/xilinx/Vivado_HLS/2013.3/tps/tcl/tcllib1.11.1/struct/list.tcl "
@I [HLS-100] Command "source /nfs/tools/xilinx/Vivado_HLS/2013.3/tps/tcl/tcllib1.11.1/cmdline/cmdline.tcl "
@I [HLS-100] Command 'ap_source' returned 0; elapsed 0Total elapsed time: 10.780 sec.
@I [HLS-100] Command 'ap_source' returned 0; elapsed 0Total elapsed time: 10.780 sec.
@I [HLS-100] Command "source /nfs/tools/xilinx/Vivado_HLS/2013.3/tps/tcl/tcllib1.11.1/math/bignum.tcl "
@I [HLS-100] Command 'ap_source' returned 0; elapsed 0Total elapsed time: 10.783 sec.
@I [HLS-100] Command 'ap_source' returned 0; elapsed 0.01Total elapsed time: 10.787 sec.
@I [HLS-100] Command 'ap_source' returned 0; elapsed 0.1Total elapsed time: 10.787 sec.
@I [HLS-100] Command "source /nfs/tools/xilinx/Vivado_HLS/2013.3/common/technology/xilinx/common/dsp48.gen "
@I [HLS-100] Command 'ap_source' returned 0; elapsed 0Total elapsed time: 10.789 sec.
@I [HLS-100] Command 'ap_source' returned 0; elapsed 0.11Total elapsed time: 10.789 sec.
@I [HLS-100] Command 'ap_source' returned 0; elapsed 0.11Total elapsed time: 10.789 sec.
@I [HLS-100] Command "open_platform DefaultPlatform "
@I [HLS-100] Command 'open_platform' returned 0; elapsed 0Total elapsed time: 10.789 sec.
@I [HLS-100] Command "import_lib /nfs/tools/xilinx/Vivado_HLS/2013.3/common/technology/xilinx/zynq/zynq_fpv6 "
@I [HLS-100] Command "source /nfs/tools/xilinx/Vivado_HLS/2013.3/common/technology/xilinx/common/xilinx_fpv7.lib "
@I [HLS-100] Command "source /nfs/tools/xilinx/Vivado_HLS/2013.3/common/technology/xilinx/common/xilinx_fpv6.lib "
@I [HLS-100] Command 'ap_source' returned 0; elapsed 0Total elapsed time: 10.793 sec.
@I [HLS-100] Command 'ap_source' returned 0; elapsed 0.01Total elapsed time: 10.794 sec.
@I [HLS-100] Command 'import_lib' returned 0; elapsed 0.01Total elapsed time: 10.800 sec.
@I [HLS-100] Command "source /nfs/tools/xilinx/Vivado_HLS/2013.3/common/technology/xilinx/zynq/zynq_fpv6.gen "
@I [HLS-100] Command "source /nfs/tools/xilinx/Vivado_HLS/2013.3/common/technology/xilinx/common/xilinx_fpv6.gen "
@I [HLS-100] Command 'ap_source' returned 0; elapsed 0.01Total elapsed time: 10.803 sec.
@I [HLS-100] Command 'ap_source' returned 0; elapsed 0.01Total elapsed time: 10.803 sec.
@I [HLS-100] Command "set_part xc7z020clg484-1 "
@I [HLS-100] Command "add_library xilinx/zynq/zynq:xc7z020:clg484:-1 "
@I [HLS-100] Command "get_default_platform "
@I [HLS-100] Command 'get_default_platform' returned 0; elapsed 0Total elapsed time: 10.806 sec.
@I [HLS-100] Command "license_exists VIVADO_HLS "
@I [HLS-100] Command 'license_exists' returned 1; elapsed 0Total elapsed time: 10.806 sec.
@I [HLS-100] Command "license_exists AUTOESL_NI "
@I [HLS-100] Command 'license_exists' returned 1; elapsed 0Total elapsed time: 10.806 sec.
@I [HLS-100] Command "license_exists HLS "
@I [HLS-100] Command 'license_exists' returned 0; elapsed 0Total elapsed time: 10.806 sec.
@I [HLS-100] Command "get_default_platform "
@I [HLS-100] Command 'get_default_platform' returned 0; elapsed 0Total elapsed time: 10.809 sec.
@I [HLS-100] Command "config_chip_info -quiet -resource  {SLICE 13300}  {LUT 53200}     {FF 106400} {DSP48E 220}   {BRAM 280}  "
@I [HLS-100] Command 'config_chip_info' returned 0; elapsed 0Total elapsed time: 10.809 sec.
@I [HLS-100] Command "config_chip_info -quiet -speed slow "
@I [HLS-100] Command 'config_chip_info' returned 0; elapsed 0Total elapsed time: 10.809 sec.
@I [HLS-100] Command 'add_library' returned 0; elapsed 0Total elapsed time: 10.811 sec.
@I [HLS-100] Command "add_library xilinx/zynq/zynq_fpv6 "
@I [HLS-100] Command "get_default_platform "
@I [HLS-100] Command 'get_default_platform' returned 0; elapsed 0Total elapsed time: 10.813 sec.
@I [HLS-100] Command "license_exists VIVADO_HLS "
@I [HLS-100] Command 'license_exists' returned 1; elapsed 0Total elapsed time: 10.813 sec.
@I [HLS-100] Command "license_exists AUTOESL_NI "
@I [HLS-100] Command 'license_exists' returned 1; elapsed 0Total elapsed time: 10.813 sec.
@I [HLS-100] Command "license_exists HLS "
@I [HLS-100] Command 'license_exists' returned 0; elapsed 0Total elapsed time: 10.813 sec.
@I [HLS-100] Command 'add_library' returned 0; elapsed 0Total elapsed time: 10.816 sec.
@I [HLS-10] Setting target device to 'xc7z020clg484-1'
@I [HLS-100] Command 'set_part' returned 0; elapsed 0Total elapsed time: 10.816 sec.
@I [HLS-100] Command "get_default_platform "
@I [HLS-100] Command 'get_default_platform' returned 0; elapsed 0Total elapsed time: 10.816 sec.
@I [HLS-100] Command "config_chip_info -quiet -resource  {SLICE 13300}  {LUT 53200}     {FF 106400} {DSP48E 220}   {BRAM 280}  "
@I [HLS-100] Command 'config_chip_info' returned 0; elapsed 0Total elapsed time: 10.816 sec.
@I [HLS-100] Command "config_chip_info -quiet -speed slow "
@I [HLS-100] Command 'config_chip_info' returned 0; elapsed 0Total elapsed time: 10.816 sec.
@I [HLS-100] Command 'open_solution' returned 0; elapsed 0.15Total elapsed time: 10.818 sec.
@I [HLS-100] Command "export_design -format pcore -version 1.00.a -use_netlist none "
@I [HLS-100] Command "source /home/ga38qoh/EDA_Munish/work_dir/dualCore_grayscaleProcessing/GrayScaleIP/grayscale_prj/solution1/.autopilot/db/global.setting.tcl "
@I [HLS-100] Command 'ap_source' returned 0; elapsed 0Total elapsed time: 10.825 sec.
@I [HLS-100] Command "source /nfs/tools/xilinx/Vivado_HLS/2013.3/common/technology/generic/autopilot/common.gen "
@I [HLS-100] Command "source /nfs/tools/xilinx/Vivado_HLS/2013.3/common/technology/generic/autopilot/APCoreGen.gen "
@I [HLS-100] Command 'ap_source' returned 0; elapsed 0Total elapsed time: 10.838 sec.
@I [HLS-100] Command 'ap_source' returned 0; elapsed 0.01Total elapsed time: 10.839 sec.
@I [HLS-100] Command "source /nfs/tools/xilinx/Vivado_HLS/2013.3/common/technology/generic/autopilot/op.gen "
@I [HLS-100] Command 'ap_source' returned 0; elapsed 0Total elapsed time: 10.840 sec.
@I [HLS-100] Command "source /nfs/tools/xilinx/Vivado_HLS/2013.3/common/technology/generic/autopilot/op_simcore.gen "
@I [HLS-100] Command 'ap_source' returned 0; elapsed 0Total elapsed time: 10.841 sec.
@I [HLS-100] Command "source /nfs/tools/xilinx/Vivado_HLS/2013.3/common/technology/generic/autopilot/interface.gen "
@I [HLS-100] Command 'ap_source' returned 0; elapsed 0Total elapsed time: 10.842 sec.
@I [HLS-100] Command "source /home/ga38qoh/EDA_Munish/work_dir/dualCore_grayscaleProcessing/GrayScaleIP/grayscale_prj/solution1/.autopilot/db/global.setting.tcl "
@I [HLS-100] Command 'ap_source' returned 0; elapsed 0Total elapsed time: 10.845 sec.
@I [HLS-100] Command "source /nfs/tools/xilinx/Vivado_HLS/2013.3/common/technology/xilinx/zynq/zynq.gen "
@I [HLS-100] Command "source /nfs/tools/xilinx/Vivado_HLS/2013.3/common/technology/xilinx/common/virtex.gen "
@I [HLS-100] Command "source /nfs/tools/xilinx/Vivado_HLS/2013.3/common/technology/xilinx/common/xilinx.gen "
@I [HLS-100] Command "source /nfs/tools/xilinx/Vivado_HLS/2013.3/common/technology/xilinx/interface/plb46.gen "
@I [HLS-100] Command 'ap_source' returned 0; elapsed 0Total elapsed time: 10.853 sec.
@I [HLS-100] Command "source /nfs/tools/xilinx/Vivado_HLS/2013.3/common/technology/xilinx/interface/fsl.gen "
@I [HLS-100] Command 'ap_source' returned 0; elapsed 0Total elapsed time: 10.855 sec.
@I [HLS-100] Command "source /nfs/tools/xilinx/Vivado_HLS/2013.3/common/technology/xilinx/interface/axi4.gen "
@I [HLS-100] Command 'ap_source' returned 0; elapsed 0.01Total elapsed time: 10.861 sec.
@I [HLS-100] Command "source /nfs/tools/xilinx/Vivado_HLS/2013.3/common/technology/xilinx/scripts/xilinxcoregen.gen "
@I [HLS-100] Command 'ap_source' returned 0; elapsed 0.01Total elapsed time: 10.878 sec.
@I [HLS-100] Command "source /nfs/tools/xilinx/Vivado_HLS/2013.3/common/technology/xilinx/interface/XilEDKCoreGen.gen "
@I [HLS-100] Command 'ap_source' returned 0; elapsed 0.01Total elapsed time: 10.883 sec.
@I [HLS-100] Command "source /nfs/tools/xilinx/Vivado_HLS/2013.3/common/technology/xilinx/ip/util.gen "
@I [HLS-100] Command 'ap_source' returned 0; elapsed 0Total elapsed time: 10.884 sec.
@I [HLS-100] Command "source /nfs/tools/xilinx/Vivado_HLS/2013.3/common/technology/xilinx/ip/xfft.gen "
@I [HLS-100] Command 'ap_source' returned 0; elapsed 0.06Total elapsed time: 10.946 sec.
@I [HLS-100] Command "source /nfs/tools/xilinx/Vivado_HLS/2013.3/common/technology/xilinx/ip/xfir.gen "
@I [HLS-100] Command 'ap_source' returned 0; elapsed 0.01Total elapsed time: 10.961 sec.
@I [HLS-100] Command 'ap_source' returned 0; elapsed 0.1Total elapsed time: 10.961 sec.
@I [HLS-100] Command "source /nfs/tools/xilinx/Vivado_HLS/2013.3/common/technology/xilinx/common/dsp48.gen "
@I [HLS-100] Command 'ap_source' returned 0; elapsed 0Total elapsed time: 10.963 sec.
@I [HLS-100] Command 'ap_source' returned 0; elapsed 0.11Total elapsed time: 10.963 sec.
@I [HLS-100] Command 'ap_source' returned 0; elapsed 0.11Total elapsed time: 10.963 sec.
@I [HLS-100] Command "source /nfs/tools/xilinx/Vivado_HLS/2013.3/common/technology/xilinx/zynq/zynq_fpv6.gen "
@I [HLS-100] Command "source /nfs/tools/xilinx/Vivado_HLS/2013.3/common/technology/xilinx/common/xilinx_fpv6.gen "
@I [HLS-100] Command 'ap_source' returned 0; elapsed 0Total elapsed time: 10.965 sec.
@I [HLS-100] Command 'ap_source' returned 0; elapsed 0Total elapsed time: 10.965 sec.
@I [HLS-100] Command "source /home/ga38qoh/EDA_Munish/work_dir/dualCore_grayscaleProcessing/GrayScaleIP/grayscale_prj/solution1/.autopilot/db/global.setting.tcl "
@I [HLS-100] Command 'ap_source' returned 0; elapsed 0Total elapsed time: 10.967 sec.
@I [HLS-100] Command "source /home/ga38qoh/EDA_Munish/work_dir/dualCore_grayscaleProcessing/GrayScaleIP/grayscale_prj/solution1/.autopilot/db/global.setting.tcl "
@I [HLS-100] Command 'ap_source' returned 0; elapsed 0Total elapsed time: 11.8 sec.
@I [IMPL-8] Exporting the design as a Pcore for EDK.
@I [HLS-100] Command "source /home/ga38qoh/EDA_Munish/work_dir/dualCore_grayscaleProcessing/GrayScaleIP/grayscale_prj/solution1/.autopilot/db/global.setting.tcl "
@I [HLS-100] Command 'ap_source' returned 0; elapsed 0Total elapsed time: 11.13 sec.
@I [HLS-100] Command "source /home/ga38qoh/EDA_Munish/work_dir/dualCore_grayscaleProcessing/GrayScaleIP/grayscale_prj/solution1/.autopilot/db/global.setting.tcl "
@I [HLS-100] Command 'ap_source' returned 0; elapsed 0Total elapsed time: 11.29 sec.
@I [HLS-100] Command "source /nfs/tools/xilinx/Vivado_HLS/2013.3/common/technology/generic/autopilot/common.gen "
@I [HLS-100] Command "source /nfs/tools/xilinx/Vivado_HLS/2013.3/common/technology/generic/autopilot/APCoreGen.gen "
@I [HLS-100] Command 'ap_source' returned 0; elapsed 0Total elapsed time: 11.31 sec.
@I [HLS-100] Command 'ap_source' returned 0; elapsed 0Total elapsed time: 11.31 sec.
@I [HLS-100] Command "source /nfs/tools/xilinx/Vivado_HLS/2013.3/common/technology/generic/autopilot/op.gen "
@I [HLS-100] Command 'ap_source' returned 0; elapsed 0Total elapsed time: 11.32 sec.
@I [HLS-100] Command "source /nfs/tools/xilinx/Vivado_HLS/2013.3/common/technology/generic/autopilot/op_simcore.gen "
@I [HLS-100] Command 'ap_source' returned 0; elapsed 0Total elapsed time: 11.33 sec.
@I [HLS-100] Command "source /nfs/tools/xilinx/Vivado_HLS/2013.3/common/technology/generic/autopilot/interface.gen "
@I [HLS-100] Command 'ap_source' returned 0; elapsed 0Total elapsed time: 11.34 sec.
@I [HLS-100] Command "source /home/ga38qoh/EDA_Munish/work_dir/dualCore_grayscaleProcessing/GrayScaleIP/grayscale_prj/solution1/.autopilot/db/global.setting.tcl "
@I [HLS-100] Command 'ap_source' returned 0; elapsed 0Total elapsed time: 11.35 sec.
@I [HLS-100] Command "source /nfs/tools/xilinx/Vivado_HLS/2013.3/common/technology/xilinx/zynq/zynq.gen "
@I [HLS-100] Command "source /nfs/tools/xilinx/Vivado_HLS/2013.3/common/technology/xilinx/common/virtex.gen "
@I [HLS-100] Command "source /nfs/tools/xilinx/Vivado_HLS/2013.3/common/technology/xilinx/common/xilinx.gen "
@I [HLS-100] Command "source /nfs/tools/xilinx/Vivado_HLS/2013.3/common/technology/xilinx/interface/plb46.gen "
@I [HLS-100] Command 'ap_source' returned 0; elapsed 0Total elapsed time: 11.38 sec.
@I [HLS-100] Command "source /nfs/tools/xilinx/Vivado_HLS/2013.3/common/technology/xilinx/interface/fsl.gen "
@I [HLS-100] Command 'ap_source' returned 0; elapsed 0Total elapsed time: 11.39 sec.
@I [HLS-100] Command "source /nfs/tools/xilinx/Vivado_HLS/2013.3/common/technology/xilinx/interface/axi4.gen "
@I [HLS-100] Command 'ap_source' returned 0; elapsed 0Total elapsed time: 11.41 sec.
@I [HLS-100] Command "source /nfs/tools/xilinx/Vivado_HLS/2013.3/common/technology/xilinx/scripts/xilinxcoregen.gen "
@I [HLS-100] Command 'ap_source' returned 0; elapsed 0Total elapsed time: 11.46 sec.
@I [HLS-100] Command "source /nfs/tools/xilinx/Vivado_HLS/2013.3/common/technology/xilinx/interface/XilEDKCoreGen.gen "
@I [HLS-100] Command 'ap_source' returned 0; elapsed 0.01Total elapsed time: 11.52 sec.
@I [HLS-100] Command "source /nfs/tools/xilinx/Vivado_HLS/2013.3/common/technology/xilinx/ip/util.gen "
@I [HLS-100] Command 'ap_source' returned 0; elapsed 0Total elapsed time: 11.53 sec.
@I [HLS-100] Command "source /nfs/tools/xilinx/Vivado_HLS/2013.3/common/technology/xilinx/ip/xfft.gen "
@I [HLS-100] Command 'ap_source' returned 0; elapsed 0.07Total elapsed time: 11.117 sec.
@I [HLS-100] Command "source /nfs/tools/xilinx/Vivado_HLS/2013.3/common/technology/xilinx/ip/xfir.gen "
@I [HLS-100] Command 'ap_source' returned 0; elapsed 0.01Total elapsed time: 11.131 sec.
@I [HLS-100] Command 'ap_source' returned 0; elapsed 0.09Total elapsed time: 11.131 sec.
@I [HLS-100] Command "source /nfs/tools/xilinx/Vivado_HLS/2013.3/common/technology/xilinx/common/dsp48.gen "
@I [HLS-100] Command 'ap_source' returned 0; elapsed 0Total elapsed time: 11.133 sec.
@I [HLS-100] Command 'ap_source' returned 0; elapsed 0.09Total elapsed time: 11.133 sec.
@I [HLS-100] Command 'ap_source' returned 0; elapsed 0.09Total elapsed time: 11.133 sec.
@I [HLS-100] Command "source /nfs/tools/xilinx/Vivado_HLS/2013.3/common/technology/xilinx/zynq/zynq_fpv6.gen "
@I [HLS-100] Command "source /nfs/tools/xilinx/Vivado_HLS/2013.3/common/technology/xilinx/common/xilinx_fpv6.gen "
@I [HLS-100] Command 'ap_source' returned 0; elapsed 0Total elapsed time: 11.135 sec.
@I [HLS-100] Command 'ap_source' returned 0; elapsed 0Total elapsed time: 11.135 sec.
@I [HLS-100] Command "source /home/ga38qoh/EDA_Munish/work_dir/dualCore_grayscaleProcessing/GrayScaleIP/grayscale_prj/solution1/.autopilot/db/init.compgen.tcl "
@I [HLS-100] Command 'ap_source' returned 0; elapsed 0Total elapsed time: 11.148 sec.
@I [HLS-100] Command "source /home/ga38qoh/EDA_Munish/work_dir/dualCore_grayscaleProcessing/GrayScaleIP/grayscale_prj/solution1/.autopilot/db/init_1.compgen.tcl "
@I [HLS-100] Command 'ap_source' returned 0; elapsed 0Total elapsed time: 11.151 sec.
@I [HLS-100] Command "source /home/ga38qoh/EDA_Munish/work_dir/dualCore_grayscaleProcessing/GrayScaleIP/grayscale_prj/solution1/.autopilot/db/AXIvideo2Mat_32_1080_1920_32_s.compgen.tcl "
@I [HLS-100] Command 'ap_source' returned 0; elapsed 0.01Total elapsed time: 11.154 sec.
@I [HLS-100] Command "source /home/ga38qoh/EDA_Munish/work_dir/dualCore_grayscaleProcessing/GrayScaleIP/grayscale_prj/solution1/.autopilot/db/CvtColor_0_32_32_1080_1920_s.compgen.tcl "
@I [HLS-100] Command 'ap_source' returned 0; elapsed 0Total elapsed time: 11.157 sec.
@I [HLS-100] Command "source /home/ga38qoh/EDA_Munish/work_dir/dualCore_grayscaleProcessing/GrayScaleIP/grayscale_prj/solution1/.autopilot/db/Mat2AXIvideo_32_1080_1920_32_s.compgen.tcl "
@I [HLS-100] Command 'ap_source' returned 0; elapsed 0Total elapsed time: 11.160 sec.
@I [HLS-100] Command "source /home/ga38qoh/EDA_Munish/work_dir/dualCore_grayscaleProcessing/GrayScaleIP/grayscale_prj/solution1/.autopilot/db/gray_scale.compgen.tcl "
@I [HLS-100] Command 'ap_source' returned 0; elapsed 0Total elapsed time: 11.164 sec.
@I [HLS-100] Command "source /home/ga38qoh/EDA_Munish/work_dir/dualCore_grayscaleProcessing/GrayScaleIP/grayscale_prj/solution1/.autopilot/db/init.compgen.tcl "
@I [HLS-100] Command 'ap_source' returned 0; elapsed 0Total elapsed time: 11.540 sec.
@I [HLS-100] Command "source /home/ga38qoh/EDA_Munish/work_dir/dualCore_grayscaleProcessing/GrayScaleIP/grayscale_prj/solution1/.autopilot/db/init_1.compgen.tcl "
@I [HLS-100] Command 'ap_source' returned 0; elapsed 0Total elapsed time: 11.542 sec.
@I [HLS-100] Command "source /home/ga38qoh/EDA_Munish/work_dir/dualCore_grayscaleProcessing/GrayScaleIP/grayscale_prj/solution1/.autopilot/db/AXIvideo2Mat_32_1080_1920_32_s.compgen.tcl "
@I [HLS-100] Command 'ap_source' returned 0; elapsed 0Total elapsed time: 11.546 sec.
@I [HLS-100] Command "source /home/ga38qoh/EDA_Munish/work_dir/dualCore_grayscaleProcessing/GrayScaleIP/grayscale_prj/solution1/.autopilot/db/CvtColor_0_32_32_1080_1920_s.compgen.tcl "
@I [HLS-100] Command 'ap_source' returned 0; elapsed 0.01Total elapsed time: 11.550 sec.
@I [HLS-100] Command "source /home/ga38qoh/EDA_Munish/work_dir/dualCore_grayscaleProcessing/GrayScaleIP/grayscale_prj/solution1/.autopilot/db/Mat2AXIvideo_32_1080_1920_32_s.compgen.tcl "
@I [HLS-100] Command 'ap_source' returned 0; elapsed 0Total elapsed time: 11.552 sec.
@I [HLS-100] Command "source /home/ga38qoh/EDA_Munish/work_dir/dualCore_grayscaleProcessing/GrayScaleIP/grayscale_prj/solution1/.autopilot/db/gray_scale.compgen.tcl "
@I [HLS-100] Command "source /home/ga38qoh/EDA_Munish/work_dir/dualCore_grayscaleProcessing/GrayScaleIP/grayscale_prj/solution1/.autopilot/db/gray_scale.rtl_wrap.cfg.tcl "
@I [HLS-100] Command 'ap_source' returned 0; elapsed 0Total elapsed time: 11.564 sec.
@I [HLS-100] Command "source /home/ga38qoh/EDA_Munish/work_dir/dualCore_grayscaleProcessing/GrayScaleIP/grayscale_prj/solution1/.autopilot/db/gray_scale.rtl_wrap.cfg.tcl "
@I [HLS-100] Command 'ap_source' returned 0; elapsed 0.01Total elapsed time: 11.571 sec.
@I [HLS-100] Command "source /home/ga38qoh/EDA_Munish/work_dir/dualCore_grayscaleProcessing/GrayScaleIP/grayscale_prj/solution1/.autopilot/db/gray_scale.tbgen.tcl "
@I [HLS-100] Command 'ap_source' returned 0; elapsed 0Total elapsed time: 11.575 sec.
@I [HLS-100] Command "source /home/ga38qoh/EDA_Munish/work_dir/dualCore_grayscaleProcessing/GrayScaleIP/grayscale_prj/solution1/.autopilot/db/gray_scale.tbgen.tcl "
@I [HLS-100] Command 'ap_source' returned 0; elapsed 0Total elapsed time: 11.579 sec.
@I [HLS-100] Command "source /home/ga38qoh/EDA_Munish/work_dir/dualCore_grayscaleProcessing/GrayScaleIP/grayscale_prj/solution1/.autopilot/db/gray_scale.tbgen.tcl "
@I [HLS-100] Command 'ap_source' returned 0; elapsed 0Total elapsed time: 11.607 sec.
@I [HLS-100] Command "source /home/ga38qoh/EDA_Munish/work_dir/dualCore_grayscaleProcessing/GrayScaleIP/grayscale_prj/solution1/.autopilot/db/gray_scale.tbgen.tcl "
@I [HLS-100] Command 'ap_source' returned 0; elapsed 0Total elapsed time: 11.610 sec.
@I [HLS-100] Command "source /home/ga38qoh/EDA_Munish/work_dir/dualCore_grayscaleProcessing/GrayScaleIP/grayscale_prj/solution1/.autopilot/db/gray_scale.tbgen.tcl "
@I [HLS-100] Command 'ap_source' returned 0; elapsed 0Total elapsed time: 11.612 sec.
@I [HLS-100] Command "source /home/ga38qoh/EDA_Munish/work_dir/dualCore_grayscaleProcessing/GrayScaleIP/grayscale_prj/solution1/.autopilot/db/gray_scale.tbgen.tcl "
@I [HLS-100] Command 'ap_source' returned 0; elapsed 0Total elapsed time: 11.614 sec.
@I [HLS-100] Command "source /home/ga38qoh/EDA_Munish/work_dir/dualCore_grayscaleProcessing/GrayScaleIP/grayscale_prj/solution1/.autopilot/db/gray_scale.tbgen.tcl "
@I [HLS-100] Command 'ap_source' returned 0; elapsed 0Total elapsed time: 11.617 sec.
@I [HLS-100] Command "source /home/ga38qoh/EDA_Munish/work_dir/dualCore_grayscaleProcessing/GrayScaleIP/grayscale_prj/solution1/.autopilot/db/gray_scale.tbgen.tcl "
@I [HLS-100] Command 'ap_source' returned 0; elapsed 0Total elapsed time: 11.619 sec.
@I [HLS-100] Command "source /home/ga38qoh/EDA_Munish/work_dir/dualCore_grayscaleProcessing/GrayScaleIP/grayscale_prj/solution1/.autopilot/db/gray_scale.tbgen.tcl "
@I [HLS-100] Command 'ap_source' returned 0; elapsed 0Total elapsed time: 11.621 sec.
@I [HLS-100] Command "source /home/ga38qoh/EDA_Munish/work_dir/dualCore_grayscaleProcessing/GrayScaleIP/grayscale_prj/solution1/.autopilot/db/gray_scale.tbgen.tcl "
@I [HLS-100] Command 'ap_source' returned 0; elapsed 0Total elapsed time: 11.623 sec.
@I [HLS-100] Command "source /home/ga38qoh/EDA_Munish/work_dir/dualCore_grayscaleProcessing/GrayScaleIP/grayscale_prj/solution1/.autopilot/db/gray_scale.tbgen.tcl "
@I [HLS-100] Command 'ap_source' returned 0; elapsed 0Total elapsed time: 11.625 sec.
@I [HLS-100] Command "source /home/ga38qoh/EDA_Munish/work_dir/dualCore_grayscaleProcessing/GrayScaleIP/grayscale_prj/solution1/.autopilot/db/gray_scale.tbgen.tcl "
@I [HLS-100] Command 'ap_source' returned 0; elapsed 0Total elapsed time: 11.627 sec.
@I [HLS-100] Command "source /home/ga38qoh/EDA_Munish/work_dir/dualCore_grayscaleProcessing/GrayScaleIP/grayscale_prj/solution1/.autopilot/db/gray_scale.tbgen.tcl "
@I [HLS-100] Command 'ap_source' returned 0; elapsed 0Total elapsed time: 11.629 sec.
@I [HLS-100] Command "source /home/ga38qoh/EDA_Munish/work_dir/dualCore_grayscaleProcessing/GrayScaleIP/grayscale_prj/solution1/.autopilot/db/gray_scale.tbgen.tcl "
@I [HLS-100] Command 'ap_source' returned 0; elapsed 0Total elapsed time: 11.631 sec.
@I [HLS-100] Command "source /home/ga38qoh/EDA_Munish/work_dir/dualCore_grayscaleProcessing/GrayScaleIP/grayscale_prj/solution1/.autopilot/db/gray_scale.tbgen.tcl "
@I [HLS-100] Command 'ap_source' returned 0; elapsed 0Total elapsed time: 11.633 sec.
@I [HLS-100] Command "source /home/ga38qoh/EDA_Munish/work_dir/dualCore_grayscaleProcessing/GrayScaleIP/grayscale_prj/solution1/.autopilot/db/gray_scale.tbgen.tcl "
@I [HLS-100] Command 'ap_source' returned 0; elapsed 0Total elapsed time: 11.635 sec.
@I [HLS-100] Command "source /home/ga38qoh/EDA_Munish/work_dir/dualCore_grayscaleProcessing/GrayScaleIP/grayscale_prj/solution1/.autopilot/db/gray_scale.tbgen.tcl "
@I [HLS-100] Command 'ap_source' returned 0; elapsed 0Total elapsed time: 11.639 sec.
@I [IMPL-200] Port 'input_V_data_V' is mapped to 'TDATA' by default.
@I [IMPL-200] Port 'input_V_keep_V' is mapped to 'TKEEP' by default.
@I [IMPL-200] Port 'input_V_strb_V' is mapped to 'TSTRB' by default.
@I [IMPL-200] Port 'input_V_user_V' is mapped to 'TUSER' by default.
@I [IMPL-200] Port 'input_V_last_V' is mapped to 'TLAST' by default.
@I [IMPL-200] Port 'input_V_id_V' is mapped to 'TID' by default.
@I [IMPL-200] Port 'input_V_dest_V' is mapped to 'TDEST' by default.
@I [IMPL-200] Port 'output_V_data_V' is mapped to 'TDATA' by default.
@I [IMPL-200] Port 'output_V_keep_V' is mapped to 'TKEEP' by default.
@I [IMPL-200] Port 'output_V_strb_V' is mapped to 'TSTRB' by default.
@I [IMPL-200] Port 'output_V_user_V' is mapped to 'TUSER' by default.
@I [IMPL-200] Port 'output_V_last_V' is mapped to 'TLAST' by default.
@I [IMPL-200] Port 'output_V_id_V' is mapped to 'TID' by default.
@I [IMPL-200] Port 'output_V_dest_V' is mapped to 'TDEST' by default.
@I [HLS-100] Command 'ap_source' returned 0; elapsed 0.12Total elapsed time: 11.762 sec.
@I [HLS-100] Command "source /home/ga38qoh/EDA_Munish/work_dir/dualCore_grayscaleProcessing/GrayScaleIP/grayscale_prj/solution1/.autopilot/db/init.compgen.tcl "
@I [HLS-100] Command 'ap_source' returned 0; elapsed 0Total elapsed time: 12.21 sec.
@I [HLS-100] Command "source /home/ga38qoh/EDA_Munish/work_dir/dualCore_grayscaleProcessing/GrayScaleIP/grayscale_prj/solution1/.autopilot/db/init_1.compgen.tcl "
@I [HLS-100] Command 'ap_source' returned 0; elapsed 0Total elapsed time: 12.25 sec.
@I [HLS-100] Command "source /home/ga38qoh/EDA_Munish/work_dir/dualCore_grayscaleProcessing/GrayScaleIP/grayscale_prj/solution1/.autopilot/db/AXIvideo2Mat_32_1080_1920_32_s.compgen.tcl "
@I [HLS-100] Command 'ap_source' returned 0; elapsed 0.01Total elapsed time: 12.29 sec.
@I [HLS-100] Command "source /home/ga38qoh/EDA_Munish/work_dir/dualCore_grayscaleProcessing/GrayScaleIP/grayscale_prj/solution1/.autopilot/db/CvtColor_0_32_32_1080_1920_s.compgen.tcl "
@I [HLS-100] Command 'ap_source' returned 0; elapsed 0Total elapsed time: 12.33 sec.
@I [HLS-100] Command "source /home/ga38qoh/EDA_Munish/work_dir/dualCore_grayscaleProcessing/GrayScaleIP/grayscale_prj/solution1/.autopilot/db/Mat2AXIvideo_32_1080_1920_32_s.compgen.tcl "
@I [HLS-100] Command 'ap_source' returned 0; elapsed 0Total elapsed time: 12.36 sec.
@I [HLS-100] Command "source /home/ga38qoh/EDA_Munish/work_dir/dualCore_grayscaleProcessing/GrayScaleIP/grayscale_prj/solution1/.autopilot/db/gray_scale.compgen.tcl "
@I [HLS-100] Command 'ap_source' returned 0; elapsed 0Total elapsed time: 12.47 sec.
@I [HLS-100] Command "source /home/ga38qoh/EDA_Munish/work_dir/dualCore_grayscaleProcessing/GrayScaleIP/grayscale_prj/solution1/impl/pcores/verilog/CONTROL_BUS.slave.tcl "
@I [HLS-100] Command 'ap_source' returned 0; elapsed 0Total elapsed time: 12.872 sec.
@I [HLS-100] Command "source /home/ga38qoh/EDA_Munish/work_dir/dualCore_grayscaleProcessing/GrayScaleIP/grayscale_prj/solution1/impl/pcores/verilog/CONTROL_BUS.slave.tcl "
@I [HLS-100] Command 'ap_source' returned 0; elapsed 0Total elapsed time: 12.944 sec.
@I [HLS-100] Command "source /home/ga38qoh/EDA_Munish/work_dir/dualCore_grayscaleProcessing/GrayScaleIP/grayscale_prj/solution1/.autopilot/db/global.setting.tcl "
@I [HLS-100] Command 'ap_source' returned 0; elapsed 0Total elapsed time: 13.447 sec.
@I [HLS-100] Command "source /home/ga38qoh/EDA_Munish/work_dir/dualCore_grayscaleProcessing/GrayScaleIP/grayscale_prj/solution1/.autopilot/db/gray_scale.constraint.tcl "
@I [HLS-100] Command 'ap_source' returned 0; elapsed 0Total elapsed time: 13.457 sec.
@I [HLS-100] Command "source /home/ga38qoh/EDA_Munish/work_dir/dualCore_grayscaleProcessing/GrayScaleIP/grayscale_prj/solution1/.autopilot/db/global.setting.tcl "
@I [HLS-100] Command 'ap_source' returned 0; elapsed 0Total elapsed time: 13.917 sec.
@I [HLS-100] Command "source /home/ga38qoh/EDA_Munish/work_dir/dualCore_grayscaleProcessing/GrayScaleIP/grayscale_prj/solution1/.autopilot/db/global.setting.tcl "
@I [HLS-100] Command 'ap_source' returned 0; elapsed 0Total elapsed time: 13.965 sec.
@I [HLS-100] Command "source /home/ga38qoh/EDA_Munish/work_dir/dualCore_grayscaleProcessing/GrayScaleIP/grayscale_prj/solution1/.autopilot/db/gray_scale.constraint.tcl "
@I [HLS-100] Command 'ap_source' returned 0; elapsed 0Total elapsed time: 13.971 sec.
@I [HLS-100] Command "source /home/ga38qoh/EDA_Munish/work_dir/dualCore_grayscaleProcessing/GrayScaleIP/grayscale_prj/solution1/.autopilot/db/gray_scale.constraint.tcl "
@I [HLS-100] Command 'ap_source' returned 0; elapsed 0Total elapsed time: 13.980 sec.
@I [HLS-100] Command "source /nfs/tools/xilinx/Vivado_HLS/2013.3/common/technology/generic/autopilot/common.gen "
@I [HLS-100] Command "source /nfs/tools/xilinx/Vivado_HLS/2013.3/common/technology/generic/autopilot/APCoreGen.gen "
@I [HLS-100] Command 'ap_source' returned 0; elapsed 0Total elapsed time: 14.108 sec.
@I [HLS-100] Command 'ap_source' returned 0; elapsed 0Total elapsed time: 14.108 sec.
@I [HLS-100] Command "source /nfs/tools/xilinx/Vivado_HLS/2013.3/common/technology/generic/autopilot/op.gen "
@I [HLS-100] Command 'ap_source' returned 0; elapsed 0Total elapsed time: 14.109 sec.
@I [HLS-100] Command "source /nfs/tools/xilinx/Vivado_HLS/2013.3/common/technology/generic/autopilot/op_simcore.gen "
@I [HLS-100] Command 'ap_source' returned 0; elapsed 0Total elapsed time: 14.110 sec.
@I [HLS-100] Command "source /nfs/tools/xilinx/Vivado_HLS/2013.3/common/technology/generic/autopilot/interface.gen "
@I [HLS-100] Command 'ap_source' returned 0; elapsed 0Total elapsed time: 14.111 sec.
@I [HLS-100] Command "source /home/ga38qoh/EDA_Munish/work_dir/dualCore_grayscaleProcessing/GrayScaleIP/grayscale_prj/solution1/.autopilot/db/global.setting.tcl "
@I [HLS-100] Command 'ap_source' returned 0; elapsed 0Total elapsed time: 14.115 sec.
@I [HLS-100] Command "source /nfs/tools/xilinx/Vivado_HLS/2013.3/common/technology/xilinx/zynq/zynq.gen "
@I [HLS-100] Command "source /nfs/tools/xilinx/Vivado_HLS/2013.3/common/technology/xilinx/common/virtex.gen "
@I [HLS-100] Command "source /nfs/tools/xilinx/Vivado_HLS/2013.3/common/technology/xilinx/common/xilinx.gen "
@I [HLS-100] Command "source /nfs/tools/xilinx/Vivado_HLS/2013.3/common/technology/xilinx/interface/plb46.gen "
@I [HLS-100] Command 'ap_source' returned 0; elapsed 0Total elapsed time: 14.118 sec.
@I [HLS-100] Command "source /nfs/tools/xilinx/Vivado_HLS/2013.3/common/technology/xilinx/interface/fsl.gen "
@I [HLS-100] Command 'ap_source' returned 0; elapsed 0Total elapsed time: 14.119 sec.
@I [HLS-100] Command "source /nfs/tools/xilinx/Vivado_HLS/2013.3/common/technology/xilinx/interface/axi4.gen "
@I [HLS-100] Command 'ap_source' returned 0; elapsed 0Total elapsed time: 14.121 sec.
@I [HLS-100] Command "source /nfs/tools/xilinx/Vivado_HLS/2013.3/common/technology/xilinx/scripts/xilinxcoregen.gen "
@I [HLS-100] Command 'ap_source' returned 0; elapsed 0Total elapsed time: 14.126 sec.
@I [HLS-100] Command "source /nfs/tools/xilinx/Vivado_HLS/2013.3/common/technology/xilinx/interface/XilEDKCoreGen.gen "
@I [HLS-100] Command 'ap_source' returned 0; elapsed 0.01Total elapsed time: 14.132 sec.
@I [HLS-100] Command "source /nfs/tools/xilinx/Vivado_HLS/2013.3/common/technology/xilinx/ip/util.gen "
@I [HLS-100] Command 'ap_source' returned 0; elapsed 0Total elapsed time: 14.134 sec.
@I [HLS-100] Command "source /nfs/tools/xilinx/Vivado_HLS/2013.3/common/technology/xilinx/ip/xfft.gen "
@I [HLS-100] Command 'ap_source' returned 0; elapsed 0.06Total elapsed time: 14.196 sec.
@I [HLS-100] Command "source /nfs/tools/xilinx/Vivado_HLS/2013.3/common/technology/xilinx/ip/xfir.gen "
@I [HLS-100] Command 'ap_source' returned 0; elapsed 0.01Total elapsed time: 14.211 sec.
@I [HLS-100] Command 'ap_source' returned 0; elapsed 0.08Total elapsed time: 14.211 sec.
@I [HLS-100] Command "source /nfs/tools/xilinx/Vivado_HLS/2013.3/common/technology/xilinx/common/dsp48.gen "
@I [HLS-100] Command 'ap_source' returned 0; elapsed 0Total elapsed time: 14.213 sec.
@I [HLS-100] Command 'ap_source' returned 0; elapsed 0.08Total elapsed time: 14.213 sec.
@I [HLS-100] Command 'ap_source' returned 0; elapsed 0.08Total elapsed time: 14.213 sec.
@I [HLS-100] Command "source /nfs/tools/xilinx/Vivado_HLS/2013.3/common/technology/xilinx/zynq/zynq_fpv6.gen "
@I [HLS-100] Command "source /nfs/tools/xilinx/Vivado_HLS/2013.3/common/technology/xilinx/common/xilinx_fpv6.gen "
@I [HLS-100] Command 'ap_source' returned 0; elapsed 0Total elapsed time: 14.217 sec.
@I [HLS-100] Command 'ap_source' returned 0; elapsed 0Total elapsed time: 14.217 sec.
@I [HLS-100] Command "source /home/ga38qoh/EDA_Munish/work_dir/dualCore_grayscaleProcessing/GrayScaleIP/grayscale_prj/solution1/.autopilot/db/global.setting.tcl "
@I [HLS-100] Command 'ap_source' returned 0; elapsed 0Total elapsed time: 14.285 sec.
@I [HLS-100] Command "source /nfs/tools/xilinx/Vivado_HLS/2013.3/common/technology/generic/autopilot/common.gen "
@I [HLS-100] Command "source /nfs/tools/xilinx/Vivado_HLS/2013.3/common/technology/generic/autopilot/APCoreGen.gen "
@I [HLS-100] Command 'ap_source' returned 0; elapsed 0Total elapsed time: 14.313 sec.
@I [HLS-100] Command 'ap_source' returned 0; elapsed 0Total elapsed time: 14.314 sec.
@I [HLS-100] Command "source /nfs/tools/xilinx/Vivado_HLS/2013.3/common/technology/generic/autopilot/op.gen "
@I [HLS-100] Command 'ap_source' returned 0; elapsed 0Total elapsed time: 14.316 sec.
@I [HLS-100] Command "source /nfs/tools/xilinx/Vivado_HLS/2013.3/common/technology/generic/autopilot/op_simcore.gen "
@I [HLS-100] Command 'ap_source' returned 0; elapsed 0.01Total elapsed time: 14.319 sec.
@I [HLS-100] Command "source /nfs/tools/xilinx/Vivado_HLS/2013.3/common/technology/generic/autopilot/interface.gen "
@I [HLS-100] Command 'ap_source' returned 0; elapsed 0Total elapsed time: 14.320 sec.
@I [HLS-100] Command "source /home/ga38qoh/EDA_Munish/work_dir/dualCore_grayscaleProcessing/GrayScaleIP/grayscale_prj/solution1/.autopilot/db/global.setting.tcl "
@I [HLS-100] Command 'ap_source' returned 0; elapsed 0Total elapsed time: 14.323 sec.
@I [HLS-100] Command "source /nfs/tools/xilinx/Vivado_HLS/2013.3/common/technology/xilinx/zynq/zynq.gen "
@I [HLS-100] Command "source /nfs/tools/xilinx/Vivado_HLS/2013.3/common/technology/xilinx/common/virtex.gen "
@I [HLS-100] Command "source /nfs/tools/xilinx/Vivado_HLS/2013.3/common/technology/xilinx/common/xilinx.gen "
@I [HLS-100] Command "source /nfs/tools/xilinx/Vivado_HLS/2013.3/common/technology/xilinx/interface/plb46.gen "
@I [HLS-100] Command 'ap_source' returned 0; elapsed 0Total elapsed time: 14.330 sec.
@I [HLS-100] Command "source /nfs/tools/xilinx/Vivado_HLS/2013.3/common/technology/xilinx/interface/fsl.gen "
@I [HLS-100] Command 'ap_source' returned 0; elapsed 0Total elapsed time: 14.332 sec.
@I [HLS-100] Command "source /nfs/tools/xilinx/Vivado_HLS/2013.3/common/technology/xilinx/interface/axi4.gen "
@I [HLS-100] Command 'ap_source' returned 0; elapsed 0.01Total elapsed time: 14.339 sec.
@I [HLS-100] Command "source /nfs/tools/xilinx/Vivado_HLS/2013.3/common/technology/xilinx/scripts/xilinxcoregen.gen "
@I [HLS-100] Command 'ap_source' returned 0; elapsed 0Total elapsed time: 14.348 sec.
@I [HLS-100] Command "source /nfs/tools/xilinx/Vivado_HLS/2013.3/common/technology/xilinx/interface/XilEDKCoreGen.gen "
@I [HLS-100] Command 'ap_source' returned 0; elapsed 0.01Total elapsed time: 14.353 sec.
@I [HLS-100] Command "source /nfs/tools/xilinx/Vivado_HLS/2013.3/common/technology/xilinx/ip/util.gen "
@I [HLS-100] Command 'ap_source' returned 0; elapsed 0Total elapsed time: 14.354 sec.
@I [HLS-100] Command "source /nfs/tools/xilinx/Vivado_HLS/2013.3/common/technology/xilinx/ip/xfft.gen "
@I [HLS-100] Command 'ap_source' returned 0; elapsed 0.07Total elapsed time: 14.422 sec.
@I [HLS-100] Command "source /nfs/tools/xilinx/Vivado_HLS/2013.3/common/technology/xilinx/ip/xfir.gen "
@I [HLS-100] Command 'ap_source' returned 0; elapsed 0.02Total elapsed time: 14.444 sec.
@I [HLS-100] Command 'ap_source' returned 0; elapsed 0.11Total elapsed time: 14.444 sec.
@I [HLS-100] Command "source /nfs/tools/xilinx/Vivado_HLS/2013.3/common/technology/xilinx/common/dsp48.gen "
@I [HLS-100] Command 'ap_source' returned 0; elapsed 0Total elapsed time: 14.445 sec.
@I [HLS-100] Command 'ap_source' returned 0; elapsed 0.12Total elapsed time: 14.445 sec.
@I [HLS-100] Command 'ap_source' returned 0; elapsed 0.12Total elapsed time: 14.445 sec.
@I [HLS-100] Command "source /nfs/tools/xilinx/Vivado_HLS/2013.3/common/technology/xilinx/zynq/zynq_fpv6.gen "
@I [HLS-100] Command "source /nfs/tools/xilinx/Vivado_HLS/2013.3/common/technology/xilinx/common/xilinx_fpv6.gen "
@I [HLS-100] Command 'ap_source' returned 0; elapsed 0Total elapsed time: 14.448 sec.
@I [HLS-100] Command 'ap_source' returned 0; elapsed 0Total elapsed time: 14.448 sec.
@I [HLS-100] Command "source /home/ga38qoh/EDA_Munish/work_dir/dualCore_grayscaleProcessing/GrayScaleIP/grayscale_prj/solution1/.autopilot/db/global.setting.tcl "
@I [HLS-100] Command 'ap_source' returned 0; elapsed 0Total elapsed time: 14.450 sec.
@I [HLS-100] Command "source /home/ga38qoh/EDA_Munish/work_dir/dualCore_grayscaleProcessing/GrayScaleIP/grayscale_prj/solution1/.autopilot/db/global.setting.tcl "
@I [HLS-100] Command 'ap_source' returned 0; elapsed 0Total elapsed time: 14.464 sec.
@I [HLS-100] Command "source /home/ga38qoh/EDA_Munish/work_dir/dualCore_grayscaleProcessing/GrayScaleIP/grayscale_prj/solution1/.autopilot/db/global.setting.tcl "
@I [HLS-100] Command 'ap_source' returned 0; elapsed 0Total elapsed time: 14.483 sec.
@I [HLS-100] Command "source /nfs/tools/xilinx/Vivado_HLS/2013.3/common/technology/generic/autopilot/common.gen "
@I [HLS-100] Command "source /nfs/tools/xilinx/Vivado_HLS/2013.3/common/technology/generic/autopilot/APCoreGen.gen "
@I [HLS-100] Command 'ap_source' returned 0; elapsed 0Total elapsed time: 14.522 sec.
@I [HLS-100] Command 'ap_source' returned 0; elapsed 0Total elapsed time: 14.523 sec.
@I [HLS-100] Command "source /nfs/tools/xilinx/Vivado_HLS/2013.3/common/technology/generic/autopilot/op.gen "
@I [HLS-100] Command 'ap_source' returned 0; elapsed 0Total elapsed time: 14.525 sec.
@I [HLS-100] Command "source /nfs/tools/xilinx/Vivado_HLS/2013.3/common/technology/generic/autopilot/op_simcore.gen "
@I [HLS-100] Command 'ap_source' returned 0; elapsed 0.01Total elapsed time: 14.527 sec.
@I [HLS-100] Command "source /nfs/tools/xilinx/Vivado_HLS/2013.3/common/technology/generic/autopilot/interface.gen "
@I [HLS-100] Command 'ap_source' returned 0; elapsed 0Total elapsed time: 14.529 sec.
@I [HLS-100] Command "source /home/ga38qoh/EDA_Munish/work_dir/dualCore_grayscaleProcessing/GrayScaleIP/grayscale_prj/solution1/.autopilot/db/global.setting.tcl "
@I [HLS-100] Command 'ap_source' returned 0; elapsed 0Total elapsed time: 14.531 sec.
@I [HLS-100] Command "source /nfs/tools/xilinx/Vivado_HLS/2013.3/common/technology/xilinx/zynq/zynq.gen "
@I [HLS-100] Command "source /nfs/tools/xilinx/Vivado_HLS/2013.3/common/technology/xilinx/common/virtex.gen "
@I [HLS-100] Command "source /nfs/tools/xilinx/Vivado_HLS/2013.3/common/technology/xilinx/common/xilinx.gen "
@I [HLS-100] Command "source /nfs/tools/xilinx/Vivado_HLS/2013.3/common/technology/xilinx/interface/plb46.gen "
@I [HLS-100] Command 'ap_source' returned 0; elapsed 0Total elapsed time: 14.537 sec.
@I [HLS-100] Command "source /nfs/tools/xilinx/Vivado_HLS/2013.3/common/technology/xilinx/interface/fsl.gen "
@I [HLS-100] Command 'ap_source' returned 0; elapsed 0.01Total elapsed time: 14.539 sec.
@I [HLS-100] Command "source /nfs/tools/xilinx/Vivado_HLS/2013.3/common/technology/xilinx/interface/axi4.gen "
@I [HLS-100] Command 'ap_source' returned 0; elapsed 0Total elapsed time: 14.545 sec.
@I [HLS-100] Command "source /nfs/tools/xilinx/Vivado_HLS/2013.3/common/technology/xilinx/scripts/xilinxcoregen.gen "
@I [HLS-100] Command 'ap_source' returned 0; elapsed 0.02Total elapsed time: 14.562 sec.
@I [HLS-100] Command "source /nfs/tools/xilinx/Vivado_HLS/2013.3/common/technology/xilinx/interface/XilEDKCoreGen.gen "
@I [HLS-100] Command 'ap_source' returned 0; elapsed 0Total elapsed time: 14.568 sec.
@I [HLS-100] Command "source /nfs/tools/xilinx/Vivado_HLS/2013.3/common/technology/xilinx/ip/util.gen "
@I [HLS-100] Command 'ap_source' returned 0; elapsed 0Total elapsed time: 14.569 sec.
@I [HLS-100] Command "source /nfs/tools/xilinx/Vivado_HLS/2013.3/common/technology/xilinx/ip/xfft.gen "
@I [HLS-100] Command 'ap_source' returned 0; elapsed 0.07Total elapsed time: 14.631 sec.
@I [HLS-100] Command "source /nfs/tools/xilinx/Vivado_HLS/2013.3/common/technology/xilinx/ip/xfir.gen "
@I [HLS-100] Command 'ap_source' returned 0; elapsed 0.01Total elapsed time: 14.646 sec.
@I [HLS-100] Command 'ap_source' returned 0; elapsed 0.11Total elapsed time: 14.646 sec.
@I [HLS-100] Command "source /nfs/tools/xilinx/Vivado_HLS/2013.3/common/technology/xilinx/common/dsp48.gen "
@I [HLS-100] Command 'ap_source' returned 0; elapsed 0Total elapsed time: 14.648 sec.
@I [HLS-100] Command 'ap_source' returned 0; elapsed 0.11Total elapsed time: 14.648 sec.
@I [HLS-100] Command 'ap_source' returned 0; elapsed 0.11Total elapsed time: 14.648 sec.
@I [HLS-100] Command "source /nfs/tools/xilinx/Vivado_HLS/2013.3/common/technology/xilinx/zynq/zynq_fpv6.gen "
@I [HLS-100] Command "source /nfs/tools/xilinx/Vivado_HLS/2013.3/common/technology/xilinx/common/xilinx_fpv6.gen "
@I [HLS-100] Command 'ap_source' returned 0; elapsed 0.01Total elapsed time: 14.650 sec.
@I [HLS-100] Command 'ap_source' returned 0; elapsed 0.01Total elapsed time: 14.650 sec.
@I [HLS-100] Command "source /home/ga38qoh/EDA_Munish/work_dir/dualCore_grayscaleProcessing/GrayScaleIP/grayscale_prj/solution1/.autopilot/db/init.compgen.tcl "
@I [HLS-100] Command 'ap_source' returned 0; elapsed 0Total elapsed time: 14.663 sec.
@I [HLS-100] Command "source /home/ga38qoh/EDA_Munish/work_dir/dualCore_grayscaleProcessing/GrayScaleIP/grayscale_prj/solution1/.autopilot/db/init_1.compgen.tcl "
@I [HLS-100] Command 'ap_source' returned 0; elapsed 0Total elapsed time: 14.665 sec.
@I [HLS-100] Command "source /home/ga38qoh/EDA_Munish/work_dir/dualCore_grayscaleProcessing/GrayScaleIP/grayscale_prj/solution1/.autopilot/db/AXIvideo2Mat_32_1080_1920_32_s.compgen.tcl "
@I [HLS-100] Command 'ap_source' returned 0; elapsed 0Total elapsed time: 14.667 sec.
@I [HLS-100] Command "source /home/ga38qoh/EDA_Munish/work_dir/dualCore_grayscaleProcessing/GrayScaleIP/grayscale_prj/solution1/.autopilot/db/CvtColor_0_32_32_1080_1920_s.compgen.tcl "
@I [HLS-100] Command 'ap_source' returned 0; elapsed 0Total elapsed time: 14.670 sec.
@I [HLS-100] Command "source /home/ga38qoh/EDA_Munish/work_dir/dualCore_grayscaleProcessing/GrayScaleIP/grayscale_prj/solution1/.autopilot/db/Mat2AXIvideo_32_1080_1920_32_s.compgen.tcl "
@I [HLS-100] Command 'ap_source' returned 0; elapsed 0Total elapsed time: 14.673 sec.
@I [HLS-100] Command "source /home/ga38qoh/EDA_Munish/work_dir/dualCore_grayscaleProcessing/GrayScaleIP/grayscale_prj/solution1/.autopilot/db/gray_scale.compgen.tcl "
@I [HLS-100] Command 'ap_source' returned 0; elapsed 0Total elapsed time: 14.677 sec.
@I [HLS-100] Command "source /home/ga38qoh/EDA_Munish/work_dir/dualCore_grayscaleProcessing/GrayScaleIP/grayscale_prj/solution1/.autopilot/db/global.setting.tcl "
@I [HLS-100] Command 'ap_source' returned 0; elapsed 0Total elapsed time: 15.1 sec.
@I [HLS-100] Command "source /home/ga38qoh/EDA_Munish/work_dir/dualCore_grayscaleProcessing/GrayScaleIP/grayscale_prj/solution1/.autopilot/db/gray_scale.constraint.tcl "
@I [HLS-100] Command 'ap_source' returned 0; elapsed 0Total elapsed time: 15.9 sec.
@I [HLS-100] Command "source /nfs/tools/xilinx/Vivado_HLS/2013.3/common/technology/generic/autopilot/common.gen "
@I [HLS-100] Command "source /nfs/tools/xilinx/Vivado_HLS/2013.3/common/technology/generic/autopilot/APCoreGen.gen "
@I [HLS-100] Command 'ap_source' returned 0; elapsed 0Total elapsed time: 15.48 sec.
@I [HLS-100] Command 'ap_source' returned 0; elapsed 0Total elapsed time: 15.48 sec.
@I [HLS-100] Command "source /nfs/tools/xilinx/Vivado_HLS/2013.3/common/technology/generic/autopilot/op.gen "
@I [HLS-100] Command 'ap_source' returned 0; elapsed 0Total elapsed time: 15.50 sec.
@I [HLS-100] Command "source /nfs/tools/xilinx/Vivado_HLS/2013.3/common/technology/generic/autopilot/op_simcore.gen "
@I [HLS-100] Command 'ap_source' returned 0; elapsed 0Total elapsed time: 15.52 sec.
@I [HLS-100] Command "source /nfs/tools/xilinx/Vivado_HLS/2013.3/common/technology/generic/autopilot/interface.gen "
@I [HLS-100] Command 'ap_source' returned 0; elapsed 0Total elapsed time: 15.53 sec.
@I [HLS-100] Command "source /home/ga38qoh/EDA_Munish/work_dir/dualCore_grayscaleProcessing/GrayScaleIP/grayscale_prj/solution1/.autopilot/db/global.setting.tcl "
@I [HLS-100] Command 'ap_source' returned 0; elapsed 0Total elapsed time: 15.56 sec.
@I [HLS-100] Command "source /nfs/tools/xilinx/Vivado_HLS/2013.3/common/technology/xilinx/zynq/zynq.gen "
@I [HLS-100] Command "source /nfs/tools/xilinx/Vivado_HLS/2013.3/common/technology/xilinx/common/virtex.gen "
@I [HLS-100] Command "source /nfs/tools/xilinx/Vivado_HLS/2013.3/common/technology/xilinx/common/xilinx.gen "
@I [HLS-100] Command "source /nfs/tools/xilinx/Vivado_HLS/2013.3/common/technology/xilinx/interface/plb46.gen "
@I [HLS-100] Command 'ap_source' returned 0; elapsed 0Total elapsed time: 15.62 sec.
@I [HLS-100] Command "source /nfs/tools/xilinx/Vivado_HLS/2013.3/common/technology/xilinx/interface/fsl.gen "
@I [HLS-100] Command 'ap_source' returned 0; elapsed 0Total elapsed time: 15.63 sec.
@I [HLS-100] Command "source /nfs/tools/xilinx/Vivado_HLS/2013.3/common/technology/xilinx/interface/axi4.gen "
@I [HLS-100] Command 'ap_source' returned 0; elapsed 0.01Total elapsed time: 15.68 sec.
@I [HLS-100] Command "source /nfs/tools/xilinx/Vivado_HLS/2013.3/common/technology/xilinx/scripts/xilinxcoregen.gen "
@I [HLS-100] Command 'ap_source' returned 0; elapsed 0.01Total elapsed time: 15.79 sec.
@I [HLS-100] Command "source /nfs/tools/xilinx/Vivado_HLS/2013.3/common/technology/xilinx/interface/XilEDKCoreGen.gen "
@I [HLS-100] Command 'ap_source' returned 0; elapsed 0Total elapsed time: 15.84 sec.
@I [HLS-100] Command "source /nfs/tools/xilinx/Vivado_HLS/2013.3/common/technology/xilinx/ip/util.gen "
@I [HLS-100] Command 'ap_source' returned 0; elapsed 0Total elapsed time: 15.85 sec.
@I [HLS-100] Command "source /nfs/tools/xilinx/Vivado_HLS/2013.3/common/technology/xilinx/ip/xfft.gen "
@I [HLS-100] Command 'ap_source' returned 0; elapsed 0.06Total elapsed time: 15.147 sec.
@I [HLS-100] Command "source /nfs/tools/xilinx/Vivado_HLS/2013.3/common/technology/xilinx/ip/xfir.gen "
@I [HLS-100] Command 'ap_source' returned 0; elapsed 0.02Total elapsed time: 15.162 sec.
@I [HLS-100] Command 'ap_source' returned 0; elapsed 0.1Total elapsed time: 15.162 sec.
@I [HLS-100] Command "source /nfs/tools/xilinx/Vivado_HLS/2013.3/common/technology/xilinx/common/dsp48.gen "
@I [HLS-100] Command 'ap_source' returned 0; elapsed 0Total elapsed time: 15.164 sec.
@I [HLS-100] Command 'ap_source' returned 0; elapsed 0.1Total elapsed time: 15.164 sec.
@I [HLS-100] Command 'ap_source' returned 0; elapsed 0.1Total elapsed time: 15.164 sec.
@I [HLS-100] Command "source /nfs/tools/xilinx/Vivado_HLS/2013.3/common/technology/xilinx/zynq/zynq_fpv6.gen "
@I [HLS-100] Command "source /nfs/tools/xilinx/Vivado_HLS/2013.3/common/technology/xilinx/common/xilinx_fpv6.gen "
@I [HLS-100] Command 'ap_source' returned 0; elapsed 0Total elapsed time: 15.166 sec.
@I [HLS-100] Command 'ap_source' returned 0; elapsed 0Total elapsed time: 15.166 sec.
@I [HLS-100] Command "source /home/ga38qoh/EDA_Munish/work_dir/dualCore_grayscaleProcessing/GrayScaleIP/grayscale_prj/solution1/.autopilot/db/global.setting.tcl "
@I [HLS-100] Command 'ap_source' returned 0; elapsed 0Total elapsed time: 15.230 sec.
@I [HLS-100] Command "source /nfs/tools/xilinx/Vivado_HLS/2013.3/common/technology/generic/autopilot/common.gen "
@I [HLS-100] Command "source /nfs/tools/xilinx/Vivado_HLS/2013.3/common/technology/generic/autopilot/APCoreGen.gen "
@I [HLS-100] Command 'ap_source' returned 0; elapsed 0.01Total elapsed time: 15.261 sec.
@I [HLS-100] Command 'ap_source' returned 0; elapsed 0.01Total elapsed time: 15.262 sec.
@I [HLS-100] Command "source /nfs/tools/xilinx/Vivado_HLS/2013.3/common/technology/generic/autopilot/op.gen "
@I [HLS-100] Command 'ap_source' returned 0; elapsed 0Total elapsed time: 15.264 sec.
@I [HLS-100] Command "source /nfs/tools/xilinx/Vivado_HLS/2013.3/common/technology/generic/autopilot/op_simcore.gen "
@I [HLS-100] Command 'ap_source' returned 0; elapsed 0Total elapsed time: 15.267 sec.
@I [HLS-100] Command "source /nfs/tools/xilinx/Vivado_HLS/2013.3/common/technology/generic/autopilot/interface.gen "
@I [HLS-100] Command 'ap_source' returned 0; elapsed 0Total elapsed time: 15.268 sec.
@I [HLS-100] Command "source /home/ga38qoh/EDA_Munish/work_dir/dualCore_grayscaleProcessing/GrayScaleIP/grayscale_prj/solution1/.autopilot/db/global.setting.tcl "
@I [HLS-100] Command 'ap_source' returned 0; elapsed 0Total elapsed time: 15.272 sec.
@I [HLS-100] Command "source /nfs/tools/xilinx/Vivado_HLS/2013.3/common/technology/xilinx/zynq/zynq.gen "
@I [HLS-100] Command "source /nfs/tools/xilinx/Vivado_HLS/2013.3/common/technology/xilinx/common/virtex.gen "
@I [HLS-100] Command "source /nfs/tools/xilinx/Vivado_HLS/2013.3/common/technology/xilinx/common/xilinx.gen "
@I [HLS-100] Command "source /nfs/tools/xilinx/Vivado_HLS/2013.3/common/technology/xilinx/interface/plb46.gen "
@I [HLS-100] Command 'ap_source' returned 0; elapsed 0Total elapsed time: 15.280 sec.
@I [HLS-100] Command "source /nfs/tools/xilinx/Vivado_HLS/2013.3/common/technology/xilinx/interface/fsl.gen "
@I [HLS-100] Command 'ap_source' returned 0; elapsed 0.01Total elapsed time: 15.282 sec.
@I [HLS-100] Command "source /nfs/tools/xilinx/Vivado_HLS/2013.3/common/technology/xilinx/interface/axi4.gen "
@I [HLS-100] Command 'ap_source' returned 0; elapsed 0Total elapsed time: 15.289 sec.
@I [HLS-100] Command "source /nfs/tools/xilinx/Vivado_HLS/2013.3/common/technology/xilinx/scripts/xilinxcoregen.gen "
@I [HLS-100] Command 'ap_source' returned 0; elapsed 0.01Total elapsed time: 15.306 sec.
@I [HLS-100] Command "source /nfs/tools/xilinx/Vivado_HLS/2013.3/common/technology/xilinx/interface/XilEDKCoreGen.gen "
@I [HLS-100] Command 'ap_source' returned 0; elapsed 0.01Total elapsed time: 15.311 sec.
@I [HLS-100] Command "source /nfs/tools/xilinx/Vivado_HLS/2013.3/common/technology/xilinx/ip/util.gen "
@I [HLS-100] Command 'ap_source' returned 0; elapsed 0Total elapsed time: 15.312 sec.
@I [HLS-100] Command "source /nfs/tools/xilinx/Vivado_HLS/2013.3/common/technology/xilinx/ip/xfft.gen "
@I [HLS-100] Command 'ap_source' returned 0; elapsed 0.06Total elapsed time: 15.374 sec.
@I [HLS-100] Command "source /nfs/tools/xilinx/Vivado_HLS/2013.3/common/technology/xilinx/ip/xfir.gen "
@I [HLS-100] Command 'ap_source' returned 0; elapsed 0.02Total elapsed time: 15.389 sec.
@I [HLS-100] Command 'ap_source' returned 0; elapsed 0.11Total elapsed time: 15.389 sec.
@I [HLS-100] Command "source /nfs/tools/xilinx/Vivado_HLS/2013.3/common/technology/xilinx/common/dsp48.gen "
@I [HLS-100] Command 'ap_source' returned 0; elapsed 0Total elapsed time: 15.391 sec.
@I [HLS-100] Command 'ap_source' returned 0; elapsed 0.12Total elapsed time: 15.391 sec.
@I [HLS-100] Command 'ap_source' returned 0; elapsed 0.12Total elapsed time: 15.391 sec.
@I [HLS-100] Command "source /nfs/tools/xilinx/Vivado_HLS/2013.3/common/technology/xilinx/zynq/zynq_fpv6.gen "
@I [HLS-100] Command "source /nfs/tools/xilinx/Vivado_HLS/2013.3/common/technology/xilinx/common/xilinx_fpv6.gen "
@I [HLS-100] Command 'ap_source' returned 0; elapsed 0Total elapsed time: 15.393 sec.
@I [HLS-100] Command 'ap_source' returned 0; elapsed 0Total elapsed time: 15.393 sec.
@I [HLS-100] Command "source /home/ga38qoh/EDA_Munish/work_dir/dualCore_grayscaleProcessing/GrayScaleIP/grayscale_prj/solution1/.autopilot/db/global.setting.tcl "
@I [HLS-100] Command 'ap_source' returned 0; elapsed 0Total elapsed time: 15.395 sec.
@I [HLS-100] Command "source /home/ga38qoh/EDA_Munish/work_dir/dualCore_grayscaleProcessing/GrayScaleIP/grayscale_prj/solution1/.autopilot/db/global.setting.tcl "
@I [HLS-100] Command 'ap_source' returned 0; elapsed 0Total elapsed time: 15.409 sec.
@I [HLS-100] Command "source /home/ga38qoh/EDA_Munish/work_dir/dualCore_grayscaleProcessing/GrayScaleIP/grayscale_prj/solution1/.autopilot/db/global.setting.tcl "
@I [HLS-100] Command 'ap_source' returned 0; elapsed 0Total elapsed time: 15.426 sec.
@I [HLS-100] Command "source /nfs/tools/xilinx/Vivado_HLS/2013.3/common/technology/generic/autopilot/common.gen "
@I [HLS-100] Command "source /nfs/tools/xilinx/Vivado_HLS/2013.3/common/technology/generic/autopilot/APCoreGen.gen "
@I [HLS-100] Command 'ap_source' returned 0; elapsed 0.01Total elapsed time: 15.464 sec.
@I [HLS-100] Command 'ap_source' returned 0; elapsed 0.01Total elapsed time: 15.464 sec.
@I [HLS-100] Command "source /nfs/tools/xilinx/Vivado_HLS/2013.3/common/technology/generic/autopilot/op.gen "
@I [HLS-100] Command 'ap_source' returned 0; elapsed 0Total elapsed time: 15.466 sec.
@I [HLS-100] Command "source /nfs/tools/xilinx/Vivado_HLS/2013.3/common/technology/generic/autopilot/op_simcore.gen "
@I [HLS-100] Command 'ap_source' returned 0; elapsed 0Total elapsed time: 15.469 sec.
@I [HLS-100] Command "source /nfs/tools/xilinx/Vivado_HLS/2013.3/common/technology/generic/autopilot/interface.gen "
@I [HLS-100] Command 'ap_source' returned 0; elapsed 0Total elapsed time: 15.470 sec.
@I [HLS-100] Command "source /home/ga38qoh/EDA_Munish/work_dir/dualCore_grayscaleProcessing/GrayScaleIP/grayscale_prj/solution1/.autopilot/db/global.setting.tcl "
@I [HLS-100] Command 'ap_source' returned 0; elapsed 0Total elapsed time: 15.472 sec.
@I [HLS-100] Command "source /nfs/tools/xilinx/Vivado_HLS/2013.3/common/technology/xilinx/zynq/zynq.gen "
@I [HLS-100] Command "source /nfs/tools/xilinx/Vivado_HLS/2013.3/common/technology/xilinx/common/virtex.gen "
@I [HLS-100] Command "source /nfs/tools/xilinx/Vivado_HLS/2013.3/common/technology/xilinx/common/xilinx.gen "
@I [HLS-100] Command "source /nfs/tools/xilinx/Vivado_HLS/2013.3/common/technology/xilinx/interface/plb46.gen "
@I [HLS-100] Command 'ap_source' returned 0; elapsed 0Total elapsed time: 15.479 sec.
@I [HLS-100] Command "source /nfs/tools/xilinx/Vivado_HLS/2013.3/common/technology/xilinx/interface/fsl.gen "
@I [HLS-100] Command 'ap_source' returned 0; elapsed 0Total elapsed time: 15.481 sec.
@I [HLS-100] Command "source /nfs/tools/xilinx/Vivado_HLS/2013.3/common/technology/xilinx/interface/axi4.gen "
@I [HLS-100] Command 'ap_source' returned 0; elapsed 0.01Total elapsed time: 15.488 sec.
@I [HLS-100] Command "source /nfs/tools/xilinx/Vivado_HLS/2013.3/common/technology/xilinx/scripts/xilinxcoregen.gen "
@I [HLS-100] Command 'ap_source' returned 0; elapsed 0.01Total elapsed time: 15.499 sec.
@I [HLS-100] Command "source /nfs/tools/xilinx/Vivado_HLS/2013.3/common/technology/xilinx/interface/XilEDKCoreGen.gen "
@I [HLS-100] Command 'ap_source' returned 0; elapsed 0Total elapsed time: 15.505 sec.
@I [HLS-100] Command "source /nfs/tools/xilinx/Vivado_HLS/2013.3/common/technology/xilinx/ip/util.gen "
@I [HLS-100] Command 'ap_source' returned 0; elapsed 0Total elapsed time: 15.506 sec.
@I [HLS-100] Command "source /nfs/tools/xilinx/Vivado_HLS/2013.3/common/technology/xilinx/ip/xfft.gen "
@I [HLS-100] Command 'ap_source' returned 0; elapsed 0.07Total elapsed time: 15.568 sec.
@I [HLS-100] Command "source /nfs/tools/xilinx/Vivado_HLS/2013.3/common/technology/xilinx/ip/xfir.gen "
@I [HLS-100] Command 'ap_source' returned 0; elapsed 0.01Total elapsed time: 15.583 sec.
@I [HLS-100] Command 'ap_source' returned 0; elapsed 0.1Total elapsed time: 15.584 sec.
@I [HLS-100] Command "source /nfs/tools/xilinx/Vivado_HLS/2013.3/common/technology/xilinx/common/dsp48.gen "
@I [HLS-100] Command 'ap_source' returned 0; elapsed 0Total elapsed time: 15.585 sec.
@I [HLS-100] Command 'ap_source' returned 0; elapsed 0.1Total elapsed time: 15.585 sec.
@I [HLS-100] Command 'ap_source' returned 0; elapsed 0.1Total elapsed time: 15.585 sec.
@I [HLS-100] Command "source /nfs/tools/xilinx/Vivado_HLS/2013.3/common/technology/xilinx/zynq/zynq_fpv6.gen "
@I [HLS-100] Command "source /nfs/tools/xilinx/Vivado_HLS/2013.3/common/technology/xilinx/common/xilinx_fpv6.gen "
@I [HLS-100] Command 'ap_source' returned 0; elapsed 0Total elapsed time: 15.587 sec.
@I [HLS-100] Command 'ap_source' returned 0; elapsed 0Total elapsed time: 15.587 sec.
@I [HLS-100] Command "source /home/ga38qoh/EDA_Munish/work_dir/dualCore_grayscaleProcessing/GrayScaleIP/grayscale_prj/solution1/.autopilot/db/init.compgen.tcl "
@I [HLS-100] Command 'ap_source' returned 0; elapsed 0.01Total elapsed time: 15.600 sec.
@I [HLS-100] Command "source /home/ga38qoh/EDA_Munish/work_dir/dualCore_grayscaleProcessing/GrayScaleIP/grayscale_prj/solution1/.autopilot/db/init_1.compgen.tcl "
@I [HLS-100] Command 'ap_source' returned 0; elapsed 0Total elapsed time: 15.603 sec.
@I [HLS-100] Command "source /home/ga38qoh/EDA_Munish/work_dir/dualCore_grayscaleProcessing/GrayScaleIP/grayscale_prj/solution1/.autopilot/db/AXIvideo2Mat_32_1080_1920_32_s.compgen.tcl "
@I [HLS-100] Command 'ap_source' returned 0; elapsed 0Total elapsed time: 15.605 sec.
@I [HLS-100] Command "source /home/ga38qoh/EDA_Munish/work_dir/dualCore_grayscaleProcessing/GrayScaleIP/grayscale_prj/solution1/.autopilot/db/CvtColor_0_32_32_1080_1920_s.compgen.tcl "
@I [HLS-100] Command 'ap_source' returned 0; elapsed 0Total elapsed time: 15.608 sec.
@I [HLS-100] Command "source /home/ga38qoh/EDA_Munish/work_dir/dualCore_grayscaleProcessing/GrayScaleIP/grayscale_prj/solution1/.autopilot/db/Mat2AXIvideo_32_1080_1920_32_s.compgen.tcl "
@I [HLS-100] Command 'ap_source' returned 0; elapsed 0Total elapsed time: 15.612 sec.
@I [HLS-100] Command "source /home/ga38qoh/EDA_Munish/work_dir/dualCore_grayscaleProcessing/GrayScaleIP/grayscale_prj/solution1/.autopilot/db/gray_scale.compgen.tcl "
@I [HLS-100] Command 'ap_source' returned 0; elapsed 0Total elapsed time: 15.616 sec.
@I [HLS-100] Command "source /home/ga38qoh/EDA_Munish/work_dir/dualCore_grayscaleProcessing/GrayScaleIP/grayscale_prj/solution1/.autopilot/db/global.setting.tcl "
@I [HLS-100] Command 'ap_source' returned 0; elapsed 0Total elapsed time: 15.941 sec.
@I [HLS-100] Command "source /home/ga38qoh/EDA_Munish/work_dir/dualCore_grayscaleProcessing/GrayScaleIP/grayscale_prj/solution1/.autopilot/db/gray_scale.constraint.tcl "
@I [HLS-100] Command 'ap_source' returned 0; elapsed 0Total elapsed time: 15.950 sec.
@I [HLS-100] Command "source /nfs/tools/xilinx/Vivado_HLS/2013.3/common/technology/generic/autopilot/common.gen "
@I [HLS-100] Command "source /nfs/tools/xilinx/Vivado_HLS/2013.3/common/technology/generic/autopilot/APCoreGen.gen "
@I [HLS-100] Command 'ap_source' returned 0; elapsed 0Total elapsed time: 15.987 sec.
@I [HLS-100] Command 'ap_source' returned 0; elapsed 0.01Total elapsed time: 15.988 sec.
@I [HLS-100] Command "source /nfs/tools/xilinx/Vivado_HLS/2013.3/common/technology/generic/autopilot/op.gen "
@I [HLS-100] Command 'ap_source' returned 0; elapsed 0Total elapsed time: 15.989 sec.
@I [HLS-100] Command "source /nfs/tools/xilinx/Vivado_HLS/2013.3/common/technology/generic/autopilot/op_simcore.gen "
@I [HLS-100] Command 'ap_source' returned 0; elapsed 0.01Total elapsed time: 15.992 sec.
@I [HLS-100] Command "source /nfs/tools/xilinx/Vivado_HLS/2013.3/common/technology/generic/autopilot/interface.gen "
@I [HLS-100] Command 'ap_source' returned 0; elapsed 0Total elapsed time: 15.993 sec.
@I [HLS-100] Command "source /home/ga38qoh/EDA_Munish/work_dir/dualCore_grayscaleProcessing/GrayScaleIP/grayscale_prj/solution1/.autopilot/db/global.setting.tcl "
@I [HLS-100] Command 'ap_source' returned 0; elapsed 0Total elapsed time: 15.997 sec.
@I [HLS-100] Command "source /nfs/tools/xilinx/Vivado_HLS/2013.3/common/technology/xilinx/zynq/zynq.gen "
@I [HLS-100] Command "source /nfs/tools/xilinx/Vivado_HLS/2013.3/common/technology/xilinx/common/virtex.gen "
@I [HLS-100] Command "source /nfs/tools/xilinx/Vivado_HLS/2013.3/common/technology/xilinx/common/xilinx.gen "
@I [HLS-100] Command "source /nfs/tools/xilinx/Vivado_HLS/2013.3/common/technology/xilinx/interface/plb46.gen "
@I [HLS-100] Command 'ap_source' returned 0; elapsed 0Total elapsed time: 16.4 sec.
@I [HLS-100] Command "source /nfs/tools/xilinx/Vivado_HLS/2013.3/common/technology/xilinx/interface/fsl.gen "
@I [HLS-100] Command 'ap_source' returned 0; elapsed 0Total elapsed time: 16.6 sec.
@I [HLS-100] Command "source /nfs/tools/xilinx/Vivado_HLS/2013.3/common/technology/xilinx/interface/axi4.gen "
@I [HLS-100] Command 'ap_source' returned 0; elapsed 0Total elapsed time: 16.12 sec.
@I [HLS-100] Command "source /nfs/tools/xilinx/Vivado_HLS/2013.3/common/technology/xilinx/scripts/xilinxcoregen.gen "
@I [HLS-100] Command 'ap_source' returned 0; elapsed 0.02Total elapsed time: 16.27 sec.
@I [HLS-100] Command "source /nfs/tools/xilinx/Vivado_HLS/2013.3/common/technology/xilinx/interface/XilEDKCoreGen.gen "
@I [HLS-100] Command 'ap_source' returned 0; elapsed 0.01Total elapsed time: 16.32 sec.
@I [HLS-100] Command "source /nfs/tools/xilinx/Vivado_HLS/2013.3/common/technology/xilinx/ip/util.gen "
@I [HLS-100] Command 'ap_source' returned 0; elapsed 0Total elapsed time: 16.33 sec.
@I [HLS-100] Command "source /nfs/tools/xilinx/Vivado_HLS/2013.3/common/technology/xilinx/ip/xfft.gen "
@I [HLS-100] Command 'ap_source' returned 0; elapsed 0.06Total elapsed time: 16.95 sec.
@I [HLS-100] Command "source /nfs/tools/xilinx/Vivado_HLS/2013.3/common/technology/xilinx/ip/xfir.gen "
@I [HLS-100] Command 'ap_source' returned 0; elapsed 0.01Total elapsed time: 16.110 sec.
@I [HLS-100] Command 'ap_source' returned 0; elapsed 0.1Total elapsed time: 16.110 sec.
@I [HLS-100] Command "source /nfs/tools/xilinx/Vivado_HLS/2013.3/common/technology/xilinx/common/dsp48.gen "
@I [HLS-100] Command 'ap_source' returned 0; elapsed 0Total elapsed time: 16.112 sec.
@I [HLS-100] Command 'ap_source' returned 0; elapsed 0.1Total elapsed time: 16.112 sec.
@I [HLS-100] Command 'ap_source' returned 0; elapsed 0.1Total elapsed time: 16.112 sec.
@I [HLS-100] Command "source /nfs/tools/xilinx/Vivado_HLS/2013.3/common/technology/xilinx/zynq/zynq_fpv6.gen "
@I [HLS-100] Command "source /nfs/tools/xilinx/Vivado_HLS/2013.3/common/technology/xilinx/common/xilinx_fpv6.gen "
@I [HLS-100] Command 'ap_source' returned 0; elapsed 0.01Total elapsed time: 16.114 sec.
@I [HLS-100] Command 'ap_source' returned 0; elapsed 0.01Total elapsed time: 16.114 sec.
@I [HLS-100] Command 'export_design' returned 0; elapsed 2.08Total elapsed time: 16.165 sec.
@I [HLS-100] Command "cleanup_all "
@I [HLS-100] Command 'cleanup_all' returned 0; elapsed 0Total elapsed time: 16.167 sec.
