

================================================================
== Vivado HLS Report for 'init'
================================================================
* Date:           Mon Apr 20 19:03:18 2015

* Version:        2013.3 (build date: Wed Oct 16 18:12:55 PM 2013)
* Project:        grayscale_prj
* Solution:       solution1
* Product family: zynq zynq_fpv6 
* Target device:  xc7z020clg484-1


================================================================
== Performance Estimates
================================================================
+ Timing (ns): 
    * Summary: 
    +---------+-------+----------+------------+
    |  Clock  | Target| Estimated| Uncertainty|
    +---------+-------+----------+------------+
    |default  |   6.67|      0.00|        0.83|
    +---------+-------+----------+------------+

+ Latency (clock cycles): 
    * Summary: 
    +-----+-----+-----+-----+---------+
    |  Latency  |  Interval | Pipeline|
    | min | max | min | max |   Type  |
    +-----+-----+-----+-----+---------+
    |    0|    0|    0|    0|   none  |
    +-----+-----+-----+-----+---------+

    + Detail: 
        * Instance: 
        N/A

        * Loop: 
        N/A



================================================================
== Utilization Estimates
================================================================
* Summary: 
+-----------------+---------+-------+--------+-------+
|       Name      | BRAM_18K| DSP48E|   FF   |  LUT  |
+-----------------+---------+-------+--------+-------+
|Expression       |        -|      -|       -|      -|
|FIFO             |        -|      -|       -|      -|
|Instance         |        -|      -|       -|      -|
|Memory           |        -|      -|       -|      -|
|Multiplexer      |        -|      -|       -|      -|
|Register         |        -|      -|       -|      -|
|ShiftMemory      |        -|      -|       -|      -|
+-----------------+---------+-------+--------+-------+
|Total            |        0|      0|       0|      0|
+-----------------+---------+-------+--------+-------+
|Available        |      280|    220|  106400|  53200|
+-----------------+---------+-------+--------+-------+
|Utilization (%)  |        0|      0|       0|      0|
+-----------------+---------+-------+--------+-------+

+ Detail: 
    * Instance: 
    N/A

    * Memory: 
    N/A

    * FIFO: 
    N/A

    * Shift register: 
    N/A

    * Expression: 
    N/A

    * Multiplexer: 
    N/A

    * Register: 
    N/A



================================================================
== Interface
================================================================
* Summary: 
N/A

============================================================
+ Verbose Summary: Synthesis Manager
============================================================
InlineROM: 1
ExposeGlobal: 0
============================================================
+ Verbose Summary: CDFG Model
============================================================
IsTopModel: 0
ResetActiveHigh: 1
IsCombinational: 2
IsDatapathOnly: 0
HasWiredReturn: 1
HasMFsm: 0
HasVarLatency: 0
IsPipeline: 0
IsRtlPipelined: 0
IsInstanceOverlapped: 0
IsDontTouch: 0
HasImplIP: 0
IsGatedGlobalClock: 0


============================================================
+ Verbose Summary: Schedule
============================================================
* Number of FSM states: 1
* Pipeline: 0
* Dataflow Pipeline: 0

* FSM state transitions: 
1 --> 
* FSM state operations: 

 <State 1>: 0.00ns
ST_1: stg_2 [1/1] 0.00ns
:0  call void (...)* @_ssdm_op_SpecIFCore(i32 %p_cols, [1 x i8]* @p_str1805, [10 x i8]* @p_str1809, [1 x i8]* @p_str1805, [1 x i8]* @p_str1805, [1 x i8]* @p_str1805, [24 x i8]* @p_str1810)

ST_1: stg_3 [1/1] 0.00ns
:1  call void (...)* @_ssdm_op_SpecIFCore(i32 %p_rows, [1 x i8]* @p_str1805, [10 x i8]* @p_str1809, [1 x i8]* @p_str1805, [1 x i8]* @p_str1805, [1 x i8]* @p_str1805, [24 x i8]* @p_str1810)

ST_1: p_cols_read [1/1] 0.00ns
:2  %p_cols_read = call i32 @_ssdm_op_Read.ap_auto.i32(i32 %p_cols)

ST_1: p_rows_read [1/1] 0.00ns
:3  %p_rows_read = call i32 @_ssdm_op_Read.ap_auto.i32(i32 %p_rows)

ST_1: tmp [1/1] 0.00ns
:4  %tmp = trunc i32 %p_rows_read to i12

ST_1: tmp_18 [1/1] 0.00ns
:5  %tmp_18 = trunc i32 %p_cols_read to i12

ST_1: mrv [1/1] 0.00ns
:6  %mrv = insertvalue { i12, i12, i12, i12 } undef, i12 %tmp, 0

ST_1: mrv_1 [1/1] 0.00ns
:7  %mrv_1 = insertvalue { i12, i12, i12, i12 } %mrv, i12 %tmp, 1

ST_1: mrv_2 [1/1] 0.00ns
:8  %mrv_2 = insertvalue { i12, i12, i12, i12 } %mrv_1, i12 %tmp_18, 2

ST_1: mrv_3 [1/1] 0.00ns
:9  %mrv_3 = insertvalue { i12, i12, i12, i12 } %mrv_2, i12 %tmp_18, 3

ST_1: stg_12 [1/1] 0.00ns
:10  ret { i12, i12, i12, i12 } %mrv_3



============================================================
+ Verbose Summary: Binding
============================================================
STG Binding: 
---------------- STG Properties BEGIN ----------------
- Is combinational: 0
- Is one-state seq: 1
- Is datapath-only: 0
- Is clock enabled: 0
- Is pipelined: 0
- Is top level: 0
Port [ Return ] is wired: 1; IO mode=ap_ctrl_hs:ce=0
Port [ p_rows]:  wired=1; compound=0; hidden=0; nouse=0; global=0; static=0; extern=0; dir=0; type=0; mode=0xa09a080; pingpong=0; private_global=0; IO mode=ap_none:ce=0
Port [ p_cols]:  wired=1; compound=0; hidden=0; nouse=0; global=0; static=0; extern=0; dir=0; type=0; mode=0xa19d870; pingpong=0; private_global=0; IO mode=ap_none:ce=0
---------------- STG Properties END ------------------

---------------- Datapath Model BEGIN ----------------

<LifeTime>
<method=bitvector/>
stg_2       (specifcore ) [ 00]
stg_3       (specifcore ) [ 00]
p_cols_read (read       ) [ 00]
p_rows_read (read       ) [ 00]
tmp         (trunc      ) [ 00]
tmp_18      (trunc      ) [ 00]
mrv         (insertvalue) [ 00]
mrv_1       (insertvalue) [ 00]
mrv_2       (insertvalue) [ 00]
mrv_3       (insertvalue) [ 00]
stg_12      (ret        ) [ 00]
</LifeTime>

<model>

<comp_list>
<comp id="0" class="1000" name="p_rows">
<pin_list>
<pin id="1" dir="1" index="0" bw="1" slack="0"/>
</pin_list>
<bind>
<StgValue><ssdm name="p_rows"/></StgValue>
</bind>
</comp>

<comp id="2" class="1000" name="p_cols">
<pin_list>
<pin id="3" dir="1" index="0" bw="1" slack="0"/>
</pin_list>
<bind>
<StgValue><ssdm name="p_cols"/></StgValue>
</bind>
</comp>

<comp id="4" class="1001" name="const_4">
<pin_list>
<pin id="5" dir="1" index="0" bw="1" slack="2147483647"/>
</pin_list>
<bind>
<StgValue><ssdm name="_ssdm_op_SpecIFCore"/></StgValue>
</bind>
</comp>

<comp id="6" class="1001" name="const_6">
<pin_list>
<pin id="7" dir="1" index="0" bw="1" slack="2147483647"/>
</pin_list>
<bind>
<StgValue><ssdm name="p_str1805"/></StgValue>
</bind>
</comp>

<comp id="8" class="1001" name="const_8">
<pin_list>
<pin id="9" dir="1" index="0" bw="1" slack="2147483647"/>
</pin_list>
<bind>
<StgValue><ssdm name="p_str1809"/></StgValue>
</bind>
</comp>

<comp id="10" class="1001" name="const_10">
<pin_list>
<pin id="11" dir="1" index="0" bw="1" slack="2147483647"/>
</pin_list>
<bind>
<StgValue><ssdm name="p_str1810"/></StgValue>
</bind>
</comp>

<comp id="12" class="1001" name="const_12">
<pin_list>
<pin id="13" dir="1" index="0" bw="1" slack="0"/>
</pin_list>
<bind>
<StgValue><ssdm name="_ssdm_op_Read.ap_auto.i32"/></StgValue>
</bind>
</comp>

<comp id="14" class="1001" name="const_14">
<pin_list>
<pin id="15" dir="1" index="0" bw="1" slack="0"/>
</pin_list>
<bind>
<StgValue><ssdm name=""/></StgValue>
</bind>
</comp>

<comp id="16" class="1004" name="p_cols_read_read_fu_16">
<pin_list>
<pin id="17" dir="0" index="0" bw="32" slack="0"/>
<pin id="18" dir="0" index="1" bw="32" slack="0"/>
<pin id="19" dir="1" index="2" bw="32" slack="0"/>
</pin_list>
<bind>
<opcode="read(1150) " fcode="read"/>
<opset="p_cols_read/1 "/>
</bind>
</comp>

<comp id="22" class="1004" name="p_rows_read_read_fu_22">
<pin_list>
<pin id="23" dir="0" index="0" bw="32" slack="0"/>
<pin id="24" dir="0" index="1" bw="32" slack="0"/>
<pin id="25" dir="1" index="2" bw="32" slack="0"/>
</pin_list>
<bind>
<opcode="read(1150) " fcode="read"/>
<opset="p_rows_read/1 "/>
</bind>
</comp>

<comp id="29" class="1004" name="tmp_fu_29">
<pin_list>
<pin id="30" dir="0" index="0" bw="32" slack="0"/>
<pin id="31" dir="1" index="1" bw="12" slack="0"/>
</pin_list>
<bind>
<opcode="trunc(33) " fcode="trunc"/>
<opset="tmp/1 "/>
</bind>
</comp>

<comp id="33" class="1004" name="tmp_18_fu_33">
<pin_list>
<pin id="34" dir="0" index="0" bw="32" slack="0"/>
<pin id="35" dir="1" index="1" bw="12" slack="0"/>
</pin_list>
<bind>
<opcode="trunc(33) " fcode="trunc"/>
<opset="tmp_18/1 "/>
</bind>
</comp>

<comp id="37" class="1004" name="mrv_fu_37">
<pin_list>
<pin id="38" dir="0" index="0" bw="48" slack="0"/>
<pin id="39" dir="0" index="1" bw="12" slack="0"/>
<pin id="40" dir="1" index="2" bw="48" slack="0"/>
</pin_list>
<bind>
<opcode="insertvalue(57) " fcode="insertvalue"/>
<opset="mrv/1 "/>
</bind>
</comp>

<comp id="43" class="1004" name="mrv_1_fu_43">
<pin_list>
<pin id="44" dir="0" index="0" bw="48" slack="0"/>
<pin id="45" dir="0" index="1" bw="12" slack="0"/>
<pin id="46" dir="1" index="2" bw="48" slack="0"/>
</pin_list>
<bind>
<opcode="insertvalue(57) " fcode="insertvalue"/>
<opset="mrv_1/1 "/>
</bind>
</comp>

<comp id="49" class="1004" name="mrv_2_fu_49">
<pin_list>
<pin id="50" dir="0" index="0" bw="48" slack="0"/>
<pin id="51" dir="0" index="1" bw="12" slack="0"/>
<pin id="52" dir="1" index="2" bw="48" slack="0"/>
</pin_list>
<bind>
<opcode="insertvalue(57) " fcode="insertvalue"/>
<opset="mrv_2/1 "/>
</bind>
</comp>

<comp id="55" class="1004" name="mrv_3_fu_55">
<pin_list>
<pin id="56" dir="0" index="0" bw="48" slack="0"/>
<pin id="57" dir="0" index="1" bw="12" slack="0"/>
<pin id="58" dir="1" index="2" bw="48" slack="2147483647"/>
</pin_list>
<bind>
<opcode="insertvalue(57) " fcode="insertvalue"/>
<opset="mrv_3/1 "/>
</bind>
</comp>

</comp_list>

<net_list>
<net id="20"><net_src comp="12" pin="0"/><net_sink comp="16" pin=0"/></net>

<net id="21"><net_src comp="2" pin="0"/><net_sink comp="16" pin=1"/></net>

<net id="26"><net_src comp="12" pin="0"/><net_sink comp="22" pin=0"/></net>

<net id="27"><net_src comp="0" pin="0"/><net_sink comp="22" pin=1"/></net>

<net id="32"><net_src comp="22" pin="2"/><net_sink comp="29" pin=0"/></net>

<net id="36"><net_src comp="16" pin="2"/><net_sink comp="33" pin=0"/></net>

<net id="41"><net_src comp="14" pin="0"/><net_sink comp="37" pin=0"/></net>

<net id="42"><net_src comp="29" pin="1"/><net_sink comp="37" pin=1"/></net>

<net id="47"><net_src comp="37" pin="2"/><net_sink comp="43" pin=0"/></net>

<net id="48"><net_src comp="29" pin="1"/><net_sink comp="43" pin=1"/></net>

<net id="53"><net_src comp="43" pin="2"/><net_sink comp="49" pin=0"/></net>

<net id="54"><net_src comp="33" pin="1"/><net_sink comp="49" pin=1"/></net>

<net id="59"><net_src comp="49" pin="2"/><net_sink comp="55" pin=0"/></net>

<net id="60"><net_src comp="33" pin="1"/><net_sink comp="55" pin=1"/></net>

</net_list>

</model> 
---------------- Datapath Model END ------------------

* FSMD analyzer results:
  - Output states:
  - Chain level:
	State 1
		mrv : 1
		mrv_1 : 2
		mrv_2 : 3
		mrv_3 : 4
		stg_12 : 5


============================================================
+ Verbose Summary: Datapath Resource usage 
============================================================

* Functional unit list:
|----------|------------------------|
| Operation|     Functional Unit    |
|----------|------------------------|
|   read   | p_cols_read_read_fu_16 |
|          | p_rows_read_read_fu_22 |
|----------|------------------------|
|   trunc  |        tmp_fu_29       |
|          |      tmp_18_fu_33      |
|----------|------------------------|
|          |        mrv_fu_37       |
|insertvalue|       mrv_1_fu_43      |
|          |       mrv_2_fu_49      |
|          |       mrv_3_fu_55      |
|----------|------------------------|
|   Total  |                        |
|----------|------------------------|

Memories:
N/A

* Register list:
N/A

* Multiplexer (MUX) list: 
|--------|------|------|------|--------|
|  Comp  |  Pin | Size |  BW  | S x BW |
|--------|------|------|------|--------|
|  Total |      |      |      |    0   |
|--------|------|------|------|--------|



* Summary:
+-----------+
|           |
+-----------+
|  Function |
|   Memory  |
|Multiplexer|
|  Register |
+-----------+
|   Total   |
+-----------+
