

================================================================
== Vivado HLS Report for 'Mat2AXIvideo_32_1080_1920_32_s'
================================================================
* Date:           Tue Mar 17 17:04:35 2015

* Version:        2013.3 (build date: Wed Oct 16 18:12:55 PM 2013)
* Project:        grayscale_prj
* Solution:       solution1
* Product family: zynq zynq_fpv6 
* Target device:  xc7z020clg484-1


================================================================
== Performance Estimates
================================================================
+ Timing (ns): 
    * Summary: 
    +---------+-------+----------+------------+
    |  Clock  | Target| Estimated| Uncertainty|
    +---------+-------+----------+------------+
    |default  |   6.67|      2.18|        0.83|
    +---------+-------+----------+------------+

+ Latency (clock cycles): 
    * Summary: 
    +-----+---------+-----+---------+---------+
    |    Latency    |    Interval   | Pipeline|
    | min |   max   | min |   max   |   Type  |
    +-----+---------+-----+---------+---------+
    |    1|  2076841|    1|  2076841|   none  |
    +-----+---------+-----+---------+---------+

    + Detail: 
        * Instance: 
        N/A

        * Loop: 
        +---------------+-----+---------+----------+-----------+-----------+----------+----------+
        |               |    Latency    | Iteration|  Initiation Interval  |   Trip   |          |
        |   Loop Name   | min |   max   |  Latency |  achieved |   target  |   Count  | Pipelined|
        +---------------+-----+---------+----------+-----------+-----------+----------+----------+
        |- loop_height  |    0|  2076840| 3 ~ 1923 |          -|          -| 0 ~ 1080 |    no    |
        | + loop_width  |    0|     1920|         2|          1|          1| 0 ~ 1920 |    yes   |
        +---------------+-----+---------+----------+-----------+-----------+----------+----------+



================================================================
== Utilization Estimates
================================================================
* Summary: 
+-----------------+---------+-------+--------+-------+
|       Name      | BRAM_18K| DSP48E|   FF   |  LUT  |
+-----------------+---------+-------+--------+-------+
|Expression       |        -|      -|       -|      -|
|FIFO             |        -|      -|       -|      -|
|Instance         |        -|      -|       -|      -|
|Memory           |        -|      -|       -|      -|
|Multiplexer      |        -|      -|       -|      -|
|Register         |        -|      -|       -|      -|
|ShiftMemory      |        -|      -|       -|      -|
+-----------------+---------+-------+--------+-------+
|Total            |        0|      0|       0|      0|
+-----------------+---------+-------+--------+-------+
|Available        |      280|    220|  106400|  53200|
+-----------------+---------+-------+--------+-------+
|Utilization (%)  |        0|      0|       0|      0|
+-----------------+---------+-------+--------+-------+

+ Detail: 
    * Instance: 
    N/A

    * Memory: 
    N/A

    * FIFO: 
    N/A

    * Shift register: 
    N/A

    * Expression: 
    N/A

    * Multiplexer: 
    N/A

    * Register: 
    N/A



================================================================
== Interface
================================================================
* Summary: 
N/A

============================================================
+ Verbose Summary: Synthesis Manager
============================================================
InlineROM: 1
ExposeGlobal: 0
============================================================
+ Verbose Summary: CDFG Model
============================================================
IsTopModel: 0
ResetActiveHigh: 1
IsCombinational: 2
IsDatapathOnly: 0
HasWiredReturn: 1
HasMFsm: 0
HasVarLatency: 1
IsPipeline: 0
IsRtlPipelined: 0
IsInstanceOverlapped: 0
IsDontTouch: 0
HasImplIP: 0
IsGatedGlobalClock: 0

+ Individual pipeline summary: 
  * Pipeline-0: initiation interval (II) = 1, depth = 2


============================================================
+ Verbose Summary: Schedule
============================================================
* Number of FSM states: 5
* Pipeline: 1
  Pipeline-0: II = 1, D = 2, States = { 3 4 }
* Dataflow Pipeline: 0

* FSM state transitions: 
1 --> 
	2  / true
2 --> 
	3  / (!exitcond3)
3 --> 
	5  / (exitcond4)
	4  / (!exitcond4)
4 --> 
	3  / true
5 --> 
	2  / true
* FSM state operations: 

 <State 1>: 1.84ns
ST_1: tmp_user_V [1/1] 0.00ns
:0  %tmp_user_V = alloca i1, align 1

ST_1: empty [1/1] 0.00ns
:1  %empty = call i32 (...)* @_ssdm_op_SpecFifo(i8* %img_data_stream_2_V, [8 x i8]* @str78, i32 0, i32 0, i32 0, [8 x i8]* @str78)

ST_1: empty_90 [1/1] 0.00ns
:2  %empty_90 = call i32 (...)* @_ssdm_op_SpecFifo(i8* %img_data_stream_1_V, [8 x i8]* @str75, i32 0, i32 0, i32 0, [8 x i8]* @str75)

ST_1: empty_91 [1/1] 0.00ns
:3  %empty_91 = call i32 (...)* @_ssdm_op_SpecFifo(i8* %img_data_stream_0_V, [8 x i8]* @str72, i32 0, i32 0, i32 0, [8 x i8]* @str72)

ST_1: empty_92 [1/1] 0.00ns
:4  %empty_92 = call i32 (...)* @_ssdm_op_SpecFifo(i1* %AXI_video_strm_V_dest_V, [8 x i8]* @str53, i32 0, i32 0, i32 0, [8 x i8]* @str53)

ST_1: empty_93 [1/1] 0.00ns
:5  %empty_93 = call i32 (...)* @_ssdm_op_SpecFifo(i1* %AXI_video_strm_V_id_V, [8 x i8]* @str52, i32 0, i32 0, i32 0, [8 x i8]* @str52)

ST_1: empty_94 [1/1] 0.00ns
:6  %empty_94 = call i32 (...)* @_ssdm_op_SpecFifo(i1* %AXI_video_strm_V_last_V, [8 x i8]* @str51, i32 0, i32 0, i32 0, [8 x i8]* @str51)

ST_1: empty_95 [1/1] 0.00ns
:7  %empty_95 = call i32 (...)* @_ssdm_op_SpecFifo(i1* %AXI_video_strm_V_user_V, [8 x i8]* @str50, i32 0, i32 0, i32 0, [8 x i8]* @str50)

ST_1: empty_96 [1/1] 0.00ns
:8  %empty_96 = call i32 (...)* @_ssdm_op_SpecFifo(i4* %AXI_video_strm_V_strb_V, [8 x i8]* @str49, i32 0, i32 0, i32 0, [8 x i8]* @str49)

ST_1: empty_97 [1/1] 0.00ns
:9  %empty_97 = call i32 (...)* @_ssdm_op_SpecFifo(i4* %AXI_video_strm_V_keep_V, [8 x i8]* @str48, i32 0, i32 0, i32 0, [8 x i8]* @str48)

ST_1: empty_98 [1/1] 0.00ns
:10  %empty_98 = call i32 (...)* @_ssdm_op_SpecFifo(i32* %AXI_video_strm_V_data_V, [8 x i8]* @str47, i32 0, i32 0, i32 0, [8 x i8]* @str47)

ST_1: stg_17 [1/1] 0.00ns
:11  call void (...)* @_ssdm_op_SpecIFCore(i32* %AXI_video_strm_V_data_V, i4* %AXI_video_strm_V_keep_V, i4* %AXI_video_strm_V_strb_V, i1* %AXI_video_strm_V_user_V, i1* %AXI_video_strm_V_last_V, i1* %AXI_video_strm_V_id_V, i1* %AXI_video_strm_V_dest_V, [1 x i8]* @p_str1805, [5 x i8]* @p_str1806, [1 x i8]* @p_str1805, [1 x i8]* @p_str1805, [1 x i8]* @p_str1805, [26 x i8]* @p_str1808)

ST_1: img_cols_V_read_2 [1/1] 0.00ns
:12  %img_cols_V_read_2 = call i12 @_ssdm_op_Read.ap_auto.i12(i12 %img_cols_V_read)

ST_1: img_rows_V_read_2 [1/1] 0.00ns
:13  %img_rows_V_read_2 = call i12 @_ssdm_op_Read.ap_auto.i12(i12 %img_rows_V_read)

ST_1: tmp_cast [1/1] 0.00ns
:14  %tmp_cast = zext i12 %img_cols_V_read_2 to i13

ST_1: op2_assign [1/1] 1.84ns
:15  %op2_assign = add i13 %tmp_cast, -1

ST_1: stg_22 [1/1] 1.30ns
:16  store i1 true, i1* %tmp_user_V, align 1

ST_1: stg_23 [1/1] 1.39ns
:17  br label %1


 <State 2>: 2.14ns
ST_2: p_s [1/1] 0.00ns
:0  %p_s = phi i12 [ 0, %0 ], [ %i_V, %4 ]

ST_2: exitcond3 [1/1] 2.14ns
:1  %exitcond3 = icmp eq i12 %p_s, %img_rows_V_read_2

ST_2: i_V [1/1] 1.84ns
:2  %i_V = add i12 %p_s, 1

ST_2: stg_27 [1/1] 0.00ns
:3  br i1 %exitcond3, label %5, label %2

ST_2: stg_28 [1/1] 0.00ns
:0  call void (...)* @_ssdm_op_SpecLoopName([12 x i8]* @p_str1815) nounwind

ST_2: tmp_s [1/1] 0.00ns
:1  %tmp_s = call i32 (...)* @_ssdm_op_SpecRegionBegin([12 x i8]* @p_str1815)

ST_2: stg_30 [1/1] 0.00ns
:2  call void (...)* @_ssdm_op_SpecLoopTripCount(i32 0, i32 1080, i32 0, [1 x i8]* @p_str1805) nounwind

ST_2: stg_31 [1/1] 1.39ns
:3  br label %3

ST_2: stg_32 [1/1] 0.00ns
:0  ret void


 <State 3>: 2.18ns
ST_3: p_3 [1/1] 0.00ns
:0  %p_3 = phi i12 [ 0, %2 ], [ %j_V, %"operator>>.exit" ]

ST_3: exitcond4 [1/1] 2.14ns
:1  %exitcond4 = icmp eq i12 %p_3, %img_cols_V_read_2

ST_3: j_V [1/1] 1.84ns
:2  %j_V = add i12 %p_3, 1

ST_3: stg_36 [1/1] 0.00ns
:3  br i1 %exitcond4, label %4, label %"operator>>.exit"

ST_3: tmp_cast_99 [1/1] 0.00ns
operator>>.exit:5  %tmp_cast_99 = zext i12 %p_3 to i13

ST_3: axi_last_V [1/1] 2.18ns
operator>>.exit:6  %axi_last_V = icmp eq i13 %tmp_cast_99, %op2_assign


 <State 4>: 1.70ns
ST_4: tmp_user_V_load [1/1] 0.00ns
operator>>.exit:0  %tmp_user_V_load = load i1* %tmp_user_V, align 1

ST_4: stg_40 [1/1] 0.00ns
operator>>.exit:1  call void (...)* @_ssdm_op_SpecLoopName([11 x i8]* @p_str1816) nounwind

ST_4: tmp_1 [1/1] 0.00ns
operator>>.exit:2  %tmp_1 = call i32 (...)* @_ssdm_op_SpecRegionBegin([11 x i8]* @p_str1816)

ST_4: stg_42 [1/1] 0.00ns
operator>>.exit:3  call void (...)* @_ssdm_op_SpecLoopTripCount(i32 0, i32 1920, i32 0, [1 x i8]* @p_str1805) nounwind

ST_4: stg_43 [1/1] 0.00ns
operator>>.exit:4  call void (...)* @_ssdm_op_SpecPipeline(i32 1, i32 1, i32 1, [1 x i8]* @p_str1805) nounwind

ST_4: tmp_16 [1/1] 1.70ns
operator>>.exit:7  %tmp_16 = call i8 @_ssdm_op_Read.ap_fifo.volatile.i8P(i8* %img_data_stream_0_V)

ST_4: tmp_17 [1/1] 1.70ns
operator>>.exit:8  %tmp_17 = call i8 @_ssdm_op_Read.ap_fifo.volatile.i8P(i8* %img_data_stream_1_V)

ST_4: tmp [1/1] 1.70ns
operator>>.exit:9  %tmp = call i8 @_ssdm_op_Read.ap_fifo.volatile.i8P(i8* %img_data_stream_2_V)

ST_4: tmp_data_V [1/1] 0.00ns
operator>>.exit:10  %tmp_data_V = call i32 @_ssdm_op_BitConcatenate.i32.i8.i8.i8.i8(i8 -1, i8 %tmp, i8 %tmp_17, i8 %tmp_16)

ST_4: stg_48 [1/1] 0.00ns
operator>>.exit:11  call void @_ssdm_op_Write.ap_fifo.volatile.i32P.i4P.i4P.i1P.i1P.i1P.i1P(i32* %AXI_video_strm_V_data_V, i4* %AXI_video_strm_V_keep_V, i4* %AXI_video_strm_V_strb_V, i1* %AXI_video_strm_V_user_V, i1* %AXI_video_strm_V_last_V, i1* %AXI_video_strm_V_id_V, i1* %AXI_video_strm_V_dest_V, i32 %tmp_data_V, i4 -1, i4 undef, i1 %tmp_user_V_load, i1 %axi_last_V, i1 undef, i1 undef)

ST_4: empty_100 [1/1] 0.00ns
operator>>.exit:12  %empty_100 = call i32 (...)* @_ssdm_op_SpecRegionEnd([11 x i8]* @p_str1816, i32 %tmp_1)

ST_4: stg_50 [1/1] 1.30ns
operator>>.exit:13  store i1 false, i1* %tmp_user_V, align 1

ST_4: stg_51 [1/1] 0.00ns
operator>>.exit:14  br label %3


 <State 5>: 0.00ns
ST_5: empty_101 [1/1] 0.00ns
:0  %empty_101 = call i32 (...)* @_ssdm_op_SpecRegionEnd([12 x i8]* @p_str1815, i32 %tmp_s)

ST_5: stg_53 [1/1] 0.00ns
:1  br label %1



============================================================
+ Verbose Summary: Binding
============================================================
N/A
* FSMD analyzer results:
  - Output states:
  - Chain level:
	State 1
	State 2
	State 3
	State 4
	State 5


============================================================
+ Verbose Summary: Datapath Resource usage 
============================================================
N/A
