/nfs/TUEIEDAprojects/SystemDesign/work/zynq/mamatha/uzair_sharif/EDA_Munish/work_dir/dualCore_SOGRER_slow/videoProcessing_prj/implementation/system.ngc 1435717340
/nfs/TUEIEDAprojects/SystemDesign/work/zynq/mamatha/uzair_sharif/EDA_Munish/work_dir/dualCore_SOGRER_slow/videoProcessing_prj/implementation/system_cam_interface_0_wrapper.ngc 1435716797
/nfs/TUEIEDAprojects/SystemDesign/work/zynq/mamatha/uzair_sharif/EDA_Munish/work_dir/dualCore_SOGRER_slow/videoProcessing_prj/implementation/system_util_vector_logic_0_wrapper.ngc 1435716602
/nfs/TUEIEDAprojects/SystemDesign/work/zynq/mamatha/uzair_sharif/EDA_Munish/work_dir/dualCore_SOGRER_slow/videoProcessing_prj/implementation/system_axi_i2s_adi_0_wrapper.ngc 1435716774
/nfs/TUEIEDAprojects/SystemDesign/work/zynq/mamatha/uzair_sharif/EDA_Munish/work_dir/dualCore_SOGRER_slow/videoProcessing_prj/implementation/system_processing_system7_0_wrapper.ngc 1435716600
/nfs/TUEIEDAprojects/SystemDesign/work/zynq/mamatha/uzair_sharif/EDA_Munish/work_dir/dualCore_SOGRER_slow/videoProcessing_prj/implementation/system_axi_dma_i2s_wrapper.ngc 1435716603
/nfs/TUEIEDAprojects/SystemDesign/work/zynq/mamatha/uzair_sharif/EDA_Munish/work_dir/dualCore_SOGRER_slow/videoProcessing_prj/implementation/system_axi_interconnect_1_wrapper.ngc 1435716601
/nfs/TUEIEDAprojects/SystemDesign/work/zynq/mamatha/uzair_sharif/EDA_Munish/work_dir/dualCore_SOGRER_slow/videoProcessing_prj/implementation/system_axi_interconnect_4_wrapper.ngc 1435716604
/nfs/TUEIEDAprojects/SystemDesign/work/zynq/mamatha/uzair_sharif/EDA_Munish/work_dir/dualCore_SOGRER_slow/videoProcessing_prj/implementation/system_axi_interconnect_2_wrapper.ngc 1435716601
/nfs/TUEIEDAprojects/SystemDesign/work/zynq/mamatha/uzair_sharif/EDA_Munish/work_dir/dualCore_SOGRER_slow/videoProcessing_prj/implementation/system_axi_interconnect_3_wrapper.ngc 1435716604
/nfs/TUEIEDAprojects/SystemDesign/work/zynq/mamatha/uzair_sharif/EDA_Munish/work_dir/dualCore_SOGRER_slow/videoProcessing_prj/implementation/system_axi_interconnect_0_wrapper.ngc 1435716601
/nfs/TUEIEDAprojects/SystemDesign/work/zynq/mamatha/uzair_sharif/EDA_Munish/work_dir/dualCore_SOGRER_slow/videoProcessing_prj/implementation/system_axi_clkgen_0_wrapper.ngc 1435716654
/nfs/TUEIEDAprojects/SystemDesign/work/zynq/mamatha/uzair_sharif/EDA_Munish/work_dir/dualCore_SOGRER_slow/videoProcessing_prj/implementation/system_clock_generator_0_wrapper.ngc 1435717282
/nfs/TUEIEDAprojects/SystemDesign/work/zynq/mamatha/uzair_sharif/EDA_Munish/work_dir/dualCore_SOGRER_slow/videoProcessing_prj/implementation/system_axi_vdma_0_wrapper.ngc 1435716601
/nfs/TUEIEDAprojects/SystemDesign/work/zynq/mamatha/uzair_sharif/EDA_Munish/work_dir/dualCore_SOGRER_slow/videoProcessing_prj/implementation/system_axi_hdmi_tx_16b_0_wrapper.ngc 1435716633
/nfs/TUEIEDAprojects/SystemDesign/work/zynq/mamatha/uzair_sharif/EDA_Munish/work_dir/dualCore_SOGRER_slow/videoProcessing_prj/implementation/system_axi_vdma_1_wrapper.ngc 1435717287
/nfs/TUEIEDAprojects/SystemDesign/work/zynq/mamatha/uzair_sharif/EDA_Munish/work_dir/dualCore_SOGRER_slow/videoProcessing_prj/implementation/system_gray_scale_top_0_wrapper.ngc 1435717276
/nfs/TUEIEDAprojects/SystemDesign/work/zynq/mamatha/uzair_sharif/EDA_Munish/work_dir/dualCore_SOGRER_slow/videoProcessing_prj/implementation/system_axi_iic_0_wrapper.ngc 1435716601
/nfs/TUEIEDAprojects/SystemDesign/work/zynq/mamatha/uzair_sharif/EDA_Munish/work_dir/dualCore_SOGRER_slow/videoProcessing_prj/implementation/system_util_i2c_mixer_0_wrapper.ngc 1435716784
OK
