/home/ga38qoh/EDA_Munish/work_dir/dualCore_grayscaleProcessing/videoProcessing_prj/implementation/system.ngc 1430219647
/home/ga38qoh/EDA_Munish/work_dir/dualCore_grayscaleProcessing/videoProcessing_prj/implementation/system_cam_interface_0_wrapper.ngc 1430218609
/home/ga38qoh/EDA_Munish/work_dir/dualCore_grayscaleProcessing/videoProcessing_prj/implementation/system_util_vector_logic_0_wrapper.ngc 1430218316
/home/ga38qoh/EDA_Munish/work_dir/dualCore_grayscaleProcessing/videoProcessing_prj/implementation/system_axi_i2s_adi_0_wrapper.ngc 1430218589
/home/ga38qoh/EDA_Munish/work_dir/dualCore_grayscaleProcessing/videoProcessing_prj/implementation/system_processing_system7_0_wrapper.ngc 1430218334
/home/ga38qoh/EDA_Munish/work_dir/dualCore_grayscaleProcessing/videoProcessing_prj/implementation/system_axi_dma_i2s_wrapper.ngc 1430218316
/home/ga38qoh/EDA_Munish/work_dir/dualCore_grayscaleProcessing/videoProcessing_prj/implementation/system_axi_interconnect_1_wrapper.ngc 1430219564
/home/ga38qoh/EDA_Munish/work_dir/dualCore_grayscaleProcessing/videoProcessing_prj/implementation/system_axi_interconnect_2_wrapper.ngc 1430218316
/home/ga38qoh/EDA_Munish/work_dir/dualCore_grayscaleProcessing/videoProcessing_prj/implementation/system_axi_interconnect_3_wrapper.ngc 1430219574
/home/ga38qoh/EDA_Munish/work_dir/dualCore_grayscaleProcessing/videoProcessing_prj/implementation/system_axi_interconnect_0_wrapper.ngc 1430218316
/home/ga38qoh/EDA_Munish/work_dir/dualCore_grayscaleProcessing/videoProcessing_prj/implementation/system_axi_clkgen_0_wrapper.ngc 1430218484
/home/ga38qoh/EDA_Munish/work_dir/dualCore_grayscaleProcessing/videoProcessing_prj/implementation/system_clock_generator_0_wrapper.ngc 1430219569
/home/ga38qoh/EDA_Munish/work_dir/dualCore_grayscaleProcessing/videoProcessing_prj/implementation/system_axi_vdma_0_wrapper.ngc 1430218316
/home/ga38qoh/EDA_Munish/work_dir/dualCore_grayscaleProcessing/videoProcessing_prj/implementation/system_axi_hdmi_tx_16b_0_wrapper.ngc 1430218469
/home/ga38qoh/EDA_Munish/work_dir/dualCore_grayscaleProcessing/videoProcessing_prj/implementation/system_axi_vdma_1_wrapper.ngc 1430218316
/home/ga38qoh/EDA_Munish/work_dir/dualCore_grayscaleProcessing/videoProcessing_prj/implementation/system_gray_scale_top_0_wrapper.ngc 1430219067
/home/ga38qoh/EDA_Munish/work_dir/dualCore_grayscaleProcessing/videoProcessing_prj/implementation/system_gray_scale_top_1_wrapper.ngc 1430219081
/home/ga38qoh/EDA_Munish/work_dir/dualCore_grayscaleProcessing/videoProcessing_prj/implementation/system_axi_vdma_2_wrapper.ngc 1430219580
/home/ga38qoh/EDA_Munish/work_dir/dualCore_grayscaleProcessing/videoProcessing_prj/implementation/system_axi_iic_0_wrapper.ngc 1430218316
/home/ga38qoh/EDA_Munish/work_dir/dualCore_grayscaleProcessing/videoProcessing_prj/implementation/system_util_i2c_mixer_0_wrapper.ngc 1430218597
OK
